[2025-02-03T10:19:23.069+0000] {local_task_job_runner.py:123} INFO - ::group::Pre task execution logs
[2025-02-03T10:19:23.083+0000] {taskinstance.py:2613} INFO - Dependencies all met for dep_context=non-requeueable deps ti=<TaskInstance: store_top_scorers.create_table manual__2025-02-03T10:18:38.597835+00:00 [queued]>
[2025-02-03T10:19:23.090+0000] {taskinstance.py:2613} INFO - Dependencies all met for dep_context=requeueable deps ti=<TaskInstance: store_top_scorers.create_table manual__2025-02-03T10:18:38.597835+00:00 [queued]>
[2025-02-03T10:19:23.091+0000] {taskinstance.py:2866} INFO - Starting attempt 1 of 4
[2025-02-03T10:19:23.104+0000] {taskinstance.py:2889} INFO - Executing <Task(PostgresOperator): create_table> on 2025-02-03 10:18:38.597835+00:00
[2025-02-03T10:19:23.113+0000] {warnings.py:112} WARNING - /home/***/.local/lib/python3.12/site-packages/***/task/task_runner/standard_task_runner.py:70: DeprecationWarning: This process (pid=148) is multi-threaded, use of fork() may lead to deadlocks in the child.
  pid = os.fork()

[2025-02-03T10:19:23.114+0000] {standard_task_runner.py:72} INFO - Started process 150 to run task
[2025-02-03T10:19:23.119+0000] {standard_task_runner.py:104} INFO - Running: ['***', 'tasks', 'run', 'store_top_scorers', 'create_table', 'manual__2025-02-03T10:18:38.597835+00:00', '--job-id', '17', '--raw', '--subdir', 'DAGS_FOLDER/top_scorer_dag.py', '--cfg-path', '/tmp/tmpjjjt97cd']
[2025-02-03T10:19:23.120+0000] {standard_task_runner.py:105} INFO - Job 17: Subtask create_table
[2025-02-03T10:19:23.186+0000] {task_command.py:467} INFO - Running <TaskInstance: store_top_scorers.create_table manual__2025-02-03T10:18:38.597835+00:00 [running]> on host 56596f446f27
[2025-02-03T10:19:23.329+0000] {taskinstance.py:3132} INFO - Exporting env vars: AIRFLOW_CTX_DAG_OWNER='***' AIRFLOW_CTX_DAG_ID='store_top_scorers' AIRFLOW_CTX_TASK_ID='create_table' AIRFLOW_CTX_EXECUTION_DATE='2025-02-03T10:18:38.597835+00:00' AIRFLOW_CTX_TRY_NUMBER='1' AIRFLOW_CTX_DAG_RUN_ID='manual__2025-02-03T10:18:38.597835+00:00'
[2025-02-03T10:19:23.331+0000] {logging_mixin.py:190} INFO - Task instance is in running state
[2025-02-03T10:19:23.332+0000] {logging_mixin.py:190} INFO -  Previous state of the Task instance: queued
[2025-02-03T10:19:23.333+0000] {logging_mixin.py:190} INFO - Current task name:create_table state:running start_date:2025-02-03 10:19:23.084008+00:00
[2025-02-03T10:19:23.334+0000] {logging_mixin.py:190} INFO - Dag name:store_top_scorers and current dag run status:running
[2025-02-03T10:19:23.335+0000] {taskinstance.py:731} INFO - ::endgroup::
[2025-02-03T10:19:23.336+0000] {sql.py:278} INFO - Executing: 
    CREATE TABLE IF NOT EXISTS top_scorers (
        id SERIAL PRIMARY KEY,
        league TEXT NOT NULL,
        player TEXT NOT NULL,
        position TEXT,
        club TEXT,
        goals INTEGER,
        appearances INTEGER
    );
    
[2025-02-03T10:19:23.347+0000] {base.py:84} INFO - Retrieving connection 'football_stats'
[2025-02-03T10:19:23.357+0000] {base.py:84} INFO - Retrieving connection 'football_stats'
[2025-02-03T10:19:23.363+0000] {sql.py:553} INFO - Running statement: 
    CREATE TABLE IF NOT EXISTS top_scorers (
        id SERIAL PRIMARY KEY,
        league TEXT NOT NULL,
        player TEXT NOT NULL,
        position TEXT,
        club TEXT,
        goals INTEGER,
        appearances INTEGER
    );
    , parameters: None
[2025-02-03T10:19:23.464+0000] {taskinstance.py:340} INFO - ::group::Post task execution logs
[2025-02-03T10:19:23.466+0000] {taskinstance.py:352} INFO - Marking task as SUCCESS. dag_id=store_top_scorers, task_id=create_table, run_id=manual__2025-02-03T10:18:38.597835+00:00, execution_date=20250203T101838, start_date=20250203T101923, end_date=20250203T101923
[2025-02-03T10:19:23.481+0000] {logging_mixin.py:190} INFO - Task instance in success state
[2025-02-03T10:19:23.484+0000] {logging_mixin.py:190} INFO -  Previous state of the Task instance: running
[2025-02-03T10:19:23.485+0000] {logging_mixin.py:190} INFO - Dag name:store_top_scorers queued_at:2025-02-03 10:18:38.747590+00:00
[2025-02-03T10:19:23.486+0000] {logging_mixin.py:190} INFO - Task hostname:56596f446f27 operator:PostgresOperator
[2025-02-03T10:19:23.531+0000] {local_task_job_runner.py:266} INFO - Task exited with return code 0
[2025-02-03T10:19:23.555+0000] {taskinstance.py:3895} INFO - 1 downstream tasks scheduled from follow-on schedule check
[2025-02-03T10:19:23.557+0000] {local_task_job_runner.py:245} INFO - ::endgroup::
