[2025-02-03T10:00:19.750+0000] {local_task_job_runner.py:123} INFO - ::group::Pre task execution logs
[2025-02-03T10:00:19.768+0000] {taskinstance.py:2613} INFO - Dependencies all met for dep_context=non-requeueable deps ti=<TaskInstance: store_top_scorers.fetch_top_scorers manual__2025-02-03T10:00:07.097901+00:00 [queued]>
[2025-02-03T10:00:19.774+0000] {taskinstance.py:2613} INFO - Dependencies all met for dep_context=requeueable deps ti=<TaskInstance: store_top_scorers.fetch_top_scorers manual__2025-02-03T10:00:07.097901+00:00 [queued]>
[2025-02-03T10:00:19.775+0000] {taskinstance.py:2866} INFO - Starting attempt 1 of 4
[2025-02-03T10:00:19.790+0000] {taskinstance.py:2889} INFO - Executing <Task(PythonOperator): fetch_top_scorers> on 2025-02-03 10:00:07.097901+00:00
[2025-02-03T10:00:19.821+0000] {warnings.py:112} WARNING - /home/***/.local/lib/python3.12/site-packages/***/task/task_runner/standard_task_runner.py:70: DeprecationWarning: This process (pid=111) is multi-threaded, use of fork() may lead to deadlocks in the child.
  pid = os.fork()

[2025-02-03T10:00:19.835+0000] {standard_task_runner.py:72} INFO - Started process 116 to run task
[2025-02-03T10:00:19.848+0000] {standard_task_runner.py:104} INFO - Running: ['***', 'tasks', 'run', 'store_top_scorers', 'fetch_top_scorers', 'manual__2025-02-03T10:00:07.097901+00:00', '--job-id', '5', '--raw', '--subdir', 'DAGS_FOLDER/top_scorer_dag.py', '--cfg-path', '/tmp/tmpj5hlzcib']
[2025-02-03T10:00:19.851+0000] {standard_task_runner.py:105} INFO - Job 5: Subtask fetch_top_scorers
[2025-02-03T10:00:20.014+0000] {task_command.py:467} INFO - Running <TaskInstance: store_top_scorers.fetch_top_scorers manual__2025-02-03T10:00:07.097901+00:00 [running]> on host 493c27767089
[2025-02-03T10:00:20.141+0000] {taskinstance.py:3132} INFO - Exporting env vars: AIRFLOW_CTX_DAG_OWNER='***' AIRFLOW_CTX_DAG_ID='store_top_scorers' AIRFLOW_CTX_TASK_ID='fetch_top_scorers' AIRFLOW_CTX_EXECUTION_DATE='2025-02-03T10:00:07.097901+00:00' AIRFLOW_CTX_TRY_NUMBER='1' AIRFLOW_CTX_DAG_RUN_ID='manual__2025-02-03T10:00:07.097901+00:00'
[2025-02-03T10:00:20.146+0000] {logging_mixin.py:190} INFO - Task instance is in running state
[2025-02-03T10:00:20.147+0000] {logging_mixin.py:190} INFO -  Previous state of the Task instance: queued
[2025-02-03T10:00:20.148+0000] {logging_mixin.py:190} INFO - Current task name:fetch_top_scorers state:running start_date:2025-02-03 10:00:19.769548+00:00
[2025-02-03T10:00:20.148+0000] {logging_mixin.py:190} INFO - Dag name:store_top_scorers and current dag run status:running
[2025-02-03T10:00:20.149+0000] {taskinstance.py:731} INFO - ::endgroup::
[2025-02-03T10:00:51.090+0000] {logging_mixin.py:190} INFO - Extracted data: [{'League': 'Premier League', 'Player': 'Mohamed SalahRight Winger', 'Club': 'Unknown', 'Goals': None, 'Appearances': None}, {'League': 'Premier League', 'Player': 'Erling HaalandCentre-Forward', 'Club': 'Unknown', 'Goals': None, 'Appearances': None}, {'League': 'Premier League', 'Player': 'Alexander IsakCentre-Forward', 'Club': 'Unknown', 'Goals': None, 'Appearances': None}, {'League': 'Premier League', 'Player': 'Chris WoodCentre-Forward', 'Club': 'Unknown', 'Goals': None, 'Appearances': None}, {'League': 'Premier League', 'Player': 'Cole PalmerAttacking Midfield', 'Club': 'Unknown', 'Goals': None, 'Appearances': None}]
[2025-02-03T10:00:51.111+0000] {python.py:240} INFO - Done. Returned value was: None
[2025-02-03T10:00:51.126+0000] {taskinstance.py:340} INFO - ::group::Post task execution logs
[2025-02-03T10:00:51.127+0000] {taskinstance.py:352} INFO - Marking task as SUCCESS. dag_id=store_top_scorers, task_id=fetch_top_scorers, run_id=manual__2025-02-03T10:00:07.097901+00:00, execution_date=20250203T100007, start_date=20250203T100019, end_date=20250203T100051
[2025-02-03T10:00:51.139+0000] {logging_mixin.py:190} INFO - Task instance in success state
[2025-02-03T10:00:51.140+0000] {logging_mixin.py:190} INFO -  Previous state of the Task instance: running
[2025-02-03T10:00:51.141+0000] {logging_mixin.py:190} INFO - Dag name:store_top_scorers queued_at:2025-02-03 10:00:07.158561+00:00
[2025-02-03T10:00:51.142+0000] {logging_mixin.py:190} INFO - Task hostname:493c27767089 operator:PythonOperator
[2025-02-03T10:00:51.182+0000] {local_task_job_runner.py:266} INFO - Task exited with return code 0
[2025-02-03T10:00:51.202+0000] {taskinstance.py:3895} INFO - 1 downstream tasks scheduled from follow-on schedule check
[2025-02-03T10:00:51.205+0000] {local_task_job_runner.py:245} INFO - ::endgroup::
