[2025-02-03T09:55:05.264+0000] {processor.py:186} INFO - Started process (PID=35) to work on /opt/airflow/dags/top_scorer_dag.py
[2025-02-03T09:55:05.276+0000] {processor.py:914} INFO - Processing file /opt/airflow/dags/top_scorer_dag.py for tasks to queue
[2025-02-03T09:55:05.295+0000] {logging_mixin.py:190} INFO - [2025-02-03T09:55:05.295+0000] {dagbag.py:588} INFO - Filling up the DagBag from /opt/airflow/dags/top_scorer_dag.py
[2025-02-03T09:55:07.035+0000] {processor.py:925} INFO - DAG(s) 'store_top_scorers' retrieved from /opt/airflow/dags/top_scorer_dag.py
[2025-02-03T09:55:08.089+0000] {logging_mixin.py:190} INFO - [2025-02-03T09:55:08.088+0000] {override.py:1911} INFO - Created Permission View: can edit on DAG:store_top_scorers
[2025-02-03T09:55:08.160+0000] {logging_mixin.py:190} INFO - [2025-02-03T09:55:08.160+0000] {override.py:1911} INFO - Created Permission View: can read on DAG:store_top_scorers
[2025-02-03T09:55:08.177+0000] {logging_mixin.py:190} INFO - [2025-02-03T09:55:08.176+0000] {override.py:1911} INFO - Created Permission View: can delete on DAG:store_top_scorers
[2025-02-03T09:55:08.205+0000] {logging_mixin.py:190} INFO - [2025-02-03T09:55:08.205+0000] {override.py:1911} INFO - Created Permission View: menu access on DAG Run:store_top_scorers
[2025-02-03T09:55:08.219+0000] {logging_mixin.py:190} INFO - [2025-02-03T09:55:08.219+0000] {override.py:1911} INFO - Created Permission View: can read on DAG Run:store_top_scorers
[2025-02-03T09:55:08.229+0000] {logging_mixin.py:190} INFO - [2025-02-03T09:55:08.228+0000] {override.py:1911} INFO - Created Permission View: can create on DAG Run:store_top_scorers
[2025-02-03T09:55:08.260+0000] {logging_mixin.py:190} INFO - [2025-02-03T09:55:08.260+0000] {override.py:1911} INFO - Created Permission View: can delete on DAG Run:store_top_scorers
[2025-02-03T09:55:08.261+0000] {logging_mixin.py:190} INFO - [2025-02-03T09:55:08.261+0000] {dag.py:3239} INFO - Sync 1 DAGs
[2025-02-03T09:55:08.283+0000] {logging_mixin.py:190} INFO - [2025-02-03T09:55:08.282+0000] {dag.py:3262} INFO - Creating ORM DAG for store_top_scorers
[2025-02-03T09:55:08.336+0000] {logging_mixin.py:190} INFO - [2025-02-03T09:55:08.336+0000] {dag.py:4180} INFO - Setting next_dagrun for store_top_scorers to 2025-02-02 00:00:00+00:00, run_after=2025-02-03 00:00:00+00:00
[2025-02-03T09:55:08.369+0000] {processor.py:208} INFO - Processing /opt/airflow/dags/top_scorer_dag.py took 3.141 seconds
[2025-02-03T09:55:38.886+0000] {processor.py:186} INFO - Started process (PID=101) to work on /opt/airflow/dags/top_scorer_dag.py
[2025-02-03T09:55:38.889+0000] {processor.py:914} INFO - Processing file /opt/airflow/dags/top_scorer_dag.py for tasks to queue
[2025-02-03T09:55:38.891+0000] {logging_mixin.py:190} INFO - [2025-02-03T09:55:38.891+0000] {dagbag.py:588} INFO - Filling up the DagBag from /opt/airflow/dags/top_scorer_dag.py
[2025-02-03T09:55:39.091+0000] {processor.py:925} INFO - DAG(s) 'store_top_scorers' retrieved from /opt/airflow/dags/top_scorer_dag.py
[2025-02-03T09:55:39.118+0000] {logging_mixin.py:190} INFO - [2025-02-03T09:55:39.118+0000] {dag.py:3239} INFO - Sync 1 DAGs
[2025-02-03T09:55:39.146+0000] {logging_mixin.py:190} INFO - [2025-02-03T09:55:39.146+0000] {dag.py:4180} INFO - Setting next_dagrun for store_top_scorers to 2025-02-02 00:00:00+00:00, run_after=2025-02-03 00:00:00+00:00
[2025-02-03T09:55:39.170+0000] {processor.py:208} INFO - Processing /opt/airflow/dags/top_scorer_dag.py took 0.289 seconds
[2025-02-03T09:56:09.614+0000] {processor.py:186} INFO - Started process (PID=165) to work on /opt/airflow/dags/top_scorer_dag.py
[2025-02-03T09:56:09.615+0000] {processor.py:914} INFO - Processing file /opt/airflow/dags/top_scorer_dag.py for tasks to queue
[2025-02-03T09:56:09.626+0000] {logging_mixin.py:190} INFO - [2025-02-03T09:56:09.619+0000] {dagbag.py:588} INFO - Filling up the DagBag from /opt/airflow/dags/top_scorer_dag.py
[2025-02-03T09:56:09.778+0000] {processor.py:925} INFO - DAG(s) 'store_top_scorers' retrieved from /opt/airflow/dags/top_scorer_dag.py
[2025-02-03T09:56:09.817+0000] {logging_mixin.py:190} INFO - [2025-02-03T09:56:09.816+0000] {dag.py:3239} INFO - Sync 1 DAGs
[2025-02-03T09:56:09.884+0000] {logging_mixin.py:190} INFO - [2025-02-03T09:56:09.884+0000] {dag.py:4180} INFO - Setting next_dagrun for store_top_scorers to 2025-02-02 00:00:00+00:00, run_after=2025-02-03 00:00:00+00:00
[2025-02-03T09:56:09.937+0000] {processor.py:208} INFO - Processing /opt/airflow/dags/top_scorer_dag.py took 0.329 seconds
[2025-02-03T09:56:40.413+0000] {processor.py:186} INFO - Started process (PID=228) to work on /opt/airflow/dags/top_scorer_dag.py
[2025-02-03T09:56:40.414+0000] {processor.py:914} INFO - Processing file /opt/airflow/dags/top_scorer_dag.py for tasks to queue
[2025-02-03T09:56:40.417+0000] {logging_mixin.py:190} INFO - [2025-02-03T09:56:40.416+0000] {dagbag.py:588} INFO - Filling up the DagBag from /opt/airflow/dags/top_scorer_dag.py
[2025-02-03T09:56:40.529+0000] {processor.py:925} INFO - DAG(s) 'store_top_scorers' retrieved from /opt/airflow/dags/top_scorer_dag.py
[2025-02-03T09:56:40.548+0000] {logging_mixin.py:190} INFO - [2025-02-03T09:56:40.547+0000] {dag.py:3239} INFO - Sync 1 DAGs
[2025-02-03T09:56:40.572+0000] {logging_mixin.py:190} INFO - [2025-02-03T09:56:40.572+0000] {dag.py:4180} INFO - Setting next_dagrun for store_top_scorers to 2025-02-02 00:00:00+00:00, run_after=2025-02-03 00:00:00+00:00
[2025-02-03T09:56:40.590+0000] {processor.py:208} INFO - Processing /opt/airflow/dags/top_scorer_dag.py took 0.184 seconds
[2025-02-03T09:57:10.730+0000] {processor.py:186} INFO - Started process (PID=292) to work on /opt/airflow/dags/top_scorer_dag.py
[2025-02-03T09:57:10.732+0000] {processor.py:914} INFO - Processing file /opt/airflow/dags/top_scorer_dag.py for tasks to queue
[2025-02-03T09:57:10.734+0000] {logging_mixin.py:190} INFO - [2025-02-03T09:57:10.733+0000] {dagbag.py:588} INFO - Filling up the DagBag from /opt/airflow/dags/top_scorer_dag.py
[2025-02-03T09:57:10.834+0000] {processor.py:925} INFO - DAG(s) 'store_top_scorers' retrieved from /opt/airflow/dags/top_scorer_dag.py
[2025-02-03T09:57:10.855+0000] {logging_mixin.py:190} INFO - [2025-02-03T09:57:10.854+0000] {dag.py:3239} INFO - Sync 1 DAGs
[2025-02-03T09:57:10.877+0000] {logging_mixin.py:190} INFO - [2025-02-03T09:57:10.877+0000] {dag.py:4180} INFO - Setting next_dagrun for store_top_scorers to 2025-02-02 00:00:00+00:00, run_after=2025-02-03 00:00:00+00:00
[2025-02-03T09:57:10.892+0000] {processor.py:208} INFO - Processing /opt/airflow/dags/top_scorer_dag.py took 0.169 seconds
[2025-02-03T09:57:41.578+0000] {processor.py:186} INFO - Started process (PID=356) to work on /opt/airflow/dags/top_scorer_dag.py
[2025-02-03T09:57:41.579+0000] {processor.py:914} INFO - Processing file /opt/airflow/dags/top_scorer_dag.py for tasks to queue
[2025-02-03T09:57:41.582+0000] {logging_mixin.py:190} INFO - [2025-02-03T09:57:41.581+0000] {dagbag.py:588} INFO - Filling up the DagBag from /opt/airflow/dags/top_scorer_dag.py
[2025-02-03T09:57:41.664+0000] {processor.py:925} INFO - DAG(s) 'store_top_scorers' retrieved from /opt/airflow/dags/top_scorer_dag.py
[2025-02-03T09:57:41.678+0000] {logging_mixin.py:190} INFO - [2025-02-03T09:57:41.678+0000] {dag.py:3239} INFO - Sync 1 DAGs
[2025-02-03T09:57:41.698+0000] {logging_mixin.py:190} INFO - [2025-02-03T09:57:41.698+0000] {dag.py:4180} INFO - Setting next_dagrun for store_top_scorers to 2025-02-02 00:00:00+00:00, run_after=2025-02-03 00:00:00+00:00
[2025-02-03T09:57:41.712+0000] {processor.py:208} INFO - Processing /opt/airflow/dags/top_scorer_dag.py took 0.139 seconds
[2025-02-03T09:58:12.360+0000] {processor.py:186} INFO - Started process (PID=420) to work on /opt/airflow/dags/top_scorer_dag.py
[2025-02-03T09:58:12.360+0000] {processor.py:914} INFO - Processing file /opt/airflow/dags/top_scorer_dag.py for tasks to queue
[2025-02-03T09:58:12.362+0000] {logging_mixin.py:190} INFO - [2025-02-03T09:58:12.362+0000] {dagbag.py:588} INFO - Filling up the DagBag from /opt/airflow/dags/top_scorer_dag.py
[2025-02-03T09:58:12.478+0000] {processor.py:925} INFO - DAG(s) 'store_top_scorers' retrieved from /opt/airflow/dags/top_scorer_dag.py
[2025-02-03T09:58:12.501+0000] {logging_mixin.py:190} INFO - [2025-02-03T09:58:12.500+0000] {dag.py:3239} INFO - Sync 1 DAGs
[2025-02-03T09:58:12.532+0000] {logging_mixin.py:190} INFO - [2025-02-03T09:58:12.532+0000] {dag.py:4180} INFO - Setting next_dagrun for store_top_scorers to 2025-02-02 00:00:00+00:00, run_after=2025-02-03 00:00:00+00:00
[2025-02-03T09:58:12.559+0000] {processor.py:208} INFO - Processing /opt/airflow/dags/top_scorer_dag.py took 0.204 seconds
[2025-02-03T09:58:42.949+0000] {processor.py:186} INFO - Started process (PID=485) to work on /opt/airflow/dags/top_scorer_dag.py
[2025-02-03T09:58:42.951+0000] {processor.py:914} INFO - Processing file /opt/airflow/dags/top_scorer_dag.py for tasks to queue
[2025-02-03T09:58:42.953+0000] {logging_mixin.py:190} INFO - [2025-02-03T09:58:42.953+0000] {dagbag.py:588} INFO - Filling up the DagBag from /opt/airflow/dags/top_scorer_dag.py
[2025-02-03T09:58:43.062+0000] {processor.py:925} INFO - DAG(s) 'store_top_scorers' retrieved from /opt/airflow/dags/top_scorer_dag.py
[2025-02-03T09:58:43.085+0000] {logging_mixin.py:190} INFO - [2025-02-03T09:58:43.085+0000] {dag.py:3239} INFO - Sync 1 DAGs
[2025-02-03T09:58:43.105+0000] {logging_mixin.py:190} INFO - [2025-02-03T09:58:43.105+0000] {dag.py:4180} INFO - Setting next_dagrun for store_top_scorers to 2025-02-02 00:00:00+00:00, run_after=2025-02-03 00:00:00+00:00
[2025-02-03T09:58:43.120+0000] {processor.py:208} INFO - Processing /opt/airflow/dags/top_scorer_dag.py took 0.176 seconds
[2025-02-03T09:59:13.667+0000] {processor.py:186} INFO - Started process (PID=549) to work on /opt/airflow/dags/top_scorer_dag.py
[2025-02-03T09:59:13.669+0000] {processor.py:914} INFO - Processing file /opt/airflow/dags/top_scorer_dag.py for tasks to queue
[2025-02-03T09:59:13.673+0000] {logging_mixin.py:190} INFO - [2025-02-03T09:59:13.672+0000] {dagbag.py:588} INFO - Filling up the DagBag from /opt/airflow/dags/top_scorer_dag.py
[2025-02-03T09:59:13.851+0000] {processor.py:925} INFO - DAG(s) 'store_top_scorers' retrieved from /opt/airflow/dags/top_scorer_dag.py
[2025-02-03T09:59:13.918+0000] {logging_mixin.py:190} INFO - [2025-02-03T09:59:13.918+0000] {dag.py:3239} INFO - Sync 1 DAGs
[2025-02-03T09:59:13.990+0000] {logging_mixin.py:190} INFO - [2025-02-03T09:59:13.990+0000] {dag.py:4180} INFO - Setting next_dagrun for store_top_scorers to 2025-02-02 00:00:00+00:00, run_after=2025-02-03 00:00:00+00:00
[2025-02-03T09:59:14.028+0000] {processor.py:208} INFO - Processing /opt/airflow/dags/top_scorer_dag.py took 0.365 seconds
[2025-02-03T09:59:44.324+0000] {processor.py:186} INFO - Started process (PID=613) to work on /opt/airflow/dags/top_scorer_dag.py
[2025-02-03T09:59:44.325+0000] {processor.py:914} INFO - Processing file /opt/airflow/dags/top_scorer_dag.py for tasks to queue
[2025-02-03T09:59:44.328+0000] {logging_mixin.py:190} INFO - [2025-02-03T09:59:44.327+0000] {dagbag.py:588} INFO - Filling up the DagBag from /opt/airflow/dags/top_scorer_dag.py
[2025-02-03T09:59:44.425+0000] {processor.py:925} INFO - DAG(s) 'store_top_scorers' retrieved from /opt/airflow/dags/top_scorer_dag.py
[2025-02-03T09:59:44.442+0000] {logging_mixin.py:190} INFO - [2025-02-03T09:59:44.442+0000] {dag.py:3239} INFO - Sync 1 DAGs
[2025-02-03T09:59:44.469+0000] {logging_mixin.py:190} INFO - [2025-02-03T09:59:44.469+0000] {dag.py:4180} INFO - Setting next_dagrun for store_top_scorers to 2025-02-02 00:00:00+00:00, run_after=2025-02-03 00:00:00+00:00
[2025-02-03T09:59:44.494+0000] {processor.py:208} INFO - Processing /opt/airflow/dags/top_scorer_dag.py took 0.177 seconds
[2025-02-03T10:00:14.590+0000] {processor.py:186} INFO - Started process (PID=677) to work on /opt/airflow/dags/top_scorer_dag.py
[2025-02-03T10:00:14.597+0000] {processor.py:914} INFO - Processing file /opt/airflow/dags/top_scorer_dag.py for tasks to queue
[2025-02-03T10:00:14.601+0000] {logging_mixin.py:190} INFO - [2025-02-03T10:00:14.600+0000] {dagbag.py:588} INFO - Filling up the DagBag from /opt/airflow/dags/top_scorer_dag.py
[2025-02-03T10:00:14.875+0000] {processor.py:925} INFO - DAG(s) 'store_top_scorers' retrieved from /opt/airflow/dags/top_scorer_dag.py
[2025-02-03T10:00:14.928+0000] {logging_mixin.py:190} INFO - [2025-02-03T10:00:14.927+0000] {dag.py:3239} INFO - Sync 1 DAGs
[2025-02-03T10:00:14.966+0000] {logging_mixin.py:190} INFO - [2025-02-03T10:00:14.966+0000] {dag.py:4180} INFO - Setting next_dagrun for store_top_scorers to 2025-02-03 00:00:00+00:00, run_after=2025-02-04 00:00:00+00:00
[2025-02-03T10:00:14.995+0000] {processor.py:208} INFO - Processing /opt/airflow/dags/top_scorer_dag.py took 0.418 seconds
[2025-02-03T10:00:45.878+0000] {processor.py:186} INFO - Started process (PID=742) to work on /opt/airflow/dags/top_scorer_dag.py
[2025-02-03T10:00:45.879+0000] {processor.py:914} INFO - Processing file /opt/airflow/dags/top_scorer_dag.py for tasks to queue
[2025-02-03T10:00:45.882+0000] {logging_mixin.py:190} INFO - [2025-02-03T10:00:45.882+0000] {dagbag.py:588} INFO - Filling up the DagBag from /opt/airflow/dags/top_scorer_dag.py
[2025-02-03T10:00:46.012+0000] {processor.py:925} INFO - DAG(s) 'store_top_scorers' retrieved from /opt/airflow/dags/top_scorer_dag.py
[2025-02-03T10:00:46.029+0000] {logging_mixin.py:190} INFO - [2025-02-03T10:00:46.029+0000] {dag.py:3239} INFO - Sync 1 DAGs
[2025-02-03T10:00:46.054+0000] {logging_mixin.py:190} INFO - [2025-02-03T10:00:46.053+0000] {dag.py:4180} INFO - Setting next_dagrun for store_top_scorers to 2025-02-03 00:00:00+00:00, run_after=2025-02-04 00:00:00+00:00
[2025-02-03T10:00:46.070+0000] {processor.py:208} INFO - Processing /opt/airflow/dags/top_scorer_dag.py took 0.197 seconds
[2025-02-03T10:01:17.055+0000] {processor.py:186} INFO - Started process (PID=806) to work on /opt/airflow/dags/top_scorer_dag.py
[2025-02-03T10:01:17.056+0000] {processor.py:914} INFO - Processing file /opt/airflow/dags/top_scorer_dag.py for tasks to queue
[2025-02-03T10:01:17.058+0000] {logging_mixin.py:190} INFO - [2025-02-03T10:01:17.058+0000] {dagbag.py:588} INFO - Filling up the DagBag from /opt/airflow/dags/top_scorer_dag.py
[2025-02-03T10:01:17.162+0000] {processor.py:925} INFO - DAG(s) 'store_top_scorers' retrieved from /opt/airflow/dags/top_scorer_dag.py
[2025-02-03T10:01:17.188+0000] {logging_mixin.py:190} INFO - [2025-02-03T10:01:17.187+0000] {dag.py:3239} INFO - Sync 1 DAGs
[2025-02-03T10:01:17.207+0000] {logging_mixin.py:190} INFO - [2025-02-03T10:01:17.207+0000] {dag.py:4180} INFO - Setting next_dagrun for store_top_scorers to 2025-02-03 00:00:00+00:00, run_after=2025-02-04 00:00:00+00:00
[2025-02-03T10:01:17.230+0000] {processor.py:208} INFO - Processing /opt/airflow/dags/top_scorer_dag.py took 0.181 seconds
[2025-02-03T10:01:47.545+0000] {processor.py:186} INFO - Started process (PID=864) to work on /opt/airflow/dags/top_scorer_dag.py
[2025-02-03T10:01:47.549+0000] {processor.py:914} INFO - Processing file /opt/airflow/dags/top_scorer_dag.py for tasks to queue
[2025-02-03T10:01:47.563+0000] {logging_mixin.py:190} INFO - [2025-02-03T10:01:47.562+0000] {dagbag.py:588} INFO - Filling up the DagBag from /opt/airflow/dags/top_scorer_dag.py
[2025-02-03T10:01:47.764+0000] {processor.py:925} INFO - DAG(s) 'store_top_scorers' retrieved from /opt/airflow/dags/top_scorer_dag.py
[2025-02-03T10:01:47.789+0000] {logging_mixin.py:190} INFO - [2025-02-03T10:01:47.789+0000] {dag.py:3239} INFO - Sync 1 DAGs
[2025-02-03T10:01:47.809+0000] {logging_mixin.py:190} INFO - [2025-02-03T10:01:47.809+0000] {dag.py:4180} INFO - Setting next_dagrun for store_top_scorers to 2025-02-03 00:00:00+00:00, run_after=2025-02-04 00:00:00+00:00
[2025-02-03T10:01:47.829+0000] {processor.py:208} INFO - Processing /opt/airflow/dags/top_scorer_dag.py took 0.303 seconds
[2025-02-03T10:02:18.030+0000] {processor.py:186} INFO - Started process (PID=898) to work on /opt/airflow/dags/top_scorer_dag.py
[2025-02-03T10:02:18.031+0000] {processor.py:914} INFO - Processing file /opt/airflow/dags/top_scorer_dag.py for tasks to queue
[2025-02-03T10:02:18.033+0000] {logging_mixin.py:190} INFO - [2025-02-03T10:02:18.033+0000] {dagbag.py:588} INFO - Filling up the DagBag from /opt/airflow/dags/top_scorer_dag.py
[2025-02-03T10:02:18.121+0000] {processor.py:925} INFO - DAG(s) 'store_top_scorers' retrieved from /opt/airflow/dags/top_scorer_dag.py
[2025-02-03T10:02:18.141+0000] {logging_mixin.py:190} INFO - [2025-02-03T10:02:18.140+0000] {dag.py:3239} INFO - Sync 1 DAGs
[2025-02-03T10:02:18.159+0000] {logging_mixin.py:190} INFO - [2025-02-03T10:02:18.158+0000] {dag.py:4180} INFO - Setting next_dagrun for store_top_scorers to 2025-02-03 00:00:00+00:00, run_after=2025-02-04 00:00:00+00:00
[2025-02-03T10:02:18.175+0000] {processor.py:208} INFO - Processing /opt/airflow/dags/top_scorer_dag.py took 0.150 seconds
[2025-02-03T10:02:48.754+0000] {processor.py:186} INFO - Started process (PID=960) to work on /opt/airflow/dags/top_scorer_dag.py
[2025-02-03T10:02:48.755+0000] {processor.py:914} INFO - Processing file /opt/airflow/dags/top_scorer_dag.py for tasks to queue
[2025-02-03T10:02:48.757+0000] {logging_mixin.py:190} INFO - [2025-02-03T10:02:48.757+0000] {dagbag.py:588} INFO - Filling up the DagBag from /opt/airflow/dags/top_scorer_dag.py
[2025-02-03T10:02:48.863+0000] {processor.py:925} INFO - DAG(s) 'store_top_scorers' retrieved from /opt/airflow/dags/top_scorer_dag.py
[2025-02-03T10:02:48.893+0000] {logging_mixin.py:190} INFO - [2025-02-03T10:02:48.892+0000] {dag.py:3239} INFO - Sync 1 DAGs
[2025-02-03T10:02:48.934+0000] {logging_mixin.py:190} INFO - [2025-02-03T10:02:48.934+0000] {dag.py:4180} INFO - Setting next_dagrun for store_top_scorers to 2025-02-03 00:00:00+00:00, run_after=2025-02-04 00:00:00+00:00
[2025-02-03T10:02:48.972+0000] {processor.py:208} INFO - Processing /opt/airflow/dags/top_scorer_dag.py took 0.224 seconds
[2025-02-03T10:03:19.157+0000] {processor.py:186} INFO - Started process (PID=1024) to work on /opt/airflow/dags/top_scorer_dag.py
[2025-02-03T10:03:19.158+0000] {processor.py:914} INFO - Processing file /opt/airflow/dags/top_scorer_dag.py for tasks to queue
[2025-02-03T10:03:19.160+0000] {logging_mixin.py:190} INFO - [2025-02-03T10:03:19.160+0000] {dagbag.py:588} INFO - Filling up the DagBag from /opt/airflow/dags/top_scorer_dag.py
[2025-02-03T10:03:19.248+0000] {processor.py:925} INFO - DAG(s) 'store_top_scorers' retrieved from /opt/airflow/dags/top_scorer_dag.py
[2025-02-03T10:03:19.265+0000] {logging_mixin.py:190} INFO - [2025-02-03T10:03:19.265+0000] {dag.py:3239} INFO - Sync 1 DAGs
[2025-02-03T10:03:19.288+0000] {logging_mixin.py:190} INFO - [2025-02-03T10:03:19.288+0000] {dag.py:4180} INFO - Setting next_dagrun for store_top_scorers to 2025-02-03 00:00:00+00:00, run_after=2025-02-04 00:00:00+00:00
[2025-02-03T10:03:19.303+0000] {processor.py:208} INFO - Processing /opt/airflow/dags/top_scorer_dag.py took 0.152 seconds
[2025-02-03T10:03:50.007+0000] {processor.py:186} INFO - Started process (PID=1087) to work on /opt/airflow/dags/top_scorer_dag.py
[2025-02-03T10:03:50.008+0000] {processor.py:914} INFO - Processing file /opt/airflow/dags/top_scorer_dag.py for tasks to queue
[2025-02-03T10:03:50.011+0000] {logging_mixin.py:190} INFO - [2025-02-03T10:03:50.010+0000] {dagbag.py:588} INFO - Filling up the DagBag from /opt/airflow/dags/top_scorer_dag.py
[2025-02-03T10:03:50.105+0000] {processor.py:925} INFO - DAG(s) 'store_top_scorers' retrieved from /opt/airflow/dags/top_scorer_dag.py
[2025-02-03T10:03:50.122+0000] {logging_mixin.py:190} INFO - [2025-02-03T10:03:50.121+0000] {dag.py:3239} INFO - Sync 1 DAGs
[2025-02-03T10:03:50.139+0000] {logging_mixin.py:190} INFO - [2025-02-03T10:03:50.139+0000] {dag.py:4180} INFO - Setting next_dagrun for store_top_scorers to 2025-02-03 00:00:00+00:00, run_after=2025-02-04 00:00:00+00:00
[2025-02-03T10:03:50.159+0000] {processor.py:208} INFO - Processing /opt/airflow/dags/top_scorer_dag.py took 0.157 seconds
[2025-02-03T10:04:21.119+0000] {processor.py:186} INFO - Started process (PID=1150) to work on /opt/airflow/dags/top_scorer_dag.py
[2025-02-03T10:04:21.122+0000] {processor.py:914} INFO - Processing file /opt/airflow/dags/top_scorer_dag.py for tasks to queue
[2025-02-03T10:04:21.125+0000] {logging_mixin.py:190} INFO - [2025-02-03T10:04:21.125+0000] {dagbag.py:588} INFO - Filling up the DagBag from /opt/airflow/dags/top_scorer_dag.py
[2025-02-03T10:04:21.248+0000] {processor.py:925} INFO - DAG(s) 'store_top_scorers' retrieved from /opt/airflow/dags/top_scorer_dag.py
[2025-02-03T10:04:21.271+0000] {logging_mixin.py:190} INFO - [2025-02-03T10:04:21.271+0000] {dag.py:3239} INFO - Sync 1 DAGs
[2025-02-03T10:04:21.303+0000] {logging_mixin.py:190} INFO - [2025-02-03T10:04:21.303+0000] {dag.py:4180} INFO - Setting next_dagrun for store_top_scorers to 2025-02-03 00:00:00+00:00, run_after=2025-02-04 00:00:00+00:00
[2025-02-03T10:04:21.324+0000] {processor.py:208} INFO - Processing /opt/airflow/dags/top_scorer_dag.py took 0.212 seconds
[2025-02-03T10:04:51.654+0000] {processor.py:186} INFO - Started process (PID=1214) to work on /opt/airflow/dags/top_scorer_dag.py
[2025-02-03T10:04:51.655+0000] {processor.py:914} INFO - Processing file /opt/airflow/dags/top_scorer_dag.py for tasks to queue
[2025-02-03T10:04:51.657+0000] {logging_mixin.py:190} INFO - [2025-02-03T10:04:51.657+0000] {dagbag.py:588} INFO - Filling up the DagBag from /opt/airflow/dags/top_scorer_dag.py
[2025-02-03T10:04:51.744+0000] {processor.py:925} INFO - DAG(s) 'store_top_scorers' retrieved from /opt/airflow/dags/top_scorer_dag.py
[2025-02-03T10:04:51.763+0000] {logging_mixin.py:190} INFO - [2025-02-03T10:04:51.762+0000] {dag.py:3239} INFO - Sync 1 DAGs
[2025-02-03T10:04:51.783+0000] {logging_mixin.py:190} INFO - [2025-02-03T10:04:51.783+0000] {dag.py:4180} INFO - Setting next_dagrun for store_top_scorers to 2025-02-03 00:00:00+00:00, run_after=2025-02-04 00:00:00+00:00
[2025-02-03T10:04:51.802+0000] {processor.py:208} INFO - Processing /opt/airflow/dags/top_scorer_dag.py took 0.152 seconds
[2025-02-03T10:05:22.268+0000] {processor.py:186} INFO - Started process (PID=1278) to work on /opt/airflow/dags/top_scorer_dag.py
[2025-02-03T10:05:22.270+0000] {processor.py:914} INFO - Processing file /opt/airflow/dags/top_scorer_dag.py for tasks to queue
[2025-02-03T10:05:22.273+0000] {logging_mixin.py:190} INFO - [2025-02-03T10:05:22.273+0000] {dagbag.py:588} INFO - Filling up the DagBag from /opt/airflow/dags/top_scorer_dag.py
[2025-02-03T10:05:22.396+0000] {processor.py:925} INFO - DAG(s) 'store_top_scorers' retrieved from /opt/airflow/dags/top_scorer_dag.py
[2025-02-03T10:05:22.418+0000] {logging_mixin.py:190} INFO - [2025-02-03T10:05:22.417+0000] {dag.py:3239} INFO - Sync 1 DAGs
[2025-02-03T10:05:22.437+0000] {logging_mixin.py:190} INFO - [2025-02-03T10:05:22.437+0000] {dag.py:4180} INFO - Setting next_dagrun for store_top_scorers to 2025-02-03 00:00:00+00:00, run_after=2025-02-04 00:00:00+00:00
[2025-02-03T10:05:22.454+0000] {processor.py:208} INFO - Processing /opt/airflow/dags/top_scorer_dag.py took 0.195 seconds
[2025-02-03T10:05:52.978+0000] {processor.py:186} INFO - Started process (PID=1342) to work on /opt/airflow/dags/top_scorer_dag.py
[2025-02-03T10:05:52.979+0000] {processor.py:914} INFO - Processing file /opt/airflow/dags/top_scorer_dag.py for tasks to queue
[2025-02-03T10:05:52.982+0000] {logging_mixin.py:190} INFO - [2025-02-03T10:05:52.981+0000] {dagbag.py:588} INFO - Filling up the DagBag from /opt/airflow/dags/top_scorer_dag.py
[2025-02-03T10:05:53.076+0000] {processor.py:925} INFO - DAG(s) 'store_top_scorers' retrieved from /opt/airflow/dags/top_scorer_dag.py
[2025-02-03T10:05:53.101+0000] {logging_mixin.py:190} INFO - [2025-02-03T10:05:53.101+0000] {dag.py:3239} INFO - Sync 1 DAGs
[2025-02-03T10:05:53.120+0000] {logging_mixin.py:190} INFO - [2025-02-03T10:05:53.120+0000] {dag.py:4180} INFO - Setting next_dagrun for store_top_scorers to 2025-02-03 00:00:00+00:00, run_after=2025-02-04 00:00:00+00:00
[2025-02-03T10:05:53.135+0000] {processor.py:208} INFO - Processing /opt/airflow/dags/top_scorer_dag.py took 0.163 seconds
[2025-02-03T10:06:23.203+0000] {processor.py:186} INFO - Started process (PID=1407) to work on /opt/airflow/dags/top_scorer_dag.py
[2025-02-03T10:06:23.204+0000] {processor.py:914} INFO - Processing file /opt/airflow/dags/top_scorer_dag.py for tasks to queue
[2025-02-03T10:06:23.207+0000] {logging_mixin.py:190} INFO - [2025-02-03T10:06:23.206+0000] {dagbag.py:588} INFO - Filling up the DagBag from /opt/airflow/dags/top_scorer_dag.py
[2025-02-03T10:06:23.298+0000] {processor.py:925} INFO - DAG(s) 'store_top_scorers' retrieved from /opt/airflow/dags/top_scorer_dag.py
[2025-02-03T10:06:23.316+0000] {logging_mixin.py:190} INFO - [2025-02-03T10:06:23.315+0000] {dag.py:3239} INFO - Sync 1 DAGs
[2025-02-03T10:06:23.334+0000] {logging_mixin.py:190} INFO - [2025-02-03T10:06:23.334+0000] {dag.py:4180} INFO - Setting next_dagrun for store_top_scorers to 2025-02-03 00:00:00+00:00, run_after=2025-02-04 00:00:00+00:00
[2025-02-03T10:06:23.352+0000] {processor.py:208} INFO - Processing /opt/airflow/dags/top_scorer_dag.py took 0.154 seconds
[2025-02-03T10:12:52.441+0000] {processor.py:186} INFO - Started process (PID=37) to work on /opt/airflow/dags/top_scorer_dag.py
[2025-02-03T10:12:52.468+0000] {processor.py:914} INFO - Processing file /opt/airflow/dags/top_scorer_dag.py for tasks to queue
[2025-02-03T10:12:52.474+0000] {logging_mixin.py:190} INFO - [2025-02-03T10:12:52.472+0000] {dagbag.py:588} INFO - Filling up the DagBag from /opt/airflow/dags/top_scorer_dag.py
[2025-02-03T10:12:53.331+0000] {processor.py:925} INFO - DAG(s) 'store_top_scorers' retrieved from /opt/airflow/dags/top_scorer_dag.py
[2025-02-03T10:12:53.952+0000] {logging_mixin.py:190} INFO - [2025-02-03T10:12:53.952+0000] {dag.py:3239} INFO - Sync 1 DAGs
[2025-02-03T10:12:53.999+0000] {logging_mixin.py:190} INFO - [2025-02-03T10:12:53.999+0000] {dag.py:4180} INFO - Setting next_dagrun for store_top_scorers to 2025-02-03 00:00:00+00:00, run_after=2025-02-04 00:00:00+00:00
[2025-02-03T10:12:54.044+0000] {processor.py:208} INFO - Processing /opt/airflow/dags/top_scorer_dag.py took 1.609 seconds
[2025-02-03T10:13:24.640+0000] {processor.py:186} INFO - Started process (PID=101) to work on /opt/airflow/dags/top_scorer_dag.py
[2025-02-03T10:13:24.641+0000] {processor.py:914} INFO - Processing file /opt/airflow/dags/top_scorer_dag.py for tasks to queue
[2025-02-03T10:13:24.644+0000] {logging_mixin.py:190} INFO - [2025-02-03T10:13:24.643+0000] {dagbag.py:588} INFO - Filling up the DagBag from /opt/airflow/dags/top_scorer_dag.py
[2025-02-03T10:13:24.756+0000] {processor.py:925} INFO - DAG(s) 'store_top_scorers' retrieved from /opt/airflow/dags/top_scorer_dag.py
[2025-02-03T10:13:24.771+0000] {logging_mixin.py:190} INFO - [2025-02-03T10:13:24.770+0000] {dag.py:3239} INFO - Sync 1 DAGs
[2025-02-03T10:13:24.789+0000] {logging_mixin.py:190} INFO - [2025-02-03T10:13:24.789+0000] {dag.py:4180} INFO - Setting next_dagrun for store_top_scorers to 2025-02-03 00:00:00+00:00, run_after=2025-02-04 00:00:00+00:00
[2025-02-03T10:13:24.808+0000] {processor.py:208} INFO - Processing /opt/airflow/dags/top_scorer_dag.py took 0.174 seconds
[2025-02-03T10:13:55.348+0000] {processor.py:186} INFO - Started process (PID=165) to work on /opt/airflow/dags/top_scorer_dag.py
[2025-02-03T10:13:55.350+0000] {processor.py:914} INFO - Processing file /opt/airflow/dags/top_scorer_dag.py for tasks to queue
[2025-02-03T10:13:55.365+0000] {logging_mixin.py:190} INFO - [2025-02-03T10:13:55.365+0000] {dagbag.py:588} INFO - Filling up the DagBag from /opt/airflow/dags/top_scorer_dag.py
[2025-02-03T10:13:55.553+0000] {processor.py:925} INFO - DAG(s) 'store_top_scorers' retrieved from /opt/airflow/dags/top_scorer_dag.py
[2025-02-03T10:13:55.579+0000] {logging_mixin.py:190} INFO - [2025-02-03T10:13:55.579+0000] {dag.py:3239} INFO - Sync 1 DAGs
[2025-02-03T10:13:55.607+0000] {logging_mixin.py:190} INFO - [2025-02-03T10:13:55.606+0000] {dag.py:4180} INFO - Setting next_dagrun for store_top_scorers to 2025-02-03 00:00:00+00:00, run_after=2025-02-04 00:00:00+00:00
[2025-02-03T10:13:55.646+0000] {processor.py:208} INFO - Processing /opt/airflow/dags/top_scorer_dag.py took 0.305 seconds
[2025-02-03T10:14:26.115+0000] {processor.py:186} INFO - Started process (PID=229) to work on /opt/airflow/dags/top_scorer_dag.py
[2025-02-03T10:14:26.116+0000] {processor.py:914} INFO - Processing file /opt/airflow/dags/top_scorer_dag.py for tasks to queue
[2025-02-03T10:14:26.126+0000] {logging_mixin.py:190} INFO - [2025-02-03T10:14:26.125+0000] {dagbag.py:588} INFO - Filling up the DagBag from /opt/airflow/dags/top_scorer_dag.py
[2025-02-03T10:14:26.226+0000] {processor.py:925} INFO - DAG(s) 'store_top_scorers' retrieved from /opt/airflow/dags/top_scorer_dag.py
[2025-02-03T10:14:26.243+0000] {logging_mixin.py:190} INFO - [2025-02-03T10:14:26.243+0000] {dag.py:3239} INFO - Sync 1 DAGs
[2025-02-03T10:14:26.262+0000] {logging_mixin.py:190} INFO - [2025-02-03T10:14:26.261+0000] {dag.py:4180} INFO - Setting next_dagrun for store_top_scorers to 2025-02-03 00:00:00+00:00, run_after=2025-02-04 00:00:00+00:00
[2025-02-03T10:14:26.281+0000] {processor.py:208} INFO - Processing /opt/airflow/dags/top_scorer_dag.py took 0.171 seconds
[2025-02-03T10:14:56.502+0000] {processor.py:186} INFO - Started process (PID=294) to work on /opt/airflow/dags/top_scorer_dag.py
[2025-02-03T10:14:56.503+0000] {processor.py:914} INFO - Processing file /opt/airflow/dags/top_scorer_dag.py for tasks to queue
[2025-02-03T10:14:56.506+0000] {logging_mixin.py:190} INFO - [2025-02-03T10:14:56.506+0000] {dagbag.py:588} INFO - Filling up the DagBag from /opt/airflow/dags/top_scorer_dag.py
[2025-02-03T10:14:56.602+0000] {processor.py:925} INFO - DAG(s) 'store_top_scorers' retrieved from /opt/airflow/dags/top_scorer_dag.py
[2025-02-03T10:14:56.619+0000] {logging_mixin.py:190} INFO - [2025-02-03T10:14:56.619+0000] {dag.py:3239} INFO - Sync 1 DAGs
[2025-02-03T10:14:56.652+0000] {logging_mixin.py:190} INFO - [2025-02-03T10:14:56.652+0000] {dag.py:4180} INFO - Setting next_dagrun for store_top_scorers to 2025-02-03 00:00:00+00:00, run_after=2025-02-04 00:00:00+00:00
[2025-02-03T10:14:56.669+0000] {processor.py:208} INFO - Processing /opt/airflow/dags/top_scorer_dag.py took 0.173 seconds
[2025-02-03T10:15:26.748+0000] {processor.py:186} INFO - Started process (PID=358) to work on /opt/airflow/dags/top_scorer_dag.py
[2025-02-03T10:15:26.749+0000] {processor.py:914} INFO - Processing file /opt/airflow/dags/top_scorer_dag.py for tasks to queue
[2025-02-03T10:15:26.751+0000] {logging_mixin.py:190} INFO - [2025-02-03T10:15:26.751+0000] {dagbag.py:588} INFO - Filling up the DagBag from /opt/airflow/dags/top_scorer_dag.py
[2025-02-03T10:15:26.887+0000] {processor.py:925} INFO - DAG(s) 'store_top_scorers' retrieved from /opt/airflow/dags/top_scorer_dag.py
[2025-02-03T10:15:26.910+0000] {logging_mixin.py:190} INFO - [2025-02-03T10:15:26.909+0000] {dag.py:3239} INFO - Sync 1 DAGs
[2025-02-03T10:15:26.928+0000] {logging_mixin.py:190} INFO - [2025-02-03T10:15:26.928+0000] {dag.py:4180} INFO - Setting next_dagrun for store_top_scorers to 2025-02-03 00:00:00+00:00, run_after=2025-02-04 00:00:00+00:00
[2025-02-03T10:15:26.947+0000] {processor.py:208} INFO - Processing /opt/airflow/dags/top_scorer_dag.py took 0.205 seconds
[2025-02-03T10:15:57.638+0000] {processor.py:186} INFO - Started process (PID=422) to work on /opt/airflow/dags/top_scorer_dag.py
[2025-02-03T10:15:57.640+0000] {processor.py:914} INFO - Processing file /opt/airflow/dags/top_scorer_dag.py for tasks to queue
[2025-02-03T10:15:57.645+0000] {logging_mixin.py:190} INFO - [2025-02-03T10:15:57.644+0000] {dagbag.py:588} INFO - Filling up the DagBag from /opt/airflow/dags/top_scorer_dag.py
[2025-02-03T10:15:57.773+0000] {processor.py:925} INFO - DAG(s) 'store_top_scorers' retrieved from /opt/airflow/dags/top_scorer_dag.py
[2025-02-03T10:15:57.793+0000] {logging_mixin.py:190} INFO - [2025-02-03T10:15:57.793+0000] {dag.py:3239} INFO - Sync 1 DAGs
[2025-02-03T10:15:57.813+0000] {logging_mixin.py:190} INFO - [2025-02-03T10:15:57.813+0000] {dag.py:4180} INFO - Setting next_dagrun for store_top_scorers to 2025-02-03 00:00:00+00:00, run_after=2025-02-04 00:00:00+00:00
[2025-02-03T10:15:57.827+0000] {processor.py:208} INFO - Processing /opt/airflow/dags/top_scorer_dag.py took 0.194 seconds
[2025-02-03T10:16:28.278+0000] {processor.py:186} INFO - Started process (PID=487) to work on /opt/airflow/dags/top_scorer_dag.py
[2025-02-03T10:16:28.280+0000] {processor.py:914} INFO - Processing file /opt/airflow/dags/top_scorer_dag.py for tasks to queue
[2025-02-03T10:16:28.282+0000] {logging_mixin.py:190} INFO - [2025-02-03T10:16:28.282+0000] {dagbag.py:588} INFO - Filling up the DagBag from /opt/airflow/dags/top_scorer_dag.py
[2025-02-03T10:16:28.367+0000] {processor.py:925} INFO - DAG(s) 'store_top_scorers' retrieved from /opt/airflow/dags/top_scorer_dag.py
[2025-02-03T10:16:28.385+0000] {logging_mixin.py:190} INFO - [2025-02-03T10:16:28.385+0000] {dag.py:3239} INFO - Sync 1 DAGs
[2025-02-03T10:16:28.403+0000] {logging_mixin.py:190} INFO - [2025-02-03T10:16:28.403+0000] {dag.py:4180} INFO - Setting next_dagrun for store_top_scorers to 2025-02-03 00:00:00+00:00, run_after=2025-02-04 00:00:00+00:00
[2025-02-03T10:16:28.417+0000] {processor.py:208} INFO - Processing /opt/airflow/dags/top_scorer_dag.py took 0.144 seconds
[2025-02-03T10:16:58.808+0000] {processor.py:186} INFO - Started process (PID=551) to work on /opt/airflow/dags/top_scorer_dag.py
[2025-02-03T10:16:58.809+0000] {processor.py:914} INFO - Processing file /opt/airflow/dags/top_scorer_dag.py for tasks to queue
[2025-02-03T10:16:58.812+0000] {logging_mixin.py:190} INFO - [2025-02-03T10:16:58.812+0000] {dagbag.py:588} INFO - Filling up the DagBag from /opt/airflow/dags/top_scorer_dag.py
[2025-02-03T10:16:58.910+0000] {processor.py:925} INFO - DAG(s) 'store_top_scorers' retrieved from /opt/airflow/dags/top_scorer_dag.py
[2025-02-03T10:16:58.931+0000] {logging_mixin.py:190} INFO - [2025-02-03T10:16:58.931+0000] {dag.py:3239} INFO - Sync 1 DAGs
[2025-02-03T10:16:58.953+0000] {logging_mixin.py:190} INFO - [2025-02-03T10:16:58.952+0000] {dag.py:4180} INFO - Setting next_dagrun for store_top_scorers to 2025-02-03 00:00:00+00:00, run_after=2025-02-04 00:00:00+00:00
[2025-02-03T10:16:58.971+0000] {processor.py:208} INFO - Processing /opt/airflow/dags/top_scorer_dag.py took 0.169 seconds
[2025-02-03T10:17:29.098+0000] {processor.py:186} INFO - Started process (PID=616) to work on /opt/airflow/dags/top_scorer_dag.py
[2025-02-03T10:17:29.099+0000] {processor.py:914} INFO - Processing file /opt/airflow/dags/top_scorer_dag.py for tasks to queue
[2025-02-03T10:17:29.103+0000] {logging_mixin.py:190} INFO - [2025-02-03T10:17:29.102+0000] {dagbag.py:588} INFO - Filling up the DagBag from /opt/airflow/dags/top_scorer_dag.py
[2025-02-03T10:17:29.198+0000] {processor.py:925} INFO - DAG(s) 'store_top_scorers' retrieved from /opt/airflow/dags/top_scorer_dag.py
[2025-02-03T10:17:29.214+0000] {logging_mixin.py:190} INFO - [2025-02-03T10:17:29.214+0000] {dag.py:3239} INFO - Sync 1 DAGs
[2025-02-03T10:17:29.233+0000] {logging_mixin.py:190} INFO - [2025-02-03T10:17:29.233+0000] {dag.py:4180} INFO - Setting next_dagrun for store_top_scorers to 2025-02-03 00:00:00+00:00, run_after=2025-02-04 00:00:00+00:00
[2025-02-03T10:17:29.250+0000] {processor.py:208} INFO - Processing /opt/airflow/dags/top_scorer_dag.py took 0.158 seconds
[2025-02-03T10:17:59.991+0000] {processor.py:186} INFO - Started process (PID=681) to work on /opt/airflow/dags/top_scorer_dag.py
[2025-02-03T10:17:59.992+0000] {processor.py:914} INFO - Processing file /opt/airflow/dags/top_scorer_dag.py for tasks to queue
[2025-02-03T10:17:59.995+0000] {logging_mixin.py:190} INFO - [2025-02-03T10:17:59.995+0000] {dagbag.py:588} INFO - Filling up the DagBag from /opt/airflow/dags/top_scorer_dag.py
[2025-02-03T10:18:00.084+0000] {processor.py:925} INFO - DAG(s) 'store_top_scorers' retrieved from /opt/airflow/dags/top_scorer_dag.py
[2025-02-03T10:18:00.100+0000] {logging_mixin.py:190} INFO - [2025-02-03T10:18:00.099+0000] {dag.py:3239} INFO - Sync 1 DAGs
[2025-02-03T10:18:00.120+0000] {logging_mixin.py:190} INFO - [2025-02-03T10:18:00.119+0000] {dag.py:4180} INFO - Setting next_dagrun for store_top_scorers to 2025-02-03 00:00:00+00:00, run_after=2025-02-04 00:00:00+00:00
[2025-02-03T10:18:00.140+0000] {processor.py:208} INFO - Processing /opt/airflow/dags/top_scorer_dag.py took 0.155 seconds
[2025-02-03T10:18:30.343+0000] {processor.py:186} INFO - Started process (PID=745) to work on /opt/airflow/dags/top_scorer_dag.py
[2025-02-03T10:18:30.344+0000] {processor.py:914} INFO - Processing file /opt/airflow/dags/top_scorer_dag.py for tasks to queue
[2025-02-03T10:18:30.347+0000] {logging_mixin.py:190} INFO - [2025-02-03T10:18:30.347+0000] {dagbag.py:588} INFO - Filling up the DagBag from /opt/airflow/dags/top_scorer_dag.py
[2025-02-03T10:18:30.547+0000] {processor.py:925} INFO - DAG(s) 'store_top_scorers' retrieved from /opt/airflow/dags/top_scorer_dag.py
[2025-02-03T10:18:30.584+0000] {logging_mixin.py:190} INFO - [2025-02-03T10:18:30.573+0000] {dag.py:3239} INFO - Sync 1 DAGs
[2025-02-03T10:18:30.629+0000] {logging_mixin.py:190} INFO - [2025-02-03T10:18:30.628+0000] {dag.py:4180} INFO - Setting next_dagrun for store_top_scorers to 2025-02-03 00:00:00+00:00, run_after=2025-02-04 00:00:00+00:00
[2025-02-03T10:18:30.653+0000] {processor.py:208} INFO - Processing /opt/airflow/dags/top_scorer_dag.py took 0.316 seconds
[2025-02-03T10:19:00.925+0000] {processor.py:186} INFO - Started process (PID=809) to work on /opt/airflow/dags/top_scorer_dag.py
[2025-02-03T10:19:00.927+0000] {processor.py:914} INFO - Processing file /opt/airflow/dags/top_scorer_dag.py for tasks to queue
[2025-02-03T10:19:00.930+0000] {logging_mixin.py:190} INFO - [2025-02-03T10:19:00.929+0000] {dagbag.py:588} INFO - Filling up the DagBag from /opt/airflow/dags/top_scorer_dag.py
[2025-02-03T10:19:01.022+0000] {processor.py:925} INFO - DAG(s) 'store_top_scorers' retrieved from /opt/airflow/dags/top_scorer_dag.py
[2025-02-03T10:19:01.039+0000] {logging_mixin.py:190} INFO - [2025-02-03T10:19:01.038+0000] {dag.py:3239} INFO - Sync 1 DAGs
[2025-02-03T10:19:01.059+0000] {logging_mixin.py:190} INFO - [2025-02-03T10:19:01.058+0000] {dag.py:4180} INFO - Setting next_dagrun for store_top_scorers to 2025-02-03 00:00:00+00:00, run_after=2025-02-04 00:00:00+00:00
[2025-02-03T10:19:01.084+0000] {processor.py:208} INFO - Processing /opt/airflow/dags/top_scorer_dag.py took 0.166 seconds
[2025-02-03T10:19:31.250+0000] {processor.py:186} INFO - Started process (PID=873) to work on /opt/airflow/dags/top_scorer_dag.py
[2025-02-03T10:19:31.251+0000] {processor.py:914} INFO - Processing file /opt/airflow/dags/top_scorer_dag.py for tasks to queue
[2025-02-03T10:19:31.255+0000] {logging_mixin.py:190} INFO - [2025-02-03T10:19:31.254+0000] {dagbag.py:588} INFO - Filling up the DagBag from /opt/airflow/dags/top_scorer_dag.py
[2025-02-03T10:19:31.365+0000] {processor.py:925} INFO - DAG(s) 'store_top_scorers' retrieved from /opt/airflow/dags/top_scorer_dag.py
[2025-02-03T10:19:31.390+0000] {logging_mixin.py:190} INFO - [2025-02-03T10:19:31.389+0000] {dag.py:3239} INFO - Sync 1 DAGs
[2025-02-03T10:19:31.408+0000] {logging_mixin.py:190} INFO - [2025-02-03T10:19:31.408+0000] {dag.py:4180} INFO - Setting next_dagrun for store_top_scorers to 2025-02-03 00:00:00+00:00, run_after=2025-02-04 00:00:00+00:00
[2025-02-03T10:19:31.437+0000] {processor.py:208} INFO - Processing /opt/airflow/dags/top_scorer_dag.py took 0.196 seconds
[2025-02-03T10:20:01.694+0000] {processor.py:186} INFO - Started process (PID=937) to work on /opt/airflow/dags/top_scorer_dag.py
[2025-02-03T10:20:01.696+0000] {processor.py:914} INFO - Processing file /opt/airflow/dags/top_scorer_dag.py for tasks to queue
[2025-02-03T10:20:01.699+0000] {logging_mixin.py:190} INFO - [2025-02-03T10:20:01.699+0000] {dagbag.py:588} INFO - Filling up the DagBag from /opt/airflow/dags/top_scorer_dag.py
[2025-02-03T10:20:01.800+0000] {processor.py:925} INFO - DAG(s) 'store_top_scorers' retrieved from /opt/airflow/dags/top_scorer_dag.py
[2025-02-03T10:20:01.818+0000] {logging_mixin.py:190} INFO - [2025-02-03T10:20:01.817+0000] {dag.py:3239} INFO - Sync 1 DAGs
[2025-02-03T10:20:01.839+0000] {logging_mixin.py:190} INFO - [2025-02-03T10:20:01.839+0000] {dag.py:4180} INFO - Setting next_dagrun for store_top_scorers to 2025-02-03 00:00:00+00:00, run_after=2025-02-04 00:00:00+00:00
[2025-02-03T10:20:01.860+0000] {processor.py:208} INFO - Processing /opt/airflow/dags/top_scorer_dag.py took 0.173 seconds
