[2025-02-03T10:18:41.155+0000] {local_task_job_runner.py:123} INFO - ::group::Pre task execution logs
[2025-02-03T10:18:41.168+0000] {taskinstance.py:2613} INFO - Dependencies all met for dep_context=non-requeueable deps ti=<TaskInstance: store_top_scorers.fetch_top_scorers manual__2025-02-03T10:18:38.597835+00:00 [queued]>
[2025-02-03T10:18:41.176+0000] {taskinstance.py:2613} INFO - Dependencies all met for dep_context=requeueable deps ti=<TaskInstance: store_top_scorers.fetch_top_scorers manual__2025-02-03T10:18:38.597835+00:00 [queued]>
[2025-02-03T10:18:41.176+0000] {taskinstance.py:2866} INFO - Starting attempt 1 of 4
[2025-02-03T10:18:41.189+0000] {taskinstance.py:2889} INFO - Executing <Task(PythonOperator): fetch_top_scorers> on 2025-02-03 10:18:38.597835+00:00
[2025-02-03T10:18:41.199+0000] {warnings.py:112} WARNING - /home/***/.local/lib/python3.12/site-packages/***/task/task_runner/standard_task_runner.py:70: DeprecationWarning: This process (pid=137) is multi-threaded, use of fork() may lead to deadlocks in the child.
  pid = os.fork()

[2025-02-03T10:18:41.201+0000] {standard_task_runner.py:72} INFO - Started process 139 to run task
[2025-02-03T10:18:41.201+0000] {standard_task_runner.py:104} INFO - Running: ['***', 'tasks', 'run', 'store_top_scorers', 'fetch_top_scorers', 'manual__2025-02-03T10:18:38.597835+00:00', '--job-id', '16', '--raw', '--subdir', 'DAGS_FOLDER/top_scorer_dag.py', '--cfg-path', '/tmp/tmpvjv5emw0']
[2025-02-03T10:18:41.203+0000] {standard_task_runner.py:105} INFO - Job 16: Subtask fetch_top_scorers
[2025-02-03T10:18:41.247+0000] {task_command.py:467} INFO - Running <TaskInstance: store_top_scorers.fetch_top_scorers manual__2025-02-03T10:18:38.597835+00:00 [running]> on host 56596f446f27
[2025-02-03T10:18:41.317+0000] {taskinstance.py:3132} INFO - Exporting env vars: AIRFLOW_CTX_DAG_OWNER='***' AIRFLOW_CTX_DAG_ID='store_top_scorers' AIRFLOW_CTX_TASK_ID='fetch_top_scorers' AIRFLOW_CTX_EXECUTION_DATE='2025-02-03T10:18:38.597835+00:00' AIRFLOW_CTX_TRY_NUMBER='1' AIRFLOW_CTX_DAG_RUN_ID='manual__2025-02-03T10:18:38.597835+00:00'
[2025-02-03T10:18:41.320+0000] {logging_mixin.py:190} INFO - Task instance is in running state
[2025-02-03T10:18:41.320+0000] {logging_mixin.py:190} INFO -  Previous state of the Task instance: queued
[2025-02-03T10:18:41.321+0000] {logging_mixin.py:190} INFO - Current task name:fetch_top_scorers state:running start_date:2025-02-03 10:18:41.169630+00:00
[2025-02-03T10:18:41.321+0000] {logging_mixin.py:190} INFO - Dag name:store_top_scorers and current dag run status:running
[2025-02-03T10:18:41.321+0000] {taskinstance.py:731} INFO - ::endgroup::
[2025-02-03T10:19:20.817+0000] {top_scorer_dag.py:101} INFO - Data successfully saved to /tmp/top_scorers.csv
[2025-02-03T10:19:20.819+0000] {python.py:240} INFO - Done. Returned value was: None
[2025-02-03T10:19:20.826+0000] {taskinstance.py:340} INFO - ::group::Post task execution logs
[2025-02-03T10:19:20.829+0000] {taskinstance.py:352} INFO - Marking task as SUCCESS. dag_id=store_top_scorers, task_id=fetch_top_scorers, run_id=manual__2025-02-03T10:18:38.597835+00:00, execution_date=20250203T101838, start_date=20250203T101841, end_date=20250203T101920
[2025-02-03T10:19:20.839+0000] {logging_mixin.py:190} INFO - Task instance in success state
[2025-02-03T10:19:20.843+0000] {logging_mixin.py:190} INFO -  Previous state of the Task instance: running
[2025-02-03T10:19:20.844+0000] {logging_mixin.py:190} INFO - Dag name:store_top_scorers queued_at:2025-02-03 10:18:38.747590+00:00
[2025-02-03T10:19:20.845+0000] {logging_mixin.py:190} INFO - Task hostname:56596f446f27 operator:PythonOperator
[2025-02-03T10:19:20.892+0000] {local_task_job_runner.py:266} INFO - Task exited with return code 0
[2025-02-03T10:19:20.919+0000] {taskinstance.py:3895} INFO - 1 downstream tasks scheduled from follow-on schedule check
[2025-02-03T10:19:20.923+0000] {local_task_job_runner.py:245} INFO - ::endgroup::
