[2025-02-03T09:44:36.526+0000] {processor.py:186} INFO - Started process (PID=85) to work on /home/airflow/.local/lib/python3.12/site-packages/airflow/example_dags/example_external_task_marker_dag.py
[2025-02-03T09:44:36.527+0000] {processor.py:914} INFO - Processing file /home/airflow/.local/lib/python3.12/site-packages/airflow/example_dags/example_external_task_marker_dag.py for tasks to queue
[2025-02-03T09:44:36.532+0000] {logging_mixin.py:190} INFO - [2025-02-03T09:44:36.532+0000] {dagbag.py:588} INFO - Filling up the DagBag from /home/airflow/.local/lib/python3.12/site-packages/airflow/example_dags/example_external_task_marker_dag.py
[2025-02-03T09:44:36.544+0000] {processor.py:925} INFO - DAG(s) 'example_external_task_marker_parent', 'example_external_task_marker_child' retrieved from /home/airflow/.local/lib/python3.12/site-packages/airflow/example_dags/example_external_task_marker_dag.py
[2025-02-03T09:44:36.630+0000] {logging_mixin.py:190} INFO - [2025-02-03T09:44:36.629+0000] {override.py:1911} INFO - Created Permission View: can edit on DAG:example_external_task_marker_parent
[2025-02-03T09:44:36.639+0000] {logging_mixin.py:190} INFO - [2025-02-03T09:44:36.639+0000] {override.py:1911} INFO - Created Permission View: can read on DAG:example_external_task_marker_parent
[2025-02-03T09:44:36.644+0000] {logging_mixin.py:190} INFO - [2025-02-03T09:44:36.644+0000] {override.py:1911} INFO - Created Permission View: can delete on DAG:example_external_task_marker_parent
[2025-02-03T09:44:36.652+0000] {logging_mixin.py:190} INFO - [2025-02-03T09:44:36.652+0000] {override.py:1911} INFO - Created Permission View: can read on DAG Run:example_external_task_marker_parent
[2025-02-03T09:44:36.659+0000] {logging_mixin.py:190} INFO - [2025-02-03T09:44:36.659+0000] {override.py:1911} INFO - Created Permission View: can delete on DAG Run:example_external_task_marker_parent
[2025-02-03T09:44:36.666+0000] {logging_mixin.py:190} INFO - [2025-02-03T09:44:36.666+0000] {override.py:1911} INFO - Created Permission View: can create on DAG Run:example_external_task_marker_parent
[2025-02-03T09:44:36.674+0000] {logging_mixin.py:190} INFO - [2025-02-03T09:44:36.673+0000] {override.py:1911} INFO - Created Permission View: menu access on DAG Run:example_external_task_marker_parent
[2025-02-03T09:44:36.686+0000] {logging_mixin.py:190} INFO - [2025-02-03T09:44:36.686+0000] {override.py:1911} INFO - Created Permission View: can edit on DAG:example_external_task_marker_child
[2025-02-03T09:44:36.697+0000] {logging_mixin.py:190} INFO - [2025-02-03T09:44:36.696+0000] {override.py:1911} INFO - Created Permission View: can read on DAG:example_external_task_marker_child
[2025-02-03T09:44:36.711+0000] {logging_mixin.py:190} INFO - [2025-02-03T09:44:36.711+0000] {override.py:1911} INFO - Created Permission View: can delete on DAG:example_external_task_marker_child
[2025-02-03T09:44:36.719+0000] {logging_mixin.py:190} INFO - [2025-02-03T09:44:36.719+0000] {override.py:1911} INFO - Created Permission View: can read on DAG Run:example_external_task_marker_child
[2025-02-03T09:44:36.725+0000] {logging_mixin.py:190} INFO - [2025-02-03T09:44:36.725+0000] {override.py:1911} INFO - Created Permission View: can delete on DAG Run:example_external_task_marker_child
[2025-02-03T09:44:36.731+0000] {logging_mixin.py:190} INFO - [2025-02-03T09:44:36.731+0000] {override.py:1911} INFO - Created Permission View: can create on DAG Run:example_external_task_marker_child
[2025-02-03T09:44:36.737+0000] {logging_mixin.py:190} INFO - [2025-02-03T09:44:36.736+0000] {override.py:1911} INFO - Created Permission View: menu access on DAG Run:example_external_task_marker_child
[2025-02-03T09:44:36.737+0000] {logging_mixin.py:190} INFO - [2025-02-03T09:44:36.737+0000] {dag.py:3239} INFO - Sync 2 DAGs
[2025-02-03T09:44:36.747+0000] {logging_mixin.py:190} INFO - [2025-02-03T09:44:36.747+0000] {dag.py:3262} INFO - Creating ORM DAG for example_external_task_marker_child
[2025-02-03T09:44:36.748+0000] {logging_mixin.py:190} INFO - [2025-02-03T09:44:36.748+0000] {dag.py:3262} INFO - Creating ORM DAG for example_external_task_marker_parent
[2025-02-03T09:44:36.749+0000] {logging_mixin.py:190} INFO - [2025-02-03T09:44:36.749+0000] {dag.py:4180} INFO - Setting next_dagrun for example_external_task_marker_child to None, run_after=None
[2025-02-03T09:44:36.750+0000] {logging_mixin.py:190} INFO - [2025-02-03T09:44:36.750+0000] {dag.py:4180} INFO - Setting next_dagrun for example_external_task_marker_parent to None, run_after=None
[2025-02-03T09:44:36.762+0000] {processor.py:208} INFO - Processing /home/airflow/.local/lib/python3.12/site-packages/airflow/example_dags/example_external_task_marker_dag.py took 0.249 seconds
[2025-02-03T09:45:16.330+0000] {processor.py:186} INFO - Started process (PID=147) to work on /home/airflow/.local/lib/python3.12/site-packages/airflow/example_dags/example_external_task_marker_dag.py
[2025-02-03T09:45:16.332+0000] {processor.py:914} INFO - Processing file /home/airflow/.local/lib/python3.12/site-packages/airflow/example_dags/example_external_task_marker_dag.py for tasks to queue
[2025-02-03T09:45:16.335+0000] {logging_mixin.py:190} INFO - [2025-02-03T09:45:16.334+0000] {dagbag.py:588} INFO - Filling up the DagBag from /home/airflow/.local/lib/python3.12/site-packages/airflow/example_dags/example_external_task_marker_dag.py
[2025-02-03T09:45:16.347+0000] {processor.py:925} INFO - DAG(s) 'example_external_task_marker_child', 'example_external_task_marker_parent' retrieved from /home/airflow/.local/lib/python3.12/site-packages/airflow/example_dags/example_external_task_marker_dag.py
[2025-02-03T09:45:16.375+0000] {logging_mixin.py:190} INFO - [2025-02-03T09:45:16.374+0000] {dag.py:3239} INFO - Sync 2 DAGs
[2025-02-03T09:45:16.395+0000] {logging_mixin.py:190} INFO - [2025-02-03T09:45:16.395+0000] {dag.py:4180} INFO - Setting next_dagrun for example_external_task_marker_child to None, run_after=None
[2025-02-03T09:45:16.401+0000] {logging_mixin.py:190} INFO - [2025-02-03T09:45:16.401+0000] {dag.py:4180} INFO - Setting next_dagrun for example_external_task_marker_parent to None, run_after=None
[2025-02-03T09:45:16.431+0000] {processor.py:208} INFO - Processing /home/airflow/.local/lib/python3.12/site-packages/airflow/example_dags/example_external_task_marker_dag.py took 0.108 seconds
[2025-02-03T09:45:47.025+0000] {processor.py:186} INFO - Started process (PID=210) to work on /home/airflow/.local/lib/python3.12/site-packages/airflow/example_dags/example_external_task_marker_dag.py
[2025-02-03T09:45:47.027+0000] {processor.py:914} INFO - Processing file /home/airflow/.local/lib/python3.12/site-packages/airflow/example_dags/example_external_task_marker_dag.py for tasks to queue
[2025-02-03T09:45:47.030+0000] {logging_mixin.py:190} INFO - [2025-02-03T09:45:47.029+0000] {dagbag.py:588} INFO - Filling up the DagBag from /home/airflow/.local/lib/python3.12/site-packages/airflow/example_dags/example_external_task_marker_dag.py
[2025-02-03T09:45:47.040+0000] {processor.py:925} INFO - DAG(s) 'example_external_task_marker_child', 'example_external_task_marker_parent' retrieved from /home/airflow/.local/lib/python3.12/site-packages/airflow/example_dags/example_external_task_marker_dag.py
[2025-02-03T09:45:47.064+0000] {logging_mixin.py:190} INFO - [2025-02-03T09:45:47.064+0000] {dag.py:3239} INFO - Sync 2 DAGs
[2025-02-03T09:45:47.078+0000] {logging_mixin.py:190} INFO - [2025-02-03T09:45:47.078+0000] {dag.py:4180} INFO - Setting next_dagrun for example_external_task_marker_child to None, run_after=None
[2025-02-03T09:45:47.083+0000] {logging_mixin.py:190} INFO - [2025-02-03T09:45:47.083+0000] {dag.py:4180} INFO - Setting next_dagrun for example_external_task_marker_parent to None, run_after=None
[2025-02-03T09:45:47.106+0000] {processor.py:208} INFO - Processing /home/airflow/.local/lib/python3.12/site-packages/airflow/example_dags/example_external_task_marker_dag.py took 0.090 seconds
[2025-02-03T09:46:19.783+0000] {processor.py:186} INFO - Started process (PID=273) to work on /home/airflow/.local/lib/python3.12/site-packages/airflow/example_dags/example_external_task_marker_dag.py
[2025-02-03T09:46:19.784+0000] {processor.py:914} INFO - Processing file /home/airflow/.local/lib/python3.12/site-packages/airflow/example_dags/example_external_task_marker_dag.py for tasks to queue
[2025-02-03T09:46:19.787+0000] {logging_mixin.py:190} INFO - [2025-02-03T09:46:19.787+0000] {dagbag.py:588} INFO - Filling up the DagBag from /home/airflow/.local/lib/python3.12/site-packages/airflow/example_dags/example_external_task_marker_dag.py
[2025-02-03T09:46:19.796+0000] {processor.py:925} INFO - DAG(s) 'example_external_task_marker_parent', 'example_external_task_marker_child' retrieved from /home/airflow/.local/lib/python3.12/site-packages/airflow/example_dags/example_external_task_marker_dag.py
[2025-02-03T09:46:19.812+0000] {logging_mixin.py:190} INFO - [2025-02-03T09:46:19.812+0000] {dag.py:3239} INFO - Sync 2 DAGs
[2025-02-03T09:46:19.824+0000] {logging_mixin.py:190} INFO - [2025-02-03T09:46:19.824+0000] {dag.py:4180} INFO - Setting next_dagrun for example_external_task_marker_child to None, run_after=None
[2025-02-03T09:46:19.828+0000] {logging_mixin.py:190} INFO - [2025-02-03T09:46:19.828+0000] {dag.py:4180} INFO - Setting next_dagrun for example_external_task_marker_parent to None, run_after=None
[2025-02-03T09:46:19.845+0000] {processor.py:208} INFO - Processing /home/airflow/.local/lib/python3.12/site-packages/airflow/example_dags/example_external_task_marker_dag.py took 0.067 seconds
[2025-02-03T09:55:26.153+0000] {processor.py:186} INFO - Started process (PID=86) to work on /home/airflow/.local/lib/python3.12/site-packages/airflow/example_dags/example_external_task_marker_dag.py
[2025-02-03T09:55:26.157+0000] {processor.py:914} INFO - Processing file /home/airflow/.local/lib/python3.12/site-packages/airflow/example_dags/example_external_task_marker_dag.py for tasks to queue
[2025-02-03T09:55:26.167+0000] {logging_mixin.py:190} INFO - [2025-02-03T09:55:26.167+0000] {dagbag.py:588} INFO - Filling up the DagBag from /home/airflow/.local/lib/python3.12/site-packages/airflow/example_dags/example_external_task_marker_dag.py
[2025-02-03T09:55:26.185+0000] {processor.py:925} INFO - DAG(s) 'example_external_task_marker_parent', 'example_external_task_marker_child' retrieved from /home/airflow/.local/lib/python3.12/site-packages/airflow/example_dags/example_external_task_marker_dag.py
[2025-02-03T09:55:26.223+0000] {logging_mixin.py:190} INFO - [2025-02-03T09:55:26.223+0000] {dag.py:3239} INFO - Sync 2 DAGs
[2025-02-03T09:55:26.240+0000] {logging_mixin.py:190} INFO - [2025-02-03T09:55:26.240+0000] {dag.py:4180} INFO - Setting next_dagrun for example_external_task_marker_child to None, run_after=None
[2025-02-03T09:55:26.256+0000] {logging_mixin.py:190} INFO - [2025-02-03T09:55:26.255+0000] {dag.py:4180} INFO - Setting next_dagrun for example_external_task_marker_parent to None, run_after=None
[2025-02-03T09:55:26.282+0000] {processor.py:208} INFO - Processing /home/airflow/.local/lib/python3.12/site-packages/airflow/example_dags/example_external_task_marker_dag.py took 0.135 seconds
[2025-02-03T09:55:56.756+0000] {processor.py:186} INFO - Started process (PID=150) to work on /home/airflow/.local/lib/python3.12/site-packages/airflow/example_dags/example_external_task_marker_dag.py
[2025-02-03T09:55:56.757+0000] {processor.py:914} INFO - Processing file /home/airflow/.local/lib/python3.12/site-packages/airflow/example_dags/example_external_task_marker_dag.py for tasks to queue
[2025-02-03T09:55:56.760+0000] {logging_mixin.py:190} INFO - [2025-02-03T09:55:56.759+0000] {dagbag.py:588} INFO - Filling up the DagBag from /home/airflow/.local/lib/python3.12/site-packages/airflow/example_dags/example_external_task_marker_dag.py
[2025-02-03T09:55:56.777+0000] {processor.py:925} INFO - DAG(s) 'example_external_task_marker_child', 'example_external_task_marker_parent' retrieved from /home/airflow/.local/lib/python3.12/site-packages/airflow/example_dags/example_external_task_marker_dag.py
[2025-02-03T09:55:56.808+0000] {logging_mixin.py:190} INFO - [2025-02-03T09:55:56.808+0000] {dag.py:3239} INFO - Sync 2 DAGs
[2025-02-03T09:55:56.821+0000] {logging_mixin.py:190} INFO - [2025-02-03T09:55:56.821+0000] {dag.py:4180} INFO - Setting next_dagrun for example_external_task_marker_child to None, run_after=None
[2025-02-03T09:55:56.827+0000] {logging_mixin.py:190} INFO - [2025-02-03T09:55:56.827+0000] {dag.py:4180} INFO - Setting next_dagrun for example_external_task_marker_parent to None, run_after=None
[2025-02-03T09:55:56.843+0000] {processor.py:208} INFO - Processing /home/airflow/.local/lib/python3.12/site-packages/airflow/example_dags/example_external_task_marker_dag.py took 0.093 seconds
[2025-02-03T09:56:27.632+0000] {processor.py:186} INFO - Started process (PID=214) to work on /home/airflow/.local/lib/python3.12/site-packages/airflow/example_dags/example_external_task_marker_dag.py
[2025-02-03T09:56:27.633+0000] {processor.py:914} INFO - Processing file /home/airflow/.local/lib/python3.12/site-packages/airflow/example_dags/example_external_task_marker_dag.py for tasks to queue
[2025-02-03T09:56:27.635+0000] {logging_mixin.py:190} INFO - [2025-02-03T09:56:27.635+0000] {dagbag.py:588} INFO - Filling up the DagBag from /home/airflow/.local/lib/python3.12/site-packages/airflow/example_dags/example_external_task_marker_dag.py
[2025-02-03T09:56:27.644+0000] {processor.py:925} INFO - DAG(s) 'example_external_task_marker_parent', 'example_external_task_marker_child' retrieved from /home/airflow/.local/lib/python3.12/site-packages/airflow/example_dags/example_external_task_marker_dag.py
[2025-02-03T09:56:27.661+0000] {logging_mixin.py:190} INFO - [2025-02-03T09:56:27.661+0000] {dag.py:3239} INFO - Sync 2 DAGs
[2025-02-03T09:56:27.672+0000] {logging_mixin.py:190} INFO - [2025-02-03T09:56:27.672+0000] {dag.py:4180} INFO - Setting next_dagrun for example_external_task_marker_child to None, run_after=None
[2025-02-03T09:56:27.676+0000] {logging_mixin.py:190} INFO - [2025-02-03T09:56:27.676+0000] {dag.py:4180} INFO - Setting next_dagrun for example_external_task_marker_parent to None, run_after=None
[2025-02-03T09:56:27.689+0000] {processor.py:208} INFO - Processing /home/airflow/.local/lib/python3.12/site-packages/airflow/example_dags/example_external_task_marker_dag.py took 0.062 seconds
[2025-02-03T09:56:58.227+0000] {processor.py:186} INFO - Started process (PID=278) to work on /home/airflow/.local/lib/python3.12/site-packages/airflow/example_dags/example_external_task_marker_dag.py
[2025-02-03T09:56:58.228+0000] {processor.py:914} INFO - Processing file /home/airflow/.local/lib/python3.12/site-packages/airflow/example_dags/example_external_task_marker_dag.py for tasks to queue
[2025-02-03T09:56:58.231+0000] {logging_mixin.py:190} INFO - [2025-02-03T09:56:58.231+0000] {dagbag.py:588} INFO - Filling up the DagBag from /home/airflow/.local/lib/python3.12/site-packages/airflow/example_dags/example_external_task_marker_dag.py
[2025-02-03T09:56:58.240+0000] {processor.py:925} INFO - DAG(s) 'example_external_task_marker_child', 'example_external_task_marker_parent' retrieved from /home/airflow/.local/lib/python3.12/site-packages/airflow/example_dags/example_external_task_marker_dag.py
[2025-02-03T09:56:58.263+0000] {logging_mixin.py:190} INFO - [2025-02-03T09:56:58.263+0000] {dag.py:3239} INFO - Sync 2 DAGs
[2025-02-03T09:56:58.274+0000] {logging_mixin.py:190} INFO - [2025-02-03T09:56:58.274+0000] {dag.py:4180} INFO - Setting next_dagrun for example_external_task_marker_child to None, run_after=None
[2025-02-03T09:56:58.277+0000] {logging_mixin.py:190} INFO - [2025-02-03T09:56:58.277+0000] {dag.py:4180} INFO - Setting next_dagrun for example_external_task_marker_parent to None, run_after=None
[2025-02-03T09:56:58.295+0000] {processor.py:208} INFO - Processing /home/airflow/.local/lib/python3.12/site-packages/airflow/example_dags/example_external_task_marker_dag.py took 0.074 seconds
[2025-02-03T09:57:34.216+0000] {processor.py:186} INFO - Started process (PID=342) to work on /home/airflow/.local/lib/python3.12/site-packages/airflow/example_dags/example_external_task_marker_dag.py
[2025-02-03T09:57:34.217+0000] {processor.py:914} INFO - Processing file /home/airflow/.local/lib/python3.12/site-packages/airflow/example_dags/example_external_task_marker_dag.py for tasks to queue
[2025-02-03T09:57:34.220+0000] {logging_mixin.py:190} INFO - [2025-02-03T09:57:34.220+0000] {dagbag.py:588} INFO - Filling up the DagBag from /home/airflow/.local/lib/python3.12/site-packages/airflow/example_dags/example_external_task_marker_dag.py
[2025-02-03T09:57:34.232+0000] {processor.py:925} INFO - DAG(s) 'example_external_task_marker_child', 'example_external_task_marker_parent' retrieved from /home/airflow/.local/lib/python3.12/site-packages/airflow/example_dags/example_external_task_marker_dag.py
[2025-02-03T09:57:34.261+0000] {logging_mixin.py:190} INFO - [2025-02-03T09:57:34.261+0000] {dag.py:3239} INFO - Sync 2 DAGs
[2025-02-03T09:57:34.276+0000] {logging_mixin.py:190} INFO - [2025-02-03T09:57:34.276+0000] {dag.py:4180} INFO - Setting next_dagrun for example_external_task_marker_child to None, run_after=None
[2025-02-03T09:57:34.280+0000] {logging_mixin.py:190} INFO - [2025-02-03T09:57:34.279+0000] {dag.py:4180} INFO - Setting next_dagrun for example_external_task_marker_parent to None, run_after=None
[2025-02-03T09:57:34.292+0000] {processor.py:208} INFO - Processing /home/airflow/.local/lib/python3.12/site-packages/airflow/example_dags/example_external_task_marker_dag.py took 0.083 seconds
[2025-02-03T09:58:07.933+0000] {processor.py:186} INFO - Started process (PID=412) to work on /home/airflow/.local/lib/python3.12/site-packages/airflow/example_dags/example_external_task_marker_dag.py
[2025-02-03T09:58:07.935+0000] {processor.py:914} INFO - Processing file /home/airflow/.local/lib/python3.12/site-packages/airflow/example_dags/example_external_task_marker_dag.py for tasks to queue
[2025-02-03T09:58:07.937+0000] {logging_mixin.py:190} INFO - [2025-02-03T09:58:07.937+0000] {dagbag.py:588} INFO - Filling up the DagBag from /home/airflow/.local/lib/python3.12/site-packages/airflow/example_dags/example_external_task_marker_dag.py
[2025-02-03T09:58:07.948+0000] {processor.py:925} INFO - DAG(s) 'example_external_task_marker_parent', 'example_external_task_marker_child' retrieved from /home/airflow/.local/lib/python3.12/site-packages/airflow/example_dags/example_external_task_marker_dag.py
[2025-02-03T09:58:07.979+0000] {logging_mixin.py:190} INFO - [2025-02-03T09:58:07.979+0000] {dag.py:3239} INFO - Sync 2 DAGs
[2025-02-03T09:58:07.997+0000] {logging_mixin.py:190} INFO - [2025-02-03T09:58:07.997+0000] {dag.py:4180} INFO - Setting next_dagrun for example_external_task_marker_child to None, run_after=None
[2025-02-03T09:58:08.004+0000] {logging_mixin.py:190} INFO - [2025-02-03T09:58:08.003+0000] {dag.py:4180} INFO - Setting next_dagrun for example_external_task_marker_parent to None, run_after=None
[2025-02-03T09:58:08.027+0000] {processor.py:208} INFO - Processing /home/airflow/.local/lib/python3.12/site-packages/airflow/example_dags/example_external_task_marker_dag.py took 0.101 seconds
[2025-02-03T09:58:39.946+0000] {processor.py:186} INFO - Started process (PID=477) to work on /home/airflow/.local/lib/python3.12/site-packages/airflow/example_dags/example_external_task_marker_dag.py
[2025-02-03T09:58:39.954+0000] {processor.py:914} INFO - Processing file /home/airflow/.local/lib/python3.12/site-packages/airflow/example_dags/example_external_task_marker_dag.py for tasks to queue
[2025-02-03T09:58:39.957+0000] {logging_mixin.py:190} INFO - [2025-02-03T09:58:39.956+0000] {dagbag.py:588} INFO - Filling up the DagBag from /home/airflow/.local/lib/python3.12/site-packages/airflow/example_dags/example_external_task_marker_dag.py
[2025-02-03T09:58:39.992+0000] {processor.py:925} INFO - DAG(s) 'example_external_task_marker_child', 'example_external_task_marker_parent' retrieved from /home/airflow/.local/lib/python3.12/site-packages/airflow/example_dags/example_external_task_marker_dag.py
[2025-02-03T09:58:40.063+0000] {logging_mixin.py:190} INFO - [2025-02-03T09:58:40.062+0000] {dag.py:3239} INFO - Sync 2 DAGs
[2025-02-03T09:58:40.115+0000] {logging_mixin.py:190} INFO - [2025-02-03T09:58:40.115+0000] {dag.py:4180} INFO - Setting next_dagrun for example_external_task_marker_child to None, run_after=None
[2025-02-03T09:58:40.125+0000] {logging_mixin.py:190} INFO - [2025-02-03T09:58:40.125+0000] {dag.py:4180} INFO - Setting next_dagrun for example_external_task_marker_parent to None, run_after=None
[2025-02-03T09:58:40.174+0000] {processor.py:208} INFO - Processing /home/airflow/.local/lib/python3.12/site-packages/airflow/example_dags/example_external_task_marker_dag.py took 0.245 seconds
[2025-02-03T09:59:10.330+0000] {processor.py:186} INFO - Started process (PID=541) to work on /home/airflow/.local/lib/python3.12/site-packages/airflow/example_dags/example_external_task_marker_dag.py
[2025-02-03T09:59:10.331+0000] {processor.py:914} INFO - Processing file /home/airflow/.local/lib/python3.12/site-packages/airflow/example_dags/example_external_task_marker_dag.py for tasks to queue
[2025-02-03T09:59:10.333+0000] {logging_mixin.py:190} INFO - [2025-02-03T09:59:10.333+0000] {dagbag.py:588} INFO - Filling up the DagBag from /home/airflow/.local/lib/python3.12/site-packages/airflow/example_dags/example_external_task_marker_dag.py
[2025-02-03T09:59:10.340+0000] {processor.py:925} INFO - DAG(s) 'example_external_task_marker_parent', 'example_external_task_marker_child' retrieved from /home/airflow/.local/lib/python3.12/site-packages/airflow/example_dags/example_external_task_marker_dag.py
[2025-02-03T09:59:10.359+0000] {logging_mixin.py:190} INFO - [2025-02-03T09:59:10.359+0000] {dag.py:3239} INFO - Sync 2 DAGs
[2025-02-03T09:59:10.374+0000] {logging_mixin.py:190} INFO - [2025-02-03T09:59:10.374+0000] {dag.py:4180} INFO - Setting next_dagrun for example_external_task_marker_child to None, run_after=None
[2025-02-03T09:59:10.378+0000] {logging_mixin.py:190} INFO - [2025-02-03T09:59:10.378+0000] {dag.py:4180} INFO - Setting next_dagrun for example_external_task_marker_parent to None, run_after=None
[2025-02-03T09:59:10.390+0000] {processor.py:208} INFO - Processing /home/airflow/.local/lib/python3.12/site-packages/airflow/example_dags/example_external_task_marker_dag.py took 0.066 seconds
[2025-02-03T09:59:41.018+0000] {processor.py:186} INFO - Started process (PID=605) to work on /home/airflow/.local/lib/python3.12/site-packages/airflow/example_dags/example_external_task_marker_dag.py
[2025-02-03T09:59:41.019+0000] {processor.py:914} INFO - Processing file /home/airflow/.local/lib/python3.12/site-packages/airflow/example_dags/example_external_task_marker_dag.py for tasks to queue
[2025-02-03T09:59:41.021+0000] {logging_mixin.py:190} INFO - [2025-02-03T09:59:41.021+0000] {dagbag.py:588} INFO - Filling up the DagBag from /home/airflow/.local/lib/python3.12/site-packages/airflow/example_dags/example_external_task_marker_dag.py
[2025-02-03T09:59:41.027+0000] {processor.py:925} INFO - DAG(s) 'example_external_task_marker_parent', 'example_external_task_marker_child' retrieved from /home/airflow/.local/lib/python3.12/site-packages/airflow/example_dags/example_external_task_marker_dag.py
[2025-02-03T09:59:41.045+0000] {logging_mixin.py:190} INFO - [2025-02-03T09:59:41.045+0000] {dag.py:3239} INFO - Sync 2 DAGs
[2025-02-03T09:59:41.061+0000] {logging_mixin.py:190} INFO - [2025-02-03T09:59:41.061+0000] {dag.py:4180} INFO - Setting next_dagrun for example_external_task_marker_child to None, run_after=None
[2025-02-03T09:59:41.072+0000] {logging_mixin.py:190} INFO - [2025-02-03T09:59:41.072+0000] {dag.py:4180} INFO - Setting next_dagrun for example_external_task_marker_parent to None, run_after=None
[2025-02-03T09:59:41.089+0000] {processor.py:208} INFO - Processing /home/airflow/.local/lib/python3.12/site-packages/airflow/example_dags/example_external_task_marker_dag.py took 0.076 seconds
[2025-02-03T10:00:13.791+0000] {processor.py:186} INFO - Started process (PID=669) to work on /home/airflow/.local/lib/python3.12/site-packages/airflow/example_dags/example_external_task_marker_dag.py
[2025-02-03T10:00:13.797+0000] {processor.py:914} INFO - Processing file /home/airflow/.local/lib/python3.12/site-packages/airflow/example_dags/example_external_task_marker_dag.py for tasks to queue
[2025-02-03T10:00:13.814+0000] {logging_mixin.py:190} INFO - [2025-02-03T10:00:13.814+0000] {dagbag.py:588} INFO - Filling up the DagBag from /home/airflow/.local/lib/python3.12/site-packages/airflow/example_dags/example_external_task_marker_dag.py
[2025-02-03T10:00:13.830+0000] {processor.py:925} INFO - DAG(s) 'example_external_task_marker_child', 'example_external_task_marker_parent' retrieved from /home/airflow/.local/lib/python3.12/site-packages/airflow/example_dags/example_external_task_marker_dag.py
[2025-02-03T10:00:13.900+0000] {logging_mixin.py:190} INFO - [2025-02-03T10:00:13.900+0000] {dag.py:3239} INFO - Sync 2 DAGs
[2025-02-03T10:00:13.934+0000] {logging_mixin.py:190} INFO - [2025-02-03T10:00:13.933+0000] {dag.py:4180} INFO - Setting next_dagrun for example_external_task_marker_child to None, run_after=None
[2025-02-03T10:00:13.946+0000] {logging_mixin.py:190} INFO - [2025-02-03T10:00:13.945+0000] {dag.py:4180} INFO - Setting next_dagrun for example_external_task_marker_parent to None, run_after=None
[2025-02-03T10:00:14.027+0000] {processor.py:208} INFO - Processing /home/airflow/.local/lib/python3.12/site-packages/airflow/example_dags/example_external_task_marker_dag.py took 0.241 seconds
[2025-02-03T10:00:44.475+0000] {processor.py:186} INFO - Started process (PID=733) to work on /home/airflow/.local/lib/python3.12/site-packages/airflow/example_dags/example_external_task_marker_dag.py
[2025-02-03T10:00:44.477+0000] {processor.py:914} INFO - Processing file /home/airflow/.local/lib/python3.12/site-packages/airflow/example_dags/example_external_task_marker_dag.py for tasks to queue
[2025-02-03T10:00:44.479+0000] {logging_mixin.py:190} INFO - [2025-02-03T10:00:44.479+0000] {dagbag.py:588} INFO - Filling up the DagBag from /home/airflow/.local/lib/python3.12/site-packages/airflow/example_dags/example_external_task_marker_dag.py
[2025-02-03T10:00:44.488+0000] {processor.py:925} INFO - DAG(s) 'example_external_task_marker_parent', 'example_external_task_marker_child' retrieved from /home/airflow/.local/lib/python3.12/site-packages/airflow/example_dags/example_external_task_marker_dag.py
[2025-02-03T10:00:44.507+0000] {logging_mixin.py:190} INFO - [2025-02-03T10:00:44.507+0000] {dag.py:3239} INFO - Sync 2 DAGs
[2025-02-03T10:00:44.521+0000] {logging_mixin.py:190} INFO - [2025-02-03T10:00:44.521+0000] {dag.py:4180} INFO - Setting next_dagrun for example_external_task_marker_child to None, run_after=None
[2025-02-03T10:00:44.525+0000] {logging_mixin.py:190} INFO - [2025-02-03T10:00:44.525+0000] {dag.py:4180} INFO - Setting next_dagrun for example_external_task_marker_parent to None, run_after=None
[2025-02-03T10:00:44.538+0000] {processor.py:208} INFO - Processing /home/airflow/.local/lib/python3.12/site-packages/airflow/example_dags/example_external_task_marker_dag.py took 0.068 seconds
[2025-02-03T10:01:15.647+0000] {processor.py:186} INFO - Started process (PID=792) to work on /home/airflow/.local/lib/python3.12/site-packages/airflow/example_dags/example_external_task_marker_dag.py
[2025-02-03T10:01:15.648+0000] {processor.py:914} INFO - Processing file /home/airflow/.local/lib/python3.12/site-packages/airflow/example_dags/example_external_task_marker_dag.py for tasks to queue
[2025-02-03T10:01:15.653+0000] {logging_mixin.py:190} INFO - [2025-02-03T10:01:15.651+0000] {dagbag.py:588} INFO - Filling up the DagBag from /home/airflow/.local/lib/python3.12/site-packages/airflow/example_dags/example_external_task_marker_dag.py
[2025-02-03T10:01:15.661+0000] {processor.py:925} INFO - DAG(s) 'example_external_task_marker_child', 'example_external_task_marker_parent' retrieved from /home/airflow/.local/lib/python3.12/site-packages/airflow/example_dags/example_external_task_marker_dag.py
[2025-02-03T10:01:15.685+0000] {logging_mixin.py:190} INFO - [2025-02-03T10:01:15.685+0000] {dag.py:3239} INFO - Sync 2 DAGs
[2025-02-03T10:01:15.701+0000] {logging_mixin.py:190} INFO - [2025-02-03T10:01:15.701+0000] {dag.py:4180} INFO - Setting next_dagrun for example_external_task_marker_child to None, run_after=None
[2025-02-03T10:01:15.705+0000] {logging_mixin.py:190} INFO - [2025-02-03T10:01:15.705+0000] {dag.py:4180} INFO - Setting next_dagrun for example_external_task_marker_parent to None, run_after=None
[2025-02-03T10:01:15.720+0000] {processor.py:208} INFO - Processing /home/airflow/.local/lib/python3.12/site-packages/airflow/example_dags/example_external_task_marker_dag.py took 0.078 seconds
[2025-02-03T10:01:47.387+0000] {processor.py:186} INFO - Started process (PID=863) to work on /home/airflow/.local/lib/python3.12/site-packages/airflow/example_dags/example_external_task_marker_dag.py
[2025-02-03T10:01:47.388+0000] {processor.py:914} INFO - Processing file /home/airflow/.local/lib/python3.12/site-packages/airflow/example_dags/example_external_task_marker_dag.py for tasks to queue
[2025-02-03T10:01:47.393+0000] {logging_mixin.py:190} INFO - [2025-02-03T10:01:47.392+0000] {dagbag.py:588} INFO - Filling up the DagBag from /home/airflow/.local/lib/python3.12/site-packages/airflow/example_dags/example_external_task_marker_dag.py
[2025-02-03T10:01:47.403+0000] {processor.py:925} INFO - DAG(s) 'example_external_task_marker_parent', 'example_external_task_marker_child' retrieved from /home/airflow/.local/lib/python3.12/site-packages/airflow/example_dags/example_external_task_marker_dag.py
[2025-02-03T10:01:47.436+0000] {logging_mixin.py:190} INFO - [2025-02-03T10:01:47.436+0000] {dag.py:3239} INFO - Sync 2 DAGs
[2025-02-03T10:01:47.455+0000] {logging_mixin.py:190} INFO - [2025-02-03T10:01:47.454+0000] {dag.py:4180} INFO - Setting next_dagrun for example_external_task_marker_child to None, run_after=None
[2025-02-03T10:01:47.460+0000] {logging_mixin.py:190} INFO - [2025-02-03T10:01:47.460+0000] {dag.py:4180} INFO - Setting next_dagrun for example_external_task_marker_parent to None, run_after=None
[2025-02-03T10:01:47.482+0000] {processor.py:208} INFO - Processing /home/airflow/.local/lib/python3.12/site-packages/airflow/example_dags/example_external_task_marker_dag.py took 0.105 seconds
[2025-02-03T10:02:20.098+0000] {processor.py:186} INFO - Started process (PID=931) to work on /home/airflow/.local/lib/python3.12/site-packages/airflow/example_dags/example_external_task_marker_dag.py
[2025-02-03T10:02:20.099+0000] {processor.py:914} INFO - Processing file /home/airflow/.local/lib/python3.12/site-packages/airflow/example_dags/example_external_task_marker_dag.py for tasks to queue
[2025-02-03T10:02:20.102+0000] {logging_mixin.py:190} INFO - [2025-02-03T10:02:20.102+0000] {dagbag.py:588} INFO - Filling up the DagBag from /home/airflow/.local/lib/python3.12/site-packages/airflow/example_dags/example_external_task_marker_dag.py
[2025-02-03T10:02:20.109+0000] {processor.py:925} INFO - DAG(s) 'example_external_task_marker_parent', 'example_external_task_marker_child' retrieved from /home/airflow/.local/lib/python3.12/site-packages/airflow/example_dags/example_external_task_marker_dag.py
[2025-02-03T10:02:20.129+0000] {logging_mixin.py:190} INFO - [2025-02-03T10:02:20.129+0000] {dag.py:3239} INFO - Sync 2 DAGs
[2025-02-03T10:02:20.142+0000] {logging_mixin.py:190} INFO - [2025-02-03T10:02:20.142+0000] {dag.py:4180} INFO - Setting next_dagrun for example_external_task_marker_child to None, run_after=None
[2025-02-03T10:02:20.146+0000] {logging_mixin.py:190} INFO - [2025-02-03T10:02:20.145+0000] {dag.py:4180} INFO - Setting next_dagrun for example_external_task_marker_parent to None, run_after=None
[2025-02-03T10:02:20.159+0000] {processor.py:208} INFO - Processing /home/airflow/.local/lib/python3.12/site-packages/airflow/example_dags/example_external_task_marker_dag.py took 0.066 seconds
[2025-02-03T10:02:52.533+0000] {processor.py:186} INFO - Started process (PID=995) to work on /home/airflow/.local/lib/python3.12/site-packages/airflow/example_dags/example_external_task_marker_dag.py
[2025-02-03T10:02:52.537+0000] {processor.py:914} INFO - Processing file /home/airflow/.local/lib/python3.12/site-packages/airflow/example_dags/example_external_task_marker_dag.py for tasks to queue
[2025-02-03T10:02:52.541+0000] {logging_mixin.py:190} INFO - [2025-02-03T10:02:52.540+0000] {dagbag.py:588} INFO - Filling up the DagBag from /home/airflow/.local/lib/python3.12/site-packages/airflow/example_dags/example_external_task_marker_dag.py
[2025-02-03T10:02:52.556+0000] {processor.py:925} INFO - DAG(s) 'example_external_task_marker_child', 'example_external_task_marker_parent' retrieved from /home/airflow/.local/lib/python3.12/site-packages/airflow/example_dags/example_external_task_marker_dag.py
[2025-02-03T10:02:52.588+0000] {logging_mixin.py:190} INFO - [2025-02-03T10:02:52.588+0000] {dag.py:3239} INFO - Sync 2 DAGs
[2025-02-03T10:02:52.606+0000] {logging_mixin.py:190} INFO - [2025-02-03T10:02:52.606+0000] {dag.py:4180} INFO - Setting next_dagrun for example_external_task_marker_child to None, run_after=None
[2025-02-03T10:02:52.611+0000] {logging_mixin.py:190} INFO - [2025-02-03T10:02:52.611+0000] {dag.py:4180} INFO - Setting next_dagrun for example_external_task_marker_parent to None, run_after=None
[2025-02-03T10:02:52.632+0000] {processor.py:208} INFO - Processing /home/airflow/.local/lib/python3.12/site-packages/airflow/example_dags/example_external_task_marker_dag.py took 0.108 seconds
[2025-02-03T10:03:25.045+0000] {processor.py:186} INFO - Started process (PID=1059) to work on /home/airflow/.local/lib/python3.12/site-packages/airflow/example_dags/example_external_task_marker_dag.py
[2025-02-03T10:03:25.046+0000] {processor.py:914} INFO - Processing file /home/airflow/.local/lib/python3.12/site-packages/airflow/example_dags/example_external_task_marker_dag.py for tasks to queue
[2025-02-03T10:03:25.049+0000] {logging_mixin.py:190} INFO - [2025-02-03T10:03:25.049+0000] {dagbag.py:588} INFO - Filling up the DagBag from /home/airflow/.local/lib/python3.12/site-packages/airflow/example_dags/example_external_task_marker_dag.py
[2025-02-03T10:03:25.056+0000] {processor.py:925} INFO - DAG(s) 'example_external_task_marker_child', 'example_external_task_marker_parent' retrieved from /home/airflow/.local/lib/python3.12/site-packages/airflow/example_dags/example_external_task_marker_dag.py
[2025-02-03T10:03:25.077+0000] {logging_mixin.py:190} INFO - [2025-02-03T10:03:25.077+0000] {dag.py:3239} INFO - Sync 2 DAGs
[2025-02-03T10:03:25.089+0000] {logging_mixin.py:190} INFO - [2025-02-03T10:03:25.089+0000] {dag.py:4180} INFO - Setting next_dagrun for example_external_task_marker_child to None, run_after=None
[2025-02-03T10:03:25.093+0000] {logging_mixin.py:190} INFO - [2025-02-03T10:03:25.092+0000] {dag.py:4180} INFO - Setting next_dagrun for example_external_task_marker_parent to None, run_after=None
[2025-02-03T10:03:25.106+0000] {processor.py:208} INFO - Processing /home/airflow/.local/lib/python3.12/site-packages/airflow/example_dags/example_external_task_marker_dag.py took 0.067 seconds
[2025-02-03T10:03:55.239+0000] {processor.py:186} INFO - Started process (PID=1123) to work on /home/airflow/.local/lib/python3.12/site-packages/airflow/example_dags/example_external_task_marker_dag.py
[2025-02-03T10:03:55.240+0000] {processor.py:914} INFO - Processing file /home/airflow/.local/lib/python3.12/site-packages/airflow/example_dags/example_external_task_marker_dag.py for tasks to queue
[2025-02-03T10:03:55.242+0000] {logging_mixin.py:190} INFO - [2025-02-03T10:03:55.242+0000] {dagbag.py:588} INFO - Filling up the DagBag from /home/airflow/.local/lib/python3.12/site-packages/airflow/example_dags/example_external_task_marker_dag.py
[2025-02-03T10:03:55.250+0000] {processor.py:925} INFO - DAG(s) 'example_external_task_marker_parent', 'example_external_task_marker_child' retrieved from /home/airflow/.local/lib/python3.12/site-packages/airflow/example_dags/example_external_task_marker_dag.py
[2025-02-03T10:03:55.271+0000] {logging_mixin.py:190} INFO - [2025-02-03T10:03:55.271+0000] {dag.py:3239} INFO - Sync 2 DAGs
[2025-02-03T10:03:55.284+0000] {logging_mixin.py:190} INFO - [2025-02-03T10:03:55.283+0000] {dag.py:4180} INFO - Setting next_dagrun for example_external_task_marker_child to None, run_after=None
[2025-02-03T10:03:55.287+0000] {logging_mixin.py:190} INFO - [2025-02-03T10:03:55.287+0000] {dag.py:4180} INFO - Setting next_dagrun for example_external_task_marker_parent to None, run_after=None
[2025-02-03T10:03:55.304+0000] {processor.py:208} INFO - Processing /home/airflow/.local/lib/python3.12/site-packages/airflow/example_dags/example_external_task_marker_dag.py took 0.070 seconds
[2025-02-03T10:04:25.807+0000] {processor.py:186} INFO - Started process (PID=1187) to work on /home/airflow/.local/lib/python3.12/site-packages/airflow/example_dags/example_external_task_marker_dag.py
[2025-02-03T10:04:25.808+0000] {processor.py:914} INFO - Processing file /home/airflow/.local/lib/python3.12/site-packages/airflow/example_dags/example_external_task_marker_dag.py for tasks to queue
[2025-02-03T10:04:25.812+0000] {logging_mixin.py:190} INFO - [2025-02-03T10:04:25.812+0000] {dagbag.py:588} INFO - Filling up the DagBag from /home/airflow/.local/lib/python3.12/site-packages/airflow/example_dags/example_external_task_marker_dag.py
[2025-02-03T10:04:25.821+0000] {processor.py:925} INFO - DAG(s) 'example_external_task_marker_child', 'example_external_task_marker_parent' retrieved from /home/airflow/.local/lib/python3.12/site-packages/airflow/example_dags/example_external_task_marker_dag.py
[2025-02-03T10:04:25.859+0000] {logging_mixin.py:190} INFO - [2025-02-03T10:04:25.858+0000] {dag.py:3239} INFO - Sync 2 DAGs
[2025-02-03T10:04:25.880+0000] {logging_mixin.py:190} INFO - [2025-02-03T10:04:25.880+0000] {dag.py:4180} INFO - Setting next_dagrun for example_external_task_marker_child to None, run_after=None
[2025-02-03T10:04:25.884+0000] {logging_mixin.py:190} INFO - [2025-02-03T10:04:25.883+0000] {dag.py:4180} INFO - Setting next_dagrun for example_external_task_marker_parent to None, run_after=None
[2025-02-03T10:04:25.918+0000] {processor.py:208} INFO - Processing /home/airflow/.local/lib/python3.12/site-packages/airflow/example_dags/example_external_task_marker_dag.py took 0.117 seconds
[2025-02-03T10:04:56.315+0000] {processor.py:186} INFO - Started process (PID=1251) to work on /home/airflow/.local/lib/python3.12/site-packages/airflow/example_dags/example_external_task_marker_dag.py
[2025-02-03T10:04:56.316+0000] {processor.py:914} INFO - Processing file /home/airflow/.local/lib/python3.12/site-packages/airflow/example_dags/example_external_task_marker_dag.py for tasks to queue
[2025-02-03T10:04:56.319+0000] {logging_mixin.py:190} INFO - [2025-02-03T10:04:56.319+0000] {dagbag.py:588} INFO - Filling up the DagBag from /home/airflow/.local/lib/python3.12/site-packages/airflow/example_dags/example_external_task_marker_dag.py
[2025-02-03T10:04:56.327+0000] {processor.py:925} INFO - DAG(s) 'example_external_task_marker_child', 'example_external_task_marker_parent' retrieved from /home/airflow/.local/lib/python3.12/site-packages/airflow/example_dags/example_external_task_marker_dag.py
[2025-02-03T10:04:56.347+0000] {logging_mixin.py:190} INFO - [2025-02-03T10:04:56.346+0000] {dag.py:3239} INFO - Sync 2 DAGs
[2025-02-03T10:04:56.359+0000] {logging_mixin.py:190} INFO - [2025-02-03T10:04:56.359+0000] {dag.py:4180} INFO - Setting next_dagrun for example_external_task_marker_child to None, run_after=None
[2025-02-03T10:04:56.364+0000] {logging_mixin.py:190} INFO - [2025-02-03T10:04:56.364+0000] {dag.py:4180} INFO - Setting next_dagrun for example_external_task_marker_parent to None, run_after=None
[2025-02-03T10:04:56.377+0000] {processor.py:208} INFO - Processing /home/airflow/.local/lib/python3.12/site-packages/airflow/example_dags/example_external_task_marker_dag.py took 0.068 seconds
[2025-02-03T10:05:26.907+0000] {processor.py:186} INFO - Started process (PID=1309) to work on /home/airflow/.local/lib/python3.12/site-packages/airflow/example_dags/example_external_task_marker_dag.py
[2025-02-03T10:05:26.908+0000] {processor.py:914} INFO - Processing file /home/airflow/.local/lib/python3.12/site-packages/airflow/example_dags/example_external_task_marker_dag.py for tasks to queue
[2025-02-03T10:05:26.911+0000] {logging_mixin.py:190} INFO - [2025-02-03T10:05:26.911+0000] {dagbag.py:588} INFO - Filling up the DagBag from /home/airflow/.local/lib/python3.12/site-packages/airflow/example_dags/example_external_task_marker_dag.py
[2025-02-03T10:05:26.919+0000] {processor.py:925} INFO - DAG(s) 'example_external_task_marker_parent', 'example_external_task_marker_child' retrieved from /home/airflow/.local/lib/python3.12/site-packages/airflow/example_dags/example_external_task_marker_dag.py
[2025-02-03T10:05:26.945+0000] {logging_mixin.py:190} INFO - [2025-02-03T10:05:26.945+0000] {dag.py:3239} INFO - Sync 2 DAGs
[2025-02-03T10:05:26.957+0000] {logging_mixin.py:190} INFO - [2025-02-03T10:05:26.957+0000] {dag.py:4180} INFO - Setting next_dagrun for example_external_task_marker_child to None, run_after=None
[2025-02-03T10:05:26.961+0000] {logging_mixin.py:190} INFO - [2025-02-03T10:05:26.961+0000] {dag.py:4180} INFO - Setting next_dagrun for example_external_task_marker_parent to None, run_after=None
[2025-02-03T10:05:26.974+0000] {processor.py:208} INFO - Processing /home/airflow/.local/lib/python3.12/site-packages/airflow/example_dags/example_external_task_marker_dag.py took 0.071 seconds
[2025-02-03T10:05:57.501+0000] {processor.py:186} INFO - Started process (PID=1373) to work on /home/airflow/.local/lib/python3.12/site-packages/airflow/example_dags/example_external_task_marker_dag.py
[2025-02-03T10:05:57.502+0000] {processor.py:914} INFO - Processing file /home/airflow/.local/lib/python3.12/site-packages/airflow/example_dags/example_external_task_marker_dag.py for tasks to queue
[2025-02-03T10:05:57.504+0000] {logging_mixin.py:190} INFO - [2025-02-03T10:05:57.504+0000] {dagbag.py:588} INFO - Filling up the DagBag from /home/airflow/.local/lib/python3.12/site-packages/airflow/example_dags/example_external_task_marker_dag.py
[2025-02-03T10:05:57.511+0000] {processor.py:925} INFO - DAG(s) 'example_external_task_marker_child', 'example_external_task_marker_parent' retrieved from /home/airflow/.local/lib/python3.12/site-packages/airflow/example_dags/example_external_task_marker_dag.py
[2025-02-03T10:05:57.527+0000] {logging_mixin.py:190} INFO - [2025-02-03T10:05:57.527+0000] {dag.py:3239} INFO - Sync 2 DAGs
[2025-02-03T10:05:57.539+0000] {logging_mixin.py:190} INFO - [2025-02-03T10:05:57.538+0000] {dag.py:4180} INFO - Setting next_dagrun for example_external_task_marker_child to None, run_after=None
[2025-02-03T10:05:57.542+0000] {logging_mixin.py:190} INFO - [2025-02-03T10:05:57.542+0000] {dag.py:4180} INFO - Setting next_dagrun for example_external_task_marker_parent to None, run_after=None
[2025-02-03T10:05:57.555+0000] {processor.py:208} INFO - Processing /home/airflow/.local/lib/python3.12/site-packages/airflow/example_dags/example_external_task_marker_dag.py took 0.059 seconds
[2025-02-03T10:06:29.240+0000] {processor.py:186} INFO - Started process (PID=1437) to work on /home/airflow/.local/lib/python3.12/site-packages/airflow/example_dags/example_external_task_marker_dag.py
[2025-02-03T10:06:29.241+0000] {processor.py:914} INFO - Processing file /home/airflow/.local/lib/python3.12/site-packages/airflow/example_dags/example_external_task_marker_dag.py for tasks to queue
[2025-02-03T10:06:29.244+0000] {logging_mixin.py:190} INFO - [2025-02-03T10:06:29.243+0000] {dagbag.py:588} INFO - Filling up the DagBag from /home/airflow/.local/lib/python3.12/site-packages/airflow/example_dags/example_external_task_marker_dag.py
[2025-02-03T10:06:29.252+0000] {processor.py:925} INFO - DAG(s) 'example_external_task_marker_parent', 'example_external_task_marker_child' retrieved from /home/airflow/.local/lib/python3.12/site-packages/airflow/example_dags/example_external_task_marker_dag.py
[2025-02-03T10:06:29.271+0000] {logging_mixin.py:190} INFO - [2025-02-03T10:06:29.271+0000] {dag.py:3239} INFO - Sync 2 DAGs
[2025-02-03T10:06:29.282+0000] {logging_mixin.py:190} INFO - [2025-02-03T10:06:29.282+0000] {dag.py:4180} INFO - Setting next_dagrun for example_external_task_marker_child to None, run_after=None
[2025-02-03T10:06:29.286+0000] {logging_mixin.py:190} INFO - [2025-02-03T10:06:29.285+0000] {dag.py:4180} INFO - Setting next_dagrun for example_external_task_marker_parent to None, run_after=None
[2025-02-03T10:06:29.303+0000] {processor.py:208} INFO - Processing /home/airflow/.local/lib/python3.12/site-packages/airflow/example_dags/example_external_task_marker_dag.py took 0.069 seconds
[2025-02-03T10:13:09.570+0000] {processor.py:186} INFO - Started process (PID=94) to work on /home/airflow/.local/lib/python3.12/site-packages/airflow/example_dags/example_external_task_marker_dag.py
[2025-02-03T10:13:09.574+0000] {processor.py:914} INFO - Processing file /home/airflow/.local/lib/python3.12/site-packages/airflow/example_dags/example_external_task_marker_dag.py for tasks to queue
[2025-02-03T10:13:09.581+0000] {logging_mixin.py:190} INFO - [2025-02-03T10:13:09.581+0000] {dagbag.py:588} INFO - Filling up the DagBag from /home/airflow/.local/lib/python3.12/site-packages/airflow/example_dags/example_external_task_marker_dag.py
[2025-02-03T10:13:09.598+0000] {processor.py:925} INFO - DAG(s) 'example_external_task_marker_parent', 'example_external_task_marker_child' retrieved from /home/airflow/.local/lib/python3.12/site-packages/airflow/example_dags/example_external_task_marker_dag.py
[2025-02-03T10:13:09.642+0000] {logging_mixin.py:190} INFO - [2025-02-03T10:13:09.642+0000] {dag.py:3239} INFO - Sync 2 DAGs
[2025-02-03T10:13:09.660+0000] {logging_mixin.py:190} INFO - [2025-02-03T10:13:09.660+0000] {dag.py:4180} INFO - Setting next_dagrun for example_external_task_marker_child to None, run_after=None
[2025-02-03T10:13:09.671+0000] {logging_mixin.py:190} INFO - [2025-02-03T10:13:09.671+0000] {dag.py:4180} INFO - Setting next_dagrun for example_external_task_marker_parent to None, run_after=None
[2025-02-03T10:13:09.693+0000] {processor.py:208} INFO - Processing /home/airflow/.local/lib/python3.12/site-packages/airflow/example_dags/example_external_task_marker_dag.py took 0.130 seconds
[2025-02-03T10:13:39.859+0000] {processor.py:186} INFO - Started process (PID=158) to work on /home/airflow/.local/lib/python3.12/site-packages/airflow/example_dags/example_external_task_marker_dag.py
[2025-02-03T10:13:39.861+0000] {processor.py:914} INFO - Processing file /home/airflow/.local/lib/python3.12/site-packages/airflow/example_dags/example_external_task_marker_dag.py for tasks to queue
[2025-02-03T10:13:39.865+0000] {logging_mixin.py:190} INFO - [2025-02-03T10:13:39.864+0000] {dagbag.py:588} INFO - Filling up the DagBag from /home/airflow/.local/lib/python3.12/site-packages/airflow/example_dags/example_external_task_marker_dag.py
[2025-02-03T10:13:39.876+0000] {processor.py:925} INFO - DAG(s) 'example_external_task_marker_child', 'example_external_task_marker_parent' retrieved from /home/airflow/.local/lib/python3.12/site-packages/airflow/example_dags/example_external_task_marker_dag.py
[2025-02-03T10:13:39.902+0000] {logging_mixin.py:190} INFO - [2025-02-03T10:13:39.902+0000] {dag.py:3239} INFO - Sync 2 DAGs
[2025-02-03T10:13:39.918+0000] {logging_mixin.py:190} INFO - [2025-02-03T10:13:39.918+0000] {dag.py:4180} INFO - Setting next_dagrun for example_external_task_marker_child to None, run_after=None
[2025-02-03T10:13:39.921+0000] {logging_mixin.py:190} INFO - [2025-02-03T10:13:39.921+0000] {dag.py:4180} INFO - Setting next_dagrun for example_external_task_marker_parent to None, run_after=None
[2025-02-03T10:13:39.940+0000] {processor.py:208} INFO - Processing /home/airflow/.local/lib/python3.12/site-packages/airflow/example_dags/example_external_task_marker_dag.py took 0.105 seconds
[2025-02-03T10:14:11.673+0000] {processor.py:186} INFO - Started process (PID=222) to work on /home/airflow/.local/lib/python3.12/site-packages/airflow/example_dags/example_external_task_marker_dag.py
[2025-02-03T10:14:11.674+0000] {processor.py:914} INFO - Processing file /home/airflow/.local/lib/python3.12/site-packages/airflow/example_dags/example_external_task_marker_dag.py for tasks to queue
[2025-02-03T10:14:11.677+0000] {logging_mixin.py:190} INFO - [2025-02-03T10:14:11.677+0000] {dagbag.py:588} INFO - Filling up the DagBag from /home/airflow/.local/lib/python3.12/site-packages/airflow/example_dags/example_external_task_marker_dag.py
[2025-02-03T10:14:11.687+0000] {processor.py:925} INFO - DAG(s) 'example_external_task_marker_child', 'example_external_task_marker_parent' retrieved from /home/airflow/.local/lib/python3.12/site-packages/airflow/example_dags/example_external_task_marker_dag.py
[2025-02-03T10:14:11.712+0000] {logging_mixin.py:190} INFO - [2025-02-03T10:14:11.712+0000] {dag.py:3239} INFO - Sync 2 DAGs
[2025-02-03T10:14:11.733+0000] {logging_mixin.py:190} INFO - [2025-02-03T10:14:11.732+0000] {dag.py:4180} INFO - Setting next_dagrun for example_external_task_marker_child to None, run_after=None
[2025-02-03T10:14:11.737+0000] {logging_mixin.py:190} INFO - [2025-02-03T10:14:11.737+0000] {dag.py:4180} INFO - Setting next_dagrun for example_external_task_marker_parent to None, run_after=None
[2025-02-03T10:14:11.752+0000] {processor.py:208} INFO - Processing /home/airflow/.local/lib/python3.12/site-packages/airflow/example_dags/example_external_task_marker_dag.py took 0.083 seconds
[2025-02-03T10:14:42.052+0000] {processor.py:186} INFO - Started process (PID=280) to work on /home/airflow/.local/lib/python3.12/site-packages/airflow/example_dags/example_external_task_marker_dag.py
[2025-02-03T10:14:42.053+0000] {processor.py:914} INFO - Processing file /home/airflow/.local/lib/python3.12/site-packages/airflow/example_dags/example_external_task_marker_dag.py for tasks to queue
[2025-02-03T10:14:42.056+0000] {logging_mixin.py:190} INFO - [2025-02-03T10:14:42.056+0000] {dagbag.py:588} INFO - Filling up the DagBag from /home/airflow/.local/lib/python3.12/site-packages/airflow/example_dags/example_external_task_marker_dag.py
[2025-02-03T10:14:42.066+0000] {processor.py:925} INFO - DAG(s) 'example_external_task_marker_parent', 'example_external_task_marker_child' retrieved from /home/airflow/.local/lib/python3.12/site-packages/airflow/example_dags/example_external_task_marker_dag.py
[2025-02-03T10:14:42.105+0000] {logging_mixin.py:190} INFO - [2025-02-03T10:14:42.105+0000] {dag.py:3239} INFO - Sync 2 DAGs
[2025-02-03T10:14:42.127+0000] {logging_mixin.py:190} INFO - [2025-02-03T10:14:42.127+0000] {dag.py:4180} INFO - Setting next_dagrun for example_external_task_marker_child to None, run_after=None
[2025-02-03T10:14:42.133+0000] {logging_mixin.py:190} INFO - [2025-02-03T10:14:42.133+0000] {dag.py:4180} INFO - Setting next_dagrun for example_external_task_marker_parent to None, run_after=None
[2025-02-03T10:14:42.165+0000] {processor.py:208} INFO - Processing /home/airflow/.local/lib/python3.12/site-packages/airflow/example_dags/example_external_task_marker_dag.py took 0.119 seconds
[2025-02-03T10:15:12.364+0000] {processor.py:186} INFO - Started process (PID=345) to work on /home/airflow/.local/lib/python3.12/site-packages/airflow/example_dags/example_external_task_marker_dag.py
[2025-02-03T10:15:12.369+0000] {processor.py:914} INFO - Processing file /home/airflow/.local/lib/python3.12/site-packages/airflow/example_dags/example_external_task_marker_dag.py for tasks to queue
[2025-02-03T10:15:12.371+0000] {logging_mixin.py:190} INFO - [2025-02-03T10:15:12.371+0000] {dagbag.py:588} INFO - Filling up the DagBag from /home/airflow/.local/lib/python3.12/site-packages/airflow/example_dags/example_external_task_marker_dag.py
[2025-02-03T10:15:12.378+0000] {processor.py:925} INFO - DAG(s) 'example_external_task_marker_child', 'example_external_task_marker_parent' retrieved from /home/airflow/.local/lib/python3.12/site-packages/airflow/example_dags/example_external_task_marker_dag.py
[2025-02-03T10:15:12.402+0000] {logging_mixin.py:190} INFO - [2025-02-03T10:15:12.401+0000] {dag.py:3239} INFO - Sync 2 DAGs
[2025-02-03T10:15:12.424+0000] {logging_mixin.py:190} INFO - [2025-02-03T10:15:12.424+0000] {dag.py:4180} INFO - Setting next_dagrun for example_external_task_marker_child to None, run_after=None
[2025-02-03T10:15:12.428+0000] {logging_mixin.py:190} INFO - [2025-02-03T10:15:12.428+0000] {dag.py:4180} INFO - Setting next_dagrun for example_external_task_marker_parent to None, run_after=None
[2025-02-03T10:15:12.457+0000] {processor.py:208} INFO - Processing /home/airflow/.local/lib/python3.12/site-packages/airflow/example_dags/example_external_task_marker_dag.py took 0.097 seconds
[2025-02-03T10:15:42.934+0000] {processor.py:186} INFO - Started process (PID=409) to work on /home/airflow/.local/lib/python3.12/site-packages/airflow/example_dags/example_external_task_marker_dag.py
[2025-02-03T10:15:42.935+0000] {processor.py:914} INFO - Processing file /home/airflow/.local/lib/python3.12/site-packages/airflow/example_dags/example_external_task_marker_dag.py for tasks to queue
[2025-02-03T10:15:42.937+0000] {logging_mixin.py:190} INFO - [2025-02-03T10:15:42.936+0000] {dagbag.py:588} INFO - Filling up the DagBag from /home/airflow/.local/lib/python3.12/site-packages/airflow/example_dags/example_external_task_marker_dag.py
[2025-02-03T10:15:42.944+0000] {processor.py:925} INFO - DAG(s) 'example_external_task_marker_child', 'example_external_task_marker_parent' retrieved from /home/airflow/.local/lib/python3.12/site-packages/airflow/example_dags/example_external_task_marker_dag.py
[2025-02-03T10:15:42.965+0000] {logging_mixin.py:190} INFO - [2025-02-03T10:15:42.965+0000] {dag.py:3239} INFO - Sync 2 DAGs
[2025-02-03T10:15:42.978+0000] {logging_mixin.py:190} INFO - [2025-02-03T10:15:42.978+0000] {dag.py:4180} INFO - Setting next_dagrun for example_external_task_marker_child to None, run_after=None
[2025-02-03T10:15:42.984+0000] {logging_mixin.py:190} INFO - [2025-02-03T10:15:42.984+0000] {dag.py:4180} INFO - Setting next_dagrun for example_external_task_marker_parent to None, run_after=None
[2025-02-03T10:15:43.004+0000] {processor.py:208} INFO - Processing /home/airflow/.local/lib/python3.12/site-packages/airflow/example_dags/example_external_task_marker_dag.py took 0.077 seconds
[2025-02-03T10:16:14.907+0000] {processor.py:186} INFO - Started process (PID=473) to work on /home/airflow/.local/lib/python3.12/site-packages/airflow/example_dags/example_external_task_marker_dag.py
[2025-02-03T10:16:14.908+0000] {processor.py:914} INFO - Processing file /home/airflow/.local/lib/python3.12/site-packages/airflow/example_dags/example_external_task_marker_dag.py for tasks to queue
[2025-02-03T10:16:14.910+0000] {logging_mixin.py:190} INFO - [2025-02-03T10:16:14.910+0000] {dagbag.py:588} INFO - Filling up the DagBag from /home/airflow/.local/lib/python3.12/site-packages/airflow/example_dags/example_external_task_marker_dag.py
[2025-02-03T10:16:14.917+0000] {processor.py:925} INFO - DAG(s) 'example_external_task_marker_child', 'example_external_task_marker_parent' retrieved from /home/airflow/.local/lib/python3.12/site-packages/airflow/example_dags/example_external_task_marker_dag.py
[2025-02-03T10:16:14.945+0000] {logging_mixin.py:190} INFO - [2025-02-03T10:16:14.945+0000] {dag.py:3239} INFO - Sync 2 DAGs
[2025-02-03T10:16:14.957+0000] {logging_mixin.py:190} INFO - [2025-02-03T10:16:14.956+0000] {dag.py:4180} INFO - Setting next_dagrun for example_external_task_marker_child to None, run_after=None
[2025-02-03T10:16:14.960+0000] {logging_mixin.py:190} INFO - [2025-02-03T10:16:14.959+0000] {dag.py:4180} INFO - Setting next_dagrun for example_external_task_marker_parent to None, run_after=None
[2025-02-03T10:16:14.974+0000] {processor.py:208} INFO - Processing /home/airflow/.local/lib/python3.12/site-packages/airflow/example_dags/example_external_task_marker_dag.py took 0.072 seconds
[2025-02-03T10:16:46.317+0000] {processor.py:186} INFO - Started process (PID=538) to work on /home/airflow/.local/lib/python3.12/site-packages/airflow/example_dags/example_external_task_marker_dag.py
[2025-02-03T10:16:46.319+0000] {processor.py:914} INFO - Processing file /home/airflow/.local/lib/python3.12/site-packages/airflow/example_dags/example_external_task_marker_dag.py for tasks to queue
[2025-02-03T10:16:46.330+0000] {logging_mixin.py:190} INFO - [2025-02-03T10:16:46.330+0000] {dagbag.py:588} INFO - Filling up the DagBag from /home/airflow/.local/lib/python3.12/site-packages/airflow/example_dags/example_external_task_marker_dag.py
[2025-02-03T10:16:46.342+0000] {processor.py:925} INFO - DAG(s) 'example_external_task_marker_parent', 'example_external_task_marker_child' retrieved from /home/airflow/.local/lib/python3.12/site-packages/airflow/example_dags/example_external_task_marker_dag.py
[2025-02-03T10:16:46.384+0000] {logging_mixin.py:190} INFO - [2025-02-03T10:16:46.383+0000] {dag.py:3239} INFO - Sync 2 DAGs
[2025-02-03T10:16:46.406+0000] {logging_mixin.py:190} INFO - [2025-02-03T10:16:46.405+0000] {dag.py:4180} INFO - Setting next_dagrun for example_external_task_marker_child to None, run_after=None
[2025-02-03T10:16:46.412+0000] {logging_mixin.py:190} INFO - [2025-02-03T10:16:46.412+0000] {dag.py:4180} INFO - Setting next_dagrun for example_external_task_marker_parent to None, run_after=None
[2025-02-03T10:16:46.442+0000] {processor.py:208} INFO - Processing /home/airflow/.local/lib/python3.12/site-packages/airflow/example_dags/example_external_task_marker_dag.py took 0.129 seconds
[2025-02-03T10:17:18.468+0000] {processor.py:186} INFO - Started process (PID=602) to work on /home/airflow/.local/lib/python3.12/site-packages/airflow/example_dags/example_external_task_marker_dag.py
[2025-02-03T10:17:18.470+0000] {processor.py:914} INFO - Processing file /home/airflow/.local/lib/python3.12/site-packages/airflow/example_dags/example_external_task_marker_dag.py for tasks to queue
[2025-02-03T10:17:18.473+0000] {logging_mixin.py:190} INFO - [2025-02-03T10:17:18.472+0000] {dagbag.py:588} INFO - Filling up the DagBag from /home/airflow/.local/lib/python3.12/site-packages/airflow/example_dags/example_external_task_marker_dag.py
[2025-02-03T10:17:18.480+0000] {processor.py:925} INFO - DAG(s) 'example_external_task_marker_parent', 'example_external_task_marker_child' retrieved from /home/airflow/.local/lib/python3.12/site-packages/airflow/example_dags/example_external_task_marker_dag.py
[2025-02-03T10:17:18.530+0000] {logging_mixin.py:190} INFO - [2025-02-03T10:17:18.530+0000] {dag.py:3239} INFO - Sync 2 DAGs
[2025-02-03T10:17:18.560+0000] {logging_mixin.py:190} INFO - [2025-02-03T10:17:18.560+0000] {dag.py:4180} INFO - Setting next_dagrun for example_external_task_marker_child to None, run_after=None
[2025-02-03T10:17:18.567+0000] {logging_mixin.py:190} INFO - [2025-02-03T10:17:18.567+0000] {dag.py:4180} INFO - Setting next_dagrun for example_external_task_marker_parent to None, run_after=None
[2025-02-03T10:17:18.606+0000] {processor.py:208} INFO - Processing /home/airflow/.local/lib/python3.12/site-packages/airflow/example_dags/example_external_task_marker_dag.py took 0.143 seconds
[2025-02-03T10:17:49.547+0000] {processor.py:186} INFO - Started process (PID=667) to work on /home/airflow/.local/lib/python3.12/site-packages/airflow/example_dags/example_external_task_marker_dag.py
[2025-02-03T10:17:49.549+0000] {processor.py:914} INFO - Processing file /home/airflow/.local/lib/python3.12/site-packages/airflow/example_dags/example_external_task_marker_dag.py for tasks to queue
[2025-02-03T10:17:49.552+0000] {logging_mixin.py:190} INFO - [2025-02-03T10:17:49.551+0000] {dagbag.py:588} INFO - Filling up the DagBag from /home/airflow/.local/lib/python3.12/site-packages/airflow/example_dags/example_external_task_marker_dag.py
[2025-02-03T10:17:49.559+0000] {processor.py:925} INFO - DAG(s) 'example_external_task_marker_parent', 'example_external_task_marker_child' retrieved from /home/airflow/.local/lib/python3.12/site-packages/airflow/example_dags/example_external_task_marker_dag.py
[2025-02-03T10:17:49.577+0000] {logging_mixin.py:190} INFO - [2025-02-03T10:17:49.577+0000] {dag.py:3239} INFO - Sync 2 DAGs
[2025-02-03T10:17:49.590+0000] {logging_mixin.py:190} INFO - [2025-02-03T10:17:49.590+0000] {dag.py:4180} INFO - Setting next_dagrun for example_external_task_marker_child to None, run_after=None
[2025-02-03T10:17:49.594+0000] {logging_mixin.py:190} INFO - [2025-02-03T10:17:49.594+0000] {dag.py:4180} INFO - Setting next_dagrun for example_external_task_marker_parent to None, run_after=None
[2025-02-03T10:17:49.610+0000] {processor.py:208} INFO - Processing /home/airflow/.local/lib/python3.12/site-packages/airflow/example_dags/example_external_task_marker_dag.py took 0.075 seconds
[2025-02-03T10:18:19.967+0000] {processor.py:186} INFO - Started process (PID=732) to work on /home/airflow/.local/lib/python3.12/site-packages/airflow/example_dags/example_external_task_marker_dag.py
[2025-02-03T10:18:19.968+0000] {processor.py:914} INFO - Processing file /home/airflow/.local/lib/python3.12/site-packages/airflow/example_dags/example_external_task_marker_dag.py for tasks to queue
[2025-02-03T10:18:19.971+0000] {logging_mixin.py:190} INFO - [2025-02-03T10:18:19.971+0000] {dagbag.py:588} INFO - Filling up the DagBag from /home/airflow/.local/lib/python3.12/site-packages/airflow/example_dags/example_external_task_marker_dag.py
[2025-02-03T10:18:19.979+0000] {processor.py:925} INFO - DAG(s) 'example_external_task_marker_parent', 'example_external_task_marker_child' retrieved from /home/airflow/.local/lib/python3.12/site-packages/airflow/example_dags/example_external_task_marker_dag.py
[2025-02-03T10:18:20.000+0000] {logging_mixin.py:190} INFO - [2025-02-03T10:18:20.000+0000] {dag.py:3239} INFO - Sync 2 DAGs
[2025-02-03T10:18:20.012+0000] {logging_mixin.py:190} INFO - [2025-02-03T10:18:20.012+0000] {dag.py:4180} INFO - Setting next_dagrun for example_external_task_marker_child to None, run_after=None
[2025-02-03T10:18:20.017+0000] {logging_mixin.py:190} INFO - [2025-02-03T10:18:20.017+0000] {dag.py:4180} INFO - Setting next_dagrun for example_external_task_marker_parent to None, run_after=None
[2025-02-03T10:18:20.034+0000] {processor.py:208} INFO - Processing /home/airflow/.local/lib/python3.12/site-packages/airflow/example_dags/example_external_task_marker_dag.py took 0.073 seconds
[2025-02-03T10:18:50.506+0000] {processor.py:186} INFO - Started process (PID=796) to work on /home/airflow/.local/lib/python3.12/site-packages/airflow/example_dags/example_external_task_marker_dag.py
[2025-02-03T10:18:50.507+0000] {processor.py:914} INFO - Processing file /home/airflow/.local/lib/python3.12/site-packages/airflow/example_dags/example_external_task_marker_dag.py for tasks to queue
[2025-02-03T10:18:50.509+0000] {logging_mixin.py:190} INFO - [2025-02-03T10:18:50.508+0000] {dagbag.py:588} INFO - Filling up the DagBag from /home/airflow/.local/lib/python3.12/site-packages/airflow/example_dags/example_external_task_marker_dag.py
[2025-02-03T10:18:50.519+0000] {processor.py:925} INFO - DAG(s) 'example_external_task_marker_parent', 'example_external_task_marker_child' retrieved from /home/airflow/.local/lib/python3.12/site-packages/airflow/example_dags/example_external_task_marker_dag.py
[2025-02-03T10:18:50.542+0000] {logging_mixin.py:190} INFO - [2025-02-03T10:18:50.542+0000] {dag.py:3239} INFO - Sync 2 DAGs
[2025-02-03T10:18:50.557+0000] {logging_mixin.py:190} INFO - [2025-02-03T10:18:50.557+0000] {dag.py:4180} INFO - Setting next_dagrun for example_external_task_marker_child to None, run_after=None
[2025-02-03T10:18:50.560+0000] {logging_mixin.py:190} INFO - [2025-02-03T10:18:50.560+0000] {dag.py:4180} INFO - Setting next_dagrun for example_external_task_marker_parent to None, run_after=None
[2025-02-03T10:18:50.576+0000] {processor.py:208} INFO - Processing /home/airflow/.local/lib/python3.12/site-packages/airflow/example_dags/example_external_task_marker_dag.py took 0.079 seconds
[2025-02-03T10:19:23.873+0000] {processor.py:186} INFO - Started process (PID=860) to work on /home/airflow/.local/lib/python3.12/site-packages/airflow/example_dags/example_external_task_marker_dag.py
[2025-02-03T10:19:23.876+0000] {processor.py:914} INFO - Processing file /home/airflow/.local/lib/python3.12/site-packages/airflow/example_dags/example_external_task_marker_dag.py for tasks to queue
[2025-02-03T10:19:23.879+0000] {logging_mixin.py:190} INFO - [2025-02-03T10:19:23.879+0000] {dagbag.py:588} INFO - Filling up the DagBag from /home/airflow/.local/lib/python3.12/site-packages/airflow/example_dags/example_external_task_marker_dag.py
[2025-02-03T10:19:23.890+0000] {processor.py:925} INFO - DAG(s) 'example_external_task_marker_child', 'example_external_task_marker_parent' retrieved from /home/airflow/.local/lib/python3.12/site-packages/airflow/example_dags/example_external_task_marker_dag.py
[2025-02-03T10:19:23.911+0000] {logging_mixin.py:190} INFO - [2025-02-03T10:19:23.910+0000] {dag.py:3239} INFO - Sync 2 DAGs
[2025-02-03T10:19:23.925+0000] {logging_mixin.py:190} INFO - [2025-02-03T10:19:23.925+0000] {dag.py:4180} INFO - Setting next_dagrun for example_external_task_marker_child to None, run_after=None
[2025-02-03T10:19:23.934+0000] {logging_mixin.py:190} INFO - [2025-02-03T10:19:23.934+0000] {dag.py:4180} INFO - Setting next_dagrun for example_external_task_marker_parent to None, run_after=None
[2025-02-03T10:19:23.948+0000] {processor.py:208} INFO - Processing /home/airflow/.local/lib/python3.12/site-packages/airflow/example_dags/example_external_task_marker_dag.py took 0.083 seconds
[2025-02-03T10:19:56.336+0000] {processor.py:186} INFO - Started process (PID=924) to work on /home/airflow/.local/lib/python3.12/site-packages/airflow/example_dags/example_external_task_marker_dag.py
[2025-02-03T10:19:56.337+0000] {processor.py:914} INFO - Processing file /home/airflow/.local/lib/python3.12/site-packages/airflow/example_dags/example_external_task_marker_dag.py for tasks to queue
[2025-02-03T10:19:56.340+0000] {logging_mixin.py:190} INFO - [2025-02-03T10:19:56.340+0000] {dagbag.py:588} INFO - Filling up the DagBag from /home/airflow/.local/lib/python3.12/site-packages/airflow/example_dags/example_external_task_marker_dag.py
[2025-02-03T10:19:56.349+0000] {processor.py:925} INFO - DAG(s) 'example_external_task_marker_child', 'example_external_task_marker_parent' retrieved from /home/airflow/.local/lib/python3.12/site-packages/airflow/example_dags/example_external_task_marker_dag.py
[2025-02-03T10:19:56.368+0000] {logging_mixin.py:190} INFO - [2025-02-03T10:19:56.368+0000] {dag.py:3239} INFO - Sync 2 DAGs
[2025-02-03T10:19:56.380+0000] {logging_mixin.py:190} INFO - [2025-02-03T10:19:56.379+0000] {dag.py:4180} INFO - Setting next_dagrun for example_external_task_marker_child to None, run_after=None
[2025-02-03T10:19:56.383+0000] {logging_mixin.py:190} INFO - [2025-02-03T10:19:56.383+0000] {dag.py:4180} INFO - Setting next_dagrun for example_external_task_marker_parent to None, run_after=None
[2025-02-03T10:19:56.396+0000] {processor.py:208} INFO - Processing /home/airflow/.local/lib/python3.12/site-packages/airflow/example_dags/example_external_task_marker_dag.py took 0.065 seconds
