[2025-02-03T09:44:34.268+0000] {processor.py:186} INFO - Started process (PID=69) to work on /home/airflow/.local/lib/python3.12/site-packages/airflow/example_dags/example_python_operator.py
[2025-02-03T09:44:34.269+0000] {processor.py:914} INFO - Processing file /home/airflow/.local/lib/python3.12/site-packages/airflow/example_dags/example_python_operator.py for tasks to queue
[2025-02-03T09:44:34.272+0000] {logging_mixin.py:190} INFO - [2025-02-03T09:44:34.272+0000] {dagbag.py:588} INFO - Filling up the DagBag from /home/airflow/.local/lib/python3.12/site-packages/airflow/example_dags/example_python_operator.py
[2025-02-03T09:44:34.284+0000] {processor.py:925} INFO - DAG(s) 'example_python_operator' retrieved from /home/airflow/.local/lib/python3.12/site-packages/airflow/example_dags/example_python_operator.py
[2025-02-03T09:44:34.374+0000] {logging_mixin.py:190} INFO - [2025-02-03T09:44:34.374+0000] {override.py:1911} INFO - Created Permission View: can edit on DAG:example_python_operator
[2025-02-03T09:44:34.382+0000] {logging_mixin.py:190} INFO - [2025-02-03T09:44:34.381+0000] {override.py:1911} INFO - Created Permission View: can read on DAG:example_python_operator
[2025-02-03T09:44:34.387+0000] {logging_mixin.py:190} INFO - [2025-02-03T09:44:34.387+0000] {override.py:1911} INFO - Created Permission View: can delete on DAG:example_python_operator
[2025-02-03T09:44:34.394+0000] {logging_mixin.py:190} INFO - [2025-02-03T09:44:34.394+0000] {override.py:1911} INFO - Created Permission View: can read on DAG Run:example_python_operator
[2025-02-03T09:44:34.399+0000] {logging_mixin.py:190} INFO - [2025-02-03T09:44:34.399+0000] {override.py:1911} INFO - Created Permission View: can delete on DAG Run:example_python_operator
[2025-02-03T09:44:34.404+0000] {logging_mixin.py:190} INFO - [2025-02-03T09:44:34.404+0000] {override.py:1911} INFO - Created Permission View: can create on DAG Run:example_python_operator
[2025-02-03T09:44:34.411+0000] {logging_mixin.py:190} INFO - [2025-02-03T09:44:34.410+0000] {override.py:1911} INFO - Created Permission View: menu access on DAG Run:example_python_operator
[2025-02-03T09:44:34.412+0000] {logging_mixin.py:190} INFO - [2025-02-03T09:44:34.412+0000] {dag.py:3239} INFO - Sync 1 DAGs
[2025-02-03T09:44:34.423+0000] {logging_mixin.py:190} INFO - [2025-02-03T09:44:34.423+0000] {dag.py:3262} INFO - Creating ORM DAG for example_python_operator
[2025-02-03T09:44:34.424+0000] {logging_mixin.py:190} INFO - [2025-02-03T09:44:34.424+0000] {dag.py:4180} INFO - Setting next_dagrun for example_python_operator to None, run_after=None
[2025-02-03T09:44:34.436+0000] {processor.py:208} INFO - Processing /home/airflow/.local/lib/python3.12/site-packages/airflow/example_dags/example_python_operator.py took 0.176 seconds
[2025-02-03T09:45:14.666+0000] {processor.py:186} INFO - Started process (PID=131) to work on /home/airflow/.local/lib/python3.12/site-packages/airflow/example_dags/example_python_operator.py
[2025-02-03T09:45:14.670+0000] {processor.py:914} INFO - Processing file /home/airflow/.local/lib/python3.12/site-packages/airflow/example_dags/example_python_operator.py for tasks to queue
[2025-02-03T09:45:14.676+0000] {logging_mixin.py:190} INFO - [2025-02-03T09:45:14.676+0000] {dagbag.py:588} INFO - Filling up the DagBag from /home/airflow/.local/lib/python3.12/site-packages/airflow/example_dags/example_python_operator.py
[2025-02-03T09:45:14.716+0000] {processor.py:925} INFO - DAG(s) 'example_python_operator' retrieved from /home/airflow/.local/lib/python3.12/site-packages/airflow/example_dags/example_python_operator.py
[2025-02-03T09:45:14.795+0000] {logging_mixin.py:190} INFO - [2025-02-03T09:45:14.794+0000] {dag.py:3239} INFO - Sync 1 DAGs
[2025-02-03T09:45:14.844+0000] {logging_mixin.py:190} INFO - [2025-02-03T09:45:14.844+0000] {dag.py:4180} INFO - Setting next_dagrun for example_python_operator to None, run_after=None
[2025-02-03T09:45:14.931+0000] {processor.py:208} INFO - Processing /home/airflow/.local/lib/python3.12/site-packages/airflow/example_dags/example_python_operator.py took 0.276 seconds
[2025-02-03T09:45:45.736+0000] {processor.py:186} INFO - Started process (PID=194) to work on /home/airflow/.local/lib/python3.12/site-packages/airflow/example_dags/example_python_operator.py
[2025-02-03T09:45:45.738+0000] {processor.py:914} INFO - Processing file /home/airflow/.local/lib/python3.12/site-packages/airflow/example_dags/example_python_operator.py for tasks to queue
[2025-02-03T09:45:45.741+0000] {logging_mixin.py:190} INFO - [2025-02-03T09:45:45.741+0000] {dagbag.py:588} INFO - Filling up the DagBag from /home/airflow/.local/lib/python3.12/site-packages/airflow/example_dags/example_python_operator.py
[2025-02-03T09:45:45.756+0000] {processor.py:925} INFO - DAG(s) 'example_python_operator' retrieved from /home/airflow/.local/lib/python3.12/site-packages/airflow/example_dags/example_python_operator.py
[2025-02-03T09:45:45.774+0000] {logging_mixin.py:190} INFO - [2025-02-03T09:45:45.773+0000] {dag.py:3239} INFO - Sync 1 DAGs
[2025-02-03T09:45:45.785+0000] {logging_mixin.py:190} INFO - [2025-02-03T09:45:45.785+0000] {dag.py:4180} INFO - Setting next_dagrun for example_python_operator to None, run_after=None
[2025-02-03T09:45:45.809+0000] {processor.py:208} INFO - Processing /home/airflow/.local/lib/python3.12/site-packages/airflow/example_dags/example_python_operator.py took 0.084 seconds
[2025-02-03T09:46:18.830+0000] {processor.py:186} INFO - Started process (PID=257) to work on /home/airflow/.local/lib/python3.12/site-packages/airflow/example_dags/example_python_operator.py
[2025-02-03T09:46:18.832+0000] {processor.py:914} INFO - Processing file /home/airflow/.local/lib/python3.12/site-packages/airflow/example_dags/example_python_operator.py for tasks to queue
[2025-02-03T09:46:18.840+0000] {logging_mixin.py:190} INFO - [2025-02-03T09:46:18.840+0000] {dagbag.py:588} INFO - Filling up the DagBag from /home/airflow/.local/lib/python3.12/site-packages/airflow/example_dags/example_python_operator.py
[2025-02-03T09:46:18.853+0000] {processor.py:925} INFO - DAG(s) 'example_python_operator' retrieved from /home/airflow/.local/lib/python3.12/site-packages/airflow/example_dags/example_python_operator.py
[2025-02-03T09:46:18.887+0000] {logging_mixin.py:190} INFO - [2025-02-03T09:46:18.887+0000] {dag.py:3239} INFO - Sync 1 DAGs
[2025-02-03T09:46:18.915+0000] {logging_mixin.py:190} INFO - [2025-02-03T09:46:18.915+0000] {dag.py:4180} INFO - Setting next_dagrun for example_python_operator to None, run_after=None
[2025-02-03T09:46:18.946+0000] {processor.py:208} INFO - Processing /home/airflow/.local/lib/python3.12/site-packages/airflow/example_dags/example_python_operator.py took 0.121 seconds
[2025-02-03T09:55:24.292+0000] {processor.py:186} INFO - Started process (PID=70) to work on /home/airflow/.local/lib/python3.12/site-packages/airflow/example_dags/example_python_operator.py
[2025-02-03T09:55:24.293+0000] {processor.py:914} INFO - Processing file /home/airflow/.local/lib/python3.12/site-packages/airflow/example_dags/example_python_operator.py for tasks to queue
[2025-02-03T09:55:24.296+0000] {logging_mixin.py:190} INFO - [2025-02-03T09:55:24.296+0000] {dagbag.py:588} INFO - Filling up the DagBag from /home/airflow/.local/lib/python3.12/site-packages/airflow/example_dags/example_python_operator.py
[2025-02-03T09:55:24.309+0000] {processor.py:925} INFO - DAG(s) 'example_python_operator' retrieved from /home/airflow/.local/lib/python3.12/site-packages/airflow/example_dags/example_python_operator.py
[2025-02-03T09:55:24.414+0000] {logging_mixin.py:190} INFO - [2025-02-03T09:55:24.414+0000] {dag.py:3239} INFO - Sync 1 DAGs
[2025-02-03T09:55:24.426+0000] {logging_mixin.py:190} INFO - [2025-02-03T09:55:24.425+0000] {dag.py:4180} INFO - Setting next_dagrun for example_python_operator to None, run_after=None
[2025-02-03T09:55:24.444+0000] {processor.py:208} INFO - Processing /home/airflow/.local/lib/python3.12/site-packages/airflow/example_dags/example_python_operator.py took 0.157 seconds
[2025-02-03T09:55:54.506+0000] {processor.py:186} INFO - Started process (PID=134) to work on /home/airflow/.local/lib/python3.12/site-packages/airflow/example_dags/example_python_operator.py
[2025-02-03T09:55:54.508+0000] {processor.py:914} INFO - Processing file /home/airflow/.local/lib/python3.12/site-packages/airflow/example_dags/example_python_operator.py for tasks to queue
[2025-02-03T09:55:54.511+0000] {logging_mixin.py:190} INFO - [2025-02-03T09:55:54.511+0000] {dagbag.py:588} INFO - Filling up the DagBag from /home/airflow/.local/lib/python3.12/site-packages/airflow/example_dags/example_python_operator.py
[2025-02-03T09:55:54.524+0000] {processor.py:925} INFO - DAG(s) 'example_python_operator' retrieved from /home/airflow/.local/lib/python3.12/site-packages/airflow/example_dags/example_python_operator.py
[2025-02-03T09:55:54.542+0000] {logging_mixin.py:190} INFO - [2025-02-03T09:55:54.541+0000] {dag.py:3239} INFO - Sync 1 DAGs
[2025-02-03T09:55:54.552+0000] {logging_mixin.py:190} INFO - [2025-02-03T09:55:54.552+0000] {dag.py:4180} INFO - Setting next_dagrun for example_python_operator to None, run_after=None
[2025-02-03T09:55:54.572+0000] {processor.py:208} INFO - Processing /home/airflow/.local/lib/python3.12/site-packages/airflow/example_dags/example_python_operator.py took 0.075 seconds
[2025-02-03T09:56:24.834+0000] {processor.py:186} INFO - Started process (PID=198) to work on /home/airflow/.local/lib/python3.12/site-packages/airflow/example_dags/example_python_operator.py
[2025-02-03T09:56:24.834+0000] {processor.py:914} INFO - Processing file /home/airflow/.local/lib/python3.12/site-packages/airflow/example_dags/example_python_operator.py for tasks to queue
[2025-02-03T09:56:24.837+0000] {logging_mixin.py:190} INFO - [2025-02-03T09:56:24.836+0000] {dagbag.py:588} INFO - Filling up the DagBag from /home/airflow/.local/lib/python3.12/site-packages/airflow/example_dags/example_python_operator.py
[2025-02-03T09:56:24.846+0000] {processor.py:925} INFO - DAG(s) 'example_python_operator' retrieved from /home/airflow/.local/lib/python3.12/site-packages/airflow/example_dags/example_python_operator.py
[2025-02-03T09:56:24.862+0000] {logging_mixin.py:190} INFO - [2025-02-03T09:56:24.862+0000] {dag.py:3239} INFO - Sync 1 DAGs
[2025-02-03T09:56:24.874+0000] {logging_mixin.py:190} INFO - [2025-02-03T09:56:24.874+0000] {dag.py:4180} INFO - Setting next_dagrun for example_python_operator to None, run_after=None
[2025-02-03T09:56:24.892+0000] {processor.py:208} INFO - Processing /home/airflow/.local/lib/python3.12/site-packages/airflow/example_dags/example_python_operator.py took 0.063 seconds
[2025-02-03T09:56:55.386+0000] {processor.py:186} INFO - Started process (PID=262) to work on /home/airflow/.local/lib/python3.12/site-packages/airflow/example_dags/example_python_operator.py
[2025-02-03T09:56:55.388+0000] {processor.py:914} INFO - Processing file /home/airflow/.local/lib/python3.12/site-packages/airflow/example_dags/example_python_operator.py for tasks to queue
[2025-02-03T09:56:55.390+0000] {logging_mixin.py:190} INFO - [2025-02-03T09:56:55.390+0000] {dagbag.py:588} INFO - Filling up the DagBag from /home/airflow/.local/lib/python3.12/site-packages/airflow/example_dags/example_python_operator.py
[2025-02-03T09:56:55.400+0000] {processor.py:925} INFO - DAG(s) 'example_python_operator' retrieved from /home/airflow/.local/lib/python3.12/site-packages/airflow/example_dags/example_python_operator.py
[2025-02-03T09:56:55.416+0000] {logging_mixin.py:190} INFO - [2025-02-03T09:56:55.416+0000] {dag.py:3239} INFO - Sync 1 DAGs
[2025-02-03T09:56:55.427+0000] {logging_mixin.py:190} INFO - [2025-02-03T09:56:55.427+0000] {dag.py:4180} INFO - Setting next_dagrun for example_python_operator to None, run_after=None
[2025-02-03T09:56:55.440+0000] {processor.py:208} INFO - Processing /home/airflow/.local/lib/python3.12/site-packages/airflow/example_dags/example_python_operator.py took 0.059 seconds
[2025-02-03T09:57:33.295+0000] {processor.py:186} INFO - Started process (PID=326) to work on /home/airflow/.local/lib/python3.12/site-packages/airflow/example_dags/example_python_operator.py
[2025-02-03T09:57:33.297+0000] {processor.py:914} INFO - Processing file /home/airflow/.local/lib/python3.12/site-packages/airflow/example_dags/example_python_operator.py for tasks to queue
[2025-02-03T09:57:33.299+0000] {logging_mixin.py:190} INFO - [2025-02-03T09:57:33.299+0000] {dagbag.py:588} INFO - Filling up the DagBag from /home/airflow/.local/lib/python3.12/site-packages/airflow/example_dags/example_python_operator.py
[2025-02-03T09:57:33.311+0000] {processor.py:925} INFO - DAG(s) 'example_python_operator' retrieved from /home/airflow/.local/lib/python3.12/site-packages/airflow/example_dags/example_python_operator.py
[2025-02-03T09:57:33.332+0000] {logging_mixin.py:190} INFO - [2025-02-03T09:57:33.332+0000] {dag.py:3239} INFO - Sync 1 DAGs
[2025-02-03T09:57:33.354+0000] {logging_mixin.py:190} INFO - [2025-02-03T09:57:33.354+0000] {dag.py:4180} INFO - Setting next_dagrun for example_python_operator to None, run_after=None
[2025-02-03T09:57:33.374+0000] {processor.py:208} INFO - Processing /home/airflow/.local/lib/python3.12/site-packages/airflow/example_dags/example_python_operator.py took 0.085 seconds
[2025-02-03T09:58:06.801+0000] {processor.py:186} INFO - Started process (PID=396) to work on /home/airflow/.local/lib/python3.12/site-packages/airflow/example_dags/example_python_operator.py
[2025-02-03T09:58:06.806+0000] {processor.py:914} INFO - Processing file /home/airflow/.local/lib/python3.12/site-packages/airflow/example_dags/example_python_operator.py for tasks to queue
[2025-02-03T09:58:06.809+0000] {logging_mixin.py:190} INFO - [2025-02-03T09:58:06.809+0000] {dagbag.py:588} INFO - Filling up the DagBag from /home/airflow/.local/lib/python3.12/site-packages/airflow/example_dags/example_python_operator.py
[2025-02-03T09:58:06.831+0000] {processor.py:925} INFO - DAG(s) 'example_python_operator' retrieved from /home/airflow/.local/lib/python3.12/site-packages/airflow/example_dags/example_python_operator.py
[2025-02-03T09:58:06.873+0000] {logging_mixin.py:190} INFO - [2025-02-03T09:58:06.873+0000] {dag.py:3239} INFO - Sync 1 DAGs
[2025-02-03T09:58:06.899+0000] {logging_mixin.py:190} INFO - [2025-02-03T09:58:06.899+0000] {dag.py:4180} INFO - Setting next_dagrun for example_python_operator to None, run_after=None
[2025-02-03T09:58:06.929+0000] {processor.py:208} INFO - Processing /home/airflow/.local/lib/python3.12/site-packages/airflow/example_dags/example_python_operator.py took 0.133 seconds
[2025-02-03T09:58:37.846+0000] {processor.py:186} INFO - Started process (PID=454) to work on /home/airflow/.local/lib/python3.12/site-packages/airflow/example_dags/example_python_operator.py
[2025-02-03T09:58:37.847+0000] {processor.py:914} INFO - Processing file /home/airflow/.local/lib/python3.12/site-packages/airflow/example_dags/example_python_operator.py for tasks to queue
[2025-02-03T09:58:37.850+0000] {logging_mixin.py:190} INFO - [2025-02-03T09:58:37.849+0000] {dagbag.py:588} INFO - Filling up the DagBag from /home/airflow/.local/lib/python3.12/site-packages/airflow/example_dags/example_python_operator.py
[2025-02-03T09:58:37.860+0000] {processor.py:925} INFO - DAG(s) 'example_python_operator' retrieved from /home/airflow/.local/lib/python3.12/site-packages/airflow/example_dags/example_python_operator.py
[2025-02-03T09:58:37.894+0000] {logging_mixin.py:190} INFO - [2025-02-03T09:58:37.894+0000] {dag.py:3239} INFO - Sync 1 DAGs
[2025-02-03T09:58:37.912+0000] {logging_mixin.py:190} INFO - [2025-02-03T09:58:37.912+0000] {dag.py:4180} INFO - Setting next_dagrun for example_python_operator to None, run_after=None
[2025-02-03T09:58:37.936+0000] {processor.py:208} INFO - Processing /home/airflow/.local/lib/python3.12/site-packages/airflow/example_dags/example_python_operator.py took 0.096 seconds
[2025-02-03T09:59:08.842+0000] {processor.py:186} INFO - Started process (PID=519) to work on /home/airflow/.local/lib/python3.12/site-packages/airflow/example_dags/example_python_operator.py
[2025-02-03T09:59:08.844+0000] {processor.py:914} INFO - Processing file /home/airflow/.local/lib/python3.12/site-packages/airflow/example_dags/example_python_operator.py for tasks to queue
[2025-02-03T09:59:08.847+0000] {logging_mixin.py:190} INFO - [2025-02-03T09:59:08.846+0000] {dagbag.py:588} INFO - Filling up the DagBag from /home/airflow/.local/lib/python3.12/site-packages/airflow/example_dags/example_python_operator.py
[2025-02-03T09:59:08.857+0000] {processor.py:925} INFO - DAG(s) 'example_python_operator' retrieved from /home/airflow/.local/lib/python3.12/site-packages/airflow/example_dags/example_python_operator.py
[2025-02-03T09:59:08.882+0000] {logging_mixin.py:190} INFO - [2025-02-03T09:59:08.882+0000] {dag.py:3239} INFO - Sync 1 DAGs
[2025-02-03T09:59:08.894+0000] {logging_mixin.py:190} INFO - [2025-02-03T09:59:08.894+0000] {dag.py:4180} INFO - Setting next_dagrun for example_python_operator to None, run_after=None
[2025-02-03T09:59:08.918+0000] {processor.py:208} INFO - Processing /home/airflow/.local/lib/python3.12/site-packages/airflow/example_dags/example_python_operator.py took 0.080 seconds
[2025-02-03T09:59:39.640+0000] {processor.py:186} INFO - Started process (PID=582) to work on /home/airflow/.local/lib/python3.12/site-packages/airflow/example_dags/example_python_operator.py
[2025-02-03T09:59:39.642+0000] {processor.py:914} INFO - Processing file /home/airflow/.local/lib/python3.12/site-packages/airflow/example_dags/example_python_operator.py for tasks to queue
[2025-02-03T09:59:39.644+0000] {logging_mixin.py:190} INFO - [2025-02-03T09:59:39.644+0000] {dagbag.py:588} INFO - Filling up the DagBag from /home/airflow/.local/lib/python3.12/site-packages/airflow/example_dags/example_python_operator.py
[2025-02-03T09:59:39.655+0000] {processor.py:925} INFO - DAG(s) 'example_python_operator' retrieved from /home/airflow/.local/lib/python3.12/site-packages/airflow/example_dags/example_python_operator.py
[2025-02-03T09:59:39.684+0000] {logging_mixin.py:190} INFO - [2025-02-03T09:59:39.684+0000] {dag.py:3239} INFO - Sync 1 DAGs
[2025-02-03T09:59:39.704+0000] {logging_mixin.py:190} INFO - [2025-02-03T09:59:39.703+0000] {dag.py:4180} INFO - Setting next_dagrun for example_python_operator to None, run_after=None
[2025-02-03T09:59:39.723+0000] {processor.py:208} INFO - Processing /home/airflow/.local/lib/python3.12/site-packages/airflow/example_dags/example_python_operator.py took 0.088 seconds
[2025-02-03T10:00:11.062+0000] {processor.py:186} INFO - Started process (PID=646) to work on /home/airflow/.local/lib/python3.12/site-packages/airflow/example_dags/example_python_operator.py
[2025-02-03T10:00:11.076+0000] {processor.py:914} INFO - Processing file /home/airflow/.local/lib/python3.12/site-packages/airflow/example_dags/example_python_operator.py for tasks to queue
[2025-02-03T10:00:11.079+0000] {logging_mixin.py:190} INFO - [2025-02-03T10:00:11.079+0000] {dagbag.py:588} INFO - Filling up the DagBag from /home/airflow/.local/lib/python3.12/site-packages/airflow/example_dags/example_python_operator.py
[2025-02-03T10:00:11.112+0000] {processor.py:925} INFO - DAG(s) 'example_python_operator' retrieved from /home/airflow/.local/lib/python3.12/site-packages/airflow/example_dags/example_python_operator.py
[2025-02-03T10:00:11.190+0000] {logging_mixin.py:190} INFO - [2025-02-03T10:00:11.189+0000] {dag.py:3239} INFO - Sync 1 DAGs
[2025-02-03T10:00:11.223+0000] {logging_mixin.py:190} INFO - [2025-02-03T10:00:11.223+0000] {dag.py:4180} INFO - Setting next_dagrun for example_python_operator to None, run_after=None
[2025-02-03T10:00:11.262+0000] {processor.py:208} INFO - Processing /home/airflow/.local/lib/python3.12/site-packages/airflow/example_dags/example_python_operator.py took 0.208 seconds
[2025-02-03T10:00:42.019+0000] {processor.py:186} INFO - Started process (PID=710) to work on /home/airflow/.local/lib/python3.12/site-packages/airflow/example_dags/example_python_operator.py
[2025-02-03T10:00:42.020+0000] {processor.py:914} INFO - Processing file /home/airflow/.local/lib/python3.12/site-packages/airflow/example_dags/example_python_operator.py for tasks to queue
[2025-02-03T10:00:42.023+0000] {logging_mixin.py:190} INFO - [2025-02-03T10:00:42.022+0000] {dagbag.py:588} INFO - Filling up the DagBag from /home/airflow/.local/lib/python3.12/site-packages/airflow/example_dags/example_python_operator.py
[2025-02-03T10:00:42.034+0000] {processor.py:925} INFO - DAG(s) 'example_python_operator' retrieved from /home/airflow/.local/lib/python3.12/site-packages/airflow/example_dags/example_python_operator.py
[2025-02-03T10:00:42.069+0000] {logging_mixin.py:190} INFO - [2025-02-03T10:00:42.069+0000] {dag.py:3239} INFO - Sync 1 DAGs
[2025-02-03T10:00:42.080+0000] {logging_mixin.py:190} INFO - [2025-02-03T10:00:42.080+0000] {dag.py:4180} INFO - Setting next_dagrun for example_python_operator to None, run_after=None
[2025-02-03T10:00:42.095+0000] {processor.py:208} INFO - Processing /home/airflow/.local/lib/python3.12/site-packages/airflow/example_dags/example_python_operator.py took 0.081 seconds
[2025-02-03T10:01:14.020+0000] {processor.py:186} INFO - Started process (PID=774) to work on /home/airflow/.local/lib/python3.12/site-packages/airflow/example_dags/example_python_operator.py
[2025-02-03T10:01:14.021+0000] {processor.py:914} INFO - Processing file /home/airflow/.local/lib/python3.12/site-packages/airflow/example_dags/example_python_operator.py for tasks to queue
[2025-02-03T10:01:14.024+0000] {logging_mixin.py:190} INFO - [2025-02-03T10:01:14.024+0000] {dagbag.py:588} INFO - Filling up the DagBag from /home/airflow/.local/lib/python3.12/site-packages/airflow/example_dags/example_python_operator.py
[2025-02-03T10:01:14.042+0000] {processor.py:925} INFO - DAG(s) 'example_python_operator' retrieved from /home/airflow/.local/lib/python3.12/site-packages/airflow/example_dags/example_python_operator.py
[2025-02-03T10:01:14.066+0000] {logging_mixin.py:190} INFO - [2025-02-03T10:01:14.065+0000] {dag.py:3239} INFO - Sync 1 DAGs
[2025-02-03T10:01:14.079+0000] {logging_mixin.py:190} INFO - [2025-02-03T10:01:14.079+0000] {dag.py:4180} INFO - Setting next_dagrun for example_python_operator to None, run_after=None
[2025-02-03T10:01:14.094+0000] {processor.py:208} INFO - Processing /home/airflow/.local/lib/python3.12/site-packages/airflow/example_dags/example_python_operator.py took 0.081 seconds
[2025-02-03T10:01:46.209+0000] {processor.py:186} INFO - Started process (PID=840) to work on /home/airflow/.local/lib/python3.12/site-packages/airflow/example_dags/example_python_operator.py
[2025-02-03T10:01:46.211+0000] {processor.py:914} INFO - Processing file /home/airflow/.local/lib/python3.12/site-packages/airflow/example_dags/example_python_operator.py for tasks to queue
[2025-02-03T10:01:46.214+0000] {logging_mixin.py:190} INFO - [2025-02-03T10:01:46.213+0000] {dagbag.py:588} INFO - Filling up the DagBag from /home/airflow/.local/lib/python3.12/site-packages/airflow/example_dags/example_python_operator.py
[2025-02-03T10:01:46.226+0000] {processor.py:925} INFO - DAG(s) 'example_python_operator' retrieved from /home/airflow/.local/lib/python3.12/site-packages/airflow/example_dags/example_python_operator.py
[2025-02-03T10:01:46.252+0000] {logging_mixin.py:190} INFO - [2025-02-03T10:01:46.252+0000] {dag.py:3239} INFO - Sync 1 DAGs
[2025-02-03T10:01:46.264+0000] {logging_mixin.py:190} INFO - [2025-02-03T10:01:46.264+0000] {dag.py:4180} INFO - Setting next_dagrun for example_python_operator to None, run_after=None
[2025-02-03T10:01:46.278+0000] {processor.py:208} INFO - Processing /home/airflow/.local/lib/python3.12/site-packages/airflow/example_dags/example_python_operator.py took 0.075 seconds
[2025-02-03T10:02:19.112+0000] {processor.py:186} INFO - Started process (PID=915) to work on /home/airflow/.local/lib/python3.12/site-packages/airflow/example_dags/example_python_operator.py
[2025-02-03T10:02:19.113+0000] {processor.py:914} INFO - Processing file /home/airflow/.local/lib/python3.12/site-packages/airflow/example_dags/example_python_operator.py for tasks to queue
[2025-02-03T10:02:19.116+0000] {logging_mixin.py:190} INFO - [2025-02-03T10:02:19.115+0000] {dagbag.py:588} INFO - Filling up the DagBag from /home/airflow/.local/lib/python3.12/site-packages/airflow/example_dags/example_python_operator.py
[2025-02-03T10:02:19.127+0000] {processor.py:925} INFO - DAG(s) 'example_python_operator' retrieved from /home/airflow/.local/lib/python3.12/site-packages/airflow/example_dags/example_python_operator.py
[2025-02-03T10:02:19.145+0000] {logging_mixin.py:190} INFO - [2025-02-03T10:02:19.144+0000] {dag.py:3239} INFO - Sync 1 DAGs
[2025-02-03T10:02:19.156+0000] {logging_mixin.py:190} INFO - [2025-02-03T10:02:19.156+0000] {dag.py:4180} INFO - Setting next_dagrun for example_python_operator to None, run_after=None
[2025-02-03T10:02:19.176+0000] {processor.py:208} INFO - Processing /home/airflow/.local/lib/python3.12/site-packages/airflow/example_dags/example_python_operator.py took 0.069 seconds
[2025-02-03T10:02:51.398+0000] {processor.py:186} INFO - Started process (PID=979) to work on /home/airflow/.local/lib/python3.12/site-packages/airflow/example_dags/example_python_operator.py
[2025-02-03T10:02:51.401+0000] {processor.py:914} INFO - Processing file /home/airflow/.local/lib/python3.12/site-packages/airflow/example_dags/example_python_operator.py for tasks to queue
[2025-02-03T10:02:51.414+0000] {logging_mixin.py:190} INFO - [2025-02-03T10:02:51.414+0000] {dagbag.py:588} INFO - Filling up the DagBag from /home/airflow/.local/lib/python3.12/site-packages/airflow/example_dags/example_python_operator.py
[2025-02-03T10:02:51.435+0000] {processor.py:925} INFO - DAG(s) 'example_python_operator' retrieved from /home/airflow/.local/lib/python3.12/site-packages/airflow/example_dags/example_python_operator.py
[2025-02-03T10:02:51.461+0000] {logging_mixin.py:190} INFO - [2025-02-03T10:02:51.461+0000] {dag.py:3239} INFO - Sync 1 DAGs
[2025-02-03T10:02:51.473+0000] {logging_mixin.py:190} INFO - [2025-02-03T10:02:51.473+0000] {dag.py:4180} INFO - Setting next_dagrun for example_python_operator to None, run_after=None
[2025-02-03T10:02:51.488+0000] {processor.py:208} INFO - Processing /home/airflow/.local/lib/python3.12/site-packages/airflow/example_dags/example_python_operator.py took 0.099 seconds
[2025-02-03T10:03:22.299+0000] {processor.py:186} INFO - Started process (PID=1043) to work on /home/airflow/.local/lib/python3.12/site-packages/airflow/example_dags/example_python_operator.py
[2025-02-03T10:03:22.300+0000] {processor.py:914} INFO - Processing file /home/airflow/.local/lib/python3.12/site-packages/airflow/example_dags/example_python_operator.py for tasks to queue
[2025-02-03T10:03:22.303+0000] {logging_mixin.py:190} INFO - [2025-02-03T10:03:22.302+0000] {dagbag.py:588} INFO - Filling up the DagBag from /home/airflow/.local/lib/python3.12/site-packages/airflow/example_dags/example_python_operator.py
[2025-02-03T10:03:22.319+0000] {processor.py:925} INFO - DAG(s) 'example_python_operator' retrieved from /home/airflow/.local/lib/python3.12/site-packages/airflow/example_dags/example_python_operator.py
[2025-02-03T10:03:22.346+0000] {logging_mixin.py:190} INFO - [2025-02-03T10:03:22.346+0000] {dag.py:3239} INFO - Sync 1 DAGs
[2025-02-03T10:03:22.378+0000] {logging_mixin.py:190} INFO - [2025-02-03T10:03:22.378+0000] {dag.py:4180} INFO - Setting next_dagrun for example_python_operator to None, run_after=None
[2025-02-03T10:03:22.414+0000] {processor.py:208} INFO - Processing /home/airflow/.local/lib/python3.12/site-packages/airflow/example_dags/example_python_operator.py took 0.124 seconds
[2025-02-03T10:03:52.639+0000] {processor.py:186} INFO - Started process (PID=1107) to work on /home/airflow/.local/lib/python3.12/site-packages/airflow/example_dags/example_python_operator.py
[2025-02-03T10:03:52.640+0000] {processor.py:914} INFO - Processing file /home/airflow/.local/lib/python3.12/site-packages/airflow/example_dags/example_python_operator.py for tasks to queue
[2025-02-03T10:03:52.643+0000] {logging_mixin.py:190} INFO - [2025-02-03T10:03:52.643+0000] {dagbag.py:588} INFO - Filling up the DagBag from /home/airflow/.local/lib/python3.12/site-packages/airflow/example_dags/example_python_operator.py
[2025-02-03T10:03:52.680+0000] {processor.py:925} INFO - DAG(s) 'example_python_operator' retrieved from /home/airflow/.local/lib/python3.12/site-packages/airflow/example_dags/example_python_operator.py
[2025-02-03T10:03:52.735+0000] {logging_mixin.py:190} INFO - [2025-02-03T10:03:52.734+0000] {dag.py:3239} INFO - Sync 1 DAGs
[2025-02-03T10:03:52.768+0000] {logging_mixin.py:190} INFO - [2025-02-03T10:03:52.767+0000] {dag.py:4180} INFO - Setting next_dagrun for example_python_operator to None, run_after=None
[2025-02-03T10:03:52.830+0000] {processor.py:208} INFO - Processing /home/airflow/.local/lib/python3.12/site-packages/airflow/example_dags/example_python_operator.py took 0.198 seconds
[2025-02-03T10:04:23.520+0000] {processor.py:186} INFO - Started process (PID=1164) to work on /home/airflow/.local/lib/python3.12/site-packages/airflow/example_dags/example_python_operator.py
[2025-02-03T10:04:23.521+0000] {processor.py:914} INFO - Processing file /home/airflow/.local/lib/python3.12/site-packages/airflow/example_dags/example_python_operator.py for tasks to queue
[2025-02-03T10:04:23.524+0000] {logging_mixin.py:190} INFO - [2025-02-03T10:04:23.524+0000] {dagbag.py:588} INFO - Filling up the DagBag from /home/airflow/.local/lib/python3.12/site-packages/airflow/example_dags/example_python_operator.py
[2025-02-03T10:04:23.535+0000] {processor.py:925} INFO - DAG(s) 'example_python_operator' retrieved from /home/airflow/.local/lib/python3.12/site-packages/airflow/example_dags/example_python_operator.py
[2025-02-03T10:04:23.554+0000] {logging_mixin.py:190} INFO - [2025-02-03T10:04:23.554+0000] {dag.py:3239} INFO - Sync 1 DAGs
[2025-02-03T10:04:23.569+0000] {logging_mixin.py:190} INFO - [2025-02-03T10:04:23.569+0000] {dag.py:4180} INFO - Setting next_dagrun for example_python_operator to None, run_after=None
[2025-02-03T10:04:23.612+0000] {processor.py:208} INFO - Processing /home/airflow/.local/lib/python3.12/site-packages/airflow/example_dags/example_python_operator.py took 0.098 seconds
[2025-02-03T10:04:53.988+0000] {processor.py:186} INFO - Started process (PID=1227) to work on /home/airflow/.local/lib/python3.12/site-packages/airflow/example_dags/example_python_operator.py
[2025-02-03T10:04:53.989+0000] {processor.py:914} INFO - Processing file /home/airflow/.local/lib/python3.12/site-packages/airflow/example_dags/example_python_operator.py for tasks to queue
[2025-02-03T10:04:53.991+0000] {logging_mixin.py:190} INFO - [2025-02-03T10:04:53.991+0000] {dagbag.py:588} INFO - Filling up the DagBag from /home/airflow/.local/lib/python3.12/site-packages/airflow/example_dags/example_python_operator.py
[2025-02-03T10:04:54.004+0000] {processor.py:925} INFO - DAG(s) 'example_python_operator' retrieved from /home/airflow/.local/lib/python3.12/site-packages/airflow/example_dags/example_python_operator.py
[2025-02-03T10:04:54.029+0000] {logging_mixin.py:190} INFO - [2025-02-03T10:04:54.029+0000] {dag.py:3239} INFO - Sync 1 DAGs
[2025-02-03T10:04:54.045+0000] {logging_mixin.py:190} INFO - [2025-02-03T10:04:54.045+0000] {dag.py:4180} INFO - Setting next_dagrun for example_python_operator to None, run_after=None
[2025-02-03T10:04:54.062+0000] {processor.py:208} INFO - Processing /home/airflow/.local/lib/python3.12/site-packages/airflow/example_dags/example_python_operator.py took 0.080 seconds
[2025-02-03T10:05:25.636+0000] {processor.py:186} INFO - Started process (PID=1292) to work on /home/airflow/.local/lib/python3.12/site-packages/airflow/example_dags/example_python_operator.py
[2025-02-03T10:05:25.638+0000] {processor.py:914} INFO - Processing file /home/airflow/.local/lib/python3.12/site-packages/airflow/example_dags/example_python_operator.py for tasks to queue
[2025-02-03T10:05:25.641+0000] {logging_mixin.py:190} INFO - [2025-02-03T10:05:25.640+0000] {dagbag.py:588} INFO - Filling up the DagBag from /home/airflow/.local/lib/python3.12/site-packages/airflow/example_dags/example_python_operator.py
[2025-02-03T10:05:25.651+0000] {processor.py:925} INFO - DAG(s) 'example_python_operator' retrieved from /home/airflow/.local/lib/python3.12/site-packages/airflow/example_dags/example_python_operator.py
[2025-02-03T10:05:25.669+0000] {logging_mixin.py:190} INFO - [2025-02-03T10:05:25.669+0000] {dag.py:3239} INFO - Sync 1 DAGs
[2025-02-03T10:05:25.680+0000] {logging_mixin.py:190} INFO - [2025-02-03T10:05:25.680+0000] {dag.py:4180} INFO - Setting next_dagrun for example_python_operator to None, run_after=None
[2025-02-03T10:05:25.696+0000] {processor.py:208} INFO - Processing /home/airflow/.local/lib/python3.12/site-packages/airflow/example_dags/example_python_operator.py took 0.064 seconds
[2025-02-03T10:05:56.357+0000] {processor.py:186} INFO - Started process (PID=1356) to work on /home/airflow/.local/lib/python3.12/site-packages/airflow/example_dags/example_python_operator.py
[2025-02-03T10:05:56.358+0000] {processor.py:914} INFO - Processing file /home/airflow/.local/lib/python3.12/site-packages/airflow/example_dags/example_python_operator.py for tasks to queue
[2025-02-03T10:05:56.363+0000] {logging_mixin.py:190} INFO - [2025-02-03T10:05:56.362+0000] {dagbag.py:588} INFO - Filling up the DagBag from /home/airflow/.local/lib/python3.12/site-packages/airflow/example_dags/example_python_operator.py
[2025-02-03T10:05:56.374+0000] {processor.py:925} INFO - DAG(s) 'example_python_operator' retrieved from /home/airflow/.local/lib/python3.12/site-packages/airflow/example_dags/example_python_operator.py
[2025-02-03T10:05:56.397+0000] {logging_mixin.py:190} INFO - [2025-02-03T10:05:56.397+0000] {dag.py:3239} INFO - Sync 1 DAGs
[2025-02-03T10:05:56.410+0000] {logging_mixin.py:190} INFO - [2025-02-03T10:05:56.410+0000] {dag.py:4180} INFO - Setting next_dagrun for example_python_operator to None, run_after=None
[2025-02-03T10:05:56.424+0000] {processor.py:208} INFO - Processing /home/airflow/.local/lib/python3.12/site-packages/airflow/example_dags/example_python_operator.py took 0.073 seconds
[2025-02-03T10:06:27.650+0000] {processor.py:186} INFO - Started process (PID=1420) to work on /home/airflow/.local/lib/python3.12/site-packages/airflow/example_dags/example_python_operator.py
[2025-02-03T10:06:27.651+0000] {processor.py:914} INFO - Processing file /home/airflow/.local/lib/python3.12/site-packages/airflow/example_dags/example_python_operator.py for tasks to queue
[2025-02-03T10:06:27.654+0000] {logging_mixin.py:190} INFO - [2025-02-03T10:06:27.653+0000] {dagbag.py:588} INFO - Filling up the DagBag from /home/airflow/.local/lib/python3.12/site-packages/airflow/example_dags/example_python_operator.py
[2025-02-03T10:06:27.669+0000] {processor.py:925} INFO - DAG(s) 'example_python_operator' retrieved from /home/airflow/.local/lib/python3.12/site-packages/airflow/example_dags/example_python_operator.py
[2025-02-03T10:06:27.692+0000] {logging_mixin.py:190} INFO - [2025-02-03T10:06:27.692+0000] {dag.py:3239} INFO - Sync 1 DAGs
[2025-02-03T10:06:27.710+0000] {logging_mixin.py:190} INFO - [2025-02-03T10:06:27.710+0000] {dag.py:4180} INFO - Setting next_dagrun for example_python_operator to None, run_after=None
[2025-02-03T10:06:27.733+0000] {processor.py:208} INFO - Processing /home/airflow/.local/lib/python3.12/site-packages/airflow/example_dags/example_python_operator.py took 0.089 seconds
[2025-02-03T10:13:07.437+0000] {processor.py:186} INFO - Started process (PID=78) to work on /home/airflow/.local/lib/python3.12/site-packages/airflow/example_dags/example_python_operator.py
[2025-02-03T10:13:07.454+0000] {processor.py:914} INFO - Processing file /home/airflow/.local/lib/python3.12/site-packages/airflow/example_dags/example_python_operator.py for tasks to queue
[2025-02-03T10:13:07.470+0000] {logging_mixin.py:190} INFO - [2025-02-03T10:13:07.469+0000] {dagbag.py:588} INFO - Filling up the DagBag from /home/airflow/.local/lib/python3.12/site-packages/airflow/example_dags/example_python_operator.py
[2025-02-03T10:13:07.560+0000] {processor.py:925} INFO - DAG(s) 'example_python_operator' retrieved from /home/airflow/.local/lib/python3.12/site-packages/airflow/example_dags/example_python_operator.py
[2025-02-03T10:13:07.770+0000] {logging_mixin.py:190} INFO - [2025-02-03T10:13:07.770+0000] {dag.py:3239} INFO - Sync 1 DAGs
[2025-02-03T10:13:07.783+0000] {logging_mixin.py:190} INFO - [2025-02-03T10:13:07.783+0000] {dag.py:4180} INFO - Setting next_dagrun for example_python_operator to None, run_after=None
[2025-02-03T10:13:07.823+0000] {processor.py:208} INFO - Processing /home/airflow/.local/lib/python3.12/site-packages/airflow/example_dags/example_python_operator.py took 0.413 seconds
[2025-02-03T10:13:38.549+0000] {processor.py:186} INFO - Started process (PID=142) to work on /home/airflow/.local/lib/python3.12/site-packages/airflow/example_dags/example_python_operator.py
[2025-02-03T10:13:38.552+0000] {processor.py:914} INFO - Processing file /home/airflow/.local/lib/python3.12/site-packages/airflow/example_dags/example_python_operator.py for tasks to queue
[2025-02-03T10:13:38.556+0000] {logging_mixin.py:190} INFO - [2025-02-03T10:13:38.555+0000] {dagbag.py:588} INFO - Filling up the DagBag from /home/airflow/.local/lib/python3.12/site-packages/airflow/example_dags/example_python_operator.py
[2025-02-03T10:13:38.582+0000] {processor.py:925} INFO - DAG(s) 'example_python_operator' retrieved from /home/airflow/.local/lib/python3.12/site-packages/airflow/example_dags/example_python_operator.py
[2025-02-03T10:13:38.647+0000] {logging_mixin.py:190} INFO - [2025-02-03T10:13:38.646+0000] {dag.py:3239} INFO - Sync 1 DAGs
[2025-02-03T10:13:38.673+0000] {logging_mixin.py:190} INFO - [2025-02-03T10:13:38.673+0000] {dag.py:4180} INFO - Setting next_dagrun for example_python_operator to None, run_after=None
[2025-02-03T10:13:38.703+0000] {processor.py:208} INFO - Processing /home/airflow/.local/lib/python3.12/site-packages/airflow/example_dags/example_python_operator.py took 0.163 seconds
[2025-02-03T10:14:10.536+0000] {processor.py:186} INFO - Started process (PID=206) to work on /home/airflow/.local/lib/python3.12/site-packages/airflow/example_dags/example_python_operator.py
[2025-02-03T10:14:10.547+0000] {processor.py:914} INFO - Processing file /home/airflow/.local/lib/python3.12/site-packages/airflow/example_dags/example_python_operator.py for tasks to queue
[2025-02-03T10:14:10.556+0000] {logging_mixin.py:190} INFO - [2025-02-03T10:14:10.556+0000] {dagbag.py:588} INFO - Filling up the DagBag from /home/airflow/.local/lib/python3.12/site-packages/airflow/example_dags/example_python_operator.py
[2025-02-03T10:14:10.583+0000] {processor.py:925} INFO - DAG(s) 'example_python_operator' retrieved from /home/airflow/.local/lib/python3.12/site-packages/airflow/example_dags/example_python_operator.py
[2025-02-03T10:14:10.611+0000] {logging_mixin.py:190} INFO - [2025-02-03T10:14:10.611+0000] {dag.py:3239} INFO - Sync 1 DAGs
[2025-02-03T10:14:10.634+0000] {logging_mixin.py:190} INFO - [2025-02-03T10:14:10.634+0000] {dag.py:4180} INFO - Setting next_dagrun for example_python_operator to None, run_after=None
[2025-02-03T10:14:10.652+0000] {processor.py:208} INFO - Processing /home/airflow/.local/lib/python3.12/site-packages/airflow/example_dags/example_python_operator.py took 0.124 seconds
[2025-02-03T10:14:40.990+0000] {processor.py:186} INFO - Started process (PID=264) to work on /home/airflow/.local/lib/python3.12/site-packages/airflow/example_dags/example_python_operator.py
[2025-02-03T10:14:40.991+0000] {processor.py:914} INFO - Processing file /home/airflow/.local/lib/python3.12/site-packages/airflow/example_dags/example_python_operator.py for tasks to queue
[2025-02-03T10:14:40.994+0000] {logging_mixin.py:190} INFO - [2025-02-03T10:14:40.994+0000] {dagbag.py:588} INFO - Filling up the DagBag from /home/airflow/.local/lib/python3.12/site-packages/airflow/example_dags/example_python_operator.py
[2025-02-03T10:14:41.005+0000] {processor.py:925} INFO - DAG(s) 'example_python_operator' retrieved from /home/airflow/.local/lib/python3.12/site-packages/airflow/example_dags/example_python_operator.py
[2025-02-03T10:14:41.023+0000] {logging_mixin.py:190} INFO - [2025-02-03T10:14:41.023+0000] {dag.py:3239} INFO - Sync 1 DAGs
[2025-02-03T10:14:41.036+0000] {logging_mixin.py:190} INFO - [2025-02-03T10:14:41.036+0000] {dag.py:4180} INFO - Setting next_dagrun for example_python_operator to None, run_after=None
[2025-02-03T10:14:41.051+0000] {processor.py:208} INFO - Processing /home/airflow/.local/lib/python3.12/site-packages/airflow/example_dags/example_python_operator.py took 0.066 seconds
[2025-02-03T10:15:11.453+0000] {processor.py:186} INFO - Started process (PID=329) to work on /home/airflow/.local/lib/python3.12/site-packages/airflow/example_dags/example_python_operator.py
[2025-02-03T10:15:11.455+0000] {processor.py:914} INFO - Processing file /home/airflow/.local/lib/python3.12/site-packages/airflow/example_dags/example_python_operator.py for tasks to queue
[2025-02-03T10:15:11.457+0000] {logging_mixin.py:190} INFO - [2025-02-03T10:15:11.457+0000] {dagbag.py:588} INFO - Filling up the DagBag from /home/airflow/.local/lib/python3.12/site-packages/airflow/example_dags/example_python_operator.py
[2025-02-03T10:15:11.482+0000] {processor.py:925} INFO - DAG(s) 'example_python_operator' retrieved from /home/airflow/.local/lib/python3.12/site-packages/airflow/example_dags/example_python_operator.py
[2025-02-03T10:15:11.501+0000] {logging_mixin.py:190} INFO - [2025-02-03T10:15:11.500+0000] {dag.py:3239} INFO - Sync 1 DAGs
[2025-02-03T10:15:11.519+0000] {logging_mixin.py:190} INFO - [2025-02-03T10:15:11.519+0000] {dag.py:4180} INFO - Setting next_dagrun for example_python_operator to None, run_after=None
[2025-02-03T10:15:11.541+0000] {processor.py:208} INFO - Processing /home/airflow/.local/lib/python3.12/site-packages/airflow/example_dags/example_python_operator.py took 0.098 seconds
[2025-02-03T10:15:41.636+0000] {processor.py:186} INFO - Started process (PID=393) to work on /home/airflow/.local/lib/python3.12/site-packages/airflow/example_dags/example_python_operator.py
[2025-02-03T10:15:41.638+0000] {processor.py:914} INFO - Processing file /home/airflow/.local/lib/python3.12/site-packages/airflow/example_dags/example_python_operator.py for tasks to queue
[2025-02-03T10:15:41.640+0000] {logging_mixin.py:190} INFO - [2025-02-03T10:15:41.639+0000] {dagbag.py:588} INFO - Filling up the DagBag from /home/airflow/.local/lib/python3.12/site-packages/airflow/example_dags/example_python_operator.py
[2025-02-03T10:15:41.652+0000] {processor.py:925} INFO - DAG(s) 'example_python_operator' retrieved from /home/airflow/.local/lib/python3.12/site-packages/airflow/example_dags/example_python_operator.py
[2025-02-03T10:15:41.669+0000] {logging_mixin.py:190} INFO - [2025-02-03T10:15:41.669+0000] {dag.py:3239} INFO - Sync 1 DAGs
[2025-02-03T10:15:41.681+0000] {logging_mixin.py:190} INFO - [2025-02-03T10:15:41.680+0000] {dag.py:4180} INFO - Setting next_dagrun for example_python_operator to None, run_after=None
[2025-02-03T10:15:41.697+0000] {processor.py:208} INFO - Processing /home/airflow/.local/lib/python3.12/site-packages/airflow/example_dags/example_python_operator.py took 0.068 seconds
[2025-02-03T10:16:13.483+0000] {processor.py:186} INFO - Started process (PID=456) to work on /home/airflow/.local/lib/python3.12/site-packages/airflow/example_dags/example_python_operator.py
[2025-02-03T10:16:13.485+0000] {processor.py:914} INFO - Processing file /home/airflow/.local/lib/python3.12/site-packages/airflow/example_dags/example_python_operator.py for tasks to queue
[2025-02-03T10:16:13.487+0000] {logging_mixin.py:190} INFO - [2025-02-03T10:16:13.486+0000] {dagbag.py:588} INFO - Filling up the DagBag from /home/airflow/.local/lib/python3.12/site-packages/airflow/example_dags/example_python_operator.py
[2025-02-03T10:16:13.496+0000] {processor.py:925} INFO - DAG(s) 'example_python_operator' retrieved from /home/airflow/.local/lib/python3.12/site-packages/airflow/example_dags/example_python_operator.py
[2025-02-03T10:16:13.517+0000] {logging_mixin.py:190} INFO - [2025-02-03T10:16:13.517+0000] {dag.py:3239} INFO - Sync 1 DAGs
[2025-02-03T10:16:13.544+0000] {logging_mixin.py:190} INFO - [2025-02-03T10:16:13.544+0000] {dag.py:4180} INFO - Setting next_dagrun for example_python_operator to None, run_after=None
[2025-02-03T10:16:13.578+0000] {processor.py:208} INFO - Processing /home/airflow/.local/lib/python3.12/site-packages/airflow/example_dags/example_python_operator.py took 0.103 seconds
[2025-02-03T10:16:44.796+0000] {processor.py:186} INFO - Started process (PID=521) to work on /home/airflow/.local/lib/python3.12/site-packages/airflow/example_dags/example_python_operator.py
[2025-02-03T10:16:44.814+0000] {processor.py:914} INFO - Processing file /home/airflow/.local/lib/python3.12/site-packages/airflow/example_dags/example_python_operator.py for tasks to queue
[2025-02-03T10:16:44.816+0000] {logging_mixin.py:190} INFO - [2025-02-03T10:16:44.816+0000] {dagbag.py:588} INFO - Filling up the DagBag from /home/airflow/.local/lib/python3.12/site-packages/airflow/example_dags/example_python_operator.py
[2025-02-03T10:16:44.838+0000] {processor.py:925} INFO - DAG(s) 'example_python_operator' retrieved from /home/airflow/.local/lib/python3.12/site-packages/airflow/example_dags/example_python_operator.py
[2025-02-03T10:16:44.882+0000] {logging_mixin.py:190} INFO - [2025-02-03T10:16:44.882+0000] {dag.py:3239} INFO - Sync 1 DAGs
[2025-02-03T10:16:44.907+0000] {logging_mixin.py:190} INFO - [2025-02-03T10:16:44.906+0000] {dag.py:4180} INFO - Setting next_dagrun for example_python_operator to None, run_after=None
[2025-02-03T10:16:44.950+0000] {processor.py:208} INFO - Processing /home/airflow/.local/lib/python3.12/site-packages/airflow/example_dags/example_python_operator.py took 0.159 seconds
[2025-02-03T10:17:16.501+0000] {processor.py:186} INFO - Started process (PID=586) to work on /home/airflow/.local/lib/python3.12/site-packages/airflow/example_dags/example_python_operator.py
[2025-02-03T10:17:16.502+0000] {processor.py:914} INFO - Processing file /home/airflow/.local/lib/python3.12/site-packages/airflow/example_dags/example_python_operator.py for tasks to queue
[2025-02-03T10:17:16.504+0000] {logging_mixin.py:190} INFO - [2025-02-03T10:17:16.504+0000] {dagbag.py:588} INFO - Filling up the DagBag from /home/airflow/.local/lib/python3.12/site-packages/airflow/example_dags/example_python_operator.py
[2025-02-03T10:17:16.517+0000] {processor.py:925} INFO - DAG(s) 'example_python_operator' retrieved from /home/airflow/.local/lib/python3.12/site-packages/airflow/example_dags/example_python_operator.py
[2025-02-03T10:17:16.536+0000] {logging_mixin.py:190} INFO - [2025-02-03T10:17:16.535+0000] {dag.py:3239} INFO - Sync 1 DAGs
[2025-02-03T10:17:16.550+0000] {logging_mixin.py:190} INFO - [2025-02-03T10:17:16.550+0000] {dag.py:4180} INFO - Setting next_dagrun for example_python_operator to None, run_after=None
[2025-02-03T10:17:16.568+0000] {processor.py:208} INFO - Processing /home/airflow/.local/lib/python3.12/site-packages/airflow/example_dags/example_python_operator.py took 0.075 seconds
[2025-02-03T10:17:47.135+0000] {processor.py:186} INFO - Started process (PID=650) to work on /home/airflow/.local/lib/python3.12/site-packages/airflow/example_dags/example_python_operator.py
[2025-02-03T10:17:47.136+0000] {processor.py:914} INFO - Processing file /home/airflow/.local/lib/python3.12/site-packages/airflow/example_dags/example_python_operator.py for tasks to queue
[2025-02-03T10:17:47.139+0000] {logging_mixin.py:190} INFO - [2025-02-03T10:17:47.139+0000] {dagbag.py:588} INFO - Filling up the DagBag from /home/airflow/.local/lib/python3.12/site-packages/airflow/example_dags/example_python_operator.py
[2025-02-03T10:17:47.150+0000] {processor.py:925} INFO - DAG(s) 'example_python_operator' retrieved from /home/airflow/.local/lib/python3.12/site-packages/airflow/example_dags/example_python_operator.py
[2025-02-03T10:17:47.169+0000] {logging_mixin.py:190} INFO - [2025-02-03T10:17:47.169+0000] {dag.py:3239} INFO - Sync 1 DAGs
[2025-02-03T10:17:47.181+0000] {logging_mixin.py:190} INFO - [2025-02-03T10:17:47.181+0000] {dag.py:4180} INFO - Setting next_dagrun for example_python_operator to None, run_after=None
[2025-02-03T10:17:47.197+0000] {processor.py:208} INFO - Processing /home/airflow/.local/lib/python3.12/site-packages/airflow/example_dags/example_python_operator.py took 0.067 seconds
[2025-02-03T10:18:17.718+0000] {processor.py:186} INFO - Started process (PID=715) to work on /home/airflow/.local/lib/python3.12/site-packages/airflow/example_dags/example_python_operator.py
[2025-02-03T10:18:17.719+0000] {processor.py:914} INFO - Processing file /home/airflow/.local/lib/python3.12/site-packages/airflow/example_dags/example_python_operator.py for tasks to queue
[2025-02-03T10:18:17.726+0000] {logging_mixin.py:190} INFO - [2025-02-03T10:18:17.725+0000] {dagbag.py:588} INFO - Filling up the DagBag from /home/airflow/.local/lib/python3.12/site-packages/airflow/example_dags/example_python_operator.py
[2025-02-03T10:18:17.736+0000] {processor.py:925} INFO - DAG(s) 'example_python_operator' retrieved from /home/airflow/.local/lib/python3.12/site-packages/airflow/example_dags/example_python_operator.py
[2025-02-03T10:18:17.776+0000] {logging_mixin.py:190} INFO - [2025-02-03T10:18:17.775+0000] {dag.py:3239} INFO - Sync 1 DAGs
[2025-02-03T10:18:17.795+0000] {logging_mixin.py:190} INFO - [2025-02-03T10:18:17.795+0000] {dag.py:4180} INFO - Setting next_dagrun for example_python_operator to None, run_after=None
[2025-02-03T10:18:17.811+0000] {processor.py:208} INFO - Processing /home/airflow/.local/lib/python3.12/site-packages/airflow/example_dags/example_python_operator.py took 0.100 seconds
[2025-02-03T10:18:49.144+0000] {processor.py:186} INFO - Started process (PID=779) to work on /home/airflow/.local/lib/python3.12/site-packages/airflow/example_dags/example_python_operator.py
[2025-02-03T10:18:49.145+0000] {processor.py:914} INFO - Processing file /home/airflow/.local/lib/python3.12/site-packages/airflow/example_dags/example_python_operator.py for tasks to queue
[2025-02-03T10:18:49.148+0000] {logging_mixin.py:190} INFO - [2025-02-03T10:18:49.147+0000] {dagbag.py:588} INFO - Filling up the DagBag from /home/airflow/.local/lib/python3.12/site-packages/airflow/example_dags/example_python_operator.py
[2025-02-03T10:18:49.158+0000] {processor.py:925} INFO - DAG(s) 'example_python_operator' retrieved from /home/airflow/.local/lib/python3.12/site-packages/airflow/example_dags/example_python_operator.py
[2025-02-03T10:18:49.175+0000] {logging_mixin.py:190} INFO - [2025-02-03T10:18:49.175+0000] {dag.py:3239} INFO - Sync 1 DAGs
[2025-02-03T10:18:49.187+0000] {logging_mixin.py:190} INFO - [2025-02-03T10:18:49.187+0000] {dag.py:4180} INFO - Setting next_dagrun for example_python_operator to None, run_after=None
[2025-02-03T10:18:49.202+0000] {processor.py:208} INFO - Processing /home/airflow/.local/lib/python3.12/site-packages/airflow/example_dags/example_python_operator.py took 0.063 seconds
[2025-02-03T10:19:22.323+0000] {processor.py:186} INFO - Started process (PID=844) to work on /home/airflow/.local/lib/python3.12/site-packages/airflow/example_dags/example_python_operator.py
[2025-02-03T10:19:22.331+0000] {processor.py:914} INFO - Processing file /home/airflow/.local/lib/python3.12/site-packages/airflow/example_dags/example_python_operator.py for tasks to queue
[2025-02-03T10:19:22.333+0000] {logging_mixin.py:190} INFO - [2025-02-03T10:19:22.333+0000] {dagbag.py:588} INFO - Filling up the DagBag from /home/airflow/.local/lib/python3.12/site-packages/airflow/example_dags/example_python_operator.py
[2025-02-03T10:19:22.347+0000] {processor.py:925} INFO - DAG(s) 'example_python_operator' retrieved from /home/airflow/.local/lib/python3.12/site-packages/airflow/example_dags/example_python_operator.py
[2025-02-03T10:19:22.381+0000] {logging_mixin.py:190} INFO - [2025-02-03T10:19:22.381+0000] {dag.py:3239} INFO - Sync 1 DAGs
[2025-02-03T10:19:22.402+0000] {logging_mixin.py:190} INFO - [2025-02-03T10:19:22.402+0000] {dag.py:4180} INFO - Setting next_dagrun for example_python_operator to None, run_after=None
[2025-02-03T10:19:22.438+0000] {processor.py:208} INFO - Processing /home/airflow/.local/lib/python3.12/site-packages/airflow/example_dags/example_python_operator.py took 0.120 seconds
[2025-02-03T10:19:55.137+0000] {processor.py:186} INFO - Started process (PID=908) to work on /home/airflow/.local/lib/python3.12/site-packages/airflow/example_dags/example_python_operator.py
[2025-02-03T10:19:55.138+0000] {processor.py:914} INFO - Processing file /home/airflow/.local/lib/python3.12/site-packages/airflow/example_dags/example_python_operator.py for tasks to queue
[2025-02-03T10:19:55.142+0000] {logging_mixin.py:190} INFO - [2025-02-03T10:19:55.142+0000] {dagbag.py:588} INFO - Filling up the DagBag from /home/airflow/.local/lib/python3.12/site-packages/airflow/example_dags/example_python_operator.py
[2025-02-03T10:19:55.153+0000] {processor.py:925} INFO - DAG(s) 'example_python_operator' retrieved from /home/airflow/.local/lib/python3.12/site-packages/airflow/example_dags/example_python_operator.py
[2025-02-03T10:19:55.171+0000] {logging_mixin.py:190} INFO - [2025-02-03T10:19:55.171+0000] {dag.py:3239} INFO - Sync 1 DAGs
[2025-02-03T10:19:55.182+0000] {logging_mixin.py:190} INFO - [2025-02-03T10:19:55.182+0000] {dag.py:4180} INFO - Setting next_dagrun for example_python_operator to None, run_after=None
[2025-02-03T10:19:55.196+0000] {processor.py:208} INFO - Processing /home/airflow/.local/lib/python3.12/site-packages/airflow/example_dags/example_python_operator.py took 0.063 seconds
