[2025-02-03T09:44:31.027+0000] {processor.py:186} INFO - Started process (PID=55) to work on /home/airflow/.local/lib/python3.12/site-packages/airflow/example_dags/example_dataset_alias.py
[2025-02-03T09:44:31.031+0000] {processor.py:914} INFO - Processing file /home/airflow/.local/lib/python3.12/site-packages/airflow/example_dags/example_dataset_alias.py for tasks to queue
[2025-02-03T09:44:31.035+0000] {logging_mixin.py:190} INFO - [2025-02-03T09:44:31.035+0000] {dagbag.py:588} INFO - Filling up the DagBag from /home/airflow/.local/lib/python3.12/site-packages/airflow/example_dags/example_dataset_alias.py
[2025-02-03T09:44:31.808+0000] {processor.py:925} INFO - DAG(s) 'dataset_alias_example_alias_producer', 'dataset_s3_bucket_consumer', 'dataset_alias_example_alias_consumer', 'dataset_s3_bucket_producer' retrieved from /home/airflow/.local/lib/python3.12/site-packages/airflow/example_dags/example_dataset_alias.py
[2025-02-03T09:44:31.971+0000] {logging_mixin.py:190} INFO - [2025-02-03T09:44:31.970+0000] {override.py:1911} INFO - Created Permission View: can edit on DAG:dataset_alias_example_alias_producer
[2025-02-03T09:44:31.981+0000] {logging_mixin.py:190} INFO - [2025-02-03T09:44:31.981+0000] {override.py:1911} INFO - Created Permission View: can read on DAG:dataset_alias_example_alias_producer
[2025-02-03T09:44:31.991+0000] {logging_mixin.py:190} INFO - [2025-02-03T09:44:31.991+0000] {override.py:1911} INFO - Created Permission View: can delete on DAG:dataset_alias_example_alias_producer
[2025-02-03T09:44:32.013+0000] {logging_mixin.py:190} INFO - [2025-02-03T09:44:32.013+0000] {override.py:1911} INFO - Created Permission View: can read on DAG Run:dataset_alias_example_alias_producer
[2025-02-03T09:44:32.023+0000] {logging_mixin.py:190} INFO - [2025-02-03T09:44:32.023+0000] {override.py:1911} INFO - Created Permission View: can delete on DAG Run:dataset_alias_example_alias_producer
[2025-02-03T09:44:32.040+0000] {logging_mixin.py:190} INFO - [2025-02-03T09:44:32.039+0000] {override.py:1911} INFO - Created Permission View: can create on DAG Run:dataset_alias_example_alias_producer
[2025-02-03T09:44:32.046+0000] {logging_mixin.py:190} INFO - [2025-02-03T09:44:32.046+0000] {override.py:1911} INFO - Created Permission View: menu access on DAG Run:dataset_alias_example_alias_producer
[2025-02-03T09:44:32.070+0000] {logging_mixin.py:190} INFO - [2025-02-03T09:44:32.069+0000] {override.py:1911} INFO - Created Permission View: can edit on DAG:dataset_s3_bucket_consumer
[2025-02-03T09:44:32.081+0000] {logging_mixin.py:190} INFO - [2025-02-03T09:44:32.081+0000] {override.py:1911} INFO - Created Permission View: can read on DAG:dataset_s3_bucket_consumer
[2025-02-03T09:44:32.099+0000] {logging_mixin.py:190} INFO - [2025-02-03T09:44:32.099+0000] {override.py:1911} INFO - Created Permission View: can delete on DAG:dataset_s3_bucket_consumer
[2025-02-03T09:44:32.110+0000] {logging_mixin.py:190} INFO - [2025-02-03T09:44:32.110+0000] {override.py:1911} INFO - Created Permission View: can read on DAG Run:dataset_s3_bucket_consumer
[2025-02-03T09:44:32.118+0000] {logging_mixin.py:190} INFO - [2025-02-03T09:44:32.117+0000] {override.py:1911} INFO - Created Permission View: can delete on DAG Run:dataset_s3_bucket_consumer
[2025-02-03T09:44:32.125+0000] {logging_mixin.py:190} INFO - [2025-02-03T09:44:32.125+0000] {override.py:1911} INFO - Created Permission View: can create on DAG Run:dataset_s3_bucket_consumer
[2025-02-03T09:44:32.131+0000] {logging_mixin.py:190} INFO - [2025-02-03T09:44:32.131+0000] {override.py:1911} INFO - Created Permission View: menu access on DAG Run:dataset_s3_bucket_consumer
[2025-02-03T09:44:32.143+0000] {logging_mixin.py:190} INFO - [2025-02-03T09:44:32.142+0000] {override.py:1911} INFO - Created Permission View: can edit on DAG:dataset_alias_example_alias_consumer
[2025-02-03T09:44:32.149+0000] {logging_mixin.py:190} INFO - [2025-02-03T09:44:32.149+0000] {override.py:1911} INFO - Created Permission View: can read on DAG:dataset_alias_example_alias_consumer
[2025-02-03T09:44:32.157+0000] {logging_mixin.py:190} INFO - [2025-02-03T09:44:32.156+0000] {override.py:1911} INFO - Created Permission View: can delete on DAG:dataset_alias_example_alias_consumer
[2025-02-03T09:44:32.167+0000] {logging_mixin.py:190} INFO - [2025-02-03T09:44:32.167+0000] {override.py:1911} INFO - Created Permission View: can read on DAG Run:dataset_alias_example_alias_consumer
[2025-02-03T09:44:32.178+0000] {logging_mixin.py:190} INFO - [2025-02-03T09:44:32.178+0000] {override.py:1911} INFO - Created Permission View: can delete on DAG Run:dataset_alias_example_alias_consumer
[2025-02-03T09:44:32.187+0000] {logging_mixin.py:190} INFO - [2025-02-03T09:44:32.186+0000] {override.py:1911} INFO - Created Permission View: can create on DAG Run:dataset_alias_example_alias_consumer
[2025-02-03T09:44:32.195+0000] {logging_mixin.py:190} INFO - [2025-02-03T09:44:32.195+0000] {override.py:1911} INFO - Created Permission View: menu access on DAG Run:dataset_alias_example_alias_consumer
[2025-02-03T09:44:32.211+0000] {logging_mixin.py:190} INFO - [2025-02-03T09:44:32.210+0000] {override.py:1911} INFO - Created Permission View: can edit on DAG:dataset_s3_bucket_producer
[2025-02-03T09:44:32.218+0000] {logging_mixin.py:190} INFO - [2025-02-03T09:44:32.218+0000] {override.py:1911} INFO - Created Permission View: can read on DAG:dataset_s3_bucket_producer
[2025-02-03T09:44:32.227+0000] {logging_mixin.py:190} INFO - [2025-02-03T09:44:32.226+0000] {override.py:1911} INFO - Created Permission View: can delete on DAG:dataset_s3_bucket_producer
[2025-02-03T09:44:32.234+0000] {logging_mixin.py:190} INFO - [2025-02-03T09:44:32.234+0000] {override.py:1911} INFO - Created Permission View: can read on DAG Run:dataset_s3_bucket_producer
[2025-02-03T09:44:32.241+0000] {logging_mixin.py:190} INFO - [2025-02-03T09:44:32.241+0000] {override.py:1911} INFO - Created Permission View: can delete on DAG Run:dataset_s3_bucket_producer
[2025-02-03T09:44:32.249+0000] {logging_mixin.py:190} INFO - [2025-02-03T09:44:32.248+0000] {override.py:1911} INFO - Created Permission View: can create on DAG Run:dataset_s3_bucket_producer
[2025-02-03T09:44:32.257+0000] {logging_mixin.py:190} INFO - [2025-02-03T09:44:32.257+0000] {override.py:1911} INFO - Created Permission View: menu access on DAG Run:dataset_s3_bucket_producer
[2025-02-03T09:44:32.259+0000] {logging_mixin.py:190} INFO - [2025-02-03T09:44:32.258+0000] {dag.py:3239} INFO - Sync 4 DAGs
[2025-02-03T09:44:32.271+0000] {logging_mixin.py:190} INFO - [2025-02-03T09:44:32.270+0000] {dag.py:3262} INFO - Creating ORM DAG for dataset_alias_example_alias_consumer
[2025-02-03T09:44:32.276+0000] {logging_mixin.py:190} INFO - [2025-02-03T09:44:32.275+0000] {dag.py:3262} INFO - Creating ORM DAG for dataset_s3_bucket_consumer
[2025-02-03T09:44:32.277+0000] {logging_mixin.py:190} INFO - [2025-02-03T09:44:32.276+0000] {dag.py:3262} INFO - Creating ORM DAG for dataset_alias_example_alias_producer
[2025-02-03T09:44:32.278+0000] {logging_mixin.py:190} INFO - [2025-02-03T09:44:32.278+0000] {dag.py:3262} INFO - Creating ORM DAG for dataset_s3_bucket_producer
[2025-02-03T09:44:32.293+0000] {logging_mixin.py:190} INFO - [2025-02-03T09:44:32.293+0000] {dag.py:4180} INFO - Setting next_dagrun for dataset_alias_example_alias_consumer to None, run_after=None
[2025-02-03T09:44:32.294+0000] {logging_mixin.py:190} INFO - [2025-02-03T09:44:32.294+0000] {dag.py:4180} INFO - Setting next_dagrun for dataset_alias_example_alias_producer to None, run_after=None
[2025-02-03T09:44:32.298+0000] {logging_mixin.py:190} INFO - [2025-02-03T09:44:32.298+0000] {dag.py:4180} INFO - Setting next_dagrun for dataset_s3_bucket_consumer to None, run_after=None
[2025-02-03T09:44:32.299+0000] {logging_mixin.py:190} INFO - [2025-02-03T09:44:32.299+0000] {dag.py:4180} INFO - Setting next_dagrun for dataset_s3_bucket_producer to None, run_after=None
[2025-02-03T09:44:32.347+0000] {processor.py:208} INFO - Processing /home/airflow/.local/lib/python3.12/site-packages/airflow/example_dags/example_dataset_alias.py took 1.325 seconds
[2025-02-03T09:45:12.198+0000] {processor.py:186} INFO - Started process (PID=117) to work on /home/airflow/.local/lib/python3.12/site-packages/airflow/example_dags/example_dataset_alias.py
[2025-02-03T09:45:12.207+0000] {processor.py:914} INFO - Processing file /home/airflow/.local/lib/python3.12/site-packages/airflow/example_dags/example_dataset_alias.py for tasks to queue
[2025-02-03T09:45:12.216+0000] {logging_mixin.py:190} INFO - [2025-02-03T09:45:12.215+0000] {dagbag.py:588} INFO - Filling up the DagBag from /home/airflow/.local/lib/python3.12/site-packages/airflow/example_dags/example_dataset_alias.py
[2025-02-03T09:45:13.363+0000] {processor.py:925} INFO - DAG(s) 'dataset_alias_example_alias_consumer', 'dataset_alias_example_alias_producer', 'dataset_s3_bucket_producer', 'dataset_s3_bucket_consumer' retrieved from /home/airflow/.local/lib/python3.12/site-packages/airflow/example_dags/example_dataset_alias.py
[2025-02-03T09:45:13.472+0000] {logging_mixin.py:190} INFO - [2025-02-03T09:45:13.471+0000] {dag.py:3239} INFO - Sync 4 DAGs
[2025-02-03T09:45:13.535+0000] {logging_mixin.py:190} INFO - [2025-02-03T09:45:13.534+0000] {dag.py:4180} INFO - Setting next_dagrun for dataset_alias_example_alias_consumer to None, run_after=None
[2025-02-03T09:45:13.547+0000] {logging_mixin.py:190} INFO - [2025-02-03T09:45:13.547+0000] {dag.py:4180} INFO - Setting next_dagrun for dataset_alias_example_alias_producer to None, run_after=None
[2025-02-03T09:45:13.556+0000] {logging_mixin.py:190} INFO - [2025-02-03T09:45:13.556+0000] {dag.py:4180} INFO - Setting next_dagrun for dataset_s3_bucket_consumer to None, run_after=None
[2025-02-03T09:45:13.564+0000] {logging_mixin.py:190} INFO - [2025-02-03T09:45:13.563+0000] {dag.py:4180} INFO - Setting next_dagrun for dataset_s3_bucket_producer to None, run_after=None
[2025-02-03T09:45:13.631+0000] {processor.py:208} INFO - Processing /home/airflow/.local/lib/python3.12/site-packages/airflow/example_dags/example_dataset_alias.py took 1.457 seconds
[2025-02-03T09:45:44.762+0000] {processor.py:186} INFO - Started process (PID=182) to work on /home/airflow/.local/lib/python3.12/site-packages/airflow/example_dags/example_dataset_alias.py
[2025-02-03T09:45:44.764+0000] {processor.py:914} INFO - Processing file /home/airflow/.local/lib/python3.12/site-packages/airflow/example_dags/example_dataset_alias.py for tasks to queue
[2025-02-03T09:45:44.766+0000] {logging_mixin.py:190} INFO - [2025-02-03T09:45:44.766+0000] {dagbag.py:588} INFO - Filling up the DagBag from /home/airflow/.local/lib/python3.12/site-packages/airflow/example_dags/example_dataset_alias.py
[2025-02-03T09:45:45.286+0000] {processor.py:925} INFO - DAG(s) 'dataset_alias_example_alias_consumer', 'dataset_s3_bucket_producer', 'dataset_alias_example_alias_producer', 'dataset_s3_bucket_consumer' retrieved from /home/airflow/.local/lib/python3.12/site-packages/airflow/example_dags/example_dataset_alias.py
[2025-02-03T09:45:45.306+0000] {logging_mixin.py:190} INFO - [2025-02-03T09:45:45.306+0000] {dag.py:3239} INFO - Sync 4 DAGs
[2025-02-03T09:45:45.323+0000] {logging_mixin.py:190} INFO - [2025-02-03T09:45:45.322+0000] {dag.py:4180} INFO - Setting next_dagrun for dataset_alias_example_alias_consumer to None, run_after=None
[2025-02-03T09:45:45.325+0000] {logging_mixin.py:190} INFO - [2025-02-03T09:45:45.325+0000] {dag.py:4180} INFO - Setting next_dagrun for dataset_alias_example_alias_producer to None, run_after=None
[2025-02-03T09:45:45.327+0000] {logging_mixin.py:190} INFO - [2025-02-03T09:45:45.326+0000] {dag.py:4180} INFO - Setting next_dagrun for dataset_s3_bucket_consumer to None, run_after=None
[2025-02-03T09:45:45.328+0000] {logging_mixin.py:190} INFO - [2025-02-03T09:45:45.328+0000] {dag.py:4180} INFO - Setting next_dagrun for dataset_s3_bucket_producer to None, run_after=None
[2025-02-03T09:45:45.345+0000] {processor.py:208} INFO - Processing /home/airflow/.local/lib/python3.12/site-packages/airflow/example_dags/example_dataset_alias.py took 0.589 seconds
[2025-02-03T09:46:17.286+0000] {processor.py:186} INFO - Started process (PID=247) to work on /home/airflow/.local/lib/python3.12/site-packages/airflow/example_dags/example_dataset_alias.py
[2025-02-03T09:46:17.288+0000] {processor.py:914} INFO - Processing file /home/airflow/.local/lib/python3.12/site-packages/airflow/example_dags/example_dataset_alias.py for tasks to queue
[2025-02-03T09:46:17.291+0000] {logging_mixin.py:190} INFO - [2025-02-03T09:46:17.291+0000] {dagbag.py:588} INFO - Filling up the DagBag from /home/airflow/.local/lib/python3.12/site-packages/airflow/example_dags/example_dataset_alias.py
[2025-02-03T09:46:18.219+0000] {processor.py:925} INFO - DAG(s) 'dataset_s3_bucket_producer', 'dataset_alias_example_alias_producer', 'dataset_alias_example_alias_consumer', 'dataset_s3_bucket_consumer' retrieved from /home/airflow/.local/lib/python3.12/site-packages/airflow/example_dags/example_dataset_alias.py
[2025-02-03T09:46:18.261+0000] {logging_mixin.py:190} INFO - [2025-02-03T09:46:18.260+0000] {dag.py:3239} INFO - Sync 4 DAGs
[2025-02-03T09:46:18.315+0000] {logging_mixin.py:190} INFO - [2025-02-03T09:46:18.314+0000] {dag.py:4180} INFO - Setting next_dagrun for dataset_alias_example_alias_consumer to None, run_after=None
[2025-02-03T09:46:18.318+0000] {logging_mixin.py:190} INFO - [2025-02-03T09:46:18.317+0000] {dag.py:4180} INFO - Setting next_dagrun for dataset_alias_example_alias_producer to None, run_after=None
[2025-02-03T09:46:18.319+0000] {logging_mixin.py:190} INFO - [2025-02-03T09:46:18.319+0000] {dag.py:4180} INFO - Setting next_dagrun for dataset_s3_bucket_consumer to None, run_after=None
[2025-02-03T09:46:18.321+0000] {logging_mixin.py:190} INFO - [2025-02-03T09:46:18.321+0000] {dag.py:4180} INFO - Setting next_dagrun for dataset_s3_bucket_producer to None, run_after=None
[2025-02-03T09:46:18.348+0000] {processor.py:208} INFO - Processing /home/airflow/.local/lib/python3.12/site-packages/airflow/example_dags/example_dataset_alias.py took 1.086 seconds
[2025-02-03T09:55:22.093+0000] {processor.py:186} INFO - Started process (PID=56) to work on /home/airflow/.local/lib/python3.12/site-packages/airflow/example_dags/example_dataset_alias.py
[2025-02-03T09:55:22.095+0000] {processor.py:914} INFO - Processing file /home/airflow/.local/lib/python3.12/site-packages/airflow/example_dags/example_dataset_alias.py for tasks to queue
[2025-02-03T09:55:22.097+0000] {logging_mixin.py:190} INFO - [2025-02-03T09:55:22.097+0000] {dagbag.py:588} INFO - Filling up the DagBag from /home/airflow/.local/lib/python3.12/site-packages/airflow/example_dags/example_dataset_alias.py
[2025-02-03T09:55:23.109+0000] {processor.py:925} INFO - DAG(s) 'dataset_s3_bucket_producer', 'dataset_s3_bucket_consumer', 'dataset_alias_example_alias_consumer', 'dataset_alias_example_alias_producer' retrieved from /home/airflow/.local/lib/python3.12/site-packages/airflow/example_dags/example_dataset_alias.py
[2025-02-03T09:55:23.146+0000] {logging_mixin.py:190} INFO - [2025-02-03T09:55:23.146+0000] {dag.py:3239} INFO - Sync 4 DAGs
[2025-02-03T09:55:23.212+0000] {logging_mixin.py:190} INFO - [2025-02-03T09:55:23.212+0000] {dag.py:4180} INFO - Setting next_dagrun for dataset_alias_example_alias_consumer to None, run_after=None
[2025-02-03T09:55:23.216+0000] {logging_mixin.py:190} INFO - [2025-02-03T09:55:23.216+0000] {dag.py:4180} INFO - Setting next_dagrun for dataset_alias_example_alias_producer to None, run_after=None
[2025-02-03T09:55:23.219+0000] {logging_mixin.py:190} INFO - [2025-02-03T09:55:23.218+0000] {dag.py:4180} INFO - Setting next_dagrun for dataset_s3_bucket_consumer to None, run_after=None
[2025-02-03T09:55:23.222+0000] {logging_mixin.py:190} INFO - [2025-02-03T09:55:23.222+0000] {dag.py:4180} INFO - Setting next_dagrun for dataset_s3_bucket_producer to None, run_after=None
[2025-02-03T09:55:23.276+0000] {processor.py:208} INFO - Processing /home/airflow/.local/lib/python3.12/site-packages/airflow/example_dags/example_dataset_alias.py took 1.187 seconds
[2025-02-03T09:55:53.479+0000] {processor.py:186} INFO - Started process (PID=121) to work on /home/airflow/.local/lib/python3.12/site-packages/airflow/example_dags/example_dataset_alias.py
[2025-02-03T09:55:53.481+0000] {processor.py:914} INFO - Processing file /home/airflow/.local/lib/python3.12/site-packages/airflow/example_dags/example_dataset_alias.py for tasks to queue
[2025-02-03T09:55:53.483+0000] {logging_mixin.py:190} INFO - [2025-02-03T09:55:53.483+0000] {dagbag.py:588} INFO - Filling up the DagBag from /home/airflow/.local/lib/python3.12/site-packages/airflow/example_dags/example_dataset_alias.py
[2025-02-03T09:55:54.030+0000] {processor.py:925} INFO - DAG(s) 'dataset_s3_bucket_consumer', 'dataset_s3_bucket_producer', 'dataset_alias_example_alias_consumer', 'dataset_alias_example_alias_producer' retrieved from /home/airflow/.local/lib/python3.12/site-packages/airflow/example_dags/example_dataset_alias.py
[2025-02-03T09:55:54.051+0000] {logging_mixin.py:190} INFO - [2025-02-03T09:55:54.051+0000] {dag.py:3239} INFO - Sync 4 DAGs
[2025-02-03T09:55:54.072+0000] {logging_mixin.py:190} INFO - [2025-02-03T09:55:54.072+0000] {dag.py:4180} INFO - Setting next_dagrun for dataset_alias_example_alias_consumer to None, run_after=None
[2025-02-03T09:55:54.076+0000] {logging_mixin.py:190} INFO - [2025-02-03T09:55:54.076+0000] {dag.py:4180} INFO - Setting next_dagrun for dataset_alias_example_alias_producer to None, run_after=None
[2025-02-03T09:55:54.078+0000] {logging_mixin.py:190} INFO - [2025-02-03T09:55:54.078+0000] {dag.py:4180} INFO - Setting next_dagrun for dataset_s3_bucket_consumer to None, run_after=None
[2025-02-03T09:55:54.081+0000] {logging_mixin.py:190} INFO - [2025-02-03T09:55:54.081+0000] {dag.py:4180} INFO - Setting next_dagrun for dataset_s3_bucket_producer to None, run_after=None
[2025-02-03T09:55:54.102+0000] {processor.py:208} INFO - Processing /home/airflow/.local/lib/python3.12/site-packages/airflow/example_dags/example_dataset_alias.py took 0.645 seconds
[2025-02-03T09:56:24.241+0000] {processor.py:186} INFO - Started process (PID=190) to work on /home/airflow/.local/lib/python3.12/site-packages/airflow/example_dags/example_dataset_alias.py
[2025-02-03T09:56:24.242+0000] {processor.py:914} INFO - Processing file /home/airflow/.local/lib/python3.12/site-packages/airflow/example_dags/example_dataset_alias.py for tasks to queue
[2025-02-03T09:56:24.245+0000] {logging_mixin.py:190} INFO - [2025-02-03T09:56:24.245+0000] {dagbag.py:588} INFO - Filling up the DagBag from /home/airflow/.local/lib/python3.12/site-packages/airflow/example_dags/example_dataset_alias.py
[2025-02-03T09:56:24.744+0000] {processor.py:925} INFO - DAG(s) 'dataset_s3_bucket_producer', 'dataset_s3_bucket_consumer', 'dataset_alias_example_alias_consumer', 'dataset_alias_example_alias_producer' retrieved from /home/airflow/.local/lib/python3.12/site-packages/airflow/example_dags/example_dataset_alias.py
[2025-02-03T09:56:24.763+0000] {logging_mixin.py:190} INFO - [2025-02-03T09:56:24.762+0000] {dag.py:3239} INFO - Sync 4 DAGs
[2025-02-03T09:56:24.781+0000] {logging_mixin.py:190} INFO - [2025-02-03T09:56:24.781+0000] {dag.py:4180} INFO - Setting next_dagrun for dataset_alias_example_alias_consumer to None, run_after=None
[2025-02-03T09:56:24.783+0000] {logging_mixin.py:190} INFO - [2025-02-03T09:56:24.783+0000] {dag.py:4180} INFO - Setting next_dagrun for dataset_alias_example_alias_producer to None, run_after=None
[2025-02-03T09:56:24.785+0000] {logging_mixin.py:190} INFO - [2025-02-03T09:56:24.785+0000] {dag.py:4180} INFO - Setting next_dagrun for dataset_s3_bucket_consumer to None, run_after=None
[2025-02-03T09:56:24.786+0000] {logging_mixin.py:190} INFO - [2025-02-03T09:56:24.786+0000] {dag.py:4180} INFO - Setting next_dagrun for dataset_s3_bucket_producer to None, run_after=None
[2025-02-03T09:56:24.801+0000] {processor.py:208} INFO - Processing /home/airflow/.local/lib/python3.12/site-packages/airflow/example_dags/example_dataset_alias.py took 0.565 seconds
[2025-02-03T09:56:54.928+0000] {processor.py:186} INFO - Started process (PID=256) to work on /home/airflow/.local/lib/python3.12/site-packages/airflow/example_dags/example_dataset_alias.py
[2025-02-03T09:56:54.930+0000] {processor.py:914} INFO - Processing file /home/airflow/.local/lib/python3.12/site-packages/airflow/example_dags/example_dataset_alias.py for tasks to queue
[2025-02-03T09:56:54.932+0000] {logging_mixin.py:190} INFO - [2025-02-03T09:56:54.931+0000] {dagbag.py:588} INFO - Filling up the DagBag from /home/airflow/.local/lib/python3.12/site-packages/airflow/example_dags/example_dataset_alias.py
[2025-02-03T09:56:55.405+0000] {processor.py:925} INFO - DAG(s) 'dataset_alias_example_alias_consumer', 'dataset_alias_example_alias_producer', 'dataset_s3_bucket_consumer', 'dataset_s3_bucket_producer' retrieved from /home/airflow/.local/lib/python3.12/site-packages/airflow/example_dags/example_dataset_alias.py
[2025-02-03T09:56:55.420+0000] {logging_mixin.py:190} INFO - [2025-02-03T09:56:55.419+0000] {dag.py:3239} INFO - Sync 4 DAGs
[2025-02-03T09:56:55.436+0000] {logging_mixin.py:190} INFO - [2025-02-03T09:56:55.436+0000] {dag.py:4180} INFO - Setting next_dagrun for dataset_alias_example_alias_consumer to None, run_after=None
[2025-02-03T09:56:55.439+0000] {logging_mixin.py:190} INFO - [2025-02-03T09:56:55.439+0000] {dag.py:4180} INFO - Setting next_dagrun for dataset_alias_example_alias_producer to None, run_after=None
[2025-02-03T09:56:55.441+0000] {logging_mixin.py:190} INFO - [2025-02-03T09:56:55.440+0000] {dag.py:4180} INFO - Setting next_dagrun for dataset_s3_bucket_consumer to None, run_after=None
[2025-02-03T09:56:55.442+0000] {logging_mixin.py:190} INFO - [2025-02-03T09:56:55.442+0000] {dag.py:4180} INFO - Setting next_dagrun for dataset_s3_bucket_producer to None, run_after=None
[2025-02-03T09:56:55.458+0000] {processor.py:208} INFO - Processing /home/airflow/.local/lib/python3.12/site-packages/airflow/example_dags/example_dataset_alias.py took 0.537 seconds
[2025-02-03T09:57:32.279+0000] {processor.py:186} INFO - Started process (PID=312) to work on /home/airflow/.local/lib/python3.12/site-packages/airflow/example_dags/example_dataset_alias.py
[2025-02-03T09:57:32.281+0000] {processor.py:914} INFO - Processing file /home/airflow/.local/lib/python3.12/site-packages/airflow/example_dags/example_dataset_alias.py for tasks to queue
[2025-02-03T09:57:32.283+0000] {logging_mixin.py:190} INFO - [2025-02-03T09:57:32.283+0000] {dagbag.py:588} INFO - Filling up the DagBag from /home/airflow/.local/lib/python3.12/site-packages/airflow/example_dags/example_dataset_alias.py
[2025-02-03T09:57:32.767+0000] {processor.py:925} INFO - DAG(s) 'dataset_s3_bucket_consumer', 'dataset_alias_example_alias_producer', 'dataset_s3_bucket_producer', 'dataset_alias_example_alias_consumer' retrieved from /home/airflow/.local/lib/python3.12/site-packages/airflow/example_dags/example_dataset_alias.py
[2025-02-03T09:57:32.785+0000] {logging_mixin.py:190} INFO - [2025-02-03T09:57:32.785+0000] {dag.py:3239} INFO - Sync 4 DAGs
[2025-02-03T09:57:32.807+0000] {logging_mixin.py:190} INFO - [2025-02-03T09:57:32.806+0000] {dag.py:4180} INFO - Setting next_dagrun for dataset_alias_example_alias_consumer to None, run_after=None
[2025-02-03T09:57:32.809+0000] {logging_mixin.py:190} INFO - [2025-02-03T09:57:32.809+0000] {dag.py:4180} INFO - Setting next_dagrun for dataset_alias_example_alias_producer to None, run_after=None
[2025-02-03T09:57:32.811+0000] {logging_mixin.py:190} INFO - [2025-02-03T09:57:32.811+0000] {dag.py:4180} INFO - Setting next_dagrun for dataset_s3_bucket_consumer to None, run_after=None
[2025-02-03T09:57:32.812+0000] {logging_mixin.py:190} INFO - [2025-02-03T09:57:32.812+0000] {dag.py:4180} INFO - Setting next_dagrun for dataset_s3_bucket_producer to None, run_after=None
[2025-02-03T09:57:32.835+0000] {processor.py:208} INFO - Processing /home/airflow/.local/lib/python3.12/site-packages/airflow/example_dags/example_dataset_alias.py took 0.560 seconds
[2025-02-03T09:58:04.463+0000] {processor.py:186} INFO - Started process (PID=379) to work on /home/airflow/.local/lib/python3.12/site-packages/airflow/example_dags/example_dataset_alias.py
[2025-02-03T09:58:04.464+0000] {processor.py:914} INFO - Processing file /home/airflow/.local/lib/python3.12/site-packages/airflow/example_dags/example_dataset_alias.py for tasks to queue
[2025-02-03T09:58:04.467+0000] {logging_mixin.py:190} INFO - [2025-02-03T09:58:04.467+0000] {dagbag.py:588} INFO - Filling up the DagBag from /home/airflow/.local/lib/python3.12/site-packages/airflow/example_dags/example_dataset_alias.py
[2025-02-03T09:58:06.023+0000] {processor.py:925} INFO - DAG(s) 'dataset_alias_example_alias_producer', 'dataset_alias_example_alias_consumer', 'dataset_s3_bucket_consumer', 'dataset_s3_bucket_producer' retrieved from /home/airflow/.local/lib/python3.12/site-packages/airflow/example_dags/example_dataset_alias.py
[2025-02-03T09:58:06.105+0000] {logging_mixin.py:190} INFO - [2025-02-03T09:58:06.105+0000] {dag.py:3239} INFO - Sync 4 DAGs
[2025-02-03T09:58:06.221+0000] {logging_mixin.py:190} INFO - [2025-02-03T09:58:06.212+0000] {dag.py:4180} INFO - Setting next_dagrun for dataset_alias_example_alias_consumer to None, run_after=None
[2025-02-03T09:58:06.237+0000] {logging_mixin.py:190} INFO - [2025-02-03T09:58:06.236+0000] {dag.py:4180} INFO - Setting next_dagrun for dataset_alias_example_alias_producer to None, run_after=None
[2025-02-03T09:58:06.261+0000] {logging_mixin.py:190} INFO - [2025-02-03T09:58:06.261+0000] {dag.py:4180} INFO - Setting next_dagrun for dataset_s3_bucket_consumer to None, run_after=None
[2025-02-03T09:58:06.262+0000] {logging_mixin.py:190} INFO - [2025-02-03T09:58:06.262+0000] {dag.py:4180} INFO - Setting next_dagrun for dataset_s3_bucket_producer to None, run_after=None
[2025-02-03T09:58:06.361+0000] {processor.py:208} INFO - Processing /home/airflow/.local/lib/python3.12/site-packages/airflow/example_dags/example_dataset_alias.py took 1.912 seconds
[2025-02-03T09:58:37.238+0000] {processor.py:186} INFO - Started process (PID=449) to work on /home/airflow/.local/lib/python3.12/site-packages/airflow/example_dags/example_dataset_alias.py
[2025-02-03T09:58:37.240+0000] {processor.py:914} INFO - Processing file /home/airflow/.local/lib/python3.12/site-packages/airflow/example_dags/example_dataset_alias.py for tasks to queue
[2025-02-03T09:58:37.244+0000] {logging_mixin.py:190} INFO - [2025-02-03T09:58:37.243+0000] {dagbag.py:588} INFO - Filling up the DagBag from /home/airflow/.local/lib/python3.12/site-packages/airflow/example_dags/example_dataset_alias.py
[2025-02-03T09:58:37.927+0000] {processor.py:925} INFO - DAG(s) 'dataset_alias_example_alias_consumer', 'dataset_s3_bucket_producer', 'dataset_s3_bucket_consumer', 'dataset_alias_example_alias_producer' retrieved from /home/airflow/.local/lib/python3.12/site-packages/airflow/example_dags/example_dataset_alias.py
[2025-02-03T09:58:37.945+0000] {logging_mixin.py:190} INFO - [2025-02-03T09:58:37.945+0000] {dag.py:3239} INFO - Sync 4 DAGs
[2025-02-03T09:58:37.963+0000] {logging_mixin.py:190} INFO - [2025-02-03T09:58:37.963+0000] {dag.py:4180} INFO - Setting next_dagrun for dataset_alias_example_alias_consumer to None, run_after=None
[2025-02-03T09:58:37.965+0000] {logging_mixin.py:190} INFO - [2025-02-03T09:58:37.965+0000] {dag.py:4180} INFO - Setting next_dagrun for dataset_alias_example_alias_producer to None, run_after=None
[2025-02-03T09:58:37.967+0000] {logging_mixin.py:190} INFO - [2025-02-03T09:58:37.967+0000] {dag.py:4180} INFO - Setting next_dagrun for dataset_s3_bucket_consumer to None, run_after=None
[2025-02-03T09:58:37.968+0000] {logging_mixin.py:190} INFO - [2025-02-03T09:58:37.968+0000] {dag.py:4180} INFO - Setting next_dagrun for dataset_s3_bucket_producer to None, run_after=None
[2025-02-03T09:58:37.990+0000] {processor.py:208} INFO - Processing /home/airflow/.local/lib/python3.12/site-packages/airflow/example_dags/example_dataset_alias.py took 0.758 seconds
[2025-02-03T09:59:08.842+0000] {processor.py:186} INFO - Started process (PID=518) to work on /home/airflow/.local/lib/python3.12/site-packages/airflow/example_dags/example_dataset_alias.py
[2025-02-03T09:59:08.843+0000] {processor.py:914} INFO - Processing file /home/airflow/.local/lib/python3.12/site-packages/airflow/example_dags/example_dataset_alias.py for tasks to queue
[2025-02-03T09:59:08.846+0000] {logging_mixin.py:190} INFO - [2025-02-03T09:59:08.846+0000] {dagbag.py:588} INFO - Filling up the DagBag from /home/airflow/.local/lib/python3.12/site-packages/airflow/example_dags/example_dataset_alias.py
[2025-02-03T09:59:09.402+0000] {processor.py:925} INFO - DAG(s) 'dataset_alias_example_alias_consumer', 'dataset_alias_example_alias_producer', 'dataset_s3_bucket_consumer', 'dataset_s3_bucket_producer' retrieved from /home/airflow/.local/lib/python3.12/site-packages/airflow/example_dags/example_dataset_alias.py
[2025-02-03T09:59:09.504+0000] {logging_mixin.py:190} INFO - [2025-02-03T09:59:09.503+0000] {dag.py:3239} INFO - Sync 4 DAGs
[2025-02-03T09:59:09.571+0000] {logging_mixin.py:190} INFO - [2025-02-03T09:59:09.571+0000] {dag.py:4180} INFO - Setting next_dagrun for dataset_alias_example_alias_consumer to None, run_after=None
[2025-02-03T09:59:09.577+0000] {logging_mixin.py:190} INFO - [2025-02-03T09:59:09.576+0000] {dag.py:4180} INFO - Setting next_dagrun for dataset_alias_example_alias_producer to None, run_after=None
[2025-02-03T09:59:09.579+0000] {logging_mixin.py:190} INFO - [2025-02-03T09:59:09.579+0000] {dag.py:4180} INFO - Setting next_dagrun for dataset_s3_bucket_consumer to None, run_after=None
[2025-02-03T09:59:09.581+0000] {logging_mixin.py:190} INFO - [2025-02-03T09:59:09.581+0000] {dag.py:4180} INFO - Setting next_dagrun for dataset_s3_bucket_producer to None, run_after=None
[2025-02-03T09:59:09.661+0000] {processor.py:208} INFO - Processing /home/airflow/.local/lib/python3.12/site-packages/airflow/example_dags/example_dataset_alias.py took 0.824 seconds
[2025-02-03T09:59:39.983+0000] {processor.py:186} INFO - Started process (PID=587) to work on /home/airflow/.local/lib/python3.12/site-packages/airflow/example_dags/example_dataset_alias.py
[2025-02-03T09:59:39.984+0000] {processor.py:914} INFO - Processing file /home/airflow/.local/lib/python3.12/site-packages/airflow/example_dags/example_dataset_alias.py for tasks to queue
[2025-02-03T09:59:39.986+0000] {logging_mixin.py:190} INFO - [2025-02-03T09:59:39.986+0000] {dagbag.py:588} INFO - Filling up the DagBag from /home/airflow/.local/lib/python3.12/site-packages/airflow/example_dags/example_dataset_alias.py
[2025-02-03T09:59:40.466+0000] {processor.py:925} INFO - DAG(s) 'dataset_s3_bucket_producer', 'dataset_alias_example_alias_consumer', 'dataset_s3_bucket_consumer', 'dataset_alias_example_alias_producer' retrieved from /home/airflow/.local/lib/python3.12/site-packages/airflow/example_dags/example_dataset_alias.py
[2025-02-03T09:59:40.487+0000] {logging_mixin.py:190} INFO - [2025-02-03T09:59:40.486+0000] {dag.py:3239} INFO - Sync 4 DAGs
[2025-02-03T09:59:40.513+0000] {logging_mixin.py:190} INFO - [2025-02-03T09:59:40.513+0000] {dag.py:4180} INFO - Setting next_dagrun for dataset_alias_example_alias_consumer to None, run_after=None
[2025-02-03T09:59:40.517+0000] {logging_mixin.py:190} INFO - [2025-02-03T09:59:40.517+0000] {dag.py:4180} INFO - Setting next_dagrun for dataset_alias_example_alias_producer to None, run_after=None
[2025-02-03T09:59:40.519+0000] {logging_mixin.py:190} INFO - [2025-02-03T09:59:40.519+0000] {dag.py:4180} INFO - Setting next_dagrun for dataset_s3_bucket_consumer to None, run_after=None
[2025-02-03T09:59:40.521+0000] {logging_mixin.py:190} INFO - [2025-02-03T09:59:40.520+0000] {dag.py:4180} INFO - Setting next_dagrun for dataset_s3_bucket_producer to None, run_after=None
[2025-02-03T09:59:40.545+0000] {processor.py:208} INFO - Processing /home/airflow/.local/lib/python3.12/site-packages/airflow/example_dags/example_dataset_alias.py took 0.567 seconds
[2025-02-03T10:00:12.007+0000] {processor.py:186} INFO - Started process (PID=654) to work on /home/airflow/.local/lib/python3.12/site-packages/airflow/example_dags/example_dataset_alias.py
[2025-02-03T10:00:12.012+0000] {processor.py:914} INFO - Processing file /home/airflow/.local/lib/python3.12/site-packages/airflow/example_dags/example_dataset_alias.py for tasks to queue
[2025-02-03T10:00:12.015+0000] {logging_mixin.py:190} INFO - [2025-02-03T10:00:12.015+0000] {dagbag.py:588} INFO - Filling up the DagBag from /home/airflow/.local/lib/python3.12/site-packages/airflow/example_dags/example_dataset_alias.py
[2025-02-03T10:00:13.368+0000] {processor.py:925} INFO - DAG(s) 'dataset_alias_example_alias_consumer', 'dataset_s3_bucket_producer', 'dataset_s3_bucket_consumer', 'dataset_alias_example_alias_producer' retrieved from /home/airflow/.local/lib/python3.12/site-packages/airflow/example_dags/example_dataset_alias.py
[2025-02-03T10:00:13.397+0000] {logging_mixin.py:190} INFO - [2025-02-03T10:00:13.396+0000] {dag.py:3239} INFO - Sync 4 DAGs
[2025-02-03T10:00:13.418+0000] {logging_mixin.py:190} INFO - [2025-02-03T10:00:13.417+0000] {dag.py:4180} INFO - Setting next_dagrun for dataset_alias_example_alias_consumer to None, run_after=None
[2025-02-03T10:00:13.420+0000] {logging_mixin.py:190} INFO - [2025-02-03T10:00:13.420+0000] {dag.py:4180} INFO - Setting next_dagrun for dataset_alias_example_alias_producer to None, run_after=None
[2025-02-03T10:00:13.421+0000] {logging_mixin.py:190} INFO - [2025-02-03T10:00:13.421+0000] {dag.py:4180} INFO - Setting next_dagrun for dataset_s3_bucket_consumer to None, run_after=None
[2025-02-03T10:00:13.425+0000] {logging_mixin.py:190} INFO - [2025-02-03T10:00:13.424+0000] {dag.py:4180} INFO - Setting next_dagrun for dataset_s3_bucket_producer to None, run_after=None
[2025-02-03T10:00:13.449+0000] {processor.py:208} INFO - Processing /home/airflow/.local/lib/python3.12/site-packages/airflow/example_dags/example_dataset_alias.py took 1.447 seconds
[2025-02-03T10:00:43.744+0000] {processor.py:186} INFO - Started process (PID=720) to work on /home/airflow/.local/lib/python3.12/site-packages/airflow/example_dags/example_dataset_alias.py
[2025-02-03T10:00:43.746+0000] {processor.py:914} INFO - Processing file /home/airflow/.local/lib/python3.12/site-packages/airflow/example_dags/example_dataset_alias.py for tasks to queue
[2025-02-03T10:00:43.749+0000] {logging_mixin.py:190} INFO - [2025-02-03T10:00:43.748+0000] {dagbag.py:588} INFO - Filling up the DagBag from /home/airflow/.local/lib/python3.12/site-packages/airflow/example_dags/example_dataset_alias.py
[2025-02-03T10:00:44.367+0000] {processor.py:925} INFO - DAG(s) 'dataset_s3_bucket_consumer', 'dataset_alias_example_alias_producer', 'dataset_s3_bucket_producer', 'dataset_alias_example_alias_consumer' retrieved from /home/airflow/.local/lib/python3.12/site-packages/airflow/example_dags/example_dataset_alias.py
[2025-02-03T10:00:44.382+0000] {logging_mixin.py:190} INFO - [2025-02-03T10:00:44.382+0000] {dag.py:3239} INFO - Sync 4 DAGs
[2025-02-03T10:00:44.400+0000] {logging_mixin.py:190} INFO - [2025-02-03T10:00:44.400+0000] {dag.py:4180} INFO - Setting next_dagrun for dataset_alias_example_alias_consumer to None, run_after=None
[2025-02-03T10:00:44.403+0000] {logging_mixin.py:190} INFO - [2025-02-03T10:00:44.402+0000] {dag.py:4180} INFO - Setting next_dagrun for dataset_alias_example_alias_producer to None, run_after=None
[2025-02-03T10:00:44.405+0000] {logging_mixin.py:190} INFO - [2025-02-03T10:00:44.404+0000] {dag.py:4180} INFO - Setting next_dagrun for dataset_s3_bucket_consumer to None, run_after=None
[2025-02-03T10:00:44.406+0000] {logging_mixin.py:190} INFO - [2025-02-03T10:00:44.406+0000] {dag.py:4180} INFO - Setting next_dagrun for dataset_s3_bucket_producer to None, run_after=None
[2025-02-03T10:00:44.431+0000] {processor.py:208} INFO - Processing /home/airflow/.local/lib/python3.12/site-packages/airflow/example_dags/example_dataset_alias.py took 0.691 seconds
[2025-02-03T10:01:14.768+0000] {processor.py:186} INFO - Started process (PID=785) to work on /home/airflow/.local/lib/python3.12/site-packages/airflow/example_dags/example_dataset_alias.py
[2025-02-03T10:01:14.769+0000] {processor.py:914} INFO - Processing file /home/airflow/.local/lib/python3.12/site-packages/airflow/example_dags/example_dataset_alias.py for tasks to queue
[2025-02-03T10:01:14.772+0000] {logging_mixin.py:190} INFO - [2025-02-03T10:01:14.771+0000] {dagbag.py:588} INFO - Filling up the DagBag from /home/airflow/.local/lib/python3.12/site-packages/airflow/example_dags/example_dataset_alias.py
[2025-02-03T10:01:15.493+0000] {processor.py:925} INFO - DAG(s) 'dataset_alias_example_alias_consumer', 'dataset_alias_example_alias_producer', 'dataset_s3_bucket_producer', 'dataset_s3_bucket_consumer' retrieved from /home/airflow/.local/lib/python3.12/site-packages/airflow/example_dags/example_dataset_alias.py
[2025-02-03T10:01:15.525+0000] {logging_mixin.py:190} INFO - [2025-02-03T10:01:15.524+0000] {dag.py:3239} INFO - Sync 4 DAGs
[2025-02-03T10:01:15.554+0000] {logging_mixin.py:190} INFO - [2025-02-03T10:01:15.554+0000] {dag.py:4180} INFO - Setting next_dagrun for dataset_alias_example_alias_consumer to None, run_after=None
[2025-02-03T10:01:15.559+0000] {logging_mixin.py:190} INFO - [2025-02-03T10:01:15.558+0000] {dag.py:4180} INFO - Setting next_dagrun for dataset_alias_example_alias_producer to None, run_after=None
[2025-02-03T10:01:15.566+0000] {logging_mixin.py:190} INFO - [2025-02-03T10:01:15.566+0000] {dag.py:4180} INFO - Setting next_dagrun for dataset_s3_bucket_consumer to None, run_after=None
[2025-02-03T10:01:15.568+0000] {logging_mixin.py:190} INFO - [2025-02-03T10:01:15.568+0000] {dag.py:4180} INFO - Setting next_dagrun for dataset_s3_bucket_producer to None, run_after=None
[2025-02-03T10:01:15.597+0000] {processor.py:208} INFO - Processing /home/airflow/.local/lib/python3.12/site-packages/airflow/example_dags/example_dataset_alias.py took 0.834 seconds
[2025-02-03T10:01:45.789+0000] {processor.py:186} INFO - Started process (PID=836) to work on /home/airflow/.local/lib/python3.12/site-packages/airflow/example_dags/example_dataset_alias.py
[2025-02-03T10:01:45.790+0000] {processor.py:914} INFO - Processing file /home/airflow/.local/lib/python3.12/site-packages/airflow/example_dags/example_dataset_alias.py for tasks to queue
[2025-02-03T10:01:45.793+0000] {logging_mixin.py:190} INFO - [2025-02-03T10:01:45.793+0000] {dagbag.py:588} INFO - Filling up the DagBag from /home/airflow/.local/lib/python3.12/site-packages/airflow/example_dags/example_dataset_alias.py
[2025-02-03T10:01:46.332+0000] {processor.py:925} INFO - DAG(s) 'dataset_s3_bucket_consumer', 'dataset_alias_example_alias_consumer', 'dataset_s3_bucket_producer', 'dataset_alias_example_alias_producer' retrieved from /home/airflow/.local/lib/python3.12/site-packages/airflow/example_dags/example_dataset_alias.py
[2025-02-03T10:01:46.353+0000] {logging_mixin.py:190} INFO - [2025-02-03T10:01:46.352+0000] {dag.py:3239} INFO - Sync 4 DAGs
[2025-02-03T10:01:46.371+0000] {logging_mixin.py:190} INFO - [2025-02-03T10:01:46.371+0000] {dag.py:4180} INFO - Setting next_dagrun for dataset_alias_example_alias_consumer to None, run_after=None
[2025-02-03T10:01:46.374+0000] {logging_mixin.py:190} INFO - [2025-02-03T10:01:46.374+0000] {dag.py:4180} INFO - Setting next_dagrun for dataset_alias_example_alias_producer to None, run_after=None
[2025-02-03T10:01:46.375+0000] {logging_mixin.py:190} INFO - [2025-02-03T10:01:46.375+0000] {dag.py:4180} INFO - Setting next_dagrun for dataset_s3_bucket_consumer to None, run_after=None
[2025-02-03T10:01:46.377+0000] {logging_mixin.py:190} INFO - [2025-02-03T10:01:46.377+0000] {dag.py:4180} INFO - Setting next_dagrun for dataset_s3_bucket_producer to None, run_after=None
[2025-02-03T10:01:46.401+0000] {processor.py:208} INFO - Processing /home/airflow/.local/lib/python3.12/site-packages/airflow/example_dags/example_dataset_alias.py took 0.618 seconds
[2025-02-03T10:02:18.454+0000] {processor.py:186} INFO - Started process (PID=903) to work on /home/airflow/.local/lib/python3.12/site-packages/airflow/example_dags/example_dataset_alias.py
[2025-02-03T10:02:18.455+0000] {processor.py:914} INFO - Processing file /home/airflow/.local/lib/python3.12/site-packages/airflow/example_dags/example_dataset_alias.py for tasks to queue
[2025-02-03T10:02:18.458+0000] {logging_mixin.py:190} INFO - [2025-02-03T10:02:18.457+0000] {dagbag.py:588} INFO - Filling up the DagBag from /home/airflow/.local/lib/python3.12/site-packages/airflow/example_dags/example_dataset_alias.py
[2025-02-03T10:02:19.036+0000] {processor.py:925} INFO - DAG(s) 'dataset_s3_bucket_consumer', 'dataset_alias_example_alias_producer', 'dataset_s3_bucket_producer', 'dataset_alias_example_alias_consumer' retrieved from /home/airflow/.local/lib/python3.12/site-packages/airflow/example_dags/example_dataset_alias.py
[2025-02-03T10:02:19.057+0000] {logging_mixin.py:190} INFO - [2025-02-03T10:02:19.056+0000] {dag.py:3239} INFO - Sync 4 DAGs
[2025-02-03T10:02:19.075+0000] {logging_mixin.py:190} INFO - [2025-02-03T10:02:19.075+0000] {dag.py:4180} INFO - Setting next_dagrun for dataset_alias_example_alias_consumer to None, run_after=None
[2025-02-03T10:02:19.078+0000] {logging_mixin.py:190} INFO - [2025-02-03T10:02:19.078+0000] {dag.py:4180} INFO - Setting next_dagrun for dataset_alias_example_alias_producer to None, run_after=None
[2025-02-03T10:02:19.079+0000] {logging_mixin.py:190} INFO - [2025-02-03T10:02:19.079+0000] {dag.py:4180} INFO - Setting next_dagrun for dataset_s3_bucket_consumer to None, run_after=None
[2025-02-03T10:02:19.080+0000] {logging_mixin.py:190} INFO - [2025-02-03T10:02:19.080+0000] {dag.py:4180} INFO - Setting next_dagrun for dataset_s3_bucket_producer to None, run_after=None
[2025-02-03T10:02:19.102+0000] {processor.py:208} INFO - Processing /home/airflow/.local/lib/python3.12/site-packages/airflow/example_dags/example_dataset_alias.py took 0.654 seconds
[2025-02-03T10:02:50.944+0000] {processor.py:186} INFO - Started process (PID=975) to work on /home/airflow/.local/lib/python3.12/site-packages/airflow/example_dags/example_dataset_alias.py
[2025-02-03T10:02:50.946+0000] {processor.py:914} INFO - Processing file /home/airflow/.local/lib/python3.12/site-packages/airflow/example_dags/example_dataset_alias.py for tasks to queue
[2025-02-03T10:02:50.950+0000] {logging_mixin.py:190} INFO - [2025-02-03T10:02:50.949+0000] {dagbag.py:588} INFO - Filling up the DagBag from /home/airflow/.local/lib/python3.12/site-packages/airflow/example_dags/example_dataset_alias.py
[2025-02-03T10:02:51.504+0000] {processor.py:925} INFO - DAG(s) 'dataset_alias_example_alias_producer', 'dataset_s3_bucket_producer', 'dataset_alias_example_alias_consumer', 'dataset_s3_bucket_consumer' retrieved from /home/airflow/.local/lib/python3.12/site-packages/airflow/example_dags/example_dataset_alias.py
[2025-02-03T10:02:51.525+0000] {logging_mixin.py:190} INFO - [2025-02-03T10:02:51.525+0000] {dag.py:3239} INFO - Sync 4 DAGs
[2025-02-03T10:02:51.546+0000] {logging_mixin.py:190} INFO - [2025-02-03T10:02:51.546+0000] {dag.py:4180} INFO - Setting next_dagrun for dataset_alias_example_alias_consumer to None, run_after=None
[2025-02-03T10:02:51.550+0000] {logging_mixin.py:190} INFO - [2025-02-03T10:02:51.549+0000] {dag.py:4180} INFO - Setting next_dagrun for dataset_alias_example_alias_producer to None, run_after=None
[2025-02-03T10:02:51.552+0000] {logging_mixin.py:190} INFO - [2025-02-03T10:02:51.552+0000] {dag.py:4180} INFO - Setting next_dagrun for dataset_s3_bucket_consumer to None, run_after=None
[2025-02-03T10:02:51.556+0000] {logging_mixin.py:190} INFO - [2025-02-03T10:02:51.556+0000] {dag.py:4180} INFO - Setting next_dagrun for dataset_s3_bucket_producer to None, run_after=None
[2025-02-03T10:02:51.585+0000] {processor.py:208} INFO - Processing /home/airflow/.local/lib/python3.12/site-packages/airflow/example_dags/example_dataset_alias.py took 0.646 seconds
[2025-02-03T10:03:21.789+0000] {processor.py:186} INFO - Started process (PID=1038) to work on /home/airflow/.local/lib/python3.12/site-packages/airflow/example_dags/example_dataset_alias.py
[2025-02-03T10:03:21.790+0000] {processor.py:914} INFO - Processing file /home/airflow/.local/lib/python3.12/site-packages/airflow/example_dags/example_dataset_alias.py for tasks to queue
[2025-02-03T10:03:21.792+0000] {logging_mixin.py:190} INFO - [2025-02-03T10:03:21.792+0000] {dagbag.py:588} INFO - Filling up the DagBag from /home/airflow/.local/lib/python3.12/site-packages/airflow/example_dags/example_dataset_alias.py
[2025-02-03T10:03:22.356+0000] {processor.py:925} INFO - DAG(s) 'dataset_s3_bucket_consumer', 'dataset_s3_bucket_producer', 'dataset_alias_example_alias_consumer', 'dataset_alias_example_alias_producer' retrieved from /home/airflow/.local/lib/python3.12/site-packages/airflow/example_dags/example_dataset_alias.py
[2025-02-03T10:03:22.384+0000] {logging_mixin.py:190} INFO - [2025-02-03T10:03:22.383+0000] {dag.py:3239} INFO - Sync 4 DAGs
[2025-02-03T10:03:22.419+0000] {logging_mixin.py:190} INFO - [2025-02-03T10:03:22.419+0000] {dag.py:4180} INFO - Setting next_dagrun for dataset_alias_example_alias_consumer to None, run_after=None
[2025-02-03T10:03:22.423+0000] {logging_mixin.py:190} INFO - [2025-02-03T10:03:22.423+0000] {dag.py:4180} INFO - Setting next_dagrun for dataset_alias_example_alias_producer to None, run_after=None
[2025-02-03T10:03:22.426+0000] {logging_mixin.py:190} INFO - [2025-02-03T10:03:22.426+0000] {dag.py:4180} INFO - Setting next_dagrun for dataset_s3_bucket_consumer to None, run_after=None
[2025-02-03T10:03:22.428+0000] {logging_mixin.py:190} INFO - [2025-02-03T10:03:22.428+0000] {dag.py:4180} INFO - Setting next_dagrun for dataset_s3_bucket_producer to None, run_after=None
[2025-02-03T10:03:22.459+0000] {processor.py:208} INFO - Processing /home/airflow/.local/lib/python3.12/site-packages/airflow/example_dags/example_dataset_alias.py took 0.674 seconds
[2025-02-03T10:03:52.620+0000] {processor.py:186} INFO - Started process (PID=1106) to work on /home/airflow/.local/lib/python3.12/site-packages/airflow/example_dags/example_dataset_alias.py
[2025-02-03T10:03:52.629+0000] {processor.py:914} INFO - Processing file /home/airflow/.local/lib/python3.12/site-packages/airflow/example_dags/example_dataset_alias.py for tasks to queue
[2025-02-03T10:03:52.634+0000] {logging_mixin.py:190} INFO - [2025-02-03T10:03:52.633+0000] {dagbag.py:588} INFO - Filling up the DagBag from /home/airflow/.local/lib/python3.12/site-packages/airflow/example_dags/example_dataset_alias.py
[2025-02-03T10:03:53.273+0000] {processor.py:925} INFO - DAG(s) 'dataset_alias_example_alias_producer', 'dataset_s3_bucket_producer', 'dataset_s3_bucket_consumer', 'dataset_alias_example_alias_consumer' retrieved from /home/airflow/.local/lib/python3.12/site-packages/airflow/example_dags/example_dataset_alias.py
[2025-02-03T10:03:53.331+0000] {logging_mixin.py:190} INFO - [2025-02-03T10:03:53.330+0000] {dag.py:3239} INFO - Sync 4 DAGs
[2025-02-03T10:03:53.354+0000] {logging_mixin.py:190} INFO - [2025-02-03T10:03:53.354+0000] {dag.py:4180} INFO - Setting next_dagrun for dataset_alias_example_alias_consumer to None, run_after=None
[2025-02-03T10:03:53.356+0000] {logging_mixin.py:190} INFO - [2025-02-03T10:03:53.356+0000] {dag.py:4180} INFO - Setting next_dagrun for dataset_alias_example_alias_producer to None, run_after=None
[2025-02-03T10:03:53.360+0000] {logging_mixin.py:190} INFO - [2025-02-03T10:03:53.360+0000] {dag.py:4180} INFO - Setting next_dagrun for dataset_s3_bucket_consumer to None, run_after=None
[2025-02-03T10:03:53.361+0000] {logging_mixin.py:190} INFO - [2025-02-03T10:03:53.361+0000] {dag.py:4180} INFO - Setting next_dagrun for dataset_s3_bucket_producer to None, run_after=None
[2025-02-03T10:03:53.390+0000] {processor.py:208} INFO - Processing /home/airflow/.local/lib/python3.12/site-packages/airflow/example_dags/example_dataset_alias.py took 0.774 seconds
[2025-02-03T10:04:23.655+0000] {processor.py:186} INFO - Started process (PID=1165) to work on /home/airflow/.local/lib/python3.12/site-packages/airflow/example_dags/example_dataset_alias.py
[2025-02-03T10:04:23.666+0000] {processor.py:914} INFO - Processing file /home/airflow/.local/lib/python3.12/site-packages/airflow/example_dags/example_dataset_alias.py for tasks to queue
[2025-02-03T10:04:23.668+0000] {logging_mixin.py:190} INFO - [2025-02-03T10:04:23.668+0000] {dagbag.py:588} INFO - Filling up the DagBag from /home/airflow/.local/lib/python3.12/site-packages/airflow/example_dags/example_dataset_alias.py
[2025-02-03T10:04:24.997+0000] {processor.py:925} INFO - DAG(s) 'dataset_s3_bucket_producer', 'dataset_alias_example_alias_producer', 'dataset_alias_example_alias_consumer', 'dataset_s3_bucket_consumer' retrieved from /home/airflow/.local/lib/python3.12/site-packages/airflow/example_dags/example_dataset_alias.py
[2025-02-03T10:04:25.055+0000] {logging_mixin.py:190} INFO - [2025-02-03T10:04:25.055+0000] {dag.py:3239} INFO - Sync 4 DAGs
[2025-02-03T10:04:25.086+0000] {logging_mixin.py:190} INFO - [2025-02-03T10:04:25.085+0000] {dag.py:4180} INFO - Setting next_dagrun for dataset_alias_example_alias_consumer to None, run_after=None
[2025-02-03T10:04:25.090+0000] {logging_mixin.py:190} INFO - [2025-02-03T10:04:25.089+0000] {dag.py:4180} INFO - Setting next_dagrun for dataset_alias_example_alias_producer to None, run_after=None
[2025-02-03T10:04:25.092+0000] {logging_mixin.py:190} INFO - [2025-02-03T10:04:25.092+0000] {dag.py:4180} INFO - Setting next_dagrun for dataset_s3_bucket_consumer to None, run_after=None
[2025-02-03T10:04:25.094+0000] {logging_mixin.py:190} INFO - [2025-02-03T10:04:25.094+0000] {dag.py:4180} INFO - Setting next_dagrun for dataset_s3_bucket_producer to None, run_after=None
[2025-02-03T10:04:25.112+0000] {processor.py:208} INFO - Processing /home/airflow/.local/lib/python3.12/site-packages/airflow/example_dags/example_dataset_alias.py took 1.468 seconds
[2025-02-03T10:04:55.188+0000] {processor.py:186} INFO - Started process (PID=1230) to work on /home/airflow/.local/lib/python3.12/site-packages/airflow/example_dags/example_dataset_alias.py
[2025-02-03T10:04:55.190+0000] {processor.py:914} INFO - Processing file /home/airflow/.local/lib/python3.12/site-packages/airflow/example_dags/example_dataset_alias.py for tasks to queue
[2025-02-03T10:04:55.193+0000] {logging_mixin.py:190} INFO - [2025-02-03T10:04:55.192+0000] {dagbag.py:588} INFO - Filling up the DagBag from /home/airflow/.local/lib/python3.12/site-packages/airflow/example_dags/example_dataset_alias.py
[2025-02-03T10:04:55.799+0000] {processor.py:925} INFO - DAG(s) 'dataset_alias_example_alias_consumer', 'dataset_s3_bucket_producer', 'dataset_alias_example_alias_producer', 'dataset_s3_bucket_consumer' retrieved from /home/airflow/.local/lib/python3.12/site-packages/airflow/example_dags/example_dataset_alias.py
[2025-02-03T10:04:55.817+0000] {logging_mixin.py:190} INFO - [2025-02-03T10:04:55.816+0000] {dag.py:3239} INFO - Sync 4 DAGs
[2025-02-03T10:04:55.839+0000] {logging_mixin.py:190} INFO - [2025-02-03T10:04:55.838+0000] {dag.py:4180} INFO - Setting next_dagrun for dataset_alias_example_alias_consumer to None, run_after=None
[2025-02-03T10:04:55.841+0000] {logging_mixin.py:190} INFO - [2025-02-03T10:04:55.841+0000] {dag.py:4180} INFO - Setting next_dagrun for dataset_alias_example_alias_producer to None, run_after=None
[2025-02-03T10:04:55.843+0000] {logging_mixin.py:190} INFO - [2025-02-03T10:04:55.843+0000] {dag.py:4180} INFO - Setting next_dagrun for dataset_s3_bucket_consumer to None, run_after=None
[2025-02-03T10:04:55.846+0000] {logging_mixin.py:190} INFO - [2025-02-03T10:04:55.846+0000] {dag.py:4180} INFO - Setting next_dagrun for dataset_s3_bucket_producer to None, run_after=None
[2025-02-03T10:04:55.863+0000] {processor.py:208} INFO - Processing /home/airflow/.local/lib/python3.12/site-packages/airflow/example_dags/example_dataset_alias.py took 0.681 seconds
[2025-02-03T10:05:26.194+0000] {processor.py:186} INFO - Started process (PID=1299) to work on /home/airflow/.local/lib/python3.12/site-packages/airflow/example_dags/example_dataset_alias.py
[2025-02-03T10:05:26.195+0000] {processor.py:914} INFO - Processing file /home/airflow/.local/lib/python3.12/site-packages/airflow/example_dags/example_dataset_alias.py for tasks to queue
[2025-02-03T10:05:26.199+0000] {logging_mixin.py:190} INFO - [2025-02-03T10:05:26.199+0000] {dagbag.py:588} INFO - Filling up the DagBag from /home/airflow/.local/lib/python3.12/site-packages/airflow/example_dags/example_dataset_alias.py
[2025-02-03T10:05:26.704+0000] {processor.py:925} INFO - DAG(s) 'dataset_alias_example_alias_consumer', 'dataset_alias_example_alias_producer', 'dataset_s3_bucket_consumer', 'dataset_s3_bucket_producer' retrieved from /home/airflow/.local/lib/python3.12/site-packages/airflow/example_dags/example_dataset_alias.py
[2025-02-03T10:05:26.720+0000] {logging_mixin.py:190} INFO - [2025-02-03T10:05:26.720+0000] {dag.py:3239} INFO - Sync 4 DAGs
[2025-02-03T10:05:26.739+0000] {logging_mixin.py:190} INFO - [2025-02-03T10:05:26.738+0000] {dag.py:4180} INFO - Setting next_dagrun for dataset_alias_example_alias_consumer to None, run_after=None
[2025-02-03T10:05:26.741+0000] {logging_mixin.py:190} INFO - [2025-02-03T10:05:26.741+0000] {dag.py:4180} INFO - Setting next_dagrun for dataset_alias_example_alias_producer to None, run_after=None
[2025-02-03T10:05:26.744+0000] {logging_mixin.py:190} INFO - [2025-02-03T10:05:26.744+0000] {dag.py:4180} INFO - Setting next_dagrun for dataset_s3_bucket_consumer to None, run_after=None
[2025-02-03T10:05:26.746+0000] {logging_mixin.py:190} INFO - [2025-02-03T10:05:26.745+0000] {dag.py:4180} INFO - Setting next_dagrun for dataset_s3_bucket_producer to None, run_after=None
[2025-02-03T10:05:26.762+0000] {processor.py:208} INFO - Processing /home/airflow/.local/lib/python3.12/site-packages/airflow/example_dags/example_dataset_alias.py took 0.573 seconds
[2025-02-03T10:05:56.902+0000] {processor.py:186} INFO - Started process (PID=1366) to work on /home/airflow/.local/lib/python3.12/site-packages/airflow/example_dags/example_dataset_alias.py
[2025-02-03T10:05:56.904+0000] {processor.py:914} INFO - Processing file /home/airflow/.local/lib/python3.12/site-packages/airflow/example_dags/example_dataset_alias.py for tasks to queue
[2025-02-03T10:05:56.907+0000] {logging_mixin.py:190} INFO - [2025-02-03T10:05:56.906+0000] {dagbag.py:588} INFO - Filling up the DagBag from /home/airflow/.local/lib/python3.12/site-packages/airflow/example_dags/example_dataset_alias.py
[2025-02-03T10:05:57.412+0000] {processor.py:925} INFO - DAG(s) 'dataset_alias_example_alias_consumer', 'dataset_s3_bucket_consumer', 'dataset_s3_bucket_producer', 'dataset_alias_example_alias_producer' retrieved from /home/airflow/.local/lib/python3.12/site-packages/airflow/example_dags/example_dataset_alias.py
[2025-02-03T10:05:57.428+0000] {logging_mixin.py:190} INFO - [2025-02-03T10:05:57.427+0000] {dag.py:3239} INFO - Sync 4 DAGs
[2025-02-03T10:05:57.445+0000] {logging_mixin.py:190} INFO - [2025-02-03T10:05:57.445+0000] {dag.py:4180} INFO - Setting next_dagrun for dataset_alias_example_alias_consumer to None, run_after=None
[2025-02-03T10:05:57.447+0000] {logging_mixin.py:190} INFO - [2025-02-03T10:05:57.447+0000] {dag.py:4180} INFO - Setting next_dagrun for dataset_alias_example_alias_producer to None, run_after=None
[2025-02-03T10:05:57.449+0000] {logging_mixin.py:190} INFO - [2025-02-03T10:05:57.449+0000] {dag.py:4180} INFO - Setting next_dagrun for dataset_s3_bucket_consumer to None, run_after=None
[2025-02-03T10:05:57.451+0000] {logging_mixin.py:190} INFO - [2025-02-03T10:05:57.451+0000] {dag.py:4180} INFO - Setting next_dagrun for dataset_s3_bucket_producer to None, run_after=None
[2025-02-03T10:05:57.466+0000] {processor.py:208} INFO - Processing /home/airflow/.local/lib/python3.12/site-packages/airflow/example_dags/example_dataset_alias.py took 0.571 seconds
[2025-02-03T10:06:27.773+0000] {processor.py:186} INFO - Started process (PID=1422) to work on /home/airflow/.local/lib/python3.12/site-packages/airflow/example_dags/example_dataset_alias.py
[2025-02-03T10:06:27.774+0000] {processor.py:914} INFO - Processing file /home/airflow/.local/lib/python3.12/site-packages/airflow/example_dags/example_dataset_alias.py for tasks to queue
[2025-02-03T10:06:27.776+0000] {logging_mixin.py:190} INFO - [2025-02-03T10:06:27.776+0000] {dagbag.py:588} INFO - Filling up the DagBag from /home/airflow/.local/lib/python3.12/site-packages/airflow/example_dags/example_dataset_alias.py
[2025-02-03T10:06:28.310+0000] {processor.py:925} INFO - DAG(s) 'dataset_alias_example_alias_producer', 'dataset_s3_bucket_producer', 'dataset_alias_example_alias_consumer', 'dataset_s3_bucket_consumer' retrieved from /home/airflow/.local/lib/python3.12/site-packages/airflow/example_dags/example_dataset_alias.py
[2025-02-03T10:06:28.342+0000] {logging_mixin.py:190} INFO - [2025-02-03T10:06:28.341+0000] {dag.py:3239} INFO - Sync 4 DAGs
[2025-02-03T10:06:28.375+0000] {logging_mixin.py:190} INFO - [2025-02-03T10:06:28.375+0000] {dag.py:4180} INFO - Setting next_dagrun for dataset_alias_example_alias_consumer to None, run_after=None
[2025-02-03T10:06:28.379+0000] {logging_mixin.py:190} INFO - [2025-02-03T10:06:28.378+0000] {dag.py:4180} INFO - Setting next_dagrun for dataset_alias_example_alias_producer to None, run_after=None
[2025-02-03T10:06:28.382+0000] {logging_mixin.py:190} INFO - [2025-02-03T10:06:28.381+0000] {dag.py:4180} INFO - Setting next_dagrun for dataset_s3_bucket_consumer to None, run_after=None
[2025-02-03T10:06:28.384+0000] {logging_mixin.py:190} INFO - [2025-02-03T10:06:28.384+0000] {dag.py:4180} INFO - Setting next_dagrun for dataset_s3_bucket_producer to None, run_after=None
[2025-02-03T10:06:28.405+0000] {processor.py:208} INFO - Processing /home/airflow/.local/lib/python3.12/site-packages/airflow/example_dags/example_dataset_alias.py took 0.636 seconds
[2025-02-03T10:13:04.001+0000] {processor.py:186} INFO - Started process (PID=58) to work on /home/airflow/.local/lib/python3.12/site-packages/airflow/example_dags/example_dataset_alias.py
[2025-02-03T10:13:04.005+0000] {processor.py:914} INFO - Processing file /home/airflow/.local/lib/python3.12/site-packages/airflow/example_dags/example_dataset_alias.py for tasks to queue
[2025-02-03T10:13:04.007+0000] {logging_mixin.py:190} INFO - [2025-02-03T10:13:04.007+0000] {dagbag.py:588} INFO - Filling up the DagBag from /home/airflow/.local/lib/python3.12/site-packages/airflow/example_dags/example_dataset_alias.py
[2025-02-03T10:13:04.997+0000] {processor.py:925} INFO - DAG(s) 'dataset_s3_bucket_consumer', 'dataset_alias_example_alias_producer', 'dataset_alias_example_alias_consumer', 'dataset_s3_bucket_producer' retrieved from /home/airflow/.local/lib/python3.12/site-packages/airflow/example_dags/example_dataset_alias.py
[2025-02-03T10:13:05.026+0000] {logging_mixin.py:190} INFO - [2025-02-03T10:13:05.025+0000] {dag.py:3239} INFO - Sync 4 DAGs
[2025-02-03T10:13:05.058+0000] {logging_mixin.py:190} INFO - [2025-02-03T10:13:05.058+0000] {dag.py:4180} INFO - Setting next_dagrun for dataset_alias_example_alias_consumer to None, run_after=None
[2025-02-03T10:13:05.062+0000] {logging_mixin.py:190} INFO - [2025-02-03T10:13:05.062+0000] {dag.py:4180} INFO - Setting next_dagrun for dataset_alias_example_alias_producer to None, run_after=None
[2025-02-03T10:13:05.069+0000] {logging_mixin.py:190} INFO - [2025-02-03T10:13:05.069+0000] {dag.py:4180} INFO - Setting next_dagrun for dataset_s3_bucket_consumer to None, run_after=None
[2025-02-03T10:13:05.070+0000] {logging_mixin.py:190} INFO - [2025-02-03T10:13:05.070+0000] {dag.py:4180} INFO - Setting next_dagrun for dataset_s3_bucket_producer to None, run_after=None
[2025-02-03T10:13:05.109+0000] {processor.py:208} INFO - Processing /home/airflow/.local/lib/python3.12/site-packages/airflow/example_dags/example_dataset_alias.py took 1.113 seconds
[2025-02-03T10:13:35.362+0000] {processor.py:186} INFO - Started process (PID=122) to work on /home/airflow/.local/lib/python3.12/site-packages/airflow/example_dags/example_dataset_alias.py
[2025-02-03T10:13:35.363+0000] {processor.py:914} INFO - Processing file /home/airflow/.local/lib/python3.12/site-packages/airflow/example_dags/example_dataset_alias.py for tasks to queue
[2025-02-03T10:13:35.367+0000] {logging_mixin.py:190} INFO - [2025-02-03T10:13:35.367+0000] {dagbag.py:588} INFO - Filling up the DagBag from /home/airflow/.local/lib/python3.12/site-packages/airflow/example_dags/example_dataset_alias.py
[2025-02-03T10:13:36.347+0000] {processor.py:925} INFO - DAG(s) 'dataset_alias_example_alias_producer', 'dataset_alias_example_alias_consumer', 'dataset_s3_bucket_consumer', 'dataset_s3_bucket_producer' retrieved from /home/airflow/.local/lib/python3.12/site-packages/airflow/example_dags/example_dataset_alias.py
[2025-02-03T10:13:36.402+0000] {logging_mixin.py:190} INFO - [2025-02-03T10:13:36.401+0000] {dag.py:3239} INFO - Sync 4 DAGs
[2025-02-03T10:13:36.457+0000] {logging_mixin.py:190} INFO - [2025-02-03T10:13:36.456+0000] {dag.py:4180} INFO - Setting next_dagrun for dataset_alias_example_alias_consumer to None, run_after=None
[2025-02-03T10:13:36.470+0000] {logging_mixin.py:190} INFO - [2025-02-03T10:13:36.469+0000] {dag.py:4180} INFO - Setting next_dagrun for dataset_alias_example_alias_producer to None, run_after=None
[2025-02-03T10:13:36.472+0000] {logging_mixin.py:190} INFO - [2025-02-03T10:13:36.472+0000] {dag.py:4180} INFO - Setting next_dagrun for dataset_s3_bucket_consumer to None, run_after=None
[2025-02-03T10:13:36.475+0000] {logging_mixin.py:190} INFO - [2025-02-03T10:13:36.475+0000] {dag.py:4180} INFO - Setting next_dagrun for dataset_s3_bucket_producer to None, run_after=None
[2025-02-03T10:13:36.544+0000] {processor.py:208} INFO - Processing /home/airflow/.local/lib/python3.12/site-packages/airflow/example_dags/example_dataset_alias.py took 1.191 seconds
[2025-02-03T10:14:06.928+0000] {processor.py:186} INFO - Started process (PID=186) to work on /home/airflow/.local/lib/python3.12/site-packages/airflow/example_dags/example_dataset_alias.py
[2025-02-03T10:14:06.941+0000] {processor.py:914} INFO - Processing file /home/airflow/.local/lib/python3.12/site-packages/airflow/example_dags/example_dataset_alias.py for tasks to queue
[2025-02-03T10:14:06.944+0000] {logging_mixin.py:190} INFO - [2025-02-03T10:14:06.944+0000] {dagbag.py:588} INFO - Filling up the DagBag from /home/airflow/.local/lib/python3.12/site-packages/airflow/example_dags/example_dataset_alias.py
[2025-02-03T10:14:08.856+0000] {processor.py:925} INFO - DAG(s) 'dataset_s3_bucket_consumer', 'dataset_s3_bucket_producer', 'dataset_alias_example_alias_producer', 'dataset_alias_example_alias_consumer' retrieved from /home/airflow/.local/lib/python3.12/site-packages/airflow/example_dags/example_dataset_alias.py
[2025-02-03T10:14:08.931+0000] {logging_mixin.py:190} INFO - [2025-02-03T10:14:08.930+0000] {dag.py:3239} INFO - Sync 4 DAGs
[2025-02-03T10:14:08.984+0000] {logging_mixin.py:190} INFO - [2025-02-03T10:14:08.982+0000] {dag.py:4180} INFO - Setting next_dagrun for dataset_alias_example_alias_consumer to None, run_after=None
[2025-02-03T10:14:08.989+0000] {logging_mixin.py:190} INFO - [2025-02-03T10:14:08.989+0000] {dag.py:4180} INFO - Setting next_dagrun for dataset_alias_example_alias_producer to None, run_after=None
[2025-02-03T10:14:08.992+0000] {logging_mixin.py:190} INFO - [2025-02-03T10:14:08.992+0000] {dag.py:4180} INFO - Setting next_dagrun for dataset_s3_bucket_consumer to None, run_after=None
[2025-02-03T10:14:08.997+0000] {logging_mixin.py:190} INFO - [2025-02-03T10:14:08.996+0000] {dag.py:4180} INFO - Setting next_dagrun for dataset_s3_bucket_producer to None, run_after=None
[2025-02-03T10:14:09.057+0000] {processor.py:208} INFO - Processing /home/airflow/.local/lib/python3.12/site-packages/airflow/example_dags/example_dataset_alias.py took 2.137 seconds
[2025-02-03T10:14:39.963+0000] {processor.py:186} INFO - Started process (PID=252) to work on /home/airflow/.local/lib/python3.12/site-packages/airflow/example_dags/example_dataset_alias.py
[2025-02-03T10:14:39.964+0000] {processor.py:914} INFO - Processing file /home/airflow/.local/lib/python3.12/site-packages/airflow/example_dags/example_dataset_alias.py for tasks to queue
[2025-02-03T10:14:39.968+0000] {logging_mixin.py:190} INFO - [2025-02-03T10:14:39.968+0000] {dagbag.py:588} INFO - Filling up the DagBag from /home/airflow/.local/lib/python3.12/site-packages/airflow/example_dags/example_dataset_alias.py
[2025-02-03T10:14:40.553+0000] {processor.py:925} INFO - DAG(s) 'dataset_alias_example_alias_producer', 'dataset_s3_bucket_producer', 'dataset_s3_bucket_consumer', 'dataset_alias_example_alias_consumer' retrieved from /home/airflow/.local/lib/python3.12/site-packages/airflow/example_dags/example_dataset_alias.py
[2025-02-03T10:14:40.571+0000] {logging_mixin.py:190} INFO - [2025-02-03T10:14:40.571+0000] {dag.py:3239} INFO - Sync 4 DAGs
[2025-02-03T10:14:40.588+0000] {logging_mixin.py:190} INFO - [2025-02-03T10:14:40.587+0000] {dag.py:4180} INFO - Setting next_dagrun for dataset_alias_example_alias_consumer to None, run_after=None
[2025-02-03T10:14:40.590+0000] {logging_mixin.py:190} INFO - [2025-02-03T10:14:40.590+0000] {dag.py:4180} INFO - Setting next_dagrun for dataset_alias_example_alias_producer to None, run_after=None
[2025-02-03T10:14:40.592+0000] {logging_mixin.py:190} INFO - [2025-02-03T10:14:40.592+0000] {dag.py:4180} INFO - Setting next_dagrun for dataset_s3_bucket_consumer to None, run_after=None
[2025-02-03T10:14:40.593+0000] {logging_mixin.py:190} INFO - [2025-02-03T10:14:40.593+0000] {dag.py:4180} INFO - Setting next_dagrun for dataset_s3_bucket_producer to None, run_after=None
[2025-02-03T10:14:40.618+0000] {processor.py:208} INFO - Processing /home/airflow/.local/lib/python3.12/site-packages/airflow/example_dags/example_dataset_alias.py took 0.662 seconds
[2025-02-03T10:15:10.847+0000] {processor.py:186} INFO - Started process (PID=322) to work on /home/airflow/.local/lib/python3.12/site-packages/airflow/example_dags/example_dataset_alias.py
[2025-02-03T10:15:10.848+0000] {processor.py:914} INFO - Processing file /home/airflow/.local/lib/python3.12/site-packages/airflow/example_dags/example_dataset_alias.py for tasks to queue
[2025-02-03T10:15:10.851+0000] {logging_mixin.py:190} INFO - [2025-02-03T10:15:10.851+0000] {dagbag.py:588} INFO - Filling up the DagBag from /home/airflow/.local/lib/python3.12/site-packages/airflow/example_dags/example_dataset_alias.py
[2025-02-03T10:15:11.369+0000] {processor.py:925} INFO - DAG(s) 'dataset_alias_example_alias_producer', 'dataset_s3_bucket_producer', 'dataset_alias_example_alias_consumer', 'dataset_s3_bucket_consumer' retrieved from /home/airflow/.local/lib/python3.12/site-packages/airflow/example_dags/example_dataset_alias.py
[2025-02-03T10:15:11.388+0000] {logging_mixin.py:190} INFO - [2025-02-03T10:15:11.387+0000] {dag.py:3239} INFO - Sync 4 DAGs
[2025-02-03T10:15:11.406+0000] {logging_mixin.py:190} INFO - [2025-02-03T10:15:11.405+0000] {dag.py:4180} INFO - Setting next_dagrun for dataset_alias_example_alias_consumer to None, run_after=None
[2025-02-03T10:15:11.408+0000] {logging_mixin.py:190} INFO - [2025-02-03T10:15:11.408+0000] {dag.py:4180} INFO - Setting next_dagrun for dataset_alias_example_alias_producer to None, run_after=None
[2025-02-03T10:15:11.410+0000] {logging_mixin.py:190} INFO - [2025-02-03T10:15:11.410+0000] {dag.py:4180} INFO - Setting next_dagrun for dataset_s3_bucket_consumer to None, run_after=None
[2025-02-03T10:15:11.411+0000] {logging_mixin.py:190} INFO - [2025-02-03T10:15:11.411+0000] {dag.py:4180} INFO - Setting next_dagrun for dataset_s3_bucket_producer to None, run_after=None
[2025-02-03T10:15:11.456+0000] {processor.py:208} INFO - Processing /home/airflow/.local/lib/python3.12/site-packages/airflow/example_dags/example_dataset_alias.py took 0.614 seconds
[2025-02-03T10:15:41.614+0000] {processor.py:186} INFO - Started process (PID=392) to work on /home/airflow/.local/lib/python3.12/site-packages/airflow/example_dags/example_dataset_alias.py
[2025-02-03T10:15:41.615+0000] {processor.py:914} INFO - Processing file /home/airflow/.local/lib/python3.12/site-packages/airflow/example_dags/example_dataset_alias.py for tasks to queue
[2025-02-03T10:15:41.618+0000] {logging_mixin.py:190} INFO - [2025-02-03T10:15:41.618+0000] {dagbag.py:588} INFO - Filling up the DagBag from /home/airflow/.local/lib/python3.12/site-packages/airflow/example_dags/example_dataset_alias.py
[2025-02-03T10:15:42.148+0000] {processor.py:925} INFO - DAG(s) 'dataset_s3_bucket_consumer', 'dataset_alias_example_alias_producer', 'dataset_alias_example_alias_consumer', 'dataset_s3_bucket_producer' retrieved from /home/airflow/.local/lib/python3.12/site-packages/airflow/example_dags/example_dataset_alias.py
[2025-02-03T10:15:42.163+0000] {logging_mixin.py:190} INFO - [2025-02-03T10:15:42.163+0000] {dag.py:3239} INFO - Sync 4 DAGs
[2025-02-03T10:15:42.179+0000] {logging_mixin.py:190} INFO - [2025-02-03T10:15:42.179+0000] {dag.py:4180} INFO - Setting next_dagrun for dataset_alias_example_alias_consumer to None, run_after=None
[2025-02-03T10:15:42.182+0000] {logging_mixin.py:190} INFO - [2025-02-03T10:15:42.182+0000] {dag.py:4180} INFO - Setting next_dagrun for dataset_alias_example_alias_producer to None, run_after=None
[2025-02-03T10:15:42.183+0000] {logging_mixin.py:190} INFO - [2025-02-03T10:15:42.183+0000] {dag.py:4180} INFO - Setting next_dagrun for dataset_s3_bucket_consumer to None, run_after=None
[2025-02-03T10:15:42.185+0000] {logging_mixin.py:190} INFO - [2025-02-03T10:15:42.184+0000] {dag.py:4180} INFO - Setting next_dagrun for dataset_s3_bucket_producer to None, run_after=None
[2025-02-03T10:15:42.199+0000] {processor.py:208} INFO - Processing /home/airflow/.local/lib/python3.12/site-packages/airflow/example_dags/example_dataset_alias.py took 0.590 seconds
[2025-02-03T10:16:13.577+0000] {processor.py:186} INFO - Started process (PID=457) to work on /home/airflow/.local/lib/python3.12/site-packages/airflow/example_dags/example_dataset_alias.py
[2025-02-03T10:16:13.579+0000] {processor.py:914} INFO - Processing file /home/airflow/.local/lib/python3.12/site-packages/airflow/example_dags/example_dataset_alias.py for tasks to queue
[2025-02-03T10:16:13.587+0000] {logging_mixin.py:190} INFO - [2025-02-03T10:16:13.586+0000] {dagbag.py:588} INFO - Filling up the DagBag from /home/airflow/.local/lib/python3.12/site-packages/airflow/example_dags/example_dataset_alias.py
[2025-02-03T10:16:14.293+0000] {processor.py:925} INFO - DAG(s) 'dataset_s3_bucket_consumer', 'dataset_s3_bucket_producer', 'dataset_alias_example_alias_consumer', 'dataset_alias_example_alias_producer' retrieved from /home/airflow/.local/lib/python3.12/site-packages/airflow/example_dags/example_dataset_alias.py
[2025-02-03T10:16:14.323+0000] {logging_mixin.py:190} INFO - [2025-02-03T10:16:14.322+0000] {dag.py:3239} INFO - Sync 4 DAGs
[2025-02-03T10:16:14.347+0000] {logging_mixin.py:190} INFO - [2025-02-03T10:16:14.346+0000] {dag.py:4180} INFO - Setting next_dagrun for dataset_alias_example_alias_consumer to None, run_after=None
[2025-02-03T10:16:14.349+0000] {logging_mixin.py:190} INFO - [2025-02-03T10:16:14.349+0000] {dag.py:4180} INFO - Setting next_dagrun for dataset_alias_example_alias_producer to None, run_after=None
[2025-02-03T10:16:14.357+0000] {logging_mixin.py:190} INFO - [2025-02-03T10:16:14.357+0000] {dag.py:4180} INFO - Setting next_dagrun for dataset_s3_bucket_consumer to None, run_after=None
[2025-02-03T10:16:14.359+0000] {logging_mixin.py:190} INFO - [2025-02-03T10:16:14.359+0000] {dag.py:4180} INFO - Setting next_dagrun for dataset_s3_bucket_producer to None, run_after=None
[2025-02-03T10:16:14.381+0000] {processor.py:208} INFO - Processing /home/airflow/.local/lib/python3.12/site-packages/airflow/example_dags/example_dataset_alias.py took 0.809 seconds
[2025-02-03T10:16:45.237+0000] {processor.py:186} INFO - Started process (PID=527) to work on /home/airflow/.local/lib/python3.12/site-packages/airflow/example_dags/example_dataset_alias.py
[2025-02-03T10:16:45.238+0000] {processor.py:914} INFO - Processing file /home/airflow/.local/lib/python3.12/site-packages/airflow/example_dags/example_dataset_alias.py for tasks to queue
[2025-02-03T10:16:45.241+0000] {logging_mixin.py:190} INFO - [2025-02-03T10:16:45.240+0000] {dagbag.py:588} INFO - Filling up the DagBag from /home/airflow/.local/lib/python3.12/site-packages/airflow/example_dags/example_dataset_alias.py
[2025-02-03T10:16:45.748+0000] {processor.py:925} INFO - DAG(s) 'dataset_alias_example_alias_producer', 'dataset_s3_bucket_producer', 'dataset_alias_example_alias_consumer', 'dataset_s3_bucket_consumer' retrieved from /home/airflow/.local/lib/python3.12/site-packages/airflow/example_dags/example_dataset_alias.py
[2025-02-03T10:16:45.814+0000] {logging_mixin.py:190} INFO - [2025-02-03T10:16:45.813+0000] {dag.py:3239} INFO - Sync 4 DAGs
[2025-02-03T10:16:45.845+0000] {logging_mixin.py:190} INFO - [2025-02-03T10:16:45.845+0000] {dag.py:4180} INFO - Setting next_dagrun for dataset_alias_example_alias_consumer to None, run_after=None
[2025-02-03T10:16:45.848+0000] {logging_mixin.py:190} INFO - [2025-02-03T10:16:45.847+0000] {dag.py:4180} INFO - Setting next_dagrun for dataset_alias_example_alias_producer to None, run_after=None
[2025-02-03T10:16:45.849+0000] {logging_mixin.py:190} INFO - [2025-02-03T10:16:45.849+0000] {dag.py:4180} INFO - Setting next_dagrun for dataset_s3_bucket_consumer to None, run_after=None
[2025-02-03T10:16:45.850+0000] {logging_mixin.py:190} INFO - [2025-02-03T10:16:45.850+0000] {dag.py:4180} INFO - Setting next_dagrun for dataset_s3_bucket_producer to None, run_after=None
[2025-02-03T10:16:45.874+0000] {processor.py:208} INFO - Processing /home/airflow/.local/lib/python3.12/site-packages/airflow/example_dags/example_dataset_alias.py took 0.643 seconds
[2025-02-03T10:17:16.335+0000] {processor.py:186} INFO - Started process (PID=584) to work on /home/airflow/.local/lib/python3.12/site-packages/airflow/example_dags/example_dataset_alias.py
[2025-02-03T10:17:16.336+0000] {processor.py:914} INFO - Processing file /home/airflow/.local/lib/python3.12/site-packages/airflow/example_dags/example_dataset_alias.py for tasks to queue
[2025-02-03T10:17:16.339+0000] {logging_mixin.py:190} INFO - [2025-02-03T10:17:16.338+0000] {dagbag.py:588} INFO - Filling up the DagBag from /home/airflow/.local/lib/python3.12/site-packages/airflow/example_dags/example_dataset_alias.py
[2025-02-03T10:17:17.076+0000] {processor.py:925} INFO - DAG(s) 'dataset_alias_example_alias_consumer', 'dataset_s3_bucket_consumer', 'dataset_s3_bucket_producer', 'dataset_alias_example_alias_producer' retrieved from /home/airflow/.local/lib/python3.12/site-packages/airflow/example_dags/example_dataset_alias.py
[2025-02-03T10:17:17.103+0000] {logging_mixin.py:190} INFO - [2025-02-03T10:17:17.103+0000] {dag.py:3239} INFO - Sync 4 DAGs
[2025-02-03T10:17:17.140+0000] {logging_mixin.py:190} INFO - [2025-02-03T10:17:17.139+0000] {dag.py:4180} INFO - Setting next_dagrun for dataset_alias_example_alias_consumer to None, run_after=None
[2025-02-03T10:17:17.144+0000] {logging_mixin.py:190} INFO - [2025-02-03T10:17:17.144+0000] {dag.py:4180} INFO - Setting next_dagrun for dataset_alias_example_alias_producer to None, run_after=None
[2025-02-03T10:17:17.145+0000] {logging_mixin.py:190} INFO - [2025-02-03T10:17:17.145+0000] {dag.py:4180} INFO - Setting next_dagrun for dataset_s3_bucket_consumer to None, run_after=None
[2025-02-03T10:17:17.148+0000] {logging_mixin.py:190} INFO - [2025-02-03T10:17:17.147+0000] {dag.py:4180} INFO - Setting next_dagrun for dataset_s3_bucket_producer to None, run_after=None
[2025-02-03T10:17:17.185+0000] {processor.py:208} INFO - Processing /home/airflow/.local/lib/python3.12/site-packages/airflow/example_dags/example_dataset_alias.py took 0.855 seconds
[2025-02-03T10:17:47.346+0000] {processor.py:186} INFO - Started process (PID=653) to work on /home/airflow/.local/lib/python3.12/site-packages/airflow/example_dags/example_dataset_alias.py
[2025-02-03T10:17:47.348+0000] {processor.py:914} INFO - Processing file /home/airflow/.local/lib/python3.12/site-packages/airflow/example_dags/example_dataset_alias.py for tasks to queue
[2025-02-03T10:17:47.350+0000] {logging_mixin.py:190} INFO - [2025-02-03T10:17:47.349+0000] {dagbag.py:588} INFO - Filling up the DagBag from /home/airflow/.local/lib/python3.12/site-packages/airflow/example_dags/example_dataset_alias.py
[2025-02-03T10:17:47.772+0000] {processor.py:925} INFO - DAG(s) 'dataset_s3_bucket_producer', 'dataset_alias_example_alias_consumer', 'dataset_s3_bucket_consumer', 'dataset_alias_example_alias_producer' retrieved from /home/airflow/.local/lib/python3.12/site-packages/airflow/example_dags/example_dataset_alias.py
[2025-02-03T10:17:47.791+0000] {logging_mixin.py:190} INFO - [2025-02-03T10:17:47.790+0000] {dag.py:3239} INFO - Sync 4 DAGs
[2025-02-03T10:17:47.810+0000] {logging_mixin.py:190} INFO - [2025-02-03T10:17:47.810+0000] {dag.py:4180} INFO - Setting next_dagrun for dataset_alias_example_alias_consumer to None, run_after=None
[2025-02-03T10:17:47.813+0000] {logging_mixin.py:190} INFO - [2025-02-03T10:17:47.813+0000] {dag.py:4180} INFO - Setting next_dagrun for dataset_alias_example_alias_producer to None, run_after=None
[2025-02-03T10:17:47.815+0000] {logging_mixin.py:190} INFO - [2025-02-03T10:17:47.815+0000] {dag.py:4180} INFO - Setting next_dagrun for dataset_s3_bucket_consumer to None, run_after=None
[2025-02-03T10:17:47.816+0000] {logging_mixin.py:190} INFO - [2025-02-03T10:17:47.816+0000] {dag.py:4180} INFO - Setting next_dagrun for dataset_s3_bucket_producer to None, run_after=None
[2025-02-03T10:17:47.833+0000] {processor.py:208} INFO - Processing /home/airflow/.local/lib/python3.12/site-packages/airflow/example_dags/example_dataset_alias.py took 0.494 seconds
[2025-02-03T10:18:17.876+0000] {processor.py:186} INFO - Started process (PID=718) to work on /home/airflow/.local/lib/python3.12/site-packages/airflow/example_dags/example_dataset_alias.py
[2025-02-03T10:18:17.878+0000] {processor.py:914} INFO - Processing file /home/airflow/.local/lib/python3.12/site-packages/airflow/example_dags/example_dataset_alias.py for tasks to queue
[2025-02-03T10:18:17.880+0000] {logging_mixin.py:190} INFO - [2025-02-03T10:18:17.880+0000] {dagbag.py:588} INFO - Filling up the DagBag from /home/airflow/.local/lib/python3.12/site-packages/airflow/example_dags/example_dataset_alias.py
[2025-02-03T10:18:18.403+0000] {processor.py:925} INFO - DAG(s) 'dataset_s3_bucket_consumer', 'dataset_s3_bucket_producer', 'dataset_alias_example_alias_consumer', 'dataset_alias_example_alias_producer' retrieved from /home/airflow/.local/lib/python3.12/site-packages/airflow/example_dags/example_dataset_alias.py
[2025-02-03T10:18:18.422+0000] {logging_mixin.py:190} INFO - [2025-02-03T10:18:18.421+0000] {dag.py:3239} INFO - Sync 4 DAGs
[2025-02-03T10:18:18.438+0000] {logging_mixin.py:190} INFO - [2025-02-03T10:18:18.438+0000] {dag.py:4180} INFO - Setting next_dagrun for dataset_alias_example_alias_consumer to None, run_after=None
[2025-02-03T10:18:18.441+0000] {logging_mixin.py:190} INFO - [2025-02-03T10:18:18.441+0000] {dag.py:4180} INFO - Setting next_dagrun for dataset_alias_example_alias_producer to None, run_after=None
[2025-02-03T10:18:18.443+0000] {logging_mixin.py:190} INFO - [2025-02-03T10:18:18.442+0000] {dag.py:4180} INFO - Setting next_dagrun for dataset_s3_bucket_consumer to None, run_after=None
[2025-02-03T10:18:18.445+0000] {logging_mixin.py:190} INFO - [2025-02-03T10:18:18.445+0000] {dag.py:4180} INFO - Setting next_dagrun for dataset_s3_bucket_producer to None, run_after=None
[2025-02-03T10:18:18.462+0000] {processor.py:208} INFO - Processing /home/airflow/.local/lib/python3.12/site-packages/airflow/example_dags/example_dataset_alias.py took 0.590 seconds
[2025-02-03T10:18:49.239+0000] {processor.py:186} INFO - Started process (PID=781) to work on /home/airflow/.local/lib/python3.12/site-packages/airflow/example_dags/example_dataset_alias.py
[2025-02-03T10:18:49.240+0000] {processor.py:914} INFO - Processing file /home/airflow/.local/lib/python3.12/site-packages/airflow/example_dags/example_dataset_alias.py for tasks to queue
[2025-02-03T10:18:49.243+0000] {logging_mixin.py:190} INFO - [2025-02-03T10:18:49.242+0000] {dagbag.py:588} INFO - Filling up the DagBag from /home/airflow/.local/lib/python3.12/site-packages/airflow/example_dags/example_dataset_alias.py
[2025-02-03T10:18:49.734+0000] {processor.py:925} INFO - DAG(s) 'dataset_s3_bucket_producer', 'dataset_alias_example_alias_producer', 'dataset_alias_example_alias_consumer', 'dataset_s3_bucket_consumer' retrieved from /home/airflow/.local/lib/python3.12/site-packages/airflow/example_dags/example_dataset_alias.py
[2025-02-03T10:18:49.749+0000] {logging_mixin.py:190} INFO - [2025-02-03T10:18:49.749+0000] {dag.py:3239} INFO - Sync 4 DAGs
[2025-02-03T10:18:49.767+0000] {logging_mixin.py:190} INFO - [2025-02-03T10:18:49.767+0000] {dag.py:4180} INFO - Setting next_dagrun for dataset_alias_example_alias_consumer to None, run_after=None
[2025-02-03T10:18:49.770+0000] {logging_mixin.py:190} INFO - [2025-02-03T10:18:49.770+0000] {dag.py:4180} INFO - Setting next_dagrun for dataset_alias_example_alias_producer to None, run_after=None
[2025-02-03T10:18:49.772+0000] {logging_mixin.py:190} INFO - [2025-02-03T10:18:49.772+0000] {dag.py:4180} INFO - Setting next_dagrun for dataset_s3_bucket_consumer to None, run_after=None
[2025-02-03T10:18:49.773+0000] {logging_mixin.py:190} INFO - [2025-02-03T10:18:49.773+0000] {dag.py:4180} INFO - Setting next_dagrun for dataset_s3_bucket_producer to None, run_after=None
[2025-02-03T10:18:49.789+0000] {processor.py:208} INFO - Processing /home/airflow/.local/lib/python3.12/site-packages/airflow/example_dags/example_dataset_alias.py took 0.555 seconds
[2025-02-03T10:19:21.111+0000] {processor.py:186} INFO - Started process (PID=835) to work on /home/airflow/.local/lib/python3.12/site-packages/airflow/example_dags/example_dataset_alias.py
[2025-02-03T10:19:21.113+0000] {processor.py:914} INFO - Processing file /home/airflow/.local/lib/python3.12/site-packages/airflow/example_dags/example_dataset_alias.py for tasks to queue
[2025-02-03T10:19:21.115+0000] {logging_mixin.py:190} INFO - [2025-02-03T10:19:21.115+0000] {dagbag.py:588} INFO - Filling up the DagBag from /home/airflow/.local/lib/python3.12/site-packages/airflow/example_dags/example_dataset_alias.py
[2025-02-03T10:19:22.054+0000] {processor.py:925} INFO - DAG(s) 'dataset_alias_example_alias_producer', 'dataset_s3_bucket_producer', 'dataset_alias_example_alias_consumer', 'dataset_s3_bucket_consumer' retrieved from /home/airflow/.local/lib/python3.12/site-packages/airflow/example_dags/example_dataset_alias.py
[2025-02-03T10:19:22.086+0000] {logging_mixin.py:190} INFO - [2025-02-03T10:19:22.085+0000] {dag.py:3239} INFO - Sync 4 DAGs
[2025-02-03T10:19:22.140+0000] {logging_mixin.py:190} INFO - [2025-02-03T10:19:22.139+0000] {dag.py:4180} INFO - Setting next_dagrun for dataset_alias_example_alias_consumer to None, run_after=None
[2025-02-03T10:19:22.143+0000] {logging_mixin.py:190} INFO - [2025-02-03T10:19:22.143+0000] {dag.py:4180} INFO - Setting next_dagrun for dataset_alias_example_alias_producer to None, run_after=None
[2025-02-03T10:19:22.146+0000] {logging_mixin.py:190} INFO - [2025-02-03T10:19:22.145+0000] {dag.py:4180} INFO - Setting next_dagrun for dataset_s3_bucket_consumer to None, run_after=None
[2025-02-03T10:19:22.150+0000] {logging_mixin.py:190} INFO - [2025-02-03T10:19:22.150+0000] {dag.py:4180} INFO - Setting next_dagrun for dataset_s3_bucket_producer to None, run_after=None
[2025-02-03T10:19:22.176+0000] {processor.py:208} INFO - Processing /home/airflow/.local/lib/python3.12/site-packages/airflow/example_dags/example_dataset_alias.py took 1.070 seconds
[2025-02-03T10:19:54.838+0000] {processor.py:186} INFO - Started process (PID=904) to work on /home/airflow/.local/lib/python3.12/site-packages/airflow/example_dags/example_dataset_alias.py
[2025-02-03T10:19:54.840+0000] {processor.py:914} INFO - Processing file /home/airflow/.local/lib/python3.12/site-packages/airflow/example_dags/example_dataset_alias.py for tasks to queue
[2025-02-03T10:19:54.842+0000] {logging_mixin.py:190} INFO - [2025-02-03T10:19:54.842+0000] {dagbag.py:588} INFO - Filling up the DagBag from /home/airflow/.local/lib/python3.12/site-packages/airflow/example_dags/example_dataset_alias.py
[2025-02-03T10:19:55.330+0000] {processor.py:925} INFO - DAG(s) 'dataset_alias_example_alias_consumer', 'dataset_s3_bucket_producer', 'dataset_alias_example_alias_producer', 'dataset_s3_bucket_consumer' retrieved from /home/airflow/.local/lib/python3.12/site-packages/airflow/example_dags/example_dataset_alias.py
[2025-02-03T10:19:55.346+0000] {logging_mixin.py:190} INFO - [2025-02-03T10:19:55.346+0000] {dag.py:3239} INFO - Sync 4 DAGs
[2025-02-03T10:19:55.362+0000] {logging_mixin.py:190} INFO - [2025-02-03T10:19:55.362+0000] {dag.py:4180} INFO - Setting next_dagrun for dataset_alias_example_alias_consumer to None, run_after=None
[2025-02-03T10:19:55.365+0000] {logging_mixin.py:190} INFO - [2025-02-03T10:19:55.364+0000] {dag.py:4180} INFO - Setting next_dagrun for dataset_alias_example_alias_producer to None, run_after=None
[2025-02-03T10:19:55.374+0000] {logging_mixin.py:190} INFO - [2025-02-03T10:19:55.374+0000] {dag.py:4180} INFO - Setting next_dagrun for dataset_s3_bucket_consumer to None, run_after=None
[2025-02-03T10:19:55.377+0000] {logging_mixin.py:190} INFO - [2025-02-03T10:19:55.377+0000] {dag.py:4180} INFO - Setting next_dagrun for dataset_s3_bucket_producer to None, run_after=None
[2025-02-03T10:19:55.395+0000] {processor.py:208} INFO - Processing /home/airflow/.local/lib/python3.12/site-packages/airflow/example_dags/example_dataset_alias.py took 0.564 seconds
