[2025-02-03T09:44:35.754+0000] {processor.py:186} INFO - Started process (PID=80) to work on /home/airflow/.local/lib/python3.12/site-packages/airflow/example_dags/example_dynamic_task_mapping.py
[2025-02-03T09:44:35.756+0000] {processor.py:914} INFO - Processing file /home/airflow/.local/lib/python3.12/site-packages/airflow/example_dags/example_dynamic_task_mapping.py for tasks to queue
[2025-02-03T09:44:35.759+0000] {logging_mixin.py:190} INFO - [2025-02-03T09:44:35.759+0000] {dagbag.py:588} INFO - Filling up the DagBag from /home/airflow/.local/lib/python3.12/site-packages/airflow/example_dags/example_dynamic_task_mapping.py
[2025-02-03T09:44:35.771+0000] {processor.py:925} INFO - DAG(s) 'example_dynamic_task_mapping' retrieved from /home/airflow/.local/lib/python3.12/site-packages/airflow/example_dags/example_dynamic_task_mapping.py
[2025-02-03T09:44:35.874+0000] {logging_mixin.py:190} INFO - [2025-02-03T09:44:35.873+0000] {override.py:1911} INFO - Created Permission View: can edit on DAG:example_dynamic_task_mapping
[2025-02-03T09:44:35.887+0000] {logging_mixin.py:190} INFO - [2025-02-03T09:44:35.887+0000] {override.py:1911} INFO - Created Permission View: can read on DAG:example_dynamic_task_mapping
[2025-02-03T09:44:35.917+0000] {logging_mixin.py:190} INFO - [2025-02-03T09:44:35.917+0000] {override.py:1911} INFO - Created Permission View: can delete on DAG:example_dynamic_task_mapping
[2025-02-03T09:44:36.011+0000] {logging_mixin.py:190} INFO - [2025-02-03T09:44:36.010+0000] {override.py:1911} INFO - Created Permission View: can read on DAG Run:example_dynamic_task_mapping
[2025-02-03T09:44:36.053+0000] {logging_mixin.py:190} INFO - [2025-02-03T09:44:36.053+0000] {override.py:1911} INFO - Created Permission View: can delete on DAG Run:example_dynamic_task_mapping
[2025-02-03T09:44:36.086+0000] {logging_mixin.py:190} INFO - [2025-02-03T09:44:36.086+0000] {override.py:1911} INFO - Created Permission View: can create on DAG Run:example_dynamic_task_mapping
[2025-02-03T09:44:36.093+0000] {logging_mixin.py:190} INFO - [2025-02-03T09:44:36.093+0000] {override.py:1911} INFO - Created Permission View: menu access on DAG Run:example_dynamic_task_mapping
[2025-02-03T09:44:36.094+0000] {logging_mixin.py:190} INFO - [2025-02-03T09:44:36.094+0000] {dag.py:3239} INFO - Sync 1 DAGs
[2025-02-03T09:44:36.153+0000] {logging_mixin.py:190} INFO - [2025-02-03T09:44:36.152+0000] {dag.py:3262} INFO - Creating ORM DAG for example_dynamic_task_mapping
[2025-02-03T09:44:36.155+0000] {logging_mixin.py:190} INFO - [2025-02-03T09:44:36.155+0000] {dag.py:4180} INFO - Setting next_dagrun for example_dynamic_task_mapping to None, run_after=None
[2025-02-03T09:44:36.191+0000] {processor.py:208} INFO - Processing /home/airflow/.local/lib/python3.12/site-packages/airflow/example_dags/example_dynamic_task_mapping.py took 0.445 seconds
[2025-02-03T09:45:15.947+0000] {processor.py:186} INFO - Started process (PID=142) to work on /home/airflow/.local/lib/python3.12/site-packages/airflow/example_dags/example_dynamic_task_mapping.py
[2025-02-03T09:45:15.949+0000] {processor.py:914} INFO - Processing file /home/airflow/.local/lib/python3.12/site-packages/airflow/example_dags/example_dynamic_task_mapping.py for tasks to queue
[2025-02-03T09:45:15.953+0000] {logging_mixin.py:190} INFO - [2025-02-03T09:45:15.952+0000] {dagbag.py:588} INFO - Filling up the DagBag from /home/airflow/.local/lib/python3.12/site-packages/airflow/example_dags/example_dynamic_task_mapping.py
[2025-02-03T09:45:15.964+0000] {processor.py:925} INFO - DAG(s) 'example_dynamic_task_mapping' retrieved from /home/airflow/.local/lib/python3.12/site-packages/airflow/example_dags/example_dynamic_task_mapping.py
[2025-02-03T09:45:15.989+0000] {logging_mixin.py:190} INFO - [2025-02-03T09:45:15.989+0000] {dag.py:3239} INFO - Sync 1 DAGs
[2025-02-03T09:45:16.011+0000] {logging_mixin.py:190} INFO - [2025-02-03T09:45:16.011+0000] {dag.py:4180} INFO - Setting next_dagrun for example_dynamic_task_mapping to None, run_after=None
[2025-02-03T09:45:16.034+0000] {processor.py:208} INFO - Processing /home/airflow/.local/lib/python3.12/site-packages/airflow/example_dags/example_dynamic_task_mapping.py took 0.095 seconds
[2025-02-03T09:45:46.534+0000] {processor.py:186} INFO - Started process (PID=205) to work on /home/airflow/.local/lib/python3.12/site-packages/airflow/example_dags/example_dynamic_task_mapping.py
[2025-02-03T09:45:46.535+0000] {processor.py:914} INFO - Processing file /home/airflow/.local/lib/python3.12/site-packages/airflow/example_dags/example_dynamic_task_mapping.py for tasks to queue
[2025-02-03T09:45:46.539+0000] {logging_mixin.py:190} INFO - [2025-02-03T09:45:46.538+0000] {dagbag.py:588} INFO - Filling up the DagBag from /home/airflow/.local/lib/python3.12/site-packages/airflow/example_dags/example_dynamic_task_mapping.py
[2025-02-03T09:45:46.553+0000] {processor.py:925} INFO - DAG(s) 'example_dynamic_task_mapping' retrieved from /home/airflow/.local/lib/python3.12/site-packages/airflow/example_dags/example_dynamic_task_mapping.py
[2025-02-03T09:45:46.570+0000] {logging_mixin.py:190} INFO - [2025-02-03T09:45:46.570+0000] {dag.py:3239} INFO - Sync 1 DAGs
[2025-02-03T09:45:46.587+0000] {logging_mixin.py:190} INFO - [2025-02-03T09:45:46.587+0000] {dag.py:4180} INFO - Setting next_dagrun for example_dynamic_task_mapping to None, run_after=None
[2025-02-03T09:45:46.615+0000] {processor.py:208} INFO - Processing /home/airflow/.local/lib/python3.12/site-packages/airflow/example_dags/example_dynamic_task_mapping.py took 0.089 seconds
[2025-02-03T09:46:19.515+0000] {processor.py:186} INFO - Started process (PID=268) to work on /home/airflow/.local/lib/python3.12/site-packages/airflow/example_dags/example_dynamic_task_mapping.py
[2025-02-03T09:46:19.516+0000] {processor.py:914} INFO - Processing file /home/airflow/.local/lib/python3.12/site-packages/airflow/example_dags/example_dynamic_task_mapping.py for tasks to queue
[2025-02-03T09:46:19.518+0000] {logging_mixin.py:190} INFO - [2025-02-03T09:46:19.518+0000] {dagbag.py:588} INFO - Filling up the DagBag from /home/airflow/.local/lib/python3.12/site-packages/airflow/example_dags/example_dynamic_task_mapping.py
[2025-02-03T09:46:19.526+0000] {processor.py:925} INFO - DAG(s) 'example_dynamic_task_mapping' retrieved from /home/airflow/.local/lib/python3.12/site-packages/airflow/example_dags/example_dynamic_task_mapping.py
[2025-02-03T09:46:19.540+0000] {logging_mixin.py:190} INFO - [2025-02-03T09:46:19.540+0000] {dag.py:3239} INFO - Sync 1 DAGs
[2025-02-03T09:46:19.551+0000] {logging_mixin.py:190} INFO - [2025-02-03T09:46:19.551+0000] {dag.py:4180} INFO - Setting next_dagrun for example_dynamic_task_mapping to None, run_after=None
[2025-02-03T09:46:19.566+0000] {processor.py:208} INFO - Processing /home/airflow/.local/lib/python3.12/site-packages/airflow/example_dags/example_dynamic_task_mapping.py took 0.056 seconds
[2025-02-03T09:55:25.603+0000] {processor.py:186} INFO - Started process (PID=81) to work on /home/airflow/.local/lib/python3.12/site-packages/airflow/example_dags/example_dynamic_task_mapping.py
[2025-02-03T09:55:25.610+0000] {processor.py:914} INFO - Processing file /home/airflow/.local/lib/python3.12/site-packages/airflow/example_dags/example_dynamic_task_mapping.py for tasks to queue
[2025-02-03T09:55:25.613+0000] {logging_mixin.py:190} INFO - [2025-02-03T09:55:25.613+0000] {dagbag.py:588} INFO - Filling up the DagBag from /home/airflow/.local/lib/python3.12/site-packages/airflow/example_dags/example_dynamic_task_mapping.py
[2025-02-03T09:55:25.623+0000] {processor.py:925} INFO - DAG(s) 'example_dynamic_task_mapping' retrieved from /home/airflow/.local/lib/python3.12/site-packages/airflow/example_dags/example_dynamic_task_mapping.py
[2025-02-03T09:55:25.682+0000] {logging_mixin.py:190} INFO - [2025-02-03T09:55:25.682+0000] {dag.py:3239} INFO - Sync 1 DAGs
[2025-02-03T09:55:25.710+0000] {logging_mixin.py:190} INFO - [2025-02-03T09:55:25.710+0000] {dag.py:4180} INFO - Setting next_dagrun for example_dynamic_task_mapping to None, run_after=None
[2025-02-03T09:55:25.746+0000] {processor.py:208} INFO - Processing /home/airflow/.local/lib/python3.12/site-packages/airflow/example_dags/example_dynamic_task_mapping.py took 0.149 seconds
[2025-02-03T09:55:56.243+0000] {processor.py:186} INFO - Started process (PID=145) to work on /home/airflow/.local/lib/python3.12/site-packages/airflow/example_dags/example_dynamic_task_mapping.py
[2025-02-03T09:55:56.244+0000] {processor.py:914} INFO - Processing file /home/airflow/.local/lib/python3.12/site-packages/airflow/example_dags/example_dynamic_task_mapping.py for tasks to queue
[2025-02-03T09:55:56.247+0000] {logging_mixin.py:190} INFO - [2025-02-03T09:55:56.247+0000] {dagbag.py:588} INFO - Filling up the DagBag from /home/airflow/.local/lib/python3.12/site-packages/airflow/example_dags/example_dynamic_task_mapping.py
[2025-02-03T09:55:56.257+0000] {processor.py:925} INFO - DAG(s) 'example_dynamic_task_mapping' retrieved from /home/airflow/.local/lib/python3.12/site-packages/airflow/example_dags/example_dynamic_task_mapping.py
[2025-02-03T09:55:56.281+0000] {logging_mixin.py:190} INFO - [2025-02-03T09:55:56.280+0000] {dag.py:3239} INFO - Sync 1 DAGs
[2025-02-03T09:55:56.296+0000] {logging_mixin.py:190} INFO - [2025-02-03T09:55:56.296+0000] {dag.py:4180} INFO - Setting next_dagrun for example_dynamic_task_mapping to None, run_after=None
[2025-02-03T09:55:56.320+0000] {processor.py:208} INFO - Processing /home/airflow/.local/lib/python3.12/site-packages/airflow/example_dags/example_dynamic_task_mapping.py took 0.082 seconds
[2025-02-03T09:56:26.437+0000] {processor.py:186} INFO - Started process (PID=209) to work on /home/airflow/.local/lib/python3.12/site-packages/airflow/example_dags/example_dynamic_task_mapping.py
[2025-02-03T09:56:26.438+0000] {processor.py:914} INFO - Processing file /home/airflow/.local/lib/python3.12/site-packages/airflow/example_dags/example_dynamic_task_mapping.py for tasks to queue
[2025-02-03T09:56:26.440+0000] {logging_mixin.py:190} INFO - [2025-02-03T09:56:26.439+0000] {dagbag.py:588} INFO - Filling up the DagBag from /home/airflow/.local/lib/python3.12/site-packages/airflow/example_dags/example_dynamic_task_mapping.py
[2025-02-03T09:56:26.447+0000] {processor.py:925} INFO - DAG(s) 'example_dynamic_task_mapping' retrieved from /home/airflow/.local/lib/python3.12/site-packages/airflow/example_dags/example_dynamic_task_mapping.py
[2025-02-03T09:56:26.462+0000] {logging_mixin.py:190} INFO - [2025-02-03T09:56:26.461+0000] {dag.py:3239} INFO - Sync 1 DAGs
[2025-02-03T09:56:26.472+0000] {logging_mixin.py:190} INFO - [2025-02-03T09:56:26.472+0000] {dag.py:4180} INFO - Setting next_dagrun for example_dynamic_task_mapping to None, run_after=None
[2025-02-03T09:56:26.491+0000] {processor.py:208} INFO - Processing /home/airflow/.local/lib/python3.12/site-packages/airflow/example_dags/example_dynamic_task_mapping.py took 0.059 seconds
[2025-02-03T09:56:57.009+0000] {processor.py:186} INFO - Started process (PID=273) to work on /home/airflow/.local/lib/python3.12/site-packages/airflow/example_dags/example_dynamic_task_mapping.py
[2025-02-03T09:56:57.009+0000] {processor.py:914} INFO - Processing file /home/airflow/.local/lib/python3.12/site-packages/airflow/example_dags/example_dynamic_task_mapping.py for tasks to queue
[2025-02-03T09:56:57.011+0000] {logging_mixin.py:190} INFO - [2025-02-03T09:56:57.011+0000] {dagbag.py:588} INFO - Filling up the DagBag from /home/airflow/.local/lib/python3.12/site-packages/airflow/example_dags/example_dynamic_task_mapping.py
[2025-02-03T09:56:57.017+0000] {processor.py:925} INFO - DAG(s) 'example_dynamic_task_mapping' retrieved from /home/airflow/.local/lib/python3.12/site-packages/airflow/example_dags/example_dynamic_task_mapping.py
[2025-02-03T09:56:57.031+0000] {logging_mixin.py:190} INFO - [2025-02-03T09:56:57.031+0000] {dag.py:3239} INFO - Sync 1 DAGs
[2025-02-03T09:56:57.041+0000] {logging_mixin.py:190} INFO - [2025-02-03T09:56:57.040+0000] {dag.py:4180} INFO - Setting next_dagrun for example_dynamic_task_mapping to None, run_after=None
[2025-02-03T09:56:57.056+0000] {processor.py:208} INFO - Processing /home/airflow/.local/lib/python3.12/site-packages/airflow/example_dags/example_dynamic_task_mapping.py took 0.052 seconds
[2025-02-03T09:57:33.902+0000] {processor.py:186} INFO - Started process (PID=337) to work on /home/airflow/.local/lib/python3.12/site-packages/airflow/example_dags/example_dynamic_task_mapping.py
[2025-02-03T09:57:33.903+0000] {processor.py:914} INFO - Processing file /home/airflow/.local/lib/python3.12/site-packages/airflow/example_dags/example_dynamic_task_mapping.py for tasks to queue
[2025-02-03T09:57:33.905+0000] {logging_mixin.py:190} INFO - [2025-02-03T09:57:33.905+0000] {dagbag.py:588} INFO - Filling up the DagBag from /home/airflow/.local/lib/python3.12/site-packages/airflow/example_dags/example_dynamic_task_mapping.py
[2025-02-03T09:57:33.913+0000] {processor.py:925} INFO - DAG(s) 'example_dynamic_task_mapping' retrieved from /home/airflow/.local/lib/python3.12/site-packages/airflow/example_dags/example_dynamic_task_mapping.py
[2025-02-03T09:57:33.928+0000] {logging_mixin.py:190} INFO - [2025-02-03T09:57:33.927+0000] {dag.py:3239} INFO - Sync 1 DAGs
[2025-02-03T09:57:33.939+0000] {logging_mixin.py:190} INFO - [2025-02-03T09:57:33.939+0000] {dag.py:4180} INFO - Setting next_dagrun for example_dynamic_task_mapping to None, run_after=None
[2025-02-03T09:57:33.953+0000] {processor.py:208} INFO - Processing /home/airflow/.local/lib/python3.12/site-packages/airflow/example_dags/example_dynamic_task_mapping.py took 0.057 seconds
[2025-02-03T09:58:07.715+0000] {processor.py:186} INFO - Started process (PID=407) to work on /home/airflow/.local/lib/python3.12/site-packages/airflow/example_dags/example_dynamic_task_mapping.py
[2025-02-03T09:58:07.716+0000] {processor.py:914} INFO - Processing file /home/airflow/.local/lib/python3.12/site-packages/airflow/example_dags/example_dynamic_task_mapping.py for tasks to queue
[2025-02-03T09:58:07.719+0000] {logging_mixin.py:190} INFO - [2025-02-03T09:58:07.719+0000] {dagbag.py:588} INFO - Filling up the DagBag from /home/airflow/.local/lib/python3.12/site-packages/airflow/example_dags/example_dynamic_task_mapping.py
[2025-02-03T09:58:07.728+0000] {processor.py:925} INFO - DAG(s) 'example_dynamic_task_mapping' retrieved from /home/airflow/.local/lib/python3.12/site-packages/airflow/example_dags/example_dynamic_task_mapping.py
[2025-02-03T09:58:07.747+0000] {logging_mixin.py:190} INFO - [2025-02-03T09:58:07.746+0000] {dag.py:3239} INFO - Sync 1 DAGs
[2025-02-03T09:58:07.759+0000] {logging_mixin.py:190} INFO - [2025-02-03T09:58:07.759+0000] {dag.py:4180} INFO - Setting next_dagrun for example_dynamic_task_mapping to None, run_after=None
[2025-02-03T09:58:07.775+0000] {processor.py:208} INFO - Processing /home/airflow/.local/lib/python3.12/site-packages/airflow/example_dags/example_dynamic_task_mapping.py took 0.066 seconds
[2025-02-03T09:58:39.217+0000] {processor.py:186} INFO - Started process (PID=472) to work on /home/airflow/.local/lib/python3.12/site-packages/airflow/example_dags/example_dynamic_task_mapping.py
[2025-02-03T09:58:39.233+0000] {processor.py:914} INFO - Processing file /home/airflow/.local/lib/python3.12/site-packages/airflow/example_dags/example_dynamic_task_mapping.py for tasks to queue
[2025-02-03T09:58:39.242+0000] {logging_mixin.py:190} INFO - [2025-02-03T09:58:39.242+0000] {dagbag.py:588} INFO - Filling up the DagBag from /home/airflow/.local/lib/python3.12/site-packages/airflow/example_dags/example_dynamic_task_mapping.py
[2025-02-03T09:58:39.261+0000] {processor.py:925} INFO - DAG(s) 'example_dynamic_task_mapping' retrieved from /home/airflow/.local/lib/python3.12/site-packages/airflow/example_dags/example_dynamic_task_mapping.py
[2025-02-03T09:58:39.325+0000] {logging_mixin.py:190} INFO - [2025-02-03T09:58:39.314+0000] {dag.py:3239} INFO - Sync 1 DAGs
[2025-02-03T09:58:39.356+0000] {logging_mixin.py:190} INFO - [2025-02-03T09:58:39.356+0000] {dag.py:4180} INFO - Setting next_dagrun for example_dynamic_task_mapping to None, run_after=None
[2025-02-03T09:58:39.416+0000] {processor.py:208} INFO - Processing /home/airflow/.local/lib/python3.12/site-packages/airflow/example_dags/example_dynamic_task_mapping.py took 0.205 seconds
[2025-02-03T09:59:10.091+0000] {processor.py:186} INFO - Started process (PID=536) to work on /home/airflow/.local/lib/python3.12/site-packages/airflow/example_dags/example_dynamic_task_mapping.py
[2025-02-03T09:59:10.092+0000] {processor.py:914} INFO - Processing file /home/airflow/.local/lib/python3.12/site-packages/airflow/example_dags/example_dynamic_task_mapping.py for tasks to queue
[2025-02-03T09:59:10.094+0000] {logging_mixin.py:190} INFO - [2025-02-03T09:59:10.094+0000] {dagbag.py:588} INFO - Filling up the DagBag from /home/airflow/.local/lib/python3.12/site-packages/airflow/example_dags/example_dynamic_task_mapping.py
[2025-02-03T09:59:10.102+0000] {processor.py:925} INFO - DAG(s) 'example_dynamic_task_mapping' retrieved from /home/airflow/.local/lib/python3.12/site-packages/airflow/example_dags/example_dynamic_task_mapping.py
[2025-02-03T09:59:10.118+0000] {logging_mixin.py:190} INFO - [2025-02-03T09:59:10.118+0000] {dag.py:3239} INFO - Sync 1 DAGs
[2025-02-03T09:59:10.131+0000] {logging_mixin.py:190} INFO - [2025-02-03T09:59:10.130+0000] {dag.py:4180} INFO - Setting next_dagrun for example_dynamic_task_mapping to None, run_after=None
[2025-02-03T09:59:10.156+0000] {processor.py:208} INFO - Processing /home/airflow/.local/lib/python3.12/site-packages/airflow/example_dags/example_dynamic_task_mapping.py took 0.070 seconds
[2025-02-03T09:59:40.606+0000] {processor.py:186} INFO - Started process (PID=594) to work on /home/airflow/.local/lib/python3.12/site-packages/airflow/example_dags/example_dynamic_task_mapping.py
[2025-02-03T09:59:40.608+0000] {processor.py:914} INFO - Processing file /home/airflow/.local/lib/python3.12/site-packages/airflow/example_dags/example_dynamic_task_mapping.py for tasks to queue
[2025-02-03T09:59:40.610+0000] {logging_mixin.py:190} INFO - [2025-02-03T09:59:40.610+0000] {dagbag.py:588} INFO - Filling up the DagBag from /home/airflow/.local/lib/python3.12/site-packages/airflow/example_dags/example_dynamic_task_mapping.py
[2025-02-03T09:59:40.619+0000] {processor.py:925} INFO - DAG(s) 'example_dynamic_task_mapping' retrieved from /home/airflow/.local/lib/python3.12/site-packages/airflow/example_dags/example_dynamic_task_mapping.py
[2025-02-03T09:59:40.640+0000] {logging_mixin.py:190} INFO - [2025-02-03T09:59:40.640+0000] {dag.py:3239} INFO - Sync 1 DAGs
[2025-02-03T09:59:40.654+0000] {logging_mixin.py:190} INFO - [2025-02-03T09:59:40.653+0000] {dag.py:4180} INFO - Setting next_dagrun for example_dynamic_task_mapping to None, run_after=None
[2025-02-03T09:59:40.672+0000] {processor.py:208} INFO - Processing /home/airflow/.local/lib/python3.12/site-packages/airflow/example_dags/example_dynamic_task_mapping.py took 0.072 seconds
[2025-02-03T10:00:12.993+0000] {processor.py:186} INFO - Started process (PID=664) to work on /home/airflow/.local/lib/python3.12/site-packages/airflow/example_dags/example_dynamic_task_mapping.py
[2025-02-03T10:00:13.007+0000] {processor.py:914} INFO - Processing file /home/airflow/.local/lib/python3.12/site-packages/airflow/example_dags/example_dynamic_task_mapping.py for tasks to queue
[2025-02-03T10:00:13.012+0000] {logging_mixin.py:190} INFO - [2025-02-03T10:00:13.011+0000] {dagbag.py:588} INFO - Filling up the DagBag from /home/airflow/.local/lib/python3.12/site-packages/airflow/example_dags/example_dynamic_task_mapping.py
[2025-02-03T10:00:13.033+0000] {processor.py:925} INFO - DAG(s) 'example_dynamic_task_mapping' retrieved from /home/airflow/.local/lib/python3.12/site-packages/airflow/example_dags/example_dynamic_task_mapping.py
[2025-02-03T10:00:13.088+0000] {logging_mixin.py:190} INFO - [2025-02-03T10:00:13.087+0000] {dag.py:3239} INFO - Sync 1 DAGs
[2025-02-03T10:00:13.118+0000] {logging_mixin.py:190} INFO - [2025-02-03T10:00:13.118+0000] {dag.py:4180} INFO - Setting next_dagrun for example_dynamic_task_mapping to None, run_after=None
[2025-02-03T10:00:13.162+0000] {processor.py:208} INFO - Processing /home/airflow/.local/lib/python3.12/site-packages/airflow/example_dags/example_dynamic_task_mapping.py took 0.177 seconds
[2025-02-03T10:00:43.848+0000] {processor.py:186} INFO - Started process (PID=722) to work on /home/airflow/.local/lib/python3.12/site-packages/airflow/example_dags/example_dynamic_task_mapping.py
[2025-02-03T10:00:43.849+0000] {processor.py:914} INFO - Processing file /home/airflow/.local/lib/python3.12/site-packages/airflow/example_dags/example_dynamic_task_mapping.py for tasks to queue
[2025-02-03T10:00:43.851+0000] {logging_mixin.py:190} INFO - [2025-02-03T10:00:43.851+0000] {dagbag.py:588} INFO - Filling up the DagBag from /home/airflow/.local/lib/python3.12/site-packages/airflow/example_dags/example_dynamic_task_mapping.py
[2025-02-03T10:00:43.859+0000] {processor.py:925} INFO - DAG(s) 'example_dynamic_task_mapping' retrieved from /home/airflow/.local/lib/python3.12/site-packages/airflow/example_dags/example_dynamic_task_mapping.py
[2025-02-03T10:00:43.874+0000] {logging_mixin.py:190} INFO - [2025-02-03T10:00:43.873+0000] {dag.py:3239} INFO - Sync 1 DAGs
[2025-02-03T10:00:43.885+0000] {logging_mixin.py:190} INFO - [2025-02-03T10:00:43.885+0000] {dag.py:4180} INFO - Setting next_dagrun for example_dynamic_task_mapping to None, run_after=None
[2025-02-03T10:00:43.916+0000] {processor.py:208} INFO - Processing /home/airflow/.local/lib/python3.12/site-packages/airflow/example_dags/example_dynamic_task_mapping.py took 0.075 seconds
[2025-02-03T10:01:14.871+0000] {processor.py:186} INFO - Started process (PID=787) to work on /home/airflow/.local/lib/python3.12/site-packages/airflow/example_dags/example_dynamic_task_mapping.py
[2025-02-03T10:01:14.872+0000] {processor.py:914} INFO - Processing file /home/airflow/.local/lib/python3.12/site-packages/airflow/example_dags/example_dynamic_task_mapping.py for tasks to queue
[2025-02-03T10:01:14.874+0000] {logging_mixin.py:190} INFO - [2025-02-03T10:01:14.874+0000] {dagbag.py:588} INFO - Filling up the DagBag from /home/airflow/.local/lib/python3.12/site-packages/airflow/example_dags/example_dynamic_task_mapping.py
[2025-02-03T10:01:14.882+0000] {processor.py:925} INFO - DAG(s) 'example_dynamic_task_mapping' retrieved from /home/airflow/.local/lib/python3.12/site-packages/airflow/example_dags/example_dynamic_task_mapping.py
[2025-02-03T10:01:14.899+0000] {logging_mixin.py:190} INFO - [2025-02-03T10:01:14.899+0000] {dag.py:3239} INFO - Sync 1 DAGs
[2025-02-03T10:01:14.913+0000] {logging_mixin.py:190} INFO - [2025-02-03T10:01:14.912+0000] {dag.py:4180} INFO - Setting next_dagrun for example_dynamic_task_mapping to None, run_after=None
[2025-02-03T10:01:14.932+0000] {processor.py:208} INFO - Processing /home/airflow/.local/lib/python3.12/site-packages/airflow/example_dags/example_dynamic_task_mapping.py took 0.066 seconds
[2025-02-03T10:01:47.004+0000] {processor.py:186} INFO - Started process (PID=851) to work on /home/airflow/.local/lib/python3.12/site-packages/airflow/example_dags/example_dynamic_task_mapping.py
[2025-02-03T10:01:47.005+0000] {processor.py:914} INFO - Processing file /home/airflow/.local/lib/python3.12/site-packages/airflow/example_dags/example_dynamic_task_mapping.py for tasks to queue
[2025-02-03T10:01:47.007+0000] {logging_mixin.py:190} INFO - [2025-02-03T10:01:47.007+0000] {dagbag.py:588} INFO - Filling up the DagBag from /home/airflow/.local/lib/python3.12/site-packages/airflow/example_dags/example_dynamic_task_mapping.py
[2025-02-03T10:01:47.015+0000] {processor.py:925} INFO - DAG(s) 'example_dynamic_task_mapping' retrieved from /home/airflow/.local/lib/python3.12/site-packages/airflow/example_dags/example_dynamic_task_mapping.py
[2025-02-03T10:01:47.032+0000] {logging_mixin.py:190} INFO - [2025-02-03T10:01:47.032+0000] {dag.py:3239} INFO - Sync 1 DAGs
[2025-02-03T10:01:47.045+0000] {logging_mixin.py:190} INFO - [2025-02-03T10:01:47.044+0000] {dag.py:4180} INFO - Setting next_dagrun for example_dynamic_task_mapping to None, run_after=None
[2025-02-03T10:01:47.064+0000] {processor.py:208} INFO - Processing /home/airflow/.local/lib/python3.12/site-packages/airflow/example_dags/example_dynamic_task_mapping.py took 0.065 seconds
[2025-02-03T10:02:19.700+0000] {processor.py:186} INFO - Started process (PID=926) to work on /home/airflow/.local/lib/python3.12/site-packages/airflow/example_dags/example_dynamic_task_mapping.py
[2025-02-03T10:02:19.702+0000] {processor.py:914} INFO - Processing file /home/airflow/.local/lib/python3.12/site-packages/airflow/example_dags/example_dynamic_task_mapping.py for tasks to queue
[2025-02-03T10:02:19.705+0000] {logging_mixin.py:190} INFO - [2025-02-03T10:02:19.704+0000] {dagbag.py:588} INFO - Filling up the DagBag from /home/airflow/.local/lib/python3.12/site-packages/airflow/example_dags/example_dynamic_task_mapping.py
[2025-02-03T10:02:19.717+0000] {processor.py:925} INFO - DAG(s) 'example_dynamic_task_mapping' retrieved from /home/airflow/.local/lib/python3.12/site-packages/airflow/example_dags/example_dynamic_task_mapping.py
[2025-02-03T10:02:19.743+0000] {logging_mixin.py:190} INFO - [2025-02-03T10:02:19.742+0000] {dag.py:3239} INFO - Sync 1 DAGs
[2025-02-03T10:02:19.783+0000] {logging_mixin.py:190} INFO - [2025-02-03T10:02:19.783+0000] {dag.py:4180} INFO - Setting next_dagrun for example_dynamic_task_mapping to None, run_after=None
[2025-02-03T10:02:19.820+0000] {processor.py:208} INFO - Processing /home/airflow/.local/lib/python3.12/site-packages/airflow/example_dags/example_dynamic_task_mapping.py took 0.128 seconds
[2025-02-03T10:02:52.293+0000] {processor.py:186} INFO - Started process (PID=990) to work on /home/airflow/.local/lib/python3.12/site-packages/airflow/example_dags/example_dynamic_task_mapping.py
[2025-02-03T10:02:52.295+0000] {processor.py:914} INFO - Processing file /home/airflow/.local/lib/python3.12/site-packages/airflow/example_dags/example_dynamic_task_mapping.py for tasks to queue
[2025-02-03T10:02:52.298+0000] {logging_mixin.py:190} INFO - [2025-02-03T10:02:52.298+0000] {dagbag.py:588} INFO - Filling up the DagBag from /home/airflow/.local/lib/python3.12/site-packages/airflow/example_dags/example_dynamic_task_mapping.py
[2025-02-03T10:02:52.311+0000] {processor.py:925} INFO - DAG(s) 'example_dynamic_task_mapping' retrieved from /home/airflow/.local/lib/python3.12/site-packages/airflow/example_dags/example_dynamic_task_mapping.py
[2025-02-03T10:02:52.334+0000] {logging_mixin.py:190} INFO - [2025-02-03T10:02:52.334+0000] {dag.py:3239} INFO - Sync 1 DAGs
[2025-02-03T10:02:52.345+0000] {logging_mixin.py:190} INFO - [2025-02-03T10:02:52.345+0000] {dag.py:4180} INFO - Setting next_dagrun for example_dynamic_task_mapping to None, run_after=None
[2025-02-03T10:02:52.358+0000] {processor.py:208} INFO - Processing /home/airflow/.local/lib/python3.12/site-packages/airflow/example_dags/example_dynamic_task_mapping.py took 0.070 seconds
[2025-02-03T10:03:23.027+0000] {processor.py:186} INFO - Started process (PID=1054) to work on /home/airflow/.local/lib/python3.12/site-packages/airflow/example_dags/example_dynamic_task_mapping.py
[2025-02-03T10:03:23.028+0000] {processor.py:914} INFO - Processing file /home/airflow/.local/lib/python3.12/site-packages/airflow/example_dags/example_dynamic_task_mapping.py for tasks to queue
[2025-02-03T10:03:23.030+0000] {logging_mixin.py:190} INFO - [2025-02-03T10:03:23.030+0000] {dagbag.py:588} INFO - Filling up the DagBag from /home/airflow/.local/lib/python3.12/site-packages/airflow/example_dags/example_dynamic_task_mapping.py
[2025-02-03T10:03:23.038+0000] {processor.py:925} INFO - DAG(s) 'example_dynamic_task_mapping' retrieved from /home/airflow/.local/lib/python3.12/site-packages/airflow/example_dags/example_dynamic_task_mapping.py
[2025-02-03T10:03:23.053+0000] {logging_mixin.py:190} INFO - [2025-02-03T10:03:23.053+0000] {dag.py:3239} INFO - Sync 1 DAGs
[2025-02-03T10:03:23.067+0000] {logging_mixin.py:190} INFO - [2025-02-03T10:03:23.067+0000] {dag.py:4180} INFO - Setting next_dagrun for example_dynamic_task_mapping to None, run_after=None
[2025-02-03T10:03:23.083+0000] {processor.py:208} INFO - Processing /home/airflow/.local/lib/python3.12/site-packages/airflow/example_dags/example_dynamic_task_mapping.py took 0.061 seconds
[2025-02-03T10:03:53.952+0000] {processor.py:186} INFO - Started process (PID=1118) to work on /home/airflow/.local/lib/python3.12/site-packages/airflow/example_dags/example_dynamic_task_mapping.py
[2025-02-03T10:03:53.954+0000] {processor.py:914} INFO - Processing file /home/airflow/.local/lib/python3.12/site-packages/airflow/example_dags/example_dynamic_task_mapping.py for tasks to queue
[2025-02-03T10:03:53.962+0000] {logging_mixin.py:190} INFO - [2025-02-03T10:03:53.962+0000] {dagbag.py:588} INFO - Filling up the DagBag from /home/airflow/.local/lib/python3.12/site-packages/airflow/example_dags/example_dynamic_task_mapping.py
[2025-02-03T10:03:53.970+0000] {processor.py:925} INFO - DAG(s) 'example_dynamic_task_mapping' retrieved from /home/airflow/.local/lib/python3.12/site-packages/airflow/example_dags/example_dynamic_task_mapping.py
[2025-02-03T10:03:53.987+0000] {logging_mixin.py:190} INFO - [2025-02-03T10:03:53.987+0000] {dag.py:3239} INFO - Sync 1 DAGs
[2025-02-03T10:03:53.998+0000] {logging_mixin.py:190} INFO - [2025-02-03T10:03:53.998+0000] {dag.py:4180} INFO - Setting next_dagrun for example_dynamic_task_mapping to None, run_after=None
[2025-02-03T10:03:54.011+0000] {processor.py:208} INFO - Processing /home/airflow/.local/lib/python3.12/site-packages/airflow/example_dags/example_dynamic_task_mapping.py took 0.063 seconds
[2025-02-03T10:04:25.440+0000] {processor.py:186} INFO - Started process (PID=1182) to work on /home/airflow/.local/lib/python3.12/site-packages/airflow/example_dags/example_dynamic_task_mapping.py
[2025-02-03T10:04:25.446+0000] {processor.py:914} INFO - Processing file /home/airflow/.local/lib/python3.12/site-packages/airflow/example_dags/example_dynamic_task_mapping.py for tasks to queue
[2025-02-03T10:04:25.449+0000] {logging_mixin.py:190} INFO - [2025-02-03T10:04:25.449+0000] {dagbag.py:588} INFO - Filling up the DagBag from /home/airflow/.local/lib/python3.12/site-packages/airflow/example_dags/example_dynamic_task_mapping.py
[2025-02-03T10:04:25.457+0000] {processor.py:925} INFO - DAG(s) 'example_dynamic_task_mapping' retrieved from /home/airflow/.local/lib/python3.12/site-packages/airflow/example_dags/example_dynamic_task_mapping.py
[2025-02-03T10:04:25.473+0000] {logging_mixin.py:190} INFO - [2025-02-03T10:04:25.473+0000] {dag.py:3239} INFO - Sync 1 DAGs
[2025-02-03T10:04:25.485+0000] {logging_mixin.py:190} INFO - [2025-02-03T10:04:25.485+0000] {dag.py:4180} INFO - Setting next_dagrun for example_dynamic_task_mapping to None, run_after=None
[2025-02-03T10:04:25.502+0000] {processor.py:208} INFO - Processing /home/airflow/.local/lib/python3.12/site-packages/airflow/example_dags/example_dynamic_task_mapping.py took 0.069 seconds
[2025-02-03T10:04:56.039+0000] {processor.py:186} INFO - Started process (PID=1240) to work on /home/airflow/.local/lib/python3.12/site-packages/airflow/example_dags/example_dynamic_task_mapping.py
[2025-02-03T10:04:56.046+0000] {processor.py:914} INFO - Processing file /home/airflow/.local/lib/python3.12/site-packages/airflow/example_dags/example_dynamic_task_mapping.py for tasks to queue
[2025-02-03T10:04:56.051+0000] {logging_mixin.py:190} INFO - [2025-02-03T10:04:56.051+0000] {dagbag.py:588} INFO - Filling up the DagBag from /home/airflow/.local/lib/python3.12/site-packages/airflow/example_dags/example_dynamic_task_mapping.py
[2025-02-03T10:04:56.061+0000] {processor.py:925} INFO - DAG(s) 'example_dynamic_task_mapping' retrieved from /home/airflow/.local/lib/python3.12/site-packages/airflow/example_dags/example_dynamic_task_mapping.py
[2025-02-03T10:04:56.102+0000] {logging_mixin.py:190} INFO - [2025-02-03T10:04:56.101+0000] {dag.py:3239} INFO - Sync 1 DAGs
[2025-02-03T10:04:56.114+0000] {logging_mixin.py:190} INFO - [2025-02-03T10:04:56.114+0000] {dag.py:4180} INFO - Setting next_dagrun for example_dynamic_task_mapping to None, run_after=None
[2025-02-03T10:04:56.135+0000] {processor.py:208} INFO - Processing /home/airflow/.local/lib/python3.12/site-packages/airflow/example_dags/example_dynamic_task_mapping.py took 0.102 seconds
[2025-02-03T10:05:26.589+0000] {processor.py:186} INFO - Started process (PID=1304) to work on /home/airflow/.local/lib/python3.12/site-packages/airflow/example_dags/example_dynamic_task_mapping.py
[2025-02-03T10:05:26.590+0000] {processor.py:914} INFO - Processing file /home/airflow/.local/lib/python3.12/site-packages/airflow/example_dags/example_dynamic_task_mapping.py for tasks to queue
[2025-02-03T10:05:26.592+0000] {logging_mixin.py:190} INFO - [2025-02-03T10:05:26.592+0000] {dagbag.py:588} INFO - Filling up the DagBag from /home/airflow/.local/lib/python3.12/site-packages/airflow/example_dags/example_dynamic_task_mapping.py
[2025-02-03T10:05:26.600+0000] {processor.py:925} INFO - DAG(s) 'example_dynamic_task_mapping' retrieved from /home/airflow/.local/lib/python3.12/site-packages/airflow/example_dags/example_dynamic_task_mapping.py
[2025-02-03T10:05:26.616+0000] {logging_mixin.py:190} INFO - [2025-02-03T10:05:26.616+0000] {dag.py:3239} INFO - Sync 1 DAGs
[2025-02-03T10:05:26.629+0000] {logging_mixin.py:190} INFO - [2025-02-03T10:05:26.629+0000] {dag.py:4180} INFO - Setting next_dagrun for example_dynamic_task_mapping to None, run_after=None
[2025-02-03T10:05:26.652+0000] {processor.py:208} INFO - Processing /home/airflow/.local/lib/python3.12/site-packages/airflow/example_dags/example_dynamic_task_mapping.py took 0.069 seconds
[2025-02-03T10:05:57.021+0000] {processor.py:186} INFO - Started process (PID=1368) to work on /home/airflow/.local/lib/python3.12/site-packages/airflow/example_dags/example_dynamic_task_mapping.py
[2025-02-03T10:05:57.023+0000] {processor.py:914} INFO - Processing file /home/airflow/.local/lib/python3.12/site-packages/airflow/example_dags/example_dynamic_task_mapping.py for tasks to queue
[2025-02-03T10:05:57.026+0000] {logging_mixin.py:190} INFO - [2025-02-03T10:05:57.025+0000] {dagbag.py:588} INFO - Filling up the DagBag from /home/airflow/.local/lib/python3.12/site-packages/airflow/example_dags/example_dynamic_task_mapping.py
[2025-02-03T10:05:57.033+0000] {processor.py:925} INFO - DAG(s) 'example_dynamic_task_mapping' retrieved from /home/airflow/.local/lib/python3.12/site-packages/airflow/example_dags/example_dynamic_task_mapping.py
[2025-02-03T10:05:57.050+0000] {logging_mixin.py:190} INFO - [2025-02-03T10:05:57.050+0000] {dag.py:3239} INFO - Sync 1 DAGs
[2025-02-03T10:05:57.064+0000] {logging_mixin.py:190} INFO - [2025-02-03T10:05:57.064+0000] {dag.py:4180} INFO - Setting next_dagrun for example_dynamic_task_mapping to None, run_after=None
[2025-02-03T10:05:57.079+0000] {processor.py:208} INFO - Processing /home/airflow/.local/lib/python3.12/site-packages/airflow/example_dags/example_dynamic_task_mapping.py took 0.063 seconds
[2025-02-03T10:06:28.936+0000] {processor.py:186} INFO - Started process (PID=1432) to work on /home/airflow/.local/lib/python3.12/site-packages/airflow/example_dags/example_dynamic_task_mapping.py
[2025-02-03T10:06:28.937+0000] {processor.py:914} INFO - Processing file /home/airflow/.local/lib/python3.12/site-packages/airflow/example_dags/example_dynamic_task_mapping.py for tasks to queue
[2025-02-03T10:06:28.940+0000] {logging_mixin.py:190} INFO - [2025-02-03T10:06:28.940+0000] {dagbag.py:588} INFO - Filling up the DagBag from /home/airflow/.local/lib/python3.12/site-packages/airflow/example_dags/example_dynamic_task_mapping.py
[2025-02-03T10:06:28.948+0000] {processor.py:925} INFO - DAG(s) 'example_dynamic_task_mapping' retrieved from /home/airflow/.local/lib/python3.12/site-packages/airflow/example_dags/example_dynamic_task_mapping.py
[2025-02-03T10:06:28.967+0000] {logging_mixin.py:190} INFO - [2025-02-03T10:06:28.967+0000] {dag.py:3239} INFO - Sync 1 DAGs
[2025-02-03T10:06:28.982+0000] {logging_mixin.py:190} INFO - [2025-02-03T10:06:28.982+0000] {dag.py:4180} INFO - Setting next_dagrun for example_dynamic_task_mapping to None, run_after=None
[2025-02-03T10:06:28.997+0000] {processor.py:208} INFO - Processing /home/airflow/.local/lib/python3.12/site-packages/airflow/example_dags/example_dynamic_task_mapping.py took 0.069 seconds
[2025-02-03T10:13:08.973+0000] {processor.py:186} INFO - Started process (PID=89) to work on /home/airflow/.local/lib/python3.12/site-packages/airflow/example_dags/example_dynamic_task_mapping.py
[2025-02-03T10:13:08.974+0000] {processor.py:914} INFO - Processing file /home/airflow/.local/lib/python3.12/site-packages/airflow/example_dags/example_dynamic_task_mapping.py for tasks to queue
[2025-02-03T10:13:08.977+0000] {logging_mixin.py:190} INFO - [2025-02-03T10:13:08.977+0000] {dagbag.py:588} INFO - Filling up the DagBag from /home/airflow/.local/lib/python3.12/site-packages/airflow/example_dags/example_dynamic_task_mapping.py
[2025-02-03T10:13:08.989+0000] {processor.py:925} INFO - DAG(s) 'example_dynamic_task_mapping' retrieved from /home/airflow/.local/lib/python3.12/site-packages/airflow/example_dags/example_dynamic_task_mapping.py
[2025-02-03T10:13:09.008+0000] {logging_mixin.py:190} INFO - [2025-02-03T10:13:09.008+0000] {dag.py:3239} INFO - Sync 1 DAGs
[2025-02-03T10:13:09.021+0000] {logging_mixin.py:190} INFO - [2025-02-03T10:13:09.021+0000] {dag.py:4180} INFO - Setting next_dagrun for example_dynamic_task_mapping to None, run_after=None
[2025-02-03T10:13:09.036+0000] {processor.py:208} INFO - Processing /home/airflow/.local/lib/python3.12/site-packages/airflow/example_dags/example_dynamic_task_mapping.py took 0.069 seconds
[2025-02-03T10:13:39.394+0000] {processor.py:186} INFO - Started process (PID=153) to work on /home/airflow/.local/lib/python3.12/site-packages/airflow/example_dags/example_dynamic_task_mapping.py
[2025-02-03T10:13:39.395+0000] {processor.py:914} INFO - Processing file /home/airflow/.local/lib/python3.12/site-packages/airflow/example_dags/example_dynamic_task_mapping.py for tasks to queue
[2025-02-03T10:13:39.397+0000] {logging_mixin.py:190} INFO - [2025-02-03T10:13:39.397+0000] {dagbag.py:588} INFO - Filling up the DagBag from /home/airflow/.local/lib/python3.12/site-packages/airflow/example_dags/example_dynamic_task_mapping.py
[2025-02-03T10:13:39.405+0000] {processor.py:925} INFO - DAG(s) 'example_dynamic_task_mapping' retrieved from /home/airflow/.local/lib/python3.12/site-packages/airflow/example_dags/example_dynamic_task_mapping.py
[2025-02-03T10:13:39.421+0000] {logging_mixin.py:190} INFO - [2025-02-03T10:13:39.421+0000] {dag.py:3239} INFO - Sync 1 DAGs
[2025-02-03T10:13:39.431+0000] {logging_mixin.py:190} INFO - [2025-02-03T10:13:39.431+0000] {dag.py:4180} INFO - Setting next_dagrun for example_dynamic_task_mapping to None, run_after=None
[2025-02-03T10:13:39.454+0000] {processor.py:208} INFO - Processing /home/airflow/.local/lib/python3.12/site-packages/airflow/example_dags/example_dynamic_task_mapping.py took 0.065 seconds
[2025-02-03T10:14:11.369+0000] {processor.py:186} INFO - Started process (PID=217) to work on /home/airflow/.local/lib/python3.12/site-packages/airflow/example_dags/example_dynamic_task_mapping.py
[2025-02-03T10:14:11.371+0000] {processor.py:914} INFO - Processing file /home/airflow/.local/lib/python3.12/site-packages/airflow/example_dags/example_dynamic_task_mapping.py for tasks to queue
[2025-02-03T10:14:11.373+0000] {logging_mixin.py:190} INFO - [2025-02-03T10:14:11.373+0000] {dagbag.py:588} INFO - Filling up the DagBag from /home/airflow/.local/lib/python3.12/site-packages/airflow/example_dags/example_dynamic_task_mapping.py
[2025-02-03T10:14:11.395+0000] {processor.py:925} INFO - DAG(s) 'example_dynamic_task_mapping' retrieved from /home/airflow/.local/lib/python3.12/site-packages/airflow/example_dags/example_dynamic_task_mapping.py
[2025-02-03T10:14:11.426+0000] {logging_mixin.py:190} INFO - [2025-02-03T10:14:11.425+0000] {dag.py:3239} INFO - Sync 1 DAGs
[2025-02-03T10:14:11.444+0000] {logging_mixin.py:190} INFO - [2025-02-03T10:14:11.444+0000] {dag.py:4180} INFO - Setting next_dagrun for example_dynamic_task_mapping to None, run_after=None
[2025-02-03T10:14:11.468+0000] {processor.py:208} INFO - Processing /home/airflow/.local/lib/python3.12/site-packages/airflow/example_dags/example_dynamic_task_mapping.py took 0.105 seconds
[2025-02-03T10:14:41.740+0000] {processor.py:186} INFO - Started process (PID=275) to work on /home/airflow/.local/lib/python3.12/site-packages/airflow/example_dags/example_dynamic_task_mapping.py
[2025-02-03T10:14:41.741+0000] {processor.py:914} INFO - Processing file /home/airflow/.local/lib/python3.12/site-packages/airflow/example_dags/example_dynamic_task_mapping.py for tasks to queue
[2025-02-03T10:14:41.743+0000] {logging_mixin.py:190} INFO - [2025-02-03T10:14:41.743+0000] {dagbag.py:588} INFO - Filling up the DagBag from /home/airflow/.local/lib/python3.12/site-packages/airflow/example_dags/example_dynamic_task_mapping.py
[2025-02-03T10:14:41.751+0000] {processor.py:925} INFO - DAG(s) 'example_dynamic_task_mapping' retrieved from /home/airflow/.local/lib/python3.12/site-packages/airflow/example_dags/example_dynamic_task_mapping.py
[2025-02-03T10:14:41.768+0000] {logging_mixin.py:190} INFO - [2025-02-03T10:14:41.768+0000] {dag.py:3239} INFO - Sync 1 DAGs
[2025-02-03T10:14:41.778+0000] {logging_mixin.py:190} INFO - [2025-02-03T10:14:41.778+0000] {dag.py:4180} INFO - Setting next_dagrun for example_dynamic_task_mapping to None, run_after=None
[2025-02-03T10:14:41.819+0000] {processor.py:208} INFO - Processing /home/airflow/.local/lib/python3.12/site-packages/airflow/example_dags/example_dynamic_task_mapping.py took 0.084 seconds
[2025-02-03T10:15:12.104+0000] {processor.py:186} INFO - Started process (PID=340) to work on /home/airflow/.local/lib/python3.12/site-packages/airflow/example_dags/example_dynamic_task_mapping.py
[2025-02-03T10:15:12.105+0000] {processor.py:914} INFO - Processing file /home/airflow/.local/lib/python3.12/site-packages/airflow/example_dags/example_dynamic_task_mapping.py for tasks to queue
[2025-02-03T10:15:12.108+0000] {logging_mixin.py:190} INFO - [2025-02-03T10:15:12.108+0000] {dagbag.py:588} INFO - Filling up the DagBag from /home/airflow/.local/lib/python3.12/site-packages/airflow/example_dags/example_dynamic_task_mapping.py
[2025-02-03T10:15:12.115+0000] {processor.py:925} INFO - DAG(s) 'example_dynamic_task_mapping' retrieved from /home/airflow/.local/lib/python3.12/site-packages/airflow/example_dags/example_dynamic_task_mapping.py
[2025-02-03T10:15:12.131+0000] {logging_mixin.py:190} INFO - [2025-02-03T10:15:12.131+0000] {dag.py:3239} INFO - Sync 1 DAGs
[2025-02-03T10:15:12.144+0000] {logging_mixin.py:190} INFO - [2025-02-03T10:15:12.144+0000] {dag.py:4180} INFO - Setting next_dagrun for example_dynamic_task_mapping to None, run_after=None
[2025-02-03T10:15:12.168+0000] {processor.py:208} INFO - Processing /home/airflow/.local/lib/python3.12/site-packages/airflow/example_dags/example_dynamic_task_mapping.py took 0.071 seconds
[2025-02-03T10:15:42.562+0000] {processor.py:186} INFO - Started process (PID=404) to work on /home/airflow/.local/lib/python3.12/site-packages/airflow/example_dags/example_dynamic_task_mapping.py
[2025-02-03T10:15:42.564+0000] {processor.py:914} INFO - Processing file /home/airflow/.local/lib/python3.12/site-packages/airflow/example_dags/example_dynamic_task_mapping.py for tasks to queue
[2025-02-03T10:15:42.569+0000] {logging_mixin.py:190} INFO - [2025-02-03T10:15:42.568+0000] {dagbag.py:588} INFO - Filling up the DagBag from /home/airflow/.local/lib/python3.12/site-packages/airflow/example_dags/example_dynamic_task_mapping.py
[2025-02-03T10:15:42.582+0000] {processor.py:925} INFO - DAG(s) 'example_dynamic_task_mapping' retrieved from /home/airflow/.local/lib/python3.12/site-packages/airflow/example_dags/example_dynamic_task_mapping.py
[2025-02-03T10:15:42.608+0000] {logging_mixin.py:190} INFO - [2025-02-03T10:15:42.608+0000] {dag.py:3239} INFO - Sync 1 DAGs
[2025-02-03T10:15:42.628+0000] {logging_mixin.py:190} INFO - [2025-02-03T10:15:42.628+0000] {dag.py:4180} INFO - Setting next_dagrun for example_dynamic_task_mapping to None, run_after=None
[2025-02-03T10:15:42.659+0000] {processor.py:208} INFO - Processing /home/airflow/.local/lib/python3.12/site-packages/airflow/example_dags/example_dynamic_task_mapping.py took 0.105 seconds
[2025-02-03T10:16:14.624+0000] {processor.py:186} INFO - Started process (PID=468) to work on /home/airflow/.local/lib/python3.12/site-packages/airflow/example_dags/example_dynamic_task_mapping.py
[2025-02-03T10:16:14.626+0000] {processor.py:914} INFO - Processing file /home/airflow/.local/lib/python3.12/site-packages/airflow/example_dags/example_dynamic_task_mapping.py for tasks to queue
[2025-02-03T10:16:14.628+0000] {logging_mixin.py:190} INFO - [2025-02-03T10:16:14.627+0000] {dagbag.py:588} INFO - Filling up the DagBag from /home/airflow/.local/lib/python3.12/site-packages/airflow/example_dags/example_dynamic_task_mapping.py
[2025-02-03T10:16:14.635+0000] {processor.py:925} INFO - DAG(s) 'example_dynamic_task_mapping' retrieved from /home/airflow/.local/lib/python3.12/site-packages/airflow/example_dags/example_dynamic_task_mapping.py
[2025-02-03T10:16:14.650+0000] {logging_mixin.py:190} INFO - [2025-02-03T10:16:14.650+0000] {dag.py:3239} INFO - Sync 1 DAGs
[2025-02-03T10:16:14.665+0000] {logging_mixin.py:190} INFO - [2025-02-03T10:16:14.665+0000] {dag.py:4180} INFO - Setting next_dagrun for example_dynamic_task_mapping to None, run_after=None
[2025-02-03T10:16:14.678+0000] {processor.py:208} INFO - Processing /home/airflow/.local/lib/python3.12/site-packages/airflow/example_dags/example_dynamic_task_mapping.py took 0.059 seconds
[2025-02-03T10:16:45.946+0000] {processor.py:186} INFO - Started process (PID=533) to work on /home/airflow/.local/lib/python3.12/site-packages/airflow/example_dags/example_dynamic_task_mapping.py
[2025-02-03T10:16:45.953+0000] {processor.py:914} INFO - Processing file /home/airflow/.local/lib/python3.12/site-packages/airflow/example_dags/example_dynamic_task_mapping.py for tasks to queue
[2025-02-03T10:16:45.958+0000] {logging_mixin.py:190} INFO - [2025-02-03T10:16:45.958+0000] {dagbag.py:588} INFO - Filling up the DagBag from /home/airflow/.local/lib/python3.12/site-packages/airflow/example_dags/example_dynamic_task_mapping.py
[2025-02-03T10:16:45.970+0000] {processor.py:925} INFO - DAG(s) 'example_dynamic_task_mapping' retrieved from /home/airflow/.local/lib/python3.12/site-packages/airflow/example_dags/example_dynamic_task_mapping.py
[2025-02-03T10:16:46.011+0000] {logging_mixin.py:190} INFO - [2025-02-03T10:16:46.010+0000] {dag.py:3239} INFO - Sync 1 DAGs
[2025-02-03T10:16:46.038+0000] {logging_mixin.py:190} INFO - [2025-02-03T10:16:46.038+0000] {dag.py:4180} INFO - Setting next_dagrun for example_dynamic_task_mapping to None, run_after=None
[2025-02-03T10:16:46.071+0000] {processor.py:208} INFO - Processing /home/airflow/.local/lib/python3.12/site-packages/airflow/example_dags/example_dynamic_task_mapping.py took 0.130 seconds
[2025-02-03T10:17:18.014+0000] {processor.py:186} INFO - Started process (PID=597) to work on /home/airflow/.local/lib/python3.12/site-packages/airflow/example_dags/example_dynamic_task_mapping.py
[2025-02-03T10:17:18.015+0000] {processor.py:914} INFO - Processing file /home/airflow/.local/lib/python3.12/site-packages/airflow/example_dags/example_dynamic_task_mapping.py for tasks to queue
[2025-02-03T10:17:18.028+0000] {logging_mixin.py:190} INFO - [2025-02-03T10:17:18.028+0000] {dagbag.py:588} INFO - Filling up the DagBag from /home/airflow/.local/lib/python3.12/site-packages/airflow/example_dags/example_dynamic_task_mapping.py
[2025-02-03T10:17:18.036+0000] {processor.py:925} INFO - DAG(s) 'example_dynamic_task_mapping' retrieved from /home/airflow/.local/lib/python3.12/site-packages/airflow/example_dags/example_dynamic_task_mapping.py
[2025-02-03T10:17:18.072+0000] {logging_mixin.py:190} INFO - [2025-02-03T10:17:18.072+0000] {dag.py:3239} INFO - Sync 1 DAGs
[2025-02-03T10:17:18.092+0000] {logging_mixin.py:190} INFO - [2025-02-03T10:17:18.091+0000] {dag.py:4180} INFO - Setting next_dagrun for example_dynamic_task_mapping to None, run_after=None
[2025-02-03T10:17:18.117+0000] {processor.py:208} INFO - Processing /home/airflow/.local/lib/python3.12/site-packages/airflow/example_dags/example_dynamic_task_mapping.py took 0.107 seconds
[2025-02-03T10:17:48.304+0000] {processor.py:186} INFO - Started process (PID=662) to work on /home/airflow/.local/lib/python3.12/site-packages/airflow/example_dags/example_dynamic_task_mapping.py
[2025-02-03T10:17:48.305+0000] {processor.py:914} INFO - Processing file /home/airflow/.local/lib/python3.12/site-packages/airflow/example_dags/example_dynamic_task_mapping.py for tasks to queue
[2025-02-03T10:17:48.309+0000] {logging_mixin.py:190} INFO - [2025-02-03T10:17:48.308+0000] {dagbag.py:588} INFO - Filling up the DagBag from /home/airflow/.local/lib/python3.12/site-packages/airflow/example_dags/example_dynamic_task_mapping.py
[2025-02-03T10:17:48.322+0000] {processor.py:925} INFO - DAG(s) 'example_dynamic_task_mapping' retrieved from /home/airflow/.local/lib/python3.12/site-packages/airflow/example_dags/example_dynamic_task_mapping.py
[2025-02-03T10:17:48.337+0000] {logging_mixin.py:190} INFO - [2025-02-03T10:17:48.337+0000] {dag.py:3239} INFO - Sync 1 DAGs
[2025-02-03T10:17:48.349+0000] {logging_mixin.py:190} INFO - [2025-02-03T10:17:48.348+0000] {dag.py:4180} INFO - Setting next_dagrun for example_dynamic_task_mapping to None, run_after=None
[2025-02-03T10:17:48.363+0000] {processor.py:208} INFO - Processing /home/airflow/.local/lib/python3.12/site-packages/airflow/example_dags/example_dynamic_task_mapping.py took 0.067 seconds
[2025-02-03T10:18:18.649+0000] {processor.py:186} INFO - Started process (PID=727) to work on /home/airflow/.local/lib/python3.12/site-packages/airflow/example_dags/example_dynamic_task_mapping.py
[2025-02-03T10:18:18.650+0000] {processor.py:914} INFO - Processing file /home/airflow/.local/lib/python3.12/site-packages/airflow/example_dags/example_dynamic_task_mapping.py for tasks to queue
[2025-02-03T10:18:18.654+0000] {logging_mixin.py:190} INFO - [2025-02-03T10:18:18.653+0000] {dagbag.py:588} INFO - Filling up the DagBag from /home/airflow/.local/lib/python3.12/site-packages/airflow/example_dags/example_dynamic_task_mapping.py
[2025-02-03T10:18:18.661+0000] {processor.py:925} INFO - DAG(s) 'example_dynamic_task_mapping' retrieved from /home/airflow/.local/lib/python3.12/site-packages/airflow/example_dags/example_dynamic_task_mapping.py
[2025-02-03T10:18:18.676+0000] {logging_mixin.py:190} INFO - [2025-02-03T10:18:18.676+0000] {dag.py:3239} INFO - Sync 1 DAGs
[2025-02-03T10:18:18.688+0000] {logging_mixin.py:190} INFO - [2025-02-03T10:18:18.688+0000] {dag.py:4180} INFO - Setting next_dagrun for example_dynamic_task_mapping to None, run_after=None
[2025-02-03T10:18:18.706+0000] {processor.py:208} INFO - Processing /home/airflow/.local/lib/python3.12/site-packages/airflow/example_dags/example_dynamic_task_mapping.py took 0.063 seconds
[2025-02-03T10:18:50.141+0000] {processor.py:186} INFO - Started process (PID=791) to work on /home/airflow/.local/lib/python3.12/site-packages/airflow/example_dags/example_dynamic_task_mapping.py
[2025-02-03T10:18:50.143+0000] {processor.py:914} INFO - Processing file /home/airflow/.local/lib/python3.12/site-packages/airflow/example_dags/example_dynamic_task_mapping.py for tasks to queue
[2025-02-03T10:18:50.147+0000] {logging_mixin.py:190} INFO - [2025-02-03T10:18:50.146+0000] {dagbag.py:588} INFO - Filling up the DagBag from /home/airflow/.local/lib/python3.12/site-packages/airflow/example_dags/example_dynamic_task_mapping.py
[2025-02-03T10:18:50.158+0000] {processor.py:925} INFO - DAG(s) 'example_dynamic_task_mapping' retrieved from /home/airflow/.local/lib/python3.12/site-packages/airflow/example_dags/example_dynamic_task_mapping.py
[2025-02-03T10:18:50.186+0000] {logging_mixin.py:190} INFO - [2025-02-03T10:18:50.185+0000] {dag.py:3239} INFO - Sync 1 DAGs
[2025-02-03T10:18:50.204+0000] {logging_mixin.py:190} INFO - [2025-02-03T10:18:50.204+0000] {dag.py:4180} INFO - Setting next_dagrun for example_dynamic_task_mapping to None, run_after=None
[2025-02-03T10:18:50.229+0000] {processor.py:208} INFO - Processing /home/airflow/.local/lib/python3.12/site-packages/airflow/example_dags/example_dynamic_task_mapping.py took 0.100 seconds
[2025-02-03T10:19:23.428+0000] {processor.py:186} INFO - Started process (PID=855) to work on /home/airflow/.local/lib/python3.12/site-packages/airflow/example_dags/example_dynamic_task_mapping.py
[2025-02-03T10:19:23.430+0000] {processor.py:914} INFO - Processing file /home/airflow/.local/lib/python3.12/site-packages/airflow/example_dags/example_dynamic_task_mapping.py for tasks to queue
[2025-02-03T10:19:23.433+0000] {logging_mixin.py:190} INFO - [2025-02-03T10:19:23.432+0000] {dagbag.py:588} INFO - Filling up the DagBag from /home/airflow/.local/lib/python3.12/site-packages/airflow/example_dags/example_dynamic_task_mapping.py
[2025-02-03T10:19:23.451+0000] {processor.py:925} INFO - DAG(s) 'example_dynamic_task_mapping' retrieved from /home/airflow/.local/lib/python3.12/site-packages/airflow/example_dags/example_dynamic_task_mapping.py
[2025-02-03T10:19:23.487+0000] {logging_mixin.py:190} INFO - [2025-02-03T10:19:23.487+0000] {dag.py:3239} INFO - Sync 1 DAGs
[2025-02-03T10:19:23.518+0000] {logging_mixin.py:190} INFO - [2025-02-03T10:19:23.518+0000] {dag.py:4180} INFO - Setting next_dagrun for example_dynamic_task_mapping to None, run_after=None
[2025-02-03T10:19:23.541+0000] {processor.py:208} INFO - Processing /home/airflow/.local/lib/python3.12/site-packages/airflow/example_dags/example_dynamic_task_mapping.py took 0.121 seconds
[2025-02-03T10:19:56.117+0000] {processor.py:186} INFO - Started process (PID=919) to work on /home/airflow/.local/lib/python3.12/site-packages/airflow/example_dags/example_dynamic_task_mapping.py
[2025-02-03T10:19:56.119+0000] {processor.py:914} INFO - Processing file /home/airflow/.local/lib/python3.12/site-packages/airflow/example_dags/example_dynamic_task_mapping.py for tasks to queue
[2025-02-03T10:19:56.121+0000] {logging_mixin.py:190} INFO - [2025-02-03T10:19:56.120+0000] {dagbag.py:588} INFO - Filling up the DagBag from /home/airflow/.local/lib/python3.12/site-packages/airflow/example_dags/example_dynamic_task_mapping.py
[2025-02-03T10:19:56.128+0000] {processor.py:925} INFO - DAG(s) 'example_dynamic_task_mapping' retrieved from /home/airflow/.local/lib/python3.12/site-packages/airflow/example_dags/example_dynamic_task_mapping.py
[2025-02-03T10:19:56.145+0000] {logging_mixin.py:190} INFO - [2025-02-03T10:19:56.145+0000] {dag.py:3239} INFO - Sync 1 DAGs
[2025-02-03T10:19:56.156+0000] {logging_mixin.py:190} INFO - [2025-02-03T10:19:56.156+0000] {dag.py:4180} INFO - Setting next_dagrun for example_dynamic_task_mapping to None, run_after=None
[2025-02-03T10:19:56.177+0000] {processor.py:208} INFO - Processing /home/airflow/.local/lib/python3.12/site-packages/airflow/example_dags/example_dynamic_task_mapping.py took 0.065 seconds
