[2025-02-03T09:44:35.305+0000] {processor.py:186} INFO - Started process (PID=76) to work on /home/airflow/.local/lib/python3.12/site-packages/airflow/example_dags/example_task_group_decorator.py
[2025-02-03T09:44:35.307+0000] {processor.py:914} INFO - Processing file /home/airflow/.local/lib/python3.12/site-packages/airflow/example_dags/example_task_group_decorator.py for tasks to queue
[2025-02-03T09:44:35.316+0000] {logging_mixin.py:190} INFO - [2025-02-03T09:44:35.315+0000] {dagbag.py:588} INFO - Filling up the DagBag from /home/airflow/.local/lib/python3.12/site-packages/airflow/example_dags/example_task_group_decorator.py
[2025-02-03T09:44:35.328+0000] {processor.py:925} INFO - DAG(s) 'example_task_group_decorator' retrieved from /home/airflow/.local/lib/python3.12/site-packages/airflow/example_dags/example_task_group_decorator.py
[2025-02-03T09:44:35.412+0000] {logging_mixin.py:190} INFO - [2025-02-03T09:44:35.411+0000] {override.py:1911} INFO - Created Permission View: can edit on DAG:example_task_group_decorator
[2025-02-03T09:44:35.421+0000] {logging_mixin.py:190} INFO - [2025-02-03T09:44:35.420+0000] {override.py:1911} INFO - Created Permission View: can read on DAG:example_task_group_decorator
[2025-02-03T09:44:35.432+0000] {logging_mixin.py:190} INFO - [2025-02-03T09:44:35.432+0000] {override.py:1911} INFO - Created Permission View: can delete on DAG:example_task_group_decorator
[2025-02-03T09:44:35.442+0000] {logging_mixin.py:190} INFO - [2025-02-03T09:44:35.442+0000] {override.py:1911} INFO - Created Permission View: can read on DAG Run:example_task_group_decorator
[2025-02-03T09:44:35.450+0000] {logging_mixin.py:190} INFO - [2025-02-03T09:44:35.450+0000] {override.py:1911} INFO - Created Permission View: can delete on DAG Run:example_task_group_decorator
[2025-02-03T09:44:35.456+0000] {logging_mixin.py:190} INFO - [2025-02-03T09:44:35.456+0000] {override.py:1911} INFO - Created Permission View: can create on DAG Run:example_task_group_decorator
[2025-02-03T09:44:35.461+0000] {logging_mixin.py:190} INFO - [2025-02-03T09:44:35.461+0000] {override.py:1911} INFO - Created Permission View: menu access on DAG Run:example_task_group_decorator
[2025-02-03T09:44:35.462+0000] {logging_mixin.py:190} INFO - [2025-02-03T09:44:35.462+0000] {dag.py:3239} INFO - Sync 1 DAGs
[2025-02-03T09:44:35.474+0000] {logging_mixin.py:190} INFO - [2025-02-03T09:44:35.473+0000] {dag.py:3262} INFO - Creating ORM DAG for example_task_group_decorator
[2025-02-03T09:44:35.475+0000] {logging_mixin.py:190} INFO - [2025-02-03T09:44:35.475+0000] {dag.py:4180} INFO - Setting next_dagrun for example_task_group_decorator to None, run_after=None
[2025-02-03T09:44:35.488+0000] {processor.py:208} INFO - Processing /home/airflow/.local/lib/python3.12/site-packages/airflow/example_dags/example_task_group_decorator.py took 0.188 seconds
[2025-02-03T09:45:15.596+0000] {processor.py:186} INFO - Started process (PID=138) to work on /home/airflow/.local/lib/python3.12/site-packages/airflow/example_dags/example_task_group_decorator.py
[2025-02-03T09:45:15.598+0000] {processor.py:914} INFO - Processing file /home/airflow/.local/lib/python3.12/site-packages/airflow/example_dags/example_task_group_decorator.py for tasks to queue
[2025-02-03T09:45:15.601+0000] {logging_mixin.py:190} INFO - [2025-02-03T09:45:15.601+0000] {dagbag.py:588} INFO - Filling up the DagBag from /home/airflow/.local/lib/python3.12/site-packages/airflow/example_dags/example_task_group_decorator.py
[2025-02-03T09:45:15.626+0000] {processor.py:925} INFO - DAG(s) 'example_task_group_decorator' retrieved from /home/airflow/.local/lib/python3.12/site-packages/airflow/example_dags/example_task_group_decorator.py
[2025-02-03T09:45:15.657+0000] {logging_mixin.py:190} INFO - [2025-02-03T09:45:15.657+0000] {dag.py:3239} INFO - Sync 1 DAGs
[2025-02-03T09:45:15.675+0000] {logging_mixin.py:190} INFO - [2025-02-03T09:45:15.675+0000] {dag.py:4180} INFO - Setting next_dagrun for example_task_group_decorator to None, run_after=None
[2025-02-03T09:45:15.701+0000] {processor.py:208} INFO - Processing /home/airflow/.local/lib/python3.12/site-packages/airflow/example_dags/example_task_group_decorator.py took 0.114 seconds
[2025-02-03T09:45:46.254+0000] {processor.py:186} INFO - Started process (PID=201) to work on /home/airflow/.local/lib/python3.12/site-packages/airflow/example_dags/example_task_group_decorator.py
[2025-02-03T09:45:46.255+0000] {processor.py:914} INFO - Processing file /home/airflow/.local/lib/python3.12/site-packages/airflow/example_dags/example_task_group_decorator.py for tasks to queue
[2025-02-03T09:45:46.258+0000] {logging_mixin.py:190} INFO - [2025-02-03T09:45:46.258+0000] {dagbag.py:588} INFO - Filling up the DagBag from /home/airflow/.local/lib/python3.12/site-packages/airflow/example_dags/example_task_group_decorator.py
[2025-02-03T09:45:46.272+0000] {processor.py:925} INFO - DAG(s) 'example_task_group_decorator' retrieved from /home/airflow/.local/lib/python3.12/site-packages/airflow/example_dags/example_task_group_decorator.py
[2025-02-03T09:45:46.295+0000] {logging_mixin.py:190} INFO - [2025-02-03T09:45:46.294+0000] {dag.py:3239} INFO - Sync 1 DAGs
[2025-02-03T09:45:46.309+0000] {logging_mixin.py:190} INFO - [2025-02-03T09:45:46.308+0000] {dag.py:4180} INFO - Setting next_dagrun for example_task_group_decorator to None, run_after=None
[2025-02-03T09:45:46.332+0000] {processor.py:208} INFO - Processing /home/airflow/.local/lib/python3.12/site-packages/airflow/example_dags/example_task_group_decorator.py took 0.084 seconds
[2025-02-03T09:46:19.233+0000] {processor.py:186} INFO - Started process (PID=264) to work on /home/airflow/.local/lib/python3.12/site-packages/airflow/example_dags/example_task_group_decorator.py
[2025-02-03T09:46:19.234+0000] {processor.py:914} INFO - Processing file /home/airflow/.local/lib/python3.12/site-packages/airflow/example_dags/example_task_group_decorator.py for tasks to queue
[2025-02-03T09:46:19.236+0000] {logging_mixin.py:190} INFO - [2025-02-03T09:46:19.236+0000] {dagbag.py:588} INFO - Filling up the DagBag from /home/airflow/.local/lib/python3.12/site-packages/airflow/example_dags/example_task_group_decorator.py
[2025-02-03T09:46:19.248+0000] {processor.py:925} INFO - DAG(s) 'example_task_group_decorator' retrieved from /home/airflow/.local/lib/python3.12/site-packages/airflow/example_dags/example_task_group_decorator.py
[2025-02-03T09:46:19.268+0000] {logging_mixin.py:190} INFO - [2025-02-03T09:46:19.267+0000] {dag.py:3239} INFO - Sync 1 DAGs
[2025-02-03T09:46:19.279+0000] {logging_mixin.py:190} INFO - [2025-02-03T09:46:19.279+0000] {dag.py:4180} INFO - Setting next_dagrun for example_task_group_decorator to None, run_after=None
[2025-02-03T09:46:19.296+0000] {processor.py:208} INFO - Processing /home/airflow/.local/lib/python3.12/site-packages/airflow/example_dags/example_task_group_decorator.py took 0.069 seconds
[2025-02-03T09:55:25.242+0000] {processor.py:186} INFO - Started process (PID=77) to work on /home/airflow/.local/lib/python3.12/site-packages/airflow/example_dags/example_task_group_decorator.py
[2025-02-03T09:55:25.244+0000] {processor.py:914} INFO - Processing file /home/airflow/.local/lib/python3.12/site-packages/airflow/example_dags/example_task_group_decorator.py for tasks to queue
[2025-02-03T09:55:25.249+0000] {logging_mixin.py:190} INFO - [2025-02-03T09:55:25.249+0000] {dagbag.py:588} INFO - Filling up the DagBag from /home/airflow/.local/lib/python3.12/site-packages/airflow/example_dags/example_task_group_decorator.py
[2025-02-03T09:55:25.287+0000] {processor.py:925} INFO - DAG(s) 'example_task_group_decorator' retrieved from /home/airflow/.local/lib/python3.12/site-packages/airflow/example_dags/example_task_group_decorator.py
[2025-02-03T09:55:25.332+0000] {logging_mixin.py:190} INFO - [2025-02-03T09:55:25.332+0000] {dag.py:3239} INFO - Sync 1 DAGs
[2025-02-03T09:55:25.348+0000] {logging_mixin.py:190} INFO - [2025-02-03T09:55:25.348+0000] {dag.py:4180} INFO - Setting next_dagrun for example_task_group_decorator to None, run_after=None
[2025-02-03T09:55:25.388+0000] {processor.py:208} INFO - Processing /home/airflow/.local/lib/python3.12/site-packages/airflow/example_dags/example_task_group_decorator.py took 0.159 seconds
[2025-02-03T09:55:56.011+0000] {processor.py:186} INFO - Started process (PID=141) to work on /home/airflow/.local/lib/python3.12/site-packages/airflow/example_dags/example_task_group_decorator.py
[2025-02-03T09:55:56.013+0000] {processor.py:914} INFO - Processing file /home/airflow/.local/lib/python3.12/site-packages/airflow/example_dags/example_task_group_decorator.py for tasks to queue
[2025-02-03T09:55:56.015+0000] {logging_mixin.py:190} INFO - [2025-02-03T09:55:56.015+0000] {dagbag.py:588} INFO - Filling up the DagBag from /home/airflow/.local/lib/python3.12/site-packages/airflow/example_dags/example_task_group_decorator.py
[2025-02-03T09:55:56.029+0000] {processor.py:925} INFO - DAG(s) 'example_task_group_decorator' retrieved from /home/airflow/.local/lib/python3.12/site-packages/airflow/example_dags/example_task_group_decorator.py
[2025-02-03T09:55:56.050+0000] {logging_mixin.py:190} INFO - [2025-02-03T09:55:56.050+0000] {dag.py:3239} INFO - Sync 1 DAGs
[2025-02-03T09:55:56.064+0000] {logging_mixin.py:190} INFO - [2025-02-03T09:55:56.063+0000] {dag.py:4180} INFO - Setting next_dagrun for example_task_group_decorator to None, run_after=None
[2025-02-03T09:55:56.082+0000] {processor.py:208} INFO - Processing /home/airflow/.local/lib/python3.12/site-packages/airflow/example_dags/example_task_group_decorator.py took 0.077 seconds
[2025-02-03T09:56:26.249+0000] {processor.py:186} INFO - Started process (PID=205) to work on /home/airflow/.local/lib/python3.12/site-packages/airflow/example_dags/example_task_group_decorator.py
[2025-02-03T09:56:26.250+0000] {processor.py:914} INFO - Processing file /home/airflow/.local/lib/python3.12/site-packages/airflow/example_dags/example_task_group_decorator.py for tasks to queue
[2025-02-03T09:56:26.252+0000] {logging_mixin.py:190} INFO - [2025-02-03T09:56:26.252+0000] {dagbag.py:588} INFO - Filling up the DagBag from /home/airflow/.local/lib/python3.12/site-packages/airflow/example_dags/example_task_group_decorator.py
[2025-02-03T09:56:26.264+0000] {processor.py:925} INFO - DAG(s) 'example_task_group_decorator' retrieved from /home/airflow/.local/lib/python3.12/site-packages/airflow/example_dags/example_task_group_decorator.py
[2025-02-03T09:56:26.281+0000] {logging_mixin.py:190} INFO - [2025-02-03T09:56:26.281+0000] {dag.py:3239} INFO - Sync 1 DAGs
[2025-02-03T09:56:26.292+0000] {logging_mixin.py:190} INFO - [2025-02-03T09:56:26.291+0000] {dag.py:4180} INFO - Setting next_dagrun for example_task_group_decorator to None, run_after=None
[2025-02-03T09:56:26.305+0000] {processor.py:208} INFO - Processing /home/airflow/.local/lib/python3.12/site-packages/airflow/example_dags/example_task_group_decorator.py took 0.061 seconds
[2025-02-03T09:56:56.753+0000] {processor.py:186} INFO - Started process (PID=269) to work on /home/airflow/.local/lib/python3.12/site-packages/airflow/example_dags/example_task_group_decorator.py
[2025-02-03T09:56:56.755+0000] {processor.py:914} INFO - Processing file /home/airflow/.local/lib/python3.12/site-packages/airflow/example_dags/example_task_group_decorator.py for tasks to queue
[2025-02-03T09:56:56.758+0000] {logging_mixin.py:190} INFO - [2025-02-03T09:56:56.757+0000] {dagbag.py:588} INFO - Filling up the DagBag from /home/airflow/.local/lib/python3.12/site-packages/airflow/example_dags/example_task_group_decorator.py
[2025-02-03T09:56:56.771+0000] {processor.py:925} INFO - DAG(s) 'example_task_group_decorator' retrieved from /home/airflow/.local/lib/python3.12/site-packages/airflow/example_dags/example_task_group_decorator.py
[2025-02-03T09:56:56.790+0000] {logging_mixin.py:190} INFO - [2025-02-03T09:56:56.790+0000] {dag.py:3239} INFO - Sync 1 DAGs
[2025-02-03T09:56:56.803+0000] {logging_mixin.py:190} INFO - [2025-02-03T09:56:56.803+0000] {dag.py:4180} INFO - Setting next_dagrun for example_task_group_decorator to None, run_after=None
[2025-02-03T09:56:56.817+0000] {processor.py:208} INFO - Processing /home/airflow/.local/lib/python3.12/site-packages/airflow/example_dags/example_task_group_decorator.py took 0.068 seconds
[2025-02-03T09:57:33.707+0000] {processor.py:186} INFO - Started process (PID=333) to work on /home/airflow/.local/lib/python3.12/site-packages/airflow/example_dags/example_task_group_decorator.py
[2025-02-03T09:57:33.708+0000] {processor.py:914} INFO - Processing file /home/airflow/.local/lib/python3.12/site-packages/airflow/example_dags/example_task_group_decorator.py for tasks to queue
[2025-02-03T09:57:33.711+0000] {logging_mixin.py:190} INFO - [2025-02-03T09:57:33.711+0000] {dagbag.py:588} INFO - Filling up the DagBag from /home/airflow/.local/lib/python3.12/site-packages/airflow/example_dags/example_task_group_decorator.py
[2025-02-03T09:57:33.726+0000] {processor.py:925} INFO - DAG(s) 'example_task_group_decorator' retrieved from /home/airflow/.local/lib/python3.12/site-packages/airflow/example_dags/example_task_group_decorator.py
[2025-02-03T09:57:33.748+0000] {logging_mixin.py:190} INFO - [2025-02-03T09:57:33.747+0000] {dag.py:3239} INFO - Sync 1 DAGs
[2025-02-03T09:57:33.759+0000] {logging_mixin.py:190} INFO - [2025-02-03T09:57:33.759+0000] {dag.py:4180} INFO - Setting next_dagrun for example_task_group_decorator to None, run_after=None
[2025-02-03T09:57:33.773+0000] {processor.py:208} INFO - Processing /home/airflow/.local/lib/python3.12/site-packages/airflow/example_dags/example_task_group_decorator.py took 0.070 seconds
[2025-02-03T09:58:07.416+0000] {processor.py:186} INFO - Started process (PID=403) to work on /home/airflow/.local/lib/python3.12/site-packages/airflow/example_dags/example_task_group_decorator.py
[2025-02-03T09:58:07.417+0000] {processor.py:914} INFO - Processing file /home/airflow/.local/lib/python3.12/site-packages/airflow/example_dags/example_task_group_decorator.py for tasks to queue
[2025-02-03T09:58:07.419+0000] {logging_mixin.py:190} INFO - [2025-02-03T09:58:07.419+0000] {dagbag.py:588} INFO - Filling up the DagBag from /home/airflow/.local/lib/python3.12/site-packages/airflow/example_dags/example_task_group_decorator.py
[2025-02-03T09:58:07.434+0000] {processor.py:925} INFO - DAG(s) 'example_task_group_decorator' retrieved from /home/airflow/.local/lib/python3.12/site-packages/airflow/example_dags/example_task_group_decorator.py
[2025-02-03T09:58:07.454+0000] {logging_mixin.py:190} INFO - [2025-02-03T09:58:07.453+0000] {dag.py:3239} INFO - Sync 1 DAGs
[2025-02-03T09:58:07.467+0000] {logging_mixin.py:190} INFO - [2025-02-03T09:58:07.467+0000] {dag.py:4180} INFO - Setting next_dagrun for example_task_group_decorator to None, run_after=None
[2025-02-03T09:58:07.482+0000] {processor.py:208} INFO - Processing /home/airflow/.local/lib/python3.12/site-packages/airflow/example_dags/example_task_group_decorator.py took 0.072 seconds
[2025-02-03T09:58:38.625+0000] {processor.py:186} INFO - Started process (PID=468) to work on /home/airflow/.local/lib/python3.12/site-packages/airflow/example_dags/example_task_group_decorator.py
[2025-02-03T09:58:38.626+0000] {processor.py:914} INFO - Processing file /home/airflow/.local/lib/python3.12/site-packages/airflow/example_dags/example_task_group_decorator.py for tasks to queue
[2025-02-03T09:58:38.636+0000] {logging_mixin.py:190} INFO - [2025-02-03T09:58:38.636+0000] {dagbag.py:588} INFO - Filling up the DagBag from /home/airflow/.local/lib/python3.12/site-packages/airflow/example_dags/example_task_group_decorator.py
[2025-02-03T09:58:38.666+0000] {processor.py:925} INFO - DAG(s) 'example_task_group_decorator' retrieved from /home/airflow/.local/lib/python3.12/site-packages/airflow/example_dags/example_task_group_decorator.py
[2025-02-03T09:58:38.688+0000] {logging_mixin.py:190} INFO - [2025-02-03T09:58:38.688+0000] {dag.py:3239} INFO - Sync 1 DAGs
[2025-02-03T09:58:38.704+0000] {logging_mixin.py:190} INFO - [2025-02-03T09:58:38.704+0000] {dag.py:4180} INFO - Setting next_dagrun for example_task_group_decorator to None, run_after=None
[2025-02-03T09:58:38.766+0000] {processor.py:208} INFO - Processing /home/airflow/.local/lib/python3.12/site-packages/airflow/example_dags/example_task_group_decorator.py took 0.146 seconds
[2025-02-03T09:59:09.775+0000] {processor.py:186} INFO - Started process (PID=532) to work on /home/airflow/.local/lib/python3.12/site-packages/airflow/example_dags/example_task_group_decorator.py
[2025-02-03T09:59:09.777+0000] {processor.py:914} INFO - Processing file /home/airflow/.local/lib/python3.12/site-packages/airflow/example_dags/example_task_group_decorator.py for tasks to queue
[2025-02-03T09:59:09.781+0000] {logging_mixin.py:190} INFO - [2025-02-03T09:59:09.780+0000] {dagbag.py:588} INFO - Filling up the DagBag from /home/airflow/.local/lib/python3.12/site-packages/airflow/example_dags/example_task_group_decorator.py
[2025-02-03T09:59:09.800+0000] {processor.py:925} INFO - DAG(s) 'example_task_group_decorator' retrieved from /home/airflow/.local/lib/python3.12/site-packages/airflow/example_dags/example_task_group_decorator.py
[2025-02-03T09:59:09.835+0000] {logging_mixin.py:190} INFO - [2025-02-03T09:59:09.834+0000] {dag.py:3239} INFO - Sync 1 DAGs
[2025-02-03T09:59:09.850+0000] {logging_mixin.py:190} INFO - [2025-02-03T09:59:09.850+0000] {dag.py:4180} INFO - Setting next_dagrun for example_task_group_decorator to None, run_after=None
[2025-02-03T09:59:09.866+0000] {processor.py:208} INFO - Processing /home/airflow/.local/lib/python3.12/site-packages/airflow/example_dags/example_task_group_decorator.py took 0.100 seconds
[2025-02-03T09:59:40.177+0000] {processor.py:186} INFO - Started process (PID=590) to work on /home/airflow/.local/lib/python3.12/site-packages/airflow/example_dags/example_task_group_decorator.py
[2025-02-03T09:59:40.178+0000] {processor.py:914} INFO - Processing file /home/airflow/.local/lib/python3.12/site-packages/airflow/example_dags/example_task_group_decorator.py for tasks to queue
[2025-02-03T09:59:40.180+0000] {logging_mixin.py:190} INFO - [2025-02-03T09:59:40.180+0000] {dagbag.py:588} INFO - Filling up the DagBag from /home/airflow/.local/lib/python3.12/site-packages/airflow/example_dags/example_task_group_decorator.py
[2025-02-03T09:59:40.192+0000] {processor.py:925} INFO - DAG(s) 'example_task_group_decorator' retrieved from /home/airflow/.local/lib/python3.12/site-packages/airflow/example_dags/example_task_group_decorator.py
[2025-02-03T09:59:40.213+0000] {logging_mixin.py:190} INFO - [2025-02-03T09:59:40.212+0000] {dag.py:3239} INFO - Sync 1 DAGs
[2025-02-03T09:59:40.227+0000] {logging_mixin.py:190} INFO - [2025-02-03T09:59:40.227+0000] {dag.py:4180} INFO - Setting next_dagrun for example_task_group_decorator to None, run_after=None
[2025-02-03T09:59:40.242+0000] {processor.py:208} INFO - Processing /home/airflow/.local/lib/python3.12/site-packages/airflow/example_dags/example_task_group_decorator.py took 0.069 seconds
[2025-02-03T10:00:11.952+0000] {processor.py:186} INFO - Started process (PID=653) to work on /home/airflow/.local/lib/python3.12/site-packages/airflow/example_dags/example_task_group_decorator.py
[2025-02-03T10:00:11.954+0000] {processor.py:914} INFO - Processing file /home/airflow/.local/lib/python3.12/site-packages/airflow/example_dags/example_task_group_decorator.py for tasks to queue
[2025-02-03T10:00:11.960+0000] {logging_mixin.py:190} INFO - [2025-02-03T10:00:11.959+0000] {dagbag.py:588} INFO - Filling up the DagBag from /home/airflow/.local/lib/python3.12/site-packages/airflow/example_dags/example_task_group_decorator.py
[2025-02-03T10:00:11.993+0000] {processor.py:925} INFO - DAG(s) 'example_task_group_decorator' retrieved from /home/airflow/.local/lib/python3.12/site-packages/airflow/example_dags/example_task_group_decorator.py
[2025-02-03T10:00:12.047+0000] {logging_mixin.py:190} INFO - [2025-02-03T10:00:12.047+0000] {dag.py:3239} INFO - Sync 1 DAGs
[2025-02-03T10:00:12.071+0000] {logging_mixin.py:190} INFO - [2025-02-03T10:00:12.071+0000] {dag.py:4180} INFO - Setting next_dagrun for example_task_group_decorator to None, run_after=None
[2025-02-03T10:00:12.107+0000] {processor.py:208} INFO - Processing /home/airflow/.local/lib/python3.12/site-packages/airflow/example_dags/example_task_group_decorator.py took 0.162 seconds
[2025-02-03T10:00:42.458+0000] {processor.py:186} INFO - Started process (PID=717) to work on /home/airflow/.local/lib/python3.12/site-packages/airflow/example_dags/example_task_group_decorator.py
[2025-02-03T10:00:42.460+0000] {processor.py:914} INFO - Processing file /home/airflow/.local/lib/python3.12/site-packages/airflow/example_dags/example_task_group_decorator.py for tasks to queue
[2025-02-03T10:00:42.464+0000] {logging_mixin.py:190} INFO - [2025-02-03T10:00:42.464+0000] {dagbag.py:588} INFO - Filling up the DagBag from /home/airflow/.local/lib/python3.12/site-packages/airflow/example_dags/example_task_group_decorator.py
[2025-02-03T10:00:42.485+0000] {processor.py:925} INFO - DAG(s) 'example_task_group_decorator' retrieved from /home/airflow/.local/lib/python3.12/site-packages/airflow/example_dags/example_task_group_decorator.py
[2025-02-03T10:00:42.515+0000] {logging_mixin.py:190} INFO - [2025-02-03T10:00:42.515+0000] {dag.py:3239} INFO - Sync 1 DAGs
[2025-02-03T10:00:42.534+0000] {logging_mixin.py:190} INFO - [2025-02-03T10:00:42.534+0000] {dag.py:4180} INFO - Setting next_dagrun for example_task_group_decorator to None, run_after=None
[2025-02-03T10:00:42.562+0000] {processor.py:208} INFO - Processing /home/airflow/.local/lib/python3.12/site-packages/airflow/example_dags/example_task_group_decorator.py took 0.109 seconds
[2025-02-03T10:01:14.471+0000] {processor.py:186} INFO - Started process (PID=781) to work on /home/airflow/.local/lib/python3.12/site-packages/airflow/example_dags/example_task_group_decorator.py
[2025-02-03T10:01:14.472+0000] {processor.py:914} INFO - Processing file /home/airflow/.local/lib/python3.12/site-packages/airflow/example_dags/example_task_group_decorator.py for tasks to queue
[2025-02-03T10:01:14.474+0000] {logging_mixin.py:190} INFO - [2025-02-03T10:01:14.474+0000] {dagbag.py:588} INFO - Filling up the DagBag from /home/airflow/.local/lib/python3.12/site-packages/airflow/example_dags/example_task_group_decorator.py
[2025-02-03T10:01:14.486+0000] {processor.py:925} INFO - DAG(s) 'example_task_group_decorator' retrieved from /home/airflow/.local/lib/python3.12/site-packages/airflow/example_dags/example_task_group_decorator.py
[2025-02-03T10:01:14.509+0000] {logging_mixin.py:190} INFO - [2025-02-03T10:01:14.509+0000] {dag.py:3239} INFO - Sync 1 DAGs
[2025-02-03T10:01:14.520+0000] {logging_mixin.py:190} INFO - [2025-02-03T10:01:14.520+0000] {dag.py:4180} INFO - Setting next_dagrun for example_task_group_decorator to None, run_after=None
[2025-02-03T10:01:14.534+0000] {processor.py:208} INFO - Processing /home/airflow/.local/lib/python3.12/site-packages/airflow/example_dags/example_task_group_decorator.py took 0.068 seconds
[2025-02-03T10:01:46.788+0000] {processor.py:186} INFO - Started process (PID=847) to work on /home/airflow/.local/lib/python3.12/site-packages/airflow/example_dags/example_task_group_decorator.py
[2025-02-03T10:01:46.789+0000] {processor.py:914} INFO - Processing file /home/airflow/.local/lib/python3.12/site-packages/airflow/example_dags/example_task_group_decorator.py for tasks to queue
[2025-02-03T10:01:46.792+0000] {logging_mixin.py:190} INFO - [2025-02-03T10:01:46.792+0000] {dagbag.py:588} INFO - Filling up the DagBag from /home/airflow/.local/lib/python3.12/site-packages/airflow/example_dags/example_task_group_decorator.py
[2025-02-03T10:01:46.805+0000] {processor.py:925} INFO - DAG(s) 'example_task_group_decorator' retrieved from /home/airflow/.local/lib/python3.12/site-packages/airflow/example_dags/example_task_group_decorator.py
[2025-02-03T10:01:46.826+0000] {logging_mixin.py:190} INFO - [2025-02-03T10:01:46.826+0000] {dag.py:3239} INFO - Sync 1 DAGs
[2025-02-03T10:01:46.838+0000] {logging_mixin.py:190} INFO - [2025-02-03T10:01:46.838+0000] {dag.py:4180} INFO - Setting next_dagrun for example_task_group_decorator to None, run_after=None
[2025-02-03T10:01:46.854+0000] {processor.py:208} INFO - Processing /home/airflow/.local/lib/python3.12/site-packages/airflow/example_dags/example_task_group_decorator.py took 0.072 seconds
[2025-02-03T10:02:19.482+0000] {processor.py:186} INFO - Started process (PID=922) to work on /home/airflow/.local/lib/python3.12/site-packages/airflow/example_dags/example_task_group_decorator.py
[2025-02-03T10:02:19.483+0000] {processor.py:914} INFO - Processing file /home/airflow/.local/lib/python3.12/site-packages/airflow/example_dags/example_task_group_decorator.py for tasks to queue
[2025-02-03T10:02:19.485+0000] {logging_mixin.py:190} INFO - [2025-02-03T10:02:19.485+0000] {dagbag.py:588} INFO - Filling up the DagBag from /home/airflow/.local/lib/python3.12/site-packages/airflow/example_dags/example_task_group_decorator.py
[2025-02-03T10:02:19.499+0000] {processor.py:925} INFO - DAG(s) 'example_task_group_decorator' retrieved from /home/airflow/.local/lib/python3.12/site-packages/airflow/example_dags/example_task_group_decorator.py
[2025-02-03T10:02:19.524+0000] {logging_mixin.py:190} INFO - [2025-02-03T10:02:19.524+0000] {dag.py:3239} INFO - Sync 1 DAGs
[2025-02-03T10:02:19.544+0000] {logging_mixin.py:190} INFO - [2025-02-03T10:02:19.543+0000] {dag.py:4180} INFO - Setting next_dagrun for example_task_group_decorator to None, run_after=None
[2025-02-03T10:02:19.561+0000] {processor.py:208} INFO - Processing /home/airflow/.local/lib/python3.12/site-packages/airflow/example_dags/example_task_group_decorator.py took 0.084 seconds
[2025-02-03T10:02:51.966+0000] {processor.py:186} INFO - Started process (PID=986) to work on /home/airflow/.local/lib/python3.12/site-packages/airflow/example_dags/example_task_group_decorator.py
[2025-02-03T10:02:51.968+0000] {processor.py:914} INFO - Processing file /home/airflow/.local/lib/python3.12/site-packages/airflow/example_dags/example_task_group_decorator.py for tasks to queue
[2025-02-03T10:02:51.971+0000] {logging_mixin.py:190} INFO - [2025-02-03T10:02:51.970+0000] {dagbag.py:588} INFO - Filling up the DagBag from /home/airflow/.local/lib/python3.12/site-packages/airflow/example_dags/example_task_group_decorator.py
[2025-02-03T10:02:51.983+0000] {processor.py:925} INFO - DAG(s) 'example_task_group_decorator' retrieved from /home/airflow/.local/lib/python3.12/site-packages/airflow/example_dags/example_task_group_decorator.py
[2025-02-03T10:02:52.005+0000] {logging_mixin.py:190} INFO - [2025-02-03T10:02:52.005+0000] {dag.py:3239} INFO - Sync 1 DAGs
[2025-02-03T10:02:52.018+0000] {logging_mixin.py:190} INFO - [2025-02-03T10:02:52.018+0000] {dag.py:4180} INFO - Setting next_dagrun for example_task_group_decorator to None, run_after=None
[2025-02-03T10:02:52.036+0000] {processor.py:208} INFO - Processing /home/airflow/.local/lib/python3.12/site-packages/airflow/example_dags/example_task_group_decorator.py took 0.076 seconds
[2025-02-03T10:03:22.820+0000] {processor.py:186} INFO - Started process (PID=1050) to work on /home/airflow/.local/lib/python3.12/site-packages/airflow/example_dags/example_task_group_decorator.py
[2025-02-03T10:03:22.821+0000] {processor.py:914} INFO - Processing file /home/airflow/.local/lib/python3.12/site-packages/airflow/example_dags/example_task_group_decorator.py for tasks to queue
[2025-02-03T10:03:22.824+0000] {logging_mixin.py:190} INFO - [2025-02-03T10:03:22.823+0000] {dagbag.py:588} INFO - Filling up the DagBag from /home/airflow/.local/lib/python3.12/site-packages/airflow/example_dags/example_task_group_decorator.py
[2025-02-03T10:03:22.837+0000] {processor.py:925} INFO - DAG(s) 'example_task_group_decorator' retrieved from /home/airflow/.local/lib/python3.12/site-packages/airflow/example_dags/example_task_group_decorator.py
[2025-02-03T10:03:22.856+0000] {logging_mixin.py:190} INFO - [2025-02-03T10:03:22.856+0000] {dag.py:3239} INFO - Sync 1 DAGs
[2025-02-03T10:03:22.867+0000] {logging_mixin.py:190} INFO - [2025-02-03T10:03:22.867+0000] {dag.py:4180} INFO - Setting next_dagrun for example_task_group_decorator to None, run_after=None
[2025-02-03T10:03:22.882+0000] {processor.py:208} INFO - Processing /home/airflow/.local/lib/python3.12/site-packages/airflow/example_dags/example_task_group_decorator.py took 0.067 seconds
[2025-02-03T10:03:53.777+0000] {processor.py:186} INFO - Started process (PID=1114) to work on /home/airflow/.local/lib/python3.12/site-packages/airflow/example_dags/example_task_group_decorator.py
[2025-02-03T10:03:53.778+0000] {processor.py:914} INFO - Processing file /home/airflow/.local/lib/python3.12/site-packages/airflow/example_dags/example_task_group_decorator.py for tasks to queue
[2025-02-03T10:03:53.780+0000] {logging_mixin.py:190} INFO - [2025-02-03T10:03:53.780+0000] {dagbag.py:588} INFO - Filling up the DagBag from /home/airflow/.local/lib/python3.12/site-packages/airflow/example_dags/example_task_group_decorator.py
[2025-02-03T10:03:53.793+0000] {processor.py:925} INFO - DAG(s) 'example_task_group_decorator' retrieved from /home/airflow/.local/lib/python3.12/site-packages/airflow/example_dags/example_task_group_decorator.py
[2025-02-03T10:03:53.814+0000] {logging_mixin.py:190} INFO - [2025-02-03T10:03:53.814+0000] {dag.py:3239} INFO - Sync 1 DAGs
[2025-02-03T10:03:53.825+0000] {logging_mixin.py:190} INFO - [2025-02-03T10:03:53.825+0000] {dag.py:4180} INFO - Setting next_dagrun for example_task_group_decorator to None, run_after=None
[2025-02-03T10:03:53.839+0000] {processor.py:208} INFO - Processing /home/airflow/.local/lib/python3.12/site-packages/airflow/example_dags/example_task_group_decorator.py took 0.068 seconds
[2025-02-03T10:04:25.155+0000] {processor.py:186} INFO - Started process (PID=1178) to work on /home/airflow/.local/lib/python3.12/site-packages/airflow/example_dags/example_task_group_decorator.py
[2025-02-03T10:04:25.156+0000] {processor.py:914} INFO - Processing file /home/airflow/.local/lib/python3.12/site-packages/airflow/example_dags/example_task_group_decorator.py for tasks to queue
[2025-02-03T10:04:25.160+0000] {logging_mixin.py:190} INFO - [2025-02-03T10:04:25.160+0000] {dagbag.py:588} INFO - Filling up the DagBag from /home/airflow/.local/lib/python3.12/site-packages/airflow/example_dags/example_task_group_decorator.py
[2025-02-03T10:04:25.176+0000] {processor.py:925} INFO - DAG(s) 'example_task_group_decorator' retrieved from /home/airflow/.local/lib/python3.12/site-packages/airflow/example_dags/example_task_group_decorator.py
[2025-02-03T10:04:25.197+0000] {logging_mixin.py:190} INFO - [2025-02-03T10:04:25.197+0000] {dag.py:3239} INFO - Sync 1 DAGs
[2025-02-03T10:04:25.211+0000] {logging_mixin.py:190} INFO - [2025-02-03T10:04:25.211+0000] {dag.py:4180} INFO - Setting next_dagrun for example_task_group_decorator to None, run_after=None
[2025-02-03T10:04:25.231+0000] {processor.py:208} INFO - Processing /home/airflow/.local/lib/python3.12/site-packages/airflow/example_dags/example_task_group_decorator.py took 0.083 seconds
[2025-02-03T10:04:55.814+0000] {processor.py:186} INFO - Started process (PID=1236) to work on /home/airflow/.local/lib/python3.12/site-packages/airflow/example_dags/example_task_group_decorator.py
[2025-02-03T10:04:55.815+0000] {processor.py:914} INFO - Processing file /home/airflow/.local/lib/python3.12/site-packages/airflow/example_dags/example_task_group_decorator.py for tasks to queue
[2025-02-03T10:04:55.818+0000] {logging_mixin.py:190} INFO - [2025-02-03T10:04:55.818+0000] {dagbag.py:588} INFO - Filling up the DagBag from /home/airflow/.local/lib/python3.12/site-packages/airflow/example_dags/example_task_group_decorator.py
[2025-02-03T10:04:55.836+0000] {processor.py:925} INFO - DAG(s) 'example_task_group_decorator' retrieved from /home/airflow/.local/lib/python3.12/site-packages/airflow/example_dags/example_task_group_decorator.py
[2025-02-03T10:04:55.859+0000] {logging_mixin.py:190} INFO - [2025-02-03T10:04:55.859+0000] {dag.py:3239} INFO - Sync 1 DAGs
[2025-02-03T10:04:55.872+0000] {logging_mixin.py:190} INFO - [2025-02-03T10:04:55.872+0000] {dag.py:4180} INFO - Setting next_dagrun for example_task_group_decorator to None, run_after=None
[2025-02-03T10:04:55.887+0000] {processor.py:208} INFO - Processing /home/airflow/.local/lib/python3.12/site-packages/airflow/example_dags/example_task_group_decorator.py took 0.079 seconds
[2025-02-03T10:05:26.203+0000] {processor.py:186} INFO - Started process (PID=1300) to work on /home/airflow/.local/lib/python3.12/site-packages/airflow/example_dags/example_task_group_decorator.py
[2025-02-03T10:05:26.204+0000] {processor.py:914} INFO - Processing file /home/airflow/.local/lib/python3.12/site-packages/airflow/example_dags/example_task_group_decorator.py for tasks to queue
[2025-02-03T10:05:26.206+0000] {logging_mixin.py:190} INFO - [2025-02-03T10:05:26.206+0000] {dagbag.py:588} INFO - Filling up the DagBag from /home/airflow/.local/lib/python3.12/site-packages/airflow/example_dags/example_task_group_decorator.py
[2025-02-03T10:05:26.220+0000] {processor.py:925} INFO - DAG(s) 'example_task_group_decorator' retrieved from /home/airflow/.local/lib/python3.12/site-packages/airflow/example_dags/example_task_group_decorator.py
[2025-02-03T10:05:26.241+0000] {logging_mixin.py:190} INFO - [2025-02-03T10:05:26.241+0000] {dag.py:3239} INFO - Sync 1 DAGs
[2025-02-03T10:05:26.252+0000] {logging_mixin.py:190} INFO - [2025-02-03T10:05:26.251+0000] {dag.py:4180} INFO - Setting next_dagrun for example_task_group_decorator to None, run_after=None
[2025-02-03T10:05:26.267+0000] {processor.py:208} INFO - Processing /home/airflow/.local/lib/python3.12/site-packages/airflow/example_dags/example_task_group_decorator.py took 0.069 seconds
[2025-02-03T10:05:56.729+0000] {processor.py:186} INFO - Started process (PID=1363) to work on /home/airflow/.local/lib/python3.12/site-packages/airflow/example_dags/example_task_group_decorator.py
[2025-02-03T10:05:56.730+0000] {processor.py:914} INFO - Processing file /home/airflow/.local/lib/python3.12/site-packages/airflow/example_dags/example_task_group_decorator.py for tasks to queue
[2025-02-03T10:05:56.732+0000] {logging_mixin.py:190} INFO - [2025-02-03T10:05:56.732+0000] {dagbag.py:588} INFO - Filling up the DagBag from /home/airflow/.local/lib/python3.12/site-packages/airflow/example_dags/example_task_group_decorator.py
[2025-02-03T10:05:56.745+0000] {processor.py:925} INFO - DAG(s) 'example_task_group_decorator' retrieved from /home/airflow/.local/lib/python3.12/site-packages/airflow/example_dags/example_task_group_decorator.py
[2025-02-03T10:05:56.770+0000] {logging_mixin.py:190} INFO - [2025-02-03T10:05:56.770+0000] {dag.py:3239} INFO - Sync 1 DAGs
[2025-02-03T10:05:56.786+0000] {logging_mixin.py:190} INFO - [2025-02-03T10:05:56.785+0000] {dag.py:4180} INFO - Setting next_dagrun for example_task_group_decorator to None, run_after=None
[2025-02-03T10:05:56.801+0000] {processor.py:208} INFO - Processing /home/airflow/.local/lib/python3.12/site-packages/airflow/example_dags/example_task_group_decorator.py took 0.076 seconds
[2025-02-03T10:06:28.695+0000] {processor.py:186} INFO - Started process (PID=1428) to work on /home/airflow/.local/lib/python3.12/site-packages/airflow/example_dags/example_task_group_decorator.py
[2025-02-03T10:06:28.699+0000] {processor.py:914} INFO - Processing file /home/airflow/.local/lib/python3.12/site-packages/airflow/example_dags/example_task_group_decorator.py for tasks to queue
[2025-02-03T10:06:28.705+0000] {logging_mixin.py:190} INFO - [2025-02-03T10:06:28.705+0000] {dagbag.py:588} INFO - Filling up the DagBag from /home/airflow/.local/lib/python3.12/site-packages/airflow/example_dags/example_task_group_decorator.py
[2025-02-03T10:06:28.720+0000] {processor.py:925} INFO - DAG(s) 'example_task_group_decorator' retrieved from /home/airflow/.local/lib/python3.12/site-packages/airflow/example_dags/example_task_group_decorator.py
[2025-02-03T10:06:28.750+0000] {logging_mixin.py:190} INFO - [2025-02-03T10:06:28.749+0000] {dag.py:3239} INFO - Sync 1 DAGs
[2025-02-03T10:06:28.766+0000] {logging_mixin.py:190} INFO - [2025-02-03T10:06:28.766+0000] {dag.py:4180} INFO - Setting next_dagrun for example_task_group_decorator to None, run_after=None
[2025-02-03T10:06:28.793+0000] {processor.py:208} INFO - Processing /home/airflow/.local/lib/python3.12/site-packages/airflow/example_dags/example_task_group_decorator.py took 0.106 seconds
[2025-02-03T10:13:08.443+0000] {processor.py:186} INFO - Started process (PID=85) to work on /home/airflow/.local/lib/python3.12/site-packages/airflow/example_dags/example_task_group_decorator.py
[2025-02-03T10:13:08.446+0000] {processor.py:914} INFO - Processing file /home/airflow/.local/lib/python3.12/site-packages/airflow/example_dags/example_task_group_decorator.py for tasks to queue
[2025-02-03T10:13:08.449+0000] {logging_mixin.py:190} INFO - [2025-02-03T10:13:08.448+0000] {dagbag.py:588} INFO - Filling up the DagBag from /home/airflow/.local/lib/python3.12/site-packages/airflow/example_dags/example_task_group_decorator.py
[2025-02-03T10:13:08.495+0000] {processor.py:925} INFO - DAG(s) 'example_task_group_decorator' retrieved from /home/airflow/.local/lib/python3.12/site-packages/airflow/example_dags/example_task_group_decorator.py
[2025-02-03T10:13:08.529+0000] {logging_mixin.py:190} INFO - [2025-02-03T10:13:08.528+0000] {dag.py:3239} INFO - Sync 1 DAGs
[2025-02-03T10:13:08.552+0000] {logging_mixin.py:190} INFO - [2025-02-03T10:13:08.551+0000] {dag.py:4180} INFO - Setting next_dagrun for example_task_group_decorator to None, run_after=None
[2025-02-03T10:13:08.585+0000] {processor.py:208} INFO - Processing /home/airflow/.local/lib/python3.12/site-packages/airflow/example_dags/example_task_group_decorator.py took 0.148 seconds
[2025-02-03T10:13:39.178+0000] {processor.py:186} INFO - Started process (PID=149) to work on /home/airflow/.local/lib/python3.12/site-packages/airflow/example_dags/example_task_group_decorator.py
[2025-02-03T10:13:39.179+0000] {processor.py:914} INFO - Processing file /home/airflow/.local/lib/python3.12/site-packages/airflow/example_dags/example_task_group_decorator.py for tasks to queue
[2025-02-03T10:13:39.183+0000] {logging_mixin.py:190} INFO - [2025-02-03T10:13:39.182+0000] {dagbag.py:588} INFO - Filling up the DagBag from /home/airflow/.local/lib/python3.12/site-packages/airflow/example_dags/example_task_group_decorator.py
[2025-02-03T10:13:39.200+0000] {processor.py:925} INFO - DAG(s) 'example_task_group_decorator' retrieved from /home/airflow/.local/lib/python3.12/site-packages/airflow/example_dags/example_task_group_decorator.py
[2025-02-03T10:13:39.232+0000] {logging_mixin.py:190} INFO - [2025-02-03T10:13:39.232+0000] {dag.py:3239} INFO - Sync 1 DAGs
[2025-02-03T10:13:39.245+0000] {logging_mixin.py:190} INFO - [2025-02-03T10:13:39.245+0000] {dag.py:4180} INFO - Setting next_dagrun for example_task_group_decorator to None, run_after=None
[2025-02-03T10:13:39.262+0000] {processor.py:208} INFO - Processing /home/airflow/.local/lib/python3.12/site-packages/airflow/example_dags/example_task_group_decorator.py took 0.090 seconds
[2025-02-03T10:14:11.051+0000] {processor.py:186} INFO - Started process (PID=213) to work on /home/airflow/.local/lib/python3.12/site-packages/airflow/example_dags/example_task_group_decorator.py
[2025-02-03T10:14:11.052+0000] {processor.py:914} INFO - Processing file /home/airflow/.local/lib/python3.12/site-packages/airflow/example_dags/example_task_group_decorator.py for tasks to queue
[2025-02-03T10:14:11.055+0000] {logging_mixin.py:190} INFO - [2025-02-03T10:14:11.055+0000] {dagbag.py:588} INFO - Filling up the DagBag from /home/airflow/.local/lib/python3.12/site-packages/airflow/example_dags/example_task_group_decorator.py
[2025-02-03T10:14:11.068+0000] {processor.py:925} INFO - DAG(s) 'example_task_group_decorator' retrieved from /home/airflow/.local/lib/python3.12/site-packages/airflow/example_dags/example_task_group_decorator.py
[2025-02-03T10:14:11.094+0000] {logging_mixin.py:190} INFO - [2025-02-03T10:14:11.093+0000] {dag.py:3239} INFO - Sync 1 DAGs
[2025-02-03T10:14:11.118+0000] {logging_mixin.py:190} INFO - [2025-02-03T10:14:11.118+0000] {dag.py:4180} INFO - Setting next_dagrun for example_task_group_decorator to None, run_after=None
[2025-02-03T10:14:11.153+0000] {processor.py:208} INFO - Processing /home/airflow/.local/lib/python3.12/site-packages/airflow/example_dags/example_task_group_decorator.py took 0.108 seconds
[2025-02-03T10:14:41.418+0000] {processor.py:186} INFO - Started process (PID=271) to work on /home/airflow/.local/lib/python3.12/site-packages/airflow/example_dags/example_task_group_decorator.py
[2025-02-03T10:14:41.419+0000] {processor.py:914} INFO - Processing file /home/airflow/.local/lib/python3.12/site-packages/airflow/example_dags/example_task_group_decorator.py for tasks to queue
[2025-02-03T10:14:41.421+0000] {logging_mixin.py:190} INFO - [2025-02-03T10:14:41.421+0000] {dagbag.py:588} INFO - Filling up the DagBag from /home/airflow/.local/lib/python3.12/site-packages/airflow/example_dags/example_task_group_decorator.py
[2025-02-03T10:14:41.437+0000] {processor.py:925} INFO - DAG(s) 'example_task_group_decorator' retrieved from /home/airflow/.local/lib/python3.12/site-packages/airflow/example_dags/example_task_group_decorator.py
[2025-02-03T10:14:41.462+0000] {logging_mixin.py:190} INFO - [2025-02-03T10:14:41.462+0000] {dag.py:3239} INFO - Sync 1 DAGs
[2025-02-03T10:14:41.474+0000] {logging_mixin.py:190} INFO - [2025-02-03T10:14:41.474+0000] {dag.py:4180} INFO - Setting next_dagrun for example_task_group_decorator to None, run_after=None
[2025-02-03T10:14:41.498+0000] {processor.py:208} INFO - Processing /home/airflow/.local/lib/python3.12/site-packages/airflow/example_dags/example_task_group_decorator.py took 0.085 seconds
[2025-02-03T10:15:11.917+0000] {processor.py:186} INFO - Started process (PID=336) to work on /home/airflow/.local/lib/python3.12/site-packages/airflow/example_dags/example_task_group_decorator.py
[2025-02-03T10:15:11.918+0000] {processor.py:914} INFO - Processing file /home/airflow/.local/lib/python3.12/site-packages/airflow/example_dags/example_task_group_decorator.py for tasks to queue
[2025-02-03T10:15:11.921+0000] {logging_mixin.py:190} INFO - [2025-02-03T10:15:11.920+0000] {dagbag.py:588} INFO - Filling up the DagBag from /home/airflow/.local/lib/python3.12/site-packages/airflow/example_dags/example_task_group_decorator.py
[2025-02-03T10:15:11.934+0000] {processor.py:925} INFO - DAG(s) 'example_task_group_decorator' retrieved from /home/airflow/.local/lib/python3.12/site-packages/airflow/example_dags/example_task_group_decorator.py
[2025-02-03T10:15:11.954+0000] {logging_mixin.py:190} INFO - [2025-02-03T10:15:11.954+0000] {dag.py:3239} INFO - Sync 1 DAGs
[2025-02-03T10:15:11.967+0000] {logging_mixin.py:190} INFO - [2025-02-03T10:15:11.966+0000] {dag.py:4180} INFO - Setting next_dagrun for example_task_group_decorator to None, run_after=None
[2025-02-03T10:15:11.982+0000] {processor.py:208} INFO - Processing /home/airflow/.local/lib/python3.12/site-packages/airflow/example_dags/example_task_group_decorator.py took 0.072 seconds
[2025-02-03T10:15:42.292+0000] {processor.py:186} INFO - Started process (PID=400) to work on /home/airflow/.local/lib/python3.12/site-packages/airflow/example_dags/example_task_group_decorator.py
[2025-02-03T10:15:42.293+0000] {processor.py:914} INFO - Processing file /home/airflow/.local/lib/python3.12/site-packages/airflow/example_dags/example_task_group_decorator.py for tasks to queue
[2025-02-03T10:15:42.296+0000] {logging_mixin.py:190} INFO - [2025-02-03T10:15:42.295+0000] {dagbag.py:588} INFO - Filling up the DagBag from /home/airflow/.local/lib/python3.12/site-packages/airflow/example_dags/example_task_group_decorator.py
[2025-02-03T10:15:42.310+0000] {processor.py:925} INFO - DAG(s) 'example_task_group_decorator' retrieved from /home/airflow/.local/lib/python3.12/site-packages/airflow/example_dags/example_task_group_decorator.py
[2025-02-03T10:15:42.337+0000] {logging_mixin.py:190} INFO - [2025-02-03T10:15:42.337+0000] {dag.py:3239} INFO - Sync 1 DAGs
[2025-02-03T10:15:42.353+0000] {logging_mixin.py:190} INFO - [2025-02-03T10:15:42.353+0000] {dag.py:4180} INFO - Setting next_dagrun for example_task_group_decorator to None, run_after=None
[2025-02-03T10:15:42.372+0000] {processor.py:208} INFO - Processing /home/airflow/.local/lib/python3.12/site-packages/airflow/example_dags/example_task_group_decorator.py took 0.086 seconds
[2025-02-03T10:16:14.427+0000] {processor.py:186} INFO - Started process (PID=464) to work on /home/airflow/.local/lib/python3.12/site-packages/airflow/example_dags/example_task_group_decorator.py
[2025-02-03T10:16:14.428+0000] {processor.py:914} INFO - Processing file /home/airflow/.local/lib/python3.12/site-packages/airflow/example_dags/example_task_group_decorator.py for tasks to queue
[2025-02-03T10:16:14.432+0000] {logging_mixin.py:190} INFO - [2025-02-03T10:16:14.432+0000] {dagbag.py:588} INFO - Filling up the DagBag from /home/airflow/.local/lib/python3.12/site-packages/airflow/example_dags/example_task_group_decorator.py
[2025-02-03T10:16:14.446+0000] {processor.py:925} INFO - DAG(s) 'example_task_group_decorator' retrieved from /home/airflow/.local/lib/python3.12/site-packages/airflow/example_dags/example_task_group_decorator.py
[2025-02-03T10:16:14.471+0000] {logging_mixin.py:190} INFO - [2025-02-03T10:16:14.471+0000] {dag.py:3239} INFO - Sync 1 DAGs
[2025-02-03T10:16:14.485+0000] {logging_mixin.py:190} INFO - [2025-02-03T10:16:14.485+0000] {dag.py:4180} INFO - Setting next_dagrun for example_task_group_decorator to None, run_after=None
[2025-02-03T10:16:14.504+0000] {processor.py:208} INFO - Processing /home/airflow/.local/lib/python3.12/site-packages/airflow/example_dags/example_task_group_decorator.py took 0.082 seconds
[2025-02-03T10:16:45.417+0000] {processor.py:186} INFO - Started process (PID=529) to work on /home/airflow/.local/lib/python3.12/site-packages/airflow/example_dags/example_task_group_decorator.py
[2025-02-03T10:16:45.418+0000] {processor.py:914} INFO - Processing file /home/airflow/.local/lib/python3.12/site-packages/airflow/example_dags/example_task_group_decorator.py for tasks to queue
[2025-02-03T10:16:45.420+0000] {logging_mixin.py:190} INFO - [2025-02-03T10:16:45.420+0000] {dagbag.py:588} INFO - Filling up the DagBag from /home/airflow/.local/lib/python3.12/site-packages/airflow/example_dags/example_task_group_decorator.py
[2025-02-03T10:16:45.433+0000] {processor.py:925} INFO - DAG(s) 'example_task_group_decorator' retrieved from /home/airflow/.local/lib/python3.12/site-packages/airflow/example_dags/example_task_group_decorator.py
[2025-02-03T10:16:45.452+0000] {logging_mixin.py:190} INFO - [2025-02-03T10:16:45.452+0000] {dag.py:3239} INFO - Sync 1 DAGs
[2025-02-03T10:16:45.463+0000] {logging_mixin.py:190} INFO - [2025-02-03T10:16:45.463+0000] {dag.py:4180} INFO - Setting next_dagrun for example_task_group_decorator to None, run_after=None
[2025-02-03T10:16:45.477+0000] {processor.py:208} INFO - Processing /home/airflow/.local/lib/python3.12/site-packages/airflow/example_dags/example_task_group_decorator.py took 0.066 seconds
[2025-02-03T10:17:17.681+0000] {processor.py:186} INFO - Started process (PID=593) to work on /home/airflow/.local/lib/python3.12/site-packages/airflow/example_dags/example_task_group_decorator.py
[2025-02-03T10:17:17.683+0000] {processor.py:914} INFO - Processing file /home/airflow/.local/lib/python3.12/site-packages/airflow/example_dags/example_task_group_decorator.py for tasks to queue
[2025-02-03T10:17:17.686+0000] {logging_mixin.py:190} INFO - [2025-02-03T10:17:17.685+0000] {dagbag.py:588} INFO - Filling up the DagBag from /home/airflow/.local/lib/python3.12/site-packages/airflow/example_dags/example_task_group_decorator.py
[2025-02-03T10:17:17.707+0000] {processor.py:925} INFO - DAG(s) 'example_task_group_decorator' retrieved from /home/airflow/.local/lib/python3.12/site-packages/airflow/example_dags/example_task_group_decorator.py
[2025-02-03T10:17:17.733+0000] {logging_mixin.py:190} INFO - [2025-02-03T10:17:17.733+0000] {dag.py:3239} INFO - Sync 1 DAGs
[2025-02-03T10:17:17.748+0000] {logging_mixin.py:190} INFO - [2025-02-03T10:17:17.748+0000] {dag.py:4180} INFO - Setting next_dagrun for example_task_group_decorator to None, run_after=None
[2025-02-03T10:17:17.791+0000] {processor.py:208} INFO - Processing /home/airflow/.local/lib/python3.12/site-packages/airflow/example_dags/example_task_group_decorator.py took 0.116 seconds
[2025-02-03T10:17:48.092+0000] {processor.py:186} INFO - Started process (PID=658) to work on /home/airflow/.local/lib/python3.12/site-packages/airflow/example_dags/example_task_group_decorator.py
[2025-02-03T10:17:48.095+0000] {processor.py:914} INFO - Processing file /home/airflow/.local/lib/python3.12/site-packages/airflow/example_dags/example_task_group_decorator.py for tasks to queue
[2025-02-03T10:17:48.102+0000] {logging_mixin.py:190} INFO - [2025-02-03T10:17:48.099+0000] {dagbag.py:588} INFO - Filling up the DagBag from /home/airflow/.local/lib/python3.12/site-packages/airflow/example_dags/example_task_group_decorator.py
[2025-02-03T10:17:48.116+0000] {processor.py:925} INFO - DAG(s) 'example_task_group_decorator' retrieved from /home/airflow/.local/lib/python3.12/site-packages/airflow/example_dags/example_task_group_decorator.py
[2025-02-03T10:17:48.138+0000] {logging_mixin.py:190} INFO - [2025-02-03T10:17:48.137+0000] {dag.py:3239} INFO - Sync 1 DAGs
[2025-02-03T10:17:48.151+0000] {logging_mixin.py:190} INFO - [2025-02-03T10:17:48.150+0000] {dag.py:4180} INFO - Setting next_dagrun for example_task_group_decorator to None, run_after=None
[2025-02-03T10:17:48.170+0000] {processor.py:208} INFO - Processing /home/airflow/.local/lib/python3.12/site-packages/airflow/example_dags/example_task_group_decorator.py took 0.087 seconds
[2025-02-03T10:18:18.423+0000] {processor.py:186} INFO - Started process (PID=723) to work on /home/airflow/.local/lib/python3.12/site-packages/airflow/example_dags/example_task_group_decorator.py
[2025-02-03T10:18:18.424+0000] {processor.py:914} INFO - Processing file /home/airflow/.local/lib/python3.12/site-packages/airflow/example_dags/example_task_group_decorator.py for tasks to queue
[2025-02-03T10:18:18.427+0000] {logging_mixin.py:190} INFO - [2025-02-03T10:18:18.427+0000] {dagbag.py:588} INFO - Filling up the DagBag from /home/airflow/.local/lib/python3.12/site-packages/airflow/example_dags/example_task_group_decorator.py
[2025-02-03T10:18:18.439+0000] {processor.py:925} INFO - DAG(s) 'example_task_group_decorator' retrieved from /home/airflow/.local/lib/python3.12/site-packages/airflow/example_dags/example_task_group_decorator.py
[2025-02-03T10:18:18.464+0000] {logging_mixin.py:190} INFO - [2025-02-03T10:18:18.464+0000] {dag.py:3239} INFO - Sync 1 DAGs
[2025-02-03T10:18:18.479+0000] {logging_mixin.py:190} INFO - [2025-02-03T10:18:18.479+0000] {dag.py:4180} INFO - Setting next_dagrun for example_task_group_decorator to None, run_after=None
[2025-02-03T10:18:18.499+0000] {processor.py:208} INFO - Processing /home/airflow/.local/lib/python3.12/site-packages/airflow/example_dags/example_task_group_decorator.py took 0.081 seconds
[2025-02-03T10:18:49.836+0000] {processor.py:186} INFO - Started process (PID=787) to work on /home/airflow/.local/lib/python3.12/site-packages/airflow/example_dags/example_task_group_decorator.py
[2025-02-03T10:18:49.837+0000] {processor.py:914} INFO - Processing file /home/airflow/.local/lib/python3.12/site-packages/airflow/example_dags/example_task_group_decorator.py for tasks to queue
[2025-02-03T10:18:49.839+0000] {logging_mixin.py:190} INFO - [2025-02-03T10:18:49.839+0000] {dagbag.py:588} INFO - Filling up the DagBag from /home/airflow/.local/lib/python3.12/site-packages/airflow/example_dags/example_task_group_decorator.py
[2025-02-03T10:18:49.855+0000] {processor.py:925} INFO - DAG(s) 'example_task_group_decorator' retrieved from /home/airflow/.local/lib/python3.12/site-packages/airflow/example_dags/example_task_group_decorator.py
[2025-02-03T10:18:49.876+0000] {logging_mixin.py:190} INFO - [2025-02-03T10:18:49.875+0000] {dag.py:3239} INFO - Sync 1 DAGs
[2025-02-03T10:18:49.887+0000] {logging_mixin.py:190} INFO - [2025-02-03T10:18:49.887+0000] {dag.py:4180} INFO - Setting next_dagrun for example_task_group_decorator to None, run_after=None
[2025-02-03T10:18:49.902+0000] {processor.py:208} INFO - Processing /home/airflow/.local/lib/python3.12/site-packages/airflow/example_dags/example_task_group_decorator.py took 0.076 seconds
[2025-02-03T10:19:22.920+0000] {processor.py:186} INFO - Started process (PID=851) to work on /home/airflow/.local/lib/python3.12/site-packages/airflow/example_dags/example_task_group_decorator.py
[2025-02-03T10:19:22.933+0000] {processor.py:914} INFO - Processing file /home/airflow/.local/lib/python3.12/site-packages/airflow/example_dags/example_task_group_decorator.py for tasks to queue
[2025-02-03T10:19:22.936+0000] {logging_mixin.py:190} INFO - [2025-02-03T10:19:22.935+0000] {dagbag.py:588} INFO - Filling up the DagBag from /home/airflow/.local/lib/python3.12/site-packages/airflow/example_dags/example_task_group_decorator.py
[2025-02-03T10:19:22.954+0000] {processor.py:925} INFO - DAG(s) 'example_task_group_decorator' retrieved from /home/airflow/.local/lib/python3.12/site-packages/airflow/example_dags/example_task_group_decorator.py
[2025-02-03T10:19:23.028+0000] {logging_mixin.py:190} INFO - [2025-02-03T10:19:23.028+0000] {dag.py:3239} INFO - Sync 1 DAGs
[2025-02-03T10:19:23.056+0000] {logging_mixin.py:190} INFO - [2025-02-03T10:19:23.055+0000] {dag.py:4180} INFO - Setting next_dagrun for example_task_group_decorator to None, run_after=None
[2025-02-03T10:19:23.083+0000] {processor.py:208} INFO - Processing /home/airflow/.local/lib/python3.12/site-packages/airflow/example_dags/example_task_group_decorator.py took 0.170 seconds
[2025-02-03T10:19:55.790+0000] {processor.py:186} INFO - Started process (PID=915) to work on /home/airflow/.local/lib/python3.12/site-packages/airflow/example_dags/example_task_group_decorator.py
[2025-02-03T10:19:55.791+0000] {processor.py:914} INFO - Processing file /home/airflow/.local/lib/python3.12/site-packages/airflow/example_dags/example_task_group_decorator.py for tasks to queue
[2025-02-03T10:19:55.793+0000] {logging_mixin.py:190} INFO - [2025-02-03T10:19:55.793+0000] {dagbag.py:588} INFO - Filling up the DagBag from /home/airflow/.local/lib/python3.12/site-packages/airflow/example_dags/example_task_group_decorator.py
[2025-02-03T10:19:55.808+0000] {processor.py:925} INFO - DAG(s) 'example_task_group_decorator' retrieved from /home/airflow/.local/lib/python3.12/site-packages/airflow/example_dags/example_task_group_decorator.py
[2025-02-03T10:19:55.830+0000] {logging_mixin.py:190} INFO - [2025-02-03T10:19:55.829+0000] {dag.py:3239} INFO - Sync 1 DAGs
[2025-02-03T10:19:55.841+0000] {logging_mixin.py:190} INFO - [2025-02-03T10:19:55.841+0000] {dag.py:4180} INFO - Setting next_dagrun for example_task_group_decorator to None, run_after=None
[2025-02-03T10:19:55.864+0000] {processor.py:208} INFO - Processing /home/airflow/.local/lib/python3.12/site-packages/airflow/example_dags/example_task_group_decorator.py took 0.079 seconds
