[2025-02-03T09:44:34.831+0000] {processor.py:186} INFO - Started process (PID=72) to work on /home/airflow/.local/lib/python3.12/site-packages/airflow/example_dags/example_nested_branch_dag.py
[2025-02-03T09:44:34.849+0000] {processor.py:914} INFO - Processing file /home/airflow/.local/lib/python3.12/site-packages/airflow/example_dags/example_nested_branch_dag.py for tasks to queue
[2025-02-03T09:44:34.855+0000] {logging_mixin.py:190} INFO - [2025-02-03T09:44:34.854+0000] {dagbag.py:588} INFO - Filling up the DagBag from /home/airflow/.local/lib/python3.12/site-packages/airflow/example_dags/example_nested_branch_dag.py
[2025-02-03T09:44:34.867+0000] {processor.py:925} INFO - DAG(s) 'example_nested_branch_dag' retrieved from /home/airflow/.local/lib/python3.12/site-packages/airflow/example_dags/example_nested_branch_dag.py
[2025-02-03T09:44:34.981+0000] {logging_mixin.py:190} INFO - [2025-02-03T09:44:34.980+0000] {override.py:1911} INFO - Created Permission View: can edit on DAG:example_nested_branch_dag
[2025-02-03T09:44:34.991+0000] {logging_mixin.py:190} INFO - [2025-02-03T09:44:34.990+0000] {override.py:1911} INFO - Created Permission View: can read on DAG:example_nested_branch_dag
[2025-02-03T09:44:34.997+0000] {logging_mixin.py:190} INFO - [2025-02-03T09:44:34.996+0000] {override.py:1911} INFO - Created Permission View: can delete on DAG:example_nested_branch_dag
[2025-02-03T09:44:35.003+0000] {logging_mixin.py:190} INFO - [2025-02-03T09:44:35.003+0000] {override.py:1911} INFO - Created Permission View: can read on DAG Run:example_nested_branch_dag
[2025-02-03T09:44:35.007+0000] {logging_mixin.py:190} INFO - [2025-02-03T09:44:35.007+0000] {override.py:1911} INFO - Created Permission View: can delete on DAG Run:example_nested_branch_dag
[2025-02-03T09:44:35.014+0000] {logging_mixin.py:190} INFO - [2025-02-03T09:44:35.014+0000] {override.py:1911} INFO - Created Permission View: can create on DAG Run:example_nested_branch_dag
[2025-02-03T09:44:35.018+0000] {logging_mixin.py:190} INFO - [2025-02-03T09:44:35.018+0000] {override.py:1911} INFO - Created Permission View: menu access on DAG Run:example_nested_branch_dag
[2025-02-03T09:44:35.019+0000] {logging_mixin.py:190} INFO - [2025-02-03T09:44:35.019+0000] {dag.py:3239} INFO - Sync 1 DAGs
[2025-02-03T09:44:35.029+0000] {logging_mixin.py:190} INFO - [2025-02-03T09:44:35.029+0000] {dag.py:3262} INFO - Creating ORM DAG for example_nested_branch_dag
[2025-02-03T09:44:35.038+0000] {logging_mixin.py:190} INFO - [2025-02-03T09:44:35.036+0000] {dag.py:4180} INFO - Setting next_dagrun for example_nested_branch_dag to 2025-02-02 00:00:00+00:00, run_after=2025-02-03 00:00:00+00:00
[2025-02-03T09:44:35.061+0000] {processor.py:208} INFO - Processing /home/airflow/.local/lib/python3.12/site-packages/airflow/example_dags/example_nested_branch_dag.py took 0.237 seconds
[2025-02-03T09:45:15.255+0000] {processor.py:186} INFO - Started process (PID=134) to work on /home/airflow/.local/lib/python3.12/site-packages/airflow/example_dags/example_nested_branch_dag.py
[2025-02-03T09:45:15.257+0000] {processor.py:914} INFO - Processing file /home/airflow/.local/lib/python3.12/site-packages/airflow/example_dags/example_nested_branch_dag.py for tasks to queue
[2025-02-03T09:45:15.264+0000] {logging_mixin.py:190} INFO - [2025-02-03T09:45:15.263+0000] {dagbag.py:588} INFO - Filling up the DagBag from /home/airflow/.local/lib/python3.12/site-packages/airflow/example_dags/example_nested_branch_dag.py
[2025-02-03T09:45:15.287+0000] {processor.py:925} INFO - DAG(s) 'example_nested_branch_dag' retrieved from /home/airflow/.local/lib/python3.12/site-packages/airflow/example_dags/example_nested_branch_dag.py
[2025-02-03T09:45:15.315+0000] {logging_mixin.py:190} INFO - [2025-02-03T09:45:15.314+0000] {dag.py:3239} INFO - Sync 1 DAGs
[2025-02-03T09:45:15.346+0000] {logging_mixin.py:190} INFO - [2025-02-03T09:45:15.346+0000] {dag.py:4180} INFO - Setting next_dagrun for example_nested_branch_dag to 2025-02-02 00:00:00+00:00, run_after=2025-02-03 00:00:00+00:00
[2025-02-03T09:45:15.380+0000] {processor.py:208} INFO - Processing /home/airflow/.local/lib/python3.12/site-packages/airflow/example_dags/example_nested_branch_dag.py took 0.133 seconds
[2025-02-03T09:45:45.974+0000] {processor.py:186} INFO - Started process (PID=197) to work on /home/airflow/.local/lib/python3.12/site-packages/airflow/example_dags/example_nested_branch_dag.py
[2025-02-03T09:45:45.976+0000] {processor.py:914} INFO - Processing file /home/airflow/.local/lib/python3.12/site-packages/airflow/example_dags/example_nested_branch_dag.py for tasks to queue
[2025-02-03T09:45:45.980+0000] {logging_mixin.py:190} INFO - [2025-02-03T09:45:45.980+0000] {dagbag.py:588} INFO - Filling up the DagBag from /home/airflow/.local/lib/python3.12/site-packages/airflow/example_dags/example_nested_branch_dag.py
[2025-02-03T09:45:45.996+0000] {processor.py:925} INFO - DAG(s) 'example_nested_branch_dag' retrieved from /home/airflow/.local/lib/python3.12/site-packages/airflow/example_dags/example_nested_branch_dag.py
[2025-02-03T09:45:46.018+0000] {logging_mixin.py:190} INFO - [2025-02-03T09:45:46.018+0000] {dag.py:3239} INFO - Sync 1 DAGs
[2025-02-03T09:45:46.041+0000] {logging_mixin.py:190} INFO - [2025-02-03T09:45:46.041+0000] {dag.py:4180} INFO - Setting next_dagrun for example_nested_branch_dag to 2025-02-02 00:00:00+00:00, run_after=2025-02-03 00:00:00+00:00
[2025-02-03T09:45:46.062+0000] {processor.py:208} INFO - Processing /home/airflow/.local/lib/python3.12/site-packages/airflow/example_dags/example_nested_branch_dag.py took 0.095 seconds
[2025-02-03T09:46:19.030+0000] {processor.py:186} INFO - Started process (PID=260) to work on /home/airflow/.local/lib/python3.12/site-packages/airflow/example_dags/example_nested_branch_dag.py
[2025-02-03T09:46:19.031+0000] {processor.py:914} INFO - Processing file /home/airflow/.local/lib/python3.12/site-packages/airflow/example_dags/example_nested_branch_dag.py for tasks to queue
[2025-02-03T09:46:19.033+0000] {logging_mixin.py:190} INFO - [2025-02-03T09:46:19.033+0000] {dagbag.py:588} INFO - Filling up the DagBag from /home/airflow/.local/lib/python3.12/site-packages/airflow/example_dags/example_nested_branch_dag.py
[2025-02-03T09:46:19.044+0000] {processor.py:925} INFO - DAG(s) 'example_nested_branch_dag' retrieved from /home/airflow/.local/lib/python3.12/site-packages/airflow/example_dags/example_nested_branch_dag.py
[2025-02-03T09:46:19.061+0000] {logging_mixin.py:190} INFO - [2025-02-03T09:46:19.061+0000] {dag.py:3239} INFO - Sync 1 DAGs
[2025-02-03T09:46:19.080+0000] {logging_mixin.py:190} INFO - [2025-02-03T09:46:19.079+0000] {dag.py:4180} INFO - Setting next_dagrun for example_nested_branch_dag to 2025-02-02 00:00:00+00:00, run_after=2025-02-03 00:00:00+00:00
[2025-02-03T09:46:19.095+0000] {processor.py:208} INFO - Processing /home/airflow/.local/lib/python3.12/site-packages/airflow/example_dags/example_nested_branch_dag.py took 0.071 seconds
[2025-02-03T09:55:24.573+0000] {processor.py:186} INFO - Started process (PID=73) to work on /home/airflow/.local/lib/python3.12/site-packages/airflow/example_dags/example_nested_branch_dag.py
[2025-02-03T09:55:24.590+0000] {processor.py:914} INFO - Processing file /home/airflow/.local/lib/python3.12/site-packages/airflow/example_dags/example_nested_branch_dag.py for tasks to queue
[2025-02-03T09:55:24.594+0000] {logging_mixin.py:190} INFO - [2025-02-03T09:55:24.594+0000] {dagbag.py:588} INFO - Filling up the DagBag from /home/airflow/.local/lib/python3.12/site-packages/airflow/example_dags/example_nested_branch_dag.py
[2025-02-03T09:55:24.647+0000] {processor.py:925} INFO - DAG(s) 'example_nested_branch_dag' retrieved from /home/airflow/.local/lib/python3.12/site-packages/airflow/example_dags/example_nested_branch_dag.py
[2025-02-03T09:55:24.739+0000] {logging_mixin.py:190} INFO - [2025-02-03T09:55:24.739+0000] {dag.py:3239} INFO - Sync 1 DAGs
[2025-02-03T09:55:24.785+0000] {logging_mixin.py:190} INFO - [2025-02-03T09:55:24.785+0000] {dag.py:4180} INFO - Setting next_dagrun for example_nested_branch_dag to 2025-02-02 00:00:00+00:00, run_after=2025-02-03 00:00:00+00:00
[2025-02-03T09:55:24.839+0000] {processor.py:208} INFO - Processing /home/airflow/.local/lib/python3.12/site-packages/airflow/example_dags/example_nested_branch_dag.py took 0.271 seconds
[2025-02-03T09:55:55.621+0000] {processor.py:186} INFO - Started process (PID=137) to work on /home/airflow/.local/lib/python3.12/site-packages/airflow/example_dags/example_nested_branch_dag.py
[2025-02-03T09:55:55.622+0000] {processor.py:914} INFO - Processing file /home/airflow/.local/lib/python3.12/site-packages/airflow/example_dags/example_nested_branch_dag.py for tasks to queue
[2025-02-03T09:55:55.625+0000] {logging_mixin.py:190} INFO - [2025-02-03T09:55:55.625+0000] {dagbag.py:588} INFO - Filling up the DagBag from /home/airflow/.local/lib/python3.12/site-packages/airflow/example_dags/example_nested_branch_dag.py
[2025-02-03T09:55:55.636+0000] {processor.py:925} INFO - DAG(s) 'example_nested_branch_dag' retrieved from /home/airflow/.local/lib/python3.12/site-packages/airflow/example_dags/example_nested_branch_dag.py
[2025-02-03T09:55:55.675+0000] {logging_mixin.py:190} INFO - [2025-02-03T09:55:55.675+0000] {dag.py:3239} INFO - Sync 1 DAGs
[2025-02-03T09:55:55.700+0000] {logging_mixin.py:190} INFO - [2025-02-03T09:55:55.699+0000] {dag.py:4180} INFO - Setting next_dagrun for example_nested_branch_dag to 2025-02-02 00:00:00+00:00, run_after=2025-02-03 00:00:00+00:00
[2025-02-03T09:55:55.719+0000] {processor.py:208} INFO - Processing /home/airflow/.local/lib/python3.12/site-packages/airflow/example_dags/example_nested_branch_dag.py took 0.104 seconds
[2025-02-03T09:56:25.946+0000] {processor.py:186} INFO - Started process (PID=201) to work on /home/airflow/.local/lib/python3.12/site-packages/airflow/example_dags/example_nested_branch_dag.py
[2025-02-03T09:56:25.947+0000] {processor.py:914} INFO - Processing file /home/airflow/.local/lib/python3.12/site-packages/airflow/example_dags/example_nested_branch_dag.py for tasks to queue
[2025-02-03T09:56:25.949+0000] {logging_mixin.py:190} INFO - [2025-02-03T09:56:25.949+0000] {dagbag.py:588} INFO - Filling up the DagBag from /home/airflow/.local/lib/python3.12/site-packages/airflow/example_dags/example_nested_branch_dag.py
[2025-02-03T09:56:25.959+0000] {processor.py:925} INFO - DAG(s) 'example_nested_branch_dag' retrieved from /home/airflow/.local/lib/python3.12/site-packages/airflow/example_dags/example_nested_branch_dag.py
[2025-02-03T09:56:25.981+0000] {logging_mixin.py:190} INFO - [2025-02-03T09:56:25.981+0000] {dag.py:3239} INFO - Sync 1 DAGs
[2025-02-03T09:56:26.005+0000] {logging_mixin.py:190} INFO - [2025-02-03T09:56:26.005+0000] {dag.py:4180} INFO - Setting next_dagrun for example_nested_branch_dag to 2025-02-02 00:00:00+00:00, run_after=2025-02-03 00:00:00+00:00
[2025-02-03T09:56:26.024+0000] {processor.py:208} INFO - Processing /home/airflow/.local/lib/python3.12/site-packages/airflow/example_dags/example_nested_branch_dag.py took 0.083 seconds
[2025-02-03T09:56:56.512+0000] {processor.py:186} INFO - Started process (PID=265) to work on /home/airflow/.local/lib/python3.12/site-packages/airflow/example_dags/example_nested_branch_dag.py
[2025-02-03T09:56:56.513+0000] {processor.py:914} INFO - Processing file /home/airflow/.local/lib/python3.12/site-packages/airflow/example_dags/example_nested_branch_dag.py for tasks to queue
[2025-02-03T09:56:56.515+0000] {logging_mixin.py:190} INFO - [2025-02-03T09:56:56.515+0000] {dagbag.py:588} INFO - Filling up the DagBag from /home/airflow/.local/lib/python3.12/site-packages/airflow/example_dags/example_nested_branch_dag.py
[2025-02-03T09:56:56.524+0000] {processor.py:925} INFO - DAG(s) 'example_nested_branch_dag' retrieved from /home/airflow/.local/lib/python3.12/site-packages/airflow/example_dags/example_nested_branch_dag.py
[2025-02-03T09:56:56.543+0000] {logging_mixin.py:190} INFO - [2025-02-03T09:56:56.543+0000] {dag.py:3239} INFO - Sync 1 DAGs
[2025-02-03T09:56:56.577+0000] {logging_mixin.py:190} INFO - [2025-02-03T09:56:56.576+0000] {dag.py:4180} INFO - Setting next_dagrun for example_nested_branch_dag to 2025-02-02 00:00:00+00:00, run_after=2025-02-03 00:00:00+00:00
[2025-02-03T09:56:56.591+0000] {processor.py:208} INFO - Processing /home/airflow/.local/lib/python3.12/site-packages/airflow/example_dags/example_nested_branch_dag.py took 0.084 seconds
[2025-02-03T09:57:33.493+0000] {processor.py:186} INFO - Started process (PID=329) to work on /home/airflow/.local/lib/python3.12/site-packages/airflow/example_dags/example_nested_branch_dag.py
[2025-02-03T09:57:33.495+0000] {processor.py:914} INFO - Processing file /home/airflow/.local/lib/python3.12/site-packages/airflow/example_dags/example_nested_branch_dag.py for tasks to queue
[2025-02-03T09:57:33.498+0000] {logging_mixin.py:190} INFO - [2025-02-03T09:57:33.497+0000] {dagbag.py:588} INFO - Filling up the DagBag from /home/airflow/.local/lib/python3.12/site-packages/airflow/example_dags/example_nested_branch_dag.py
[2025-02-03T09:57:33.510+0000] {processor.py:925} INFO - DAG(s) 'example_nested_branch_dag' retrieved from /home/airflow/.local/lib/python3.12/site-packages/airflow/example_dags/example_nested_branch_dag.py
[2025-02-03T09:57:33.527+0000] {logging_mixin.py:190} INFO - [2025-02-03T09:57:33.527+0000] {dag.py:3239} INFO - Sync 1 DAGs
[2025-02-03T09:57:33.545+0000] {logging_mixin.py:190} INFO - [2025-02-03T09:57:33.545+0000] {dag.py:4180} INFO - Setting next_dagrun for example_nested_branch_dag to 2025-02-02 00:00:00+00:00, run_after=2025-02-03 00:00:00+00:00
[2025-02-03T09:57:33.562+0000] {processor.py:208} INFO - Processing /home/airflow/.local/lib/python3.12/site-packages/airflow/example_dags/example_nested_branch_dag.py took 0.075 seconds
[2025-02-03T09:58:07.081+0000] {processor.py:186} INFO - Started process (PID=399) to work on /home/airflow/.local/lib/python3.12/site-packages/airflow/example_dags/example_nested_branch_dag.py
[2025-02-03T09:58:07.089+0000] {processor.py:914} INFO - Processing file /home/airflow/.local/lib/python3.12/site-packages/airflow/example_dags/example_nested_branch_dag.py for tasks to queue
[2025-02-03T09:58:07.092+0000] {logging_mixin.py:190} INFO - [2025-02-03T09:58:07.091+0000] {dagbag.py:588} INFO - Filling up the DagBag from /home/airflow/.local/lib/python3.12/site-packages/airflow/example_dags/example_nested_branch_dag.py
[2025-02-03T09:58:07.109+0000] {processor.py:925} INFO - DAG(s) 'example_nested_branch_dag' retrieved from /home/airflow/.local/lib/python3.12/site-packages/airflow/example_dags/example_nested_branch_dag.py
[2025-02-03T09:58:07.137+0000] {logging_mixin.py:190} INFO - [2025-02-03T09:58:07.137+0000] {dag.py:3239} INFO - Sync 1 DAGs
[2025-02-03T09:58:07.179+0000] {logging_mixin.py:190} INFO - [2025-02-03T09:58:07.179+0000] {dag.py:4180} INFO - Setting next_dagrun for example_nested_branch_dag to 2025-02-02 00:00:00+00:00, run_after=2025-02-03 00:00:00+00:00
[2025-02-03T09:58:07.215+0000] {processor.py:208} INFO - Processing /home/airflow/.local/lib/python3.12/site-packages/airflow/example_dags/example_nested_branch_dag.py took 0.142 seconds
[2025-02-03T09:58:38.208+0000] {processor.py:186} INFO - Started process (PID=464) to work on /home/airflow/.local/lib/python3.12/site-packages/airflow/example_dags/example_nested_branch_dag.py
[2025-02-03T09:58:38.211+0000] {processor.py:914} INFO - Processing file /home/airflow/.local/lib/python3.12/site-packages/airflow/example_dags/example_nested_branch_dag.py for tasks to queue
[2025-02-03T09:58:38.224+0000] {logging_mixin.py:190} INFO - [2025-02-03T09:58:38.224+0000] {dagbag.py:588} INFO - Filling up the DagBag from /home/airflow/.local/lib/python3.12/site-packages/airflow/example_dags/example_nested_branch_dag.py
[2025-02-03T09:58:38.247+0000] {processor.py:925} INFO - DAG(s) 'example_nested_branch_dag' retrieved from /home/airflow/.local/lib/python3.12/site-packages/airflow/example_dags/example_nested_branch_dag.py
[2025-02-03T09:58:38.279+0000] {logging_mixin.py:190} INFO - [2025-02-03T09:58:38.279+0000] {dag.py:3239} INFO - Sync 1 DAGs
[2025-02-03T09:58:38.300+0000] {logging_mixin.py:190} INFO - [2025-02-03T09:58:38.299+0000] {dag.py:4180} INFO - Setting next_dagrun for example_nested_branch_dag to 2025-02-02 00:00:00+00:00, run_after=2025-02-03 00:00:00+00:00
[2025-02-03T09:58:38.315+0000] {processor.py:208} INFO - Processing /home/airflow/.local/lib/python3.12/site-packages/airflow/example_dags/example_nested_branch_dag.py took 0.126 seconds
[2025-02-03T09:59:09.170+0000] {processor.py:186} INFO - Started process (PID=522) to work on /home/airflow/.local/lib/python3.12/site-packages/airflow/example_dags/example_nested_branch_dag.py
[2025-02-03T09:59:09.172+0000] {processor.py:914} INFO - Processing file /home/airflow/.local/lib/python3.12/site-packages/airflow/example_dags/example_nested_branch_dag.py for tasks to queue
[2025-02-03T09:59:09.174+0000] {logging_mixin.py:190} INFO - [2025-02-03T09:59:09.174+0000] {dagbag.py:588} INFO - Filling up the DagBag from /home/airflow/.local/lib/python3.12/site-packages/airflow/example_dags/example_nested_branch_dag.py
[2025-02-03T09:59:09.185+0000] {processor.py:925} INFO - DAG(s) 'example_nested_branch_dag' retrieved from /home/airflow/.local/lib/python3.12/site-packages/airflow/example_dags/example_nested_branch_dag.py
[2025-02-03T09:59:09.203+0000] {logging_mixin.py:190} INFO - [2025-02-03T09:59:09.203+0000] {dag.py:3239} INFO - Sync 1 DAGs
[2025-02-03T09:59:09.223+0000] {logging_mixin.py:190} INFO - [2025-02-03T09:59:09.223+0000] {dag.py:4180} INFO - Setting next_dagrun for example_nested_branch_dag to 2025-02-02 00:00:00+00:00, run_after=2025-02-03 00:00:00+00:00
[2025-02-03T09:59:09.236+0000] {processor.py:208} INFO - Processing /home/airflow/.local/lib/python3.12/site-packages/airflow/example_dags/example_nested_branch_dag.py took 0.071 seconds
[2025-02-03T09:59:39.785+0000] {processor.py:186} INFO - Started process (PID=585) to work on /home/airflow/.local/lib/python3.12/site-packages/airflow/example_dags/example_nested_branch_dag.py
[2025-02-03T09:59:39.786+0000] {processor.py:914} INFO - Processing file /home/airflow/.local/lib/python3.12/site-packages/airflow/example_dags/example_nested_branch_dag.py for tasks to queue
[2025-02-03T09:59:39.789+0000] {logging_mixin.py:190} INFO - [2025-02-03T09:59:39.788+0000] {dagbag.py:588} INFO - Filling up the DagBag from /home/airflow/.local/lib/python3.12/site-packages/airflow/example_dags/example_nested_branch_dag.py
[2025-02-03T09:59:39.798+0000] {processor.py:925} INFO - DAG(s) 'example_nested_branch_dag' retrieved from /home/airflow/.local/lib/python3.12/site-packages/airflow/example_dags/example_nested_branch_dag.py
[2025-02-03T09:59:39.813+0000] {logging_mixin.py:190} INFO - [2025-02-03T09:59:39.813+0000] {dag.py:3239} INFO - Sync 1 DAGs
[2025-02-03T09:59:39.840+0000] {logging_mixin.py:190} INFO - [2025-02-03T09:59:39.840+0000] {dag.py:4180} INFO - Setting next_dagrun for example_nested_branch_dag to 2025-02-02 00:00:00+00:00, run_after=2025-02-03 00:00:00+00:00
[2025-02-03T09:59:39.860+0000] {processor.py:208} INFO - Processing /home/airflow/.local/lib/python3.12/site-packages/airflow/example_dags/example_nested_branch_dag.py took 0.080 seconds
[2025-02-03T10:00:11.527+0000] {processor.py:186} INFO - Started process (PID=649) to work on /home/airflow/.local/lib/python3.12/site-packages/airflow/example_dags/example_nested_branch_dag.py
[2025-02-03T10:00:11.529+0000] {processor.py:914} INFO - Processing file /home/airflow/.local/lib/python3.12/site-packages/airflow/example_dags/example_nested_branch_dag.py for tasks to queue
[2025-02-03T10:00:11.536+0000] {logging_mixin.py:190} INFO - [2025-02-03T10:00:11.536+0000] {dagbag.py:588} INFO - Filling up the DagBag from /home/airflow/.local/lib/python3.12/site-packages/airflow/example_dags/example_nested_branch_dag.py
[2025-02-03T10:00:11.555+0000] {processor.py:925} INFO - DAG(s) 'example_nested_branch_dag' retrieved from /home/airflow/.local/lib/python3.12/site-packages/airflow/example_dags/example_nested_branch_dag.py
[2025-02-03T10:00:11.589+0000] {logging_mixin.py:190} INFO - [2025-02-03T10:00:11.589+0000] {dag.py:3239} INFO - Sync 1 DAGs
[2025-02-03T10:00:11.659+0000] {logging_mixin.py:190} INFO - [2025-02-03T10:00:11.659+0000] {dag.py:4180} INFO - Setting next_dagrun for example_nested_branch_dag to 2025-02-02 00:00:00+00:00, run_after=2025-02-03 00:00:00+00:00
[2025-02-03T10:00:11.714+0000] {processor.py:208} INFO - Processing /home/airflow/.local/lib/python3.12/site-packages/airflow/example_dags/example_nested_branch_dag.py took 0.192 seconds
[2025-02-03T10:00:42.237+0000] {processor.py:186} INFO - Started process (PID=713) to work on /home/airflow/.local/lib/python3.12/site-packages/airflow/example_dags/example_nested_branch_dag.py
[2025-02-03T10:00:42.239+0000] {processor.py:914} INFO - Processing file /home/airflow/.local/lib/python3.12/site-packages/airflow/example_dags/example_nested_branch_dag.py for tasks to queue
[2025-02-03T10:00:42.240+0000] {logging_mixin.py:190} INFO - [2025-02-03T10:00:42.240+0000] {dagbag.py:588} INFO - Filling up the DagBag from /home/airflow/.local/lib/python3.12/site-packages/airflow/example_dags/example_nested_branch_dag.py
[2025-02-03T10:00:42.250+0000] {processor.py:925} INFO - DAG(s) 'example_nested_branch_dag' retrieved from /home/airflow/.local/lib/python3.12/site-packages/airflow/example_dags/example_nested_branch_dag.py
[2025-02-03T10:00:42.274+0000] {logging_mixin.py:190} INFO - [2025-02-03T10:00:42.274+0000] {dag.py:3239} INFO - Sync 1 DAGs
[2025-02-03T10:00:42.300+0000] {logging_mixin.py:190} INFO - [2025-02-03T10:00:42.299+0000] {dag.py:4180} INFO - Setting next_dagrun for example_nested_branch_dag to 2025-02-02 00:00:00+00:00, run_after=2025-02-03 00:00:00+00:00
[2025-02-03T10:00:42.322+0000] {processor.py:208} INFO - Processing /home/airflow/.local/lib/python3.12/site-packages/airflow/example_dags/example_nested_branch_dag.py took 0.090 seconds
[2025-02-03T10:01:14.136+0000] {processor.py:186} INFO - Started process (PID=777) to work on /home/airflow/.local/lib/python3.12/site-packages/airflow/example_dags/example_nested_branch_dag.py
[2025-02-03T10:01:14.138+0000] {processor.py:914} INFO - Processing file /home/airflow/.local/lib/python3.12/site-packages/airflow/example_dags/example_nested_branch_dag.py for tasks to queue
[2025-02-03T10:01:14.140+0000] {logging_mixin.py:190} INFO - [2025-02-03T10:01:14.140+0000] {dagbag.py:588} INFO - Filling up the DagBag from /home/airflow/.local/lib/python3.12/site-packages/airflow/example_dags/example_nested_branch_dag.py
[2025-02-03T10:01:14.151+0000] {processor.py:925} INFO - DAG(s) 'example_nested_branch_dag' retrieved from /home/airflow/.local/lib/python3.12/site-packages/airflow/example_dags/example_nested_branch_dag.py
[2025-02-03T10:01:14.170+0000] {logging_mixin.py:190} INFO - [2025-02-03T10:01:14.170+0000] {dag.py:3239} INFO - Sync 1 DAGs
[2025-02-03T10:01:14.189+0000] {logging_mixin.py:190} INFO - [2025-02-03T10:01:14.189+0000] {dag.py:4180} INFO - Setting next_dagrun for example_nested_branch_dag to 2025-02-02 00:00:00+00:00, run_after=2025-02-03 00:00:00+00:00
[2025-02-03T10:01:14.208+0000] {processor.py:208} INFO - Processing /home/airflow/.local/lib/python3.12/site-packages/airflow/example_dags/example_nested_branch_dag.py took 0.077 seconds
[2025-02-03T10:01:46.444+0000] {processor.py:186} INFO - Started process (PID=843) to work on /home/airflow/.local/lib/python3.12/site-packages/airflow/example_dags/example_nested_branch_dag.py
[2025-02-03T10:01:46.445+0000] {processor.py:914} INFO - Processing file /home/airflow/.local/lib/python3.12/site-packages/airflow/example_dags/example_nested_branch_dag.py for tasks to queue
[2025-02-03T10:01:46.447+0000] {logging_mixin.py:190} INFO - [2025-02-03T10:01:46.447+0000] {dagbag.py:588} INFO - Filling up the DagBag from /home/airflow/.local/lib/python3.12/site-packages/airflow/example_dags/example_nested_branch_dag.py
[2025-02-03T10:01:46.462+0000] {processor.py:925} INFO - DAG(s) 'example_nested_branch_dag' retrieved from /home/airflow/.local/lib/python3.12/site-packages/airflow/example_dags/example_nested_branch_dag.py
[2025-02-03T10:01:46.481+0000] {logging_mixin.py:190} INFO - [2025-02-03T10:01:46.480+0000] {dag.py:3239} INFO - Sync 1 DAGs
[2025-02-03T10:01:46.506+0000] {logging_mixin.py:190} INFO - [2025-02-03T10:01:46.506+0000] {dag.py:4180} INFO - Setting next_dagrun for example_nested_branch_dag to 2025-02-02 00:00:00+00:00, run_after=2025-02-03 00:00:00+00:00
[2025-02-03T10:01:46.533+0000] {processor.py:208} INFO - Processing /home/airflow/.local/lib/python3.12/site-packages/airflow/example_dags/example_nested_branch_dag.py took 0.094 seconds
[2025-02-03T10:02:19.259+0000] {processor.py:186} INFO - Started process (PID=918) to work on /home/airflow/.local/lib/python3.12/site-packages/airflow/example_dags/example_nested_branch_dag.py
[2025-02-03T10:02:19.260+0000] {processor.py:914} INFO - Processing file /home/airflow/.local/lib/python3.12/site-packages/airflow/example_dags/example_nested_branch_dag.py for tasks to queue
[2025-02-03T10:02:19.262+0000] {logging_mixin.py:190} INFO - [2025-02-03T10:02:19.262+0000] {dagbag.py:588} INFO - Filling up the DagBag from /home/airflow/.local/lib/python3.12/site-packages/airflow/example_dags/example_nested_branch_dag.py
[2025-02-03T10:02:19.272+0000] {processor.py:925} INFO - DAG(s) 'example_nested_branch_dag' retrieved from /home/airflow/.local/lib/python3.12/site-packages/airflow/example_dags/example_nested_branch_dag.py
[2025-02-03T10:02:19.293+0000] {logging_mixin.py:190} INFO - [2025-02-03T10:02:19.292+0000] {dag.py:3239} INFO - Sync 1 DAGs
[2025-02-03T10:02:19.313+0000] {logging_mixin.py:190} INFO - [2025-02-03T10:02:19.313+0000] {dag.py:4180} INFO - Setting next_dagrun for example_nested_branch_dag to 2025-02-02 00:00:00+00:00, run_after=2025-02-03 00:00:00+00:00
[2025-02-03T10:02:19.330+0000] {processor.py:208} INFO - Processing /home/airflow/.local/lib/python3.12/site-packages/airflow/example_dags/example_nested_branch_dag.py took 0.077 seconds
[2025-02-03T10:02:51.650+0000] {processor.py:186} INFO - Started process (PID=982) to work on /home/airflow/.local/lib/python3.12/site-packages/airflow/example_dags/example_nested_branch_dag.py
[2025-02-03T10:02:51.652+0000] {processor.py:914} INFO - Processing file /home/airflow/.local/lib/python3.12/site-packages/airflow/example_dags/example_nested_branch_dag.py for tasks to queue
[2025-02-03T10:02:51.657+0000] {logging_mixin.py:190} INFO - [2025-02-03T10:02:51.657+0000] {dagbag.py:588} INFO - Filling up the DagBag from /home/airflow/.local/lib/python3.12/site-packages/airflow/example_dags/example_nested_branch_dag.py
[2025-02-03T10:02:51.668+0000] {processor.py:925} INFO - DAG(s) 'example_nested_branch_dag' retrieved from /home/airflow/.local/lib/python3.12/site-packages/airflow/example_dags/example_nested_branch_dag.py
[2025-02-03T10:02:51.685+0000] {logging_mixin.py:190} INFO - [2025-02-03T10:02:51.685+0000] {dag.py:3239} INFO - Sync 1 DAGs
[2025-02-03T10:02:51.704+0000] {logging_mixin.py:190} INFO - [2025-02-03T10:02:51.704+0000] {dag.py:4180} INFO - Setting next_dagrun for example_nested_branch_dag to 2025-02-02 00:00:00+00:00, run_after=2025-02-03 00:00:00+00:00
[2025-02-03T10:02:51.725+0000] {processor.py:208} INFO - Processing /home/airflow/.local/lib/python3.12/site-packages/airflow/example_dags/example_nested_branch_dag.py took 0.086 seconds
[2025-02-03T10:03:22.599+0000] {processor.py:186} INFO - Started process (PID=1046) to work on /home/airflow/.local/lib/python3.12/site-packages/airflow/example_dags/example_nested_branch_dag.py
[2025-02-03T10:03:22.600+0000] {processor.py:914} INFO - Processing file /home/airflow/.local/lib/python3.12/site-packages/airflow/example_dags/example_nested_branch_dag.py for tasks to queue
[2025-02-03T10:03:22.603+0000] {logging_mixin.py:190} INFO - [2025-02-03T10:03:22.603+0000] {dagbag.py:588} INFO - Filling up the DagBag from /home/airflow/.local/lib/python3.12/site-packages/airflow/example_dags/example_nested_branch_dag.py
[2025-02-03T10:03:22.614+0000] {processor.py:925} INFO - DAG(s) 'example_nested_branch_dag' retrieved from /home/airflow/.local/lib/python3.12/site-packages/airflow/example_dags/example_nested_branch_dag.py
[2025-02-03T10:03:22.636+0000] {logging_mixin.py:190} INFO - [2025-02-03T10:03:22.636+0000] {dag.py:3239} INFO - Sync 1 DAGs
[2025-02-03T10:03:22.660+0000] {logging_mixin.py:190} INFO - [2025-02-03T10:03:22.659+0000] {dag.py:4180} INFO - Setting next_dagrun for example_nested_branch_dag to 2025-02-02 00:00:00+00:00, run_after=2025-02-03 00:00:00+00:00
[2025-02-03T10:03:22.674+0000] {processor.py:208} INFO - Processing /home/airflow/.local/lib/python3.12/site-packages/airflow/example_dags/example_nested_branch_dag.py took 0.081 seconds
[2025-02-03T10:03:53.351+0000] {processor.py:186} INFO - Started process (PID=1110) to work on /home/airflow/.local/lib/python3.12/site-packages/airflow/example_dags/example_nested_branch_dag.py
[2025-02-03T10:03:53.354+0000] {processor.py:914} INFO - Processing file /home/airflow/.local/lib/python3.12/site-packages/airflow/example_dags/example_nested_branch_dag.py for tasks to queue
[2025-02-03T10:03:53.359+0000] {logging_mixin.py:190} INFO - [2025-02-03T10:03:53.359+0000] {dagbag.py:588} INFO - Filling up the DagBag from /home/airflow/.local/lib/python3.12/site-packages/airflow/example_dags/example_nested_branch_dag.py
[2025-02-03T10:03:53.377+0000] {processor.py:925} INFO - DAG(s) 'example_nested_branch_dag' retrieved from /home/airflow/.local/lib/python3.12/site-packages/airflow/example_dags/example_nested_branch_dag.py
[2025-02-03T10:03:53.430+0000] {logging_mixin.py:190} INFO - [2025-02-03T10:03:53.429+0000] {dag.py:3239} INFO - Sync 1 DAGs
[2025-02-03T10:03:53.476+0000] {logging_mixin.py:190} INFO - [2025-02-03T10:03:53.475+0000] {dag.py:4180} INFO - Setting next_dagrun for example_nested_branch_dag to 2025-02-02 00:00:00+00:00, run_after=2025-02-03 00:00:00+00:00
[2025-02-03T10:03:53.536+0000] {processor.py:208} INFO - Processing /home/airflow/.local/lib/python3.12/site-packages/airflow/example_dags/example_nested_branch_dag.py took 0.190 seconds
[2025-02-03T10:04:24.301+0000] {processor.py:186} INFO - Started process (PID=1174) to work on /home/airflow/.local/lib/python3.12/site-packages/airflow/example_dags/example_nested_branch_dag.py
[2025-02-03T10:04:24.310+0000] {processor.py:914} INFO - Processing file /home/airflow/.local/lib/python3.12/site-packages/airflow/example_dags/example_nested_branch_dag.py for tasks to queue
[2025-02-03T10:04:24.331+0000] {logging_mixin.py:190} INFO - [2025-02-03T10:04:24.330+0000] {dagbag.py:588} INFO - Filling up the DagBag from /home/airflow/.local/lib/python3.12/site-packages/airflow/example_dags/example_nested_branch_dag.py
[2025-02-03T10:04:24.357+0000] {processor.py:925} INFO - DAG(s) 'example_nested_branch_dag' retrieved from /home/airflow/.local/lib/python3.12/site-packages/airflow/example_dags/example_nested_branch_dag.py
[2025-02-03T10:04:24.452+0000] {logging_mixin.py:190} INFO - [2025-02-03T10:04:24.452+0000] {dag.py:3239} INFO - Sync 1 DAGs
[2025-02-03T10:04:24.541+0000] {logging_mixin.py:190} INFO - [2025-02-03T10:04:24.541+0000] {dag.py:4180} INFO - Setting next_dagrun for example_nested_branch_dag to 2025-02-02 00:00:00+00:00, run_after=2025-02-03 00:00:00+00:00
[2025-02-03T10:04:24.580+0000] {processor.py:208} INFO - Processing /home/airflow/.local/lib/python3.12/site-packages/airflow/example_dags/example_nested_branch_dag.py took 0.296 seconds
[2025-02-03T10:04:55.370+0000] {processor.py:186} INFO - Started process (PID=1232) to work on /home/airflow/.local/lib/python3.12/site-packages/airflow/example_dags/example_nested_branch_dag.py
[2025-02-03T10:04:55.372+0000] {processor.py:914} INFO - Processing file /home/airflow/.local/lib/python3.12/site-packages/airflow/example_dags/example_nested_branch_dag.py for tasks to queue
[2025-02-03T10:04:55.375+0000] {logging_mixin.py:190} INFO - [2025-02-03T10:04:55.375+0000] {dagbag.py:588} INFO - Filling up the DagBag from /home/airflow/.local/lib/python3.12/site-packages/airflow/example_dags/example_nested_branch_dag.py
[2025-02-03T10:04:55.388+0000] {processor.py:925} INFO - DAG(s) 'example_nested_branch_dag' retrieved from /home/airflow/.local/lib/python3.12/site-packages/airflow/example_dags/example_nested_branch_dag.py
[2025-02-03T10:04:55.415+0000] {logging_mixin.py:190} INFO - [2025-02-03T10:04:55.414+0000] {dag.py:3239} INFO - Sync 1 DAGs
[2025-02-03T10:04:55.446+0000] {logging_mixin.py:190} INFO - [2025-02-03T10:04:55.446+0000] {dag.py:4180} INFO - Setting next_dagrun for example_nested_branch_dag to 2025-02-02 00:00:00+00:00, run_after=2025-02-03 00:00:00+00:00
[2025-02-03T10:04:55.473+0000] {processor.py:208} INFO - Processing /home/airflow/.local/lib/python3.12/site-packages/airflow/example_dags/example_nested_branch_dag.py took 0.110 seconds
[2025-02-03T10:05:25.859+0000] {processor.py:186} INFO - Started process (PID=1295) to work on /home/airflow/.local/lib/python3.12/site-packages/airflow/example_dags/example_nested_branch_dag.py
[2025-02-03T10:05:25.861+0000] {processor.py:914} INFO - Processing file /home/airflow/.local/lib/python3.12/site-packages/airflow/example_dags/example_nested_branch_dag.py for tasks to queue
[2025-02-03T10:05:25.864+0000] {logging_mixin.py:190} INFO - [2025-02-03T10:05:25.863+0000] {dagbag.py:588} INFO - Filling up the DagBag from /home/airflow/.local/lib/python3.12/site-packages/airflow/example_dags/example_nested_branch_dag.py
[2025-02-03T10:05:25.873+0000] {processor.py:925} INFO - DAG(s) 'example_nested_branch_dag' retrieved from /home/airflow/.local/lib/python3.12/site-packages/airflow/example_dags/example_nested_branch_dag.py
[2025-02-03T10:05:25.894+0000] {logging_mixin.py:190} INFO - [2025-02-03T10:05:25.893+0000] {dag.py:3239} INFO - Sync 1 DAGs
[2025-02-03T10:05:25.916+0000] {logging_mixin.py:190} INFO - [2025-02-03T10:05:25.915+0000] {dag.py:4180} INFO - Setting next_dagrun for example_nested_branch_dag to 2025-02-02 00:00:00+00:00, run_after=2025-02-03 00:00:00+00:00
[2025-02-03T10:05:25.936+0000] {processor.py:208} INFO - Processing /home/airflow/.local/lib/python3.12/site-packages/airflow/example_dags/example_nested_branch_dag.py took 0.084 seconds
[2025-02-03T10:05:56.513+0000] {processor.py:186} INFO - Started process (PID=1359) to work on /home/airflow/.local/lib/python3.12/site-packages/airflow/example_dags/example_nested_branch_dag.py
[2025-02-03T10:05:56.514+0000] {processor.py:914} INFO - Processing file /home/airflow/.local/lib/python3.12/site-packages/airflow/example_dags/example_nested_branch_dag.py for tasks to queue
[2025-02-03T10:05:56.516+0000] {logging_mixin.py:190} INFO - [2025-02-03T10:05:56.516+0000] {dagbag.py:588} INFO - Filling up the DagBag from /home/airflow/.local/lib/python3.12/site-packages/airflow/example_dags/example_nested_branch_dag.py
[2025-02-03T10:05:56.525+0000] {processor.py:925} INFO - DAG(s) 'example_nested_branch_dag' retrieved from /home/airflow/.local/lib/python3.12/site-packages/airflow/example_dags/example_nested_branch_dag.py
[2025-02-03T10:05:56.543+0000] {logging_mixin.py:190} INFO - [2025-02-03T10:05:56.542+0000] {dag.py:3239} INFO - Sync 1 DAGs
[2025-02-03T10:05:56.564+0000] {logging_mixin.py:190} INFO - [2025-02-03T10:05:56.564+0000] {dag.py:4180} INFO - Setting next_dagrun for example_nested_branch_dag to 2025-02-02 00:00:00+00:00, run_after=2025-02-03 00:00:00+00:00
[2025-02-03T10:05:56.582+0000] {processor.py:208} INFO - Processing /home/airflow/.local/lib/python3.12/site-packages/airflow/example_dags/example_nested_branch_dag.py took 0.074 seconds
[2025-02-03T10:06:28.449+0000] {processor.py:186} INFO - Started process (PID=1424) to work on /home/airflow/.local/lib/python3.12/site-packages/airflow/example_dags/example_nested_branch_dag.py
[2025-02-03T10:06:28.450+0000] {processor.py:914} INFO - Processing file /home/airflow/.local/lib/python3.12/site-packages/airflow/example_dags/example_nested_branch_dag.py for tasks to queue
[2025-02-03T10:06:28.452+0000] {logging_mixin.py:190} INFO - [2025-02-03T10:06:28.452+0000] {dagbag.py:588} INFO - Filling up the DagBag from /home/airflow/.local/lib/python3.12/site-packages/airflow/example_dags/example_nested_branch_dag.py
[2025-02-03T10:06:28.463+0000] {processor.py:925} INFO - DAG(s) 'example_nested_branch_dag' retrieved from /home/airflow/.local/lib/python3.12/site-packages/airflow/example_dags/example_nested_branch_dag.py
[2025-02-03T10:06:28.489+0000] {logging_mixin.py:190} INFO - [2025-02-03T10:06:28.488+0000] {dag.py:3239} INFO - Sync 1 DAGs
[2025-02-03T10:06:28.509+0000] {logging_mixin.py:190} INFO - [2025-02-03T10:06:28.509+0000] {dag.py:4180} INFO - Setting next_dagrun for example_nested_branch_dag to 2025-02-02 00:00:00+00:00, run_after=2025-02-03 00:00:00+00:00
[2025-02-03T10:06:28.524+0000] {processor.py:208} INFO - Processing /home/airflow/.local/lib/python3.12/site-packages/airflow/example_dags/example_nested_branch_dag.py took 0.082 seconds
[2025-02-03T10:13:07.869+0000] {processor.py:186} INFO - Started process (PID=81) to work on /home/airflow/.local/lib/python3.12/site-packages/airflow/example_dags/example_nested_branch_dag.py
[2025-02-03T10:13:07.874+0000] {processor.py:914} INFO - Processing file /home/airflow/.local/lib/python3.12/site-packages/airflow/example_dags/example_nested_branch_dag.py for tasks to queue
[2025-02-03T10:13:07.890+0000] {logging_mixin.py:190} INFO - [2025-02-03T10:13:07.890+0000] {dagbag.py:588} INFO - Filling up the DagBag from /home/airflow/.local/lib/python3.12/site-packages/airflow/example_dags/example_nested_branch_dag.py
[2025-02-03T10:13:07.922+0000] {processor.py:925} INFO - DAG(s) 'example_nested_branch_dag' retrieved from /home/airflow/.local/lib/python3.12/site-packages/airflow/example_dags/example_nested_branch_dag.py
[2025-02-03T10:13:07.979+0000] {logging_mixin.py:190} INFO - [2025-02-03T10:13:07.979+0000] {dag.py:3239} INFO - Sync 1 DAGs
[2025-02-03T10:13:08.011+0000] {logging_mixin.py:190} INFO - [2025-02-03T10:13:08.011+0000] {dag.py:4180} INFO - Setting next_dagrun for example_nested_branch_dag to 2025-02-02 00:00:00+00:00, run_after=2025-02-03 00:00:00+00:00
[2025-02-03T10:13:08.049+0000] {processor.py:208} INFO - Processing /home/airflow/.local/lib/python3.12/site-packages/airflow/example_dags/example_nested_branch_dag.py took 0.195 seconds
[2025-02-03T10:13:38.836+0000] {processor.py:186} INFO - Started process (PID=145) to work on /home/airflow/.local/lib/python3.12/site-packages/airflow/example_dags/example_nested_branch_dag.py
[2025-02-03T10:13:38.838+0000] {processor.py:914} INFO - Processing file /home/airflow/.local/lib/python3.12/site-packages/airflow/example_dags/example_nested_branch_dag.py for tasks to queue
[2025-02-03T10:13:38.842+0000] {logging_mixin.py:190} INFO - [2025-02-03T10:13:38.841+0000] {dagbag.py:588} INFO - Filling up the DagBag from /home/airflow/.local/lib/python3.12/site-packages/airflow/example_dags/example_nested_branch_dag.py
[2025-02-03T10:13:38.862+0000] {processor.py:925} INFO - DAG(s) 'example_nested_branch_dag' retrieved from /home/airflow/.local/lib/python3.12/site-packages/airflow/example_dags/example_nested_branch_dag.py
[2025-02-03T10:13:38.895+0000] {logging_mixin.py:190} INFO - [2025-02-03T10:13:38.895+0000] {dag.py:3239} INFO - Sync 1 DAGs
[2025-02-03T10:13:38.933+0000] {logging_mixin.py:190} INFO - [2025-02-03T10:13:38.932+0000] {dag.py:4180} INFO - Setting next_dagrun for example_nested_branch_dag to 2025-02-02 00:00:00+00:00, run_after=2025-02-03 00:00:00+00:00
[2025-02-03T10:13:38.962+0000] {processor.py:208} INFO - Processing /home/airflow/.local/lib/python3.12/site-packages/airflow/example_dags/example_nested_branch_dag.py took 0.136 seconds
[2025-02-03T10:14:10.770+0000] {processor.py:186} INFO - Started process (PID=209) to work on /home/airflow/.local/lib/python3.12/site-packages/airflow/example_dags/example_nested_branch_dag.py
[2025-02-03T10:14:10.771+0000] {processor.py:914} INFO - Processing file /home/airflow/.local/lib/python3.12/site-packages/airflow/example_dags/example_nested_branch_dag.py for tasks to queue
[2025-02-03T10:14:10.783+0000] {logging_mixin.py:190} INFO - [2025-02-03T10:14:10.783+0000] {dagbag.py:588} INFO - Filling up the DagBag from /home/airflow/.local/lib/python3.12/site-packages/airflow/example_dags/example_nested_branch_dag.py
[2025-02-03T10:14:10.800+0000] {processor.py:925} INFO - DAG(s) 'example_nested_branch_dag' retrieved from /home/airflow/.local/lib/python3.12/site-packages/airflow/example_dags/example_nested_branch_dag.py
[2025-02-03T10:14:10.822+0000] {logging_mixin.py:190} INFO - [2025-02-03T10:14:10.822+0000] {dag.py:3239} INFO - Sync 1 DAGs
[2025-02-03T10:14:10.852+0000] {logging_mixin.py:190} INFO - [2025-02-03T10:14:10.852+0000] {dag.py:4180} INFO - Setting next_dagrun for example_nested_branch_dag to 2025-02-02 00:00:00+00:00, run_after=2025-02-03 00:00:00+00:00
[2025-02-03T10:14:10.881+0000] {processor.py:208} INFO - Processing /home/airflow/.local/lib/python3.12/site-packages/airflow/example_dags/example_nested_branch_dag.py took 0.117 seconds
[2025-02-03T10:14:41.202+0000] {processor.py:186} INFO - Started process (PID=267) to work on /home/airflow/.local/lib/python3.12/site-packages/airflow/example_dags/example_nested_branch_dag.py
[2025-02-03T10:14:41.203+0000] {processor.py:914} INFO - Processing file /home/airflow/.local/lib/python3.12/site-packages/airflow/example_dags/example_nested_branch_dag.py for tasks to queue
[2025-02-03T10:14:41.206+0000] {logging_mixin.py:190} INFO - [2025-02-03T10:14:41.205+0000] {dagbag.py:588} INFO - Filling up the DagBag from /home/airflow/.local/lib/python3.12/site-packages/airflow/example_dags/example_nested_branch_dag.py
[2025-02-03T10:14:41.215+0000] {processor.py:925} INFO - DAG(s) 'example_nested_branch_dag' retrieved from /home/airflow/.local/lib/python3.12/site-packages/airflow/example_dags/example_nested_branch_dag.py
[2025-02-03T10:14:41.232+0000] {logging_mixin.py:190} INFO - [2025-02-03T10:14:41.231+0000] {dag.py:3239} INFO - Sync 1 DAGs
[2025-02-03T10:14:41.257+0000] {logging_mixin.py:190} INFO - [2025-02-03T10:14:41.256+0000] {dag.py:4180} INFO - Setting next_dagrun for example_nested_branch_dag to 2025-02-02 00:00:00+00:00, run_after=2025-02-03 00:00:00+00:00
[2025-02-03T10:14:41.280+0000] {processor.py:208} INFO - Processing /home/airflow/.local/lib/python3.12/site-packages/airflow/example_dags/example_nested_branch_dag.py took 0.083 seconds
[2025-02-03T10:15:11.652+0000] {processor.py:186} INFO - Started process (PID=332) to work on /home/airflow/.local/lib/python3.12/site-packages/airflow/example_dags/example_nested_branch_dag.py
[2025-02-03T10:15:11.653+0000] {processor.py:914} INFO - Processing file /home/airflow/.local/lib/python3.12/site-packages/airflow/example_dags/example_nested_branch_dag.py for tasks to queue
[2025-02-03T10:15:11.656+0000] {logging_mixin.py:190} INFO - [2025-02-03T10:15:11.655+0000] {dagbag.py:588} INFO - Filling up the DagBag from /home/airflow/.local/lib/python3.12/site-packages/airflow/example_dags/example_nested_branch_dag.py
[2025-02-03T10:15:11.666+0000] {processor.py:925} INFO - DAG(s) 'example_nested_branch_dag' retrieved from /home/airflow/.local/lib/python3.12/site-packages/airflow/example_dags/example_nested_branch_dag.py
[2025-02-03T10:15:11.686+0000] {logging_mixin.py:190} INFO - [2025-02-03T10:15:11.685+0000] {dag.py:3239} INFO - Sync 1 DAGs
[2025-02-03T10:15:11.720+0000] {logging_mixin.py:190} INFO - [2025-02-03T10:15:11.720+0000] {dag.py:4180} INFO - Setting next_dagrun for example_nested_branch_dag to 2025-02-02 00:00:00+00:00, run_after=2025-02-03 00:00:00+00:00
[2025-02-03T10:15:11.741+0000] {processor.py:208} INFO - Processing /home/airflow/.local/lib/python3.12/site-packages/airflow/example_dags/example_nested_branch_dag.py took 0.093 seconds
[2025-02-03T10:15:41.964+0000] {processor.py:186} INFO - Started process (PID=396) to work on /home/airflow/.local/lib/python3.12/site-packages/airflow/example_dags/example_nested_branch_dag.py
[2025-02-03T10:15:41.965+0000] {processor.py:914} INFO - Processing file /home/airflow/.local/lib/python3.12/site-packages/airflow/example_dags/example_nested_branch_dag.py for tasks to queue
[2025-02-03T10:15:41.967+0000] {logging_mixin.py:190} INFO - [2025-02-03T10:15:41.967+0000] {dagbag.py:588} INFO - Filling up the DagBag from /home/airflow/.local/lib/python3.12/site-packages/airflow/example_dags/example_nested_branch_dag.py
[2025-02-03T10:15:41.976+0000] {processor.py:925} INFO - DAG(s) 'example_nested_branch_dag' retrieved from /home/airflow/.local/lib/python3.12/site-packages/airflow/example_dags/example_nested_branch_dag.py
[2025-02-03T10:15:41.992+0000] {logging_mixin.py:190} INFO - [2025-02-03T10:15:41.992+0000] {dag.py:3239} INFO - Sync 1 DAGs
[2025-02-03T10:15:42.018+0000] {logging_mixin.py:190} INFO - [2025-02-03T10:15:42.018+0000] {dag.py:4180} INFO - Setting next_dagrun for example_nested_branch_dag to 2025-02-02 00:00:00+00:00, run_after=2025-02-03 00:00:00+00:00
[2025-02-03T10:15:42.048+0000] {processor.py:208} INFO - Processing /home/airflow/.local/lib/python3.12/site-packages/airflow/example_dags/example_nested_branch_dag.py took 0.090 seconds
[2025-02-03T10:16:13.981+0000] {processor.py:186} INFO - Started process (PID=460) to work on /home/airflow/.local/lib/python3.12/site-packages/airflow/example_dags/example_nested_branch_dag.py
[2025-02-03T10:16:13.983+0000] {processor.py:914} INFO - Processing file /home/airflow/.local/lib/python3.12/site-packages/airflow/example_dags/example_nested_branch_dag.py for tasks to queue
[2025-02-03T10:16:13.986+0000] {logging_mixin.py:190} INFO - [2025-02-03T10:16:13.985+0000] {dagbag.py:588} INFO - Filling up the DagBag from /home/airflow/.local/lib/python3.12/site-packages/airflow/example_dags/example_nested_branch_dag.py
[2025-02-03T10:16:13.997+0000] {processor.py:925} INFO - DAG(s) 'example_nested_branch_dag' retrieved from /home/airflow/.local/lib/python3.12/site-packages/airflow/example_dags/example_nested_branch_dag.py
[2025-02-03T10:16:14.016+0000] {logging_mixin.py:190} INFO - [2025-02-03T10:16:14.016+0000] {dag.py:3239} INFO - Sync 1 DAGs
[2025-02-03T10:16:14.049+0000] {logging_mixin.py:190} INFO - [2025-02-03T10:16:14.048+0000] {dag.py:4180} INFO - Setting next_dagrun for example_nested_branch_dag to 2025-02-02 00:00:00+00:00, run_after=2025-02-03 00:00:00+00:00
[2025-02-03T10:16:14.077+0000] {processor.py:208} INFO - Processing /home/airflow/.local/lib/python3.12/site-packages/airflow/example_dags/example_nested_branch_dag.py took 0.103 seconds
[2025-02-03T10:16:45.087+0000] {processor.py:186} INFO - Started process (PID=524) to work on /home/airflow/.local/lib/python3.12/site-packages/airflow/example_dags/example_nested_branch_dag.py
[2025-02-03T10:16:45.088+0000] {processor.py:914} INFO - Processing file /home/airflow/.local/lib/python3.12/site-packages/airflow/example_dags/example_nested_branch_dag.py for tasks to queue
[2025-02-03T10:16:45.090+0000] {logging_mixin.py:190} INFO - [2025-02-03T10:16:45.090+0000] {dagbag.py:588} INFO - Filling up the DagBag from /home/airflow/.local/lib/python3.12/site-packages/airflow/example_dags/example_nested_branch_dag.py
[2025-02-03T10:16:45.100+0000] {processor.py:925} INFO - DAG(s) 'example_nested_branch_dag' retrieved from /home/airflow/.local/lib/python3.12/site-packages/airflow/example_dags/example_nested_branch_dag.py
[2025-02-03T10:16:45.123+0000] {logging_mixin.py:190} INFO - [2025-02-03T10:16:45.123+0000] {dag.py:3239} INFO - Sync 1 DAGs
[2025-02-03T10:16:45.142+0000] {logging_mixin.py:190} INFO - [2025-02-03T10:16:45.142+0000] {dag.py:4180} INFO - Setting next_dagrun for example_nested_branch_dag to 2025-02-02 00:00:00+00:00, run_after=2025-02-03 00:00:00+00:00
[2025-02-03T10:16:45.158+0000] {processor.py:208} INFO - Processing /home/airflow/.local/lib/python3.12/site-packages/airflow/example_dags/example_nested_branch_dag.py took 0.077 seconds
[2025-02-03T10:17:17.073+0000] {processor.py:186} INFO - Started process (PID=589) to work on /home/airflow/.local/lib/python3.12/site-packages/airflow/example_dags/example_nested_branch_dag.py
[2025-02-03T10:17:17.096+0000] {processor.py:914} INFO - Processing file /home/airflow/.local/lib/python3.12/site-packages/airflow/example_dags/example_nested_branch_dag.py for tasks to queue
[2025-02-03T10:17:17.100+0000] {logging_mixin.py:190} INFO - [2025-02-03T10:17:17.100+0000] {dagbag.py:588} INFO - Filling up the DagBag from /home/airflow/.local/lib/python3.12/site-packages/airflow/example_dags/example_nested_branch_dag.py
[2025-02-03T10:17:17.146+0000] {processor.py:925} INFO - DAG(s) 'example_nested_branch_dag' retrieved from /home/airflow/.local/lib/python3.12/site-packages/airflow/example_dags/example_nested_branch_dag.py
[2025-02-03T10:17:17.188+0000] {logging_mixin.py:190} INFO - [2025-02-03T10:17:17.188+0000] {dag.py:3239} INFO - Sync 1 DAGs
[2025-02-03T10:17:17.257+0000] {logging_mixin.py:190} INFO - [2025-02-03T10:17:17.256+0000] {dag.py:4180} INFO - Setting next_dagrun for example_nested_branch_dag to 2025-02-02 00:00:00+00:00, run_after=2025-02-03 00:00:00+00:00
[2025-02-03T10:17:17.310+0000] {processor.py:208} INFO - Processing /home/airflow/.local/lib/python3.12/site-packages/airflow/example_dags/example_nested_branch_dag.py took 0.245 seconds
[2025-02-03T10:17:47.877+0000] {processor.py:186} INFO - Started process (PID=654) to work on /home/airflow/.local/lib/python3.12/site-packages/airflow/example_dags/example_nested_branch_dag.py
[2025-02-03T10:17:47.878+0000] {processor.py:914} INFO - Processing file /home/airflow/.local/lib/python3.12/site-packages/airflow/example_dags/example_nested_branch_dag.py for tasks to queue
[2025-02-03T10:17:47.880+0000] {logging_mixin.py:190} INFO - [2025-02-03T10:17:47.880+0000] {dagbag.py:588} INFO - Filling up the DagBag from /home/airflow/.local/lib/python3.12/site-packages/airflow/example_dags/example_nested_branch_dag.py
[2025-02-03T10:17:47.892+0000] {processor.py:925} INFO - DAG(s) 'example_nested_branch_dag' retrieved from /home/airflow/.local/lib/python3.12/site-packages/airflow/example_dags/example_nested_branch_dag.py
[2025-02-03T10:17:47.920+0000] {logging_mixin.py:190} INFO - [2025-02-03T10:17:47.920+0000] {dag.py:3239} INFO - Sync 1 DAGs
[2025-02-03T10:17:47.944+0000] {logging_mixin.py:190} INFO - [2025-02-03T10:17:47.944+0000] {dag.py:4180} INFO - Setting next_dagrun for example_nested_branch_dag to 2025-02-02 00:00:00+00:00, run_after=2025-02-03 00:00:00+00:00
[2025-02-03T10:17:47.960+0000] {processor.py:208} INFO - Processing /home/airflow/.local/lib/python3.12/site-packages/airflow/example_dags/example_nested_branch_dag.py took 0.089 seconds
[2025-02-03T10:18:18.056+0000] {processor.py:186} INFO - Started process (PID=720) to work on /home/airflow/.local/lib/python3.12/site-packages/airflow/example_dags/example_nested_branch_dag.py
[2025-02-03T10:18:18.057+0000] {processor.py:914} INFO - Processing file /home/airflow/.local/lib/python3.12/site-packages/airflow/example_dags/example_nested_branch_dag.py for tasks to queue
[2025-02-03T10:18:18.060+0000] {logging_mixin.py:190} INFO - [2025-02-03T10:18:18.060+0000] {dagbag.py:588} INFO - Filling up the DagBag from /home/airflow/.local/lib/python3.12/site-packages/airflow/example_dags/example_nested_branch_dag.py
[2025-02-03T10:18:18.071+0000] {processor.py:925} INFO - DAG(s) 'example_nested_branch_dag' retrieved from /home/airflow/.local/lib/python3.12/site-packages/airflow/example_dags/example_nested_branch_dag.py
[2025-02-03T10:18:18.088+0000] {logging_mixin.py:190} INFO - [2025-02-03T10:18:18.088+0000] {dag.py:3239} INFO - Sync 1 DAGs
[2025-02-03T10:18:18.110+0000] {logging_mixin.py:190} INFO - [2025-02-03T10:18:18.110+0000] {dag.py:4180} INFO - Setting next_dagrun for example_nested_branch_dag to 2025-02-02 00:00:00+00:00, run_after=2025-02-03 00:00:00+00:00
[2025-02-03T10:18:18.130+0000] {processor.py:208} INFO - Processing /home/airflow/.local/lib/python3.12/site-packages/airflow/example_dags/example_nested_branch_dag.py took 0.079 seconds
[2025-02-03T10:18:49.455+0000] {processor.py:186} INFO - Started process (PID=783) to work on /home/airflow/.local/lib/python3.12/site-packages/airflow/example_dags/example_nested_branch_dag.py
[2025-02-03T10:18:49.456+0000] {processor.py:914} INFO - Processing file /home/airflow/.local/lib/python3.12/site-packages/airflow/example_dags/example_nested_branch_dag.py for tasks to queue
[2025-02-03T10:18:49.458+0000] {logging_mixin.py:190} INFO - [2025-02-03T10:18:49.458+0000] {dagbag.py:588} INFO - Filling up the DagBag from /home/airflow/.local/lib/python3.12/site-packages/airflow/example_dags/example_nested_branch_dag.py
[2025-02-03T10:18:49.468+0000] {processor.py:925} INFO - DAG(s) 'example_nested_branch_dag' retrieved from /home/airflow/.local/lib/python3.12/site-packages/airflow/example_dags/example_nested_branch_dag.py
[2025-02-03T10:18:49.486+0000] {logging_mixin.py:190} INFO - [2025-02-03T10:18:49.485+0000] {dag.py:3239} INFO - Sync 1 DAGs
[2025-02-03T10:18:49.504+0000] {logging_mixin.py:190} INFO - [2025-02-03T10:18:49.504+0000] {dag.py:4180} INFO - Setting next_dagrun for example_nested_branch_dag to 2025-02-02 00:00:00+00:00, run_after=2025-02-03 00:00:00+00:00
[2025-02-03T10:18:49.520+0000] {processor.py:208} INFO - Processing /home/airflow/.local/lib/python3.12/site-packages/airflow/example_dags/example_nested_branch_dag.py took 0.072 seconds
[2025-02-03T10:19:22.624+0000] {processor.py:186} INFO - Started process (PID=847) to work on /home/airflow/.local/lib/python3.12/site-packages/airflow/example_dags/example_nested_branch_dag.py
[2025-02-03T10:19:22.626+0000] {processor.py:914} INFO - Processing file /home/airflow/.local/lib/python3.12/site-packages/airflow/example_dags/example_nested_branch_dag.py for tasks to queue
[2025-02-03T10:19:22.631+0000] {logging_mixin.py:190} INFO - [2025-02-03T10:19:22.630+0000] {dagbag.py:588} INFO - Filling up the DagBag from /home/airflow/.local/lib/python3.12/site-packages/airflow/example_dags/example_nested_branch_dag.py
[2025-02-03T10:19:22.649+0000] {processor.py:925} INFO - DAG(s) 'example_nested_branch_dag' retrieved from /home/airflow/.local/lib/python3.12/site-packages/airflow/example_dags/example_nested_branch_dag.py
[2025-02-03T10:19:22.681+0000] {logging_mixin.py:190} INFO - [2025-02-03T10:19:22.681+0000] {dag.py:3239} INFO - Sync 1 DAGs
[2025-02-03T10:19:22.721+0000] {logging_mixin.py:190} INFO - [2025-02-03T10:19:22.720+0000] {dag.py:4180} INFO - Setting next_dagrun for example_nested_branch_dag to 2025-02-02 00:00:00+00:00, run_after=2025-02-03 00:00:00+00:00
[2025-02-03T10:19:22.750+0000] {processor.py:208} INFO - Processing /home/airflow/.local/lib/python3.12/site-packages/airflow/example_dags/example_nested_branch_dag.py took 0.138 seconds
[2025-02-03T10:19:55.426+0000] {processor.py:186} INFO - Started process (PID=911) to work on /home/airflow/.local/lib/python3.12/site-packages/airflow/example_dags/example_nested_branch_dag.py
[2025-02-03T10:19:55.427+0000] {processor.py:914} INFO - Processing file /home/airflow/.local/lib/python3.12/site-packages/airflow/example_dags/example_nested_branch_dag.py for tasks to queue
[2025-02-03T10:19:55.430+0000] {logging_mixin.py:190} INFO - [2025-02-03T10:19:55.430+0000] {dagbag.py:588} INFO - Filling up the DagBag from /home/airflow/.local/lib/python3.12/site-packages/airflow/example_dags/example_nested_branch_dag.py
[2025-02-03T10:19:55.443+0000] {processor.py:925} INFO - DAG(s) 'example_nested_branch_dag' retrieved from /home/airflow/.local/lib/python3.12/site-packages/airflow/example_dags/example_nested_branch_dag.py
[2025-02-03T10:19:55.467+0000] {logging_mixin.py:190} INFO - [2025-02-03T10:19:55.466+0000] {dag.py:3239} INFO - Sync 1 DAGs
[2025-02-03T10:19:55.541+0000] {logging_mixin.py:190} INFO - [2025-02-03T10:19:55.541+0000] {dag.py:4180} INFO - Setting next_dagrun for example_nested_branch_dag to 2025-02-02 00:00:00+00:00, run_after=2025-02-03 00:00:00+00:00
[2025-02-03T10:19:55.572+0000] {processor.py:208} INFO - Processing /home/airflow/.local/lib/python3.12/site-packages/airflow/example_dags/example_nested_branch_dag.py took 0.151 seconds
