[2025-02-03T09:44:34.474+0000] {processor.py:186} INFO - Started process (PID=70) to work on /home/airflow/.local/lib/python3.12/site-packages/airflow/example_dags/example_sla_dag.py
[2025-02-03T09:44:34.474+0000] {processor.py:914} INFO - Processing file /home/airflow/.local/lib/python3.12/site-packages/airflow/example_dags/example_sla_dag.py for tasks to queue
[2025-02-03T09:44:34.492+0000] {logging_mixin.py:190} INFO - [2025-02-03T09:44:34.492+0000] {dagbag.py:588} INFO - Filling up the DagBag from /home/airflow/.local/lib/python3.12/site-packages/airflow/example_dags/example_sla_dag.py
[2025-02-03T09:44:34.501+0000] {processor.py:925} INFO - DAG(s) 'example_sla_dag' retrieved from /home/airflow/.local/lib/python3.12/site-packages/airflow/example_dags/example_sla_dag.py
[2025-02-03T09:44:34.661+0000] {logging_mixin.py:190} INFO - [2025-02-03T09:44:34.660+0000] {override.py:1911} INFO - Created Permission View: can edit on DAG:example_sla_dag
[2025-02-03T09:44:34.678+0000] {logging_mixin.py:190} INFO - [2025-02-03T09:44:34.677+0000] {override.py:1911} INFO - Created Permission View: can read on DAG:example_sla_dag
[2025-02-03T09:44:34.684+0000] {logging_mixin.py:190} INFO - [2025-02-03T09:44:34.683+0000] {override.py:1911} INFO - Created Permission View: can delete on DAG:example_sla_dag
[2025-02-03T09:44:34.692+0000] {logging_mixin.py:190} INFO - [2025-02-03T09:44:34.692+0000] {override.py:1911} INFO - Created Permission View: can read on DAG Run:example_sla_dag
[2025-02-03T09:44:34.698+0000] {logging_mixin.py:190} INFO - [2025-02-03T09:44:34.698+0000] {override.py:1911} INFO - Created Permission View: can delete on DAG Run:example_sla_dag
[2025-02-03T09:44:34.707+0000] {logging_mixin.py:190} INFO - [2025-02-03T09:44:34.707+0000] {override.py:1911} INFO - Created Permission View: can create on DAG Run:example_sla_dag
[2025-02-03T09:44:34.712+0000] {logging_mixin.py:190} INFO - [2025-02-03T09:44:34.712+0000] {override.py:1911} INFO - Created Permission View: menu access on DAG Run:example_sla_dag
[2025-02-03T09:44:34.713+0000] {logging_mixin.py:190} INFO - [2025-02-03T09:44:34.713+0000] {dag.py:3239} INFO - Sync 1 DAGs
[2025-02-03T09:44:34.726+0000] {logging_mixin.py:190} INFO - [2025-02-03T09:44:34.725+0000] {dag.py:3262} INFO - Creating ORM DAG for example_sla_dag
[2025-02-03T09:44:34.742+0000] {logging_mixin.py:190} INFO - [2025-02-03T09:44:34.741+0000] {dag.py:4180} INFO - Setting next_dagrun for example_sla_dag to 2025-02-03 09:42:00+00:00, run_after=2025-02-03 09:44:00+00:00
[2025-02-03T09:44:34.780+0000] {processor.py:208} INFO - Processing /home/airflow/.local/lib/python3.12/site-packages/airflow/example_dags/example_sla_dag.py took 0.311 seconds
[2025-02-03T09:45:14.992+0000] {processor.py:186} INFO - Started process (PID=132) to work on /home/airflow/.local/lib/python3.12/site-packages/airflow/example_dags/example_sla_dag.py
[2025-02-03T09:45:14.997+0000] {processor.py:914} INFO - Processing file /home/airflow/.local/lib/python3.12/site-packages/airflow/example_dags/example_sla_dag.py for tasks to queue
[2025-02-03T09:45:15.002+0000] {logging_mixin.py:190} INFO - [2025-02-03T09:45:15.001+0000] {dagbag.py:588} INFO - Filling up the DagBag from /home/airflow/.local/lib/python3.12/site-packages/airflow/example_dags/example_sla_dag.py
[2025-02-03T09:45:15.033+0000] {processor.py:925} INFO - DAG(s) 'example_sla_dag' retrieved from /home/airflow/.local/lib/python3.12/site-packages/airflow/example_dags/example_sla_dag.py
[2025-02-03T09:45:15.081+0000] {logging_mixin.py:190} INFO - [2025-02-03T09:45:15.081+0000] {dag.py:3239} INFO - Sync 1 DAGs
[2025-02-03T09:45:15.147+0000] {logging_mixin.py:190} INFO - [2025-02-03T09:45:15.147+0000] {dag.py:4180} INFO - Setting next_dagrun for example_sla_dag to 2025-02-03 09:42:00+00:00, run_after=2025-02-03 09:44:00+00:00
[2025-02-03T09:45:15.178+0000] {processor.py:208} INFO - Processing /home/airflow/.local/lib/python3.12/site-packages/airflow/example_dags/example_sla_dag.py took 0.200 seconds
[2025-02-03T09:45:45.847+0000] {processor.py:186} INFO - Started process (PID=195) to work on /home/airflow/.local/lib/python3.12/site-packages/airflow/example_dags/example_sla_dag.py
[2025-02-03T09:45:45.848+0000] {processor.py:914} INFO - Processing file /home/airflow/.local/lib/python3.12/site-packages/airflow/example_dags/example_sla_dag.py for tasks to queue
[2025-02-03T09:45:45.851+0000] {logging_mixin.py:190} INFO - [2025-02-03T09:45:45.850+0000] {dagbag.py:588} INFO - Filling up the DagBag from /home/airflow/.local/lib/python3.12/site-packages/airflow/example_dags/example_sla_dag.py
[2025-02-03T09:45:45.861+0000] {processor.py:925} INFO - DAG(s) 'example_sla_dag' retrieved from /home/airflow/.local/lib/python3.12/site-packages/airflow/example_dags/example_sla_dag.py
[2025-02-03T09:45:45.877+0000] {logging_mixin.py:190} INFO - [2025-02-03T09:45:45.877+0000] {dag.py:3239} INFO - Sync 1 DAGs
[2025-02-03T09:45:45.902+0000] {logging_mixin.py:190} INFO - [2025-02-03T09:45:45.902+0000] {dag.py:4180} INFO - Setting next_dagrun for example_sla_dag to 2025-02-03 09:42:00+00:00, run_after=2025-02-03 09:44:00+00:00
[2025-02-03T09:45:45.926+0000] {processor.py:208} INFO - Processing /home/airflow/.local/lib/python3.12/site-packages/airflow/example_dags/example_sla_dag.py took 0.084 seconds
[2025-02-03T09:46:18.839+0000] {processor.py:186} INFO - Started process (PID=258) to work on /home/airflow/.local/lib/python3.12/site-packages/airflow/example_dags/example_sla_dag.py
[2025-02-03T09:46:18.841+0000] {processor.py:914} INFO - Processing file /home/airflow/.local/lib/python3.12/site-packages/airflow/example_dags/example_sla_dag.py for tasks to queue
[2025-02-03T09:46:18.854+0000] {logging_mixin.py:190} INFO - [2025-02-03T09:46:18.854+0000] {dagbag.py:588} INFO - Filling up the DagBag from /home/airflow/.local/lib/python3.12/site-packages/airflow/example_dags/example_sla_dag.py
[2025-02-03T09:46:18.870+0000] {processor.py:925} INFO - DAG(s) 'example_sla_dag' retrieved from /home/airflow/.local/lib/python3.12/site-packages/airflow/example_dags/example_sla_dag.py
[2025-02-03T09:46:18.905+0000] {logging_mixin.py:190} INFO - [2025-02-03T09:46:18.905+0000] {dag.py:3239} INFO - Sync 1 DAGs
[2025-02-03T09:46:18.943+0000] {logging_mixin.py:190} INFO - [2025-02-03T09:46:18.943+0000] {dag.py:4180} INFO - Setting next_dagrun for example_sla_dag to 2025-02-03 09:44:00+00:00, run_after=2025-02-03 09:46:00+00:00
[2025-02-03T09:46:18.979+0000] {processor.py:208} INFO - Processing /home/airflow/.local/lib/python3.12/site-packages/airflow/example_dags/example_sla_dag.py took 0.147 seconds
[2025-02-03T09:55:24.377+0000] {processor.py:186} INFO - Started process (PID=71) to work on /home/airflow/.local/lib/python3.12/site-packages/airflow/example_dags/example_sla_dag.py
[2025-02-03T09:55:24.399+0000] {processor.py:914} INFO - Processing file /home/airflow/.local/lib/python3.12/site-packages/airflow/example_dags/example_sla_dag.py for tasks to queue
[2025-02-03T09:55:24.402+0000] {logging_mixin.py:190} INFO - [2025-02-03T09:55:24.401+0000] {dagbag.py:588} INFO - Filling up the DagBag from /home/airflow/.local/lib/python3.12/site-packages/airflow/example_dags/example_sla_dag.py
[2025-02-03T09:55:24.414+0000] {processor.py:925} INFO - DAG(s) 'example_sla_dag' retrieved from /home/airflow/.local/lib/python3.12/site-packages/airflow/example_dags/example_sla_dag.py
[2025-02-03T09:55:24.478+0000] {logging_mixin.py:190} INFO - [2025-02-03T09:55:24.478+0000] {dag.py:3239} INFO - Sync 1 DAGs
[2025-02-03T09:55:24.500+0000] {logging_mixin.py:190} INFO - [2025-02-03T09:55:24.500+0000] {dag.py:4180} INFO - Setting next_dagrun for example_sla_dag to 2025-02-03 09:52:00+00:00, run_after=2025-02-03 09:54:00+00:00
[2025-02-03T09:55:24.517+0000] {processor.py:208} INFO - Processing /home/airflow/.local/lib/python3.12/site-packages/airflow/example_dags/example_sla_dag.py took 0.145 seconds
[2025-02-03T09:55:54.605+0000] {processor.py:186} INFO - Started process (PID=135) to work on /home/airflow/.local/lib/python3.12/site-packages/airflow/example_dags/example_sla_dag.py
[2025-02-03T09:55:54.606+0000] {processor.py:914} INFO - Processing file /home/airflow/.local/lib/python3.12/site-packages/airflow/example_dags/example_sla_dag.py for tasks to queue
[2025-02-03T09:55:54.608+0000] {logging_mixin.py:190} INFO - [2025-02-03T09:55:54.607+0000] {dagbag.py:588} INFO - Filling up the DagBag from /home/airflow/.local/lib/python3.12/site-packages/airflow/example_dags/example_sla_dag.py
[2025-02-03T09:55:54.616+0000] {processor.py:925} INFO - DAG(s) 'example_sla_dag' retrieved from /home/airflow/.local/lib/python3.12/site-packages/airflow/example_dags/example_sla_dag.py
[2025-02-03T09:55:54.635+0000] {logging_mixin.py:190} INFO - [2025-02-03T09:55:54.635+0000] {dag.py:3239} INFO - Sync 1 DAGs
[2025-02-03T09:55:54.657+0000] {logging_mixin.py:190} INFO - [2025-02-03T09:55:54.657+0000] {dag.py:4180} INFO - Setting next_dagrun for example_sla_dag to 2025-02-03 09:52:00+00:00, run_after=2025-02-03 09:54:00+00:00
[2025-02-03T09:55:54.676+0000] {processor.py:208} INFO - Processing /home/airflow/.local/lib/python3.12/site-packages/airflow/example_dags/example_sla_dag.py took 0.076 seconds
[2025-02-03T09:56:24.924+0000] {processor.py:186} INFO - Started process (PID=199) to work on /home/airflow/.local/lib/python3.12/site-packages/airflow/example_dags/example_sla_dag.py
[2025-02-03T09:56:24.925+0000] {processor.py:914} INFO - Processing file /home/airflow/.local/lib/python3.12/site-packages/airflow/example_dags/example_sla_dag.py for tasks to queue
[2025-02-03T09:56:24.928+0000] {logging_mixin.py:190} INFO - [2025-02-03T09:56:24.927+0000] {dagbag.py:588} INFO - Filling up the DagBag from /home/airflow/.local/lib/python3.12/site-packages/airflow/example_dags/example_sla_dag.py
[2025-02-03T09:56:24.935+0000] {processor.py:925} INFO - DAG(s) 'example_sla_dag' retrieved from /home/airflow/.local/lib/python3.12/site-packages/airflow/example_dags/example_sla_dag.py
[2025-02-03T09:56:24.949+0000] {logging_mixin.py:190} INFO - [2025-02-03T09:56:24.949+0000] {dag.py:3239} INFO - Sync 1 DAGs
[2025-02-03T09:56:24.967+0000] {logging_mixin.py:190} INFO - [2025-02-03T09:56:24.967+0000] {dag.py:4180} INFO - Setting next_dagrun for example_sla_dag to 2025-02-03 09:54:00+00:00, run_after=2025-02-03 09:56:00+00:00
[2025-02-03T09:56:24.981+0000] {processor.py:208} INFO - Processing /home/airflow/.local/lib/python3.12/site-packages/airflow/example_dags/example_sla_dag.py took 0.062 seconds
[2025-02-03T09:56:55.474+0000] {processor.py:186} INFO - Started process (PID=263) to work on /home/airflow/.local/lib/python3.12/site-packages/airflow/example_dags/example_sla_dag.py
[2025-02-03T09:56:55.475+0000] {processor.py:914} INFO - Processing file /home/airflow/.local/lib/python3.12/site-packages/airflow/example_dags/example_sla_dag.py for tasks to queue
[2025-02-03T09:56:55.477+0000] {logging_mixin.py:190} INFO - [2025-02-03T09:56:55.477+0000] {dagbag.py:588} INFO - Filling up the DagBag from /home/airflow/.local/lib/python3.12/site-packages/airflow/example_dags/example_sla_dag.py
[2025-02-03T09:56:55.488+0000] {processor.py:925} INFO - DAG(s) 'example_sla_dag' retrieved from /home/airflow/.local/lib/python3.12/site-packages/airflow/example_dags/example_sla_dag.py
[2025-02-03T09:56:55.502+0000] {logging_mixin.py:190} INFO - [2025-02-03T09:56:55.502+0000] {dag.py:3239} INFO - Sync 1 DAGs
[2025-02-03T09:56:55.519+0000] {logging_mixin.py:190} INFO - [2025-02-03T09:56:55.519+0000] {dag.py:4180} INFO - Setting next_dagrun for example_sla_dag to 2025-02-03 09:54:00+00:00, run_after=2025-02-03 09:56:00+00:00
[2025-02-03T09:56:55.537+0000] {processor.py:208} INFO - Processing /home/airflow/.local/lib/python3.12/site-packages/airflow/example_dags/example_sla_dag.py took 0.068 seconds
[2025-02-03T09:57:33.374+0000] {processor.py:186} INFO - Started process (PID=327) to work on /home/airflow/.local/lib/python3.12/site-packages/airflow/example_dags/example_sla_dag.py
[2025-02-03T09:57:33.377+0000] {processor.py:914} INFO - Processing file /home/airflow/.local/lib/python3.12/site-packages/airflow/example_dags/example_sla_dag.py for tasks to queue
[2025-02-03T09:57:33.379+0000] {logging_mixin.py:190} INFO - [2025-02-03T09:57:33.378+0000] {dagbag.py:588} INFO - Filling up the DagBag from /home/airflow/.local/lib/python3.12/site-packages/airflow/example_dags/example_sla_dag.py
[2025-02-03T09:57:33.389+0000] {processor.py:925} INFO - DAG(s) 'example_sla_dag' retrieved from /home/airflow/.local/lib/python3.12/site-packages/airflow/example_dags/example_sla_dag.py
[2025-02-03T09:57:33.411+0000] {logging_mixin.py:190} INFO - [2025-02-03T09:57:33.411+0000] {dag.py:3239} INFO - Sync 1 DAGs
[2025-02-03T09:57:33.435+0000] {logging_mixin.py:190} INFO - [2025-02-03T09:57:33.435+0000] {dag.py:4180} INFO - Setting next_dagrun for example_sla_dag to 2025-02-03 09:54:00+00:00, run_after=2025-02-03 09:56:00+00:00
[2025-02-03T09:57:33.458+0000] {processor.py:208} INFO - Processing /home/airflow/.local/lib/python3.12/site-packages/airflow/example_dags/example_sla_dag.py took 0.089 seconds
[2025-02-03T09:58:06.894+0000] {processor.py:186} INFO - Started process (PID=397) to work on /home/airflow/.local/lib/python3.12/site-packages/airflow/example_dags/example_sla_dag.py
[2025-02-03T09:58:06.896+0000] {processor.py:914} INFO - Processing file /home/airflow/.local/lib/python3.12/site-packages/airflow/example_dags/example_sla_dag.py for tasks to queue
[2025-02-03T09:58:06.900+0000] {logging_mixin.py:190} INFO - [2025-02-03T09:58:06.900+0000] {dagbag.py:588} INFO - Filling up the DagBag from /home/airflow/.local/lib/python3.12/site-packages/airflow/example_dags/example_sla_dag.py
[2025-02-03T09:58:06.916+0000] {processor.py:925} INFO - DAG(s) 'example_sla_dag' retrieved from /home/airflow/.local/lib/python3.12/site-packages/airflow/example_dags/example_sla_dag.py
[2025-02-03T09:58:06.968+0000] {logging_mixin.py:190} INFO - [2025-02-03T09:58:06.968+0000] {dag.py:3239} INFO - Sync 1 DAGs
[2025-02-03T09:58:07.004+0000] {logging_mixin.py:190} INFO - [2025-02-03T09:58:07.003+0000] {dag.py:4180} INFO - Setting next_dagrun for example_sla_dag to 2025-02-03 09:56:00+00:00, run_after=2025-02-03 09:58:00+00:00
[2025-02-03T09:58:07.045+0000] {processor.py:208} INFO - Processing /home/airflow/.local/lib/python3.12/site-packages/airflow/example_dags/example_sla_dag.py took 0.156 seconds
[2025-02-03T09:58:37.966+0000] {processor.py:186} INFO - Started process (PID=462) to work on /home/airflow/.local/lib/python3.12/site-packages/airflow/example_dags/example_sla_dag.py
[2025-02-03T09:58:37.967+0000] {processor.py:914} INFO - Processing file /home/airflow/.local/lib/python3.12/site-packages/airflow/example_dags/example_sla_dag.py for tasks to queue
[2025-02-03T09:58:37.970+0000] {logging_mixin.py:190} INFO - [2025-02-03T09:58:37.969+0000] {dagbag.py:588} INFO - Filling up the DagBag from /home/airflow/.local/lib/python3.12/site-packages/airflow/example_dags/example_sla_dag.py
[2025-02-03T09:58:37.979+0000] {processor.py:925} INFO - DAG(s) 'example_sla_dag' retrieved from /home/airflow/.local/lib/python3.12/site-packages/airflow/example_dags/example_sla_dag.py
[2025-02-03T09:58:37.999+0000] {logging_mixin.py:190} INFO - [2025-02-03T09:58:37.999+0000] {dag.py:3239} INFO - Sync 1 DAGs
[2025-02-03T09:58:38.085+0000] {logging_mixin.py:190} INFO - [2025-02-03T09:58:38.085+0000] {dag.py:4180} INFO - Setting next_dagrun for example_sla_dag to 2025-02-03 09:56:00+00:00, run_after=2025-02-03 09:58:00+00:00
[2025-02-03T09:58:38.144+0000] {processor.py:208} INFO - Processing /home/airflow/.local/lib/python3.12/site-packages/airflow/example_dags/example_sla_dag.py took 0.185 seconds
[2025-02-03T09:59:08.957+0000] {processor.py:186} INFO - Started process (PID=520) to work on /home/airflow/.local/lib/python3.12/site-packages/airflow/example_dags/example_sla_dag.py
[2025-02-03T09:59:08.958+0000] {processor.py:914} INFO - Processing file /home/airflow/.local/lib/python3.12/site-packages/airflow/example_dags/example_sla_dag.py for tasks to queue
[2025-02-03T09:59:08.960+0000] {logging_mixin.py:190} INFO - [2025-02-03T09:59:08.960+0000] {dagbag.py:588} INFO - Filling up the DagBag from /home/airflow/.local/lib/python3.12/site-packages/airflow/example_dags/example_sla_dag.py
[2025-02-03T09:59:08.968+0000] {processor.py:925} INFO - DAG(s) 'example_sla_dag' retrieved from /home/airflow/.local/lib/python3.12/site-packages/airflow/example_dags/example_sla_dag.py
[2025-02-03T09:59:08.983+0000] {logging_mixin.py:190} INFO - [2025-02-03T09:59:08.983+0000] {dag.py:3239} INFO - Sync 1 DAGs
[2025-02-03T09:59:09.005+0000] {logging_mixin.py:190} INFO - [2025-02-03T09:59:09.005+0000] {dag.py:4180} INFO - Setting next_dagrun for example_sla_dag to 2025-02-03 09:56:00+00:00, run_after=2025-02-03 09:58:00+00:00
[2025-02-03T09:59:09.018+0000] {processor.py:208} INFO - Processing /home/airflow/.local/lib/python3.12/site-packages/airflow/example_dags/example_sla_dag.py took 0.068 seconds
[2025-02-03T09:59:39.644+0000] {processor.py:186} INFO - Started process (PID=583) to work on /home/airflow/.local/lib/python3.12/site-packages/airflow/example_dags/example_sla_dag.py
[2025-02-03T09:59:39.646+0000] {processor.py:914} INFO - Processing file /home/airflow/.local/lib/python3.12/site-packages/airflow/example_dags/example_sla_dag.py for tasks to queue
[2025-02-03T09:59:39.648+0000] {logging_mixin.py:190} INFO - [2025-02-03T09:59:39.648+0000] {dagbag.py:588} INFO - Filling up the DagBag from /home/airflow/.local/lib/python3.12/site-packages/airflow/example_dags/example_sla_dag.py
[2025-02-03T09:59:39.658+0000] {processor.py:925} INFO - DAG(s) 'example_sla_dag' retrieved from /home/airflow/.local/lib/python3.12/site-packages/airflow/example_dags/example_sla_dag.py
[2025-02-03T09:59:39.688+0000] {logging_mixin.py:190} INFO - [2025-02-03T09:59:39.688+0000] {dag.py:3239} INFO - Sync 1 DAGs
[2025-02-03T09:59:39.717+0000] {logging_mixin.py:190} INFO - [2025-02-03T09:59:39.717+0000] {dag.py:4180} INFO - Setting next_dagrun for example_sla_dag to 2025-02-03 09:56:00+00:00, run_after=2025-02-03 09:58:00+00:00
[2025-02-03T09:59:39.745+0000] {processor.py:208} INFO - Processing /home/airflow/.local/lib/python3.12/site-packages/airflow/example_dags/example_sla_dag.py took 0.107 seconds
[2025-02-03T10:00:11.267+0000] {processor.py:186} INFO - Started process (PID=647) to work on /home/airflow/.local/lib/python3.12/site-packages/airflow/example_dags/example_sla_dag.py
[2025-02-03T10:00:11.272+0000] {processor.py:914} INFO - Processing file /home/airflow/.local/lib/python3.12/site-packages/airflow/example_dags/example_sla_dag.py for tasks to queue
[2025-02-03T10:00:11.277+0000] {logging_mixin.py:190} INFO - [2025-02-03T10:00:11.277+0000] {dagbag.py:588} INFO - Filling up the DagBag from /home/airflow/.local/lib/python3.12/site-packages/airflow/example_dags/example_sla_dag.py
[2025-02-03T10:00:11.297+0000] {processor.py:925} INFO - DAG(s) 'example_sla_dag' retrieved from /home/airflow/.local/lib/python3.12/site-packages/airflow/example_dags/example_sla_dag.py
[2025-02-03T10:00:11.338+0000] {logging_mixin.py:190} INFO - [2025-02-03T10:00:11.337+0000] {dag.py:3239} INFO - Sync 1 DAGs
[2025-02-03T10:00:11.399+0000] {logging_mixin.py:190} INFO - [2025-02-03T10:00:11.398+0000] {dag.py:4180} INFO - Setting next_dagrun for example_sla_dag to 2025-02-03 09:58:00+00:00, run_after=2025-02-03 10:00:00+00:00
[2025-02-03T10:00:11.467+0000] {processor.py:208} INFO - Processing /home/airflow/.local/lib/python3.12/site-packages/airflow/example_dags/example_sla_dag.py took 0.212 seconds
[2025-02-03T10:00:42.021+0000] {processor.py:186} INFO - Started process (PID=711) to work on /home/airflow/.local/lib/python3.12/site-packages/airflow/example_dags/example_sla_dag.py
[2025-02-03T10:00:42.022+0000] {processor.py:914} INFO - Processing file /home/airflow/.local/lib/python3.12/site-packages/airflow/example_dags/example_sla_dag.py for tasks to queue
[2025-02-03T10:00:42.025+0000] {logging_mixin.py:190} INFO - [2025-02-03T10:00:42.024+0000] {dagbag.py:588} INFO - Filling up the DagBag from /home/airflow/.local/lib/python3.12/site-packages/airflow/example_dags/example_sla_dag.py
[2025-02-03T10:00:42.034+0000] {processor.py:925} INFO - DAG(s) 'example_sla_dag' retrieved from /home/airflow/.local/lib/python3.12/site-packages/airflow/example_dags/example_sla_dag.py
[2025-02-03T10:00:42.066+0000] {logging_mixin.py:190} INFO - [2025-02-03T10:00:42.066+0000] {dag.py:3239} INFO - Sync 1 DAGs
[2025-02-03T10:00:42.086+0000] {logging_mixin.py:190} INFO - [2025-02-03T10:00:42.086+0000] {dag.py:4180} INFO - Setting next_dagrun for example_sla_dag to 2025-02-03 09:58:00+00:00, run_after=2025-02-03 10:00:00+00:00
[2025-02-03T10:00:42.100+0000] {processor.py:208} INFO - Processing /home/airflow/.local/lib/python3.12/site-packages/airflow/example_dags/example_sla_dag.py took 0.084 seconds
[2025-02-03T10:01:14.027+0000] {processor.py:186} INFO - Started process (PID=775) to work on /home/airflow/.local/lib/python3.12/site-packages/airflow/example_dags/example_sla_dag.py
[2025-02-03T10:01:14.028+0000] {processor.py:914} INFO - Processing file /home/airflow/.local/lib/python3.12/site-packages/airflow/example_dags/example_sla_dag.py for tasks to queue
[2025-02-03T10:01:14.031+0000] {logging_mixin.py:190} INFO - [2025-02-03T10:01:14.031+0000] {dagbag.py:588} INFO - Filling up the DagBag from /home/airflow/.local/lib/python3.12/site-packages/airflow/example_dags/example_sla_dag.py
[2025-02-03T10:01:14.041+0000] {processor.py:925} INFO - DAG(s) 'example_sla_dag' retrieved from /home/airflow/.local/lib/python3.12/site-packages/airflow/example_dags/example_sla_dag.py
[2025-02-03T10:01:14.066+0000] {logging_mixin.py:190} INFO - [2025-02-03T10:01:14.065+0000] {dag.py:3239} INFO - Sync 1 DAGs
[2025-02-03T10:01:14.089+0000] {logging_mixin.py:190} INFO - [2025-02-03T10:01:14.089+0000] {dag.py:4180} INFO - Setting next_dagrun for example_sla_dag to 2025-02-03 09:58:00+00:00, run_after=2025-02-03 10:00:00+00:00
[2025-02-03T10:01:14.104+0000] {processor.py:208} INFO - Processing /home/airflow/.local/lib/python3.12/site-packages/airflow/example_dags/example_sla_dag.py took 0.083 seconds
[2025-02-03T10:01:46.310+0000] {processor.py:186} INFO - Started process (PID=841) to work on /home/airflow/.local/lib/python3.12/site-packages/airflow/example_dags/example_sla_dag.py
[2025-02-03T10:01:46.311+0000] {processor.py:914} INFO - Processing file /home/airflow/.local/lib/python3.12/site-packages/airflow/example_dags/example_sla_dag.py for tasks to queue
[2025-02-03T10:01:46.313+0000] {logging_mixin.py:190} INFO - [2025-02-03T10:01:46.313+0000] {dagbag.py:588} INFO - Filling up the DagBag from /home/airflow/.local/lib/python3.12/site-packages/airflow/example_dags/example_sla_dag.py
[2025-02-03T10:01:46.323+0000] {processor.py:925} INFO - DAG(s) 'example_sla_dag' retrieved from /home/airflow/.local/lib/python3.12/site-packages/airflow/example_dags/example_sla_dag.py
[2025-02-03T10:01:46.338+0000] {logging_mixin.py:190} INFO - [2025-02-03T10:01:46.338+0000] {dag.py:3239} INFO - Sync 1 DAGs
[2025-02-03T10:01:46.367+0000] {logging_mixin.py:190} INFO - [2025-02-03T10:01:46.367+0000] {dag.py:4180} INFO - Setting next_dagrun for example_sla_dag to 2025-02-03 09:58:00+00:00, run_after=2025-02-03 10:00:00+00:00
[2025-02-03T10:01:46.382+0000] {processor.py:208} INFO - Processing /home/airflow/.local/lib/python3.12/site-packages/airflow/example_dags/example_sla_dag.py took 0.078 seconds
[2025-02-03T10:02:19.140+0000] {processor.py:186} INFO - Started process (PID=916) to work on /home/airflow/.local/lib/python3.12/site-packages/airflow/example_dags/example_sla_dag.py
[2025-02-03T10:02:19.141+0000] {processor.py:914} INFO - Processing file /home/airflow/.local/lib/python3.12/site-packages/airflow/example_dags/example_sla_dag.py for tasks to queue
[2025-02-03T10:02:19.144+0000] {logging_mixin.py:190} INFO - [2025-02-03T10:02:19.143+0000] {dagbag.py:588} INFO - Filling up the DagBag from /home/airflow/.local/lib/python3.12/site-packages/airflow/example_dags/example_sla_dag.py
[2025-02-03T10:02:19.152+0000] {processor.py:925} INFO - DAG(s) 'example_sla_dag' retrieved from /home/airflow/.local/lib/python3.12/site-packages/airflow/example_dags/example_sla_dag.py
[2025-02-03T10:02:19.173+0000] {logging_mixin.py:190} INFO - [2025-02-03T10:02:19.172+0000] {dag.py:3239} INFO - Sync 1 DAGs
[2025-02-03T10:02:19.208+0000] {logging_mixin.py:190} INFO - [2025-02-03T10:02:19.208+0000] {dag.py:4180} INFO - Setting next_dagrun for example_sla_dag to 2025-02-03 10:00:00+00:00, run_after=2025-02-03 10:02:00+00:00
[2025-02-03T10:02:19.224+0000] {processor.py:208} INFO - Processing /home/airflow/.local/lib/python3.12/site-packages/airflow/example_dags/example_sla_dag.py took 0.090 seconds
[2025-02-03T10:02:51.524+0000] {processor.py:186} INFO - Started process (PID=980) to work on /home/airflow/.local/lib/python3.12/site-packages/airflow/example_dags/example_sla_dag.py
[2025-02-03T10:02:51.526+0000] {processor.py:914} INFO - Processing file /home/airflow/.local/lib/python3.12/site-packages/airflow/example_dags/example_sla_dag.py for tasks to queue
[2025-02-03T10:02:51.528+0000] {logging_mixin.py:190} INFO - [2025-02-03T10:02:51.528+0000] {dagbag.py:588} INFO - Filling up the DagBag from /home/airflow/.local/lib/python3.12/site-packages/airflow/example_dags/example_sla_dag.py
[2025-02-03T10:02:51.539+0000] {processor.py:925} INFO - DAG(s) 'example_sla_dag' retrieved from /home/airflow/.local/lib/python3.12/site-packages/airflow/example_dags/example_sla_dag.py
[2025-02-03T10:02:51.558+0000] {logging_mixin.py:190} INFO - [2025-02-03T10:02:51.558+0000] {dag.py:3239} INFO - Sync 1 DAGs
[2025-02-03T10:02:51.596+0000] {logging_mixin.py:190} INFO - [2025-02-03T10:02:51.596+0000] {dag.py:4180} INFO - Setting next_dagrun for example_sla_dag to 2025-02-03 10:00:00+00:00, run_after=2025-02-03 10:02:00+00:00
[2025-02-03T10:02:51.611+0000] {processor.py:208} INFO - Processing /home/airflow/.local/lib/python3.12/site-packages/airflow/example_dags/example_sla_dag.py took 0.093 seconds
[2025-02-03T10:03:22.457+0000] {processor.py:186} INFO - Started process (PID=1044) to work on /home/airflow/.local/lib/python3.12/site-packages/airflow/example_dags/example_sla_dag.py
[2025-02-03T10:03:22.459+0000] {processor.py:914} INFO - Processing file /home/airflow/.local/lib/python3.12/site-packages/airflow/example_dags/example_sla_dag.py for tasks to queue
[2025-02-03T10:03:22.463+0000] {logging_mixin.py:190} INFO - [2025-02-03T10:03:22.462+0000] {dagbag.py:588} INFO - Filling up the DagBag from /home/airflow/.local/lib/python3.12/site-packages/airflow/example_dags/example_sla_dag.py
[2025-02-03T10:03:22.481+0000] {processor.py:925} INFO - DAG(s) 'example_sla_dag' retrieved from /home/airflow/.local/lib/python3.12/site-packages/airflow/example_dags/example_sla_dag.py
[2025-02-03T10:03:22.506+0000] {logging_mixin.py:190} INFO - [2025-02-03T10:03:22.506+0000] {dag.py:3239} INFO - Sync 1 DAGs
[2025-02-03T10:03:22.546+0000] {logging_mixin.py:190} INFO - [2025-02-03T10:03:22.545+0000] {dag.py:4180} INFO - Setting next_dagrun for example_sla_dag to 2025-02-03 10:00:00+00:00, run_after=2025-02-03 10:02:00+00:00
[2025-02-03T10:03:22.568+0000] {processor.py:208} INFO - Processing /home/airflow/.local/lib/python3.12/site-packages/airflow/example_dags/example_sla_dag.py took 0.118 seconds
[2025-02-03T10:03:52.874+0000] {processor.py:186} INFO - Started process (PID=1108) to work on /home/airflow/.local/lib/python3.12/site-packages/airflow/example_dags/example_sla_dag.py
[2025-02-03T10:03:52.888+0000] {processor.py:914} INFO - Processing file /home/airflow/.local/lib/python3.12/site-packages/airflow/example_dags/example_sla_dag.py for tasks to queue
[2025-02-03T10:03:52.891+0000] {logging_mixin.py:190} INFO - [2025-02-03T10:03:52.891+0000] {dagbag.py:588} INFO - Filling up the DagBag from /home/airflow/.local/lib/python3.12/site-packages/airflow/example_dags/example_sla_dag.py
[2025-02-03T10:03:52.920+0000] {processor.py:925} INFO - DAG(s) 'example_sla_dag' retrieved from /home/airflow/.local/lib/python3.12/site-packages/airflow/example_dags/example_sla_dag.py
[2025-02-03T10:03:52.970+0000] {logging_mixin.py:190} INFO - [2025-02-03T10:03:52.969+0000] {dag.py:3239} INFO - Sync 1 DAGs
[2025-02-03T10:03:53.021+0000] {logging_mixin.py:190} INFO - [2025-02-03T10:03:53.021+0000] {dag.py:4180} INFO - Setting next_dagrun for example_sla_dag to 2025-02-03 10:00:00+00:00, run_after=2025-02-03 10:02:00+00:00
[2025-02-03T10:03:53.064+0000] {processor.py:208} INFO - Processing /home/airflow/.local/lib/python3.12/site-packages/airflow/example_dags/example_sla_dag.py took 0.194 seconds
[2025-02-03T10:04:23.714+0000] {processor.py:186} INFO - Started process (PID=1166) to work on /home/airflow/.local/lib/python3.12/site-packages/airflow/example_dags/example_sla_dag.py
[2025-02-03T10:04:23.720+0000] {processor.py:914} INFO - Processing file /home/airflow/.local/lib/python3.12/site-packages/airflow/example_dags/example_sla_dag.py for tasks to queue
[2025-02-03T10:04:23.731+0000] {logging_mixin.py:190} INFO - [2025-02-03T10:04:23.730+0000] {dagbag.py:588} INFO - Filling up the DagBag from /home/airflow/.local/lib/python3.12/site-packages/airflow/example_dags/example_sla_dag.py
[2025-02-03T10:04:23.750+0000] {processor.py:925} INFO - DAG(s) 'example_sla_dag' retrieved from /home/airflow/.local/lib/python3.12/site-packages/airflow/example_dags/example_sla_dag.py
[2025-02-03T10:04:23.773+0000] {logging_mixin.py:190} INFO - [2025-02-03T10:04:23.772+0000] {dag.py:3239} INFO - Sync 1 DAGs
[2025-02-03T10:04:23.799+0000] {logging_mixin.py:190} INFO - [2025-02-03T10:04:23.799+0000] {dag.py:4180} INFO - Setting next_dagrun for example_sla_dag to 2025-02-03 10:02:00+00:00, run_after=2025-02-03 10:04:00+00:00
[2025-02-03T10:04:23.817+0000] {processor.py:208} INFO - Processing /home/airflow/.local/lib/python3.12/site-packages/airflow/example_dags/example_sla_dag.py took 0.110 seconds
[2025-02-03T10:04:54.113+0000] {processor.py:186} INFO - Started process (PID=1229) to work on /home/airflow/.local/lib/python3.12/site-packages/airflow/example_dags/example_sla_dag.py
[2025-02-03T10:04:54.114+0000] {processor.py:914} INFO - Processing file /home/airflow/.local/lib/python3.12/site-packages/airflow/example_dags/example_sla_dag.py for tasks to queue
[2025-02-03T10:04:54.117+0000] {logging_mixin.py:190} INFO - [2025-02-03T10:04:54.116+0000] {dagbag.py:588} INFO - Filling up the DagBag from /home/airflow/.local/lib/python3.12/site-packages/airflow/example_dags/example_sla_dag.py
[2025-02-03T10:04:54.128+0000] {processor.py:925} INFO - DAG(s) 'example_sla_dag' retrieved from /home/airflow/.local/lib/python3.12/site-packages/airflow/example_dags/example_sla_dag.py
[2025-02-03T10:04:54.146+0000] {logging_mixin.py:190} INFO - [2025-02-03T10:04:54.146+0000] {dag.py:3239} INFO - Sync 1 DAGs
[2025-02-03T10:04:54.168+0000] {logging_mixin.py:190} INFO - [2025-02-03T10:04:54.167+0000] {dag.py:4180} INFO - Setting next_dagrun for example_sla_dag to 2025-02-03 10:02:00+00:00, run_after=2025-02-03 10:04:00+00:00
[2025-02-03T10:04:54.184+0000] {processor.py:208} INFO - Processing /home/airflow/.local/lib/python3.12/site-packages/airflow/example_dags/example_sla_dag.py took 0.089 seconds
[2025-02-03T10:05:25.727+0000] {processor.py:186} INFO - Started process (PID=1293) to work on /home/airflow/.local/lib/python3.12/site-packages/airflow/example_dags/example_sla_dag.py
[2025-02-03T10:05:25.728+0000] {processor.py:914} INFO - Processing file /home/airflow/.local/lib/python3.12/site-packages/airflow/example_dags/example_sla_dag.py for tasks to queue
[2025-02-03T10:05:25.731+0000] {logging_mixin.py:190} INFO - [2025-02-03T10:05:25.730+0000] {dagbag.py:588} INFO - Filling up the DagBag from /home/airflow/.local/lib/python3.12/site-packages/airflow/example_dags/example_sla_dag.py
[2025-02-03T10:05:25.739+0000] {processor.py:925} INFO - DAG(s) 'example_sla_dag' retrieved from /home/airflow/.local/lib/python3.12/site-packages/airflow/example_dags/example_sla_dag.py
[2025-02-03T10:05:25.756+0000] {logging_mixin.py:190} INFO - [2025-02-03T10:05:25.755+0000] {dag.py:3239} INFO - Sync 1 DAGs
[2025-02-03T10:05:25.777+0000] {logging_mixin.py:190} INFO - [2025-02-03T10:05:25.777+0000] {dag.py:4180} INFO - Setting next_dagrun for example_sla_dag to 2025-02-03 10:02:00+00:00, run_after=2025-02-03 10:04:00+00:00
[2025-02-03T10:05:25.801+0000] {processor.py:208} INFO - Processing /home/airflow/.local/lib/python3.12/site-packages/airflow/example_dags/example_sla_dag.py took 0.078 seconds
[2025-02-03T10:05:56.421+0000] {processor.py:186} INFO - Started process (PID=1357) to work on /home/airflow/.local/lib/python3.12/site-packages/airflow/example_dags/example_sla_dag.py
[2025-02-03T10:05:56.422+0000] {processor.py:914} INFO - Processing file /home/airflow/.local/lib/python3.12/site-packages/airflow/example_dags/example_sla_dag.py for tasks to queue
[2025-02-03T10:05:56.424+0000] {logging_mixin.py:190} INFO - [2025-02-03T10:05:56.424+0000] {dagbag.py:588} INFO - Filling up the DagBag from /home/airflow/.local/lib/python3.12/site-packages/airflow/example_dags/example_sla_dag.py
[2025-02-03T10:05:56.433+0000] {processor.py:925} INFO - DAG(s) 'example_sla_dag' retrieved from /home/airflow/.local/lib/python3.12/site-packages/airflow/example_dags/example_sla_dag.py
[2025-02-03T10:05:56.449+0000] {logging_mixin.py:190} INFO - [2025-02-03T10:05:56.448+0000] {dag.py:3239} INFO - Sync 1 DAGs
[2025-02-03T10:05:56.470+0000] {logging_mixin.py:190} INFO - [2025-02-03T10:05:56.470+0000] {dag.py:4180} INFO - Setting next_dagrun for example_sla_dag to 2025-02-03 10:02:00+00:00, run_after=2025-02-03 10:04:00+00:00
[2025-02-03T10:05:56.485+0000] {processor.py:208} INFO - Processing /home/airflow/.local/lib/python3.12/site-packages/airflow/example_dags/example_sla_dag.py took 0.069 seconds
[2025-02-03T10:06:27.653+0000] {processor.py:186} INFO - Started process (PID=1421) to work on /home/airflow/.local/lib/python3.12/site-packages/airflow/example_dags/example_sla_dag.py
[2025-02-03T10:06:27.654+0000] {processor.py:914} INFO - Processing file /home/airflow/.local/lib/python3.12/site-packages/airflow/example_dags/example_sla_dag.py for tasks to queue
[2025-02-03T10:06:27.657+0000] {logging_mixin.py:190} INFO - [2025-02-03T10:06:27.657+0000] {dagbag.py:588} INFO - Filling up the DagBag from /home/airflow/.local/lib/python3.12/site-packages/airflow/example_dags/example_sla_dag.py
[2025-02-03T10:06:27.668+0000] {processor.py:925} INFO - DAG(s) 'example_sla_dag' retrieved from /home/airflow/.local/lib/python3.12/site-packages/airflow/example_dags/example_sla_dag.py
[2025-02-03T10:06:27.687+0000] {logging_mixin.py:190} INFO - [2025-02-03T10:06:27.687+0000] {dag.py:3239} INFO - Sync 1 DAGs
[2025-02-03T10:06:27.714+0000] {logging_mixin.py:190} INFO - [2025-02-03T10:06:27.714+0000] {dag.py:4180} INFO - Setting next_dagrun for example_sla_dag to 2025-02-03 10:04:00+00:00, run_after=2025-02-03 10:06:00+00:00
[2025-02-03T10:06:27.737+0000] {processor.py:208} INFO - Processing /home/airflow/.local/lib/python3.12/site-packages/airflow/example_dags/example_sla_dag.py took 0.090 seconds
[2025-02-03T10:13:07.443+0000] {processor.py:186} INFO - Started process (PID=79) to work on /home/airflow/.local/lib/python3.12/site-packages/airflow/example_dags/example_sla_dag.py
[2025-02-03T10:13:07.449+0000] {processor.py:914} INFO - Processing file /home/airflow/.local/lib/python3.12/site-packages/airflow/example_dags/example_sla_dag.py for tasks to queue
[2025-02-03T10:13:07.457+0000] {logging_mixin.py:190} INFO - [2025-02-03T10:13:07.453+0000] {dagbag.py:588} INFO - Filling up the DagBag from /home/airflow/.local/lib/python3.12/site-packages/airflow/example_dags/example_sla_dag.py
[2025-02-03T10:13:07.530+0000] {processor.py:925} INFO - DAG(s) 'example_sla_dag' retrieved from /home/airflow/.local/lib/python3.12/site-packages/airflow/example_dags/example_sla_dag.py
[2025-02-03T10:13:07.669+0000] {logging_mixin.py:190} INFO - [2025-02-03T10:13:07.668+0000] {dag.py:3239} INFO - Sync 1 DAGs
[2025-02-03T10:13:07.720+0000] {logging_mixin.py:190} INFO - [2025-02-03T10:13:07.719+0000] {dag.py:4180} INFO - Setting next_dagrun for example_sla_dag to 2025-02-03 10:10:00+00:00, run_after=2025-02-03 10:12:00+00:00
[2025-02-03T10:13:07.746+0000] {processor.py:208} INFO - Processing /home/airflow/.local/lib/python3.12/site-packages/airflow/example_dags/example_sla_dag.py took 0.336 seconds
[2025-02-03T10:13:38.645+0000] {processor.py:186} INFO - Started process (PID=143) to work on /home/airflow/.local/lib/python3.12/site-packages/airflow/example_dags/example_sla_dag.py
[2025-02-03T10:13:38.646+0000] {processor.py:914} INFO - Processing file /home/airflow/.local/lib/python3.12/site-packages/airflow/example_dags/example_sla_dag.py for tasks to queue
[2025-02-03T10:13:38.650+0000] {logging_mixin.py:190} INFO - [2025-02-03T10:13:38.649+0000] {dagbag.py:588} INFO - Filling up the DagBag from /home/airflow/.local/lib/python3.12/site-packages/airflow/example_dags/example_sla_dag.py
[2025-02-03T10:13:38.664+0000] {processor.py:925} INFO - DAG(s) 'example_sla_dag' retrieved from /home/airflow/.local/lib/python3.12/site-packages/airflow/example_dags/example_sla_dag.py
[2025-02-03T10:13:38.708+0000] {logging_mixin.py:190} INFO - [2025-02-03T10:13:38.708+0000] {dag.py:3239} INFO - Sync 1 DAGs
[2025-02-03T10:13:38.740+0000] {logging_mixin.py:190} INFO - [2025-02-03T10:13:38.740+0000] {dag.py:4180} INFO - Setting next_dagrun for example_sla_dag to 2025-02-03 10:10:00+00:00, run_after=2025-02-03 10:12:00+00:00
[2025-02-03T10:13:38.779+0000] {processor.py:208} INFO - Processing /home/airflow/.local/lib/python3.12/site-packages/airflow/example_dags/example_sla_dag.py took 0.142 seconds
[2025-02-03T10:14:10.650+0000] {processor.py:186} INFO - Started process (PID=207) to work on /home/airflow/.local/lib/python3.12/site-packages/airflow/example_dags/example_sla_dag.py
[2025-02-03T10:14:10.651+0000] {processor.py:914} INFO - Processing file /home/airflow/.local/lib/python3.12/site-packages/airflow/example_dags/example_sla_dag.py for tasks to queue
[2025-02-03T10:14:10.653+0000] {logging_mixin.py:190} INFO - [2025-02-03T10:14:10.653+0000] {dagbag.py:588} INFO - Filling up the DagBag from /home/airflow/.local/lib/python3.12/site-packages/airflow/example_dags/example_sla_dag.py
[2025-02-03T10:14:10.663+0000] {processor.py:925} INFO - DAG(s) 'example_sla_dag' retrieved from /home/airflow/.local/lib/python3.12/site-packages/airflow/example_dags/example_sla_dag.py
[2025-02-03T10:14:10.684+0000] {logging_mixin.py:190} INFO - [2025-02-03T10:14:10.683+0000] {dag.py:3239} INFO - Sync 1 DAGs
[2025-02-03T10:14:10.713+0000] {logging_mixin.py:190} INFO - [2025-02-03T10:14:10.713+0000] {dag.py:4180} INFO - Setting next_dagrun for example_sla_dag to 2025-02-03 10:12:00+00:00, run_after=2025-02-03 10:14:00+00:00
[2025-02-03T10:14:10.731+0000] {processor.py:208} INFO - Processing /home/airflow/.local/lib/python3.12/site-packages/airflow/example_dags/example_sla_dag.py took 0.088 seconds
[2025-02-03T10:14:41.094+0000] {processor.py:186} INFO - Started process (PID=265) to work on /home/airflow/.local/lib/python3.12/site-packages/airflow/example_dags/example_sla_dag.py
[2025-02-03T10:14:41.095+0000] {processor.py:914} INFO - Processing file /home/airflow/.local/lib/python3.12/site-packages/airflow/example_dags/example_sla_dag.py for tasks to queue
[2025-02-03T10:14:41.098+0000] {logging_mixin.py:190} INFO - [2025-02-03T10:14:41.098+0000] {dagbag.py:588} INFO - Filling up the DagBag from /home/airflow/.local/lib/python3.12/site-packages/airflow/example_dags/example_sla_dag.py
[2025-02-03T10:14:41.107+0000] {processor.py:925} INFO - DAG(s) 'example_sla_dag' retrieved from /home/airflow/.local/lib/python3.12/site-packages/airflow/example_dags/example_sla_dag.py
[2025-02-03T10:14:41.128+0000] {logging_mixin.py:190} INFO - [2025-02-03T10:14:41.128+0000] {dag.py:3239} INFO - Sync 1 DAGs
[2025-02-03T10:14:41.148+0000] {logging_mixin.py:190} INFO - [2025-02-03T10:14:41.148+0000] {dag.py:4180} INFO - Setting next_dagrun for example_sla_dag to 2025-02-03 10:12:00+00:00, run_after=2025-02-03 10:14:00+00:00
[2025-02-03T10:14:41.166+0000] {processor.py:208} INFO - Processing /home/airflow/.local/lib/python3.12/site-packages/airflow/example_dags/example_sla_dag.py took 0.077 seconds
[2025-02-03T10:15:11.517+0000] {processor.py:186} INFO - Started process (PID=330) to work on /home/airflow/.local/lib/python3.12/site-packages/airflow/example_dags/example_sla_dag.py
[2025-02-03T10:15:11.520+0000] {processor.py:914} INFO - Processing file /home/airflow/.local/lib/python3.12/site-packages/airflow/example_dags/example_sla_dag.py for tasks to queue
[2025-02-03T10:15:11.528+0000] {logging_mixin.py:190} INFO - [2025-02-03T10:15:11.527+0000] {dagbag.py:588} INFO - Filling up the DagBag from /home/airflow/.local/lib/python3.12/site-packages/airflow/example_dags/example_sla_dag.py
[2025-02-03T10:15:11.538+0000] {processor.py:925} INFO - DAG(s) 'example_sla_dag' retrieved from /home/airflow/.local/lib/python3.12/site-packages/airflow/example_dags/example_sla_dag.py
[2025-02-03T10:15:11.555+0000] {logging_mixin.py:190} INFO - [2025-02-03T10:15:11.555+0000] {dag.py:3239} INFO - Sync 1 DAGs
[2025-02-03T10:15:11.595+0000] {logging_mixin.py:190} INFO - [2025-02-03T10:15:11.594+0000] {dag.py:4180} INFO - Setting next_dagrun for example_sla_dag to 2025-02-03 10:12:00+00:00, run_after=2025-02-03 10:14:00+00:00
[2025-02-03T10:15:11.620+0000] {processor.py:208} INFO - Processing /home/airflow/.local/lib/python3.12/site-packages/airflow/example_dags/example_sla_dag.py took 0.108 seconds
[2025-02-03T10:15:41.739+0000] {processor.py:186} INFO - Started process (PID=394) to work on /home/airflow/.local/lib/python3.12/site-packages/airflow/example_dags/example_sla_dag.py
[2025-02-03T10:15:41.740+0000] {processor.py:914} INFO - Processing file /home/airflow/.local/lib/python3.12/site-packages/airflow/example_dags/example_sla_dag.py for tasks to queue
[2025-02-03T10:15:41.742+0000] {logging_mixin.py:190} INFO - [2025-02-03T10:15:41.742+0000] {dagbag.py:588} INFO - Filling up the DagBag from /home/airflow/.local/lib/python3.12/site-packages/airflow/example_dags/example_sla_dag.py
[2025-02-03T10:15:41.752+0000] {processor.py:925} INFO - DAG(s) 'example_sla_dag' retrieved from /home/airflow/.local/lib/python3.12/site-packages/airflow/example_dags/example_sla_dag.py
[2025-02-03T10:15:41.770+0000] {logging_mixin.py:190} INFO - [2025-02-03T10:15:41.770+0000] {dag.py:3239} INFO - Sync 1 DAGs
[2025-02-03T10:15:41.791+0000] {logging_mixin.py:190} INFO - [2025-02-03T10:15:41.791+0000] {dag.py:4180} INFO - Setting next_dagrun for example_sla_dag to 2025-02-03 10:12:00+00:00, run_after=2025-02-03 10:14:00+00:00
[2025-02-03T10:15:41.814+0000] {processor.py:208} INFO - Processing /home/airflow/.local/lib/python3.12/site-packages/airflow/example_dags/example_sla_dag.py took 0.081 seconds
[2025-02-03T10:16:13.635+0000] {processor.py:186} INFO - Started process (PID=458) to work on /home/airflow/.local/lib/python3.12/site-packages/airflow/example_dags/example_sla_dag.py
[2025-02-03T10:16:13.640+0000] {processor.py:914} INFO - Processing file /home/airflow/.local/lib/python3.12/site-packages/airflow/example_dags/example_sla_dag.py for tasks to queue
[2025-02-03T10:16:13.643+0000] {logging_mixin.py:190} INFO - [2025-02-03T10:16:13.643+0000] {dagbag.py:588} INFO - Filling up the DagBag from /home/airflow/.local/lib/python3.12/site-packages/airflow/example_dags/example_sla_dag.py
[2025-02-03T10:16:13.661+0000] {processor.py:925} INFO - DAG(s) 'example_sla_dag' retrieved from /home/airflow/.local/lib/python3.12/site-packages/airflow/example_dags/example_sla_dag.py
[2025-02-03T10:16:13.676+0000] {logging_mixin.py:190} INFO - [2025-02-03T10:16:13.675+0000] {dag.py:3239} INFO - Sync 1 DAGs
[2025-02-03T10:16:13.714+0000] {logging_mixin.py:190} INFO - [2025-02-03T10:16:13.714+0000] {dag.py:4180} INFO - Setting next_dagrun for example_sla_dag to 2025-02-03 10:14:00+00:00, run_after=2025-02-03 10:16:00+00:00
[2025-02-03T10:16:13.748+0000] {processor.py:208} INFO - Processing /home/airflow/.local/lib/python3.12/site-packages/airflow/example_dags/example_sla_dag.py took 0.117 seconds
[2025-02-03T10:16:44.922+0000] {processor.py:186} INFO - Started process (PID=522) to work on /home/airflow/.local/lib/python3.12/site-packages/airflow/example_dags/example_sla_dag.py
[2025-02-03T10:16:44.927+0000] {processor.py:914} INFO - Processing file /home/airflow/.local/lib/python3.12/site-packages/airflow/example_dags/example_sla_dag.py for tasks to queue
[2025-02-03T10:16:44.935+0000] {logging_mixin.py:190} INFO - [2025-02-03T10:16:44.935+0000] {dagbag.py:588} INFO - Filling up the DagBag from /home/airflow/.local/lib/python3.12/site-packages/airflow/example_dags/example_sla_dag.py
[2025-02-03T10:16:44.966+0000] {processor.py:925} INFO - DAG(s) 'example_sla_dag' retrieved from /home/airflow/.local/lib/python3.12/site-packages/airflow/example_dags/example_sla_dag.py
[2025-02-03T10:16:44.996+0000] {logging_mixin.py:190} INFO - [2025-02-03T10:16:44.996+0000] {dag.py:3239} INFO - Sync 1 DAGs
[2025-02-03T10:16:45.024+0000] {logging_mixin.py:190} INFO - [2025-02-03T10:16:45.023+0000] {dag.py:4180} INFO - Setting next_dagrun for example_sla_dag to 2025-02-03 10:14:00+00:00, run_after=2025-02-03 10:16:00+00:00
[2025-02-03T10:16:45.045+0000] {processor.py:208} INFO - Processing /home/airflow/.local/lib/python3.12/site-packages/airflow/example_dags/example_sla_dag.py took 0.130 seconds
[2025-02-03T10:17:16.605+0000] {processor.py:186} INFO - Started process (PID=587) to work on /home/airflow/.local/lib/python3.12/site-packages/airflow/example_dags/example_sla_dag.py
[2025-02-03T10:17:16.606+0000] {processor.py:914} INFO - Processing file /home/airflow/.local/lib/python3.12/site-packages/airflow/example_dags/example_sla_dag.py for tasks to queue
[2025-02-03T10:17:16.609+0000] {logging_mixin.py:190} INFO - [2025-02-03T10:17:16.609+0000] {dagbag.py:588} INFO - Filling up the DagBag from /home/airflow/.local/lib/python3.12/site-packages/airflow/example_dags/example_sla_dag.py
[2025-02-03T10:17:16.622+0000] {processor.py:925} INFO - DAG(s) 'example_sla_dag' retrieved from /home/airflow/.local/lib/python3.12/site-packages/airflow/example_dags/example_sla_dag.py
[2025-02-03T10:17:16.642+0000] {logging_mixin.py:190} INFO - [2025-02-03T10:17:16.642+0000] {dag.py:3239} INFO - Sync 1 DAGs
[2025-02-03T10:17:16.671+0000] {logging_mixin.py:190} INFO - [2025-02-03T10:17:16.671+0000] {dag.py:4180} INFO - Setting next_dagrun for example_sla_dag to 2025-02-03 10:14:00+00:00, run_after=2025-02-03 10:16:00+00:00
[2025-02-03T10:17:16.709+0000] {processor.py:208} INFO - Processing /home/airflow/.local/lib/python3.12/site-packages/airflow/example_dags/example_sla_dag.py took 0.111 seconds
[2025-02-03T10:17:47.142+0000] {processor.py:186} INFO - Started process (PID=651) to work on /home/airflow/.local/lib/python3.12/site-packages/airflow/example_dags/example_sla_dag.py
[2025-02-03T10:17:47.143+0000] {processor.py:914} INFO - Processing file /home/airflow/.local/lib/python3.12/site-packages/airflow/example_dags/example_sla_dag.py for tasks to queue
[2025-02-03T10:17:47.146+0000] {logging_mixin.py:190} INFO - [2025-02-03T10:17:47.145+0000] {dagbag.py:588} INFO - Filling up the DagBag from /home/airflow/.local/lib/python3.12/site-packages/airflow/example_dags/example_sla_dag.py
[2025-02-03T10:17:47.155+0000] {processor.py:925} INFO - DAG(s) 'example_sla_dag' retrieved from /home/airflow/.local/lib/python3.12/site-packages/airflow/example_dags/example_sla_dag.py
[2025-02-03T10:17:47.172+0000] {logging_mixin.py:190} INFO - [2025-02-03T10:17:47.172+0000] {dag.py:3239} INFO - Sync 1 DAGs
[2025-02-03T10:17:47.193+0000] {logging_mixin.py:190} INFO - [2025-02-03T10:17:47.193+0000] {dag.py:4180} INFO - Setting next_dagrun for example_sla_dag to 2025-02-03 10:14:00+00:00, run_after=2025-02-03 10:16:00+00:00
[2025-02-03T10:17:47.208+0000] {processor.py:208} INFO - Processing /home/airflow/.local/lib/python3.12/site-packages/airflow/example_dags/example_sla_dag.py took 0.072 seconds
[2025-02-03T10:18:17.747+0000] {processor.py:186} INFO - Started process (PID=716) to work on /home/airflow/.local/lib/python3.12/site-packages/airflow/example_dags/example_sla_dag.py
[2025-02-03T10:18:17.749+0000] {processor.py:914} INFO - Processing file /home/airflow/.local/lib/python3.12/site-packages/airflow/example_dags/example_sla_dag.py for tasks to queue
[2025-02-03T10:18:17.758+0000] {logging_mixin.py:190} INFO - [2025-02-03T10:18:17.757+0000] {dagbag.py:588} INFO - Filling up the DagBag from /home/airflow/.local/lib/python3.12/site-packages/airflow/example_dags/example_sla_dag.py
[2025-02-03T10:18:17.776+0000] {processor.py:925} INFO - DAG(s) 'example_sla_dag' retrieved from /home/airflow/.local/lib/python3.12/site-packages/airflow/example_dags/example_sla_dag.py
[2025-02-03T10:18:17.798+0000] {logging_mixin.py:190} INFO - [2025-02-03T10:18:17.798+0000] {dag.py:3239} INFO - Sync 1 DAGs
[2025-02-03T10:18:17.823+0000] {logging_mixin.py:190} INFO - [2025-02-03T10:18:17.823+0000] {dag.py:4180} INFO - Setting next_dagrun for example_sla_dag to 2025-02-03 10:16:00+00:00, run_after=2025-02-03 10:18:00+00:00
[2025-02-03T10:18:17.841+0000] {processor.py:208} INFO - Processing /home/airflow/.local/lib/python3.12/site-packages/airflow/example_dags/example_sla_dag.py took 0.100 seconds
[2025-02-03T10:18:49.227+0000] {processor.py:186} INFO - Started process (PID=780) to work on /home/airflow/.local/lib/python3.12/site-packages/airflow/example_dags/example_sla_dag.py
[2025-02-03T10:18:49.228+0000] {processor.py:914} INFO - Processing file /home/airflow/.local/lib/python3.12/site-packages/airflow/example_dags/example_sla_dag.py for tasks to queue
[2025-02-03T10:18:49.231+0000] {logging_mixin.py:190} INFO - [2025-02-03T10:18:49.230+0000] {dagbag.py:588} INFO - Filling up the DagBag from /home/airflow/.local/lib/python3.12/site-packages/airflow/example_dags/example_sla_dag.py
[2025-02-03T10:18:49.246+0000] {processor.py:925} INFO - DAG(s) 'example_sla_dag' retrieved from /home/airflow/.local/lib/python3.12/site-packages/airflow/example_dags/example_sla_dag.py
[2025-02-03T10:18:49.271+0000] {logging_mixin.py:190} INFO - [2025-02-03T10:18:49.271+0000] {dag.py:3239} INFO - Sync 1 DAGs
[2025-02-03T10:18:49.292+0000] {logging_mixin.py:190} INFO - [2025-02-03T10:18:49.292+0000] {dag.py:4180} INFO - Setting next_dagrun for example_sla_dag to 2025-02-03 10:16:00+00:00, run_after=2025-02-03 10:18:00+00:00
[2025-02-03T10:18:49.307+0000] {processor.py:208} INFO - Processing /home/airflow/.local/lib/python3.12/site-packages/airflow/example_dags/example_sla_dag.py took 0.091 seconds
[2025-02-03T10:19:22.472+0000] {processor.py:186} INFO - Started process (PID=845) to work on /home/airflow/.local/lib/python3.12/site-packages/airflow/example_dags/example_sla_dag.py
[2025-02-03T10:19:22.473+0000] {processor.py:914} INFO - Processing file /home/airflow/.local/lib/python3.12/site-packages/airflow/example_dags/example_sla_dag.py for tasks to queue
[2025-02-03T10:19:22.475+0000] {logging_mixin.py:190} INFO - [2025-02-03T10:19:22.475+0000] {dagbag.py:588} INFO - Filling up the DagBag from /home/airflow/.local/lib/python3.12/site-packages/airflow/example_dags/example_sla_dag.py
[2025-02-03T10:19:22.490+0000] {processor.py:925} INFO - DAG(s) 'example_sla_dag' retrieved from /home/airflow/.local/lib/python3.12/site-packages/airflow/example_dags/example_sla_dag.py
[2025-02-03T10:19:22.518+0000] {logging_mixin.py:190} INFO - [2025-02-03T10:19:22.518+0000] {dag.py:3239} INFO - Sync 1 DAGs
[2025-02-03T10:19:22.556+0000] {logging_mixin.py:190} INFO - [2025-02-03T10:19:22.556+0000] {dag.py:4180} INFO - Setting next_dagrun for example_sla_dag to 2025-02-03 10:16:00+00:00, run_after=2025-02-03 10:18:00+00:00
[2025-02-03T10:19:22.585+0000] {processor.py:208} INFO - Processing /home/airflow/.local/lib/python3.12/site-packages/airflow/example_dags/example_sla_dag.py took 0.118 seconds
[2025-02-03T10:19:55.224+0000] {processor.py:186} INFO - Started process (PID=909) to work on /home/airflow/.local/lib/python3.12/site-packages/airflow/example_dags/example_sla_dag.py
[2025-02-03T10:19:55.225+0000] {processor.py:914} INFO - Processing file /home/airflow/.local/lib/python3.12/site-packages/airflow/example_dags/example_sla_dag.py for tasks to queue
[2025-02-03T10:19:55.228+0000] {logging_mixin.py:190} INFO - [2025-02-03T10:19:55.227+0000] {dagbag.py:588} INFO - Filling up the DagBag from /home/airflow/.local/lib/python3.12/site-packages/airflow/example_dags/example_sla_dag.py
[2025-02-03T10:19:55.237+0000] {processor.py:925} INFO - DAG(s) 'example_sla_dag' retrieved from /home/airflow/.local/lib/python3.12/site-packages/airflow/example_dags/example_sla_dag.py
[2025-02-03T10:19:55.252+0000] {logging_mixin.py:190} INFO - [2025-02-03T10:19:55.252+0000] {dag.py:3239} INFO - Sync 1 DAGs
[2025-02-03T10:19:55.277+0000] {logging_mixin.py:190} INFO - [2025-02-03T10:19:55.277+0000] {dag.py:4180} INFO - Setting next_dagrun for example_sla_dag to 2025-02-03 10:16:00+00:00, run_after=2025-02-03 10:18:00+00:00
[2025-02-03T10:19:55.306+0000] {processor.py:208} INFO - Processing /home/airflow/.local/lib/python3.12/site-packages/airflow/example_dags/example_sla_dag.py took 0.087 seconds
