[2025-02-03T09:44:35.911+0000] {processor.py:186} INFO - Started process (PID=81) to work on /home/airflow/.local/lib/python3.12/site-packages/airflow/example_dags/example_latest_only_with_trigger.py
[2025-02-03T09:44:35.915+0000] {processor.py:914} INFO - Processing file /home/airflow/.local/lib/python3.12/site-packages/airflow/example_dags/example_latest_only_with_trigger.py for tasks to queue
[2025-02-03T09:44:35.923+0000] {logging_mixin.py:190} INFO - [2025-02-03T09:44:35.923+0000] {dagbag.py:588} INFO - Filling up the DagBag from /home/airflow/.local/lib/python3.12/site-packages/airflow/example_dags/example_latest_only_with_trigger.py
[2025-02-03T09:44:35.935+0000] {processor.py:925} INFO - DAG(s) 'latest_only_with_trigger' retrieved from /home/airflow/.local/lib/python3.12/site-packages/airflow/example_dags/example_latest_only_with_trigger.py
[2025-02-03T09:44:36.184+0000] {logging_mixin.py:190} INFO - [2025-02-03T09:44:36.183+0000] {override.py:1911} INFO - Created Permission View: can edit on DAG:latest_only_with_trigger
[2025-02-03T09:44:36.198+0000] {logging_mixin.py:190} INFO - [2025-02-03T09:44:36.198+0000] {override.py:1911} INFO - Created Permission View: can read on DAG:latest_only_with_trigger
[2025-02-03T09:44:36.204+0000] {logging_mixin.py:190} INFO - [2025-02-03T09:44:36.204+0000] {override.py:1911} INFO - Created Permission View: can delete on DAG:latest_only_with_trigger
[2025-02-03T09:44:36.210+0000] {logging_mixin.py:190} INFO - [2025-02-03T09:44:36.210+0000] {override.py:1911} INFO - Created Permission View: can read on DAG Run:latest_only_with_trigger
[2025-02-03T09:44:36.215+0000] {logging_mixin.py:190} INFO - [2025-02-03T09:44:36.215+0000] {override.py:1911} INFO - Created Permission View: can delete on DAG Run:latest_only_with_trigger
[2025-02-03T09:44:36.221+0000] {logging_mixin.py:190} INFO - [2025-02-03T09:44:36.220+0000] {override.py:1911} INFO - Created Permission View: can create on DAG Run:latest_only_with_trigger
[2025-02-03T09:44:36.226+0000] {logging_mixin.py:190} INFO - [2025-02-03T09:44:36.225+0000] {override.py:1911} INFO - Created Permission View: menu access on DAG Run:latest_only_with_trigger
[2025-02-03T09:44:36.226+0000] {logging_mixin.py:190} INFO - [2025-02-03T09:44:36.226+0000] {dag.py:3239} INFO - Sync 1 DAGs
[2025-02-03T09:44:36.238+0000] {logging_mixin.py:190} INFO - [2025-02-03T09:44:36.238+0000] {dag.py:3262} INFO - Creating ORM DAG for latest_only_with_trigger
[2025-02-03T09:44:36.245+0000] {logging_mixin.py:190} INFO - [2025-02-03T09:44:36.245+0000] {dag.py:4180} INFO - Setting next_dagrun for latest_only_with_trigger to 2025-02-03 04:00:00+00:00, run_after=2025-02-03 08:00:00+00:00
[2025-02-03T09:44:36.267+0000] {processor.py:208} INFO - Processing /home/airflow/.local/lib/python3.12/site-packages/airflow/example_dags/example_latest_only_with_trigger.py took 0.364 seconds
[2025-02-03T09:45:15.968+0000] {processor.py:186} INFO - Started process (PID=143) to work on /home/airflow/.local/lib/python3.12/site-packages/airflow/example_dags/example_latest_only_with_trigger.py
[2025-02-03T09:45:15.973+0000] {processor.py:914} INFO - Processing file /home/airflow/.local/lib/python3.12/site-packages/airflow/example_dags/example_latest_only_with_trigger.py for tasks to queue
[2025-02-03T09:45:15.980+0000] {logging_mixin.py:190} INFO - [2025-02-03T09:45:15.980+0000] {dagbag.py:588} INFO - Filling up the DagBag from /home/airflow/.local/lib/python3.12/site-packages/airflow/example_dags/example_latest_only_with_trigger.py
[2025-02-03T09:45:15.991+0000] {processor.py:925} INFO - DAG(s) 'latest_only_with_trigger' retrieved from /home/airflow/.local/lib/python3.12/site-packages/airflow/example_dags/example_latest_only_with_trigger.py
[2025-02-03T09:45:16.016+0000] {logging_mixin.py:190} INFO - [2025-02-03T09:45:16.016+0000] {dag.py:3239} INFO - Sync 1 DAGs
[2025-02-03T09:45:16.052+0000] {logging_mixin.py:190} INFO - [2025-02-03T09:45:16.051+0000] {dag.py:4180} INFO - Setting next_dagrun for latest_only_with_trigger to 2025-02-03 04:00:00+00:00, run_after=2025-02-03 08:00:00+00:00
[2025-02-03T09:45:16.078+0000] {processor.py:208} INFO - Processing /home/airflow/.local/lib/python3.12/site-packages/airflow/example_dags/example_latest_only_with_trigger.py took 0.117 seconds
[2025-02-03T09:45:46.640+0000] {processor.py:186} INFO - Started process (PID=206) to work on /home/airflow/.local/lib/python3.12/site-packages/airflow/example_dags/example_latest_only_with_trigger.py
[2025-02-03T09:45:46.641+0000] {processor.py:914} INFO - Processing file /home/airflow/.local/lib/python3.12/site-packages/airflow/example_dags/example_latest_only_with_trigger.py for tasks to queue
[2025-02-03T09:45:46.643+0000] {logging_mixin.py:190} INFO - [2025-02-03T09:45:46.643+0000] {dagbag.py:588} INFO - Filling up the DagBag from /home/airflow/.local/lib/python3.12/site-packages/airflow/example_dags/example_latest_only_with_trigger.py
[2025-02-03T09:45:46.649+0000] {processor.py:925} INFO - DAG(s) 'latest_only_with_trigger' retrieved from /home/airflow/.local/lib/python3.12/site-packages/airflow/example_dags/example_latest_only_with_trigger.py
[2025-02-03T09:45:46.665+0000] {logging_mixin.py:190} INFO - [2025-02-03T09:45:46.664+0000] {dag.py:3239} INFO - Sync 1 DAGs
[2025-02-03T09:45:46.683+0000] {logging_mixin.py:190} INFO - [2025-02-03T09:45:46.683+0000] {dag.py:4180} INFO - Setting next_dagrun for latest_only_with_trigger to 2025-02-03 04:00:00+00:00, run_after=2025-02-03 08:00:00+00:00
[2025-02-03T09:45:46.701+0000] {processor.py:208} INFO - Processing /home/airflow/.local/lib/python3.12/site-packages/airflow/example_dags/example_latest_only_with_trigger.py took 0.066 seconds
[2025-02-03T09:46:19.515+0000] {processor.py:186} INFO - Started process (PID=269) to work on /home/airflow/.local/lib/python3.12/site-packages/airflow/example_dags/example_latest_only_with_trigger.py
[2025-02-03T09:46:19.516+0000] {processor.py:914} INFO - Processing file /home/airflow/.local/lib/python3.12/site-packages/airflow/example_dags/example_latest_only_with_trigger.py for tasks to queue
[2025-02-03T09:46:19.519+0000] {logging_mixin.py:190} INFO - [2025-02-03T09:46:19.519+0000] {dagbag.py:588} INFO - Filling up the DagBag from /home/airflow/.local/lib/python3.12/site-packages/airflow/example_dags/example_latest_only_with_trigger.py
[2025-02-03T09:46:19.526+0000] {processor.py:925} INFO - DAG(s) 'latest_only_with_trigger' retrieved from /home/airflow/.local/lib/python3.12/site-packages/airflow/example_dags/example_latest_only_with_trigger.py
[2025-02-03T09:46:19.541+0000] {logging_mixin.py:190} INFO - [2025-02-03T09:46:19.540+0000] {dag.py:3239} INFO - Sync 1 DAGs
[2025-02-03T09:46:19.557+0000] {logging_mixin.py:190} INFO - [2025-02-03T09:46:19.557+0000] {dag.py:4180} INFO - Setting next_dagrun for latest_only_with_trigger to 2025-02-03 04:00:00+00:00, run_after=2025-02-03 08:00:00+00:00
[2025-02-03T09:46:19.573+0000] {processor.py:208} INFO - Processing /home/airflow/.local/lib/python3.12/site-packages/airflow/example_dags/example_latest_only_with_trigger.py took 0.063 seconds
[2025-02-03T09:55:25.783+0000] {processor.py:186} INFO - Started process (PID=82) to work on /home/airflow/.local/lib/python3.12/site-packages/airflow/example_dags/example_latest_only_with_trigger.py
[2025-02-03T09:55:25.784+0000] {processor.py:914} INFO - Processing file /home/airflow/.local/lib/python3.12/site-packages/airflow/example_dags/example_latest_only_with_trigger.py for tasks to queue
[2025-02-03T09:55:25.786+0000] {logging_mixin.py:190} INFO - [2025-02-03T09:55:25.786+0000] {dagbag.py:588} INFO - Filling up the DagBag from /home/airflow/.local/lib/python3.12/site-packages/airflow/example_dags/example_latest_only_with_trigger.py
[2025-02-03T09:55:25.794+0000] {processor.py:925} INFO - DAG(s) 'latest_only_with_trigger' retrieved from /home/airflow/.local/lib/python3.12/site-packages/airflow/example_dags/example_latest_only_with_trigger.py
[2025-02-03T09:55:25.813+0000] {logging_mixin.py:190} INFO - [2025-02-03T09:55:25.812+0000] {dag.py:3239} INFO - Sync 1 DAGs
[2025-02-03T09:55:25.832+0000] {logging_mixin.py:190} INFO - [2025-02-03T09:55:25.831+0000] {dag.py:4180} INFO - Setting next_dagrun for latest_only_with_trigger to 2025-02-03 04:00:00+00:00, run_after=2025-02-03 08:00:00+00:00
[2025-02-03T09:55:25.850+0000] {processor.py:208} INFO - Processing /home/airflow/.local/lib/python3.12/site-packages/airflow/example_dags/example_latest_only_with_trigger.py took 0.072 seconds
[2025-02-03T09:55:56.346+0000] {processor.py:186} INFO - Started process (PID=146) to work on /home/airflow/.local/lib/python3.12/site-packages/airflow/example_dags/example_latest_only_with_trigger.py
[2025-02-03T09:55:56.348+0000] {processor.py:914} INFO - Processing file /home/airflow/.local/lib/python3.12/site-packages/airflow/example_dags/example_latest_only_with_trigger.py for tasks to queue
[2025-02-03T09:55:56.350+0000] {logging_mixin.py:190} INFO - [2025-02-03T09:55:56.350+0000] {dagbag.py:588} INFO - Filling up the DagBag from /home/airflow/.local/lib/python3.12/site-packages/airflow/example_dags/example_latest_only_with_trigger.py
[2025-02-03T09:55:56.357+0000] {processor.py:925} INFO - DAG(s) 'latest_only_with_trigger' retrieved from /home/airflow/.local/lib/python3.12/site-packages/airflow/example_dags/example_latest_only_with_trigger.py
[2025-02-03T09:55:56.397+0000] {logging_mixin.py:190} INFO - [2025-02-03T09:55:56.397+0000] {dag.py:3239} INFO - Sync 1 DAGs
[2025-02-03T09:55:56.425+0000] {logging_mixin.py:190} INFO - [2025-02-03T09:55:56.424+0000] {dag.py:4180} INFO - Setting next_dagrun for latest_only_with_trigger to 2025-02-03 04:00:00+00:00, run_after=2025-02-03 08:00:00+00:00
[2025-02-03T09:55:56.444+0000] {processor.py:208} INFO - Processing /home/airflow/.local/lib/python3.12/site-packages/airflow/example_dags/example_latest_only_with_trigger.py took 0.103 seconds
[2025-02-03T09:56:26.508+0000] {processor.py:186} INFO - Started process (PID=210) to work on /home/airflow/.local/lib/python3.12/site-packages/airflow/example_dags/example_latest_only_with_trigger.py
[2025-02-03T09:56:26.509+0000] {processor.py:914} INFO - Processing file /home/airflow/.local/lib/python3.12/site-packages/airflow/example_dags/example_latest_only_with_trigger.py for tasks to queue
[2025-02-03T09:56:26.511+0000] {logging_mixin.py:190} INFO - [2025-02-03T09:56:26.511+0000] {dagbag.py:588} INFO - Filling up the DagBag from /home/airflow/.local/lib/python3.12/site-packages/airflow/example_dags/example_latest_only_with_trigger.py
[2025-02-03T09:56:26.518+0000] {processor.py:925} INFO - DAG(s) 'latest_only_with_trigger' retrieved from /home/airflow/.local/lib/python3.12/site-packages/airflow/example_dags/example_latest_only_with_trigger.py
[2025-02-03T09:56:26.539+0000] {logging_mixin.py:190} INFO - [2025-02-03T09:56:26.537+0000] {dag.py:3239} INFO - Sync 1 DAGs
[2025-02-03T09:56:26.568+0000] {logging_mixin.py:190} INFO - [2025-02-03T09:56:26.568+0000] {dag.py:4180} INFO - Setting next_dagrun for latest_only_with_trigger to 2025-02-03 04:00:00+00:00, run_after=2025-02-03 08:00:00+00:00
[2025-02-03T09:56:26.587+0000] {processor.py:208} INFO - Processing /home/airflow/.local/lib/python3.12/site-packages/airflow/example_dags/example_latest_only_with_trigger.py took 0.083 seconds
[2025-02-03T09:56:57.086+0000] {processor.py:186} INFO - Started process (PID=274) to work on /home/airflow/.local/lib/python3.12/site-packages/airflow/example_dags/example_latest_only_with_trigger.py
[2025-02-03T09:56:57.087+0000] {processor.py:914} INFO - Processing file /home/airflow/.local/lib/python3.12/site-packages/airflow/example_dags/example_latest_only_with_trigger.py for tasks to queue
[2025-02-03T09:56:57.089+0000] {logging_mixin.py:190} INFO - [2025-02-03T09:56:57.089+0000] {dagbag.py:588} INFO - Filling up the DagBag from /home/airflow/.local/lib/python3.12/site-packages/airflow/example_dags/example_latest_only_with_trigger.py
[2025-02-03T09:56:57.096+0000] {processor.py:925} INFO - DAG(s) 'latest_only_with_trigger' retrieved from /home/airflow/.local/lib/python3.12/site-packages/airflow/example_dags/example_latest_only_with_trigger.py
[2025-02-03T09:56:57.112+0000] {logging_mixin.py:190} INFO - [2025-02-03T09:56:57.112+0000] {dag.py:3239} INFO - Sync 1 DAGs
[2025-02-03T09:56:57.130+0000] {logging_mixin.py:190} INFO - [2025-02-03T09:56:57.129+0000] {dag.py:4180} INFO - Setting next_dagrun for latest_only_with_trigger to 2025-02-03 04:00:00+00:00, run_after=2025-02-03 08:00:00+00:00
[2025-02-03T09:56:57.146+0000] {processor.py:208} INFO - Processing /home/airflow/.local/lib/python3.12/site-packages/airflow/example_dags/example_latest_only_with_trigger.py took 0.064 seconds
[2025-02-03T09:57:33.951+0000] {processor.py:186} INFO - Started process (PID=338) to work on /home/airflow/.local/lib/python3.12/site-packages/airflow/example_dags/example_latest_only_with_trigger.py
[2025-02-03T09:57:33.954+0000] {processor.py:914} INFO - Processing file /home/airflow/.local/lib/python3.12/site-packages/airflow/example_dags/example_latest_only_with_trigger.py for tasks to queue
[2025-02-03T09:57:33.964+0000] {logging_mixin.py:190} INFO - [2025-02-03T09:57:33.963+0000] {dagbag.py:588} INFO - Filling up the DagBag from /home/airflow/.local/lib/python3.12/site-packages/airflow/example_dags/example_latest_only_with_trigger.py
[2025-02-03T09:57:33.972+0000] {processor.py:925} INFO - DAG(s) 'latest_only_with_trigger' retrieved from /home/airflow/.local/lib/python3.12/site-packages/airflow/example_dags/example_latest_only_with_trigger.py
[2025-02-03T09:57:33.998+0000] {logging_mixin.py:190} INFO - [2025-02-03T09:57:33.998+0000] {dag.py:3239} INFO - Sync 1 DAGs
[2025-02-03T09:57:34.029+0000] {logging_mixin.py:190} INFO - [2025-02-03T09:57:34.029+0000] {dag.py:4180} INFO - Setting next_dagrun for latest_only_with_trigger to 2025-02-03 04:00:00+00:00, run_after=2025-02-03 08:00:00+00:00
[2025-02-03T09:57:34.053+0000] {processor.py:208} INFO - Processing /home/airflow/.local/lib/python3.12/site-packages/airflow/example_dags/example_latest_only_with_trigger.py took 0.106 seconds
[2025-02-03T09:58:07.717+0000] {processor.py:186} INFO - Started process (PID=408) to work on /home/airflow/.local/lib/python3.12/site-packages/airflow/example_dags/example_latest_only_with_trigger.py
[2025-02-03T09:58:07.718+0000] {processor.py:914} INFO - Processing file /home/airflow/.local/lib/python3.12/site-packages/airflow/example_dags/example_latest_only_with_trigger.py for tasks to queue
[2025-02-03T09:58:07.721+0000] {logging_mixin.py:190} INFO - [2025-02-03T09:58:07.721+0000] {dagbag.py:588} INFO - Filling up the DagBag from /home/airflow/.local/lib/python3.12/site-packages/airflow/example_dags/example_latest_only_with_trigger.py
[2025-02-03T09:58:07.728+0000] {processor.py:925} INFO - DAG(s) 'latest_only_with_trigger' retrieved from /home/airflow/.local/lib/python3.12/site-packages/airflow/example_dags/example_latest_only_with_trigger.py
[2025-02-03T09:58:07.748+0000] {logging_mixin.py:190} INFO - [2025-02-03T09:58:07.748+0000] {dag.py:3239} INFO - Sync 1 DAGs
[2025-02-03T09:58:07.768+0000] {logging_mixin.py:190} INFO - [2025-02-03T09:58:07.768+0000] {dag.py:4180} INFO - Setting next_dagrun for latest_only_with_trigger to 2025-02-03 04:00:00+00:00, run_after=2025-02-03 08:00:00+00:00
[2025-02-03T09:58:07.786+0000] {processor.py:208} INFO - Processing /home/airflow/.local/lib/python3.12/site-packages/airflow/example_dags/example_latest_only_with_trigger.py took 0.075 seconds
[2025-02-03T09:58:39.377+0000] {processor.py:186} INFO - Started process (PID=473) to work on /home/airflow/.local/lib/python3.12/site-packages/airflow/example_dags/example_latest_only_with_trigger.py
[2025-02-03T09:58:39.393+0000] {processor.py:914} INFO - Processing file /home/airflow/.local/lib/python3.12/site-packages/airflow/example_dags/example_latest_only_with_trigger.py for tasks to queue
[2025-02-03T09:58:39.395+0000] {logging_mixin.py:190} INFO - [2025-02-03T09:58:39.395+0000] {dagbag.py:588} INFO - Filling up the DagBag from /home/airflow/.local/lib/python3.12/site-packages/airflow/example_dags/example_latest_only_with_trigger.py
[2025-02-03T09:58:39.402+0000] {processor.py:925} INFO - DAG(s) 'latest_only_with_trigger' retrieved from /home/airflow/.local/lib/python3.12/site-packages/airflow/example_dags/example_latest_only_with_trigger.py
[2025-02-03T09:58:39.474+0000] {logging_mixin.py:190} INFO - [2025-02-03T09:58:39.473+0000] {dag.py:3239} INFO - Sync 1 DAGs
[2025-02-03T09:58:39.544+0000] {logging_mixin.py:190} INFO - [2025-02-03T09:58:39.544+0000] {dag.py:4180} INFO - Setting next_dagrun for latest_only_with_trigger to 2025-02-03 04:00:00+00:00, run_after=2025-02-03 08:00:00+00:00
[2025-02-03T09:58:39.578+0000] {processor.py:208} INFO - Processing /home/airflow/.local/lib/python3.12/site-packages/airflow/example_dags/example_latest_only_with_trigger.py took 0.206 seconds
[2025-02-03T09:59:10.095+0000] {processor.py:186} INFO - Started process (PID=537) to work on /home/airflow/.local/lib/python3.12/site-packages/airflow/example_dags/example_latest_only_with_trigger.py
[2025-02-03T09:59:10.096+0000] {processor.py:914} INFO - Processing file /home/airflow/.local/lib/python3.12/site-packages/airflow/example_dags/example_latest_only_with_trigger.py for tasks to queue
[2025-02-03T09:59:10.098+0000] {logging_mixin.py:190} INFO - [2025-02-03T09:59:10.098+0000] {dagbag.py:588} INFO - Filling up the DagBag from /home/airflow/.local/lib/python3.12/site-packages/airflow/example_dags/example_latest_only_with_trigger.py
[2025-02-03T09:59:10.106+0000] {processor.py:925} INFO - DAG(s) 'latest_only_with_trigger' retrieved from /home/airflow/.local/lib/python3.12/site-packages/airflow/example_dags/example_latest_only_with_trigger.py
[2025-02-03T09:59:10.123+0000] {logging_mixin.py:190} INFO - [2025-02-03T09:59:10.122+0000] {dag.py:3239} INFO - Sync 1 DAGs
[2025-02-03T09:59:10.158+0000] {logging_mixin.py:190} INFO - [2025-02-03T09:59:10.157+0000] {dag.py:4180} INFO - Setting next_dagrun for latest_only_with_trigger to 2025-02-03 04:00:00+00:00, run_after=2025-02-03 08:00:00+00:00
[2025-02-03T09:59:10.193+0000] {processor.py:208} INFO - Processing /home/airflow/.local/lib/python3.12/site-packages/airflow/example_dags/example_latest_only_with_trigger.py took 0.104 seconds
[2025-02-03T09:59:40.710+0000] {processor.py:186} INFO - Started process (PID=595) to work on /home/airflow/.local/lib/python3.12/site-packages/airflow/example_dags/example_latest_only_with_trigger.py
[2025-02-03T09:59:40.711+0000] {processor.py:914} INFO - Processing file /home/airflow/.local/lib/python3.12/site-packages/airflow/example_dags/example_latest_only_with_trigger.py for tasks to queue
[2025-02-03T09:59:40.713+0000] {logging_mixin.py:190} INFO - [2025-02-03T09:59:40.713+0000] {dagbag.py:588} INFO - Filling up the DagBag from /home/airflow/.local/lib/python3.12/site-packages/airflow/example_dags/example_latest_only_with_trigger.py
[2025-02-03T09:59:40.719+0000] {processor.py:925} INFO - DAG(s) 'latest_only_with_trigger' retrieved from /home/airflow/.local/lib/python3.12/site-packages/airflow/example_dags/example_latest_only_with_trigger.py
[2025-02-03T09:59:40.734+0000] {logging_mixin.py:190} INFO - [2025-02-03T09:59:40.733+0000] {dag.py:3239} INFO - Sync 1 DAGs
[2025-02-03T09:59:40.752+0000] {logging_mixin.py:190} INFO - [2025-02-03T09:59:40.752+0000] {dag.py:4180} INFO - Setting next_dagrun for latest_only_with_trigger to 2025-02-03 04:00:00+00:00, run_after=2025-02-03 08:00:00+00:00
[2025-02-03T09:59:40.767+0000] {processor.py:208} INFO - Processing /home/airflow/.local/lib/python3.12/site-packages/airflow/example_dags/example_latest_only_with_trigger.py took 0.064 seconds
[2025-02-03T10:00:13.233+0000] {processor.py:186} INFO - Started process (PID=665) to work on /home/airflow/.local/lib/python3.12/site-packages/airflow/example_dags/example_latest_only_with_trigger.py
[2025-02-03T10:00:13.242+0000] {processor.py:914} INFO - Processing file /home/airflow/.local/lib/python3.12/site-packages/airflow/example_dags/example_latest_only_with_trigger.py for tasks to queue
[2025-02-03T10:00:13.256+0000] {logging_mixin.py:190} INFO - [2025-02-03T10:00:13.255+0000] {dagbag.py:588} INFO - Filling up the DagBag from /home/airflow/.local/lib/python3.12/site-packages/airflow/example_dags/example_latest_only_with_trigger.py
[2025-02-03T10:00:13.294+0000] {processor.py:925} INFO - DAG(s) 'latest_only_with_trigger' retrieved from /home/airflow/.local/lib/python3.12/site-packages/airflow/example_dags/example_latest_only_with_trigger.py
[2025-02-03T10:00:13.352+0000] {logging_mixin.py:190} INFO - [2025-02-03T10:00:13.352+0000] {dag.py:3239} INFO - Sync 1 DAGs
[2025-02-03T10:00:13.398+0000] {logging_mixin.py:190} INFO - [2025-02-03T10:00:13.398+0000] {dag.py:4180} INFO - Setting next_dagrun for latest_only_with_trigger to 2025-02-03 04:00:00+00:00, run_after=2025-02-03 08:00:00+00:00
[2025-02-03T10:00:13.466+0000] {processor.py:208} INFO - Processing /home/airflow/.local/lib/python3.12/site-packages/airflow/example_dags/example_latest_only_with_trigger.py took 0.240 seconds
[2025-02-03T10:00:43.944+0000] {processor.py:186} INFO - Started process (PID=723) to work on /home/airflow/.local/lib/python3.12/site-packages/airflow/example_dags/example_latest_only_with_trigger.py
[2025-02-03T10:00:43.946+0000] {processor.py:914} INFO - Processing file /home/airflow/.local/lib/python3.12/site-packages/airflow/example_dags/example_latest_only_with_trigger.py for tasks to queue
[2025-02-03T10:00:43.948+0000] {logging_mixin.py:190} INFO - [2025-02-03T10:00:43.948+0000] {dagbag.py:588} INFO - Filling up the DagBag from /home/airflow/.local/lib/python3.12/site-packages/airflow/example_dags/example_latest_only_with_trigger.py
[2025-02-03T10:00:43.955+0000] {processor.py:925} INFO - DAG(s) 'latest_only_with_trigger' retrieved from /home/airflow/.local/lib/python3.12/site-packages/airflow/example_dags/example_latest_only_with_trigger.py
[2025-02-03T10:00:43.970+0000] {logging_mixin.py:190} INFO - [2025-02-03T10:00:43.970+0000] {dag.py:3239} INFO - Sync 1 DAGs
[2025-02-03T10:00:43.991+0000] {logging_mixin.py:190} INFO - [2025-02-03T10:00:43.991+0000] {dag.py:4180} INFO - Setting next_dagrun for latest_only_with_trigger to 2025-02-03 04:00:00+00:00, run_after=2025-02-03 08:00:00+00:00
[2025-02-03T10:00:44.007+0000] {processor.py:208} INFO - Processing /home/airflow/.local/lib/python3.12/site-packages/airflow/example_dags/example_latest_only_with_trigger.py took 0.067 seconds
[2025-02-03T10:01:14.986+0000] {processor.py:186} INFO - Started process (PID=788) to work on /home/airflow/.local/lib/python3.12/site-packages/airflow/example_dags/example_latest_only_with_trigger.py
[2025-02-03T10:01:14.988+0000] {processor.py:914} INFO - Processing file /home/airflow/.local/lib/python3.12/site-packages/airflow/example_dags/example_latest_only_with_trigger.py for tasks to queue
[2025-02-03T10:01:14.991+0000] {logging_mixin.py:190} INFO - [2025-02-03T10:01:14.990+0000] {dagbag.py:588} INFO - Filling up the DagBag from /home/airflow/.local/lib/python3.12/site-packages/airflow/example_dags/example_latest_only_with_trigger.py
[2025-02-03T10:01:15.001+0000] {processor.py:925} INFO - DAG(s) 'latest_only_with_trigger' retrieved from /home/airflow/.local/lib/python3.12/site-packages/airflow/example_dags/example_latest_only_with_trigger.py
[2025-02-03T10:01:15.039+0000] {logging_mixin.py:190} INFO - [2025-02-03T10:01:15.039+0000] {dag.py:3239} INFO - Sync 1 DAGs
[2025-02-03T10:01:15.098+0000] {logging_mixin.py:190} INFO - [2025-02-03T10:01:15.097+0000] {dag.py:4180} INFO - Setting next_dagrun for latest_only_with_trigger to 2025-02-03 04:00:00+00:00, run_after=2025-02-03 08:00:00+00:00
[2025-02-03T10:01:15.125+0000] {processor.py:208} INFO - Processing /home/airflow/.local/lib/python3.12/site-packages/airflow/example_dags/example_latest_only_with_trigger.py took 0.149 seconds
[2025-02-03T10:01:47.094+0000] {processor.py:186} INFO - Started process (PID=852) to work on /home/airflow/.local/lib/python3.12/site-packages/airflow/example_dags/example_latest_only_with_trigger.py
[2025-02-03T10:01:47.096+0000] {processor.py:914} INFO - Processing file /home/airflow/.local/lib/python3.12/site-packages/airflow/example_dags/example_latest_only_with_trigger.py for tasks to queue
[2025-02-03T10:01:47.099+0000] {logging_mixin.py:190} INFO - [2025-02-03T10:01:47.099+0000] {dagbag.py:588} INFO - Filling up the DagBag from /home/airflow/.local/lib/python3.12/site-packages/airflow/example_dags/example_latest_only_with_trigger.py
[2025-02-03T10:01:47.106+0000] {processor.py:925} INFO - DAG(s) 'latest_only_with_trigger' retrieved from /home/airflow/.local/lib/python3.12/site-packages/airflow/example_dags/example_latest_only_with_trigger.py
[2025-02-03T10:01:47.127+0000] {logging_mixin.py:190} INFO - [2025-02-03T10:01:47.126+0000] {dag.py:3239} INFO - Sync 1 DAGs
[2025-02-03T10:01:47.144+0000] {logging_mixin.py:190} INFO - [2025-02-03T10:01:47.144+0000] {dag.py:4180} INFO - Setting next_dagrun for latest_only_with_trigger to 2025-02-03 04:00:00+00:00, run_after=2025-02-03 08:00:00+00:00
[2025-02-03T10:01:47.158+0000] {processor.py:208} INFO - Processing /home/airflow/.local/lib/python3.12/site-packages/airflow/example_dags/example_latest_only_with_trigger.py took 0.070 seconds
[2025-02-03T10:02:19.815+0000] {processor.py:186} INFO - Started process (PID=927) to work on /home/airflow/.local/lib/python3.12/site-packages/airflow/example_dags/example_latest_only_with_trigger.py
[2025-02-03T10:02:19.819+0000] {processor.py:914} INFO - Processing file /home/airflow/.local/lib/python3.12/site-packages/airflow/example_dags/example_latest_only_with_trigger.py for tasks to queue
[2025-02-03T10:02:19.827+0000] {logging_mixin.py:190} INFO - [2025-02-03T10:02:19.826+0000] {dagbag.py:588} INFO - Filling up the DagBag from /home/airflow/.local/lib/python3.12/site-packages/airflow/example_dags/example_latest_only_with_trigger.py
[2025-02-03T10:02:19.846+0000] {processor.py:925} INFO - DAG(s) 'latest_only_with_trigger' retrieved from /home/airflow/.local/lib/python3.12/site-packages/airflow/example_dags/example_latest_only_with_trigger.py
[2025-02-03T10:02:19.870+0000] {logging_mixin.py:190} INFO - [2025-02-03T10:02:19.869+0000] {dag.py:3239} INFO - Sync 1 DAGs
[2025-02-03T10:02:19.897+0000] {logging_mixin.py:190} INFO - [2025-02-03T10:02:19.896+0000] {dag.py:4180} INFO - Setting next_dagrun for latest_only_with_trigger to 2025-02-03 04:00:00+00:00, run_after=2025-02-03 08:00:00+00:00
[2025-02-03T10:02:19.926+0000] {processor.py:208} INFO - Processing /home/airflow/.local/lib/python3.12/site-packages/airflow/example_dags/example_latest_only_with_trigger.py took 0.120 seconds
[2025-02-03T10:02:52.297+0000] {processor.py:186} INFO - Started process (PID=991) to work on /home/airflow/.local/lib/python3.12/site-packages/airflow/example_dags/example_latest_only_with_trigger.py
[2025-02-03T10:02:52.298+0000] {processor.py:914} INFO - Processing file /home/airflow/.local/lib/python3.12/site-packages/airflow/example_dags/example_latest_only_with_trigger.py for tasks to queue
[2025-02-03T10:02:52.302+0000] {logging_mixin.py:190} INFO - [2025-02-03T10:02:52.301+0000] {dagbag.py:588} INFO - Filling up the DagBag from /home/airflow/.local/lib/python3.12/site-packages/airflow/example_dags/example_latest_only_with_trigger.py
[2025-02-03T10:02:52.314+0000] {processor.py:925} INFO - DAG(s) 'latest_only_with_trigger' retrieved from /home/airflow/.local/lib/python3.12/site-packages/airflow/example_dags/example_latest_only_with_trigger.py
[2025-02-03T10:02:52.343+0000] {logging_mixin.py:190} INFO - [2025-02-03T10:02:52.343+0000] {dag.py:3239} INFO - Sync 1 DAGs
[2025-02-03T10:02:52.362+0000] {logging_mixin.py:190} INFO - [2025-02-03T10:02:52.362+0000] {dag.py:4180} INFO - Setting next_dagrun for latest_only_with_trigger to 2025-02-03 04:00:00+00:00, run_after=2025-02-03 08:00:00+00:00
[2025-02-03T10:02:52.378+0000] {processor.py:208} INFO - Processing /home/airflow/.local/lib/python3.12/site-packages/airflow/example_dags/example_latest_only_with_trigger.py took 0.088 seconds
[2025-02-03T10:03:23.117+0000] {processor.py:186} INFO - Started process (PID=1055) to work on /home/airflow/.local/lib/python3.12/site-packages/airflow/example_dags/example_latest_only_with_trigger.py
[2025-02-03T10:03:23.118+0000] {processor.py:914} INFO - Processing file /home/airflow/.local/lib/python3.12/site-packages/airflow/example_dags/example_latest_only_with_trigger.py for tasks to queue
[2025-02-03T10:03:23.120+0000] {logging_mixin.py:190} INFO - [2025-02-03T10:03:23.119+0000] {dagbag.py:588} INFO - Filling up the DagBag from /home/airflow/.local/lib/python3.12/site-packages/airflow/example_dags/example_latest_only_with_trigger.py
[2025-02-03T10:03:23.126+0000] {processor.py:925} INFO - DAG(s) 'latest_only_with_trigger' retrieved from /home/airflow/.local/lib/python3.12/site-packages/airflow/example_dags/example_latest_only_with_trigger.py
[2025-02-03T10:03:23.141+0000] {logging_mixin.py:190} INFO - [2025-02-03T10:03:23.141+0000] {dag.py:3239} INFO - Sync 1 DAGs
[2025-02-03T10:03:24.785+0000] {logging_mixin.py:190} INFO - [2025-02-03T10:03:24.784+0000] {dag.py:4180} INFO - Setting next_dagrun for latest_only_with_trigger to 2025-02-03 04:00:00+00:00, run_after=2025-02-03 08:00:00+00:00
[2025-02-03T10:03:24.797+0000] {processor.py:208} INFO - Processing /home/airflow/.local/lib/python3.12/site-packages/airflow/example_dags/example_latest_only_with_trigger.py took 0.060 seconds
[2025-02-03T10:03:55.033+0000] {processor.py:186} INFO - Started process (PID=1119) to work on /home/airflow/.local/lib/python3.12/site-packages/airflow/example_dags/example_latest_only_with_trigger.py
[2025-02-03T10:03:55.034+0000] {processor.py:914} INFO - Processing file /home/airflow/.local/lib/python3.12/site-packages/airflow/example_dags/example_latest_only_with_trigger.py for tasks to queue
[2025-02-03T10:03:55.036+0000] {logging_mixin.py:190} INFO - [2025-02-03T10:03:55.036+0000] {dagbag.py:588} INFO - Filling up the DagBag from /home/airflow/.local/lib/python3.12/site-packages/airflow/example_dags/example_latest_only_with_trigger.py
[2025-02-03T10:03:55.044+0000] {processor.py:925} INFO - DAG(s) 'latest_only_with_trigger' retrieved from /home/airflow/.local/lib/python3.12/site-packages/airflow/example_dags/example_latest_only_with_trigger.py
[2025-02-03T10:03:55.061+0000] {logging_mixin.py:190} INFO - [2025-02-03T10:03:55.061+0000] {dag.py:3239} INFO - Sync 1 DAGs
[2025-02-03T10:03:55.081+0000] {logging_mixin.py:190} INFO - [2025-02-03T10:03:55.080+0000] {dag.py:4180} INFO - Setting next_dagrun for latest_only_with_trigger to 2025-02-03 04:00:00+00:00, run_after=2025-02-03 08:00:00+00:00
[2025-02-03T10:03:55.115+0000] {processor.py:208} INFO - Processing /home/airflow/.local/lib/python3.12/site-packages/airflow/example_dags/example_latest_only_with_trigger.py took 0.088 seconds
[2025-02-03T10:04:25.473+0000] {processor.py:186} INFO - Started process (PID=1183) to work on /home/airflow/.local/lib/python3.12/site-packages/airflow/example_dags/example_latest_only_with_trigger.py
[2025-02-03T10:04:25.489+0000] {processor.py:914} INFO - Processing file /home/airflow/.local/lib/python3.12/site-packages/airflow/example_dags/example_latest_only_with_trigger.py for tasks to queue
[2025-02-03T10:04:25.492+0000] {logging_mixin.py:190} INFO - [2025-02-03T10:04:25.492+0000] {dagbag.py:588} INFO - Filling up the DagBag from /home/airflow/.local/lib/python3.12/site-packages/airflow/example_dags/example_latest_only_with_trigger.py
[2025-02-03T10:04:25.506+0000] {processor.py:925} INFO - DAG(s) 'latest_only_with_trigger' retrieved from /home/airflow/.local/lib/python3.12/site-packages/airflow/example_dags/example_latest_only_with_trigger.py
[2025-02-03T10:04:25.537+0000] {logging_mixin.py:190} INFO - [2025-02-03T10:04:25.537+0000] {dag.py:3239} INFO - Sync 1 DAGs
[2025-02-03T10:04:25.566+0000] {logging_mixin.py:190} INFO - [2025-02-03T10:04:25.559+0000] {dag.py:4180} INFO - Setting next_dagrun for latest_only_with_trigger to 2025-02-03 04:00:00+00:00, run_after=2025-02-03 08:00:00+00:00
[2025-02-03T10:04:25.604+0000] {processor.py:208} INFO - Processing /home/airflow/.local/lib/python3.12/site-packages/airflow/example_dags/example_latest_only_with_trigger.py took 0.137 seconds
[2025-02-03T10:04:56.113+0000] {processor.py:186} INFO - Started process (PID=1247) to work on /home/airflow/.local/lib/python3.12/site-packages/airflow/example_dags/example_latest_only_with_trigger.py
[2025-02-03T10:04:56.115+0000] {processor.py:914} INFO - Processing file /home/airflow/.local/lib/python3.12/site-packages/airflow/example_dags/example_latest_only_with_trigger.py for tasks to queue
[2025-02-03T10:04:56.118+0000] {logging_mixin.py:190} INFO - [2025-02-03T10:04:56.117+0000] {dagbag.py:588} INFO - Filling up the DagBag from /home/airflow/.local/lib/python3.12/site-packages/airflow/example_dags/example_latest_only_with_trigger.py
[2025-02-03T10:04:56.126+0000] {processor.py:925} INFO - DAG(s) 'latest_only_with_trigger' retrieved from /home/airflow/.local/lib/python3.12/site-packages/airflow/example_dags/example_latest_only_with_trigger.py
[2025-02-03T10:04:56.144+0000] {logging_mixin.py:190} INFO - [2025-02-03T10:04:56.144+0000] {dag.py:3239} INFO - Sync 1 DAGs
[2025-02-03T10:04:56.170+0000] {logging_mixin.py:190} INFO - [2025-02-03T10:04:56.170+0000] {dag.py:4180} INFO - Setting next_dagrun for latest_only_with_trigger to 2025-02-03 04:00:00+00:00, run_after=2025-02-03 08:00:00+00:00
[2025-02-03T10:04:56.184+0000] {processor.py:208} INFO - Processing /home/airflow/.local/lib/python3.12/site-packages/airflow/example_dags/example_latest_only_with_trigger.py took 0.077 seconds
[2025-02-03T10:05:26.683+0000] {processor.py:186} INFO - Started process (PID=1305) to work on /home/airflow/.local/lib/python3.12/site-packages/airflow/example_dags/example_latest_only_with_trigger.py
[2025-02-03T10:05:26.684+0000] {processor.py:914} INFO - Processing file /home/airflow/.local/lib/python3.12/site-packages/airflow/example_dags/example_latest_only_with_trigger.py for tasks to queue
[2025-02-03T10:05:26.687+0000] {logging_mixin.py:190} INFO - [2025-02-03T10:05:26.687+0000] {dagbag.py:588} INFO - Filling up the DagBag from /home/airflow/.local/lib/python3.12/site-packages/airflow/example_dags/example_latest_only_with_trigger.py
[2025-02-03T10:05:26.696+0000] {processor.py:925} INFO - DAG(s) 'latest_only_with_trigger' retrieved from /home/airflow/.local/lib/python3.12/site-packages/airflow/example_dags/example_latest_only_with_trigger.py
[2025-02-03T10:05:26.712+0000] {logging_mixin.py:190} INFO - [2025-02-03T10:05:26.712+0000] {dag.py:3239} INFO - Sync 1 DAGs
[2025-02-03T10:05:26.730+0000] {logging_mixin.py:190} INFO - [2025-02-03T10:05:26.729+0000] {dag.py:4180} INFO - Setting next_dagrun for latest_only_with_trigger to 2025-02-03 04:00:00+00:00, run_after=2025-02-03 08:00:00+00:00
[2025-02-03T10:05:26.746+0000] {processor.py:208} INFO - Processing /home/airflow/.local/lib/python3.12/site-packages/airflow/example_dags/example_latest_only_with_trigger.py took 0.067 seconds
[2025-02-03T10:05:57.107+0000] {processor.py:186} INFO - Started process (PID=1369) to work on /home/airflow/.local/lib/python3.12/site-packages/airflow/example_dags/example_latest_only_with_trigger.py
[2025-02-03T10:05:57.108+0000] {processor.py:914} INFO - Processing file /home/airflow/.local/lib/python3.12/site-packages/airflow/example_dags/example_latest_only_with_trigger.py for tasks to queue
[2025-02-03T10:05:57.111+0000] {logging_mixin.py:190} INFO - [2025-02-03T10:05:57.111+0000] {dagbag.py:588} INFO - Filling up the DagBag from /home/airflow/.local/lib/python3.12/site-packages/airflow/example_dags/example_latest_only_with_trigger.py
[2025-02-03T10:05:57.118+0000] {processor.py:925} INFO - DAG(s) 'latest_only_with_trigger' retrieved from /home/airflow/.local/lib/python3.12/site-packages/airflow/example_dags/example_latest_only_with_trigger.py
[2025-02-03T10:05:57.136+0000] {logging_mixin.py:190} INFO - [2025-02-03T10:05:57.135+0000] {dag.py:3239} INFO - Sync 1 DAGs
[2025-02-03T10:05:57.156+0000] {logging_mixin.py:190} INFO - [2025-02-03T10:05:57.156+0000] {dag.py:4180} INFO - Setting next_dagrun for latest_only_with_trigger to 2025-02-03 04:00:00+00:00, run_after=2025-02-03 08:00:00+00:00
[2025-02-03T10:05:57.173+0000] {processor.py:208} INFO - Processing /home/airflow/.local/lib/python3.12/site-packages/airflow/example_dags/example_latest_only_with_trigger.py took 0.071 seconds
[2025-02-03T10:06:29.022+0000] {processor.py:186} INFO - Started process (PID=1433) to work on /home/airflow/.local/lib/python3.12/site-packages/airflow/example_dags/example_latest_only_with_trigger.py
[2025-02-03T10:06:29.023+0000] {processor.py:914} INFO - Processing file /home/airflow/.local/lib/python3.12/site-packages/airflow/example_dags/example_latest_only_with_trigger.py for tasks to queue
[2025-02-03T10:06:29.025+0000] {logging_mixin.py:190} INFO - [2025-02-03T10:06:29.025+0000] {dagbag.py:588} INFO - Filling up the DagBag from /home/airflow/.local/lib/python3.12/site-packages/airflow/example_dags/example_latest_only_with_trigger.py
[2025-02-03T10:06:29.033+0000] {processor.py:925} INFO - DAG(s) 'latest_only_with_trigger' retrieved from /home/airflow/.local/lib/python3.12/site-packages/airflow/example_dags/example_latest_only_with_trigger.py
[2025-02-03T10:06:29.058+0000] {logging_mixin.py:190} INFO - [2025-02-03T10:06:29.058+0000] {dag.py:3239} INFO - Sync 1 DAGs
[2025-02-03T10:06:29.077+0000] {logging_mixin.py:190} INFO - [2025-02-03T10:06:29.076+0000] {dag.py:4180} INFO - Setting next_dagrun for latest_only_with_trigger to 2025-02-03 04:00:00+00:00, run_after=2025-02-03 08:00:00+00:00
[2025-02-03T10:06:29.093+0000] {processor.py:208} INFO - Processing /home/airflow/.local/lib/python3.12/site-packages/airflow/example_dags/example_latest_only_with_trigger.py took 0.075 seconds
[2025-02-03T10:13:09.082+0000] {processor.py:186} INFO - Started process (PID=90) to work on /home/airflow/.local/lib/python3.12/site-packages/airflow/example_dags/example_latest_only_with_trigger.py
[2025-02-03T10:13:09.083+0000] {processor.py:914} INFO - Processing file /home/airflow/.local/lib/python3.12/site-packages/airflow/example_dags/example_latest_only_with_trigger.py for tasks to queue
[2025-02-03T10:13:09.090+0000] {logging_mixin.py:190} INFO - [2025-02-03T10:13:09.089+0000] {dagbag.py:588} INFO - Filling up the DagBag from /home/airflow/.local/lib/python3.12/site-packages/airflow/example_dags/example_latest_only_with_trigger.py
[2025-02-03T10:13:09.098+0000] {processor.py:925} INFO - DAG(s) 'latest_only_with_trigger' retrieved from /home/airflow/.local/lib/python3.12/site-packages/airflow/example_dags/example_latest_only_with_trigger.py
[2025-02-03T10:13:09.158+0000] {logging_mixin.py:190} INFO - [2025-02-03T10:13:09.154+0000] {dag.py:3239} INFO - Sync 1 DAGs
[2025-02-03T10:13:09.209+0000] {logging_mixin.py:190} INFO - [2025-02-03T10:13:09.209+0000] {dag.py:4180} INFO - Setting next_dagrun for latest_only_with_trigger to 2025-02-03 04:00:00+00:00, run_after=2025-02-03 08:00:00+00:00
[2025-02-03T10:13:09.264+0000] {processor.py:208} INFO - Processing /home/airflow/.local/lib/python3.12/site-packages/airflow/example_dags/example_latest_only_with_trigger.py took 0.187 seconds
[2025-02-03T10:13:39.475+0000] {processor.py:186} INFO - Started process (PID=154) to work on /home/airflow/.local/lib/python3.12/site-packages/airflow/example_dags/example_latest_only_with_trigger.py
[2025-02-03T10:13:39.477+0000] {processor.py:914} INFO - Processing file /home/airflow/.local/lib/python3.12/site-packages/airflow/example_dags/example_latest_only_with_trigger.py for tasks to queue
[2025-02-03T10:13:39.485+0000] {logging_mixin.py:190} INFO - [2025-02-03T10:13:39.485+0000] {dagbag.py:588} INFO - Filling up the DagBag from /home/airflow/.local/lib/python3.12/site-packages/airflow/example_dags/example_latest_only_with_trigger.py
[2025-02-03T10:13:39.497+0000] {processor.py:925} INFO - DAG(s) 'latest_only_with_trigger' retrieved from /home/airflow/.local/lib/python3.12/site-packages/airflow/example_dags/example_latest_only_with_trigger.py
[2025-02-03T10:13:39.534+0000] {logging_mixin.py:190} INFO - [2025-02-03T10:13:39.534+0000] {dag.py:3239} INFO - Sync 1 DAGs
[2025-02-03T10:13:39.577+0000] {logging_mixin.py:190} INFO - [2025-02-03T10:13:39.576+0000] {dag.py:4180} INFO - Setting next_dagrun for latest_only_with_trigger to 2025-02-03 04:00:00+00:00, run_after=2025-02-03 08:00:00+00:00
[2025-02-03T10:13:39.607+0000] {processor.py:208} INFO - Processing /home/airflow/.local/lib/python3.12/site-packages/airflow/example_dags/example_latest_only_with_trigger.py took 0.138 seconds
[2025-02-03T10:14:11.429+0000] {processor.py:186} INFO - Started process (PID=218) to work on /home/airflow/.local/lib/python3.12/site-packages/airflow/example_dags/example_latest_only_with_trigger.py
[2025-02-03T10:14:11.431+0000] {processor.py:914} INFO - Processing file /home/airflow/.local/lib/python3.12/site-packages/airflow/example_dags/example_latest_only_with_trigger.py for tasks to queue
[2025-02-03T10:14:11.436+0000] {logging_mixin.py:190} INFO - [2025-02-03T10:14:11.435+0000] {dagbag.py:588} INFO - Filling up the DagBag from /home/airflow/.local/lib/python3.12/site-packages/airflow/example_dags/example_latest_only_with_trigger.py
[2025-02-03T10:14:11.446+0000] {processor.py:925} INFO - DAG(s) 'latest_only_with_trigger' retrieved from /home/airflow/.local/lib/python3.12/site-packages/airflow/example_dags/example_latest_only_with_trigger.py
[2025-02-03T10:14:11.466+0000] {logging_mixin.py:190} INFO - [2025-02-03T10:14:11.466+0000] {dag.py:3239} INFO - Sync 1 DAGs
[2025-02-03T10:14:11.488+0000] {logging_mixin.py:190} INFO - [2025-02-03T10:14:11.487+0000] {dag.py:4180} INFO - Setting next_dagrun for latest_only_with_trigger to 2025-02-03 04:00:00+00:00, run_after=2025-02-03 08:00:00+00:00
[2025-02-03T10:14:11.505+0000] {processor.py:208} INFO - Processing /home/airflow/.local/lib/python3.12/site-packages/airflow/example_dags/example_latest_only_with_trigger.py took 0.084 seconds
[2025-02-03T10:14:41.740+0000] {processor.py:186} INFO - Started process (PID=276) to work on /home/airflow/.local/lib/python3.12/site-packages/airflow/example_dags/example_latest_only_with_trigger.py
[2025-02-03T10:14:41.741+0000] {processor.py:914} INFO - Processing file /home/airflow/.local/lib/python3.12/site-packages/airflow/example_dags/example_latest_only_with_trigger.py for tasks to queue
[2025-02-03T10:14:41.743+0000] {logging_mixin.py:190} INFO - [2025-02-03T10:14:41.743+0000] {dagbag.py:588} INFO - Filling up the DagBag from /home/airflow/.local/lib/python3.12/site-packages/airflow/example_dags/example_latest_only_with_trigger.py
[2025-02-03T10:14:41.750+0000] {processor.py:925} INFO - DAG(s) 'latest_only_with_trigger' retrieved from /home/airflow/.local/lib/python3.12/site-packages/airflow/example_dags/example_latest_only_with_trigger.py
[2025-02-03T10:14:41.768+0000] {logging_mixin.py:190} INFO - [2025-02-03T10:14:41.768+0000] {dag.py:3239} INFO - Sync 1 DAGs
[2025-02-03T10:14:41.788+0000] {logging_mixin.py:190} INFO - [2025-02-03T10:14:41.788+0000] {dag.py:4180} INFO - Setting next_dagrun for latest_only_with_trigger to 2025-02-03 04:00:00+00:00, run_after=2025-02-03 08:00:00+00:00
[2025-02-03T10:14:41.820+0000] {processor.py:208} INFO - Processing /home/airflow/.local/lib/python3.12/site-packages/airflow/example_dags/example_latest_only_with_trigger.py took 0.085 seconds
[2025-02-03T10:15:12.128+0000] {processor.py:186} INFO - Started process (PID=341) to work on /home/airflow/.local/lib/python3.12/site-packages/airflow/example_dags/example_latest_only_with_trigger.py
[2025-02-03T10:15:12.129+0000] {processor.py:914} INFO - Processing file /home/airflow/.local/lib/python3.12/site-packages/airflow/example_dags/example_latest_only_with_trigger.py for tasks to queue
[2025-02-03T10:15:12.132+0000] {logging_mixin.py:190} INFO - [2025-02-03T10:15:12.131+0000] {dagbag.py:588} INFO - Filling up the DagBag from /home/airflow/.local/lib/python3.12/site-packages/airflow/example_dags/example_latest_only_with_trigger.py
[2025-02-03T10:15:12.137+0000] {processor.py:925} INFO - DAG(s) 'latest_only_with_trigger' retrieved from /home/airflow/.local/lib/python3.12/site-packages/airflow/example_dags/example_latest_only_with_trigger.py
[2025-02-03T10:15:12.160+0000] {logging_mixin.py:190} INFO - [2025-02-03T10:15:12.160+0000] {dag.py:3239} INFO - Sync 1 DAGs
[2025-02-03T10:15:12.188+0000] {logging_mixin.py:190} INFO - [2025-02-03T10:15:12.188+0000] {dag.py:4180} INFO - Setting next_dagrun for latest_only_with_trigger to 2025-02-03 04:00:00+00:00, run_after=2025-02-03 08:00:00+00:00
[2025-02-03T10:15:12.217+0000] {processor.py:208} INFO - Processing /home/airflow/.local/lib/python3.12/site-packages/airflow/example_dags/example_latest_only_with_trigger.py took 0.095 seconds
[2025-02-03T10:15:42.690+0000] {processor.py:186} INFO - Started process (PID=405) to work on /home/airflow/.local/lib/python3.12/site-packages/airflow/example_dags/example_latest_only_with_trigger.py
[2025-02-03T10:15:42.691+0000] {processor.py:914} INFO - Processing file /home/airflow/.local/lib/python3.12/site-packages/airflow/example_dags/example_latest_only_with_trigger.py for tasks to queue
[2025-02-03T10:15:42.696+0000] {logging_mixin.py:190} INFO - [2025-02-03T10:15:42.695+0000] {dagbag.py:588} INFO - Filling up the DagBag from /home/airflow/.local/lib/python3.12/site-packages/airflow/example_dags/example_latest_only_with_trigger.py
[2025-02-03T10:15:42.705+0000] {processor.py:925} INFO - DAG(s) 'latest_only_with_trigger' retrieved from /home/airflow/.local/lib/python3.12/site-packages/airflow/example_dags/example_latest_only_with_trigger.py
[2025-02-03T10:15:42.732+0000] {logging_mixin.py:190} INFO - [2025-02-03T10:15:42.732+0000] {dag.py:3239} INFO - Sync 1 DAGs
[2025-02-03T10:15:42.764+0000] {logging_mixin.py:190} INFO - [2025-02-03T10:15:42.763+0000] {dag.py:4180} INFO - Setting next_dagrun for latest_only_with_trigger to 2025-02-03 04:00:00+00:00, run_after=2025-02-03 08:00:00+00:00
[2025-02-03T10:15:42.786+0000] {processor.py:208} INFO - Processing /home/airflow/.local/lib/python3.12/site-packages/airflow/example_dags/example_latest_only_with_trigger.py took 0.105 seconds
[2025-02-03T10:16:14.693+0000] {processor.py:186} INFO - Started process (PID=469) to work on /home/airflow/.local/lib/python3.12/site-packages/airflow/example_dags/example_latest_only_with_trigger.py
[2025-02-03T10:16:14.694+0000] {processor.py:914} INFO - Processing file /home/airflow/.local/lib/python3.12/site-packages/airflow/example_dags/example_latest_only_with_trigger.py for tasks to queue
[2025-02-03T10:16:14.697+0000] {logging_mixin.py:190} INFO - [2025-02-03T10:16:14.697+0000] {dagbag.py:588} INFO - Filling up the DagBag from /home/airflow/.local/lib/python3.12/site-packages/airflow/example_dags/example_latest_only_with_trigger.py
[2025-02-03T10:16:14.703+0000] {processor.py:925} INFO - DAG(s) 'latest_only_with_trigger' retrieved from /home/airflow/.local/lib/python3.12/site-packages/airflow/example_dags/example_latest_only_with_trigger.py
[2025-02-03T10:16:14.724+0000] {logging_mixin.py:190} INFO - [2025-02-03T10:16:14.723+0000] {dag.py:3239} INFO - Sync 1 DAGs
[2025-02-03T10:16:14.743+0000] {logging_mixin.py:190} INFO - [2025-02-03T10:16:14.743+0000] {dag.py:4180} INFO - Setting next_dagrun for latest_only_with_trigger to 2025-02-03 04:00:00+00:00, run_after=2025-02-03 08:00:00+00:00
[2025-02-03T10:16:14.760+0000] {processor.py:208} INFO - Processing /home/airflow/.local/lib/python3.12/site-packages/airflow/example_dags/example_latest_only_with_trigger.py took 0.071 seconds
[2025-02-03T10:16:46.019+0000] {processor.py:186} INFO - Started process (PID=534) to work on /home/airflow/.local/lib/python3.12/site-packages/airflow/example_dags/example_latest_only_with_trigger.py
[2025-02-03T10:16:46.023+0000] {processor.py:914} INFO - Processing file /home/airflow/.local/lib/python3.12/site-packages/airflow/example_dags/example_latest_only_with_trigger.py for tasks to queue
[2025-02-03T10:16:46.026+0000] {logging_mixin.py:190} INFO - [2025-02-03T10:16:46.026+0000] {dagbag.py:588} INFO - Filling up the DagBag from /home/airflow/.local/lib/python3.12/site-packages/airflow/example_dags/example_latest_only_with_trigger.py
[2025-02-03T10:16:46.036+0000] {processor.py:925} INFO - DAG(s) 'latest_only_with_trigger' retrieved from /home/airflow/.local/lib/python3.12/site-packages/airflow/example_dags/example_latest_only_with_trigger.py
[2025-02-03T10:16:46.070+0000] {logging_mixin.py:190} INFO - [2025-02-03T10:16:46.067+0000] {dag.py:3239} INFO - Sync 1 DAGs
[2025-02-03T10:16:46.117+0000] {logging_mixin.py:190} INFO - [2025-02-03T10:16:46.117+0000] {dag.py:4180} INFO - Setting next_dagrun for latest_only_with_trigger to 2025-02-03 04:00:00+00:00, run_after=2025-02-03 08:00:00+00:00
[2025-02-03T10:16:46.145+0000] {processor.py:208} INFO - Processing /home/airflow/.local/lib/python3.12/site-packages/airflow/example_dags/example_latest_only_with_trigger.py took 0.131 seconds
[2025-02-03T10:17:18.163+0000] {processor.py:186} INFO - Started process (PID=598) to work on /home/airflow/.local/lib/python3.12/site-packages/airflow/example_dags/example_latest_only_with_trigger.py
[2025-02-03T10:17:18.164+0000] {processor.py:914} INFO - Processing file /home/airflow/.local/lib/python3.12/site-packages/airflow/example_dags/example_latest_only_with_trigger.py for tasks to queue
[2025-02-03T10:17:18.168+0000] {logging_mixin.py:190} INFO - [2025-02-03T10:17:18.167+0000] {dagbag.py:588} INFO - Filling up the DagBag from /home/airflow/.local/lib/python3.12/site-packages/airflow/example_dags/example_latest_only_with_trigger.py
[2025-02-03T10:17:18.176+0000] {processor.py:925} INFO - DAG(s) 'latest_only_with_trigger' retrieved from /home/airflow/.local/lib/python3.12/site-packages/airflow/example_dags/example_latest_only_with_trigger.py
[2025-02-03T10:17:18.200+0000] {logging_mixin.py:190} INFO - [2025-02-03T10:17:18.200+0000] {dag.py:3239} INFO - Sync 1 DAGs
[2025-02-03T10:17:18.225+0000] {logging_mixin.py:190} INFO - [2025-02-03T10:17:18.224+0000] {dag.py:4180} INFO - Setting next_dagrun for latest_only_with_trigger to 2025-02-03 04:00:00+00:00, run_after=2025-02-03 08:00:00+00:00
[2025-02-03T10:17:18.242+0000] {processor.py:208} INFO - Processing /home/airflow/.local/lib/python3.12/site-packages/airflow/example_dags/example_latest_only_with_trigger.py took 0.085 seconds
[2025-02-03T10:17:48.340+0000] {processor.py:186} INFO - Started process (PID=663) to work on /home/airflow/.local/lib/python3.12/site-packages/airflow/example_dags/example_latest_only_with_trigger.py
[2025-02-03T10:17:48.341+0000] {processor.py:914} INFO - Processing file /home/airflow/.local/lib/python3.12/site-packages/airflow/example_dags/example_latest_only_with_trigger.py for tasks to queue
[2025-02-03T10:17:48.344+0000] {logging_mixin.py:190} INFO - [2025-02-03T10:17:48.344+0000] {dagbag.py:588} INFO - Filling up the DagBag from /home/airflow/.local/lib/python3.12/site-packages/airflow/example_dags/example_latest_only_with_trigger.py
[2025-02-03T10:17:48.351+0000] {processor.py:925} INFO - DAG(s) 'latest_only_with_trigger' retrieved from /home/airflow/.local/lib/python3.12/site-packages/airflow/example_dags/example_latest_only_with_trigger.py
[2025-02-03T10:17:48.372+0000] {logging_mixin.py:190} INFO - [2025-02-03T10:17:48.371+0000] {dag.py:3239} INFO - Sync 1 DAGs
[2025-02-03T10:17:48.392+0000] {logging_mixin.py:190} INFO - [2025-02-03T10:17:48.392+0000] {dag.py:4180} INFO - Setting next_dagrun for latest_only_with_trigger to 2025-02-03 04:00:00+00:00, run_after=2025-02-03 08:00:00+00:00
[2025-02-03T10:17:48.405+0000] {processor.py:208} INFO - Processing /home/airflow/.local/lib/python3.12/site-packages/airflow/example_dags/example_latest_only_with_trigger.py took 0.069 seconds
[2025-02-03T10:18:18.739+0000] {processor.py:186} INFO - Started process (PID=728) to work on /home/airflow/.local/lib/python3.12/site-packages/airflow/example_dags/example_latest_only_with_trigger.py
[2025-02-03T10:18:18.740+0000] {processor.py:914} INFO - Processing file /home/airflow/.local/lib/python3.12/site-packages/airflow/example_dags/example_latest_only_with_trigger.py for tasks to queue
[2025-02-03T10:18:18.742+0000] {logging_mixin.py:190} INFO - [2025-02-03T10:18:18.742+0000] {dagbag.py:588} INFO - Filling up the DagBag from /home/airflow/.local/lib/python3.12/site-packages/airflow/example_dags/example_latest_only_with_trigger.py
[2025-02-03T10:18:18.751+0000] {processor.py:925} INFO - DAG(s) 'latest_only_with_trigger' retrieved from /home/airflow/.local/lib/python3.12/site-packages/airflow/example_dags/example_latest_only_with_trigger.py
[2025-02-03T10:18:18.770+0000] {logging_mixin.py:190} INFO - [2025-02-03T10:18:18.770+0000] {dag.py:3239} INFO - Sync 1 DAGs
[2025-02-03T10:18:18.792+0000] {logging_mixin.py:190} INFO - [2025-02-03T10:18:18.792+0000] {dag.py:4180} INFO - Setting next_dagrun for latest_only_with_trigger to 2025-02-03 04:00:00+00:00, run_after=2025-02-03 08:00:00+00:00
[2025-02-03T10:18:18.809+0000] {processor.py:208} INFO - Processing /home/airflow/.local/lib/python3.12/site-packages/airflow/example_dags/example_latest_only_with_trigger.py took 0.082 seconds
[2025-02-03T10:18:50.275+0000] {processor.py:186} INFO - Started process (PID=792) to work on /home/airflow/.local/lib/python3.12/site-packages/airflow/example_dags/example_latest_only_with_trigger.py
[2025-02-03T10:18:50.277+0000] {processor.py:914} INFO - Processing file /home/airflow/.local/lib/python3.12/site-packages/airflow/example_dags/example_latest_only_with_trigger.py for tasks to queue
[2025-02-03T10:18:50.280+0000] {logging_mixin.py:190} INFO - [2025-02-03T10:18:50.279+0000] {dagbag.py:588} INFO - Filling up the DagBag from /home/airflow/.local/lib/python3.12/site-packages/airflow/example_dags/example_latest_only_with_trigger.py
[2025-02-03T10:18:50.290+0000] {processor.py:925} INFO - DAG(s) 'latest_only_with_trigger' retrieved from /home/airflow/.local/lib/python3.12/site-packages/airflow/example_dags/example_latest_only_with_trigger.py
[2025-02-03T10:18:50.315+0000] {logging_mixin.py:190} INFO - [2025-02-03T10:18:50.315+0000] {dag.py:3239} INFO - Sync 1 DAGs
[2025-02-03T10:18:50.339+0000] {logging_mixin.py:190} INFO - [2025-02-03T10:18:50.339+0000] {dag.py:4180} INFO - Setting next_dagrun for latest_only_with_trigger to 2025-02-03 04:00:00+00:00, run_after=2025-02-03 08:00:00+00:00
[2025-02-03T10:18:50.358+0000] {processor.py:208} INFO - Processing /home/airflow/.local/lib/python3.12/site-packages/airflow/example_dags/example_latest_only_with_trigger.py took 0.091 seconds
[2025-02-03T10:19:23.607+0000] {processor.py:186} INFO - Started process (PID=856) to work on /home/airflow/.local/lib/python3.12/site-packages/airflow/example_dags/example_latest_only_with_trigger.py
[2025-02-03T10:19:23.610+0000] {processor.py:914} INFO - Processing file /home/airflow/.local/lib/python3.12/site-packages/airflow/example_dags/example_latest_only_with_trigger.py for tasks to queue
[2025-02-03T10:19:23.615+0000] {logging_mixin.py:190} INFO - [2025-02-03T10:19:23.615+0000] {dagbag.py:588} INFO - Filling up the DagBag from /home/airflow/.local/lib/python3.12/site-packages/airflow/example_dags/example_latest_only_with_trigger.py
[2025-02-03T10:19:23.627+0000] {processor.py:925} INFO - DAG(s) 'latest_only_with_trigger' retrieved from /home/airflow/.local/lib/python3.12/site-packages/airflow/example_dags/example_latest_only_with_trigger.py
[2025-02-03T10:19:23.644+0000] {logging_mixin.py:190} INFO - [2025-02-03T10:19:23.644+0000] {dag.py:3239} INFO - Sync 1 DAGs
[2025-02-03T10:19:23.667+0000] {logging_mixin.py:190} INFO - [2025-02-03T10:19:23.667+0000] {dag.py:4180} INFO - Setting next_dagrun for latest_only_with_trigger to 2025-02-03 04:00:00+00:00, run_after=2025-02-03 08:00:00+00:00
[2025-02-03T10:19:23.685+0000] {processor.py:208} INFO - Processing /home/airflow/.local/lib/python3.12/site-packages/airflow/example_dags/example_latest_only_with_trigger.py took 0.095 seconds
[2025-02-03T10:19:56.118+0000] {processor.py:186} INFO - Started process (PID=920) to work on /home/airflow/.local/lib/python3.12/site-packages/airflow/example_dags/example_latest_only_with_trigger.py
[2025-02-03T10:19:56.120+0000] {processor.py:914} INFO - Processing file /home/airflow/.local/lib/python3.12/site-packages/airflow/example_dags/example_latest_only_with_trigger.py for tasks to queue
[2025-02-03T10:19:56.122+0000] {logging_mixin.py:190} INFO - [2025-02-03T10:19:56.121+0000] {dagbag.py:588} INFO - Filling up the DagBag from /home/airflow/.local/lib/python3.12/site-packages/airflow/example_dags/example_latest_only_with_trigger.py
[2025-02-03T10:19:56.128+0000] {processor.py:925} INFO - DAG(s) 'latest_only_with_trigger' retrieved from /home/airflow/.local/lib/python3.12/site-packages/airflow/example_dags/example_latest_only_with_trigger.py
[2025-02-03T10:19:56.148+0000] {logging_mixin.py:190} INFO - [2025-02-03T10:19:56.147+0000] {dag.py:3239} INFO - Sync 1 DAGs
[2025-02-03T10:19:56.168+0000] {logging_mixin.py:190} INFO - [2025-02-03T10:19:56.168+0000] {dag.py:4180} INFO - Setting next_dagrun for latest_only_with_trigger to 2025-02-03 04:00:00+00:00, run_after=2025-02-03 08:00:00+00:00
[2025-02-03T10:19:56.193+0000] {processor.py:208} INFO - Processing /home/airflow/.local/lib/python3.12/site-packages/airflow/example_dags/example_latest_only_with_trigger.py took 0.079 seconds
