[2025-02-03T09:44:31.638+0000] {processor.py:186} INFO - Started process (PID=57) to work on /home/airflow/.local/lib/python3.12/site-packages/airflow/example_dags/example_sensors.py
[2025-02-03T09:44:31.639+0000] {processor.py:914} INFO - Processing file /home/airflow/.local/lib/python3.12/site-packages/airflow/example_dags/example_sensors.py for tasks to queue
[2025-02-03T09:44:31.648+0000] {logging_mixin.py:190} INFO - [2025-02-03T09:44:31.647+0000] {dagbag.py:588} INFO - Filling up the DagBag from /home/airflow/.local/lib/python3.12/site-packages/airflow/example_dags/example_sensors.py
[2025-02-03T09:44:31.673+0000] {processor.py:925} INFO - DAG(s) 'example_sensors' retrieved from /home/airflow/.local/lib/python3.12/site-packages/airflow/example_dags/example_sensors.py
[2025-02-03T09:44:31.884+0000] {logging_mixin.py:190} INFO - [2025-02-03T09:44:31.884+0000] {override.py:1911} INFO - Created Permission View: can edit on DAG:example_sensors
[2025-02-03T09:44:31.900+0000] {logging_mixin.py:190} INFO - [2025-02-03T09:44:31.900+0000] {override.py:1911} INFO - Created Permission View: can read on DAG:example_sensors
[2025-02-03T09:44:31.905+0000] {logging_mixin.py:190} INFO - [2025-02-03T09:44:31.905+0000] {override.py:1911} INFO - Created Permission View: can delete on DAG:example_sensors
[2025-02-03T09:44:31.911+0000] {logging_mixin.py:190} INFO - [2025-02-03T09:44:31.911+0000] {override.py:1911} INFO - Created Permission View: can read on DAG Run:example_sensors
[2025-02-03T09:44:31.920+0000] {logging_mixin.py:190} INFO - [2025-02-03T09:44:31.919+0000] {override.py:1911} INFO - Created Permission View: can delete on DAG Run:example_sensors
[2025-02-03T09:44:31.939+0000] {logging_mixin.py:190} INFO - [2025-02-03T09:44:31.939+0000] {override.py:1911} INFO - Created Permission View: can create on DAG Run:example_sensors
[2025-02-03T09:44:31.945+0000] {logging_mixin.py:190} INFO - [2025-02-03T09:44:31.945+0000] {override.py:1911} INFO - Created Permission View: menu access on DAG Run:example_sensors
[2025-02-03T09:44:31.946+0000] {logging_mixin.py:190} INFO - [2025-02-03T09:44:31.946+0000] {dag.py:3239} INFO - Sync 1 DAGs
[2025-02-03T09:44:31.963+0000] {logging_mixin.py:190} INFO - [2025-02-03T09:44:31.962+0000] {dag.py:3262} INFO - Creating ORM DAG for example_sensors
[2025-02-03T09:44:31.963+0000] {logging_mixin.py:190} INFO - [2025-02-03T09:44:31.963+0000] {dag.py:4180} INFO - Setting next_dagrun for example_sensors to None, run_after=None
[2025-02-03T09:44:31.990+0000] {processor.py:208} INFO - Processing /home/airflow/.local/lib/python3.12/site-packages/airflow/example_dags/example_sensors.py took 0.368 seconds
[2025-02-03T09:45:12.581+0000] {processor.py:186} INFO - Started process (PID=119) to work on /home/airflow/.local/lib/python3.12/site-packages/airflow/example_dags/example_sensors.py
[2025-02-03T09:45:12.584+0000] {processor.py:914} INFO - Processing file /home/airflow/.local/lib/python3.12/site-packages/airflow/example_dags/example_sensors.py for tasks to queue
[2025-02-03T09:45:12.589+0000] {logging_mixin.py:190} INFO - [2025-02-03T09:45:12.588+0000] {dagbag.py:588} INFO - Filling up the DagBag from /home/airflow/.local/lib/python3.12/site-packages/airflow/example_dags/example_sensors.py
[2025-02-03T09:45:12.615+0000] {processor.py:925} INFO - DAG(s) 'example_sensors' retrieved from /home/airflow/.local/lib/python3.12/site-packages/airflow/example_dags/example_sensors.py
[2025-02-03T09:45:12.663+0000] {logging_mixin.py:190} INFO - [2025-02-03T09:45:12.662+0000] {dag.py:3239} INFO - Sync 1 DAGs
[2025-02-03T09:45:12.686+0000] {logging_mixin.py:190} INFO - [2025-02-03T09:45:12.686+0000] {dag.py:4180} INFO - Setting next_dagrun for example_sensors to None, run_after=None
[2025-02-03T09:45:12.719+0000] {processor.py:208} INFO - Processing /home/airflow/.local/lib/python3.12/site-packages/airflow/example_dags/example_sensors.py took 0.152 seconds
[2025-02-03T09:45:44.615+0000] {processor.py:186} INFO - Started process (PID=181) to work on /home/airflow/.local/lib/python3.12/site-packages/airflow/example_dags/example_sensors.py
[2025-02-03T09:45:44.618+0000] {processor.py:914} INFO - Processing file /home/airflow/.local/lib/python3.12/site-packages/airflow/example_dags/example_sensors.py for tasks to queue
[2025-02-03T09:45:44.621+0000] {logging_mixin.py:190} INFO - [2025-02-03T09:45:44.621+0000] {dagbag.py:588} INFO - Filling up the DagBag from /home/airflow/.local/lib/python3.12/site-packages/airflow/example_dags/example_sensors.py
[2025-02-03T09:45:44.637+0000] {processor.py:925} INFO - DAG(s) 'example_sensors' retrieved from /home/airflow/.local/lib/python3.12/site-packages/airflow/example_dags/example_sensors.py
[2025-02-03T09:45:44.679+0000] {logging_mixin.py:190} INFO - [2025-02-03T09:45:44.678+0000] {dag.py:3239} INFO - Sync 1 DAGs
[2025-02-03T09:45:44.701+0000] {logging_mixin.py:190} INFO - [2025-02-03T09:45:44.701+0000] {dag.py:4180} INFO - Setting next_dagrun for example_sensors to None, run_after=None
[2025-02-03T09:45:44.726+0000] {processor.py:208} INFO - Processing /home/airflow/.local/lib/python3.12/site-packages/airflow/example_dags/example_sensors.py took 0.119 seconds
[2025-02-03T09:46:16.858+0000] {processor.py:186} INFO - Started process (PID=244) to work on /home/airflow/.local/lib/python3.12/site-packages/airflow/example_dags/example_sensors.py
[2025-02-03T09:46:16.864+0000] {processor.py:914} INFO - Processing file /home/airflow/.local/lib/python3.12/site-packages/airflow/example_dags/example_sensors.py for tasks to queue
[2025-02-03T09:46:16.873+0000] {logging_mixin.py:190} INFO - [2025-02-03T09:46:16.872+0000] {dagbag.py:588} INFO - Filling up the DagBag from /home/airflow/.local/lib/python3.12/site-packages/airflow/example_dags/example_sensors.py
[2025-02-03T09:46:16.918+0000] {processor.py:925} INFO - DAG(s) 'example_sensors' retrieved from /home/airflow/.local/lib/python3.12/site-packages/airflow/example_dags/example_sensors.py
[2025-02-03T09:46:16.984+0000] {logging_mixin.py:190} INFO - [2025-02-03T09:46:16.984+0000] {dag.py:3239} INFO - Sync 1 DAGs
[2025-02-03T09:46:17.076+0000] {logging_mixin.py:190} INFO - [2025-02-03T09:46:17.076+0000] {dag.py:4180} INFO - Setting next_dagrun for example_sensors to None, run_after=None
[2025-02-03T09:46:17.135+0000] {processor.py:208} INFO - Processing /home/airflow/.local/lib/python3.12/site-packages/airflow/example_dags/example_sensors.py took 0.304 seconds
[2025-02-03T09:55:22.505+0000] {processor.py:186} INFO - Started process (PID=58) to work on /home/airflow/.local/lib/python3.12/site-packages/airflow/example_dags/example_sensors.py
[2025-02-03T09:55:22.515+0000] {processor.py:914} INFO - Processing file /home/airflow/.local/lib/python3.12/site-packages/airflow/example_dags/example_sensors.py for tasks to queue
[2025-02-03T09:55:22.517+0000] {logging_mixin.py:190} INFO - [2025-02-03T09:55:22.517+0000] {dagbag.py:588} INFO - Filling up the DagBag from /home/airflow/.local/lib/python3.12/site-packages/airflow/example_dags/example_sensors.py
[2025-02-03T09:55:22.533+0000] {processor.py:925} INFO - DAG(s) 'example_sensors' retrieved from /home/airflow/.local/lib/python3.12/site-packages/airflow/example_dags/example_sensors.py
[2025-02-03T09:55:22.585+0000] {logging_mixin.py:190} INFO - [2025-02-03T09:55:22.585+0000] {dag.py:3239} INFO - Sync 1 DAGs
[2025-02-03T09:55:22.615+0000] {logging_mixin.py:190} INFO - [2025-02-03T09:55:22.615+0000] {dag.py:4180} INFO - Setting next_dagrun for example_sensors to None, run_after=None
[2025-02-03T09:55:22.645+0000] {processor.py:208} INFO - Processing /home/airflow/.local/lib/python3.12/site-packages/airflow/example_dags/example_sensors.py took 0.152 seconds
[2025-02-03T09:55:53.492+0000] {processor.py:186} INFO - Started process (PID=122) to work on /home/airflow/.local/lib/python3.12/site-packages/airflow/example_dags/example_sensors.py
[2025-02-03T09:55:53.493+0000] {processor.py:914} INFO - Processing file /home/airflow/.local/lib/python3.12/site-packages/airflow/example_dags/example_sensors.py for tasks to queue
[2025-02-03T09:55:53.496+0000] {logging_mixin.py:190} INFO - [2025-02-03T09:55:53.496+0000] {dagbag.py:588} INFO - Filling up the DagBag from /home/airflow/.local/lib/python3.12/site-packages/airflow/example_dags/example_sensors.py
[2025-02-03T09:55:53.507+0000] {processor.py:925} INFO - DAG(s) 'example_sensors' retrieved from /home/airflow/.local/lib/python3.12/site-packages/airflow/example_dags/example_sensors.py
[2025-02-03T09:55:53.530+0000] {logging_mixin.py:190} INFO - [2025-02-03T09:55:53.530+0000] {dag.py:3239} INFO - Sync 1 DAGs
[2025-02-03T09:55:53.542+0000] {logging_mixin.py:190} INFO - [2025-02-03T09:55:53.542+0000] {dag.py:4180} INFO - Setting next_dagrun for example_sensors to None, run_after=None
[2025-02-03T09:55:53.558+0000] {processor.py:208} INFO - Processing /home/airflow/.local/lib/python3.12/site-packages/airflow/example_dags/example_sensors.py took 0.071 seconds
[2025-02-03T09:56:23.985+0000] {processor.py:186} INFO - Started process (PID=185) to work on /home/airflow/.local/lib/python3.12/site-packages/airflow/example_dags/example_sensors.py
[2025-02-03T09:56:23.986+0000] {processor.py:914} INFO - Processing file /home/airflow/.local/lib/python3.12/site-packages/airflow/example_dags/example_sensors.py for tasks to queue
[2025-02-03T09:56:23.989+0000] {logging_mixin.py:190} INFO - [2025-02-03T09:56:23.989+0000] {dagbag.py:588} INFO - Filling up the DagBag from /home/airflow/.local/lib/python3.12/site-packages/airflow/example_dags/example_sensors.py
[2025-02-03T09:56:24.004+0000] {processor.py:925} INFO - DAG(s) 'example_sensors' retrieved from /home/airflow/.local/lib/python3.12/site-packages/airflow/example_dags/example_sensors.py
[2025-02-03T09:56:24.025+0000] {logging_mixin.py:190} INFO - [2025-02-03T09:56:24.024+0000] {dag.py:3239} INFO - Sync 1 DAGs
[2025-02-03T09:56:24.037+0000] {logging_mixin.py:190} INFO - [2025-02-03T09:56:24.037+0000] {dag.py:4180} INFO - Setting next_dagrun for example_sensors to None, run_after=None
[2025-02-03T09:56:24.064+0000] {processor.py:208} INFO - Processing /home/airflow/.local/lib/python3.12/site-packages/airflow/example_dags/example_sensors.py took 0.086 seconds
[2025-02-03T09:56:54.603+0000] {processor.py:186} INFO - Started process (PID=249) to work on /home/airflow/.local/lib/python3.12/site-packages/airflow/example_dags/example_sensors.py
[2025-02-03T09:56:54.604+0000] {processor.py:914} INFO - Processing file /home/airflow/.local/lib/python3.12/site-packages/airflow/example_dags/example_sensors.py for tasks to queue
[2025-02-03T09:56:54.606+0000] {logging_mixin.py:190} INFO - [2025-02-03T09:56:54.606+0000] {dagbag.py:588} INFO - Filling up the DagBag from /home/airflow/.local/lib/python3.12/site-packages/airflow/example_dags/example_sensors.py
[2025-02-03T09:56:54.615+0000] {processor.py:925} INFO - DAG(s) 'example_sensors' retrieved from /home/airflow/.local/lib/python3.12/site-packages/airflow/example_dags/example_sensors.py
[2025-02-03T09:56:54.634+0000] {logging_mixin.py:190} INFO - [2025-02-03T09:56:54.634+0000] {dag.py:3239} INFO - Sync 1 DAGs
[2025-02-03T09:56:54.646+0000] {logging_mixin.py:190} INFO - [2025-02-03T09:56:54.646+0000] {dag.py:4180} INFO - Setting next_dagrun for example_sensors to None, run_after=None
[2025-02-03T09:56:54.662+0000] {processor.py:208} INFO - Processing /home/airflow/.local/lib/python3.12/site-packages/airflow/example_dags/example_sensors.py took 0.063 seconds
[2025-02-03T09:57:32.425+0000] {processor.py:186} INFO - Started process (PID=314) to work on /home/airflow/.local/lib/python3.12/site-packages/airflow/example_dags/example_sensors.py
[2025-02-03T09:57:32.426+0000] {processor.py:914} INFO - Processing file /home/airflow/.local/lib/python3.12/site-packages/airflow/example_dags/example_sensors.py for tasks to queue
[2025-02-03T09:57:32.429+0000] {logging_mixin.py:190} INFO - [2025-02-03T09:57:32.428+0000] {dagbag.py:588} INFO - Filling up the DagBag from /home/airflow/.local/lib/python3.12/site-packages/airflow/example_dags/example_sensors.py
[2025-02-03T09:57:32.440+0000] {processor.py:925} INFO - DAG(s) 'example_sensors' retrieved from /home/airflow/.local/lib/python3.12/site-packages/airflow/example_dags/example_sensors.py
[2025-02-03T09:57:32.464+0000] {logging_mixin.py:190} INFO - [2025-02-03T09:57:32.463+0000] {dag.py:3239} INFO - Sync 1 DAGs
[2025-02-03T09:57:32.481+0000] {logging_mixin.py:190} INFO - [2025-02-03T09:57:32.481+0000] {dag.py:4180} INFO - Setting next_dagrun for example_sensors to None, run_after=None
[2025-02-03T09:57:32.499+0000] {processor.py:208} INFO - Processing /home/airflow/.local/lib/python3.12/site-packages/airflow/example_dags/example_sensors.py took 0.080 seconds
[2025-02-03T09:58:04.184+0000] {processor.py:186} INFO - Started process (PID=377) to work on /home/airflow/.local/lib/python3.12/site-packages/airflow/example_dags/example_sensors.py
[2025-02-03T09:58:04.201+0000] {processor.py:914} INFO - Processing file /home/airflow/.local/lib/python3.12/site-packages/airflow/example_dags/example_sensors.py for tasks to queue
[2025-02-03T09:58:04.203+0000] {logging_mixin.py:190} INFO - [2025-02-03T09:58:04.203+0000] {dagbag.py:588} INFO - Filling up the DagBag from /home/airflow/.local/lib/python3.12/site-packages/airflow/example_dags/example_sensors.py
[2025-02-03T09:58:04.222+0000] {processor.py:925} INFO - DAG(s) 'example_sensors' retrieved from /home/airflow/.local/lib/python3.12/site-packages/airflow/example_dags/example_sensors.py
[2025-02-03T09:58:04.301+0000] {logging_mixin.py:190} INFO - [2025-02-03T09:58:04.301+0000] {dag.py:3239} INFO - Sync 1 DAGs
[2025-02-03T09:58:04.322+0000] {logging_mixin.py:190} INFO - [2025-02-03T09:58:04.322+0000] {dag.py:4180} INFO - Setting next_dagrun for example_sensors to None, run_after=None
[2025-02-03T09:58:04.381+0000] {processor.py:208} INFO - Processing /home/airflow/.local/lib/python3.12/site-packages/airflow/example_dags/example_sensors.py took 0.202 seconds
[2025-02-03T09:58:34.794+0000] {processor.py:186} INFO - Started process (PID=441) to work on /home/airflow/.local/lib/python3.12/site-packages/airflow/example_dags/example_sensors.py
[2025-02-03T09:58:34.795+0000] {processor.py:914} INFO - Processing file /home/airflow/.local/lib/python3.12/site-packages/airflow/example_dags/example_sensors.py for tasks to queue
[2025-02-03T09:58:34.797+0000] {logging_mixin.py:190} INFO - [2025-02-03T09:58:34.797+0000] {dagbag.py:588} INFO - Filling up the DagBag from /home/airflow/.local/lib/python3.12/site-packages/airflow/example_dags/example_sensors.py
[2025-02-03T09:58:34.809+0000] {processor.py:925} INFO - DAG(s) 'example_sensors' retrieved from /home/airflow/.local/lib/python3.12/site-packages/airflow/example_dags/example_sensors.py
[2025-02-03T09:58:34.832+0000] {logging_mixin.py:190} INFO - [2025-02-03T09:58:34.832+0000] {dag.py:3239} INFO - Sync 1 DAGs
[2025-02-03T09:58:34.845+0000] {logging_mixin.py:190} INFO - [2025-02-03T09:58:34.845+0000] {dag.py:4180} INFO - Setting next_dagrun for example_sensors to None, run_after=None
[2025-02-03T09:58:34.859+0000] {processor.py:208} INFO - Processing /home/airflow/.local/lib/python3.12/site-packages/airflow/example_dags/example_sensors.py took 0.071 seconds
[2025-02-03T09:59:06.077+0000] {processor.py:186} INFO - Started process (PID=506) to work on /home/airflow/.local/lib/python3.12/site-packages/airflow/example_dags/example_sensors.py
[2025-02-03T09:59:06.081+0000] {processor.py:914} INFO - Processing file /home/airflow/.local/lib/python3.12/site-packages/airflow/example_dags/example_sensors.py for tasks to queue
[2025-02-03T09:59:06.083+0000] {logging_mixin.py:190} INFO - [2025-02-03T09:59:06.083+0000] {dagbag.py:588} INFO - Filling up the DagBag from /home/airflow/.local/lib/python3.12/site-packages/airflow/example_dags/example_sensors.py
[2025-02-03T09:59:06.091+0000] {processor.py:925} INFO - DAG(s) 'example_sensors' retrieved from /home/airflow/.local/lib/python3.12/site-packages/airflow/example_dags/example_sensors.py
[2025-02-03T09:59:06.113+0000] {logging_mixin.py:190} INFO - [2025-02-03T09:59:06.112+0000] {dag.py:3239} INFO - Sync 1 DAGs
[2025-02-03T09:59:06.124+0000] {logging_mixin.py:190} INFO - [2025-02-03T09:59:06.124+0000] {dag.py:4180} INFO - Setting next_dagrun for example_sensors to None, run_after=None
[2025-02-03T09:59:06.138+0000] {processor.py:208} INFO - Processing /home/airflow/.local/lib/python3.12/site-packages/airflow/example_dags/example_sensors.py took 0.066 seconds
[2025-02-03T09:59:36.951+0000] {processor.py:186} INFO - Started process (PID=570) to work on /home/airflow/.local/lib/python3.12/site-packages/airflow/example_dags/example_sensors.py
[2025-02-03T09:59:36.952+0000] {processor.py:914} INFO - Processing file /home/airflow/.local/lib/python3.12/site-packages/airflow/example_dags/example_sensors.py for tasks to queue
[2025-02-03T09:59:36.956+0000] {logging_mixin.py:190} INFO - [2025-02-03T09:59:36.956+0000] {dagbag.py:588} INFO - Filling up the DagBag from /home/airflow/.local/lib/python3.12/site-packages/airflow/example_dags/example_sensors.py
[2025-02-03T09:59:36.971+0000] {processor.py:925} INFO - DAG(s) 'example_sensors' retrieved from /home/airflow/.local/lib/python3.12/site-packages/airflow/example_dags/example_sensors.py
[2025-02-03T09:59:37.002+0000] {logging_mixin.py:190} INFO - [2025-02-03T09:59:37.002+0000] {dag.py:3239} INFO - Sync 1 DAGs
[2025-02-03T09:59:37.030+0000] {logging_mixin.py:190} INFO - [2025-02-03T09:59:37.030+0000] {dag.py:4180} INFO - Setting next_dagrun for example_sensors to None, run_after=None
[2025-02-03T09:59:37.070+0000] {processor.py:208} INFO - Processing /home/airflow/.local/lib/python3.12/site-packages/airflow/example_dags/example_sensors.py took 0.126 seconds
[2025-02-03T10:00:09.350+0000] {processor.py:186} INFO - Started process (PID=634) to work on /home/airflow/.local/lib/python3.12/site-packages/airflow/example_dags/example_sensors.py
[2025-02-03T10:00:09.355+0000] {processor.py:914} INFO - Processing file /home/airflow/.local/lib/python3.12/site-packages/airflow/example_dags/example_sensors.py for tasks to queue
[2025-02-03T10:00:09.358+0000] {logging_mixin.py:190} INFO - [2025-02-03T10:00:09.358+0000] {dagbag.py:588} INFO - Filling up the DagBag from /home/airflow/.local/lib/python3.12/site-packages/airflow/example_dags/example_sensors.py
[2025-02-03T10:00:09.377+0000] {processor.py:925} INFO - DAG(s) 'example_sensors' retrieved from /home/airflow/.local/lib/python3.12/site-packages/airflow/example_dags/example_sensors.py
[2025-02-03T10:00:09.417+0000] {logging_mixin.py:190} INFO - [2025-02-03T10:00:09.416+0000] {dag.py:3239} INFO - Sync 1 DAGs
[2025-02-03T10:00:09.441+0000] {logging_mixin.py:190} INFO - [2025-02-03T10:00:09.441+0000] {dag.py:4180} INFO - Setting next_dagrun for example_sensors to None, run_after=None
[2025-02-03T10:00:09.480+0000] {processor.py:208} INFO - Processing /home/airflow/.local/lib/python3.12/site-packages/airflow/example_dags/example_sensors.py took 0.136 seconds
[2025-02-03T10:00:40.348+0000] {processor.py:186} INFO - Started process (PID=698) to work on /home/airflow/.local/lib/python3.12/site-packages/airflow/example_dags/example_sensors.py
[2025-02-03T10:00:40.350+0000] {processor.py:914} INFO - Processing file /home/airflow/.local/lib/python3.12/site-packages/airflow/example_dags/example_sensors.py for tasks to queue
[2025-02-03T10:00:40.352+0000] {logging_mixin.py:190} INFO - [2025-02-03T10:00:40.352+0000] {dagbag.py:588} INFO - Filling up the DagBag from /home/airflow/.local/lib/python3.12/site-packages/airflow/example_dags/example_sensors.py
[2025-02-03T10:00:40.362+0000] {processor.py:925} INFO - DAG(s) 'example_sensors' retrieved from /home/airflow/.local/lib/python3.12/site-packages/airflow/example_dags/example_sensors.py
[2025-02-03T10:00:40.386+0000] {logging_mixin.py:190} INFO - [2025-02-03T10:00:40.386+0000] {dag.py:3239} INFO - Sync 1 DAGs
[2025-02-03T10:00:40.398+0000] {logging_mixin.py:190} INFO - [2025-02-03T10:00:40.398+0000] {dag.py:4180} INFO - Setting next_dagrun for example_sensors to None, run_after=None
[2025-02-03T10:00:40.415+0000] {processor.py:208} INFO - Processing /home/airflow/.local/lib/python3.12/site-packages/airflow/example_dags/example_sensors.py took 0.072 seconds
[2025-02-03T10:01:13.197+0000] {processor.py:186} INFO - Started process (PID=762) to work on /home/airflow/.local/lib/python3.12/site-packages/airflow/example_dags/example_sensors.py
[2025-02-03T10:01:13.198+0000] {processor.py:914} INFO - Processing file /home/airflow/.local/lib/python3.12/site-packages/airflow/example_dags/example_sensors.py for tasks to queue
[2025-02-03T10:01:13.201+0000] {logging_mixin.py:190} INFO - [2025-02-03T10:01:13.201+0000] {dagbag.py:588} INFO - Filling up the DagBag from /home/airflow/.local/lib/python3.12/site-packages/airflow/example_dags/example_sensors.py
[2025-02-03T10:01:13.212+0000] {processor.py:925} INFO - DAG(s) 'example_sensors' retrieved from /home/airflow/.local/lib/python3.12/site-packages/airflow/example_dags/example_sensors.py
[2025-02-03T10:01:13.238+0000] {logging_mixin.py:190} INFO - [2025-02-03T10:01:13.237+0000] {dag.py:3239} INFO - Sync 1 DAGs
[2025-02-03T10:01:13.252+0000] {logging_mixin.py:190} INFO - [2025-02-03T10:01:13.251+0000] {dag.py:4180} INFO - Setting next_dagrun for example_sensors to None, run_after=None
[2025-02-03T10:01:13.268+0000] {processor.py:208} INFO - Processing /home/airflow/.local/lib/python3.12/site-packages/airflow/example_dags/example_sensors.py took 0.077 seconds
[2025-02-03T10:01:45.252+0000] {processor.py:186} INFO - Started process (PID=826) to work on /home/airflow/.local/lib/python3.12/site-packages/airflow/example_dags/example_sensors.py
[2025-02-03T10:01:45.254+0000] {processor.py:914} INFO - Processing file /home/airflow/.local/lib/python3.12/site-packages/airflow/example_dags/example_sensors.py for tasks to queue
[2025-02-03T10:01:45.257+0000] {logging_mixin.py:190} INFO - [2025-02-03T10:01:45.256+0000] {dagbag.py:588} INFO - Filling up the DagBag from /home/airflow/.local/lib/python3.12/site-packages/airflow/example_dags/example_sensors.py
[2025-02-03T10:01:45.269+0000] {processor.py:925} INFO - DAG(s) 'example_sensors' retrieved from /home/airflow/.local/lib/python3.12/site-packages/airflow/example_dags/example_sensors.py
[2025-02-03T10:01:45.290+0000] {logging_mixin.py:190} INFO - [2025-02-03T10:01:45.290+0000] {dag.py:3239} INFO - Sync 1 DAGs
[2025-02-03T10:01:45.303+0000] {logging_mixin.py:190} INFO - [2025-02-03T10:01:45.303+0000] {dag.py:4180} INFO - Setting next_dagrun for example_sensors to None, run_after=None
[2025-02-03T10:01:45.317+0000] {processor.py:208} INFO - Processing /home/airflow/.local/lib/python3.12/site-packages/airflow/example_dags/example_sensors.py took 0.072 seconds
[2025-02-03T10:02:17.387+0000] {processor.py:186} INFO - Started process (PID=891) to work on /home/airflow/.local/lib/python3.12/site-packages/airflow/example_dags/example_sensors.py
[2025-02-03T10:02:17.389+0000] {processor.py:914} INFO - Processing file /home/airflow/.local/lib/python3.12/site-packages/airflow/example_dags/example_sensors.py for tasks to queue
[2025-02-03T10:02:17.393+0000] {logging_mixin.py:190} INFO - [2025-02-03T10:02:17.392+0000] {dagbag.py:588} INFO - Filling up the DagBag from /home/airflow/.local/lib/python3.12/site-packages/airflow/example_dags/example_sensors.py
[2025-02-03T10:02:17.407+0000] {processor.py:925} INFO - DAG(s) 'example_sensors' retrieved from /home/airflow/.local/lib/python3.12/site-packages/airflow/example_dags/example_sensors.py
[2025-02-03T10:02:17.435+0000] {logging_mixin.py:190} INFO - [2025-02-03T10:02:17.435+0000] {dag.py:3239} INFO - Sync 1 DAGs
[2025-02-03T10:02:17.450+0000] {logging_mixin.py:190} INFO - [2025-02-03T10:02:17.450+0000] {dag.py:4180} INFO - Setting next_dagrun for example_sensors to None, run_after=None
[2025-02-03T10:02:17.473+0000] {processor.py:208} INFO - Processing /home/airflow/.local/lib/python3.12/site-packages/airflow/example_dags/example_sensors.py took 0.096 seconds
[2025-02-03T10:02:47.588+0000] {processor.py:186} INFO - Started process (PID=954) to work on /home/airflow/.local/lib/python3.12/site-packages/airflow/example_dags/example_sensors.py
[2025-02-03T10:02:47.589+0000] {processor.py:914} INFO - Processing file /home/airflow/.local/lib/python3.12/site-packages/airflow/example_dags/example_sensors.py for tasks to queue
[2025-02-03T10:02:47.591+0000] {logging_mixin.py:190} INFO - [2025-02-03T10:02:47.591+0000] {dagbag.py:588} INFO - Filling up the DagBag from /home/airflow/.local/lib/python3.12/site-packages/airflow/example_dags/example_sensors.py
[2025-02-03T10:02:47.601+0000] {processor.py:925} INFO - DAG(s) 'example_sensors' retrieved from /home/airflow/.local/lib/python3.12/site-packages/airflow/example_dags/example_sensors.py
[2025-02-03T10:02:47.631+0000] {logging_mixin.py:190} INFO - [2025-02-03T10:02:47.631+0000] {dag.py:3239} INFO - Sync 1 DAGs
[2025-02-03T10:02:47.643+0000] {logging_mixin.py:190} INFO - [2025-02-03T10:02:47.643+0000] {dag.py:4180} INFO - Setting next_dagrun for example_sensors to None, run_after=None
[2025-02-03T10:02:47.658+0000] {processor.py:208} INFO - Processing /home/airflow/.local/lib/python3.12/site-packages/airflow/example_dags/example_sensors.py took 0.075 seconds
[2025-02-03T10:03:18.032+0000] {processor.py:186} INFO - Started process (PID=1017) to work on /home/airflow/.local/lib/python3.12/site-packages/airflow/example_dags/example_sensors.py
[2025-02-03T10:03:18.033+0000] {processor.py:914} INFO - Processing file /home/airflow/.local/lib/python3.12/site-packages/airflow/example_dags/example_sensors.py for tasks to queue
[2025-02-03T10:03:18.036+0000] {logging_mixin.py:190} INFO - [2025-02-03T10:03:18.036+0000] {dagbag.py:588} INFO - Filling up the DagBag from /home/airflow/.local/lib/python3.12/site-packages/airflow/example_dags/example_sensors.py
[2025-02-03T10:03:18.062+0000] {processor.py:925} INFO - DAG(s) 'example_sensors' retrieved from /home/airflow/.local/lib/python3.12/site-packages/airflow/example_dags/example_sensors.py
[2025-02-03T10:03:18.087+0000] {logging_mixin.py:190} INFO - [2025-02-03T10:03:18.087+0000] {dag.py:3239} INFO - Sync 1 DAGs
[2025-02-03T10:03:18.100+0000] {logging_mixin.py:190} INFO - [2025-02-03T10:03:18.100+0000] {dag.py:4180} INFO - Setting next_dagrun for example_sensors to None, run_after=None
[2025-02-03T10:03:18.120+0000] {processor.py:208} INFO - Processing /home/airflow/.local/lib/python3.12/site-packages/airflow/example_dags/example_sensors.py took 0.100 seconds
[2025-02-03T10:03:49.046+0000] {processor.py:186} INFO - Started process (PID=1080) to work on /home/airflow/.local/lib/python3.12/site-packages/airflow/example_dags/example_sensors.py
[2025-02-03T10:03:49.048+0000] {processor.py:914} INFO - Processing file /home/airflow/.local/lib/python3.12/site-packages/airflow/example_dags/example_sensors.py for tasks to queue
[2025-02-03T10:03:49.060+0000] {logging_mixin.py:190} INFO - [2025-02-03T10:03:49.060+0000] {dagbag.py:588} INFO - Filling up the DagBag from /home/airflow/.local/lib/python3.12/site-packages/airflow/example_dags/example_sensors.py
[2025-02-03T10:03:49.083+0000] {processor.py:925} INFO - DAG(s) 'example_sensors' retrieved from /home/airflow/.local/lib/python3.12/site-packages/airflow/example_dags/example_sensors.py
[2025-02-03T10:03:49.115+0000] {logging_mixin.py:190} INFO - [2025-02-03T10:03:49.115+0000] {dag.py:3239} INFO - Sync 1 DAGs
[2025-02-03T10:03:49.140+0000] {logging_mixin.py:190} INFO - [2025-02-03T10:03:49.139+0000] {dag.py:4180} INFO - Setting next_dagrun for example_sensors to None, run_after=None
[2025-02-03T10:03:49.177+0000] {processor.py:208} INFO - Processing /home/airflow/.local/lib/python3.12/site-packages/airflow/example_dags/example_sensors.py took 0.141 seconds
[2025-02-03T10:04:19.314+0000] {processor.py:186} INFO - Started process (PID=1144) to work on /home/airflow/.local/lib/python3.12/site-packages/airflow/example_dags/example_sensors.py
[2025-02-03T10:04:19.316+0000] {processor.py:914} INFO - Processing file /home/airflow/.local/lib/python3.12/site-packages/airflow/example_dags/example_sensors.py for tasks to queue
[2025-02-03T10:04:19.318+0000] {logging_mixin.py:190} INFO - [2025-02-03T10:04:19.317+0000] {dagbag.py:588} INFO - Filling up the DagBag from /home/airflow/.local/lib/python3.12/site-packages/airflow/example_dags/example_sensors.py
[2025-02-03T10:04:19.332+0000] {processor.py:925} INFO - DAG(s) 'example_sensors' retrieved from /home/airflow/.local/lib/python3.12/site-packages/airflow/example_dags/example_sensors.py
[2025-02-03T10:04:19.361+0000] {logging_mixin.py:190} INFO - [2025-02-03T10:04:19.361+0000] {dag.py:3239} INFO - Sync 1 DAGs
[2025-02-03T10:04:19.377+0000] {logging_mixin.py:190} INFO - [2025-02-03T10:04:19.377+0000] {dag.py:4180} INFO - Setting next_dagrun for example_sensors to None, run_after=None
[2025-02-03T10:04:19.405+0000] {processor.py:208} INFO - Processing /home/airflow/.local/lib/python3.12/site-packages/airflow/example_dags/example_sensors.py took 0.096 seconds
[2025-02-03T10:04:49.674+0000] {processor.py:186} INFO - Started process (PID=1207) to work on /home/airflow/.local/lib/python3.12/site-packages/airflow/example_dags/example_sensors.py
[2025-02-03T10:04:49.675+0000] {processor.py:914} INFO - Processing file /home/airflow/.local/lib/python3.12/site-packages/airflow/example_dags/example_sensors.py for tasks to queue
[2025-02-03T10:04:49.677+0000] {logging_mixin.py:190} INFO - [2025-02-03T10:04:49.677+0000] {dagbag.py:588} INFO - Filling up the DagBag from /home/airflow/.local/lib/python3.12/site-packages/airflow/example_dags/example_sensors.py
[2025-02-03T10:04:49.689+0000] {processor.py:925} INFO - DAG(s) 'example_sensors' retrieved from /home/airflow/.local/lib/python3.12/site-packages/airflow/example_dags/example_sensors.py
[2025-02-03T10:04:49.713+0000] {logging_mixin.py:190} INFO - [2025-02-03T10:04:49.713+0000] {dag.py:3239} INFO - Sync 1 DAGs
[2025-02-03T10:04:49.733+0000] {logging_mixin.py:190} INFO - [2025-02-03T10:04:49.732+0000] {dag.py:4180} INFO - Setting next_dagrun for example_sensors to None, run_after=None
[2025-02-03T10:04:49.757+0000] {processor.py:208} INFO - Processing /home/airflow/.local/lib/python3.12/site-packages/airflow/example_dags/example_sensors.py took 0.089 seconds
[2025-02-03T10:05:20.782+0000] {processor.py:186} INFO - Started process (PID=1272) to work on /home/airflow/.local/lib/python3.12/site-packages/airflow/example_dags/example_sensors.py
[2025-02-03T10:05:20.784+0000] {processor.py:914} INFO - Processing file /home/airflow/.local/lib/python3.12/site-packages/airflow/example_dags/example_sensors.py for tasks to queue
[2025-02-03T10:05:20.787+0000] {logging_mixin.py:190} INFO - [2025-02-03T10:05:20.787+0000] {dagbag.py:588} INFO - Filling up the DagBag from /home/airflow/.local/lib/python3.12/site-packages/airflow/example_dags/example_sensors.py
[2025-02-03T10:05:20.796+0000] {processor.py:925} INFO - DAG(s) 'example_sensors' retrieved from /home/airflow/.local/lib/python3.12/site-packages/airflow/example_dags/example_sensors.py
[2025-02-03T10:05:20.818+0000] {logging_mixin.py:190} INFO - [2025-02-03T10:05:20.818+0000] {dag.py:3239} INFO - Sync 1 DAGs
[2025-02-03T10:05:20.830+0000] {logging_mixin.py:190} INFO - [2025-02-03T10:05:20.829+0000] {dag.py:4180} INFO - Setting next_dagrun for example_sensors to None, run_after=None
[2025-02-03T10:05:20.845+0000] {processor.py:208} INFO - Processing /home/airflow/.local/lib/python3.12/site-packages/airflow/example_dags/example_sensors.py took 0.068 seconds
[2025-02-03T10:05:51.547+0000] {processor.py:186} INFO - Started process (PID=1336) to work on /home/airflow/.local/lib/python3.12/site-packages/airflow/example_dags/example_sensors.py
[2025-02-03T10:05:51.549+0000] {processor.py:914} INFO - Processing file /home/airflow/.local/lib/python3.12/site-packages/airflow/example_dags/example_sensors.py for tasks to queue
[2025-02-03T10:05:51.552+0000] {logging_mixin.py:190} INFO - [2025-02-03T10:05:51.552+0000] {dagbag.py:588} INFO - Filling up the DagBag from /home/airflow/.local/lib/python3.12/site-packages/airflow/example_dags/example_sensors.py
[2025-02-03T10:05:51.567+0000] {processor.py:925} INFO - DAG(s) 'example_sensors' retrieved from /home/airflow/.local/lib/python3.12/site-packages/airflow/example_dags/example_sensors.py
[2025-02-03T10:05:51.609+0000] {logging_mixin.py:190} INFO - [2025-02-03T10:05:51.609+0000] {dag.py:3239} INFO - Sync 1 DAGs
[2025-02-03T10:05:51.620+0000] {logging_mixin.py:190} INFO - [2025-02-03T10:05:51.619+0000] {dag.py:4180} INFO - Setting next_dagrun for example_sensors to None, run_after=None
[2025-02-03T10:05:51.633+0000] {processor.py:208} INFO - Processing /home/airflow/.local/lib/python3.12/site-packages/airflow/example_dags/example_sensors.py took 0.091 seconds
[2025-02-03T10:06:22.218+0000] {processor.py:186} INFO - Started process (PID=1400) to work on /home/airflow/.local/lib/python3.12/site-packages/airflow/example_dags/example_sensors.py
[2025-02-03T10:06:22.219+0000] {processor.py:914} INFO - Processing file /home/airflow/.local/lib/python3.12/site-packages/airflow/example_dags/example_sensors.py for tasks to queue
[2025-02-03T10:06:22.221+0000] {logging_mixin.py:190} INFO - [2025-02-03T10:06:22.221+0000] {dagbag.py:588} INFO - Filling up the DagBag from /home/airflow/.local/lib/python3.12/site-packages/airflow/example_dags/example_sensors.py
[2025-02-03T10:06:22.231+0000] {processor.py:925} INFO - DAG(s) 'example_sensors' retrieved from /home/airflow/.local/lib/python3.12/site-packages/airflow/example_dags/example_sensors.py
[2025-02-03T10:06:22.251+0000] {logging_mixin.py:190} INFO - [2025-02-03T10:06:22.251+0000] {dag.py:3239} INFO - Sync 1 DAGs
[2025-02-03T10:06:22.263+0000] {logging_mixin.py:190} INFO - [2025-02-03T10:06:22.263+0000] {dag.py:4180} INFO - Setting next_dagrun for example_sensors to None, run_after=None
[2025-02-03T10:06:22.279+0000] {processor.py:208} INFO - Processing /home/airflow/.local/lib/python3.12/site-packages/airflow/example_dags/example_sensors.py took 0.066 seconds
[2025-02-03T10:13:05.046+0000] {processor.py:186} INFO - Started process (PID=60) to work on /home/airflow/.local/lib/python3.12/site-packages/airflow/example_dags/example_sensors.py
[2025-02-03T10:13:05.051+0000] {processor.py:914} INFO - Processing file /home/airflow/.local/lib/python3.12/site-packages/airflow/example_dags/example_sensors.py for tasks to queue
[2025-02-03T10:13:05.053+0000] {logging_mixin.py:190} INFO - [2025-02-03T10:13:05.053+0000] {dagbag.py:588} INFO - Filling up the DagBag from /home/airflow/.local/lib/python3.12/site-packages/airflow/example_dags/example_sensors.py
[2025-02-03T10:13:05.080+0000] {processor.py:925} INFO - DAG(s) 'example_sensors' retrieved from /home/airflow/.local/lib/python3.12/site-packages/airflow/example_dags/example_sensors.py
[2025-02-03T10:13:05.159+0000] {logging_mixin.py:190} INFO - [2025-02-03T10:13:05.158+0000] {dag.py:3239} INFO - Sync 1 DAGs
[2025-02-03T10:13:05.183+0000] {logging_mixin.py:190} INFO - [2025-02-03T10:13:05.182+0000] {dag.py:4180} INFO - Setting next_dagrun for example_sensors to None, run_after=None
[2025-02-03T10:13:05.242+0000] {processor.py:208} INFO - Processing /home/airflow/.local/lib/python3.12/site-packages/airflow/example_dags/example_sensors.py took 0.201 seconds
[2025-02-03T10:13:36.620+0000] {processor.py:186} INFO - Started process (PID=124) to work on /home/airflow/.local/lib/python3.12/site-packages/airflow/example_dags/example_sensors.py
[2025-02-03T10:13:36.622+0000] {processor.py:914} INFO - Processing file /home/airflow/.local/lib/python3.12/site-packages/airflow/example_dags/example_sensors.py for tasks to queue
[2025-02-03T10:13:36.626+0000] {logging_mixin.py:190} INFO - [2025-02-03T10:13:36.626+0000] {dagbag.py:588} INFO - Filling up the DagBag from /home/airflow/.local/lib/python3.12/site-packages/airflow/example_dags/example_sensors.py
[2025-02-03T10:13:36.646+0000] {processor.py:925} INFO - DAG(s) 'example_sensors' retrieved from /home/airflow/.local/lib/python3.12/site-packages/airflow/example_dags/example_sensors.py
[2025-02-03T10:13:36.690+0000] {logging_mixin.py:190} INFO - [2025-02-03T10:13:36.689+0000] {dag.py:3239} INFO - Sync 1 DAGs
[2025-02-03T10:13:36.718+0000] {logging_mixin.py:190} INFO - [2025-02-03T10:13:36.717+0000] {dag.py:4180} INFO - Setting next_dagrun for example_sensors to None, run_after=None
[2025-02-03T10:13:36.745+0000] {processor.py:208} INFO - Processing /home/airflow/.local/lib/python3.12/site-packages/airflow/example_dags/example_sensors.py took 0.142 seconds
[2025-02-03T10:14:08.648+0000] {processor.py:186} INFO - Started process (PID=188) to work on /home/airflow/.local/lib/python3.12/site-packages/airflow/example_dags/example_sensors.py
[2025-02-03T10:14:08.662+0000] {processor.py:914} INFO - Processing file /home/airflow/.local/lib/python3.12/site-packages/airflow/example_dags/example_sensors.py for tasks to queue
[2025-02-03T10:14:08.667+0000] {logging_mixin.py:190} INFO - [2025-02-03T10:14:08.667+0000] {dagbag.py:588} INFO - Filling up the DagBag from /home/airflow/.local/lib/python3.12/site-packages/airflow/example_dags/example_sensors.py
[2025-02-03T10:14:08.696+0000] {processor.py:925} INFO - DAG(s) 'example_sensors' retrieved from /home/airflow/.local/lib/python3.12/site-packages/airflow/example_dags/example_sensors.py
[2025-02-03T10:14:08.775+0000] {logging_mixin.py:190} INFO - [2025-02-03T10:14:08.775+0000] {dag.py:3239} INFO - Sync 1 DAGs
[2025-02-03T10:14:08.814+0000] {logging_mixin.py:190} INFO - [2025-02-03T10:14:08.813+0000] {dag.py:4180} INFO - Setting next_dagrun for example_sensors to None, run_after=None
[2025-02-03T10:14:08.882+0000] {processor.py:208} INFO - Processing /home/airflow/.local/lib/python3.12/site-packages/airflow/example_dags/example_sensors.py took 0.240 seconds
[2025-02-03T10:14:38.939+0000] {processor.py:186} INFO - Started process (PID=251) to work on /home/airflow/.local/lib/python3.12/site-packages/airflow/example_dags/example_sensors.py
[2025-02-03T10:14:38.941+0000] {processor.py:914} INFO - Processing file /home/airflow/.local/lib/python3.12/site-packages/airflow/example_dags/example_sensors.py for tasks to queue
[2025-02-03T10:14:38.945+0000] {logging_mixin.py:190} INFO - [2025-02-03T10:14:38.945+0000] {dagbag.py:588} INFO - Filling up the DagBag from /home/airflow/.local/lib/python3.12/site-packages/airflow/example_dags/example_sensors.py
[2025-02-03T10:14:38.958+0000] {processor.py:925} INFO - DAG(s) 'example_sensors' retrieved from /home/airflow/.local/lib/python3.12/site-packages/airflow/example_dags/example_sensors.py
[2025-02-03T10:14:38.983+0000] {logging_mixin.py:190} INFO - [2025-02-03T10:14:38.983+0000] {dag.py:3239} INFO - Sync 1 DAGs
[2025-02-03T10:14:38.995+0000] {logging_mixin.py:190} INFO - [2025-02-03T10:14:38.995+0000] {dag.py:4180} INFO - Setting next_dagrun for example_sensors to None, run_after=None
[2025-02-03T10:14:39.010+0000] {processor.py:208} INFO - Processing /home/airflow/.local/lib/python3.12/site-packages/airflow/example_dags/example_sensors.py took 0.076 seconds
[2025-02-03T10:15:09.422+0000] {processor.py:186} INFO - Started process (PID=316) to work on /home/airflow/.local/lib/python3.12/site-packages/airflow/example_dags/example_sensors.py
[2025-02-03T10:15:09.424+0000] {processor.py:914} INFO - Processing file /home/airflow/.local/lib/python3.12/site-packages/airflow/example_dags/example_sensors.py for tasks to queue
[2025-02-03T10:15:09.426+0000] {logging_mixin.py:190} INFO - [2025-02-03T10:15:09.425+0000] {dagbag.py:588} INFO - Filling up the DagBag from /home/airflow/.local/lib/python3.12/site-packages/airflow/example_dags/example_sensors.py
[2025-02-03T10:15:09.442+0000] {processor.py:925} INFO - DAG(s) 'example_sensors' retrieved from /home/airflow/.local/lib/python3.12/site-packages/airflow/example_dags/example_sensors.py
[2025-02-03T10:15:09.463+0000] {logging_mixin.py:190} INFO - [2025-02-03T10:15:09.463+0000] {dag.py:3239} INFO - Sync 1 DAGs
[2025-02-03T10:15:09.479+0000] {logging_mixin.py:190} INFO - [2025-02-03T10:15:09.478+0000] {dag.py:4180} INFO - Setting next_dagrun for example_sensors to None, run_after=None
[2025-02-03T10:15:09.497+0000] {processor.py:208} INFO - Processing /home/airflow/.local/lib/python3.12/site-packages/airflow/example_dags/example_sensors.py took 0.081 seconds
[2025-02-03T10:15:39.673+0000] {processor.py:186} INFO - Started process (PID=379) to work on /home/airflow/.local/lib/python3.12/site-packages/airflow/example_dags/example_sensors.py
[2025-02-03T10:15:39.674+0000] {processor.py:914} INFO - Processing file /home/airflow/.local/lib/python3.12/site-packages/airflow/example_dags/example_sensors.py for tasks to queue
[2025-02-03T10:15:39.677+0000] {logging_mixin.py:190} INFO - [2025-02-03T10:15:39.676+0000] {dagbag.py:588} INFO - Filling up the DagBag from /home/airflow/.local/lib/python3.12/site-packages/airflow/example_dags/example_sensors.py
[2025-02-03T10:15:39.687+0000] {processor.py:925} INFO - DAG(s) 'example_sensors' retrieved from /home/airflow/.local/lib/python3.12/site-packages/airflow/example_dags/example_sensors.py
[2025-02-03T10:15:39.711+0000] {logging_mixin.py:190} INFO - [2025-02-03T10:15:39.711+0000] {dag.py:3239} INFO - Sync 1 DAGs
[2025-02-03T10:15:39.725+0000] {logging_mixin.py:190} INFO - [2025-02-03T10:15:39.725+0000] {dag.py:4180} INFO - Setting next_dagrun for example_sensors to None, run_after=None
[2025-02-03T10:15:39.750+0000] {processor.py:208} INFO - Processing /home/airflow/.local/lib/python3.12/site-packages/airflow/example_dags/example_sensors.py took 0.083 seconds
[2025-02-03T10:16:11.542+0000] {processor.py:186} INFO - Started process (PID=443) to work on /home/airflow/.local/lib/python3.12/site-packages/airflow/example_dags/example_sensors.py
[2025-02-03T10:16:11.543+0000] {processor.py:914} INFO - Processing file /home/airflow/.local/lib/python3.12/site-packages/airflow/example_dags/example_sensors.py for tasks to queue
[2025-02-03T10:16:11.551+0000] {logging_mixin.py:190} INFO - [2025-02-03T10:16:11.551+0000] {dagbag.py:588} INFO - Filling up the DagBag from /home/airflow/.local/lib/python3.12/site-packages/airflow/example_dags/example_sensors.py
[2025-02-03T10:16:11.559+0000] {processor.py:925} INFO - DAG(s) 'example_sensors' retrieved from /home/airflow/.local/lib/python3.12/site-packages/airflow/example_dags/example_sensors.py
[2025-02-03T10:16:11.602+0000] {logging_mixin.py:190} INFO - [2025-02-03T10:16:11.602+0000] {dag.py:3239} INFO - Sync 1 DAGs
[2025-02-03T10:16:11.626+0000] {logging_mixin.py:190} INFO - [2025-02-03T10:16:11.625+0000] {dag.py:4180} INFO - Setting next_dagrun for example_sensors to None, run_after=None
[2025-02-03T10:16:11.690+0000] {processor.py:208} INFO - Processing /home/airflow/.local/lib/python3.12/site-packages/airflow/example_dags/example_sensors.py took 0.153 seconds
[2025-02-03T10:16:41.762+0000] {processor.py:186} INFO - Started process (PID=507) to work on /home/airflow/.local/lib/python3.12/site-packages/airflow/example_dags/example_sensors.py
[2025-02-03T10:16:41.764+0000] {processor.py:914} INFO - Processing file /home/airflow/.local/lib/python3.12/site-packages/airflow/example_dags/example_sensors.py for tasks to queue
[2025-02-03T10:16:41.767+0000] {logging_mixin.py:190} INFO - [2025-02-03T10:16:41.767+0000] {dagbag.py:588} INFO - Filling up the DagBag from /home/airflow/.local/lib/python3.12/site-packages/airflow/example_dags/example_sensors.py
[2025-02-03T10:16:41.781+0000] {processor.py:925} INFO - DAG(s) 'example_sensors' retrieved from /home/airflow/.local/lib/python3.12/site-packages/airflow/example_dags/example_sensors.py
[2025-02-03T10:16:41.809+0000] {logging_mixin.py:190} INFO - [2025-02-03T10:16:41.808+0000] {dag.py:3239} INFO - Sync 1 DAGs
[2025-02-03T10:16:41.822+0000] {logging_mixin.py:190} INFO - [2025-02-03T10:16:41.822+0000] {dag.py:4180} INFO - Setting next_dagrun for example_sensors to None, run_after=None
[2025-02-03T10:16:41.840+0000] {processor.py:208} INFO - Processing /home/airflow/.local/lib/python3.12/site-packages/airflow/example_dags/example_sensors.py took 0.085 seconds
[2025-02-03T10:17:12.677+0000] {processor.py:186} INFO - Started process (PID=571) to work on /home/airflow/.local/lib/python3.12/site-packages/airflow/example_dags/example_sensors.py
[2025-02-03T10:17:12.678+0000] {processor.py:914} INFO - Processing file /home/airflow/.local/lib/python3.12/site-packages/airflow/example_dags/example_sensors.py for tasks to queue
[2025-02-03T10:17:12.682+0000] {logging_mixin.py:190} INFO - [2025-02-03T10:17:12.681+0000] {dagbag.py:588} INFO - Filling up the DagBag from /home/airflow/.local/lib/python3.12/site-packages/airflow/example_dags/example_sensors.py
[2025-02-03T10:17:12.709+0000] {processor.py:925} INFO - DAG(s) 'example_sensors' retrieved from /home/airflow/.local/lib/python3.12/site-packages/airflow/example_dags/example_sensors.py
[2025-02-03T10:17:12.751+0000] {logging_mixin.py:190} INFO - [2025-02-03T10:17:12.751+0000] {dag.py:3239} INFO - Sync 1 DAGs
[2025-02-03T10:17:12.771+0000] {logging_mixin.py:190} INFO - [2025-02-03T10:17:12.771+0000] {dag.py:4180} INFO - Setting next_dagrun for example_sensors to None, run_after=None
[2025-02-03T10:17:12.796+0000] {processor.py:208} INFO - Processing /home/airflow/.local/lib/python3.12/site-packages/airflow/example_dags/example_sensors.py took 0.131 seconds
[2025-02-03T10:17:43.603+0000] {processor.py:186} INFO - Started process (PID=636) to work on /home/airflow/.local/lib/python3.12/site-packages/airflow/example_dags/example_sensors.py
[2025-02-03T10:17:43.604+0000] {processor.py:914} INFO - Processing file /home/airflow/.local/lib/python3.12/site-packages/airflow/example_dags/example_sensors.py for tasks to queue
[2025-02-03T10:17:43.606+0000] {logging_mixin.py:190} INFO - [2025-02-03T10:17:43.606+0000] {dagbag.py:588} INFO - Filling up the DagBag from /home/airflow/.local/lib/python3.12/site-packages/airflow/example_dags/example_sensors.py
[2025-02-03T10:17:43.616+0000] {processor.py:925} INFO - DAG(s) 'example_sensors' retrieved from /home/airflow/.local/lib/python3.12/site-packages/airflow/example_dags/example_sensors.py
[2025-02-03T10:17:43.640+0000] {logging_mixin.py:190} INFO - [2025-02-03T10:17:43.640+0000] {dag.py:3239} INFO - Sync 1 DAGs
[2025-02-03T10:17:43.654+0000] {logging_mixin.py:190} INFO - [2025-02-03T10:17:43.653+0000] {dag.py:4180} INFO - Setting next_dagrun for example_sensors to None, run_after=None
[2025-02-03T10:17:43.673+0000] {processor.py:208} INFO - Processing /home/airflow/.local/lib/python3.12/site-packages/airflow/example_dags/example_sensors.py took 0.075 seconds
[2025-02-03T10:18:14.392+0000] {processor.py:186} INFO - Started process (PID=701) to work on /home/airflow/.local/lib/python3.12/site-packages/airflow/example_dags/example_sensors.py
[2025-02-03T10:18:14.395+0000] {processor.py:914} INFO - Processing file /home/airflow/.local/lib/python3.12/site-packages/airflow/example_dags/example_sensors.py for tasks to queue
[2025-02-03T10:18:14.397+0000] {logging_mixin.py:190} INFO - [2025-02-03T10:18:14.397+0000] {dagbag.py:588} INFO - Filling up the DagBag from /home/airflow/.local/lib/python3.12/site-packages/airflow/example_dags/example_sensors.py
[2025-02-03T10:18:14.408+0000] {processor.py:925} INFO - DAG(s) 'example_sensors' retrieved from /home/airflow/.local/lib/python3.12/site-packages/airflow/example_dags/example_sensors.py
[2025-02-03T10:18:14.436+0000] {logging_mixin.py:190} INFO - [2025-02-03T10:18:14.435+0000] {dag.py:3239} INFO - Sync 1 DAGs
[2025-02-03T10:18:14.447+0000] {logging_mixin.py:190} INFO - [2025-02-03T10:18:14.447+0000] {dag.py:4180} INFO - Setting next_dagrun for example_sensors to None, run_after=None
[2025-02-03T10:18:14.463+0000] {processor.py:208} INFO - Processing /home/airflow/.local/lib/python3.12/site-packages/airflow/example_dags/example_sensors.py took 0.076 seconds
[2025-02-03T10:18:46.849+0000] {processor.py:186} INFO - Started process (PID=765) to work on /home/airflow/.local/lib/python3.12/site-packages/airflow/example_dags/example_sensors.py
[2025-02-03T10:18:46.851+0000] {processor.py:914} INFO - Processing file /home/airflow/.local/lib/python3.12/site-packages/airflow/example_dags/example_sensors.py for tasks to queue
[2025-02-03T10:18:46.853+0000] {logging_mixin.py:190} INFO - [2025-02-03T10:18:46.853+0000] {dagbag.py:588} INFO - Filling up the DagBag from /home/airflow/.local/lib/python3.12/site-packages/airflow/example_dags/example_sensors.py
[2025-02-03T10:18:46.864+0000] {processor.py:925} INFO - DAG(s) 'example_sensors' retrieved from /home/airflow/.local/lib/python3.12/site-packages/airflow/example_dags/example_sensors.py
[2025-02-03T10:18:46.885+0000] {logging_mixin.py:190} INFO - [2025-02-03T10:18:46.885+0000] {dag.py:3239} INFO - Sync 1 DAGs
[2025-02-03T10:18:46.897+0000] {logging_mixin.py:190} INFO - [2025-02-03T10:18:46.897+0000] {dag.py:4180} INFO - Setting next_dagrun for example_sensors to None, run_after=None
[2025-02-03T10:18:46.913+0000] {processor.py:208} INFO - Processing /home/airflow/.local/lib/python3.12/site-packages/airflow/example_dags/example_sensors.py took 0.070 seconds
[2025-02-03T10:19:17.601+0000] {processor.py:186} INFO - Started process (PID=829) to work on /home/airflow/.local/lib/python3.12/site-packages/airflow/example_dags/example_sensors.py
[2025-02-03T10:19:17.603+0000] {processor.py:914} INFO - Processing file /home/airflow/.local/lib/python3.12/site-packages/airflow/example_dags/example_sensors.py for tasks to queue
[2025-02-03T10:19:17.606+0000] {logging_mixin.py:190} INFO - [2025-02-03T10:19:17.606+0000] {dagbag.py:588} INFO - Filling up the DagBag from /home/airflow/.local/lib/python3.12/site-packages/airflow/example_dags/example_sensors.py
[2025-02-03T10:19:17.616+0000] {processor.py:925} INFO - DAG(s) 'example_sensors' retrieved from /home/airflow/.local/lib/python3.12/site-packages/airflow/example_dags/example_sensors.py
[2025-02-03T10:19:17.636+0000] {logging_mixin.py:190} INFO - [2025-02-03T10:19:17.636+0000] {dag.py:3239} INFO - Sync 1 DAGs
[2025-02-03T10:19:17.647+0000] {logging_mixin.py:190} INFO - [2025-02-03T10:19:17.647+0000] {dag.py:4180} INFO - Setting next_dagrun for example_sensors to None, run_after=None
[2025-02-03T10:19:17.664+0000] {processor.py:208} INFO - Processing /home/airflow/.local/lib/python3.12/site-packages/airflow/example_dags/example_sensors.py took 0.069 seconds
[2025-02-03T10:19:47.913+0000] {processor.py:186} INFO - Started process (PID=893) to work on /home/airflow/.local/lib/python3.12/site-packages/airflow/example_dags/example_sensors.py
[2025-02-03T10:19:47.914+0000] {processor.py:914} INFO - Processing file /home/airflow/.local/lib/python3.12/site-packages/airflow/example_dags/example_sensors.py for tasks to queue
[2025-02-03T10:19:47.917+0000] {logging_mixin.py:190} INFO - [2025-02-03T10:19:47.916+0000] {dagbag.py:588} INFO - Filling up the DagBag from /home/airflow/.local/lib/python3.12/site-packages/airflow/example_dags/example_sensors.py
[2025-02-03T10:19:47.926+0000] {processor.py:925} INFO - DAG(s) 'example_sensors' retrieved from /home/airflow/.local/lib/python3.12/site-packages/airflow/example_dags/example_sensors.py
[2025-02-03T10:19:47.949+0000] {logging_mixin.py:190} INFO - [2025-02-03T10:19:47.948+0000] {dag.py:3239} INFO - Sync 1 DAGs
[2025-02-03T10:19:47.960+0000] {logging_mixin.py:190} INFO - [2025-02-03T10:19:47.960+0000] {dag.py:4180} INFO - Setting next_dagrun for example_sensors to None, run_after=None
[2025-02-03T10:19:47.976+0000] {processor.py:208} INFO - Processing /home/airflow/.local/lib/python3.12/site-packages/airflow/example_dags/example_sensors.py took 0.068 seconds
[2025-02-03T10:20:19.480+0000] {processor.py:186} INFO - Started process (PID=957) to work on /home/airflow/.local/lib/python3.12/site-packages/airflow/example_dags/example_sensors.py
[2025-02-03T10:20:19.481+0000] {processor.py:914} INFO - Processing file /home/airflow/.local/lib/python3.12/site-packages/airflow/example_dags/example_sensors.py for tasks to queue
[2025-02-03T10:20:19.483+0000] {logging_mixin.py:190} INFO - [2025-02-03T10:20:19.483+0000] {dagbag.py:588} INFO - Filling up the DagBag from /home/airflow/.local/lib/python3.12/site-packages/airflow/example_dags/example_sensors.py
[2025-02-03T10:20:19.494+0000] {processor.py:925} INFO - DAG(s) 'example_sensors' retrieved from /home/airflow/.local/lib/python3.12/site-packages/airflow/example_dags/example_sensors.py
[2025-02-03T10:20:19.523+0000] {logging_mixin.py:190} INFO - [2025-02-03T10:20:19.523+0000] {dag.py:3239} INFO - Sync 1 DAGs
[2025-02-03T10:20:19.536+0000] {logging_mixin.py:190} INFO - [2025-02-03T10:20:19.536+0000] {dag.py:4180} INFO - Setting next_dagrun for example_sensors to None, run_after=None
[2025-02-03T10:20:19.552+0000] {processor.py:208} INFO - Processing /home/airflow/.local/lib/python3.12/site-packages/airflow/example_dags/example_sensors.py took 0.079 seconds
