[2025-02-03T09:44:30.871+0000] {processor.py:186} INFO - Started process (PID=54) to work on /home/airflow/.local/lib/python3.12/site-packages/airflow/example_dags/example_complex.py
[2025-02-03T09:44:30.875+0000] {processor.py:914} INFO - Processing file /home/airflow/.local/lib/python3.12/site-packages/airflow/example_dags/example_complex.py for tasks to queue
[2025-02-03T09:44:30.880+0000] {logging_mixin.py:190} INFO - [2025-02-03T09:44:30.879+0000] {dagbag.py:588} INFO - Filling up the DagBag from /home/airflow/.local/lib/python3.12/site-packages/airflow/example_dags/example_complex.py
[2025-02-03T09:44:30.913+0000] {processor.py:925} INFO - DAG(s) 'example_complex' retrieved from /home/airflow/.local/lib/python3.12/site-packages/airflow/example_dags/example_complex.py
[2025-02-03T09:44:31.018+0000] {logging_mixin.py:190} INFO - [2025-02-03T09:44:31.017+0000] {override.py:1911} INFO - Created Permission View: can edit on DAG:example_complex
[2025-02-03T09:44:31.035+0000] {logging_mixin.py:190} INFO - [2025-02-03T09:44:31.034+0000] {override.py:1911} INFO - Created Permission View: can read on DAG:example_complex
[2025-02-03T09:44:31.051+0000] {logging_mixin.py:190} INFO - [2025-02-03T09:44:31.051+0000] {override.py:1911} INFO - Created Permission View: can delete on DAG:example_complex
[2025-02-03T09:44:31.059+0000] {logging_mixin.py:190} INFO - [2025-02-03T09:44:31.059+0000] {override.py:1911} INFO - Created Permission View: can read on DAG Run:example_complex
[2025-02-03T09:44:31.067+0000] {logging_mixin.py:190} INFO - [2025-02-03T09:44:31.067+0000] {override.py:1911} INFO - Created Permission View: can delete on DAG Run:example_complex
[2025-02-03T09:44:31.073+0000] {logging_mixin.py:190} INFO - [2025-02-03T09:44:31.073+0000] {override.py:1911} INFO - Created Permission View: can create on DAG Run:example_complex
[2025-02-03T09:44:31.082+0000] {logging_mixin.py:190} INFO - [2025-02-03T09:44:31.081+0000] {override.py:1911} INFO - Created Permission View: menu access on DAG Run:example_complex
[2025-02-03T09:44:31.083+0000] {logging_mixin.py:190} INFO - [2025-02-03T09:44:31.083+0000] {dag.py:3239} INFO - Sync 1 DAGs
[2025-02-03T09:44:31.100+0000] {logging_mixin.py:190} INFO - [2025-02-03T09:44:31.099+0000] {dag.py:3262} INFO - Creating ORM DAG for example_complex
[2025-02-03T09:44:31.101+0000] {logging_mixin.py:190} INFO - [2025-02-03T09:44:31.100+0000] {dag.py:4180} INFO - Setting next_dagrun for example_complex to None, run_after=None
[2025-02-03T09:44:31.178+0000] {processor.py:208} INFO - Processing /home/airflow/.local/lib/python3.12/site-packages/airflow/example_dags/example_complex.py took 0.315 seconds
[2025-02-03T09:45:12.018+0000] {processor.py:186} INFO - Started process (PID=116) to work on /home/airflow/.local/lib/python3.12/site-packages/airflow/example_dags/example_complex.py
[2025-02-03T09:45:12.020+0000] {processor.py:914} INFO - Processing file /home/airflow/.local/lib/python3.12/site-packages/airflow/example_dags/example_complex.py for tasks to queue
[2025-02-03T09:45:12.025+0000] {logging_mixin.py:190} INFO - [2025-02-03T09:45:12.024+0000] {dagbag.py:588} INFO - Filling up the DagBag from /home/airflow/.local/lib/python3.12/site-packages/airflow/example_dags/example_complex.py
[2025-02-03T09:45:12.059+0000] {processor.py:925} INFO - DAG(s) 'example_complex' retrieved from /home/airflow/.local/lib/python3.12/site-packages/airflow/example_dags/example_complex.py
[2025-02-03T09:45:12.153+0000] {logging_mixin.py:190} INFO - [2025-02-03T09:45:12.152+0000] {dag.py:3239} INFO - Sync 1 DAGs
[2025-02-03T09:45:12.194+0000] {logging_mixin.py:190} INFO - [2025-02-03T09:45:12.193+0000] {dag.py:4180} INFO - Setting next_dagrun for example_complex to None, run_after=None
[2025-02-03T09:45:12.251+0000] {processor.py:208} INFO - Processing /home/airflow/.local/lib/python3.12/site-packages/airflow/example_dags/example_complex.py took 0.267 seconds
[2025-02-03T09:45:44.412+0000] {processor.py:186} INFO - Started process (PID=179) to work on /home/airflow/.local/lib/python3.12/site-packages/airflow/example_dags/example_complex.py
[2025-02-03T09:45:44.413+0000] {processor.py:914} INFO - Processing file /home/airflow/.local/lib/python3.12/site-packages/airflow/example_dags/example_complex.py for tasks to queue
[2025-02-03T09:45:44.416+0000] {logging_mixin.py:190} INFO - [2025-02-03T09:45:44.415+0000] {dagbag.py:588} INFO - Filling up the DagBag from /home/airflow/.local/lib/python3.12/site-packages/airflow/example_dags/example_complex.py
[2025-02-03T09:45:44.428+0000] {processor.py:925} INFO - DAG(s) 'example_complex' retrieved from /home/airflow/.local/lib/python3.12/site-packages/airflow/example_dags/example_complex.py
[2025-02-03T09:45:44.466+0000] {logging_mixin.py:190} INFO - [2025-02-03T09:45:44.466+0000] {dag.py:3239} INFO - Sync 1 DAGs
[2025-02-03T09:45:44.493+0000] {logging_mixin.py:190} INFO - [2025-02-03T09:45:44.493+0000] {dag.py:4180} INFO - Setting next_dagrun for example_complex to None, run_after=None
[2025-02-03T09:45:44.531+0000] {processor.py:208} INFO - Processing /home/airflow/.local/lib/python3.12/site-packages/airflow/example_dags/example_complex.py took 0.127 seconds
[2025-02-03T09:46:16.635+0000] {processor.py:186} INFO - Started process (PID=242) to work on /home/airflow/.local/lib/python3.12/site-packages/airflow/example_dags/example_complex.py
[2025-02-03T09:46:16.645+0000] {processor.py:914} INFO - Processing file /home/airflow/.local/lib/python3.12/site-packages/airflow/example_dags/example_complex.py for tasks to queue
[2025-02-03T09:46:16.649+0000] {logging_mixin.py:190} INFO - [2025-02-03T09:46:16.648+0000] {dagbag.py:588} INFO - Filling up the DagBag from /home/airflow/.local/lib/python3.12/site-packages/airflow/example_dags/example_complex.py
[2025-02-03T09:46:16.661+0000] {processor.py:925} INFO - DAG(s) 'example_complex' retrieved from /home/airflow/.local/lib/python3.12/site-packages/airflow/example_dags/example_complex.py
[2025-02-03T09:46:16.711+0000] {logging_mixin.py:190} INFO - [2025-02-03T09:46:16.711+0000] {dag.py:3239} INFO - Sync 1 DAGs
[2025-02-03T09:46:16.732+0000] {logging_mixin.py:190} INFO - [2025-02-03T09:46:16.732+0000] {dag.py:4180} INFO - Setting next_dagrun for example_complex to None, run_after=None
[2025-02-03T09:46:16.768+0000] {processor.py:208} INFO - Processing /home/airflow/.local/lib/python3.12/site-packages/airflow/example_dags/example_complex.py took 0.150 seconds
[2025-02-03T09:55:22.058+0000] {processor.py:186} INFO - Started process (PID=55) to work on /home/airflow/.local/lib/python3.12/site-packages/airflow/example_dags/example_complex.py
[2025-02-03T09:55:22.071+0000] {processor.py:914} INFO - Processing file /home/airflow/.local/lib/python3.12/site-packages/airflow/example_dags/example_complex.py for tasks to queue
[2025-02-03T09:55:22.074+0000] {logging_mixin.py:190} INFO - [2025-02-03T09:55:22.073+0000] {dagbag.py:588} INFO - Filling up the DagBag from /home/airflow/.local/lib/python3.12/site-packages/airflow/example_dags/example_complex.py
[2025-02-03T09:55:22.093+0000] {processor.py:925} INFO - DAG(s) 'example_complex' retrieved from /home/airflow/.local/lib/python3.12/site-packages/airflow/example_dags/example_complex.py
[2025-02-03T09:55:22.182+0000] {logging_mixin.py:190} INFO - [2025-02-03T09:55:22.182+0000] {dag.py:3239} INFO - Sync 1 DAGs
[2025-02-03T09:55:22.206+0000] {logging_mixin.py:190} INFO - [2025-02-03T09:55:22.206+0000] {dag.py:4180} INFO - Setting next_dagrun for example_complex to None, run_after=None
[2025-02-03T09:55:22.237+0000] {processor.py:208} INFO - Processing /home/airflow/.local/lib/python3.12/site-packages/airflow/example_dags/example_complex.py took 0.200 seconds
[2025-02-03T09:55:53.247+0000] {processor.py:186} INFO - Started process (PID=119) to work on /home/airflow/.local/lib/python3.12/site-packages/airflow/example_dags/example_complex.py
[2025-02-03T09:55:53.249+0000] {processor.py:914} INFO - Processing file /home/airflow/.local/lib/python3.12/site-packages/airflow/example_dags/example_complex.py for tasks to queue
[2025-02-03T09:55:53.251+0000] {logging_mixin.py:190} INFO - [2025-02-03T09:55:53.251+0000] {dagbag.py:588} INFO - Filling up the DagBag from /home/airflow/.local/lib/python3.12/site-packages/airflow/example_dags/example_complex.py
[2025-02-03T09:55:53.264+0000] {processor.py:925} INFO - DAG(s) 'example_complex' retrieved from /home/airflow/.local/lib/python3.12/site-packages/airflow/example_dags/example_complex.py
[2025-02-03T09:55:53.292+0000] {logging_mixin.py:190} INFO - [2025-02-03T09:55:53.292+0000] {dag.py:3239} INFO - Sync 1 DAGs
[2025-02-03T09:55:53.306+0000] {logging_mixin.py:190} INFO - [2025-02-03T09:55:53.306+0000] {dag.py:4180} INFO - Setting next_dagrun for example_complex to None, run_after=None
[2025-02-03T09:55:53.374+0000] {processor.py:208} INFO - Processing /home/airflow/.local/lib/python3.12/site-packages/airflow/example_dags/example_complex.py took 0.133 seconds
[2025-02-03T09:56:23.885+0000] {processor.py:186} INFO - Started process (PID=183) to work on /home/airflow/.local/lib/python3.12/site-packages/airflow/example_dags/example_complex.py
[2025-02-03T09:56:23.886+0000] {processor.py:914} INFO - Processing file /home/airflow/.local/lib/python3.12/site-packages/airflow/example_dags/example_complex.py for tasks to queue
[2025-02-03T09:56:23.889+0000] {logging_mixin.py:190} INFO - [2025-02-03T09:56:23.889+0000] {dagbag.py:588} INFO - Filling up the DagBag from /home/airflow/.local/lib/python3.12/site-packages/airflow/example_dags/example_complex.py
[2025-02-03T09:56:23.900+0000] {processor.py:925} INFO - DAG(s) 'example_complex' retrieved from /home/airflow/.local/lib/python3.12/site-packages/airflow/example_dags/example_complex.py
[2025-02-03T09:56:23.926+0000] {logging_mixin.py:190} INFO - [2025-02-03T09:56:23.926+0000] {dag.py:3239} INFO - Sync 1 DAGs
[2025-02-03T09:56:23.937+0000] {logging_mixin.py:190} INFO - [2025-02-03T09:56:23.937+0000] {dag.py:4180} INFO - Setting next_dagrun for example_complex to None, run_after=None
[2025-02-03T09:56:23.953+0000] {processor.py:208} INFO - Processing /home/airflow/.local/lib/python3.12/site-packages/airflow/example_dags/example_complex.py took 0.072 seconds
[2025-02-03T09:56:54.505+0000] {processor.py:186} INFO - Started process (PID=247) to work on /home/airflow/.local/lib/python3.12/site-packages/airflow/example_dags/example_complex.py
[2025-02-03T09:56:54.506+0000] {processor.py:914} INFO - Processing file /home/airflow/.local/lib/python3.12/site-packages/airflow/example_dags/example_complex.py for tasks to queue
[2025-02-03T09:56:54.508+0000] {logging_mixin.py:190} INFO - [2025-02-03T09:56:54.508+0000] {dagbag.py:588} INFO - Filling up the DagBag from /home/airflow/.local/lib/python3.12/site-packages/airflow/example_dags/example_complex.py
[2025-02-03T09:56:54.519+0000] {processor.py:925} INFO - DAG(s) 'example_complex' retrieved from /home/airflow/.local/lib/python3.12/site-packages/airflow/example_dags/example_complex.py
[2025-02-03T09:56:54.547+0000] {logging_mixin.py:190} INFO - [2025-02-03T09:56:54.547+0000] {dag.py:3239} INFO - Sync 1 DAGs
[2025-02-03T09:56:54.560+0000] {logging_mixin.py:190} INFO - [2025-02-03T09:56:54.560+0000] {dag.py:4180} INFO - Setting next_dagrun for example_complex to None, run_after=None
[2025-02-03T09:56:54.573+0000] {processor.py:208} INFO - Processing /home/airflow/.local/lib/python3.12/site-packages/airflow/example_dags/example_complex.py took 0.072 seconds
[2025-02-03T09:57:32.232+0000] {processor.py:186} INFO - Started process (PID=311) to work on /home/airflow/.local/lib/python3.12/site-packages/airflow/example_dags/example_complex.py
[2025-02-03T09:57:32.233+0000] {processor.py:914} INFO - Processing file /home/airflow/.local/lib/python3.12/site-packages/airflow/example_dags/example_complex.py for tasks to queue
[2025-02-03T09:57:32.236+0000] {logging_mixin.py:190} INFO - [2025-02-03T09:57:32.236+0000] {dagbag.py:588} INFO - Filling up the DagBag from /home/airflow/.local/lib/python3.12/site-packages/airflow/example_dags/example_complex.py
[2025-02-03T09:57:32.247+0000] {processor.py:925} INFO - DAG(s) 'example_complex' retrieved from /home/airflow/.local/lib/python3.12/site-packages/airflow/example_dags/example_complex.py
[2025-02-03T09:57:32.277+0000] {logging_mixin.py:190} INFO - [2025-02-03T09:57:32.277+0000] {dag.py:3239} INFO - Sync 1 DAGs
[2025-02-03T09:57:32.288+0000] {logging_mixin.py:190} INFO - [2025-02-03T09:57:32.288+0000] {dag.py:4180} INFO - Setting next_dagrun for example_complex to None, run_after=None
[2025-02-03T09:57:32.303+0000] {processor.py:208} INFO - Processing /home/airflow/.local/lib/python3.12/site-packages/airflow/example_dags/example_complex.py took 0.078 seconds
[2025-02-03T09:58:03.793+0000] {processor.py:186} INFO - Started process (PID=375) to work on /home/airflow/.local/lib/python3.12/site-packages/airflow/example_dags/example_complex.py
[2025-02-03T09:58:03.800+0000] {processor.py:914} INFO - Processing file /home/airflow/.local/lib/python3.12/site-packages/airflow/example_dags/example_complex.py for tasks to queue
[2025-02-03T09:58:03.811+0000] {logging_mixin.py:190} INFO - [2025-02-03T09:58:03.811+0000] {dagbag.py:588} INFO - Filling up the DagBag from /home/airflow/.local/lib/python3.12/site-packages/airflow/example_dags/example_complex.py
[2025-02-03T09:58:03.841+0000] {processor.py:925} INFO - DAG(s) 'example_complex' retrieved from /home/airflow/.local/lib/python3.12/site-packages/airflow/example_dags/example_complex.py
[2025-02-03T09:58:03.902+0000] {logging_mixin.py:190} INFO - [2025-02-03T09:58:03.902+0000] {dag.py:3239} INFO - Sync 1 DAGs
[2025-02-03T09:58:03.929+0000] {logging_mixin.py:190} INFO - [2025-02-03T09:58:03.929+0000] {dag.py:4180} INFO - Setting next_dagrun for example_complex to None, run_after=None
[2025-02-03T09:58:03.971+0000] {processor.py:208} INFO - Processing /home/airflow/.local/lib/python3.12/site-packages/airflow/example_dags/example_complex.py took 0.183 seconds
[2025-02-03T09:58:34.088+0000] {processor.py:186} INFO - Started process (PID=438) to work on /home/airflow/.local/lib/python3.12/site-packages/airflow/example_dags/example_complex.py
[2025-02-03T09:58:34.089+0000] {processor.py:914} INFO - Processing file /home/airflow/.local/lib/python3.12/site-packages/airflow/example_dags/example_complex.py for tasks to queue
[2025-02-03T09:58:34.092+0000] {logging_mixin.py:190} INFO - [2025-02-03T09:58:34.092+0000] {dagbag.py:588} INFO - Filling up the DagBag from /home/airflow/.local/lib/python3.12/site-packages/airflow/example_dags/example_complex.py
[2025-02-03T09:58:34.102+0000] {processor.py:925} INFO - DAG(s) 'example_complex' retrieved from /home/airflow/.local/lib/python3.12/site-packages/airflow/example_dags/example_complex.py
[2025-02-03T09:58:34.129+0000] {logging_mixin.py:190} INFO - [2025-02-03T09:58:34.128+0000] {dag.py:3239} INFO - Sync 1 DAGs
[2025-02-03T09:58:34.145+0000] {logging_mixin.py:190} INFO - [2025-02-03T09:58:34.145+0000] {dag.py:4180} INFO - Setting next_dagrun for example_complex to None, run_after=None
[2025-02-03T09:58:34.165+0000] {processor.py:208} INFO - Processing /home/airflow/.local/lib/python3.12/site-packages/airflow/example_dags/example_complex.py took 0.083 seconds
[2025-02-03T09:59:04.306+0000] {processor.py:186} INFO - Started process (PID=502) to work on /home/airflow/.local/lib/python3.12/site-packages/airflow/example_dags/example_complex.py
[2025-02-03T09:59:04.310+0000] {processor.py:914} INFO - Processing file /home/airflow/.local/lib/python3.12/site-packages/airflow/example_dags/example_complex.py for tasks to queue
[2025-02-03T09:59:04.312+0000] {logging_mixin.py:190} INFO - [2025-02-03T09:59:04.312+0000] {dagbag.py:588} INFO - Filling up the DagBag from /home/airflow/.local/lib/python3.12/site-packages/airflow/example_dags/example_complex.py
[2025-02-03T09:59:04.321+0000] {processor.py:925} INFO - DAG(s) 'example_complex' retrieved from /home/airflow/.local/lib/python3.12/site-packages/airflow/example_dags/example_complex.py
[2025-02-03T09:59:04.345+0000] {logging_mixin.py:190} INFO - [2025-02-03T09:59:04.345+0000] {dag.py:3239} INFO - Sync 1 DAGs
[2025-02-03T09:59:04.356+0000] {logging_mixin.py:190} INFO - [2025-02-03T09:59:04.356+0000] {dag.py:4180} INFO - Setting next_dagrun for example_complex to None, run_after=None
[2025-02-03T09:59:04.374+0000] {processor.py:208} INFO - Processing /home/airflow/.local/lib/python3.12/site-packages/airflow/example_dags/example_complex.py took 0.073 seconds
[2025-02-03T09:59:35.123+0000] {processor.py:186} INFO - Started process (PID=566) to work on /home/airflow/.local/lib/python3.12/site-packages/airflow/example_dags/example_complex.py
[2025-02-03T09:59:35.124+0000] {processor.py:914} INFO - Processing file /home/airflow/.local/lib/python3.12/site-packages/airflow/example_dags/example_complex.py for tasks to queue
[2025-02-03T09:59:35.126+0000] {logging_mixin.py:190} INFO - [2025-02-03T09:59:35.126+0000] {dagbag.py:588} INFO - Filling up the DagBag from /home/airflow/.local/lib/python3.12/site-packages/airflow/example_dags/example_complex.py
[2025-02-03T09:59:35.136+0000] {processor.py:925} INFO - DAG(s) 'example_complex' retrieved from /home/airflow/.local/lib/python3.12/site-packages/airflow/example_dags/example_complex.py
[2025-02-03T09:59:35.162+0000] {logging_mixin.py:190} INFO - [2025-02-03T09:59:35.162+0000] {dag.py:3239} INFO - Sync 1 DAGs
[2025-02-03T09:59:35.173+0000] {logging_mixin.py:190} INFO - [2025-02-03T09:59:35.173+0000] {dag.py:4180} INFO - Setting next_dagrun for example_complex to None, run_after=None
[2025-02-03T09:59:35.191+0000] {processor.py:208} INFO - Processing /home/airflow/.local/lib/python3.12/site-packages/airflow/example_dags/example_complex.py took 0.074 seconds
[2025-02-03T10:00:05.771+0000] {processor.py:186} INFO - Started process (PID=630) to work on /home/airflow/.local/lib/python3.12/site-packages/airflow/example_dags/example_complex.py
[2025-02-03T10:00:05.772+0000] {processor.py:914} INFO - Processing file /home/airflow/.local/lib/python3.12/site-packages/airflow/example_dags/example_complex.py for tasks to queue
[2025-02-03T10:00:05.775+0000] {logging_mixin.py:190} INFO - [2025-02-03T10:00:05.775+0000] {dagbag.py:588} INFO - Filling up the DagBag from /home/airflow/.local/lib/python3.12/site-packages/airflow/example_dags/example_complex.py
[2025-02-03T10:00:05.789+0000] {processor.py:925} INFO - DAG(s) 'example_complex' retrieved from /home/airflow/.local/lib/python3.12/site-packages/airflow/example_dags/example_complex.py
[2025-02-03T10:00:05.815+0000] {logging_mixin.py:190} INFO - [2025-02-03T10:00:05.815+0000] {dag.py:3239} INFO - Sync 1 DAGs
[2025-02-03T10:00:05.827+0000] {logging_mixin.py:190} INFO - [2025-02-03T10:00:05.827+0000] {dag.py:4180} INFO - Setting next_dagrun for example_complex to None, run_after=None
[2025-02-03T10:00:05.844+0000] {processor.py:208} INFO - Processing /home/airflow/.local/lib/python3.12/site-packages/airflow/example_dags/example_complex.py took 0.080 seconds
[2025-02-03T10:00:39.390+0000] {processor.py:186} INFO - Started process (PID=694) to work on /home/airflow/.local/lib/python3.12/site-packages/airflow/example_dags/example_complex.py
[2025-02-03T10:00:39.398+0000] {processor.py:914} INFO - Processing file /home/airflow/.local/lib/python3.12/site-packages/airflow/example_dags/example_complex.py for tasks to queue
[2025-02-03T10:00:39.401+0000] {logging_mixin.py:190} INFO - [2025-02-03T10:00:39.400+0000] {dagbag.py:588} INFO - Filling up the DagBag from /home/airflow/.local/lib/python3.12/site-packages/airflow/example_dags/example_complex.py
[2025-02-03T10:00:39.410+0000] {processor.py:925} INFO - DAG(s) 'example_complex' retrieved from /home/airflow/.local/lib/python3.12/site-packages/airflow/example_dags/example_complex.py
[2025-02-03T10:00:39.441+0000] {logging_mixin.py:190} INFO - [2025-02-03T10:00:39.440+0000] {dag.py:3239} INFO - Sync 1 DAGs
[2025-02-03T10:00:39.454+0000] {logging_mixin.py:190} INFO - [2025-02-03T10:00:39.454+0000] {dag.py:4180} INFO - Setting next_dagrun for example_complex to None, run_after=None
[2025-02-03T10:00:39.486+0000] {processor.py:208} INFO - Processing /home/airflow/.local/lib/python3.12/site-packages/airflow/example_dags/example_complex.py took 0.101 seconds
[2025-02-03T10:01:13.071+0000] {processor.py:186} INFO - Started process (PID=760) to work on /home/airflow/.local/lib/python3.12/site-packages/airflow/example_dags/example_complex.py
[2025-02-03T10:01:13.073+0000] {processor.py:914} INFO - Processing file /home/airflow/.local/lib/python3.12/site-packages/airflow/example_dags/example_complex.py for tasks to queue
[2025-02-03T10:01:13.076+0000] {logging_mixin.py:190} INFO - [2025-02-03T10:01:13.076+0000] {dagbag.py:588} INFO - Filling up the DagBag from /home/airflow/.local/lib/python3.12/site-packages/airflow/example_dags/example_complex.py
[2025-02-03T10:01:13.088+0000] {processor.py:925} INFO - DAG(s) 'example_complex' retrieved from /home/airflow/.local/lib/python3.12/site-packages/airflow/example_dags/example_complex.py
[2025-02-03T10:01:13.126+0000] {logging_mixin.py:190} INFO - [2025-02-03T10:01:13.126+0000] {dag.py:3239} INFO - Sync 1 DAGs
[2025-02-03T10:01:13.141+0000] {logging_mixin.py:190} INFO - [2025-02-03T10:01:13.140+0000] {dag.py:4180} INFO - Setting next_dagrun for example_complex to None, run_after=None
[2025-02-03T10:01:13.160+0000] {processor.py:208} INFO - Processing /home/airflow/.local/lib/python3.12/site-packages/airflow/example_dags/example_complex.py took 0.095 seconds
[2025-02-03T10:01:45.105+0000] {processor.py:186} INFO - Started process (PID=824) to work on /home/airflow/.local/lib/python3.12/site-packages/airflow/example_dags/example_complex.py
[2025-02-03T10:01:45.107+0000] {processor.py:914} INFO - Processing file /home/airflow/.local/lib/python3.12/site-packages/airflow/example_dags/example_complex.py for tasks to queue
[2025-02-03T10:01:45.111+0000] {logging_mixin.py:190} INFO - [2025-02-03T10:01:45.110+0000] {dagbag.py:588} INFO - Filling up the DagBag from /home/airflow/.local/lib/python3.12/site-packages/airflow/example_dags/example_complex.py
[2025-02-03T10:01:45.129+0000] {processor.py:925} INFO - DAG(s) 'example_complex' retrieved from /home/airflow/.local/lib/python3.12/site-packages/airflow/example_dags/example_complex.py
[2025-02-03T10:01:45.166+0000] {logging_mixin.py:190} INFO - [2025-02-03T10:01:45.165+0000] {dag.py:3239} INFO - Sync 1 DAGs
[2025-02-03T10:01:45.182+0000] {logging_mixin.py:190} INFO - [2025-02-03T10:01:45.181+0000] {dag.py:4180} INFO - Setting next_dagrun for example_complex to None, run_after=None
[2025-02-03T10:01:45.212+0000] {processor.py:208} INFO - Processing /home/airflow/.local/lib/python3.12/site-packages/airflow/example_dags/example_complex.py took 0.114 seconds
[2025-02-03T10:02:15.701+0000] {processor.py:186} INFO - Started process (PID=889) to work on /home/airflow/.local/lib/python3.12/site-packages/airflow/example_dags/example_complex.py
[2025-02-03T10:02:15.702+0000] {processor.py:914} INFO - Processing file /home/airflow/.local/lib/python3.12/site-packages/airflow/example_dags/example_complex.py for tasks to queue
[2025-02-03T10:02:15.704+0000] {logging_mixin.py:190} INFO - [2025-02-03T10:02:15.704+0000] {dagbag.py:588} INFO - Filling up the DagBag from /home/airflow/.local/lib/python3.12/site-packages/airflow/example_dags/example_complex.py
[2025-02-03T10:02:15.715+0000] {processor.py:925} INFO - DAG(s) 'example_complex' retrieved from /home/airflow/.local/lib/python3.12/site-packages/airflow/example_dags/example_complex.py
[2025-02-03T10:02:15.740+0000] {logging_mixin.py:190} INFO - [2025-02-03T10:02:15.740+0000] {dag.py:3239} INFO - Sync 1 DAGs
[2025-02-03T10:02:15.753+0000] {logging_mixin.py:190} INFO - [2025-02-03T10:02:15.753+0000] {dag.py:4180} INFO - Setting next_dagrun for example_complex to None, run_after=None
[2025-02-03T10:02:15.768+0000] {processor.py:208} INFO - Processing /home/airflow/.local/lib/python3.12/site-packages/airflow/example_dags/example_complex.py took 0.072 seconds
[2025-02-03T10:02:46.321+0000] {processor.py:186} INFO - Started process (PID=952) to work on /home/airflow/.local/lib/python3.12/site-packages/airflow/example_dags/example_complex.py
[2025-02-03T10:02:46.322+0000] {processor.py:914} INFO - Processing file /home/airflow/.local/lib/python3.12/site-packages/airflow/example_dags/example_complex.py for tasks to queue
[2025-02-03T10:02:46.325+0000] {logging_mixin.py:190} INFO - [2025-02-03T10:02:46.325+0000] {dagbag.py:588} INFO - Filling up the DagBag from /home/airflow/.local/lib/python3.12/site-packages/airflow/example_dags/example_complex.py
[2025-02-03T10:02:46.334+0000] {processor.py:925} INFO - DAG(s) 'example_complex' retrieved from /home/airflow/.local/lib/python3.12/site-packages/airflow/example_dags/example_complex.py
[2025-02-03T10:02:46.360+0000] {logging_mixin.py:190} INFO - [2025-02-03T10:02:46.360+0000] {dag.py:3239} INFO - Sync 1 DAGs
[2025-02-03T10:02:46.375+0000] {logging_mixin.py:190} INFO - [2025-02-03T10:02:46.374+0000] {dag.py:4180} INFO - Setting next_dagrun for example_complex to None, run_after=None
[2025-02-03T10:02:46.412+0000] {processor.py:208} INFO - Processing /home/airflow/.local/lib/python3.12/site-packages/airflow/example_dags/example_complex.py took 0.096 seconds
[2025-02-03T10:03:17.544+0000] {processor.py:186} INFO - Started process (PID=1014) to work on /home/airflow/.local/lib/python3.12/site-packages/airflow/example_dags/example_complex.py
[2025-02-03T10:03:17.553+0000] {processor.py:914} INFO - Processing file /home/airflow/.local/lib/python3.12/site-packages/airflow/example_dags/example_complex.py for tasks to queue
[2025-02-03T10:03:17.556+0000] {logging_mixin.py:190} INFO - [2025-02-03T10:03:17.556+0000] {dagbag.py:588} INFO - Filling up the DagBag from /home/airflow/.local/lib/python3.12/site-packages/airflow/example_dags/example_complex.py
[2025-02-03T10:03:17.577+0000] {processor.py:925} INFO - DAG(s) 'example_complex' retrieved from /home/airflow/.local/lib/python3.12/site-packages/airflow/example_dags/example_complex.py
[2025-02-03T10:03:17.634+0000] {logging_mixin.py:190} INFO - [2025-02-03T10:03:17.634+0000] {dag.py:3239} INFO - Sync 1 DAGs
[2025-02-03T10:03:17.672+0000] {logging_mixin.py:190} INFO - [2025-02-03T10:03:17.672+0000] {dag.py:4180} INFO - Setting next_dagrun for example_complex to None, run_after=None
[2025-02-03T10:03:17.733+0000] {processor.py:208} INFO - Processing /home/airflow/.local/lib/python3.12/site-packages/airflow/example_dags/example_complex.py took 0.194 seconds
[2025-02-03T10:03:48.604+0000] {processor.py:186} INFO - Started process (PID=1078) to work on /home/airflow/.local/lib/python3.12/site-packages/airflow/example_dags/example_complex.py
[2025-02-03T10:03:48.619+0000] {processor.py:914} INFO - Processing file /home/airflow/.local/lib/python3.12/site-packages/airflow/example_dags/example_complex.py for tasks to queue
[2025-02-03T10:03:48.622+0000] {logging_mixin.py:190} INFO - [2025-02-03T10:03:48.621+0000] {dagbag.py:588} INFO - Filling up the DagBag from /home/airflow/.local/lib/python3.12/site-packages/airflow/example_dags/example_complex.py
[2025-02-03T10:03:48.653+0000] {processor.py:925} INFO - DAG(s) 'example_complex' retrieved from /home/airflow/.local/lib/python3.12/site-packages/airflow/example_dags/example_complex.py
[2025-02-03T10:03:48.723+0000] {logging_mixin.py:190} INFO - [2025-02-03T10:03:48.722+0000] {dag.py:3239} INFO - Sync 1 DAGs
[2025-02-03T10:03:48.767+0000] {logging_mixin.py:190} INFO - [2025-02-03T10:03:48.767+0000] {dag.py:4180} INFO - Setting next_dagrun for example_complex to None, run_after=None
[2025-02-03T10:03:48.795+0000] {processor.py:208} INFO - Processing /home/airflow/.local/lib/python3.12/site-packages/airflow/example_dags/example_complex.py took 0.195 seconds
[2025-02-03T10:04:19.041+0000] {processor.py:186} INFO - Started process (PID=1141) to work on /home/airflow/.local/lib/python3.12/site-packages/airflow/example_dags/example_complex.py
[2025-02-03T10:04:19.042+0000] {processor.py:914} INFO - Processing file /home/airflow/.local/lib/python3.12/site-packages/airflow/example_dags/example_complex.py for tasks to queue
[2025-02-03T10:04:19.046+0000] {logging_mixin.py:190} INFO - [2025-02-03T10:04:19.045+0000] {dagbag.py:588} INFO - Filling up the DagBag from /home/airflow/.local/lib/python3.12/site-packages/airflow/example_dags/example_complex.py
[2025-02-03T10:04:19.058+0000] {processor.py:925} INFO - DAG(s) 'example_complex' retrieved from /home/airflow/.local/lib/python3.12/site-packages/airflow/example_dags/example_complex.py
[2025-02-03T10:04:19.098+0000] {logging_mixin.py:190} INFO - [2025-02-03T10:04:19.098+0000] {dag.py:3239} INFO - Sync 1 DAGs
[2025-02-03T10:04:19.113+0000] {logging_mixin.py:190} INFO - [2025-02-03T10:04:19.112+0000] {dag.py:4180} INFO - Setting next_dagrun for example_complex to None, run_after=None
[2025-02-03T10:04:19.141+0000] {processor.py:208} INFO - Processing /home/airflow/.local/lib/python3.12/site-packages/airflow/example_dags/example_complex.py took 0.109 seconds
[2025-02-03T10:04:49.561+0000] {processor.py:186} INFO - Started process (PID=1205) to work on /home/airflow/.local/lib/python3.12/site-packages/airflow/example_dags/example_complex.py
[2025-02-03T10:04:49.562+0000] {processor.py:914} INFO - Processing file /home/airflow/.local/lib/python3.12/site-packages/airflow/example_dags/example_complex.py for tasks to queue
[2025-02-03T10:04:49.564+0000] {logging_mixin.py:190} INFO - [2025-02-03T10:04:49.564+0000] {dagbag.py:588} INFO - Filling up the DagBag from /home/airflow/.local/lib/python3.12/site-packages/airflow/example_dags/example_complex.py
[2025-02-03T10:04:49.575+0000] {processor.py:925} INFO - DAG(s) 'example_complex' retrieved from /home/airflow/.local/lib/python3.12/site-packages/airflow/example_dags/example_complex.py
[2025-02-03T10:04:49.603+0000] {logging_mixin.py:190} INFO - [2025-02-03T10:04:49.603+0000] {dag.py:3239} INFO - Sync 1 DAGs
[2025-02-03T10:04:49.616+0000] {logging_mixin.py:190} INFO - [2025-02-03T10:04:49.616+0000] {dag.py:4180} INFO - Setting next_dagrun for example_complex to None, run_after=None
[2025-02-03T10:04:49.635+0000] {processor.py:208} INFO - Processing /home/airflow/.local/lib/python3.12/site-packages/airflow/example_dags/example_complex.py took 0.079 seconds
[2025-02-03T10:05:20.561+0000] {processor.py:186} INFO - Started process (PID=1270) to work on /home/airflow/.local/lib/python3.12/site-packages/airflow/example_dags/example_complex.py
[2025-02-03T10:05:20.562+0000] {processor.py:914} INFO - Processing file /home/airflow/.local/lib/python3.12/site-packages/airflow/example_dags/example_complex.py for tasks to queue
[2025-02-03T10:05:20.564+0000] {logging_mixin.py:190} INFO - [2025-02-03T10:05:20.564+0000] {dagbag.py:588} INFO - Filling up the DagBag from /home/airflow/.local/lib/python3.12/site-packages/airflow/example_dags/example_complex.py
[2025-02-03T10:05:20.575+0000] {processor.py:925} INFO - DAG(s) 'example_complex' retrieved from /home/airflow/.local/lib/python3.12/site-packages/airflow/example_dags/example_complex.py
[2025-02-03T10:05:20.605+0000] {logging_mixin.py:190} INFO - [2025-02-03T10:05:20.605+0000] {dag.py:3239} INFO - Sync 1 DAGs
[2025-02-03T10:05:20.619+0000] {logging_mixin.py:190} INFO - [2025-02-03T10:05:20.618+0000] {dag.py:4180} INFO - Setting next_dagrun for example_complex to None, run_after=None
[2025-02-03T10:05:20.638+0000] {processor.py:208} INFO - Processing /home/airflow/.local/lib/python3.12/site-packages/airflow/example_dags/example_complex.py took 0.083 seconds
[2025-02-03T10:05:51.372+0000] {processor.py:186} INFO - Started process (PID=1334) to work on /home/airflow/.local/lib/python3.12/site-packages/airflow/example_dags/example_complex.py
[2025-02-03T10:05:51.374+0000] {processor.py:914} INFO - Processing file /home/airflow/.local/lib/python3.12/site-packages/airflow/example_dags/example_complex.py for tasks to queue
[2025-02-03T10:05:51.376+0000] {logging_mixin.py:190} INFO - [2025-02-03T10:05:51.376+0000] {dagbag.py:588} INFO - Filling up the DagBag from /home/airflow/.local/lib/python3.12/site-packages/airflow/example_dags/example_complex.py
[2025-02-03T10:05:51.385+0000] {processor.py:925} INFO - DAG(s) 'example_complex' retrieved from /home/airflow/.local/lib/python3.12/site-packages/airflow/example_dags/example_complex.py
[2025-02-03T10:05:51.409+0000] {logging_mixin.py:190} INFO - [2025-02-03T10:05:51.408+0000] {dag.py:3239} INFO - Sync 1 DAGs
[2025-02-03T10:05:51.420+0000] {logging_mixin.py:190} INFO - [2025-02-03T10:05:51.420+0000] {dag.py:4180} INFO - Setting next_dagrun for example_complex to None, run_after=None
[2025-02-03T10:05:51.435+0000] {processor.py:208} INFO - Processing /home/airflow/.local/lib/python3.12/site-packages/airflow/example_dags/example_complex.py took 0.068 seconds
[2025-02-03T10:06:22.014+0000] {processor.py:186} INFO - Started process (PID=1398) to work on /home/airflow/.local/lib/python3.12/site-packages/airflow/example_dags/example_complex.py
[2025-02-03T10:06:22.016+0000] {processor.py:914} INFO - Processing file /home/airflow/.local/lib/python3.12/site-packages/airflow/example_dags/example_complex.py for tasks to queue
[2025-02-03T10:06:22.019+0000] {logging_mixin.py:190} INFO - [2025-02-03T10:06:22.018+0000] {dagbag.py:588} INFO - Filling up the DagBag from /home/airflow/.local/lib/python3.12/site-packages/airflow/example_dags/example_complex.py
[2025-02-03T10:06:22.032+0000] {processor.py:925} INFO - DAG(s) 'example_complex' retrieved from /home/airflow/.local/lib/python3.12/site-packages/airflow/example_dags/example_complex.py
[2025-02-03T10:06:22.061+0000] {logging_mixin.py:190} INFO - [2025-02-03T10:06:22.061+0000] {dag.py:3239} INFO - Sync 1 DAGs
[2025-02-03T10:06:22.075+0000] {logging_mixin.py:190} INFO - [2025-02-03T10:06:22.075+0000] {dag.py:4180} INFO - Setting next_dagrun for example_complex to None, run_after=None
[2025-02-03T10:06:22.093+0000] {processor.py:208} INFO - Processing /home/airflow/.local/lib/python3.12/site-packages/airflow/example_dags/example_complex.py took 0.085 seconds
[2025-02-03T10:13:03.772+0000] {processor.py:186} INFO - Started process (PID=57) to work on /home/airflow/.local/lib/python3.12/site-packages/airflow/example_dags/example_complex.py
[2025-02-03T10:13:03.778+0000] {processor.py:914} INFO - Processing file /home/airflow/.local/lib/python3.12/site-packages/airflow/example_dags/example_complex.py for tasks to queue
[2025-02-03T10:13:03.781+0000] {logging_mixin.py:190} INFO - [2025-02-03T10:13:03.780+0000] {dagbag.py:588} INFO - Filling up the DagBag from /home/airflow/.local/lib/python3.12/site-packages/airflow/example_dags/example_complex.py
[2025-02-03T10:13:03.829+0000] {processor.py:925} INFO - DAG(s) 'example_complex' retrieved from /home/airflow/.local/lib/python3.12/site-packages/airflow/example_dags/example_complex.py
[2025-02-03T10:13:03.888+0000] {logging_mixin.py:190} INFO - [2025-02-03T10:13:03.888+0000] {dag.py:3239} INFO - Sync 1 DAGs
[2025-02-03T10:13:03.910+0000] {logging_mixin.py:190} INFO - [2025-02-03T10:13:03.910+0000] {dag.py:4180} INFO - Setting next_dagrun for example_complex to None, run_after=None
[2025-02-03T10:13:03.951+0000] {processor.py:208} INFO - Processing /home/airflow/.local/lib/python3.12/site-packages/airflow/example_dags/example_complex.py took 0.187 seconds
[2025-02-03T10:13:34.159+0000] {processor.py:186} INFO - Started process (PID=120) to work on /home/airflow/.local/lib/python3.12/site-packages/airflow/example_dags/example_complex.py
[2025-02-03T10:13:34.161+0000] {processor.py:914} INFO - Processing file /home/airflow/.local/lib/python3.12/site-packages/airflow/example_dags/example_complex.py for tasks to queue
[2025-02-03T10:13:34.165+0000] {logging_mixin.py:190} INFO - [2025-02-03T10:13:34.164+0000] {dagbag.py:588} INFO - Filling up the DagBag from /home/airflow/.local/lib/python3.12/site-packages/airflow/example_dags/example_complex.py
[2025-02-03T10:13:34.195+0000] {processor.py:925} INFO - DAG(s) 'example_complex' retrieved from /home/airflow/.local/lib/python3.12/site-packages/airflow/example_dags/example_complex.py
[2025-02-03T10:13:34.266+0000] {logging_mixin.py:190} INFO - [2025-02-03T10:13:34.265+0000] {dag.py:3239} INFO - Sync 1 DAGs
[2025-02-03T10:13:34.302+0000] {logging_mixin.py:190} INFO - [2025-02-03T10:13:34.301+0000] {dag.py:4180} INFO - Setting next_dagrun for example_complex to None, run_after=None
[2025-02-03T10:13:34.355+0000] {processor.py:208} INFO - Processing /home/airflow/.local/lib/python3.12/site-packages/airflow/example_dags/example_complex.py took 0.212 seconds
[2025-02-03T10:14:04.463+0000] {processor.py:186} INFO - Started process (PID=183) to work on /home/airflow/.local/lib/python3.12/site-packages/airflow/example_dags/example_complex.py
[2025-02-03T10:14:04.465+0000] {processor.py:914} INFO - Processing file /home/airflow/.local/lib/python3.12/site-packages/airflow/example_dags/example_complex.py for tasks to queue
[2025-02-03T10:14:04.471+0000] {logging_mixin.py:190} INFO - [2025-02-03T10:14:04.470+0000] {dagbag.py:588} INFO - Filling up the DagBag from /home/airflow/.local/lib/python3.12/site-packages/airflow/example_dags/example_complex.py
[2025-02-03T10:14:04.533+0000] {processor.py:925} INFO - DAG(s) 'example_complex' retrieved from /home/airflow/.local/lib/python3.12/site-packages/airflow/example_dags/example_complex.py
[2025-02-03T10:14:04.598+0000] {logging_mixin.py:190} INFO - [2025-02-03T10:14:04.598+0000] {dag.py:3239} INFO - Sync 1 DAGs
[2025-02-03T10:14:04.616+0000] {logging_mixin.py:190} INFO - [2025-02-03T10:14:04.615+0000] {dag.py:4180} INFO - Setting next_dagrun for example_complex to None, run_after=None
[2025-02-03T10:14:04.642+0000] {processor.py:208} INFO - Processing /home/airflow/.local/lib/python3.12/site-packages/airflow/example_dags/example_complex.py took 0.184 seconds
[2025-02-03T10:14:35.189+0000] {processor.py:186} INFO - Started process (PID=247) to work on /home/airflow/.local/lib/python3.12/site-packages/airflow/example_dags/example_complex.py
[2025-02-03T10:14:35.191+0000] {processor.py:914} INFO - Processing file /home/airflow/.local/lib/python3.12/site-packages/airflow/example_dags/example_complex.py for tasks to queue
[2025-02-03T10:14:35.193+0000] {logging_mixin.py:190} INFO - [2025-02-03T10:14:35.193+0000] {dagbag.py:588} INFO - Filling up the DagBag from /home/airflow/.local/lib/python3.12/site-packages/airflow/example_dags/example_complex.py
[2025-02-03T10:14:35.202+0000] {processor.py:925} INFO - DAG(s) 'example_complex' retrieved from /home/airflow/.local/lib/python3.12/site-packages/airflow/example_dags/example_complex.py
[2025-02-03T10:14:35.228+0000] {logging_mixin.py:190} INFO - [2025-02-03T10:14:35.228+0000] {dag.py:3239} INFO - Sync 1 DAGs
[2025-02-03T10:14:35.238+0000] {logging_mixin.py:190} INFO - [2025-02-03T10:14:35.238+0000] {dag.py:4180} INFO - Setting next_dagrun for example_complex to None, run_after=None
[2025-02-03T10:14:35.256+0000] {processor.py:208} INFO - Processing /home/airflow/.local/lib/python3.12/site-packages/airflow/example_dags/example_complex.py took 0.071 seconds
[2025-02-03T10:15:07.200+0000] {processor.py:186} INFO - Started process (PID=312) to work on /home/airflow/.local/lib/python3.12/site-packages/airflow/example_dags/example_complex.py
[2025-02-03T10:15:07.201+0000] {processor.py:914} INFO - Processing file /home/airflow/.local/lib/python3.12/site-packages/airflow/example_dags/example_complex.py for tasks to queue
[2025-02-03T10:15:07.203+0000] {logging_mixin.py:190} INFO - [2025-02-03T10:15:07.203+0000] {dagbag.py:588} INFO - Filling up the DagBag from /home/airflow/.local/lib/python3.12/site-packages/airflow/example_dags/example_complex.py
[2025-02-03T10:15:07.216+0000] {processor.py:925} INFO - DAG(s) 'example_complex' retrieved from /home/airflow/.local/lib/python3.12/site-packages/airflow/example_dags/example_complex.py
[2025-02-03T10:15:07.244+0000] {logging_mixin.py:190} INFO - [2025-02-03T10:15:07.244+0000] {dag.py:3239} INFO - Sync 1 DAGs
[2025-02-03T10:15:07.255+0000] {logging_mixin.py:190} INFO - [2025-02-03T10:15:07.255+0000] {dag.py:4180} INFO - Setting next_dagrun for example_complex to None, run_after=None
[2025-02-03T10:15:07.269+0000] {processor.py:208} INFO - Processing /home/airflow/.local/lib/python3.12/site-packages/airflow/example_dags/example_complex.py took 0.074 seconds
[2025-02-03T10:15:39.464+0000] {processor.py:186} INFO - Started process (PID=377) to work on /home/airflow/.local/lib/python3.12/site-packages/airflow/example_dags/example_complex.py
[2025-02-03T10:15:39.465+0000] {processor.py:914} INFO - Processing file /home/airflow/.local/lib/python3.12/site-packages/airflow/example_dags/example_complex.py for tasks to queue
[2025-02-03T10:15:39.467+0000] {logging_mixin.py:190} INFO - [2025-02-03T10:15:39.467+0000] {dagbag.py:588} INFO - Filling up the DagBag from /home/airflow/.local/lib/python3.12/site-packages/airflow/example_dags/example_complex.py
[2025-02-03T10:15:39.478+0000] {processor.py:925} INFO - DAG(s) 'example_complex' retrieved from /home/airflow/.local/lib/python3.12/site-packages/airflow/example_dags/example_complex.py
[2025-02-03T10:15:39.501+0000] {logging_mixin.py:190} INFO - [2025-02-03T10:15:39.501+0000] {dag.py:3239} INFO - Sync 1 DAGs
[2025-02-03T10:15:39.513+0000] {logging_mixin.py:190} INFO - [2025-02-03T10:15:39.513+0000] {dag.py:4180} INFO - Setting next_dagrun for example_complex to None, run_after=None
[2025-02-03T10:15:39.528+0000] {processor.py:208} INFO - Processing /home/airflow/.local/lib/python3.12/site-packages/airflow/example_dags/example_complex.py took 0.068 seconds
[2025-02-03T10:16:11.118+0000] {processor.py:186} INFO - Started process (PID=441) to work on /home/airflow/.local/lib/python3.12/site-packages/airflow/example_dags/example_complex.py
[2025-02-03T10:16:11.130+0000] {processor.py:914} INFO - Processing file /home/airflow/.local/lib/python3.12/site-packages/airflow/example_dags/example_complex.py for tasks to queue
[2025-02-03T10:16:11.134+0000] {logging_mixin.py:190} INFO - [2025-02-03T10:16:11.134+0000] {dagbag.py:588} INFO - Filling up the DagBag from /home/airflow/.local/lib/python3.12/site-packages/airflow/example_dags/example_complex.py
[2025-02-03T10:16:11.158+0000] {processor.py:925} INFO - DAG(s) 'example_complex' retrieved from /home/airflow/.local/lib/python3.12/site-packages/airflow/example_dags/example_complex.py
[2025-02-03T10:16:11.231+0000] {logging_mixin.py:190} INFO - [2025-02-03T10:16:11.231+0000] {dag.py:3239} INFO - Sync 1 DAGs
[2025-02-03T10:16:11.255+0000] {logging_mixin.py:190} INFO - [2025-02-03T10:16:11.254+0000] {dag.py:4180} INFO - Setting next_dagrun for example_complex to None, run_after=None
[2025-02-03T10:16:11.315+0000] {processor.py:208} INFO - Processing /home/airflow/.local/lib/python3.12/site-packages/airflow/example_dags/example_complex.py took 0.204 seconds
[2025-02-03T10:16:41.566+0000] {processor.py:186} INFO - Started process (PID=505) to work on /home/airflow/.local/lib/python3.12/site-packages/airflow/example_dags/example_complex.py
[2025-02-03T10:16:41.567+0000] {processor.py:914} INFO - Processing file /home/airflow/.local/lib/python3.12/site-packages/airflow/example_dags/example_complex.py for tasks to queue
[2025-02-03T10:16:41.570+0000] {logging_mixin.py:190} INFO - [2025-02-03T10:16:41.569+0000] {dagbag.py:588} INFO - Filling up the DagBag from /home/airflow/.local/lib/python3.12/site-packages/airflow/example_dags/example_complex.py
[2025-02-03T10:16:41.584+0000] {processor.py:925} INFO - DAG(s) 'example_complex' retrieved from /home/airflow/.local/lib/python3.12/site-packages/airflow/example_dags/example_complex.py
[2025-02-03T10:16:41.626+0000] {logging_mixin.py:190} INFO - [2025-02-03T10:16:41.624+0000] {dag.py:3239} INFO - Sync 1 DAGs
[2025-02-03T10:16:41.640+0000] {logging_mixin.py:190} INFO - [2025-02-03T10:16:41.640+0000] {dag.py:4180} INFO - Setting next_dagrun for example_complex to None, run_after=None
[2025-02-03T10:16:41.657+0000] {processor.py:208} INFO - Processing /home/airflow/.local/lib/python3.12/site-packages/airflow/example_dags/example_complex.py took 0.097 seconds
[2025-02-03T10:17:12.512+0000] {processor.py:186} INFO - Started process (PID=569) to work on /home/airflow/.local/lib/python3.12/site-packages/airflow/example_dags/example_complex.py
[2025-02-03T10:17:12.514+0000] {processor.py:914} INFO - Processing file /home/airflow/.local/lib/python3.12/site-packages/airflow/example_dags/example_complex.py for tasks to queue
[2025-02-03T10:17:12.516+0000] {logging_mixin.py:190} INFO - [2025-02-03T10:17:12.516+0000] {dagbag.py:588} INFO - Filling up the DagBag from /home/airflow/.local/lib/python3.12/site-packages/airflow/example_dags/example_complex.py
[2025-02-03T10:17:12.530+0000] {processor.py:925} INFO - DAG(s) 'example_complex' retrieved from /home/airflow/.local/lib/python3.12/site-packages/airflow/example_dags/example_complex.py
[2025-02-03T10:17:12.560+0000] {logging_mixin.py:190} INFO - [2025-02-03T10:17:12.560+0000] {dag.py:3239} INFO - Sync 1 DAGs
[2025-02-03T10:17:12.576+0000] {logging_mixin.py:190} INFO - [2025-02-03T10:17:12.575+0000] {dag.py:4180} INFO - Setting next_dagrun for example_complex to None, run_after=None
[2025-02-03T10:17:12.608+0000] {processor.py:208} INFO - Processing /home/airflow/.local/lib/python3.12/site-packages/airflow/example_dags/example_complex.py took 0.101 seconds
[2025-02-03T10:17:43.505+0000] {processor.py:186} INFO - Started process (PID=634) to work on /home/airflow/.local/lib/python3.12/site-packages/airflow/example_dags/example_complex.py
[2025-02-03T10:17:43.506+0000] {processor.py:914} INFO - Processing file /home/airflow/.local/lib/python3.12/site-packages/airflow/example_dags/example_complex.py for tasks to queue
[2025-02-03T10:17:43.508+0000] {logging_mixin.py:190} INFO - [2025-02-03T10:17:43.508+0000] {dagbag.py:588} INFO - Filling up the DagBag from /home/airflow/.local/lib/python3.12/site-packages/airflow/example_dags/example_complex.py
[2025-02-03T10:17:43.518+0000] {processor.py:925} INFO - DAG(s) 'example_complex' retrieved from /home/airflow/.local/lib/python3.12/site-packages/airflow/example_dags/example_complex.py
[2025-02-03T10:17:43.544+0000] {logging_mixin.py:190} INFO - [2025-02-03T10:17:43.543+0000] {dag.py:3239} INFO - Sync 1 DAGs
[2025-02-03T10:17:43.556+0000] {logging_mixin.py:190} INFO - [2025-02-03T10:17:43.556+0000] {dag.py:4180} INFO - Setting next_dagrun for example_complex to None, run_after=None
[2025-02-03T10:17:43.571+0000] {processor.py:208} INFO - Processing /home/airflow/.local/lib/python3.12/site-packages/airflow/example_dags/example_complex.py took 0.071 seconds
[2025-02-03T10:18:14.286+0000] {processor.py:186} INFO - Started process (PID=699) to work on /home/airflow/.local/lib/python3.12/site-packages/airflow/example_dags/example_complex.py
[2025-02-03T10:18:14.287+0000] {processor.py:914} INFO - Processing file /home/airflow/.local/lib/python3.12/site-packages/airflow/example_dags/example_complex.py for tasks to queue
[2025-02-03T10:18:14.289+0000] {logging_mixin.py:190} INFO - [2025-02-03T10:18:14.289+0000] {dagbag.py:588} INFO - Filling up the DagBag from /home/airflow/.local/lib/python3.12/site-packages/airflow/example_dags/example_complex.py
[2025-02-03T10:18:14.299+0000] {processor.py:925} INFO - DAG(s) 'example_complex' retrieved from /home/airflow/.local/lib/python3.12/site-packages/airflow/example_dags/example_complex.py
[2025-02-03T10:18:14.325+0000] {logging_mixin.py:190} INFO - [2025-02-03T10:18:14.325+0000] {dag.py:3239} INFO - Sync 1 DAGs
[2025-02-03T10:18:14.339+0000] {logging_mixin.py:190} INFO - [2025-02-03T10:18:14.339+0000] {dag.py:4180} INFO - Setting next_dagrun for example_complex to None, run_after=None
[2025-02-03T10:18:14.354+0000] {processor.py:208} INFO - Processing /home/airflow/.local/lib/python3.12/site-packages/airflow/example_dags/example_complex.py took 0.073 seconds
[2025-02-03T10:18:46.740+0000] {processor.py:186} INFO - Started process (PID=763) to work on /home/airflow/.local/lib/python3.12/site-packages/airflow/example_dags/example_complex.py
[2025-02-03T10:18:46.741+0000] {processor.py:914} INFO - Processing file /home/airflow/.local/lib/python3.12/site-packages/airflow/example_dags/example_complex.py for tasks to queue
[2025-02-03T10:18:46.743+0000] {logging_mixin.py:190} INFO - [2025-02-03T10:18:46.743+0000] {dagbag.py:588} INFO - Filling up the DagBag from /home/airflow/.local/lib/python3.12/site-packages/airflow/example_dags/example_complex.py
[2025-02-03T10:18:46.754+0000] {processor.py:925} INFO - DAG(s) 'example_complex' retrieved from /home/airflow/.local/lib/python3.12/site-packages/airflow/example_dags/example_complex.py
[2025-02-03T10:18:46.779+0000] {logging_mixin.py:190} INFO - [2025-02-03T10:18:46.779+0000] {dag.py:3239} INFO - Sync 1 DAGs
[2025-02-03T10:18:46.791+0000] {logging_mixin.py:190} INFO - [2025-02-03T10:18:46.791+0000] {dag.py:4180} INFO - Setting next_dagrun for example_complex to None, run_after=None
[2025-02-03T10:18:46.809+0000] {processor.py:208} INFO - Processing /home/airflow/.local/lib/python3.12/site-packages/airflow/example_dags/example_complex.py took 0.077 seconds
[2025-02-03T10:19:17.496+0000] {processor.py:186} INFO - Started process (PID=827) to work on /home/airflow/.local/lib/python3.12/site-packages/airflow/example_dags/example_complex.py
[2025-02-03T10:19:17.497+0000] {processor.py:914} INFO - Processing file /home/airflow/.local/lib/python3.12/site-packages/airflow/example_dags/example_complex.py for tasks to queue
[2025-02-03T10:19:17.501+0000] {logging_mixin.py:190} INFO - [2025-02-03T10:19:17.501+0000] {dagbag.py:588} INFO - Filling up the DagBag from /home/airflow/.local/lib/python3.12/site-packages/airflow/example_dags/example_complex.py
[2025-02-03T10:19:17.512+0000] {processor.py:925} INFO - DAG(s) 'example_complex' retrieved from /home/airflow/.local/lib/python3.12/site-packages/airflow/example_dags/example_complex.py
[2025-02-03T10:19:17.536+0000] {logging_mixin.py:190} INFO - [2025-02-03T10:19:17.536+0000] {dag.py:3239} INFO - Sync 1 DAGs
[2025-02-03T10:19:17.548+0000] {logging_mixin.py:190} INFO - [2025-02-03T10:19:17.548+0000] {dag.py:4180} INFO - Setting next_dagrun for example_complex to None, run_after=None
[2025-02-03T10:19:17.564+0000] {processor.py:208} INFO - Processing /home/airflow/.local/lib/python3.12/site-packages/airflow/example_dags/example_complex.py took 0.079 seconds
[2025-02-03T10:19:47.813+0000] {processor.py:186} INFO - Started process (PID=891) to work on /home/airflow/.local/lib/python3.12/site-packages/airflow/example_dags/example_complex.py
[2025-02-03T10:19:47.814+0000] {processor.py:914} INFO - Processing file /home/airflow/.local/lib/python3.12/site-packages/airflow/example_dags/example_complex.py for tasks to queue
[2025-02-03T10:19:47.816+0000] {logging_mixin.py:190} INFO - [2025-02-03T10:19:47.816+0000] {dagbag.py:588} INFO - Filling up the DagBag from /home/airflow/.local/lib/python3.12/site-packages/airflow/example_dags/example_complex.py
[2025-02-03T10:19:47.825+0000] {processor.py:925} INFO - DAG(s) 'example_complex' retrieved from /home/airflow/.local/lib/python3.12/site-packages/airflow/example_dags/example_complex.py
[2025-02-03T10:19:47.851+0000] {logging_mixin.py:190} INFO - [2025-02-03T10:19:47.850+0000] {dag.py:3239} INFO - Sync 1 DAGs
[2025-02-03T10:19:47.862+0000] {logging_mixin.py:190} INFO - [2025-02-03T10:19:47.862+0000] {dag.py:4180} INFO - Setting next_dagrun for example_complex to None, run_after=None
[2025-02-03T10:19:47.877+0000] {processor.py:208} INFO - Processing /home/airflow/.local/lib/python3.12/site-packages/airflow/example_dags/example_complex.py took 0.070 seconds
[2025-02-03T10:20:19.371+0000] {processor.py:186} INFO - Started process (PID=955) to work on /home/airflow/.local/lib/python3.12/site-packages/airflow/example_dags/example_complex.py
[2025-02-03T10:20:19.372+0000] {processor.py:914} INFO - Processing file /home/airflow/.local/lib/python3.12/site-packages/airflow/example_dags/example_complex.py for tasks to queue
[2025-02-03T10:20:19.374+0000] {logging_mixin.py:190} INFO - [2025-02-03T10:20:19.374+0000] {dagbag.py:588} INFO - Filling up the DagBag from /home/airflow/.local/lib/python3.12/site-packages/airflow/example_dags/example_complex.py
[2025-02-03T10:20:19.386+0000] {processor.py:925} INFO - DAG(s) 'example_complex' retrieved from /home/airflow/.local/lib/python3.12/site-packages/airflow/example_dags/example_complex.py
[2025-02-03T10:20:19.417+0000] {logging_mixin.py:190} INFO - [2025-02-03T10:20:19.417+0000] {dag.py:3239} INFO - Sync 1 DAGs
[2025-02-03T10:20:19.430+0000] {logging_mixin.py:190} INFO - [2025-02-03T10:20:19.430+0000] {dag.py:4180} INFO - Setting next_dagrun for example_complex to None, run_after=None
[2025-02-03T10:20:19.448+0000] {processor.py:208} INFO - Processing /home/airflow/.local/lib/python3.12/site-packages/airflow/example_dags/example_complex.py took 0.083 seconds
