[2025-02-03T09:44:35.080+0000] {processor.py:186} INFO - Started process (PID=74) to work on /home/airflow/.local/lib/python3.12/site-packages/airflow/example_dags/example_bash_operator.py
[2025-02-03T09:44:35.081+0000] {processor.py:914} INFO - Processing file /home/airflow/.local/lib/python3.12/site-packages/airflow/example_dags/example_bash_operator.py for tasks to queue
[2025-02-03T09:44:35.084+0000] {logging_mixin.py:190} INFO - [2025-02-03T09:44:35.083+0000] {dagbag.py:588} INFO - Filling up the DagBag from /home/airflow/.local/lib/python3.12/site-packages/airflow/example_dags/example_bash_operator.py
[2025-02-03T09:44:35.101+0000] {processor.py:925} INFO - DAG(s) 'example_bash_operator' retrieved from /home/airflow/.local/lib/python3.12/site-packages/airflow/example_dags/example_bash_operator.py
[2025-02-03T09:44:35.187+0000] {logging_mixin.py:190} INFO - [2025-02-03T09:44:35.186+0000] {override.py:1911} INFO - Created Permission View: can edit on DAG:example_bash_operator
[2025-02-03T09:44:35.197+0000] {logging_mixin.py:190} INFO - [2025-02-03T09:44:35.196+0000] {override.py:1911} INFO - Created Permission View: can read on DAG:example_bash_operator
[2025-02-03T09:44:35.203+0000] {logging_mixin.py:190} INFO - [2025-02-03T09:44:35.202+0000] {override.py:1911} INFO - Created Permission View: can delete on DAG:example_bash_operator
[2025-02-03T09:44:35.210+0000] {logging_mixin.py:190} INFO - [2025-02-03T09:44:35.209+0000] {override.py:1911} INFO - Created Permission View: can read on DAG Run:example_bash_operator
[2025-02-03T09:44:35.217+0000] {logging_mixin.py:190} INFO - [2025-02-03T09:44:35.217+0000] {override.py:1911} INFO - Created Permission View: can delete on DAG Run:example_bash_operator
[2025-02-03T09:44:35.224+0000] {logging_mixin.py:190} INFO - [2025-02-03T09:44:35.224+0000] {override.py:1911} INFO - Created Permission View: can create on DAG Run:example_bash_operator
[2025-02-03T09:44:35.234+0000] {logging_mixin.py:190} INFO - [2025-02-03T09:44:35.234+0000] {override.py:1911} INFO - Created Permission View: menu access on DAG Run:example_bash_operator
[2025-02-03T09:44:35.235+0000] {logging_mixin.py:190} INFO - [2025-02-03T09:44:35.235+0000] {dag.py:3239} INFO - Sync 1 DAGs
[2025-02-03T09:44:35.248+0000] {logging_mixin.py:190} INFO - [2025-02-03T09:44:35.248+0000] {dag.py:3262} INFO - Creating ORM DAG for example_bash_operator
[2025-02-03T09:44:35.259+0000] {logging_mixin.py:190} INFO - [2025-02-03T09:44:35.258+0000] {dag.py:4180} INFO - Setting next_dagrun for example_bash_operator to 2025-02-02 00:00:00+00:00, run_after=2025-02-03 00:00:00+00:00
[2025-02-03T09:44:35.276+0000] {processor.py:208} INFO - Processing /home/airflow/.local/lib/python3.12/site-packages/airflow/example_dags/example_bash_operator.py took 0.201 seconds
[2025-02-03T09:45:15.401+0000] {processor.py:186} INFO - Started process (PID=136) to work on /home/airflow/.local/lib/python3.12/site-packages/airflow/example_dags/example_bash_operator.py
[2025-02-03T09:45:15.403+0000] {processor.py:914} INFO - Processing file /home/airflow/.local/lib/python3.12/site-packages/airflow/example_dags/example_bash_operator.py for tasks to queue
[2025-02-03T09:45:15.407+0000] {logging_mixin.py:190} INFO - [2025-02-03T09:45:15.406+0000] {dagbag.py:588} INFO - Filling up the DagBag from /home/airflow/.local/lib/python3.12/site-packages/airflow/example_dags/example_bash_operator.py
[2025-02-03T09:45:15.430+0000] {processor.py:925} INFO - DAG(s) 'example_bash_operator' retrieved from /home/airflow/.local/lib/python3.12/site-packages/airflow/example_dags/example_bash_operator.py
[2025-02-03T09:45:15.483+0000] {logging_mixin.py:190} INFO - [2025-02-03T09:45:15.482+0000] {dag.py:3239} INFO - Sync 1 DAGs
[2025-02-03T09:45:15.522+0000] {logging_mixin.py:190} INFO - [2025-02-03T09:45:15.522+0000] {dag.py:4180} INFO - Setting next_dagrun for example_bash_operator to 2025-02-02 00:00:00+00:00, run_after=2025-02-03 00:00:00+00:00
[2025-02-03T09:45:15.545+0000] {processor.py:208} INFO - Processing /home/airflow/.local/lib/python3.12/site-packages/airflow/example_dags/example_bash_operator.py took 0.154 seconds
[2025-02-03T09:45:46.122+0000] {processor.py:186} INFO - Started process (PID=199) to work on /home/airflow/.local/lib/python3.12/site-packages/airflow/example_dags/example_bash_operator.py
[2025-02-03T09:45:46.124+0000] {processor.py:914} INFO - Processing file /home/airflow/.local/lib/python3.12/site-packages/airflow/example_dags/example_bash_operator.py for tasks to queue
[2025-02-03T09:45:46.128+0000] {logging_mixin.py:190} INFO - [2025-02-03T09:45:46.128+0000] {dagbag.py:588} INFO - Filling up the DagBag from /home/airflow/.local/lib/python3.12/site-packages/airflow/example_dags/example_bash_operator.py
[2025-02-03T09:45:46.144+0000] {processor.py:925} INFO - DAG(s) 'example_bash_operator' retrieved from /home/airflow/.local/lib/python3.12/site-packages/airflow/example_dags/example_bash_operator.py
[2025-02-03T09:45:46.174+0000] {logging_mixin.py:190} INFO - [2025-02-03T09:45:46.174+0000] {dag.py:3239} INFO - Sync 1 DAGs
[2025-02-03T09:45:46.200+0000] {logging_mixin.py:190} INFO - [2025-02-03T09:45:46.199+0000] {dag.py:4180} INFO - Setting next_dagrun for example_bash_operator to 2025-02-02 00:00:00+00:00, run_after=2025-02-03 00:00:00+00:00
[2025-02-03T09:45:46.220+0000] {processor.py:208} INFO - Processing /home/airflow/.local/lib/python3.12/site-packages/airflow/example_dags/example_bash_operator.py took 0.108 seconds
[2025-02-03T09:46:19.126+0000] {processor.py:186} INFO - Started process (PID=262) to work on /home/airflow/.local/lib/python3.12/site-packages/airflow/example_dags/example_bash_operator.py
[2025-02-03T09:46:19.127+0000] {processor.py:914} INFO - Processing file /home/airflow/.local/lib/python3.12/site-packages/airflow/example_dags/example_bash_operator.py for tasks to queue
[2025-02-03T09:46:19.129+0000] {logging_mixin.py:190} INFO - [2025-02-03T09:46:19.129+0000] {dagbag.py:588} INFO - Filling up the DagBag from /home/airflow/.local/lib/python3.12/site-packages/airflow/example_dags/example_bash_operator.py
[2025-02-03T09:46:19.142+0000] {processor.py:925} INFO - DAG(s) 'example_bash_operator' retrieved from /home/airflow/.local/lib/python3.12/site-packages/airflow/example_dags/example_bash_operator.py
[2025-02-03T09:46:19.167+0000] {logging_mixin.py:190} INFO - [2025-02-03T09:46:19.167+0000] {dag.py:3239} INFO - Sync 1 DAGs
[2025-02-03T09:46:19.187+0000] {logging_mixin.py:190} INFO - [2025-02-03T09:46:19.187+0000] {dag.py:4180} INFO - Setting next_dagrun for example_bash_operator to 2025-02-02 00:00:00+00:00, run_after=2025-02-03 00:00:00+00:00
[2025-02-03T09:46:19.206+0000] {processor.py:208} INFO - Processing /home/airflow/.local/lib/python3.12/site-packages/airflow/example_dags/example_bash_operator.py took 0.085 seconds
[2025-02-03T09:55:24.924+0000] {processor.py:186} INFO - Started process (PID=75) to work on /home/airflow/.local/lib/python3.12/site-packages/airflow/example_dags/example_bash_operator.py
[2025-02-03T09:55:24.925+0000] {processor.py:914} INFO - Processing file /home/airflow/.local/lib/python3.12/site-packages/airflow/example_dags/example_bash_operator.py for tasks to queue
[2025-02-03T09:55:24.930+0000] {logging_mixin.py:190} INFO - [2025-02-03T09:55:24.929+0000] {dagbag.py:588} INFO - Filling up the DagBag from /home/airflow/.local/lib/python3.12/site-packages/airflow/example_dags/example_bash_operator.py
[2025-02-03T09:55:24.965+0000] {processor.py:925} INFO - DAG(s) 'example_bash_operator' retrieved from /home/airflow/.local/lib/python3.12/site-packages/airflow/example_dags/example_bash_operator.py
[2025-02-03T09:55:25.022+0000] {logging_mixin.py:190} INFO - [2025-02-03T09:55:25.022+0000] {dag.py:3239} INFO - Sync 1 DAGs
[2025-02-03T09:55:25.107+0000] {logging_mixin.py:190} INFO - [2025-02-03T09:55:25.106+0000] {dag.py:4180} INFO - Setting next_dagrun for example_bash_operator to 2025-02-02 00:00:00+00:00, run_after=2025-02-03 00:00:00+00:00
[2025-02-03T09:55:25.177+0000] {processor.py:208} INFO - Processing /home/airflow/.local/lib/python3.12/site-packages/airflow/example_dags/example_bash_operator.py took 0.264 seconds
[2025-02-03T09:55:55.866+0000] {processor.py:186} INFO - Started process (PID=139) to work on /home/airflow/.local/lib/python3.12/site-packages/airflow/example_dags/example_bash_operator.py
[2025-02-03T09:55:55.875+0000] {processor.py:914} INFO - Processing file /home/airflow/.local/lib/python3.12/site-packages/airflow/example_dags/example_bash_operator.py for tasks to queue
[2025-02-03T09:55:55.879+0000] {logging_mixin.py:190} INFO - [2025-02-03T09:55:55.879+0000] {dagbag.py:588} INFO - Filling up the DagBag from /home/airflow/.local/lib/python3.12/site-packages/airflow/example_dags/example_bash_operator.py
[2025-02-03T09:55:55.896+0000] {processor.py:925} INFO - DAG(s) 'example_bash_operator' retrieved from /home/airflow/.local/lib/python3.12/site-packages/airflow/example_dags/example_bash_operator.py
[2025-02-03T09:55:55.925+0000] {logging_mixin.py:190} INFO - [2025-02-03T09:55:55.925+0000] {dag.py:3239} INFO - Sync 1 DAGs
[2025-02-03T09:55:55.950+0000] {logging_mixin.py:190} INFO - [2025-02-03T09:55:55.950+0000] {dag.py:4180} INFO - Setting next_dagrun for example_bash_operator to 2025-02-02 00:00:00+00:00, run_after=2025-02-03 00:00:00+00:00
[2025-02-03T09:55:55.974+0000] {processor.py:208} INFO - Processing /home/airflow/.local/lib/python3.12/site-packages/airflow/example_dags/example_bash_operator.py took 0.115 seconds
[2025-02-03T09:56:26.135+0000] {processor.py:186} INFO - Started process (PID=203) to work on /home/airflow/.local/lib/python3.12/site-packages/airflow/example_dags/example_bash_operator.py
[2025-02-03T09:56:26.136+0000] {processor.py:914} INFO - Processing file /home/airflow/.local/lib/python3.12/site-packages/airflow/example_dags/example_bash_operator.py for tasks to queue
[2025-02-03T09:56:26.138+0000] {logging_mixin.py:190} INFO - [2025-02-03T09:56:26.138+0000] {dagbag.py:588} INFO - Filling up the DagBag from /home/airflow/.local/lib/python3.12/site-packages/airflow/example_dags/example_bash_operator.py
[2025-02-03T09:56:26.148+0000] {processor.py:925} INFO - DAG(s) 'example_bash_operator' retrieved from /home/airflow/.local/lib/python3.12/site-packages/airflow/example_dags/example_bash_operator.py
[2025-02-03T09:56:26.171+0000] {logging_mixin.py:190} INFO - [2025-02-03T09:56:26.171+0000] {dag.py:3239} INFO - Sync 1 DAGs
[2025-02-03T09:56:26.188+0000] {logging_mixin.py:190} INFO - [2025-02-03T09:56:26.188+0000] {dag.py:4180} INFO - Setting next_dagrun for example_bash_operator to 2025-02-02 00:00:00+00:00, run_after=2025-02-03 00:00:00+00:00
[2025-02-03T09:56:26.210+0000] {processor.py:208} INFO - Processing /home/airflow/.local/lib/python3.12/site-packages/airflow/example_dags/example_bash_operator.py took 0.080 seconds
[2025-02-03T09:56:56.637+0000] {processor.py:186} INFO - Started process (PID=267) to work on /home/airflow/.local/lib/python3.12/site-packages/airflow/example_dags/example_bash_operator.py
[2025-02-03T09:56:56.639+0000] {processor.py:914} INFO - Processing file /home/airflow/.local/lib/python3.12/site-packages/airflow/example_dags/example_bash_operator.py for tasks to queue
[2025-02-03T09:56:56.642+0000] {logging_mixin.py:190} INFO - [2025-02-03T09:56:56.641+0000] {dagbag.py:588} INFO - Filling up the DagBag from /home/airflow/.local/lib/python3.12/site-packages/airflow/example_dags/example_bash_operator.py
[2025-02-03T09:56:56.653+0000] {processor.py:925} INFO - DAG(s) 'example_bash_operator' retrieved from /home/airflow/.local/lib/python3.12/site-packages/airflow/example_dags/example_bash_operator.py
[2025-02-03T09:56:56.685+0000] {logging_mixin.py:190} INFO - [2025-02-03T09:56:56.684+0000] {dag.py:3239} INFO - Sync 1 DAGs
[2025-02-03T09:56:56.703+0000] {logging_mixin.py:190} INFO - [2025-02-03T09:56:56.703+0000] {dag.py:4180} INFO - Setting next_dagrun for example_bash_operator to 2025-02-02 00:00:00+00:00, run_after=2025-02-03 00:00:00+00:00
[2025-02-03T09:56:56.717+0000] {processor.py:208} INFO - Processing /home/airflow/.local/lib/python3.12/site-packages/airflow/example_dags/example_bash_operator.py took 0.084 seconds
[2025-02-03T09:57:33.593+0000] {processor.py:186} INFO - Started process (PID=331) to work on /home/airflow/.local/lib/python3.12/site-packages/airflow/example_dags/example_bash_operator.py
[2025-02-03T09:57:33.594+0000] {processor.py:914} INFO - Processing file /home/airflow/.local/lib/python3.12/site-packages/airflow/example_dags/example_bash_operator.py for tasks to queue
[2025-02-03T09:57:33.596+0000] {logging_mixin.py:190} INFO - [2025-02-03T09:57:33.596+0000] {dagbag.py:588} INFO - Filling up the DagBag from /home/airflow/.local/lib/python3.12/site-packages/airflow/example_dags/example_bash_operator.py
[2025-02-03T09:57:33.608+0000] {processor.py:925} INFO - DAG(s) 'example_bash_operator' retrieved from /home/airflow/.local/lib/python3.12/site-packages/airflow/example_dags/example_bash_operator.py
[2025-02-03T09:57:33.635+0000] {logging_mixin.py:190} INFO - [2025-02-03T09:57:33.635+0000] {dag.py:3239} INFO - Sync 1 DAGs
[2025-02-03T09:57:33.655+0000] {logging_mixin.py:190} INFO - [2025-02-03T09:57:33.655+0000] {dag.py:4180} INFO - Setting next_dagrun for example_bash_operator to 2025-02-02 00:00:00+00:00, run_after=2025-02-03 00:00:00+00:00
[2025-02-03T09:57:33.675+0000] {processor.py:208} INFO - Processing /home/airflow/.local/lib/python3.12/site-packages/airflow/example_dags/example_bash_operator.py took 0.087 seconds
[2025-02-03T09:58:07.268+0000] {processor.py:186} INFO - Started process (PID=401) to work on /home/airflow/.local/lib/python3.12/site-packages/airflow/example_dags/example_bash_operator.py
[2025-02-03T09:58:07.270+0000] {processor.py:914} INFO - Processing file /home/airflow/.local/lib/python3.12/site-packages/airflow/example_dags/example_bash_operator.py for tasks to queue
[2025-02-03T09:58:07.276+0000] {logging_mixin.py:190} INFO - [2025-02-03T09:58:07.275+0000] {dagbag.py:588} INFO - Filling up the DagBag from /home/airflow/.local/lib/python3.12/site-packages/airflow/example_dags/example_bash_operator.py
[2025-02-03T09:58:07.302+0000] {processor.py:925} INFO - DAG(s) 'example_bash_operator' retrieved from /home/airflow/.local/lib/python3.12/site-packages/airflow/example_dags/example_bash_operator.py
[2025-02-03T09:58:07.337+0000] {logging_mixin.py:190} INFO - [2025-02-03T09:58:07.337+0000] {dag.py:3239} INFO - Sync 1 DAGs
[2025-02-03T09:58:07.366+0000] {logging_mixin.py:190} INFO - [2025-02-03T09:58:07.366+0000] {dag.py:4180} INFO - Setting next_dagrun for example_bash_operator to 2025-02-02 00:00:00+00:00, run_after=2025-02-03 00:00:00+00:00
[2025-02-03T09:58:07.384+0000] {processor.py:208} INFO - Processing /home/airflow/.local/lib/python3.12/site-packages/airflow/example_dags/example_bash_operator.py took 0.130 seconds
[2025-02-03T09:58:38.434+0000] {processor.py:186} INFO - Started process (PID=466) to work on /home/airflow/.local/lib/python3.12/site-packages/airflow/example_dags/example_bash_operator.py
[2025-02-03T09:58:38.440+0000] {processor.py:914} INFO - Processing file /home/airflow/.local/lib/python3.12/site-packages/airflow/example_dags/example_bash_operator.py for tasks to queue
[2025-02-03T09:58:38.443+0000] {logging_mixin.py:190} INFO - [2025-02-03T09:58:38.442+0000] {dagbag.py:588} INFO - Filling up the DagBag from /home/airflow/.local/lib/python3.12/site-packages/airflow/example_dags/example_bash_operator.py
[2025-02-03T09:58:38.459+0000] {processor.py:925} INFO - DAG(s) 'example_bash_operator' retrieved from /home/airflow/.local/lib/python3.12/site-packages/airflow/example_dags/example_bash_operator.py
[2025-02-03T09:58:38.540+0000] {logging_mixin.py:190} INFO - [2025-02-03T09:58:38.540+0000] {dag.py:3239} INFO - Sync 1 DAGs
[2025-02-03T09:58:38.602+0000] {logging_mixin.py:190} INFO - [2025-02-03T09:58:38.602+0000] {dag.py:4180} INFO - Setting next_dagrun for example_bash_operator to 2025-02-02 00:00:00+00:00, run_after=2025-02-03 00:00:00+00:00
[2025-02-03T09:58:38.636+0000] {processor.py:208} INFO - Processing /home/airflow/.local/lib/python3.12/site-packages/airflow/example_dags/example_bash_operator.py took 0.207 seconds
[2025-02-03T09:59:09.423+0000] {processor.py:186} INFO - Started process (PID=524) to work on /home/airflow/.local/lib/python3.12/site-packages/airflow/example_dags/example_bash_operator.py
[2025-02-03T09:59:09.436+0000] {processor.py:914} INFO - Processing file /home/airflow/.local/lib/python3.12/site-packages/airflow/example_dags/example_bash_operator.py for tasks to queue
[2025-02-03T09:59:09.466+0000] {logging_mixin.py:190} INFO - [2025-02-03T09:59:09.465+0000] {dagbag.py:588} INFO - Filling up the DagBag from /home/airflow/.local/lib/python3.12/site-packages/airflow/example_dags/example_bash_operator.py
[2025-02-03T09:59:09.595+0000] {processor.py:925} INFO - DAG(s) 'example_bash_operator' retrieved from /home/airflow/.local/lib/python3.12/site-packages/airflow/example_dags/example_bash_operator.py
[2025-02-03T09:59:09.655+0000] {logging_mixin.py:190} INFO - [2025-02-03T09:59:09.654+0000] {dag.py:3239} INFO - Sync 1 DAGs
[2025-02-03T09:59:09.701+0000] {logging_mixin.py:190} INFO - [2025-02-03T09:59:09.700+0000] {dag.py:4180} INFO - Setting next_dagrun for example_bash_operator to 2025-02-02 00:00:00+00:00, run_after=2025-02-03 00:00:00+00:00
[2025-02-03T09:59:09.728+0000] {processor.py:208} INFO - Processing /home/airflow/.local/lib/python3.12/site-packages/airflow/example_dags/example_bash_operator.py took 0.353 seconds
[2025-02-03T09:59:39.983+0000] {processor.py:186} INFO - Started process (PID=588) to work on /home/airflow/.local/lib/python3.12/site-packages/airflow/example_dags/example_bash_operator.py
[2025-02-03T09:59:39.984+0000] {processor.py:914} INFO - Processing file /home/airflow/.local/lib/python3.12/site-packages/airflow/example_dags/example_bash_operator.py for tasks to queue
[2025-02-03T09:59:39.986+0000] {logging_mixin.py:190} INFO - [2025-02-03T09:59:39.986+0000] {dagbag.py:588} INFO - Filling up the DagBag from /home/airflow/.local/lib/python3.12/site-packages/airflow/example_dags/example_bash_operator.py
[2025-02-03T09:59:39.997+0000] {processor.py:925} INFO - DAG(s) 'example_bash_operator' retrieved from /home/airflow/.local/lib/python3.12/site-packages/airflow/example_dags/example_bash_operator.py
[2025-02-03T09:59:40.019+0000] {logging_mixin.py:190} INFO - [2025-02-03T09:59:40.018+0000] {dag.py:3239} INFO - Sync 1 DAGs
[2025-02-03T09:59:40.037+0000] {logging_mixin.py:190} INFO - [2025-02-03T09:59:40.037+0000] {dag.py:4180} INFO - Setting next_dagrun for example_bash_operator to 2025-02-02 00:00:00+00:00, run_after=2025-02-03 00:00:00+00:00
[2025-02-03T09:59:40.051+0000] {processor.py:208} INFO - Processing /home/airflow/.local/lib/python3.12/site-packages/airflow/example_dags/example_bash_operator.py took 0.073 seconds
[2025-02-03T10:00:11.760+0000] {processor.py:186} INFO - Started process (PID=651) to work on /home/airflow/.local/lib/python3.12/site-packages/airflow/example_dags/example_bash_operator.py
[2025-02-03T10:00:11.763+0000] {processor.py:914} INFO - Processing file /home/airflow/.local/lib/python3.12/site-packages/airflow/example_dags/example_bash_operator.py for tasks to queue
[2025-02-03T10:00:11.776+0000] {logging_mixin.py:190} INFO - [2025-02-03T10:00:11.776+0000] {dagbag.py:588} INFO - Filling up the DagBag from /home/airflow/.local/lib/python3.12/site-packages/airflow/example_dags/example_bash_operator.py
[2025-02-03T10:00:11.804+0000] {processor.py:925} INFO - DAG(s) 'example_bash_operator' retrieved from /home/airflow/.local/lib/python3.12/site-packages/airflow/example_dags/example_bash_operator.py
[2025-02-03T10:00:11.839+0000] {logging_mixin.py:190} INFO - [2025-02-03T10:00:11.839+0000] {dag.py:3239} INFO - Sync 1 DAGs
[2025-02-03T10:00:11.890+0000] {logging_mixin.py:190} INFO - [2025-02-03T10:00:11.890+0000] {dag.py:4180} INFO - Setting next_dagrun for example_bash_operator to 2025-02-02 00:00:00+00:00, run_after=2025-02-03 00:00:00+00:00
[2025-02-03T10:00:11.911+0000] {processor.py:208} INFO - Processing /home/airflow/.local/lib/python3.12/site-packages/airflow/example_dags/example_bash_operator.py took 0.159 seconds
[2025-02-03T10:00:42.353+0000] {processor.py:186} INFO - Started process (PID=715) to work on /home/airflow/.local/lib/python3.12/site-packages/airflow/example_dags/example_bash_operator.py
[2025-02-03T10:00:42.355+0000] {processor.py:914} INFO - Processing file /home/airflow/.local/lib/python3.12/site-packages/airflow/example_dags/example_bash_operator.py for tasks to queue
[2025-02-03T10:00:42.357+0000] {logging_mixin.py:190} INFO - [2025-02-03T10:00:42.356+0000] {dagbag.py:588} INFO - Filling up the DagBag from /home/airflow/.local/lib/python3.12/site-packages/airflow/example_dags/example_bash_operator.py
[2025-02-03T10:00:42.367+0000] {processor.py:925} INFO - DAG(s) 'example_bash_operator' retrieved from /home/airflow/.local/lib/python3.12/site-packages/airflow/example_dags/example_bash_operator.py
[2025-02-03T10:00:42.387+0000] {logging_mixin.py:190} INFO - [2025-02-03T10:00:42.387+0000] {dag.py:3239} INFO - Sync 1 DAGs
[2025-02-03T10:00:42.405+0000] {logging_mixin.py:190} INFO - [2025-02-03T10:00:42.405+0000] {dag.py:4180} INFO - Setting next_dagrun for example_bash_operator to 2025-02-02 00:00:00+00:00, run_after=2025-02-03 00:00:00+00:00
[2025-02-03T10:00:42.420+0000] {processor.py:208} INFO - Processing /home/airflow/.local/lib/python3.12/site-packages/airflow/example_dags/example_bash_operator.py took 0.072 seconds
[2025-02-03T10:01:14.338+0000] {processor.py:186} INFO - Started process (PID=779) to work on /home/airflow/.local/lib/python3.12/site-packages/airflow/example_dags/example_bash_operator.py
[2025-02-03T10:01:14.339+0000] {processor.py:914} INFO - Processing file /home/airflow/.local/lib/python3.12/site-packages/airflow/example_dags/example_bash_operator.py for tasks to queue
[2025-02-03T10:01:14.343+0000] {logging_mixin.py:190} INFO - [2025-02-03T10:01:14.342+0000] {dagbag.py:588} INFO - Filling up the DagBag from /home/airflow/.local/lib/python3.12/site-packages/airflow/example_dags/example_bash_operator.py
[2025-02-03T10:01:14.359+0000] {processor.py:925} INFO - DAG(s) 'example_bash_operator' retrieved from /home/airflow/.local/lib/python3.12/site-packages/airflow/example_dags/example_bash_operator.py
[2025-02-03T10:01:14.392+0000] {logging_mixin.py:190} INFO - [2025-02-03T10:01:14.391+0000] {dag.py:3239} INFO - Sync 1 DAGs
[2025-02-03T10:01:14.415+0000] {logging_mixin.py:190} INFO - [2025-02-03T10:01:14.415+0000] {dag.py:4180} INFO - Setting next_dagrun for example_bash_operator to 2025-02-02 00:00:00+00:00, run_after=2025-02-03 00:00:00+00:00
[2025-02-03T10:01:14.434+0000] {processor.py:208} INFO - Processing /home/airflow/.local/lib/python3.12/site-packages/airflow/example_dags/example_bash_operator.py took 0.104 seconds
[2025-02-03T10:01:46.664+0000] {processor.py:186} INFO - Started process (PID=845) to work on /home/airflow/.local/lib/python3.12/site-packages/airflow/example_dags/example_bash_operator.py
[2025-02-03T10:01:46.665+0000] {processor.py:914} INFO - Processing file /home/airflow/.local/lib/python3.12/site-packages/airflow/example_dags/example_bash_operator.py for tasks to queue
[2025-02-03T10:01:46.667+0000] {logging_mixin.py:190} INFO - [2025-02-03T10:01:46.667+0000] {dagbag.py:588} INFO - Filling up the DagBag from /home/airflow/.local/lib/python3.12/site-packages/airflow/example_dags/example_bash_operator.py
[2025-02-03T10:01:46.683+0000] {processor.py:925} INFO - DAG(s) 'example_bash_operator' retrieved from /home/airflow/.local/lib/python3.12/site-packages/airflow/example_dags/example_bash_operator.py
[2025-02-03T10:01:46.706+0000] {logging_mixin.py:190} INFO - [2025-02-03T10:01:46.706+0000] {dag.py:3239} INFO - Sync 1 DAGs
[2025-02-03T10:01:46.739+0000] {logging_mixin.py:190} INFO - [2025-02-03T10:01:46.739+0000] {dag.py:4180} INFO - Setting next_dagrun for example_bash_operator to 2025-02-02 00:00:00+00:00, run_after=2025-02-03 00:00:00+00:00
[2025-02-03T10:01:46.758+0000] {processor.py:208} INFO - Processing /home/airflow/.local/lib/python3.12/site-packages/airflow/example_dags/example_bash_operator.py took 0.101 seconds
[2025-02-03T10:02:19.359+0000] {processor.py:186} INFO - Started process (PID=920) to work on /home/airflow/.local/lib/python3.12/site-packages/airflow/example_dags/example_bash_operator.py
[2025-02-03T10:02:19.361+0000] {processor.py:914} INFO - Processing file /home/airflow/.local/lib/python3.12/site-packages/airflow/example_dags/example_bash_operator.py for tasks to queue
[2025-02-03T10:02:19.364+0000] {logging_mixin.py:190} INFO - [2025-02-03T10:02:19.364+0000] {dagbag.py:588} INFO - Filling up the DagBag from /home/airflow/.local/lib/python3.12/site-packages/airflow/example_dags/example_bash_operator.py
[2025-02-03T10:02:19.375+0000] {processor.py:925} INFO - DAG(s) 'example_bash_operator' retrieved from /home/airflow/.local/lib/python3.12/site-packages/airflow/example_dags/example_bash_operator.py
[2025-02-03T10:02:19.399+0000] {logging_mixin.py:190} INFO - [2025-02-03T10:02:19.399+0000] {dag.py:3239} INFO - Sync 1 DAGs
[2025-02-03T10:02:19.423+0000] {logging_mixin.py:190} INFO - [2025-02-03T10:02:19.423+0000] {dag.py:4180} INFO - Setting next_dagrun for example_bash_operator to 2025-02-02 00:00:00+00:00, run_after=2025-02-03 00:00:00+00:00
[2025-02-03T10:02:19.443+0000] {processor.py:208} INFO - Processing /home/airflow/.local/lib/python3.12/site-packages/airflow/example_dags/example_bash_operator.py took 0.089 seconds
[2025-02-03T10:02:51.853+0000] {processor.py:186} INFO - Started process (PID=984) to work on /home/airflow/.local/lib/python3.12/site-packages/airflow/example_dags/example_bash_operator.py
[2025-02-03T10:02:51.855+0000] {processor.py:914} INFO - Processing file /home/airflow/.local/lib/python3.12/site-packages/airflow/example_dags/example_bash_operator.py for tasks to queue
[2025-02-03T10:02:51.858+0000] {logging_mixin.py:190} INFO - [2025-02-03T10:02:51.858+0000] {dagbag.py:588} INFO - Filling up the DagBag from /home/airflow/.local/lib/python3.12/site-packages/airflow/example_dags/example_bash_operator.py
[2025-02-03T10:02:51.870+0000] {processor.py:925} INFO - DAG(s) 'example_bash_operator' retrieved from /home/airflow/.local/lib/python3.12/site-packages/airflow/example_dags/example_bash_operator.py
[2025-02-03T10:02:51.892+0000] {logging_mixin.py:190} INFO - [2025-02-03T10:02:51.891+0000] {dag.py:3239} INFO - Sync 1 DAGs
[2025-02-03T10:02:51.911+0000] {logging_mixin.py:190} INFO - [2025-02-03T10:02:51.911+0000] {dag.py:4180} INFO - Setting next_dagrun for example_bash_operator to 2025-02-02 00:00:00+00:00, run_after=2025-02-03 00:00:00+00:00
[2025-02-03T10:02:51.929+0000] {processor.py:208} INFO - Processing /home/airflow/.local/lib/python3.12/site-packages/airflow/example_dags/example_bash_operator.py took 0.081 seconds
[2025-02-03T10:03:22.709+0000] {processor.py:186} INFO - Started process (PID=1048) to work on /home/airflow/.local/lib/python3.12/site-packages/airflow/example_dags/example_bash_operator.py
[2025-02-03T10:03:22.711+0000] {processor.py:914} INFO - Processing file /home/airflow/.local/lib/python3.12/site-packages/airflow/example_dags/example_bash_operator.py for tasks to queue
[2025-02-03T10:03:22.713+0000] {logging_mixin.py:190} INFO - [2025-02-03T10:03:22.712+0000] {dagbag.py:588} INFO - Filling up the DagBag from /home/airflow/.local/lib/python3.12/site-packages/airflow/example_dags/example_bash_operator.py
[2025-02-03T10:03:22.725+0000] {processor.py:925} INFO - DAG(s) 'example_bash_operator' retrieved from /home/airflow/.local/lib/python3.12/site-packages/airflow/example_dags/example_bash_operator.py
[2025-02-03T10:03:22.749+0000] {logging_mixin.py:190} INFO - [2025-02-03T10:03:22.749+0000] {dag.py:3239} INFO - Sync 1 DAGs
[2025-02-03T10:03:22.773+0000] {logging_mixin.py:190} INFO - [2025-02-03T10:03:22.773+0000] {dag.py:4180} INFO - Setting next_dagrun for example_bash_operator to 2025-02-02 00:00:00+00:00, run_after=2025-02-03 00:00:00+00:00
[2025-02-03T10:03:22.789+0000] {processor.py:208} INFO - Processing /home/airflow/.local/lib/python3.12/site-packages/airflow/example_dags/example_bash_operator.py took 0.085 seconds
[2025-02-03T10:03:53.598+0000] {processor.py:186} INFO - Started process (PID=1112) to work on /home/airflow/.local/lib/python3.12/site-packages/airflow/example_dags/example_bash_operator.py
[2025-02-03T10:03:53.607+0000] {processor.py:914} INFO - Processing file /home/airflow/.local/lib/python3.12/site-packages/airflow/example_dags/example_bash_operator.py for tasks to queue
[2025-02-03T10:03:53.621+0000] {logging_mixin.py:190} INFO - [2025-02-03T10:03:53.620+0000] {dagbag.py:588} INFO - Filling up the DagBag from /home/airflow/.local/lib/python3.12/site-packages/airflow/example_dags/example_bash_operator.py
[2025-02-03T10:03:53.647+0000] {processor.py:925} INFO - DAG(s) 'example_bash_operator' retrieved from /home/airflow/.local/lib/python3.12/site-packages/airflow/example_dags/example_bash_operator.py
[2025-02-03T10:03:53.700+0000] {logging_mixin.py:190} INFO - [2025-02-03T10:03:53.700+0000] {dag.py:3239} INFO - Sync 1 DAGs
[2025-02-03T10:03:53.724+0000] {logging_mixin.py:190} INFO - [2025-02-03T10:03:53.724+0000] {dag.py:4180} INFO - Setting next_dagrun for example_bash_operator to 2025-02-02 00:00:00+00:00, run_after=2025-02-03 00:00:00+00:00
[2025-02-03T10:03:53.743+0000] {processor.py:208} INFO - Processing /home/airflow/.local/lib/python3.12/site-packages/airflow/example_dags/example_bash_operator.py took 0.157 seconds
[2025-02-03T10:04:24.785+0000] {processor.py:186} INFO - Started process (PID=1176) to work on /home/airflow/.local/lib/python3.12/site-packages/airflow/example_dags/example_bash_operator.py
[2025-02-03T10:04:24.799+0000] {processor.py:914} INFO - Processing file /home/airflow/.local/lib/python3.12/site-packages/airflow/example_dags/example_bash_operator.py for tasks to queue
[2025-02-03T10:04:24.803+0000] {logging_mixin.py:190} INFO - [2025-02-03T10:04:24.803+0000] {dagbag.py:588} INFO - Filling up the DagBag from /home/airflow/.local/lib/python3.12/site-packages/airflow/example_dags/example_bash_operator.py
[2025-02-03T10:04:24.844+0000] {processor.py:925} INFO - DAG(s) 'example_bash_operator' retrieved from /home/airflow/.local/lib/python3.12/site-packages/airflow/example_dags/example_bash_operator.py
[2025-02-03T10:04:24.932+0000] {logging_mixin.py:190} INFO - [2025-02-03T10:04:24.931+0000] {dag.py:3239} INFO - Sync 1 DAGs
[2025-02-03T10:04:24.973+0000] {logging_mixin.py:190} INFO - [2025-02-03T10:04:24.973+0000] {dag.py:4180} INFO - Setting next_dagrun for example_bash_operator to 2025-02-02 00:00:00+00:00, run_after=2025-02-03 00:00:00+00:00
[2025-02-03T10:04:25.004+0000] {processor.py:208} INFO - Processing /home/airflow/.local/lib/python3.12/site-packages/airflow/example_dags/example_bash_operator.py took 0.226 seconds
[2025-02-03T10:04:55.599+0000] {processor.py:186} INFO - Started process (PID=1234) to work on /home/airflow/.local/lib/python3.12/site-packages/airflow/example_dags/example_bash_operator.py
[2025-02-03T10:04:55.600+0000] {processor.py:914} INFO - Processing file /home/airflow/.local/lib/python3.12/site-packages/airflow/example_dags/example_bash_operator.py for tasks to queue
[2025-02-03T10:04:55.602+0000] {logging_mixin.py:190} INFO - [2025-02-03T10:04:55.602+0000] {dagbag.py:588} INFO - Filling up the DagBag from /home/airflow/.local/lib/python3.12/site-packages/airflow/example_dags/example_bash_operator.py
[2025-02-03T10:04:55.613+0000] {processor.py:925} INFO - DAG(s) 'example_bash_operator' retrieved from /home/airflow/.local/lib/python3.12/site-packages/airflow/example_dags/example_bash_operator.py
[2025-02-03T10:04:55.634+0000] {logging_mixin.py:190} INFO - [2025-02-03T10:04:55.634+0000] {dag.py:3239} INFO - Sync 1 DAGs
[2025-02-03T10:04:55.655+0000] {logging_mixin.py:190} INFO - [2025-02-03T10:04:55.655+0000] {dag.py:4180} INFO - Setting next_dagrun for example_bash_operator to 2025-02-02 00:00:00+00:00, run_after=2025-02-03 00:00:00+00:00
[2025-02-03T10:04:55.672+0000] {processor.py:208} INFO - Processing /home/airflow/.local/lib/python3.12/site-packages/airflow/example_dags/example_bash_operator.py took 0.078 seconds
[2025-02-03T10:05:26.069+0000] {processor.py:186} INFO - Started process (PID=1297) to work on /home/airflow/.local/lib/python3.12/site-packages/airflow/example_dags/example_bash_operator.py
[2025-02-03T10:05:26.069+0000] {processor.py:914} INFO - Processing file /home/airflow/.local/lib/python3.12/site-packages/airflow/example_dags/example_bash_operator.py for tasks to queue
[2025-02-03T10:05:26.072+0000] {logging_mixin.py:190} INFO - [2025-02-03T10:05:26.071+0000] {dagbag.py:588} INFO - Filling up the DagBag from /home/airflow/.local/lib/python3.12/site-packages/airflow/example_dags/example_bash_operator.py
[2025-02-03T10:05:26.086+0000] {processor.py:925} INFO - DAG(s) 'example_bash_operator' retrieved from /home/airflow/.local/lib/python3.12/site-packages/airflow/example_dags/example_bash_operator.py
[2025-02-03T10:05:26.112+0000] {logging_mixin.py:190} INFO - [2025-02-03T10:05:26.111+0000] {dag.py:3239} INFO - Sync 1 DAGs
[2025-02-03T10:05:26.132+0000] {logging_mixin.py:190} INFO - [2025-02-03T10:05:26.131+0000] {dag.py:4180} INFO - Setting next_dagrun for example_bash_operator to 2025-02-02 00:00:00+00:00, run_after=2025-02-03 00:00:00+00:00
[2025-02-03T10:05:26.147+0000] {processor.py:208} INFO - Processing /home/airflow/.local/lib/python3.12/site-packages/airflow/example_dags/example_bash_operator.py took 0.083 seconds
[2025-02-03T10:05:56.623+0000] {processor.py:186} INFO - Started process (PID=1361) to work on /home/airflow/.local/lib/python3.12/site-packages/airflow/example_dags/example_bash_operator.py
[2025-02-03T10:05:56.625+0000] {processor.py:914} INFO - Processing file /home/airflow/.local/lib/python3.12/site-packages/airflow/example_dags/example_bash_operator.py for tasks to queue
[2025-02-03T10:05:56.628+0000] {logging_mixin.py:190} INFO - [2025-02-03T10:05:56.627+0000] {dagbag.py:588} INFO - Filling up the DagBag from /home/airflow/.local/lib/python3.12/site-packages/airflow/example_dags/example_bash_operator.py
[2025-02-03T10:05:56.643+0000] {processor.py:925} INFO - DAG(s) 'example_bash_operator' retrieved from /home/airflow/.local/lib/python3.12/site-packages/airflow/example_dags/example_bash_operator.py
[2025-02-03T10:05:56.671+0000] {logging_mixin.py:190} INFO - [2025-02-03T10:05:56.671+0000] {dag.py:3239} INFO - Sync 1 DAGs
[2025-02-03T10:05:56.691+0000] {logging_mixin.py:190} INFO - [2025-02-03T10:05:56.690+0000] {dag.py:4180} INFO - Setting next_dagrun for example_bash_operator to 2025-02-02 00:00:00+00:00, run_after=2025-02-03 00:00:00+00:00
[2025-02-03T10:05:56.703+0000] {processor.py:208} INFO - Processing /home/airflow/.local/lib/python3.12/site-packages/airflow/example_dags/example_bash_operator.py took 0.088 seconds
[2025-02-03T10:06:28.573+0000] {processor.py:186} INFO - Started process (PID=1426) to work on /home/airflow/.local/lib/python3.12/site-packages/airflow/example_dags/example_bash_operator.py
[2025-02-03T10:06:28.574+0000] {processor.py:914} INFO - Processing file /home/airflow/.local/lib/python3.12/site-packages/airflow/example_dags/example_bash_operator.py for tasks to queue
[2025-02-03T10:06:28.577+0000] {logging_mixin.py:190} INFO - [2025-02-03T10:06:28.577+0000] {dagbag.py:588} INFO - Filling up the DagBag from /home/airflow/.local/lib/python3.12/site-packages/airflow/example_dags/example_bash_operator.py
[2025-02-03T10:06:28.592+0000] {processor.py:925} INFO - DAG(s) 'example_bash_operator' retrieved from /home/airflow/.local/lib/python3.12/site-packages/airflow/example_dags/example_bash_operator.py
[2025-02-03T10:06:28.614+0000] {logging_mixin.py:190} INFO - [2025-02-03T10:06:28.613+0000] {dag.py:3239} INFO - Sync 1 DAGs
[2025-02-03T10:06:28.638+0000] {logging_mixin.py:190} INFO - [2025-02-03T10:06:28.637+0000] {dag.py:4180} INFO - Setting next_dagrun for example_bash_operator to 2025-02-02 00:00:00+00:00, run_after=2025-02-03 00:00:00+00:00
[2025-02-03T10:06:28.658+0000] {processor.py:208} INFO - Processing /home/airflow/.local/lib/python3.12/site-packages/airflow/example_dags/example_bash_operator.py took 0.090 seconds
[2025-02-03T10:13:08.127+0000] {processor.py:186} INFO - Started process (PID=83) to work on /home/airflow/.local/lib/python3.12/site-packages/airflow/example_dags/example_bash_operator.py
[2025-02-03T10:13:08.145+0000] {processor.py:914} INFO - Processing file /home/airflow/.local/lib/python3.12/site-packages/airflow/example_dags/example_bash_operator.py for tasks to queue
[2025-02-03T10:13:08.152+0000] {logging_mixin.py:190} INFO - [2025-02-03T10:13:08.151+0000] {dagbag.py:588} INFO - Filling up the DagBag from /home/airflow/.local/lib/python3.12/site-packages/airflow/example_dags/example_bash_operator.py
[2025-02-03T10:13:08.174+0000] {processor.py:925} INFO - DAG(s) 'example_bash_operator' retrieved from /home/airflow/.local/lib/python3.12/site-packages/airflow/example_dags/example_bash_operator.py
[2025-02-03T10:13:08.283+0000] {logging_mixin.py:190} INFO - [2025-02-03T10:13:08.283+0000] {dag.py:3239} INFO - Sync 1 DAGs
[2025-02-03T10:13:08.340+0000] {logging_mixin.py:190} INFO - [2025-02-03T10:13:08.339+0000] {dag.py:4180} INFO - Setting next_dagrun for example_bash_operator to 2025-02-02 00:00:00+00:00, run_after=2025-02-03 00:00:00+00:00
[2025-02-03T10:13:08.374+0000] {processor.py:208} INFO - Processing /home/airflow/.local/lib/python3.12/site-packages/airflow/example_dags/example_bash_operator.py took 0.254 seconds
[2025-02-03T10:13:39.017+0000] {processor.py:186} INFO - Started process (PID=147) to work on /home/airflow/.local/lib/python3.12/site-packages/airflow/example_dags/example_bash_operator.py
[2025-02-03T10:13:39.020+0000] {processor.py:914} INFO - Processing file /home/airflow/.local/lib/python3.12/site-packages/airflow/example_dags/example_bash_operator.py for tasks to queue
[2025-02-03T10:13:39.024+0000] {logging_mixin.py:190} INFO - [2025-02-03T10:13:39.023+0000] {dagbag.py:588} INFO - Filling up the DagBag from /home/airflow/.local/lib/python3.12/site-packages/airflow/example_dags/example_bash_operator.py
[2025-02-03T10:13:39.050+0000] {processor.py:925} INFO - DAG(s) 'example_bash_operator' retrieved from /home/airflow/.local/lib/python3.12/site-packages/airflow/example_dags/example_bash_operator.py
[2025-02-03T10:13:39.086+0000] {logging_mixin.py:190} INFO - [2025-02-03T10:13:39.085+0000] {dag.py:3239} INFO - Sync 1 DAGs
[2025-02-03T10:13:39.114+0000] {logging_mixin.py:190} INFO - [2025-02-03T10:13:39.114+0000] {dag.py:4180} INFO - Setting next_dagrun for example_bash_operator to 2025-02-02 00:00:00+00:00, run_after=2025-02-03 00:00:00+00:00
[2025-02-03T10:13:39.139+0000] {processor.py:208} INFO - Processing /home/airflow/.local/lib/python3.12/site-packages/airflow/example_dags/example_bash_operator.py took 0.136 seconds
[2025-02-03T10:14:10.920+0000] {processor.py:186} INFO - Started process (PID=211) to work on /home/airflow/.local/lib/python3.12/site-packages/airflow/example_dags/example_bash_operator.py
[2025-02-03T10:14:10.922+0000] {processor.py:914} INFO - Processing file /home/airflow/.local/lib/python3.12/site-packages/airflow/example_dags/example_bash_operator.py for tasks to queue
[2025-02-03T10:14:10.924+0000] {logging_mixin.py:190} INFO - [2025-02-03T10:14:10.923+0000] {dagbag.py:588} INFO - Filling up the DagBag from /home/airflow/.local/lib/python3.12/site-packages/airflow/example_dags/example_bash_operator.py
[2025-02-03T10:14:10.937+0000] {processor.py:925} INFO - DAG(s) 'example_bash_operator' retrieved from /home/airflow/.local/lib/python3.12/site-packages/airflow/example_dags/example_bash_operator.py
[2025-02-03T10:14:10.967+0000] {logging_mixin.py:190} INFO - [2025-02-03T10:14:10.966+0000] {dag.py:3239} INFO - Sync 1 DAGs
[2025-02-03T10:14:10.991+0000] {logging_mixin.py:190} INFO - [2025-02-03T10:14:10.991+0000] {dag.py:4180} INFO - Setting next_dagrun for example_bash_operator to 2025-02-02 00:00:00+00:00, run_after=2025-02-03 00:00:00+00:00
[2025-02-03T10:14:11.018+0000] {processor.py:208} INFO - Processing /home/airflow/.local/lib/python3.12/site-packages/airflow/example_dags/example_bash_operator.py took 0.104 seconds
[2025-02-03T10:14:41.311+0000] {processor.py:186} INFO - Started process (PID=269) to work on /home/airflow/.local/lib/python3.12/site-packages/airflow/example_dags/example_bash_operator.py
[2025-02-03T10:14:41.312+0000] {processor.py:914} INFO - Processing file /home/airflow/.local/lib/python3.12/site-packages/airflow/example_dags/example_bash_operator.py for tasks to queue
[2025-02-03T10:14:41.314+0000] {logging_mixin.py:190} INFO - [2025-02-03T10:14:41.313+0000] {dagbag.py:588} INFO - Filling up the DagBag from /home/airflow/.local/lib/python3.12/site-packages/airflow/example_dags/example_bash_operator.py
[2025-02-03T10:14:41.325+0000] {processor.py:925} INFO - DAG(s) 'example_bash_operator' retrieved from /home/airflow/.local/lib/python3.12/site-packages/airflow/example_dags/example_bash_operator.py
[2025-02-03T10:14:41.344+0000] {logging_mixin.py:190} INFO - [2025-02-03T10:14:41.343+0000] {dag.py:3239} INFO - Sync 1 DAGs
[2025-02-03T10:14:41.362+0000] {logging_mixin.py:190} INFO - [2025-02-03T10:14:41.362+0000] {dag.py:4180} INFO - Setting next_dagrun for example_bash_operator to 2025-02-02 00:00:00+00:00, run_after=2025-02-03 00:00:00+00:00
[2025-02-03T10:14:41.381+0000] {processor.py:208} INFO - Processing /home/airflow/.local/lib/python3.12/site-packages/airflow/example_dags/example_bash_operator.py took 0.075 seconds
[2025-02-03T10:15:11.786+0000] {processor.py:186} INFO - Started process (PID=334) to work on /home/airflow/.local/lib/python3.12/site-packages/airflow/example_dags/example_bash_operator.py
[2025-02-03T10:15:11.787+0000] {processor.py:914} INFO - Processing file /home/airflow/.local/lib/python3.12/site-packages/airflow/example_dags/example_bash_operator.py for tasks to queue
[2025-02-03T10:15:11.790+0000] {logging_mixin.py:190} INFO - [2025-02-03T10:15:11.790+0000] {dagbag.py:588} INFO - Filling up the DagBag from /home/airflow/.local/lib/python3.12/site-packages/airflow/example_dags/example_bash_operator.py
[2025-02-03T10:15:11.811+0000] {processor.py:925} INFO - DAG(s) 'example_bash_operator' retrieved from /home/airflow/.local/lib/python3.12/site-packages/airflow/example_dags/example_bash_operator.py
[2025-02-03T10:15:11.835+0000] {logging_mixin.py:190} INFO - [2025-02-03T10:15:11.835+0000] {dag.py:3239} INFO - Sync 1 DAGs
[2025-02-03T10:15:11.865+0000] {logging_mixin.py:190} INFO - [2025-02-03T10:15:11.865+0000] {dag.py:4180} INFO - Setting next_dagrun for example_bash_operator to 2025-02-02 00:00:00+00:00, run_after=2025-02-03 00:00:00+00:00
[2025-02-03T10:15:11.882+0000] {processor.py:208} INFO - Processing /home/airflow/.local/lib/python3.12/site-packages/airflow/example_dags/example_bash_operator.py took 0.104 seconds
[2025-02-03T10:15:42.183+0000] {processor.py:186} INFO - Started process (PID=398) to work on /home/airflow/.local/lib/python3.12/site-packages/airflow/example_dags/example_bash_operator.py
[2025-02-03T10:15:42.185+0000] {processor.py:914} INFO - Processing file /home/airflow/.local/lib/python3.12/site-packages/airflow/example_dags/example_bash_operator.py for tasks to queue
[2025-02-03T10:15:42.187+0000] {logging_mixin.py:190} INFO - [2025-02-03T10:15:42.187+0000] {dagbag.py:588} INFO - Filling up the DagBag from /home/airflow/.local/lib/python3.12/site-packages/airflow/example_dags/example_bash_operator.py
[2025-02-03T10:15:42.197+0000] {processor.py:925} INFO - DAG(s) 'example_bash_operator' retrieved from /home/airflow/.local/lib/python3.12/site-packages/airflow/example_dags/example_bash_operator.py
[2025-02-03T10:15:42.221+0000] {logging_mixin.py:190} INFO - [2025-02-03T10:15:42.221+0000] {dag.py:3239} INFO - Sync 1 DAGs
[2025-02-03T10:15:42.242+0000] {logging_mixin.py:190} INFO - [2025-02-03T10:15:42.242+0000] {dag.py:4180} INFO - Setting next_dagrun for example_bash_operator to 2025-02-02 00:00:00+00:00, run_after=2025-02-03 00:00:00+00:00
[2025-02-03T10:15:42.257+0000] {processor.py:208} INFO - Processing /home/airflow/.local/lib/python3.12/site-packages/airflow/example_dags/example_bash_operator.py took 0.079 seconds
[2025-02-03T10:16:14.229+0000] {processor.py:186} INFO - Started process (PID=462) to work on /home/airflow/.local/lib/python3.12/site-packages/airflow/example_dags/example_bash_operator.py
[2025-02-03T10:16:14.230+0000] {processor.py:914} INFO - Processing file /home/airflow/.local/lib/python3.12/site-packages/airflow/example_dags/example_bash_operator.py for tasks to queue
[2025-02-03T10:16:14.233+0000] {logging_mixin.py:190} INFO - [2025-02-03T10:16:14.232+0000] {dagbag.py:588} INFO - Filling up the DagBag from /home/airflow/.local/lib/python3.12/site-packages/airflow/example_dags/example_bash_operator.py
[2025-02-03T10:16:14.247+0000] {processor.py:925} INFO - DAG(s) 'example_bash_operator' retrieved from /home/airflow/.local/lib/python3.12/site-packages/airflow/example_dags/example_bash_operator.py
[2025-02-03T10:16:14.269+0000] {logging_mixin.py:190} INFO - [2025-02-03T10:16:14.269+0000] {dag.py:3239} INFO - Sync 1 DAGs
[2025-02-03T10:16:14.290+0000] {logging_mixin.py:190} INFO - [2025-02-03T10:16:14.290+0000] {dag.py:4180} INFO - Setting next_dagrun for example_bash_operator to 2025-02-02 00:00:00+00:00, run_after=2025-02-03 00:00:00+00:00
[2025-02-03T10:16:14.313+0000] {processor.py:208} INFO - Processing /home/airflow/.local/lib/python3.12/site-packages/airflow/example_dags/example_bash_operator.py took 0.091 seconds
[2025-02-03T10:16:45.188+0000] {processor.py:186} INFO - Started process (PID=526) to work on /home/airflow/.local/lib/python3.12/site-packages/airflow/example_dags/example_bash_operator.py
[2025-02-03T10:16:45.190+0000] {processor.py:914} INFO - Processing file /home/airflow/.local/lib/python3.12/site-packages/airflow/example_dags/example_bash_operator.py for tasks to queue
[2025-02-03T10:16:45.192+0000] {logging_mixin.py:190} INFO - [2025-02-03T10:16:45.192+0000] {dagbag.py:588} INFO - Filling up the DagBag from /home/airflow/.local/lib/python3.12/site-packages/airflow/example_dags/example_bash_operator.py
[2025-02-03T10:16:45.204+0000] {processor.py:925} INFO - DAG(s) 'example_bash_operator' retrieved from /home/airflow/.local/lib/python3.12/site-packages/airflow/example_dags/example_bash_operator.py
[2025-02-03T10:16:45.236+0000] {logging_mixin.py:190} INFO - [2025-02-03T10:16:45.236+0000] {dag.py:3239} INFO - Sync 1 DAGs
[2025-02-03T10:16:45.265+0000] {logging_mixin.py:190} INFO - [2025-02-03T10:16:45.265+0000] {dag.py:4180} INFO - Setting next_dagrun for example_bash_operator to 2025-02-02 00:00:00+00:00, run_after=2025-02-03 00:00:00+00:00
[2025-02-03T10:16:45.281+0000] {processor.py:208} INFO - Processing /home/airflow/.local/lib/python3.12/site-packages/airflow/example_dags/example_bash_operator.py took 0.097 seconds
[2025-02-03T10:17:17.373+0000] {processor.py:186} INFO - Started process (PID=591) to work on /home/airflow/.local/lib/python3.12/site-packages/airflow/example_dags/example_bash_operator.py
[2025-02-03T10:17:17.410+0000] {processor.py:914} INFO - Processing file /home/airflow/.local/lib/python3.12/site-packages/airflow/example_dags/example_bash_operator.py for tasks to queue
[2025-02-03T10:17:17.418+0000] {logging_mixin.py:190} INFO - [2025-02-03T10:17:17.417+0000] {dagbag.py:588} INFO - Filling up the DagBag from /home/airflow/.local/lib/python3.12/site-packages/airflow/example_dags/example_bash_operator.py
[2025-02-03T10:17:17.447+0000] {processor.py:925} INFO - DAG(s) 'example_bash_operator' retrieved from /home/airflow/.local/lib/python3.12/site-packages/airflow/example_dags/example_bash_operator.py
[2025-02-03T10:17:17.529+0000] {logging_mixin.py:190} INFO - [2025-02-03T10:17:17.529+0000] {dag.py:3239} INFO - Sync 1 DAGs
[2025-02-03T10:17:17.583+0000] {logging_mixin.py:190} INFO - [2025-02-03T10:17:17.583+0000] {dag.py:4180} INFO - Setting next_dagrun for example_bash_operator to 2025-02-02 00:00:00+00:00, run_after=2025-02-03 00:00:00+00:00
[2025-02-03T10:17:17.617+0000] {processor.py:208} INFO - Processing /home/airflow/.local/lib/python3.12/site-packages/airflow/example_dags/example_bash_operator.py took 0.249 seconds
[2025-02-03T10:17:47.971+0000] {processor.py:186} INFO - Started process (PID=656) to work on /home/airflow/.local/lib/python3.12/site-packages/airflow/example_dags/example_bash_operator.py
[2025-02-03T10:17:47.973+0000] {processor.py:914} INFO - Processing file /home/airflow/.local/lib/python3.12/site-packages/airflow/example_dags/example_bash_operator.py for tasks to queue
[2025-02-03T10:17:47.975+0000] {logging_mixin.py:190} INFO - [2025-02-03T10:17:47.975+0000] {dagbag.py:588} INFO - Filling up the DagBag from /home/airflow/.local/lib/python3.12/site-packages/airflow/example_dags/example_bash_operator.py
[2025-02-03T10:17:47.987+0000] {processor.py:925} INFO - DAG(s) 'example_bash_operator' retrieved from /home/airflow/.local/lib/python3.12/site-packages/airflow/example_dags/example_bash_operator.py
[2025-02-03T10:17:48.013+0000] {logging_mixin.py:190} INFO - [2025-02-03T10:17:48.013+0000] {dag.py:3239} INFO - Sync 1 DAGs
[2025-02-03T10:17:48.031+0000] {logging_mixin.py:190} INFO - [2025-02-03T10:17:48.031+0000] {dag.py:4180} INFO - Setting next_dagrun for example_bash_operator to 2025-02-02 00:00:00+00:00, run_after=2025-02-03 00:00:00+00:00
[2025-02-03T10:17:48.053+0000] {processor.py:208} INFO - Processing /home/airflow/.local/lib/python3.12/site-packages/airflow/example_dags/example_bash_operator.py took 0.086 seconds
[2025-02-03T10:18:18.162+0000] {processor.py:186} INFO - Started process (PID=721) to work on /home/airflow/.local/lib/python3.12/site-packages/airflow/example_dags/example_bash_operator.py
[2025-02-03T10:18:18.164+0000] {processor.py:914} INFO - Processing file /home/airflow/.local/lib/python3.12/site-packages/airflow/example_dags/example_bash_operator.py for tasks to queue
[2025-02-03T10:18:18.172+0000] {logging_mixin.py:190} INFO - [2025-02-03T10:18:18.171+0000] {dagbag.py:588} INFO - Filling up the DagBag from /home/airflow/.local/lib/python3.12/site-packages/airflow/example_dags/example_bash_operator.py
[2025-02-03T10:18:18.197+0000] {processor.py:925} INFO - DAG(s) 'example_bash_operator' retrieved from /home/airflow/.local/lib/python3.12/site-packages/airflow/example_dags/example_bash_operator.py
[2025-02-03T10:18:18.220+0000] {logging_mixin.py:190} INFO - [2025-02-03T10:18:18.220+0000] {dag.py:3239} INFO - Sync 1 DAGs
[2025-02-03T10:18:18.240+0000] {logging_mixin.py:190} INFO - [2025-02-03T10:18:18.240+0000] {dag.py:4180} INFO - Setting next_dagrun for example_bash_operator to 2025-02-02 00:00:00+00:00, run_after=2025-02-03 00:00:00+00:00
[2025-02-03T10:18:18.258+0000] {processor.py:208} INFO - Processing /home/airflow/.local/lib/python3.12/site-packages/airflow/example_dags/example_bash_operator.py took 0.101 seconds
[2025-02-03T10:18:49.641+0000] {processor.py:186} INFO - Started process (PID=785) to work on /home/airflow/.local/lib/python3.12/site-packages/airflow/example_dags/example_bash_operator.py
[2025-02-03T10:18:49.643+0000] {processor.py:914} INFO - Processing file /home/airflow/.local/lib/python3.12/site-packages/airflow/example_dags/example_bash_operator.py for tasks to queue
[2025-02-03T10:18:49.645+0000] {logging_mixin.py:190} INFO - [2025-02-03T10:18:49.644+0000] {dagbag.py:588} INFO - Filling up the DagBag from /home/airflow/.local/lib/python3.12/site-packages/airflow/example_dags/example_bash_operator.py
[2025-02-03T10:18:49.655+0000] {processor.py:925} INFO - DAG(s) 'example_bash_operator' retrieved from /home/airflow/.local/lib/python3.12/site-packages/airflow/example_dags/example_bash_operator.py
[2025-02-03T10:18:49.676+0000] {logging_mixin.py:190} INFO - [2025-02-03T10:18:49.676+0000] {dag.py:3239} INFO - Sync 1 DAGs
[2025-02-03T10:18:49.695+0000] {logging_mixin.py:190} INFO - [2025-02-03T10:18:49.694+0000] {dag.py:4180} INFO - Setting next_dagrun for example_bash_operator to 2025-02-02 00:00:00+00:00, run_after=2025-02-03 00:00:00+00:00
[2025-02-03T10:18:49.714+0000] {processor.py:208} INFO - Processing /home/airflow/.local/lib/python3.12/site-packages/airflow/example_dags/example_bash_operator.py took 0.078 seconds
[2025-02-03T10:19:22.801+0000] {processor.py:186} INFO - Started process (PID=849) to work on /home/airflow/.local/lib/python3.12/site-packages/airflow/example_dags/example_bash_operator.py
[2025-02-03T10:19:22.803+0000] {processor.py:914} INFO - Processing file /home/airflow/.local/lib/python3.12/site-packages/airflow/example_dags/example_bash_operator.py for tasks to queue
[2025-02-03T10:19:22.806+0000] {logging_mixin.py:190} INFO - [2025-02-03T10:19:22.805+0000] {dagbag.py:588} INFO - Filling up the DagBag from /home/airflow/.local/lib/python3.12/site-packages/airflow/example_dags/example_bash_operator.py
[2025-02-03T10:19:22.816+0000] {processor.py:925} INFO - DAG(s) 'example_bash_operator' retrieved from /home/airflow/.local/lib/python3.12/site-packages/airflow/example_dags/example_bash_operator.py
[2025-02-03T10:19:22.838+0000] {logging_mixin.py:190} INFO - [2025-02-03T10:19:22.838+0000] {dag.py:3239} INFO - Sync 1 DAGs
[2025-02-03T10:19:22.857+0000] {logging_mixin.py:190} INFO - [2025-02-03T10:19:22.857+0000] {dag.py:4180} INFO - Setting next_dagrun for example_bash_operator to 2025-02-02 00:00:00+00:00, run_after=2025-02-03 00:00:00+00:00
[2025-02-03T10:19:22.872+0000] {processor.py:208} INFO - Processing /home/airflow/.local/lib/python3.12/site-packages/airflow/example_dags/example_bash_operator.py took 0.075 seconds
[2025-02-03T10:19:55.614+0000] {processor.py:186} INFO - Started process (PID=913) to work on /home/airflow/.local/lib/python3.12/site-packages/airflow/example_dags/example_bash_operator.py
[2025-02-03T10:19:55.615+0000] {processor.py:914} INFO - Processing file /home/airflow/.local/lib/python3.12/site-packages/airflow/example_dags/example_bash_operator.py for tasks to queue
[2025-02-03T10:19:55.618+0000] {logging_mixin.py:190} INFO - [2025-02-03T10:19:55.618+0000] {dagbag.py:588} INFO - Filling up the DagBag from /home/airflow/.local/lib/python3.12/site-packages/airflow/example_dags/example_bash_operator.py
[2025-02-03T10:19:55.632+0000] {processor.py:925} INFO - DAG(s) 'example_bash_operator' retrieved from /home/airflow/.local/lib/python3.12/site-packages/airflow/example_dags/example_bash_operator.py
[2025-02-03T10:19:55.664+0000] {logging_mixin.py:190} INFO - [2025-02-03T10:19:55.664+0000] {dag.py:3239} INFO - Sync 1 DAGs
[2025-02-03T10:19:55.713+0000] {logging_mixin.py:190} INFO - [2025-02-03T10:19:55.712+0000] {dag.py:4180} INFO - Setting next_dagrun for example_bash_operator to 2025-02-02 00:00:00+00:00, run_after=2025-02-03 00:00:00+00:00
[2025-02-03T10:19:55.736+0000] {processor.py:208} INFO - Processing /home/airflow/.local/lib/python3.12/site-packages/airflow/example_dags/example_bash_operator.py took 0.128 seconds
