[2025-02-03T09:44:36.695+0000] {processor.py:186} INFO - Started process (PID=86) to work on /home/airflow/.local/lib/python3.12/site-packages/airflow/example_dags/example_xcomargs.py
[2025-02-03T09:44:36.696+0000] {processor.py:914} INFO - Processing file /home/airflow/.local/lib/python3.12/site-packages/airflow/example_dags/example_xcomargs.py for tasks to queue
[2025-02-03T09:44:36.699+0000] {logging_mixin.py:190} INFO - [2025-02-03T09:44:36.698+0000] {dagbag.py:588} INFO - Filling up the DagBag from /home/airflow/.local/lib/python3.12/site-packages/airflow/example_dags/example_xcomargs.py
[2025-02-03T09:44:36.707+0000] {processor.py:925} INFO - DAG(s) 'example_xcom_args', 'example_xcom_args_with_operators' retrieved from /home/airflow/.local/lib/python3.12/site-packages/airflow/example_dags/example_xcomargs.py
[2025-02-03T09:44:36.798+0000] {logging_mixin.py:190} INFO - [2025-02-03T09:44:36.797+0000] {override.py:1911} INFO - Created Permission View: can edit on DAG:example_xcom_args
[2025-02-03T09:44:36.810+0000] {logging_mixin.py:190} INFO - [2025-02-03T09:44:36.810+0000] {override.py:1911} INFO - Created Permission View: can read on DAG:example_xcom_args
[2025-02-03T09:44:36.820+0000] {logging_mixin.py:190} INFO - [2025-02-03T09:44:36.820+0000] {override.py:1911} INFO - Created Permission View: can delete on DAG:example_xcom_args
[2025-02-03T09:44:36.827+0000] {logging_mixin.py:190} INFO - [2025-02-03T09:44:36.827+0000] {override.py:1911} INFO - Created Permission View: can read on DAG Run:example_xcom_args
[2025-02-03T09:44:36.832+0000] {logging_mixin.py:190} INFO - [2025-02-03T09:44:36.832+0000] {override.py:1911} INFO - Created Permission View: can delete on DAG Run:example_xcom_args
[2025-02-03T09:44:36.838+0000] {logging_mixin.py:190} INFO - [2025-02-03T09:44:36.837+0000] {override.py:1911} INFO - Created Permission View: can create on DAG Run:example_xcom_args
[2025-02-03T09:44:36.843+0000] {logging_mixin.py:190} INFO - [2025-02-03T09:44:36.843+0000] {override.py:1911} INFO - Created Permission View: menu access on DAG Run:example_xcom_args
[2025-02-03T09:44:36.853+0000] {logging_mixin.py:190} INFO - [2025-02-03T09:44:36.853+0000] {override.py:1911} INFO - Created Permission View: can edit on DAG:example_xcom_args_with_operators
[2025-02-03T09:44:36.863+0000] {logging_mixin.py:190} INFO - [2025-02-03T09:44:36.862+0000] {override.py:1911} INFO - Created Permission View: can read on DAG:example_xcom_args_with_operators
[2025-02-03T09:44:36.870+0000] {logging_mixin.py:190} INFO - [2025-02-03T09:44:36.870+0000] {override.py:1911} INFO - Created Permission View: can delete on DAG:example_xcom_args_with_operators
[2025-02-03T09:44:36.876+0000] {logging_mixin.py:190} INFO - [2025-02-03T09:44:36.876+0000] {override.py:1911} INFO - Created Permission View: can read on DAG Run:example_xcom_args_with_operators
[2025-02-03T09:44:36.882+0000] {logging_mixin.py:190} INFO - [2025-02-03T09:44:36.881+0000] {override.py:1911} INFO - Created Permission View: can delete on DAG Run:example_xcom_args_with_operators
[2025-02-03T09:44:36.888+0000] {logging_mixin.py:190} INFO - [2025-02-03T09:44:36.887+0000] {override.py:1911} INFO - Created Permission View: can create on DAG Run:example_xcom_args_with_operators
[2025-02-03T09:44:36.896+0000] {logging_mixin.py:190} INFO - [2025-02-03T09:44:36.895+0000] {override.py:1911} INFO - Created Permission View: menu access on DAG Run:example_xcom_args_with_operators
[2025-02-03T09:44:36.896+0000] {logging_mixin.py:190} INFO - [2025-02-03T09:44:36.896+0000] {dag.py:3239} INFO - Sync 2 DAGs
[2025-02-03T09:44:36.907+0000] {logging_mixin.py:190} INFO - [2025-02-03T09:44:36.907+0000] {dag.py:3262} INFO - Creating ORM DAG for example_xcom_args
[2025-02-03T09:44:36.910+0000] {logging_mixin.py:190} INFO - [2025-02-03T09:44:36.910+0000] {dag.py:3262} INFO - Creating ORM DAG for example_xcom_args_with_operators
[2025-02-03T09:44:36.912+0000] {logging_mixin.py:190} INFO - [2025-02-03T09:44:36.911+0000] {dag.py:4180} INFO - Setting next_dagrun for example_xcom_args to None, run_after=None
[2025-02-03T09:44:36.912+0000] {logging_mixin.py:190} INFO - [2025-02-03T09:44:36.912+0000] {dag.py:4180} INFO - Setting next_dagrun for example_xcom_args_with_operators to None, run_after=None
[2025-02-03T09:44:36.928+0000] {processor.py:208} INFO - Processing /home/airflow/.local/lib/python3.12/site-packages/airflow/example_dags/example_xcomargs.py took 0.238 seconds
[2025-02-03T09:45:16.446+0000] {processor.py:186} INFO - Started process (PID=148) to work on /home/airflow/.local/lib/python3.12/site-packages/airflow/example_dags/example_xcomargs.py
[2025-02-03T09:45:16.448+0000] {processor.py:914} INFO - Processing file /home/airflow/.local/lib/python3.12/site-packages/airflow/example_dags/example_xcomargs.py for tasks to queue
[2025-02-03T09:45:16.452+0000] {logging_mixin.py:190} INFO - [2025-02-03T09:45:16.452+0000] {dagbag.py:588} INFO - Filling up the DagBag from /home/airflow/.local/lib/python3.12/site-packages/airflow/example_dags/example_xcomargs.py
[2025-02-03T09:45:16.466+0000] {processor.py:925} INFO - DAG(s) 'example_xcom_args', 'example_xcom_args_with_operators' retrieved from /home/airflow/.local/lib/python3.12/site-packages/airflow/example_dags/example_xcomargs.py
[2025-02-03T09:45:16.503+0000] {logging_mixin.py:190} INFO - [2025-02-03T09:45:16.503+0000] {dag.py:3239} INFO - Sync 2 DAGs
[2025-02-03T09:45:16.519+0000] {logging_mixin.py:190} INFO - [2025-02-03T09:45:16.518+0000] {dag.py:4180} INFO - Setting next_dagrun for example_xcom_args to None, run_after=None
[2025-02-03T09:45:16.524+0000] {logging_mixin.py:190} INFO - [2025-02-03T09:45:16.523+0000] {dag.py:4180} INFO - Setting next_dagrun for example_xcom_args_with_operators to None, run_after=None
[2025-02-03T09:45:16.549+0000] {processor.py:208} INFO - Processing /home/airflow/.local/lib/python3.12/site-packages/airflow/example_dags/example_xcomargs.py took 0.111 seconds
[2025-02-03T09:45:47.046+0000] {processor.py:186} INFO - Started process (PID=211) to work on /home/airflow/.local/lib/python3.12/site-packages/airflow/example_dags/example_xcomargs.py
[2025-02-03T09:45:47.048+0000] {processor.py:914} INFO - Processing file /home/airflow/.local/lib/python3.12/site-packages/airflow/example_dags/example_xcomargs.py for tasks to queue
[2025-02-03T09:45:47.051+0000] {logging_mixin.py:190} INFO - [2025-02-03T09:45:47.051+0000] {dagbag.py:588} INFO - Filling up the DagBag from /home/airflow/.local/lib/python3.12/site-packages/airflow/example_dags/example_xcomargs.py
[2025-02-03T09:45:47.065+0000] {processor.py:925} INFO - DAG(s) 'example_xcom_args', 'example_xcom_args_with_operators' retrieved from /home/airflow/.local/lib/python3.12/site-packages/airflow/example_dags/example_xcomargs.py
[2025-02-03T09:45:47.089+0000] {logging_mixin.py:190} INFO - [2025-02-03T09:45:47.089+0000] {dag.py:3239} INFO - Sync 2 DAGs
[2025-02-03T09:45:47.104+0000] {logging_mixin.py:190} INFO - [2025-02-03T09:45:47.104+0000] {dag.py:4180} INFO - Setting next_dagrun for example_xcom_args to None, run_after=None
[2025-02-03T09:45:47.109+0000] {logging_mixin.py:190} INFO - [2025-02-03T09:45:47.109+0000] {dag.py:4180} INFO - Setting next_dagrun for example_xcom_args_with_operators to None, run_after=None
[2025-02-03T09:45:47.141+0000] {processor.py:208} INFO - Processing /home/airflow/.local/lib/python3.12/site-packages/airflow/example_dags/example_xcomargs.py took 0.102 seconds
[2025-02-03T09:46:19.820+0000] {processor.py:186} INFO - Started process (PID=274) to work on /home/airflow/.local/lib/python3.12/site-packages/airflow/example_dags/example_xcomargs.py
[2025-02-03T09:46:19.823+0000] {processor.py:914} INFO - Processing file /home/airflow/.local/lib/python3.12/site-packages/airflow/example_dags/example_xcomargs.py for tasks to queue
[2025-02-03T09:46:19.825+0000] {logging_mixin.py:190} INFO - [2025-02-03T09:46:19.825+0000] {dagbag.py:588} INFO - Filling up the DagBag from /home/airflow/.local/lib/python3.12/site-packages/airflow/example_dags/example_xcomargs.py
[2025-02-03T09:46:19.836+0000] {processor.py:925} INFO - DAG(s) 'example_xcom_args', 'example_xcom_args_with_operators' retrieved from /home/airflow/.local/lib/python3.12/site-packages/airflow/example_dags/example_xcomargs.py
[2025-02-03T09:46:19.854+0000] {logging_mixin.py:190} INFO - [2025-02-03T09:46:19.854+0000] {dag.py:3239} INFO - Sync 2 DAGs
[2025-02-03T09:46:19.866+0000] {logging_mixin.py:190} INFO - [2025-02-03T09:46:19.866+0000] {dag.py:4180} INFO - Setting next_dagrun for example_xcom_args to None, run_after=None
[2025-02-03T09:46:19.870+0000] {logging_mixin.py:190} INFO - [2025-02-03T09:46:19.870+0000] {dag.py:4180} INFO - Setting next_dagrun for example_xcom_args_with_operators to None, run_after=None
[2025-02-03T09:46:19.883+0000] {processor.py:208} INFO - Processing /home/airflow/.local/lib/python3.12/site-packages/airflow/example_dags/example_xcomargs.py took 0.068 seconds
[2025-02-03T09:55:26.205+0000] {processor.py:186} INFO - Started process (PID=87) to work on /home/airflow/.local/lib/python3.12/site-packages/airflow/example_dags/example_xcomargs.py
[2025-02-03T09:55:26.213+0000] {processor.py:914} INFO - Processing file /home/airflow/.local/lib/python3.12/site-packages/airflow/example_dags/example_xcomargs.py for tasks to queue
[2025-02-03T09:55:26.215+0000] {logging_mixin.py:190} INFO - [2025-02-03T09:55:26.215+0000] {dagbag.py:588} INFO - Filling up the DagBag from /home/airflow/.local/lib/python3.12/site-packages/airflow/example_dags/example_xcomargs.py
[2025-02-03T09:55:26.225+0000] {processor.py:925} INFO - DAG(s) 'example_xcom_args_with_operators', 'example_xcom_args' retrieved from /home/airflow/.local/lib/python3.12/site-packages/airflow/example_dags/example_xcomargs.py
[2025-02-03T09:55:26.264+0000] {logging_mixin.py:190} INFO - [2025-02-03T09:55:26.263+0000] {dag.py:3239} INFO - Sync 2 DAGs
[2025-02-03T09:55:26.290+0000] {logging_mixin.py:190} INFO - [2025-02-03T09:55:26.290+0000] {dag.py:4180} INFO - Setting next_dagrun for example_xcom_args to None, run_after=None
[2025-02-03T09:55:26.295+0000] {logging_mixin.py:190} INFO - [2025-02-03T09:55:26.295+0000] {dag.py:4180} INFO - Setting next_dagrun for example_xcom_args_with_operators to None, run_after=None
[2025-02-03T09:55:26.337+0000] {processor.py:208} INFO - Processing /home/airflow/.local/lib/python3.12/site-packages/airflow/example_dags/example_xcomargs.py took 0.137 seconds
[2025-02-03T09:55:56.772+0000] {processor.py:186} INFO - Started process (PID=151) to work on /home/airflow/.local/lib/python3.12/site-packages/airflow/example_dags/example_xcomargs.py
[2025-02-03T09:55:56.778+0000] {processor.py:914} INFO - Processing file /home/airflow/.local/lib/python3.12/site-packages/airflow/example_dags/example_xcomargs.py for tasks to queue
[2025-02-03T09:55:56.780+0000] {logging_mixin.py:190} INFO - [2025-02-03T09:55:56.780+0000] {dagbag.py:588} INFO - Filling up the DagBag from /home/airflow/.local/lib/python3.12/site-packages/airflow/example_dags/example_xcomargs.py
[2025-02-03T09:55:56.791+0000] {processor.py:925} INFO - DAG(s) 'example_xcom_args', 'example_xcom_args_with_operators' retrieved from /home/airflow/.local/lib/python3.12/site-packages/airflow/example_dags/example_xcomargs.py
[2025-02-03T09:55:56.811+0000] {logging_mixin.py:190} INFO - [2025-02-03T09:55:56.811+0000] {dag.py:3239} INFO - Sync 2 DAGs
[2025-02-03T09:55:56.824+0000] {logging_mixin.py:190} INFO - [2025-02-03T09:55:56.824+0000] {dag.py:4180} INFO - Setting next_dagrun for example_xcom_args to None, run_after=None
[2025-02-03T09:55:56.829+0000] {logging_mixin.py:190} INFO - [2025-02-03T09:55:56.828+0000] {dag.py:4180} INFO - Setting next_dagrun for example_xcom_args_with_operators to None, run_after=None
[2025-02-03T09:55:56.845+0000] {processor.py:208} INFO - Processing /home/airflow/.local/lib/python3.12/site-packages/airflow/example_dags/example_xcomargs.py took 0.083 seconds
[2025-02-03T09:56:27.720+0000] {processor.py:186} INFO - Started process (PID=215) to work on /home/airflow/.local/lib/python3.12/site-packages/airflow/example_dags/example_xcomargs.py
[2025-02-03T09:56:27.721+0000] {processor.py:914} INFO - Processing file /home/airflow/.local/lib/python3.12/site-packages/airflow/example_dags/example_xcomargs.py for tasks to queue
[2025-02-03T09:56:27.726+0000] {logging_mixin.py:190} INFO - [2025-02-03T09:56:27.726+0000] {dagbag.py:588} INFO - Filling up the DagBag from /home/airflow/.local/lib/python3.12/site-packages/airflow/example_dags/example_xcomargs.py
[2025-02-03T09:56:27.740+0000] {processor.py:925} INFO - DAG(s) 'example_xcom_args', 'example_xcom_args_with_operators' retrieved from /home/airflow/.local/lib/python3.12/site-packages/airflow/example_dags/example_xcomargs.py
[2025-02-03T09:56:27.761+0000] {logging_mixin.py:190} INFO - [2025-02-03T09:56:27.761+0000] {dag.py:3239} INFO - Sync 2 DAGs
[2025-02-03T09:56:27.776+0000] {logging_mixin.py:190} INFO - [2025-02-03T09:56:27.776+0000] {dag.py:4180} INFO - Setting next_dagrun for example_xcom_args to None, run_after=None
[2025-02-03T09:56:27.783+0000] {logging_mixin.py:190} INFO - [2025-02-03T09:56:27.783+0000] {dag.py:4180} INFO - Setting next_dagrun for example_xcom_args_with_operators to None, run_after=None
[2025-02-03T09:56:27.807+0000] {processor.py:208} INFO - Processing /home/airflow/.local/lib/python3.12/site-packages/airflow/example_dags/example_xcomargs.py took 0.092 seconds
[2025-02-03T09:56:58.336+0000] {processor.py:186} INFO - Started process (PID=279) to work on /home/airflow/.local/lib/python3.12/site-packages/airflow/example_dags/example_xcomargs.py
[2025-02-03T09:56:58.337+0000] {processor.py:914} INFO - Processing file /home/airflow/.local/lib/python3.12/site-packages/airflow/example_dags/example_xcomargs.py for tasks to queue
[2025-02-03T09:56:58.340+0000] {logging_mixin.py:190} INFO - [2025-02-03T09:56:58.340+0000] {dagbag.py:588} INFO - Filling up the DagBag from /home/airflow/.local/lib/python3.12/site-packages/airflow/example_dags/example_xcomargs.py
[2025-02-03T09:56:58.351+0000] {processor.py:925} INFO - DAG(s) 'example_xcom_args_with_operators', 'example_xcom_args' retrieved from /home/airflow/.local/lib/python3.12/site-packages/airflow/example_dags/example_xcomargs.py
[2025-02-03T09:56:58.385+0000] {logging_mixin.py:190} INFO - [2025-02-03T09:56:58.385+0000] {dag.py:3239} INFO - Sync 2 DAGs
[2025-02-03T09:56:58.417+0000] {logging_mixin.py:190} INFO - [2025-02-03T09:56:58.417+0000] {dag.py:4180} INFO - Setting next_dagrun for example_xcom_args to None, run_after=None
[2025-02-03T09:56:58.440+0000] {logging_mixin.py:190} INFO - [2025-02-03T09:56:58.440+0000] {dag.py:4180} INFO - Setting next_dagrun for example_xcom_args_with_operators to None, run_after=None
[2025-02-03T09:56:58.461+0000] {processor.py:208} INFO - Processing /home/airflow/.local/lib/python3.12/site-packages/airflow/example_dags/example_xcomargs.py took 0.130 seconds
[2025-02-03T09:57:34.285+0000] {processor.py:186} INFO - Started process (PID=343) to work on /home/airflow/.local/lib/python3.12/site-packages/airflow/example_dags/example_xcomargs.py
[2025-02-03T09:57:34.286+0000] {processor.py:914} INFO - Processing file /home/airflow/.local/lib/python3.12/site-packages/airflow/example_dags/example_xcomargs.py for tasks to queue
[2025-02-03T09:57:34.289+0000] {logging_mixin.py:190} INFO - [2025-02-03T09:57:34.289+0000] {dagbag.py:588} INFO - Filling up the DagBag from /home/airflow/.local/lib/python3.12/site-packages/airflow/example_dags/example_xcomargs.py
[2025-02-03T09:57:34.299+0000] {processor.py:925} INFO - DAG(s) 'example_xcom_args_with_operators', 'example_xcom_args' retrieved from /home/airflow/.local/lib/python3.12/site-packages/airflow/example_dags/example_xcomargs.py
[2025-02-03T09:57:34.319+0000] {logging_mixin.py:190} INFO - [2025-02-03T09:57:34.319+0000] {dag.py:3239} INFO - Sync 2 DAGs
[2025-02-03T09:57:34.333+0000] {logging_mixin.py:190} INFO - [2025-02-03T09:57:34.333+0000] {dag.py:4180} INFO - Setting next_dagrun for example_xcom_args to None, run_after=None
[2025-02-03T09:57:34.337+0000] {logging_mixin.py:190} INFO - [2025-02-03T09:57:34.337+0000] {dag.py:4180} INFO - Setting next_dagrun for example_xcom_args_with_operators to None, run_after=None
[2025-02-03T09:57:34.357+0000] {processor.py:208} INFO - Processing /home/airflow/.local/lib/python3.12/site-packages/airflow/example_dags/example_xcomargs.py took 0.077 seconds
[2025-02-03T09:58:08.069+0000] {processor.py:186} INFO - Started process (PID=413) to work on /home/airflow/.local/lib/python3.12/site-packages/airflow/example_dags/example_xcomargs.py
[2025-02-03T09:58:08.071+0000] {processor.py:914} INFO - Processing file /home/airflow/.local/lib/python3.12/site-packages/airflow/example_dags/example_xcomargs.py for tasks to queue
[2025-02-03T09:58:08.074+0000] {logging_mixin.py:190} INFO - [2025-02-03T09:58:08.073+0000] {dagbag.py:588} INFO - Filling up the DagBag from /home/airflow/.local/lib/python3.12/site-packages/airflow/example_dags/example_xcomargs.py
[2025-02-03T09:58:08.086+0000] {processor.py:925} INFO - DAG(s) 'example_xcom_args_with_operators', 'example_xcom_args' retrieved from /home/airflow/.local/lib/python3.12/site-packages/airflow/example_dags/example_xcomargs.py
[2025-02-03T09:58:08.111+0000] {logging_mixin.py:190} INFO - [2025-02-03T09:58:08.111+0000] {dag.py:3239} INFO - Sync 2 DAGs
[2025-02-03T09:58:08.130+0000] {logging_mixin.py:190} INFO - [2025-02-03T09:58:08.130+0000] {dag.py:4180} INFO - Setting next_dagrun for example_xcom_args to None, run_after=None
[2025-02-03T09:58:08.136+0000] {logging_mixin.py:190} INFO - [2025-02-03T09:58:08.136+0000] {dag.py:4180} INFO - Setting next_dagrun for example_xcom_args_with_operators to None, run_after=None
[2025-02-03T09:58:08.156+0000] {processor.py:208} INFO - Processing /home/airflow/.local/lib/python3.12/site-packages/airflow/example_dags/example_xcomargs.py took 0.098 seconds
[2025-02-03T09:58:40.154+0000] {processor.py:186} INFO - Started process (PID=478) to work on /home/airflow/.local/lib/python3.12/site-packages/airflow/example_dags/example_xcomargs.py
[2025-02-03T09:58:40.159+0000] {processor.py:914} INFO - Processing file /home/airflow/.local/lib/python3.12/site-packages/airflow/example_dags/example_xcomargs.py for tasks to queue
[2025-02-03T09:58:40.166+0000] {logging_mixin.py:190} INFO - [2025-02-03T09:58:40.166+0000] {dagbag.py:588} INFO - Filling up the DagBag from /home/airflow/.local/lib/python3.12/site-packages/airflow/example_dags/example_xcomargs.py
[2025-02-03T09:58:40.232+0000] {processor.py:925} INFO - DAG(s) 'example_xcom_args_with_operators', 'example_xcom_args' retrieved from /home/airflow/.local/lib/python3.12/site-packages/airflow/example_dags/example_xcomargs.py
[2025-02-03T09:58:40.331+0000] {logging_mixin.py:190} INFO - [2025-02-03T09:58:40.330+0000] {dag.py:3239} INFO - Sync 2 DAGs
[2025-02-03T09:58:40.406+0000] {logging_mixin.py:190} INFO - [2025-02-03T09:58:40.406+0000] {dag.py:4180} INFO - Setting next_dagrun for example_xcom_args to None, run_after=None
[2025-02-03T09:58:40.419+0000] {logging_mixin.py:190} INFO - [2025-02-03T09:58:40.418+0000] {dag.py:4180} INFO - Setting next_dagrun for example_xcom_args_with_operators to None, run_after=None
[2025-02-03T09:58:40.494+0000] {processor.py:208} INFO - Processing /home/airflow/.local/lib/python3.12/site-packages/airflow/example_dags/example_xcomargs.py took 0.369 seconds
[2025-02-03T09:59:11.418+0000] {processor.py:186} INFO - Started process (PID=543) to work on /home/airflow/.local/lib/python3.12/site-packages/airflow/example_dags/example_xcomargs.py
[2025-02-03T09:59:11.420+0000] {processor.py:914} INFO - Processing file /home/airflow/.local/lib/python3.12/site-packages/airflow/example_dags/example_xcomargs.py for tasks to queue
[2025-02-03T09:59:11.422+0000] {logging_mixin.py:190} INFO - [2025-02-03T09:59:11.422+0000] {dagbag.py:588} INFO - Filling up the DagBag from /home/airflow/.local/lib/python3.12/site-packages/airflow/example_dags/example_xcomargs.py
[2025-02-03T09:59:11.431+0000] {processor.py:925} INFO - DAG(s) 'example_xcom_args', 'example_xcom_args_with_operators' retrieved from /home/airflow/.local/lib/python3.12/site-packages/airflow/example_dags/example_xcomargs.py
[2025-02-03T09:59:11.455+0000] {logging_mixin.py:190} INFO - [2025-02-03T09:59:11.455+0000] {dag.py:3239} INFO - Sync 2 DAGs
[2025-02-03T09:59:11.468+0000] {logging_mixin.py:190} INFO - [2025-02-03T09:59:11.467+0000] {dag.py:4180} INFO - Setting next_dagrun for example_xcom_args to None, run_after=None
[2025-02-03T09:59:11.471+0000] {logging_mixin.py:190} INFO - [2025-02-03T09:59:11.471+0000] {dag.py:4180} INFO - Setting next_dagrun for example_xcom_args_with_operators to None, run_after=None
[2025-02-03T09:59:11.490+0000] {processor.py:208} INFO - Processing /home/airflow/.local/lib/python3.12/site-packages/airflow/example_dags/example_xcomargs.py took 0.076 seconds
[2025-02-03T09:59:42.027+0000] {processor.py:186} INFO - Started process (PID=607) to work on /home/airflow/.local/lib/python3.12/site-packages/airflow/example_dags/example_xcomargs.py
[2025-02-03T09:59:42.028+0000] {processor.py:914} INFO - Processing file /home/airflow/.local/lib/python3.12/site-packages/airflow/example_dags/example_xcomargs.py for tasks to queue
[2025-02-03T09:59:42.031+0000] {logging_mixin.py:190} INFO - [2025-02-03T09:59:42.030+0000] {dagbag.py:588} INFO - Filling up the DagBag from /home/airflow/.local/lib/python3.12/site-packages/airflow/example_dags/example_xcomargs.py
[2025-02-03T09:59:42.040+0000] {processor.py:925} INFO - DAG(s) 'example_xcom_args', 'example_xcom_args_with_operators' retrieved from /home/airflow/.local/lib/python3.12/site-packages/airflow/example_dags/example_xcomargs.py
[2025-02-03T09:59:42.064+0000] {logging_mixin.py:190} INFO - [2025-02-03T09:59:42.063+0000] {dag.py:3239} INFO - Sync 2 DAGs
[2025-02-03T09:59:42.077+0000] {logging_mixin.py:190} INFO - [2025-02-03T09:59:42.076+0000] {dag.py:4180} INFO - Setting next_dagrun for example_xcom_args to None, run_after=None
[2025-02-03T09:59:42.082+0000] {logging_mixin.py:190} INFO - [2025-02-03T09:59:42.081+0000] {dag.py:4180} INFO - Setting next_dagrun for example_xcom_args_with_operators to None, run_after=None
[2025-02-03T09:59:42.097+0000] {processor.py:208} INFO - Processing /home/airflow/.local/lib/python3.12/site-packages/airflow/example_dags/example_xcomargs.py took 0.075 seconds
[2025-02-03T10:00:14.093+0000] {processor.py:186} INFO - Started process (PID=671) to work on /home/airflow/.local/lib/python3.12/site-packages/airflow/example_dags/example_xcomargs.py
[2025-02-03T10:00:14.096+0000] {processor.py:914} INFO - Processing file /home/airflow/.local/lib/python3.12/site-packages/airflow/example_dags/example_xcomargs.py for tasks to queue
[2025-02-03T10:00:14.100+0000] {logging_mixin.py:190} INFO - [2025-02-03T10:00:14.099+0000] {dagbag.py:588} INFO - Filling up the DagBag from /home/airflow/.local/lib/python3.12/site-packages/airflow/example_dags/example_xcomargs.py
[2025-02-03T10:00:14.122+0000] {processor.py:925} INFO - DAG(s) 'example_xcom_args_with_operators', 'example_xcom_args' retrieved from /home/airflow/.local/lib/python3.12/site-packages/airflow/example_dags/example_xcomargs.py
[2025-02-03T10:00:14.155+0000] {logging_mixin.py:190} INFO - [2025-02-03T10:00:14.153+0000] {dag.py:3239} INFO - Sync 2 DAGs
[2025-02-03T10:00:14.182+0000] {logging_mixin.py:190} INFO - [2025-02-03T10:00:14.182+0000] {dag.py:4180} INFO - Setting next_dagrun for example_xcom_args to None, run_after=None
[2025-02-03T10:00:14.191+0000] {logging_mixin.py:190} INFO - [2025-02-03T10:00:14.191+0000] {dag.py:4180} INFO - Setting next_dagrun for example_xcom_args_with_operators to None, run_after=None
[2025-02-03T10:00:14.224+0000] {processor.py:208} INFO - Processing /home/airflow/.local/lib/python3.12/site-packages/airflow/example_dags/example_xcomargs.py took 0.135 seconds
[2025-02-03T10:00:44.572+0000] {processor.py:186} INFO - Started process (PID=735) to work on /home/airflow/.local/lib/python3.12/site-packages/airflow/example_dags/example_xcomargs.py
[2025-02-03T10:00:44.574+0000] {processor.py:914} INFO - Processing file /home/airflow/.local/lib/python3.12/site-packages/airflow/example_dags/example_xcomargs.py for tasks to queue
[2025-02-03T10:00:44.576+0000] {logging_mixin.py:190} INFO - [2025-02-03T10:00:44.576+0000] {dagbag.py:588} INFO - Filling up the DagBag from /home/airflow/.local/lib/python3.12/site-packages/airflow/example_dags/example_xcomargs.py
[2025-02-03T10:00:44.585+0000] {processor.py:925} INFO - DAG(s) 'example_xcom_args_with_operators', 'example_xcom_args' retrieved from /home/airflow/.local/lib/python3.12/site-packages/airflow/example_dags/example_xcomargs.py
[2025-02-03T10:00:44.605+0000] {logging_mixin.py:190} INFO - [2025-02-03T10:00:44.605+0000] {dag.py:3239} INFO - Sync 2 DAGs
[2025-02-03T10:00:44.619+0000] {logging_mixin.py:190} INFO - [2025-02-03T10:00:44.619+0000] {dag.py:4180} INFO - Setting next_dagrun for example_xcom_args to None, run_after=None
[2025-02-03T10:00:44.623+0000] {logging_mixin.py:190} INFO - [2025-02-03T10:00:44.623+0000] {dag.py:4180} INFO - Setting next_dagrun for example_xcom_args_with_operators to None, run_after=None
[2025-02-03T10:00:44.637+0000] {processor.py:208} INFO - Processing /home/airflow/.local/lib/python3.12/site-packages/airflow/example_dags/example_xcomargs.py took 0.072 seconds
[2025-02-03T10:01:15.677+0000] {processor.py:186} INFO - Started process (PID=793) to work on /home/airflow/.local/lib/python3.12/site-packages/airflow/example_dags/example_xcomargs.py
[2025-02-03T10:01:15.679+0000] {processor.py:914} INFO - Processing file /home/airflow/.local/lib/python3.12/site-packages/airflow/example_dags/example_xcomargs.py for tasks to queue
[2025-02-03T10:01:15.681+0000] {logging_mixin.py:190} INFO - [2025-02-03T10:01:15.681+0000] {dagbag.py:588} INFO - Filling up the DagBag from /home/airflow/.local/lib/python3.12/site-packages/airflow/example_dags/example_xcomargs.py
[2025-02-03T10:01:15.693+0000] {processor.py:925} INFO - DAG(s) 'example_xcom_args_with_operators', 'example_xcom_args' retrieved from /home/airflow/.local/lib/python3.12/site-packages/airflow/example_dags/example_xcomargs.py
[2025-02-03T10:01:15.716+0000] {logging_mixin.py:190} INFO - [2025-02-03T10:01:15.715+0000] {dag.py:3239} INFO - Sync 2 DAGs
[2025-02-03T10:01:15.732+0000] {logging_mixin.py:190} INFO - [2025-02-03T10:01:15.731+0000] {dag.py:4180} INFO - Setting next_dagrun for example_xcom_args to None, run_after=None
[2025-02-03T10:01:15.735+0000] {logging_mixin.py:190} INFO - [2025-02-03T10:01:15.735+0000] {dag.py:4180} INFO - Setting next_dagrun for example_xcom_args_with_operators to None, run_after=None
[2025-02-03T10:01:15.793+0000] {processor.py:208} INFO - Processing /home/airflow/.local/lib/python3.12/site-packages/airflow/example_dags/example_xcomargs.py took 0.121 seconds
[2025-02-03T10:01:47.979+0000] {processor.py:186} INFO - Started process (PID=869) to work on /home/airflow/.local/lib/python3.12/site-packages/airflow/example_dags/example_xcomargs.py
[2025-02-03T10:01:47.981+0000] {processor.py:914} INFO - Processing file /home/airflow/.local/lib/python3.12/site-packages/airflow/example_dags/example_xcomargs.py for tasks to queue
[2025-02-03T10:01:47.983+0000] {logging_mixin.py:190} INFO - [2025-02-03T10:01:47.982+0000] {dagbag.py:588} INFO - Filling up the DagBag from /home/airflow/.local/lib/python3.12/site-packages/airflow/example_dags/example_xcomargs.py
[2025-02-03T10:01:47.992+0000] {processor.py:925} INFO - DAG(s) 'example_xcom_args', 'example_xcom_args_with_operators' retrieved from /home/airflow/.local/lib/python3.12/site-packages/airflow/example_dags/example_xcomargs.py
[2025-02-03T10:01:48.016+0000] {logging_mixin.py:190} INFO - [2025-02-03T10:01:48.015+0000] {dag.py:3239} INFO - Sync 2 DAGs
[2025-02-03T10:01:48.030+0000] {logging_mixin.py:190} INFO - [2025-02-03T10:01:48.030+0000] {dag.py:4180} INFO - Setting next_dagrun for example_xcom_args to None, run_after=None
[2025-02-03T10:01:48.033+0000] {logging_mixin.py:190} INFO - [2025-02-03T10:01:48.033+0000] {dag.py:4180} INFO - Setting next_dagrun for example_xcom_args_with_operators to None, run_after=None
[2025-02-03T10:01:48.048+0000] {processor.py:208} INFO - Processing /home/airflow/.local/lib/python3.12/site-packages/airflow/example_dags/example_xcomargs.py took 0.076 seconds
[2025-02-03T10:02:20.189+0000] {processor.py:186} INFO - Started process (PID=933) to work on /home/airflow/.local/lib/python3.12/site-packages/airflow/example_dags/example_xcomargs.py
[2025-02-03T10:02:20.190+0000] {processor.py:914} INFO - Processing file /home/airflow/.local/lib/python3.12/site-packages/airflow/example_dags/example_xcomargs.py for tasks to queue
[2025-02-03T10:02:20.193+0000] {logging_mixin.py:190} INFO - [2025-02-03T10:02:20.193+0000] {dagbag.py:588} INFO - Filling up the DagBag from /home/airflow/.local/lib/python3.12/site-packages/airflow/example_dags/example_xcomargs.py
[2025-02-03T10:02:20.205+0000] {processor.py:925} INFO - DAG(s) 'example_xcom_args', 'example_xcom_args_with_operators' retrieved from /home/airflow/.local/lib/python3.12/site-packages/airflow/example_dags/example_xcomargs.py
[2025-02-03T10:02:20.226+0000] {logging_mixin.py:190} INFO - [2025-02-03T10:02:20.225+0000] {dag.py:3239} INFO - Sync 2 DAGs
[2025-02-03T10:02:20.249+0000] {logging_mixin.py:190} INFO - [2025-02-03T10:02:20.249+0000] {dag.py:4180} INFO - Setting next_dagrun for example_xcom_args to None, run_after=None
[2025-02-03T10:02:20.255+0000] {logging_mixin.py:190} INFO - [2025-02-03T10:02:20.254+0000] {dag.py:4180} INFO - Setting next_dagrun for example_xcom_args_with_operators to None, run_after=None
[2025-02-03T10:02:20.271+0000] {processor.py:208} INFO - Processing /home/airflow/.local/lib/python3.12/site-packages/airflow/example_dags/example_xcomargs.py took 0.088 seconds
[2025-02-03T10:02:52.682+0000] {processor.py:186} INFO - Started process (PID=996) to work on /home/airflow/.local/lib/python3.12/site-packages/airflow/example_dags/example_xcomargs.py
[2025-02-03T10:02:52.684+0000] {processor.py:914} INFO - Processing file /home/airflow/.local/lib/python3.12/site-packages/airflow/example_dags/example_xcomargs.py for tasks to queue
[2025-02-03T10:02:52.688+0000] {logging_mixin.py:190} INFO - [2025-02-03T10:02:52.687+0000] {dagbag.py:588} INFO - Filling up the DagBag from /home/airflow/.local/lib/python3.12/site-packages/airflow/example_dags/example_xcomargs.py
[2025-02-03T10:02:52.704+0000] {processor.py:925} INFO - DAG(s) 'example_xcom_args_with_operators', 'example_xcom_args' retrieved from /home/airflow/.local/lib/python3.12/site-packages/airflow/example_dags/example_xcomargs.py
[2025-02-03T10:02:52.739+0000] {logging_mixin.py:190} INFO - [2025-02-03T10:02:52.738+0000] {dag.py:3239} INFO - Sync 2 DAGs
[2025-02-03T10:02:52.755+0000] {logging_mixin.py:190} INFO - [2025-02-03T10:02:52.755+0000] {dag.py:4180} INFO - Setting next_dagrun for example_xcom_args to None, run_after=None
[2025-02-03T10:02:52.759+0000] {logging_mixin.py:190} INFO - [2025-02-03T10:02:52.759+0000] {dag.py:4180} INFO - Setting next_dagrun for example_xcom_args_with_operators to None, run_after=None
[2025-02-03T10:02:52.775+0000] {processor.py:208} INFO - Processing /home/airflow/.local/lib/python3.12/site-packages/airflow/example_dags/example_xcomargs.py took 0.099 seconds
[2025-02-03T10:03:25.045+0000] {processor.py:186} INFO - Started process (PID=1060) to work on /home/airflow/.local/lib/python3.12/site-packages/airflow/example_dags/example_xcomargs.py
[2025-02-03T10:03:25.046+0000] {processor.py:914} INFO - Processing file /home/airflow/.local/lib/python3.12/site-packages/airflow/example_dags/example_xcomargs.py for tasks to queue
[2025-02-03T10:03:25.049+0000] {logging_mixin.py:190} INFO - [2025-02-03T10:03:25.049+0000] {dagbag.py:588} INFO - Filling up the DagBag from /home/airflow/.local/lib/python3.12/site-packages/airflow/example_dags/example_xcomargs.py
[2025-02-03T10:03:25.059+0000] {processor.py:925} INFO - DAG(s) 'example_xcom_args_with_operators', 'example_xcom_args' retrieved from /home/airflow/.local/lib/python3.12/site-packages/airflow/example_dags/example_xcomargs.py
[2025-02-03T10:03:25.082+0000] {logging_mixin.py:190} INFO - [2025-02-03T10:03:25.082+0000] {dag.py:3239} INFO - Sync 2 DAGs
[2025-02-03T10:03:25.096+0000] {logging_mixin.py:190} INFO - [2025-02-03T10:03:25.096+0000] {dag.py:4180} INFO - Setting next_dagrun for example_xcom_args to None, run_after=None
[2025-02-03T10:03:25.100+0000] {logging_mixin.py:190} INFO - [2025-02-03T10:03:25.100+0000] {dag.py:4180} INFO - Setting next_dagrun for example_xcom_args_with_operators to None, run_after=None
[2025-02-03T10:03:25.112+0000] {processor.py:208} INFO - Processing /home/airflow/.local/lib/python3.12/site-packages/airflow/example_dags/example_xcomargs.py took 0.073 seconds
[2025-02-03T10:03:55.284+0000] {processor.py:186} INFO - Started process (PID=1124) to work on /home/airflow/.local/lib/python3.12/site-packages/airflow/example_dags/example_xcomargs.py
[2025-02-03T10:03:55.284+0000] {processor.py:914} INFO - Processing file /home/airflow/.local/lib/python3.12/site-packages/airflow/example_dags/example_xcomargs.py for tasks to queue
[2025-02-03T10:03:55.286+0000] {logging_mixin.py:190} INFO - [2025-02-03T10:03:55.286+0000] {dagbag.py:588} INFO - Filling up the DagBag from /home/airflow/.local/lib/python3.12/site-packages/airflow/example_dags/example_xcomargs.py
[2025-02-03T10:03:55.295+0000] {processor.py:925} INFO - DAG(s) 'example_xcom_args_with_operators', 'example_xcom_args' retrieved from /home/airflow/.local/lib/python3.12/site-packages/airflow/example_dags/example_xcomargs.py
[2025-02-03T10:03:55.334+0000] {logging_mixin.py:190} INFO - [2025-02-03T10:03:55.334+0000] {dag.py:3239} INFO - Sync 2 DAGs
[2025-02-03T10:03:55.361+0000] {logging_mixin.py:190} INFO - [2025-02-03T10:03:55.361+0000] {dag.py:4180} INFO - Setting next_dagrun for example_xcom_args to None, run_after=None
[2025-02-03T10:03:55.368+0000] {logging_mixin.py:190} INFO - [2025-02-03T10:03:55.367+0000] {dag.py:4180} INFO - Setting next_dagrun for example_xcom_args_with_operators to None, run_after=None
[2025-02-03T10:03:55.389+0000] {processor.py:208} INFO - Processing /home/airflow/.local/lib/python3.12/site-packages/airflow/example_dags/example_xcomargs.py took 0.111 seconds
[2025-02-03T10:04:25.902+0000] {processor.py:186} INFO - Started process (PID=1188) to work on /home/airflow/.local/lib/python3.12/site-packages/airflow/example_dags/example_xcomargs.py
[2025-02-03T10:04:25.903+0000] {processor.py:914} INFO - Processing file /home/airflow/.local/lib/python3.12/site-packages/airflow/example_dags/example_xcomargs.py for tasks to queue
[2025-02-03T10:04:25.905+0000] {logging_mixin.py:190} INFO - [2025-02-03T10:04:25.905+0000] {dagbag.py:588} INFO - Filling up the DagBag from /home/airflow/.local/lib/python3.12/site-packages/airflow/example_dags/example_xcomargs.py
[2025-02-03T10:04:25.917+0000] {processor.py:925} INFO - DAG(s) 'example_xcom_args', 'example_xcom_args_with_operators' retrieved from /home/airflow/.local/lib/python3.12/site-packages/airflow/example_dags/example_xcomargs.py
[2025-02-03T10:04:25.955+0000] {logging_mixin.py:190} INFO - [2025-02-03T10:04:25.954+0000] {dag.py:3239} INFO - Sync 2 DAGs
[2025-02-03T10:04:25.983+0000] {logging_mixin.py:190} INFO - [2025-02-03T10:04:25.983+0000] {dag.py:4180} INFO - Setting next_dagrun for example_xcom_args to None, run_after=None
[2025-02-03T10:04:25.988+0000] {logging_mixin.py:190} INFO - [2025-02-03T10:04:25.987+0000] {dag.py:4180} INFO - Setting next_dagrun for example_xcom_args_with_operators to None, run_after=None
[2025-02-03T10:04:26.031+0000] {processor.py:208} INFO - Processing /home/airflow/.local/lib/python3.12/site-packages/airflow/example_dags/example_xcomargs.py took 0.134 seconds
[2025-02-03T10:04:56.391+0000] {processor.py:186} INFO - Started process (PID=1252) to work on /home/airflow/.local/lib/python3.12/site-packages/airflow/example_dags/example_xcomargs.py
[2025-02-03T10:04:56.392+0000] {processor.py:914} INFO - Processing file /home/airflow/.local/lib/python3.12/site-packages/airflow/example_dags/example_xcomargs.py for tasks to queue
[2025-02-03T10:04:56.394+0000] {logging_mixin.py:190} INFO - [2025-02-03T10:04:56.393+0000] {dagbag.py:588} INFO - Filling up the DagBag from /home/airflow/.local/lib/python3.12/site-packages/airflow/example_dags/example_xcomargs.py
[2025-02-03T10:04:56.403+0000] {processor.py:925} INFO - DAG(s) 'example_xcom_args_with_operators', 'example_xcom_args' retrieved from /home/airflow/.local/lib/python3.12/site-packages/airflow/example_dags/example_xcomargs.py
[2025-02-03T10:04:56.436+0000] {logging_mixin.py:190} INFO - [2025-02-03T10:04:56.436+0000] {dag.py:3239} INFO - Sync 2 DAGs
[2025-02-03T10:04:56.458+0000] {logging_mixin.py:190} INFO - [2025-02-03T10:04:56.458+0000] {dag.py:4180} INFO - Setting next_dagrun for example_xcom_args to None, run_after=None
[2025-02-03T10:04:56.465+0000] {logging_mixin.py:190} INFO - [2025-02-03T10:04:56.465+0000] {dag.py:4180} INFO - Setting next_dagrun for example_xcom_args_with_operators to None, run_after=None
[2025-02-03T10:04:56.496+0000] {processor.py:208} INFO - Processing /home/airflow/.local/lib/python3.12/site-packages/airflow/example_dags/example_xcomargs.py took 0.110 seconds
[2025-02-03T10:05:26.998+0000] {processor.py:186} INFO - Started process (PID=1310) to work on /home/airflow/.local/lib/python3.12/site-packages/airflow/example_dags/example_xcomargs.py
[2025-02-03T10:05:26.999+0000] {processor.py:914} INFO - Processing file /home/airflow/.local/lib/python3.12/site-packages/airflow/example_dags/example_xcomargs.py for tasks to queue
[2025-02-03T10:05:27.001+0000] {logging_mixin.py:190} INFO - [2025-02-03T10:05:27.001+0000] {dagbag.py:588} INFO - Filling up the DagBag from /home/airflow/.local/lib/python3.12/site-packages/airflow/example_dags/example_xcomargs.py
[2025-02-03T10:05:27.012+0000] {processor.py:925} INFO - DAG(s) 'example_xcom_args_with_operators', 'example_xcom_args' retrieved from /home/airflow/.local/lib/python3.12/site-packages/airflow/example_dags/example_xcomargs.py
[2025-02-03T10:05:27.030+0000] {logging_mixin.py:190} INFO - [2025-02-03T10:05:27.030+0000] {dag.py:3239} INFO - Sync 2 DAGs
[2025-02-03T10:05:27.043+0000] {logging_mixin.py:190} INFO - [2025-02-03T10:05:27.042+0000] {dag.py:4180} INFO - Setting next_dagrun for example_xcom_args to None, run_after=None
[2025-02-03T10:05:27.046+0000] {logging_mixin.py:190} INFO - [2025-02-03T10:05:27.045+0000] {dag.py:4180} INFO - Setting next_dagrun for example_xcom_args_with_operators to None, run_after=None
[2025-02-03T10:05:27.067+0000] {processor.py:208} INFO - Processing /home/airflow/.local/lib/python3.12/site-packages/airflow/example_dags/example_xcomargs.py took 0.075 seconds
[2025-02-03T10:05:57.503+0000] {processor.py:186} INFO - Started process (PID=1374) to work on /home/airflow/.local/lib/python3.12/site-packages/airflow/example_dags/example_xcomargs.py
[2025-02-03T10:05:57.504+0000] {processor.py:914} INFO - Processing file /home/airflow/.local/lib/python3.12/site-packages/airflow/example_dags/example_xcomargs.py for tasks to queue
[2025-02-03T10:05:57.505+0000] {logging_mixin.py:190} INFO - [2025-02-03T10:05:57.505+0000] {dagbag.py:588} INFO - Filling up the DagBag from /home/airflow/.local/lib/python3.12/site-packages/airflow/example_dags/example_xcomargs.py
[2025-02-03T10:05:57.514+0000] {processor.py:925} INFO - DAG(s) 'example_xcom_args_with_operators', 'example_xcom_args' retrieved from /home/airflow/.local/lib/python3.12/site-packages/airflow/example_dags/example_xcomargs.py
[2025-02-03T10:05:57.532+0000] {logging_mixin.py:190} INFO - [2025-02-03T10:05:57.531+0000] {dag.py:3239} INFO - Sync 2 DAGs
[2025-02-03T10:05:57.543+0000] {logging_mixin.py:190} INFO - [2025-02-03T10:05:57.543+0000] {dag.py:4180} INFO - Setting next_dagrun for example_xcom_args to None, run_after=None
[2025-02-03T10:05:57.547+0000] {logging_mixin.py:190} INFO - [2025-02-03T10:05:57.547+0000] {dag.py:4180} INFO - Setting next_dagrun for example_xcom_args_with_operators to None, run_after=None
[2025-02-03T10:05:57.561+0000] {processor.py:208} INFO - Processing /home/airflow/.local/lib/python3.12/site-packages/airflow/example_dags/example_xcomargs.py took 0.064 seconds
[2025-02-03T10:06:29.273+0000] {processor.py:186} INFO - Started process (PID=1438) to work on /home/airflow/.local/lib/python3.12/site-packages/airflow/example_dags/example_xcomargs.py
[2025-02-03T10:06:29.274+0000] {processor.py:914} INFO - Processing file /home/airflow/.local/lib/python3.12/site-packages/airflow/example_dags/example_xcomargs.py for tasks to queue
[2025-02-03T10:06:29.276+0000] {logging_mixin.py:190} INFO - [2025-02-03T10:06:29.276+0000] {dagbag.py:588} INFO - Filling up the DagBag from /home/airflow/.local/lib/python3.12/site-packages/airflow/example_dags/example_xcomargs.py
[2025-02-03T10:06:29.287+0000] {processor.py:925} INFO - DAG(s) 'example_xcom_args', 'example_xcom_args_with_operators' retrieved from /home/airflow/.local/lib/python3.12/site-packages/airflow/example_dags/example_xcomargs.py
[2025-02-03T10:06:29.310+0000] {logging_mixin.py:190} INFO - [2025-02-03T10:06:29.309+0000] {dag.py:3239} INFO - Sync 2 DAGs
[2025-02-03T10:06:29.327+0000] {logging_mixin.py:190} INFO - [2025-02-03T10:06:29.327+0000] {dag.py:4180} INFO - Setting next_dagrun for example_xcom_args to None, run_after=None
[2025-02-03T10:06:29.332+0000] {logging_mixin.py:190} INFO - [2025-02-03T10:06:29.332+0000] {dag.py:4180} INFO - Setting next_dagrun for example_xcom_args_with_operators to None, run_after=None
[2025-02-03T10:06:29.346+0000] {processor.py:208} INFO - Processing /home/airflow/.local/lib/python3.12/site-packages/airflow/example_dags/example_xcomargs.py took 0.078 seconds
[2025-02-03T10:13:09.732+0000] {processor.py:186} INFO - Started process (PID=95) to work on /home/airflow/.local/lib/python3.12/site-packages/airflow/example_dags/example_xcomargs.py
[2025-02-03T10:13:09.738+0000] {processor.py:914} INFO - Processing file /home/airflow/.local/lib/python3.12/site-packages/airflow/example_dags/example_xcomargs.py for tasks to queue
[2025-02-03T10:13:09.746+0000] {logging_mixin.py:190} INFO - [2025-02-03T10:13:09.745+0000] {dagbag.py:588} INFO - Filling up the DagBag from /home/airflow/.local/lib/python3.12/site-packages/airflow/example_dags/example_xcomargs.py
[2025-02-03T10:13:09.772+0000] {processor.py:925} INFO - DAG(s) 'example_xcom_args_with_operators', 'example_xcom_args' retrieved from /home/airflow/.local/lib/python3.12/site-packages/airflow/example_dags/example_xcomargs.py
[2025-02-03T10:13:09.825+0000] {logging_mixin.py:190} INFO - [2025-02-03T10:13:09.825+0000] {dag.py:3239} INFO - Sync 2 DAGs
[2025-02-03T10:13:09.855+0000] {logging_mixin.py:190} INFO - [2025-02-03T10:13:09.850+0000] {dag.py:4180} INFO - Setting next_dagrun for example_xcom_args to None, run_after=None
[2025-02-03T10:13:09.864+0000] {logging_mixin.py:190} INFO - [2025-02-03T10:13:09.864+0000] {dag.py:4180} INFO - Setting next_dagrun for example_xcom_args_with_operators to None, run_after=None
[2025-02-03T10:13:09.888+0000] {processor.py:208} INFO - Processing /home/airflow/.local/lib/python3.12/site-packages/airflow/example_dags/example_xcomargs.py took 0.161 seconds
[2025-02-03T10:13:40.007+0000] {processor.py:186} INFO - Started process (PID=159) to work on /home/airflow/.local/lib/python3.12/site-packages/airflow/example_dags/example_xcomargs.py
[2025-02-03T10:13:40.010+0000] {processor.py:914} INFO - Processing file /home/airflow/.local/lib/python3.12/site-packages/airflow/example_dags/example_xcomargs.py for tasks to queue
[2025-02-03T10:13:40.012+0000] {logging_mixin.py:190} INFO - [2025-02-03T10:13:40.012+0000] {dagbag.py:588} INFO - Filling up the DagBag from /home/airflow/.local/lib/python3.12/site-packages/airflow/example_dags/example_xcomargs.py
[2025-02-03T10:13:40.023+0000] {processor.py:925} INFO - DAG(s) 'example_xcom_args', 'example_xcom_args_with_operators' retrieved from /home/airflow/.local/lib/python3.12/site-packages/airflow/example_dags/example_xcomargs.py
[2025-02-03T10:13:40.049+0000] {logging_mixin.py:190} INFO - [2025-02-03T10:13:40.049+0000] {dag.py:3239} INFO - Sync 2 DAGs
[2025-02-03T10:13:40.064+0000] {logging_mixin.py:190} INFO - [2025-02-03T10:13:40.064+0000] {dag.py:4180} INFO - Setting next_dagrun for example_xcom_args to None, run_after=None
[2025-02-03T10:13:40.070+0000] {logging_mixin.py:190} INFO - [2025-02-03T10:13:40.070+0000] {dag.py:4180} INFO - Setting next_dagrun for example_xcom_args_with_operators to None, run_after=None
[2025-02-03T10:13:40.095+0000] {processor.py:208} INFO - Processing /home/airflow/.local/lib/python3.12/site-packages/airflow/example_dags/example_xcomargs.py took 0.097 seconds
[2025-02-03T10:14:11.757+0000] {processor.py:186} INFO - Started process (PID=223) to work on /home/airflow/.local/lib/python3.12/site-packages/airflow/example_dags/example_xcomargs.py
[2025-02-03T10:14:11.758+0000] {processor.py:914} INFO - Processing file /home/airflow/.local/lib/python3.12/site-packages/airflow/example_dags/example_xcomargs.py for tasks to queue
[2025-02-03T10:14:11.760+0000] {logging_mixin.py:190} INFO - [2025-02-03T10:14:11.760+0000] {dagbag.py:588} INFO - Filling up the DagBag from /home/airflow/.local/lib/python3.12/site-packages/airflow/example_dags/example_xcomargs.py
[2025-02-03T10:14:11.770+0000] {processor.py:925} INFO - DAG(s) 'example_xcom_args_with_operators', 'example_xcom_args' retrieved from /home/airflow/.local/lib/python3.12/site-packages/airflow/example_dags/example_xcomargs.py
[2025-02-03T10:14:11.800+0000] {logging_mixin.py:190} INFO - [2025-02-03T10:14:11.800+0000] {dag.py:3239} INFO - Sync 2 DAGs
[2025-02-03T10:14:11.814+0000] {logging_mixin.py:190} INFO - [2025-02-03T10:14:11.813+0000] {dag.py:4180} INFO - Setting next_dagrun for example_xcom_args to None, run_after=None
[2025-02-03T10:14:11.817+0000] {logging_mixin.py:190} INFO - [2025-02-03T10:14:11.817+0000] {dag.py:4180} INFO - Setting next_dagrun for example_xcom_args_with_operators to None, run_after=None
[2025-02-03T10:14:11.834+0000] {processor.py:208} INFO - Processing /home/airflow/.local/lib/python3.12/site-packages/airflow/example_dags/example_xcomargs.py took 0.083 seconds
[2025-02-03T10:14:42.141+0000] {processor.py:186} INFO - Started process (PID=281) to work on /home/airflow/.local/lib/python3.12/site-packages/airflow/example_dags/example_xcomargs.py
[2025-02-03T10:14:42.143+0000] {processor.py:914} INFO - Processing file /home/airflow/.local/lib/python3.12/site-packages/airflow/example_dags/example_xcomargs.py for tasks to queue
[2025-02-03T10:14:42.146+0000] {logging_mixin.py:190} INFO - [2025-02-03T10:14:42.146+0000] {dagbag.py:588} INFO - Filling up the DagBag from /home/airflow/.local/lib/python3.12/site-packages/airflow/example_dags/example_xcomargs.py
[2025-02-03T10:14:42.158+0000] {processor.py:925} INFO - DAG(s) 'example_xcom_args_with_operators', 'example_xcom_args' retrieved from /home/airflow/.local/lib/python3.12/site-packages/airflow/example_dags/example_xcomargs.py
[2025-02-03T10:14:42.187+0000] {logging_mixin.py:190} INFO - [2025-02-03T10:14:42.187+0000] {dag.py:3239} INFO - Sync 2 DAGs
[2025-02-03T10:14:42.199+0000] {logging_mixin.py:190} INFO - [2025-02-03T10:14:42.199+0000] {dag.py:4180} INFO - Setting next_dagrun for example_xcom_args to None, run_after=None
[2025-02-03T10:14:42.207+0000] {logging_mixin.py:190} INFO - [2025-02-03T10:14:42.207+0000] {dag.py:4180} INFO - Setting next_dagrun for example_xcom_args_with_operators to None, run_after=None
[2025-02-03T10:14:42.220+0000] {processor.py:208} INFO - Processing /home/airflow/.local/lib/python3.12/site-packages/airflow/example_dags/example_xcomargs.py took 0.084 seconds
[2025-02-03T10:15:12.439+0000] {processor.py:186} INFO - Started process (PID=346) to work on /home/airflow/.local/lib/python3.12/site-packages/airflow/example_dags/example_xcomargs.py
[2025-02-03T10:15:12.440+0000] {processor.py:914} INFO - Processing file /home/airflow/.local/lib/python3.12/site-packages/airflow/example_dags/example_xcomargs.py for tasks to queue
[2025-02-03T10:15:12.445+0000] {logging_mixin.py:190} INFO - [2025-02-03T10:15:12.445+0000] {dagbag.py:588} INFO - Filling up the DagBag from /home/airflow/.local/lib/python3.12/site-packages/airflow/example_dags/example_xcomargs.py
[2025-02-03T10:15:12.453+0000] {processor.py:925} INFO - DAG(s) 'example_xcom_args', 'example_xcom_args_with_operators' retrieved from /home/airflow/.local/lib/python3.12/site-packages/airflow/example_dags/example_xcomargs.py
[2025-02-03T10:15:12.483+0000] {logging_mixin.py:190} INFO - [2025-02-03T10:15:12.483+0000] {dag.py:3239} INFO - Sync 2 DAGs
[2025-02-03T10:15:12.496+0000] {logging_mixin.py:190} INFO - [2025-02-03T10:15:12.496+0000] {dag.py:4180} INFO - Setting next_dagrun for example_xcom_args to None, run_after=None
[2025-02-03T10:15:12.500+0000] {logging_mixin.py:190} INFO - [2025-02-03T10:15:12.499+0000] {dag.py:4180} INFO - Setting next_dagrun for example_xcom_args_with_operators to None, run_after=None
[2025-02-03T10:15:12.516+0000] {processor.py:208} INFO - Processing /home/airflow/.local/lib/python3.12/site-packages/airflow/example_dags/example_xcomargs.py took 0.081 seconds
[2025-02-03T10:15:43.042+0000] {processor.py:186} INFO - Started process (PID=410) to work on /home/airflow/.local/lib/python3.12/site-packages/airflow/example_dags/example_xcomargs.py
[2025-02-03T10:15:43.043+0000] {processor.py:914} INFO - Processing file /home/airflow/.local/lib/python3.12/site-packages/airflow/example_dags/example_xcomargs.py for tasks to queue
[2025-02-03T10:15:43.054+0000] {logging_mixin.py:190} INFO - [2025-02-03T10:15:43.053+0000] {dagbag.py:588} INFO - Filling up the DagBag from /home/airflow/.local/lib/python3.12/site-packages/airflow/example_dags/example_xcomargs.py
[2025-02-03T10:15:43.065+0000] {processor.py:925} INFO - DAG(s) 'example_xcom_args_with_operators', 'example_xcom_args' retrieved from /home/airflow/.local/lib/python3.12/site-packages/airflow/example_dags/example_xcomargs.py
[2025-02-03T10:15:43.086+0000] {logging_mixin.py:190} INFO - [2025-02-03T10:15:43.085+0000] {dag.py:3239} INFO - Sync 2 DAGs
[2025-02-03T10:15:43.098+0000] {logging_mixin.py:190} INFO - [2025-02-03T10:15:43.098+0000] {dag.py:4180} INFO - Setting next_dagrun for example_xcom_args to None, run_after=None
[2025-02-03T10:15:43.102+0000] {logging_mixin.py:190} INFO - [2025-02-03T10:15:43.102+0000] {dag.py:4180} INFO - Setting next_dagrun for example_xcom_args_with_operators to None, run_after=None
[2025-02-03T10:15:43.126+0000] {processor.py:208} INFO - Processing /home/airflow/.local/lib/python3.12/site-packages/airflow/example_dags/example_xcomargs.py took 0.091 seconds
[2025-02-03T10:16:14.922+0000] {processor.py:186} INFO - Started process (PID=474) to work on /home/airflow/.local/lib/python3.12/site-packages/airflow/example_dags/example_xcomargs.py
[2025-02-03T10:16:14.923+0000] {processor.py:914} INFO - Processing file /home/airflow/.local/lib/python3.12/site-packages/airflow/example_dags/example_xcomargs.py for tasks to queue
[2025-02-03T10:16:14.926+0000] {logging_mixin.py:190} INFO - [2025-02-03T10:16:14.925+0000] {dagbag.py:588} INFO - Filling up the DagBag from /home/airflow/.local/lib/python3.12/site-packages/airflow/example_dags/example_xcomargs.py
[2025-02-03T10:16:14.934+0000] {processor.py:925} INFO - DAG(s) 'example_xcom_args', 'example_xcom_args_with_operators' retrieved from /home/airflow/.local/lib/python3.12/site-packages/airflow/example_dags/example_xcomargs.py
[2025-02-03T10:16:14.951+0000] {logging_mixin.py:190} INFO - [2025-02-03T10:16:14.951+0000] {dag.py:3239} INFO - Sync 2 DAGs
[2025-02-03T10:16:14.964+0000] {logging_mixin.py:190} INFO - [2025-02-03T10:16:14.964+0000] {dag.py:4180} INFO - Setting next_dagrun for example_xcom_args to None, run_after=None
[2025-02-03T10:16:14.968+0000] {logging_mixin.py:190} INFO - [2025-02-03T10:16:14.968+0000] {dag.py:4180} INFO - Setting next_dagrun for example_xcom_args_with_operators to None, run_after=None
[2025-02-03T10:16:14.983+0000] {processor.py:208} INFO - Processing /home/airflow/.local/lib/python3.12/site-packages/airflow/example_dags/example_xcomargs.py took 0.065 seconds
[2025-02-03T10:16:46.454+0000] {processor.py:186} INFO - Started process (PID=539) to work on /home/airflow/.local/lib/python3.12/site-packages/airflow/example_dags/example_xcomargs.py
[2025-02-03T10:16:46.463+0000] {processor.py:914} INFO - Processing file /home/airflow/.local/lib/python3.12/site-packages/airflow/example_dags/example_xcomargs.py for tasks to queue
[2025-02-03T10:16:46.466+0000] {logging_mixin.py:190} INFO - [2025-02-03T10:16:46.465+0000] {dagbag.py:588} INFO - Filling up the DagBag from /home/airflow/.local/lib/python3.12/site-packages/airflow/example_dags/example_xcomargs.py
[2025-02-03T10:16:46.481+0000] {processor.py:925} INFO - DAG(s) 'example_xcom_args', 'example_xcom_args_with_operators' retrieved from /home/airflow/.local/lib/python3.12/site-packages/airflow/example_dags/example_xcomargs.py
[2025-02-03T10:16:46.508+0000] {logging_mixin.py:190} INFO - [2025-02-03T10:16:46.508+0000] {dag.py:3239} INFO - Sync 2 DAGs
[2025-02-03T10:16:46.520+0000] {logging_mixin.py:190} INFO - [2025-02-03T10:16:46.519+0000] {dag.py:4180} INFO - Setting next_dagrun for example_xcom_args to None, run_after=None
[2025-02-03T10:16:46.531+0000] {logging_mixin.py:190} INFO - [2025-02-03T10:16:46.531+0000] {dag.py:4180} INFO - Setting next_dagrun for example_xcom_args_with_operators to None, run_after=None
[2025-02-03T10:16:46.555+0000] {processor.py:208} INFO - Processing /home/airflow/.local/lib/python3.12/site-packages/airflow/example_dags/example_xcomargs.py took 0.115 seconds
[2025-02-03T10:17:18.672+0000] {processor.py:186} INFO - Started process (PID=603) to work on /home/airflow/.local/lib/python3.12/site-packages/airflow/example_dags/example_xcomargs.py
[2025-02-03T10:17:18.673+0000] {processor.py:914} INFO - Processing file /home/airflow/.local/lib/python3.12/site-packages/airflow/example_dags/example_xcomargs.py for tasks to queue
[2025-02-03T10:17:18.676+0000] {logging_mixin.py:190} INFO - [2025-02-03T10:17:18.676+0000] {dagbag.py:588} INFO - Filling up the DagBag from /home/airflow/.local/lib/python3.12/site-packages/airflow/example_dags/example_xcomargs.py
[2025-02-03T10:17:18.689+0000] {processor.py:925} INFO - DAG(s) 'example_xcom_args', 'example_xcom_args_with_operators' retrieved from /home/airflow/.local/lib/python3.12/site-packages/airflow/example_dags/example_xcomargs.py
[2025-02-03T10:17:18.717+0000] {logging_mixin.py:190} INFO - [2025-02-03T10:17:18.717+0000] {dag.py:3239} INFO - Sync 2 DAGs
[2025-02-03T10:17:18.735+0000] {logging_mixin.py:190} INFO - [2025-02-03T10:17:18.734+0000] {dag.py:4180} INFO - Setting next_dagrun for example_xcom_args to None, run_after=None
[2025-02-03T10:17:18.740+0000] {logging_mixin.py:190} INFO - [2025-02-03T10:17:18.740+0000] {dag.py:4180} INFO - Setting next_dagrun for example_xcom_args_with_operators to None, run_after=None
[2025-02-03T10:17:18.759+0000] {processor.py:208} INFO - Processing /home/airflow/.local/lib/python3.12/site-packages/airflow/example_dags/example_xcomargs.py took 0.093 seconds
[2025-02-03T10:17:49.641+0000] {processor.py:186} INFO - Started process (PID=668) to work on /home/airflow/.local/lib/python3.12/site-packages/airflow/example_dags/example_xcomargs.py
[2025-02-03T10:17:49.642+0000] {processor.py:914} INFO - Processing file /home/airflow/.local/lib/python3.12/site-packages/airflow/example_dags/example_xcomargs.py for tasks to queue
[2025-02-03T10:17:49.644+0000] {logging_mixin.py:190} INFO - [2025-02-03T10:17:49.644+0000] {dagbag.py:588} INFO - Filling up the DagBag from /home/airflow/.local/lib/python3.12/site-packages/airflow/example_dags/example_xcomargs.py
[2025-02-03T10:17:49.653+0000] {processor.py:925} INFO - DAG(s) 'example_xcom_args', 'example_xcom_args_with_operators' retrieved from /home/airflow/.local/lib/python3.12/site-packages/airflow/example_dags/example_xcomargs.py
[2025-02-03T10:17:49.671+0000] {logging_mixin.py:190} INFO - [2025-02-03T10:17:49.670+0000] {dag.py:3239} INFO - Sync 2 DAGs
[2025-02-03T10:17:49.683+0000] {logging_mixin.py:190} INFO - [2025-02-03T10:17:49.682+0000] {dag.py:4180} INFO - Setting next_dagrun for example_xcom_args to None, run_after=None
[2025-02-03T10:17:49.686+0000] {logging_mixin.py:190} INFO - [2025-02-03T10:17:49.686+0000] {dag.py:4180} INFO - Setting next_dagrun for example_xcom_args_with_operators to None, run_after=None
[2025-02-03T10:17:49.699+0000] {processor.py:208} INFO - Processing /home/airflow/.local/lib/python3.12/site-packages/airflow/example_dags/example_xcomargs.py took 0.063 seconds
[2025-02-03T10:18:20.067+0000] {processor.py:186} INFO - Started process (PID=733) to work on /home/airflow/.local/lib/python3.12/site-packages/airflow/example_dags/example_xcomargs.py
[2025-02-03T10:18:20.068+0000] {processor.py:914} INFO - Processing file /home/airflow/.local/lib/python3.12/site-packages/airflow/example_dags/example_xcomargs.py for tasks to queue
[2025-02-03T10:18:20.070+0000] {logging_mixin.py:190} INFO - [2025-02-03T10:18:20.070+0000] {dagbag.py:588} INFO - Filling up the DagBag from /home/airflow/.local/lib/python3.12/site-packages/airflow/example_dags/example_xcomargs.py
[2025-02-03T10:18:20.082+0000] {processor.py:925} INFO - DAG(s) 'example_xcom_args_with_operators', 'example_xcom_args' retrieved from /home/airflow/.local/lib/python3.12/site-packages/airflow/example_dags/example_xcomargs.py
[2025-02-03T10:18:20.102+0000] {logging_mixin.py:190} INFO - [2025-02-03T10:18:20.102+0000] {dag.py:3239} INFO - Sync 2 DAGs
[2025-02-03T10:18:20.116+0000] {logging_mixin.py:190} INFO - [2025-02-03T10:18:20.116+0000] {dag.py:4180} INFO - Setting next_dagrun for example_xcom_args to None, run_after=None
[2025-02-03T10:18:20.120+0000] {logging_mixin.py:190} INFO - [2025-02-03T10:18:20.120+0000] {dag.py:4180} INFO - Setting next_dagrun for example_xcom_args_with_operators to None, run_after=None
[2025-02-03T10:18:20.138+0000] {processor.py:208} INFO - Processing /home/airflow/.local/lib/python3.12/site-packages/airflow/example_dags/example_xcomargs.py took 0.076 seconds
[2025-02-03T10:18:50.610+0000] {processor.py:186} INFO - Started process (PID=797) to work on /home/airflow/.local/lib/python3.12/site-packages/airflow/example_dags/example_xcomargs.py
[2025-02-03T10:18:50.611+0000] {processor.py:914} INFO - Processing file /home/airflow/.local/lib/python3.12/site-packages/airflow/example_dags/example_xcomargs.py for tasks to queue
[2025-02-03T10:18:50.613+0000] {logging_mixin.py:190} INFO - [2025-02-03T10:18:50.613+0000] {dagbag.py:588} INFO - Filling up the DagBag from /home/airflow/.local/lib/python3.12/site-packages/airflow/example_dags/example_xcomargs.py
[2025-02-03T10:18:50.622+0000] {processor.py:925} INFO - DAG(s) 'example_xcom_args', 'example_xcom_args_with_operators' retrieved from /home/airflow/.local/lib/python3.12/site-packages/airflow/example_dags/example_xcomargs.py
[2025-02-03T10:18:50.643+0000] {logging_mixin.py:190} INFO - [2025-02-03T10:18:50.643+0000] {dag.py:3239} INFO - Sync 2 DAGs
[2025-02-03T10:18:50.657+0000] {logging_mixin.py:190} INFO - [2025-02-03T10:18:50.657+0000] {dag.py:4180} INFO - Setting next_dagrun for example_xcom_args to None, run_after=None
[2025-02-03T10:18:50.660+0000] {logging_mixin.py:190} INFO - [2025-02-03T10:18:50.660+0000] {dag.py:4180} INFO - Setting next_dagrun for example_xcom_args_with_operators to None, run_after=None
[2025-02-03T10:18:50.675+0000] {processor.py:208} INFO - Processing /home/airflow/.local/lib/python3.12/site-packages/airflow/example_dags/example_xcomargs.py took 0.069 seconds
[2025-02-03T10:19:23.916+0000] {processor.py:186} INFO - Started process (PID=861) to work on /home/airflow/.local/lib/python3.12/site-packages/airflow/example_dags/example_xcomargs.py
[2025-02-03T10:19:23.917+0000] {processor.py:914} INFO - Processing file /home/airflow/.local/lib/python3.12/site-packages/airflow/example_dags/example_xcomargs.py for tasks to queue
[2025-02-03T10:19:23.919+0000] {logging_mixin.py:190} INFO - [2025-02-03T10:19:23.919+0000] {dagbag.py:588} INFO - Filling up the DagBag from /home/airflow/.local/lib/python3.12/site-packages/airflow/example_dags/example_xcomargs.py
[2025-02-03T10:19:23.930+0000] {processor.py:925} INFO - DAG(s) 'example_xcom_args_with_operators', 'example_xcom_args' retrieved from /home/airflow/.local/lib/python3.12/site-packages/airflow/example_dags/example_xcomargs.py
[2025-02-03T10:19:23.950+0000] {logging_mixin.py:190} INFO - [2025-02-03T10:19:23.950+0000] {dag.py:3239} INFO - Sync 2 DAGs
[2025-02-03T10:19:23.962+0000] {logging_mixin.py:190} INFO - [2025-02-03T10:19:23.962+0000] {dag.py:4180} INFO - Setting next_dagrun for example_xcom_args to None, run_after=None
[2025-02-03T10:19:23.966+0000] {logging_mixin.py:190} INFO - [2025-02-03T10:19:23.965+0000] {dag.py:4180} INFO - Setting next_dagrun for example_xcom_args_with_operators to None, run_after=None
[2025-02-03T10:19:23.985+0000] {processor.py:208} INFO - Processing /home/airflow/.local/lib/python3.12/site-packages/airflow/example_dags/example_xcomargs.py took 0.074 seconds
[2025-02-03T10:19:56.428+0000] {processor.py:186} INFO - Started process (PID=925) to work on /home/airflow/.local/lib/python3.12/site-packages/airflow/example_dags/example_xcomargs.py
[2025-02-03T10:19:56.429+0000] {processor.py:914} INFO - Processing file /home/airflow/.local/lib/python3.12/site-packages/airflow/example_dags/example_xcomargs.py for tasks to queue
[2025-02-03T10:19:56.431+0000] {logging_mixin.py:190} INFO - [2025-02-03T10:19:56.431+0000] {dagbag.py:588} INFO - Filling up the DagBag from /home/airflow/.local/lib/python3.12/site-packages/airflow/example_dags/example_xcomargs.py
[2025-02-03T10:19:56.440+0000] {processor.py:925} INFO - DAG(s) 'example_xcom_args_with_operators', 'example_xcom_args' retrieved from /home/airflow/.local/lib/python3.12/site-packages/airflow/example_dags/example_xcomargs.py
[2025-02-03T10:19:56.458+0000] {logging_mixin.py:190} INFO - [2025-02-03T10:19:56.458+0000] {dag.py:3239} INFO - Sync 2 DAGs
[2025-02-03T10:19:56.470+0000] {logging_mixin.py:190} INFO - [2025-02-03T10:19:56.469+0000] {dag.py:4180} INFO - Setting next_dagrun for example_xcom_args to None, run_after=None
[2025-02-03T10:19:56.473+0000] {logging_mixin.py:190} INFO - [2025-02-03T10:19:56.473+0000] {dag.py:4180} INFO - Setting next_dagrun for example_xcom_args_with_operators to None, run_after=None
[2025-02-03T10:19:56.486+0000] {processor.py:208} INFO - Processing /home/airflow/.local/lib/python3.12/site-packages/airflow/example_dags/example_xcomargs.py took 0.063 seconds
