[2025-02-03T09:44:36.302+0000] {processor.py:186} INFO - Started process (PID=83) to work on /home/airflow/.local/lib/python3.12/site-packages/airflow/example_dags/example_python_decorator.py
[2025-02-03T09:44:36.304+0000] {processor.py:914} INFO - Processing file /home/airflow/.local/lib/python3.12/site-packages/airflow/example_dags/example_python_decorator.py for tasks to queue
[2025-02-03T09:44:36.306+0000] {logging_mixin.py:190} INFO - [2025-02-03T09:44:36.306+0000] {dagbag.py:588} INFO - Filling up the DagBag from /home/airflow/.local/lib/python3.12/site-packages/airflow/example_dags/example_python_decorator.py
[2025-02-03T09:44:36.320+0000] {processor.py:925} INFO - DAG(s) 'example_python_decorator' retrieved from /home/airflow/.local/lib/python3.12/site-packages/airflow/example_dags/example_python_decorator.py
[2025-02-03T09:44:36.403+0000] {logging_mixin.py:190} INFO - [2025-02-03T09:44:36.402+0000] {override.py:1911} INFO - Created Permission View: can edit on DAG:example_python_decorator
[2025-02-03T09:44:36.411+0000] {logging_mixin.py:190} INFO - [2025-02-03T09:44:36.410+0000] {override.py:1911} INFO - Created Permission View: can read on DAG:example_python_decorator
[2025-02-03T09:44:36.417+0000] {logging_mixin.py:190} INFO - [2025-02-03T09:44:36.416+0000] {override.py:1911} INFO - Created Permission View: can delete on DAG:example_python_decorator
[2025-02-03T09:44:36.422+0000] {logging_mixin.py:190} INFO - [2025-02-03T09:44:36.422+0000] {override.py:1911} INFO - Created Permission View: can read on DAG Run:example_python_decorator
[2025-02-03T09:44:36.427+0000] {logging_mixin.py:190} INFO - [2025-02-03T09:44:36.427+0000] {override.py:1911} INFO - Created Permission View: can delete on DAG Run:example_python_decorator
[2025-02-03T09:44:36.436+0000] {logging_mixin.py:190} INFO - [2025-02-03T09:44:36.435+0000] {override.py:1911} INFO - Created Permission View: can create on DAG Run:example_python_decorator
[2025-02-03T09:44:36.440+0000] {logging_mixin.py:190} INFO - [2025-02-03T09:44:36.440+0000] {override.py:1911} INFO - Created Permission View: menu access on DAG Run:example_python_decorator
[2025-02-03T09:44:36.441+0000] {logging_mixin.py:190} INFO - [2025-02-03T09:44:36.441+0000] {dag.py:3239} INFO - Sync 1 DAGs
[2025-02-03T09:44:36.451+0000] {logging_mixin.py:190} INFO - [2025-02-03T09:44:36.451+0000] {dag.py:3262} INFO - Creating ORM DAG for example_python_decorator
[2025-02-03T09:44:36.459+0000] {logging_mixin.py:190} INFO - [2025-02-03T09:44:36.458+0000] {dag.py:4180} INFO - Setting next_dagrun for example_python_decorator to None, run_after=None
[2025-02-03T09:44:36.479+0000] {processor.py:208} INFO - Processing /home/airflow/.local/lib/python3.12/site-packages/airflow/example_dags/example_python_decorator.py took 0.183 seconds
[2025-02-03T09:45:16.134+0000] {processor.py:186} INFO - Started process (PID=145) to work on /home/airflow/.local/lib/python3.12/site-packages/airflow/example_dags/example_python_decorator.py
[2025-02-03T09:45:16.137+0000] {processor.py:914} INFO - Processing file /home/airflow/.local/lib/python3.12/site-packages/airflow/example_dags/example_python_decorator.py for tasks to queue
[2025-02-03T09:45:16.140+0000] {logging_mixin.py:190} INFO - [2025-02-03T09:45:16.139+0000] {dagbag.py:588} INFO - Filling up the DagBag from /home/airflow/.local/lib/python3.12/site-packages/airflow/example_dags/example_python_decorator.py
[2025-02-03T09:45:16.167+0000] {processor.py:925} INFO - DAG(s) 'example_python_decorator' retrieved from /home/airflow/.local/lib/python3.12/site-packages/airflow/example_dags/example_python_decorator.py
[2025-02-03T09:45:16.200+0000] {logging_mixin.py:190} INFO - [2025-02-03T09:45:16.200+0000] {dag.py:3239} INFO - Sync 1 DAGs
[2025-02-03T09:45:16.219+0000] {logging_mixin.py:190} INFO - [2025-02-03T09:45:16.219+0000] {dag.py:4180} INFO - Setting next_dagrun for example_python_decorator to None, run_after=None
[2025-02-03T09:45:16.256+0000] {processor.py:208} INFO - Processing /home/airflow/.local/lib/python3.12/site-packages/airflow/example_dags/example_python_decorator.py took 0.132 seconds
[2025-02-03T09:45:46.860+0000] {processor.py:186} INFO - Started process (PID=208) to work on /home/airflow/.local/lib/python3.12/site-packages/airflow/example_dags/example_python_decorator.py
[2025-02-03T09:45:46.863+0000] {processor.py:914} INFO - Processing file /home/airflow/.local/lib/python3.12/site-packages/airflow/example_dags/example_python_decorator.py for tasks to queue
[2025-02-03T09:45:46.868+0000] {logging_mixin.py:190} INFO - [2025-02-03T09:45:46.867+0000] {dagbag.py:588} INFO - Filling up the DagBag from /home/airflow/.local/lib/python3.12/site-packages/airflow/example_dags/example_python_decorator.py
[2025-02-03T09:45:46.888+0000] {processor.py:925} INFO - DAG(s) 'example_python_decorator' retrieved from /home/airflow/.local/lib/python3.12/site-packages/airflow/example_dags/example_python_decorator.py
[2025-02-03T09:45:46.915+0000] {logging_mixin.py:190} INFO - [2025-02-03T09:45:46.915+0000] {dag.py:3239} INFO - Sync 1 DAGs
[2025-02-03T09:45:46.934+0000] {logging_mixin.py:190} INFO - [2025-02-03T09:45:46.934+0000] {dag.py:4180} INFO - Setting next_dagrun for example_python_decorator to None, run_after=None
[2025-02-03T09:45:46.963+0000] {processor.py:208} INFO - Processing /home/airflow/.local/lib/python3.12/site-packages/airflow/example_dags/example_python_decorator.py took 0.113 seconds
[2025-02-03T09:46:19.688+0000] {processor.py:186} INFO - Started process (PID=271) to work on /home/airflow/.local/lib/python3.12/site-packages/airflow/example_dags/example_python_decorator.py
[2025-02-03T09:46:19.689+0000] {processor.py:914} INFO - Processing file /home/airflow/.local/lib/python3.12/site-packages/airflow/example_dags/example_python_decorator.py for tasks to queue
[2025-02-03T09:46:19.692+0000] {logging_mixin.py:190} INFO - [2025-02-03T09:46:19.692+0000] {dagbag.py:588} INFO - Filling up the DagBag from /home/airflow/.local/lib/python3.12/site-packages/airflow/example_dags/example_python_decorator.py
[2025-02-03T09:46:19.705+0000] {processor.py:925} INFO - DAG(s) 'example_python_decorator' retrieved from /home/airflow/.local/lib/python3.12/site-packages/airflow/example_dags/example_python_decorator.py
[2025-02-03T09:46:19.728+0000] {logging_mixin.py:190} INFO - [2025-02-03T09:46:19.728+0000] {dag.py:3239} INFO - Sync 1 DAGs
[2025-02-03T09:46:19.739+0000] {logging_mixin.py:190} INFO - [2025-02-03T09:46:19.738+0000] {dag.py:4180} INFO - Setting next_dagrun for example_python_decorator to None, run_after=None
[2025-02-03T09:46:19.757+0000] {processor.py:208} INFO - Processing /home/airflow/.local/lib/python3.12/site-packages/airflow/example_dags/example_python_decorator.py took 0.075 seconds
[2025-02-03T09:55:25.892+0000] {processor.py:186} INFO - Started process (PID=84) to work on /home/airflow/.local/lib/python3.12/site-packages/airflow/example_dags/example_python_decorator.py
[2025-02-03T09:55:25.895+0000] {processor.py:914} INFO - Processing file /home/airflow/.local/lib/python3.12/site-packages/airflow/example_dags/example_python_decorator.py for tasks to queue
[2025-02-03T09:55:25.899+0000] {logging_mixin.py:190} INFO - [2025-02-03T09:55:25.899+0000] {dagbag.py:588} INFO - Filling up the DagBag from /home/airflow/.local/lib/python3.12/site-packages/airflow/example_dags/example_python_decorator.py
[2025-02-03T09:55:25.937+0000] {processor.py:925} INFO - DAG(s) 'example_python_decorator' retrieved from /home/airflow/.local/lib/python3.12/site-packages/airflow/example_dags/example_python_decorator.py
[2025-02-03T09:55:26.051+0000] {logging_mixin.py:190} INFO - [2025-02-03T09:55:26.051+0000] {dag.py:3239} INFO - Sync 1 DAGs
[2025-02-03T09:55:26.072+0000] {logging_mixin.py:190} INFO - [2025-02-03T09:55:26.071+0000] {dag.py:4180} INFO - Setting next_dagrun for example_python_decorator to None, run_after=None
[2025-02-03T09:55:26.115+0000] {processor.py:208} INFO - Processing /home/airflow/.local/lib/python3.12/site-packages/airflow/example_dags/example_python_decorator.py took 0.228 seconds
[2025-02-03T09:55:56.492+0000] {processor.py:186} INFO - Started process (PID=148) to work on /home/airflow/.local/lib/python3.12/site-packages/airflow/example_dags/example_python_decorator.py
[2025-02-03T09:55:56.493+0000] {processor.py:914} INFO - Processing file /home/airflow/.local/lib/python3.12/site-packages/airflow/example_dags/example_python_decorator.py for tasks to queue
[2025-02-03T09:55:56.496+0000] {logging_mixin.py:190} INFO - [2025-02-03T09:55:56.496+0000] {dagbag.py:588} INFO - Filling up the DagBag from /home/airflow/.local/lib/python3.12/site-packages/airflow/example_dags/example_python_decorator.py
[2025-02-03T09:55:56.509+0000] {processor.py:925} INFO - DAG(s) 'example_python_decorator' retrieved from /home/airflow/.local/lib/python3.12/site-packages/airflow/example_dags/example_python_decorator.py
[2025-02-03T09:55:56.532+0000] {logging_mixin.py:190} INFO - [2025-02-03T09:55:56.532+0000] {dag.py:3239} INFO - Sync 1 DAGs
[2025-02-03T09:55:56.544+0000] {logging_mixin.py:190} INFO - [2025-02-03T09:55:56.544+0000] {dag.py:4180} INFO - Setting next_dagrun for example_python_decorator to None, run_after=None
[2025-02-03T09:55:56.562+0000] {processor.py:208} INFO - Processing /home/airflow/.local/lib/python3.12/site-packages/airflow/example_dags/example_python_decorator.py took 0.077 seconds
[2025-02-03T09:56:26.615+0000] {processor.py:186} INFO - Started process (PID=212) to work on /home/airflow/.local/lib/python3.12/site-packages/airflow/example_dags/example_python_decorator.py
[2025-02-03T09:56:26.616+0000] {processor.py:914} INFO - Processing file /home/airflow/.local/lib/python3.12/site-packages/airflow/example_dags/example_python_decorator.py for tasks to queue
[2025-02-03T09:56:26.618+0000] {logging_mixin.py:190} INFO - [2025-02-03T09:56:26.618+0000] {dagbag.py:588} INFO - Filling up the DagBag from /home/airflow/.local/lib/python3.12/site-packages/airflow/example_dags/example_python_decorator.py
[2025-02-03T09:56:26.629+0000] {processor.py:925} INFO - DAG(s) 'example_python_decorator' retrieved from /home/airflow/.local/lib/python3.12/site-packages/airflow/example_dags/example_python_decorator.py
[2025-02-03T09:56:26.643+0000] {logging_mixin.py:190} INFO - [2025-02-03T09:56:26.643+0000] {dag.py:3239} INFO - Sync 1 DAGs
[2025-02-03T09:56:26.654+0000] {logging_mixin.py:190} INFO - [2025-02-03T09:56:26.654+0000] {dag.py:4180} INFO - Setting next_dagrun for example_python_decorator to None, run_after=None
[2025-02-03T09:56:26.671+0000] {processor.py:208} INFO - Processing /home/airflow/.local/lib/python3.12/site-packages/airflow/example_dags/example_python_decorator.py took 0.061 seconds
[2025-02-03T09:56:57.181+0000] {processor.py:186} INFO - Started process (PID=276) to work on /home/airflow/.local/lib/python3.12/site-packages/airflow/example_dags/example_python_decorator.py
[2025-02-03T09:56:57.182+0000] {processor.py:914} INFO - Processing file /home/airflow/.local/lib/python3.12/site-packages/airflow/example_dags/example_python_decorator.py for tasks to queue
[2025-02-03T09:56:57.186+0000] {logging_mixin.py:190} INFO - [2025-02-03T09:56:57.185+0000] {dagbag.py:588} INFO - Filling up the DagBag from /home/airflow/.local/lib/python3.12/site-packages/airflow/example_dags/example_python_decorator.py
[2025-02-03T09:56:57.198+0000] {processor.py:925} INFO - DAG(s) 'example_python_decorator' retrieved from /home/airflow/.local/lib/python3.12/site-packages/airflow/example_dags/example_python_decorator.py
[2025-02-03T09:56:57.215+0000] {logging_mixin.py:190} INFO - [2025-02-03T09:56:57.215+0000] {dag.py:3239} INFO - Sync 1 DAGs
[2025-02-03T09:56:57.226+0000] {logging_mixin.py:190} INFO - [2025-02-03T09:56:57.226+0000] {dag.py:4180} INFO - Setting next_dagrun for example_python_decorator to None, run_after=None
[2025-02-03T09:56:57.238+0000] {processor.py:208} INFO - Processing /home/airflow/.local/lib/python3.12/site-packages/airflow/example_dags/example_python_decorator.py took 0.063 seconds
[2025-02-03T09:57:34.100+0000] {processor.py:186} INFO - Started process (PID=340) to work on /home/airflow/.local/lib/python3.12/site-packages/airflow/example_dags/example_python_decorator.py
[2025-02-03T09:57:34.102+0000] {processor.py:914} INFO - Processing file /home/airflow/.local/lib/python3.12/site-packages/airflow/example_dags/example_python_decorator.py for tasks to queue
[2025-02-03T09:57:34.106+0000] {logging_mixin.py:190} INFO - [2025-02-03T09:57:34.105+0000] {dagbag.py:588} INFO - Filling up the DagBag from /home/airflow/.local/lib/python3.12/site-packages/airflow/example_dags/example_python_decorator.py
[2025-02-03T09:57:34.123+0000] {processor.py:925} INFO - DAG(s) 'example_python_decorator' retrieved from /home/airflow/.local/lib/python3.12/site-packages/airflow/example_dags/example_python_decorator.py
[2025-02-03T09:57:34.142+0000] {logging_mixin.py:190} INFO - [2025-02-03T09:57:34.142+0000] {dag.py:3239} INFO - Sync 1 DAGs
[2025-02-03T09:57:34.162+0000] {logging_mixin.py:190} INFO - [2025-02-03T09:57:34.162+0000] {dag.py:4180} INFO - Setting next_dagrun for example_python_decorator to None, run_after=None
[2025-02-03T09:57:34.183+0000] {processor.py:208} INFO - Processing /home/airflow/.local/lib/python3.12/site-packages/airflow/example_dags/example_python_decorator.py took 0.092 seconds
[2025-02-03T09:58:07.822+0000] {processor.py:186} INFO - Started process (PID=410) to work on /home/airflow/.local/lib/python3.12/site-packages/airflow/example_dags/example_python_decorator.py
[2025-02-03T09:58:07.824+0000] {processor.py:914} INFO - Processing file /home/airflow/.local/lib/python3.12/site-packages/airflow/example_dags/example_python_decorator.py for tasks to queue
[2025-02-03T09:58:07.827+0000] {logging_mixin.py:190} INFO - [2025-02-03T09:58:07.826+0000] {dagbag.py:588} INFO - Filling up the DagBag from /home/airflow/.local/lib/python3.12/site-packages/airflow/example_dags/example_python_decorator.py
[2025-02-03T09:58:07.844+0000] {processor.py:925} INFO - DAG(s) 'example_python_decorator' retrieved from /home/airflow/.local/lib/python3.12/site-packages/airflow/example_dags/example_python_decorator.py
[2025-02-03T09:58:07.864+0000] {logging_mixin.py:190} INFO - [2025-02-03T09:58:07.864+0000] {dag.py:3239} INFO - Sync 1 DAGs
[2025-02-03T09:58:07.878+0000] {logging_mixin.py:190} INFO - [2025-02-03T09:58:07.878+0000] {dag.py:4180} INFO - Setting next_dagrun for example_python_decorator to None, run_after=None
[2025-02-03T09:58:07.897+0000] {processor.py:208} INFO - Processing /home/airflow/.local/lib/python3.12/site-packages/airflow/example_dags/example_python_decorator.py took 0.080 seconds
[2025-02-03T09:58:39.649+0000] {processor.py:186} INFO - Started process (PID=475) to work on /home/airflow/.local/lib/python3.12/site-packages/airflow/example_dags/example_python_decorator.py
[2025-02-03T09:58:39.658+0000] {processor.py:914} INFO - Processing file /home/airflow/.local/lib/python3.12/site-packages/airflow/example_dags/example_python_decorator.py for tasks to queue
[2025-02-03T09:58:39.661+0000] {logging_mixin.py:190} INFO - [2025-02-03T09:58:39.661+0000] {dagbag.py:588} INFO - Filling up the DagBag from /home/airflow/.local/lib/python3.12/site-packages/airflow/example_dags/example_python_decorator.py
[2025-02-03T09:58:39.703+0000] {processor.py:925} INFO - DAG(s) 'example_python_decorator' retrieved from /home/airflow/.local/lib/python3.12/site-packages/airflow/example_dags/example_python_decorator.py
[2025-02-03T09:58:39.756+0000] {logging_mixin.py:190} INFO - [2025-02-03T09:58:39.756+0000] {dag.py:3239} INFO - Sync 1 DAGs
[2025-02-03T09:58:39.795+0000] {logging_mixin.py:190} INFO - [2025-02-03T09:58:39.795+0000] {dag.py:4180} INFO - Setting next_dagrun for example_python_decorator to None, run_after=None
[2025-02-03T09:58:39.847+0000] {processor.py:208} INFO - Processing /home/airflow/.local/lib/python3.12/site-packages/airflow/example_dags/example_python_decorator.py took 0.203 seconds
[2025-02-03T09:59:10.226+0000] {processor.py:186} INFO - Started process (PID=539) to work on /home/airflow/.local/lib/python3.12/site-packages/airflow/example_dags/example_python_decorator.py
[2025-02-03T09:59:10.227+0000] {processor.py:914} INFO - Processing file /home/airflow/.local/lib/python3.12/site-packages/airflow/example_dags/example_python_decorator.py for tasks to queue
[2025-02-03T09:59:10.229+0000] {logging_mixin.py:190} INFO - [2025-02-03T09:59:10.229+0000] {dagbag.py:588} INFO - Filling up the DagBag from /home/airflow/.local/lib/python3.12/site-packages/airflow/example_dags/example_python_decorator.py
[2025-02-03T09:59:10.242+0000] {processor.py:925} INFO - DAG(s) 'example_python_decorator' retrieved from /home/airflow/.local/lib/python3.12/site-packages/airflow/example_dags/example_python_decorator.py
[2025-02-03T09:59:10.271+0000] {logging_mixin.py:190} INFO - [2025-02-03T09:59:10.270+0000] {dag.py:3239} INFO - Sync 1 DAGs
[2025-02-03T09:59:10.284+0000] {logging_mixin.py:190} INFO - [2025-02-03T09:59:10.284+0000] {dag.py:4180} INFO - Setting next_dagrun for example_python_decorator to None, run_after=None
[2025-02-03T09:59:10.299+0000] {processor.py:208} INFO - Processing /home/airflow/.local/lib/python3.12/site-packages/airflow/example_dags/example_python_decorator.py took 0.079 seconds
[2025-02-03T09:59:40.805+0000] {processor.py:186} INFO - Started process (PID=597) to work on /home/airflow/.local/lib/python3.12/site-packages/airflow/example_dags/example_python_decorator.py
[2025-02-03T09:59:40.806+0000] {processor.py:914} INFO - Processing file /home/airflow/.local/lib/python3.12/site-packages/airflow/example_dags/example_python_decorator.py for tasks to queue
[2025-02-03T09:59:40.808+0000] {logging_mixin.py:190} INFO - [2025-02-03T09:59:40.807+0000] {dagbag.py:588} INFO - Filling up the DagBag from /home/airflow/.local/lib/python3.12/site-packages/airflow/example_dags/example_python_decorator.py
[2025-02-03T09:59:40.823+0000] {processor.py:925} INFO - DAG(s) 'example_python_decorator' retrieved from /home/airflow/.local/lib/python3.12/site-packages/airflow/example_dags/example_python_decorator.py
[2025-02-03T09:59:40.840+0000] {logging_mixin.py:190} INFO - [2025-02-03T09:59:40.839+0000] {dag.py:3239} INFO - Sync 1 DAGs
[2025-02-03T09:59:40.851+0000] {logging_mixin.py:190} INFO - [2025-02-03T09:59:40.851+0000] {dag.py:4180} INFO - Setting next_dagrun for example_python_decorator to None, run_after=None
[2025-02-03T09:59:40.867+0000] {processor.py:208} INFO - Processing /home/airflow/.local/lib/python3.12/site-packages/airflow/example_dags/example_python_decorator.py took 0.068 seconds
[2025-02-03T10:00:13.524+0000] {processor.py:186} INFO - Started process (PID=667) to work on /home/airflow/.local/lib/python3.12/site-packages/airflow/example_dags/example_python_decorator.py
[2025-02-03T10:00:13.530+0000] {processor.py:914} INFO - Processing file /home/airflow/.local/lib/python3.12/site-packages/airflow/example_dags/example_python_decorator.py for tasks to queue
[2025-02-03T10:00:13.535+0000] {logging_mixin.py:190} INFO - [2025-02-03T10:00:13.535+0000] {dagbag.py:588} INFO - Filling up the DagBag from /home/airflow/.local/lib/python3.12/site-packages/airflow/example_dags/example_python_decorator.py
[2025-02-03T10:00:13.550+0000] {processor.py:925} INFO - DAG(s) 'example_python_decorator' retrieved from /home/airflow/.local/lib/python3.12/site-packages/airflow/example_dags/example_python_decorator.py
[2025-02-03T10:00:13.655+0000] {logging_mixin.py:190} INFO - [2025-02-03T10:00:13.654+0000] {dag.py:3239} INFO - Sync 1 DAGs
[2025-02-03T10:00:13.684+0000] {logging_mixin.py:190} INFO - [2025-02-03T10:00:13.684+0000] {dag.py:4180} INFO - Setting next_dagrun for example_python_decorator to None, run_after=None
[2025-02-03T10:00:13.736+0000] {processor.py:208} INFO - Processing /home/airflow/.local/lib/python3.12/site-packages/airflow/example_dags/example_python_decorator.py took 0.219 seconds
[2025-02-03T10:00:44.182+0000] {processor.py:186} INFO - Started process (PID=725) to work on /home/airflow/.local/lib/python3.12/site-packages/airflow/example_dags/example_python_decorator.py
[2025-02-03T10:00:44.192+0000] {processor.py:914} INFO - Processing file /home/airflow/.local/lib/python3.12/site-packages/airflow/example_dags/example_python_decorator.py for tasks to queue
[2025-02-03T10:00:44.203+0000] {logging_mixin.py:190} INFO - [2025-02-03T10:00:44.202+0000] {dagbag.py:588} INFO - Filling up the DagBag from /home/airflow/.local/lib/python3.12/site-packages/airflow/example_dags/example_python_decorator.py
[2025-02-03T10:00:44.241+0000] {processor.py:925} INFO - DAG(s) 'example_python_decorator' retrieved from /home/airflow/.local/lib/python3.12/site-packages/airflow/example_dags/example_python_decorator.py
[2025-02-03T10:00:44.286+0000] {logging_mixin.py:190} INFO - [2025-02-03T10:00:44.286+0000] {dag.py:3239} INFO - Sync 1 DAGs
[2025-02-03T10:00:44.299+0000] {logging_mixin.py:190} INFO - [2025-02-03T10:00:44.299+0000] {dag.py:4180} INFO - Setting next_dagrun for example_python_decorator to None, run_after=None
[2025-02-03T10:00:44.316+0000] {processor.py:208} INFO - Processing /home/airflow/.local/lib/python3.12/site-packages/airflow/example_dags/example_python_decorator.py took 0.150 seconds
[2025-02-03T10:01:15.317+0000] {processor.py:186} INFO - Started process (PID=790) to work on /home/airflow/.local/lib/python3.12/site-packages/airflow/example_dags/example_python_decorator.py
[2025-02-03T10:01:15.319+0000] {processor.py:914} INFO - Processing file /home/airflow/.local/lib/python3.12/site-packages/airflow/example_dags/example_python_decorator.py for tasks to queue
[2025-02-03T10:01:15.321+0000] {logging_mixin.py:190} INFO - [2025-02-03T10:01:15.321+0000] {dagbag.py:588} INFO - Filling up the DagBag from /home/airflow/.local/lib/python3.12/site-packages/airflow/example_dags/example_python_decorator.py
[2025-02-03T10:01:15.340+0000] {processor.py:925} INFO - DAG(s) 'example_python_decorator' retrieved from /home/airflow/.local/lib/python3.12/site-packages/airflow/example_dags/example_python_decorator.py
[2025-02-03T10:01:15.387+0000] {logging_mixin.py:190} INFO - [2025-02-03T10:01:15.386+0000] {dag.py:3239} INFO - Sync 1 DAGs
[2025-02-03T10:01:15.436+0000] {logging_mixin.py:190} INFO - [2025-02-03T10:01:15.435+0000] {dag.py:4180} INFO - Setting next_dagrun for example_python_decorator to None, run_after=None
[2025-02-03T10:01:15.468+0000] {processor.py:208} INFO - Processing /home/airflow/.local/lib/python3.12/site-packages/airflow/example_dags/example_python_decorator.py took 0.159 seconds
[2025-02-03T10:01:47.200+0000] {processor.py:186} INFO - Started process (PID=854) to work on /home/airflow/.local/lib/python3.12/site-packages/airflow/example_dags/example_python_decorator.py
[2025-02-03T10:01:47.202+0000] {processor.py:914} INFO - Processing file /home/airflow/.local/lib/python3.12/site-packages/airflow/example_dags/example_python_decorator.py for tasks to queue
[2025-02-03T10:01:47.204+0000] {logging_mixin.py:190} INFO - [2025-02-03T10:01:47.204+0000] {dagbag.py:588} INFO - Filling up the DagBag from /home/airflow/.local/lib/python3.12/site-packages/airflow/example_dags/example_python_decorator.py
[2025-02-03T10:01:47.217+0000] {processor.py:925} INFO - DAG(s) 'example_python_decorator' retrieved from /home/airflow/.local/lib/python3.12/site-packages/airflow/example_dags/example_python_decorator.py
[2025-02-03T10:01:47.234+0000] {logging_mixin.py:190} INFO - [2025-02-03T10:01:47.234+0000] {dag.py:3239} INFO - Sync 1 DAGs
[2025-02-03T10:01:47.246+0000] {logging_mixin.py:190} INFO - [2025-02-03T10:01:47.246+0000] {dag.py:4180} INFO - Setting next_dagrun for example_python_decorator to None, run_after=None
[2025-02-03T10:01:47.278+0000] {processor.py:208} INFO - Processing /home/airflow/.local/lib/python3.12/site-packages/airflow/example_dags/example_python_decorator.py took 0.084 seconds
[2025-02-03T10:02:19.979+0000] {processor.py:186} INFO - Started process (PID=929) to work on /home/airflow/.local/lib/python3.12/site-packages/airflow/example_dags/example_python_decorator.py
[2025-02-03T10:02:19.981+0000] {processor.py:914} INFO - Processing file /home/airflow/.local/lib/python3.12/site-packages/airflow/example_dags/example_python_decorator.py for tasks to queue
[2025-02-03T10:02:19.986+0000] {logging_mixin.py:190} INFO - [2025-02-03T10:02:19.985+0000] {dagbag.py:588} INFO - Filling up the DagBag from /home/airflow/.local/lib/python3.12/site-packages/airflow/example_dags/example_python_decorator.py
[2025-02-03T10:02:20.010+0000] {processor.py:925} INFO - DAG(s) 'example_python_decorator' retrieved from /home/airflow/.local/lib/python3.12/site-packages/airflow/example_dags/example_python_decorator.py
[2025-02-03T10:02:20.038+0000] {logging_mixin.py:190} INFO - [2025-02-03T10:02:20.038+0000] {dag.py:3239} INFO - Sync 1 DAGs
[2025-02-03T10:02:20.050+0000] {logging_mixin.py:190} INFO - [2025-02-03T10:02:20.050+0000] {dag.py:4180} INFO - Setting next_dagrun for example_python_decorator to None, run_after=None
[2025-02-03T10:02:20.064+0000] {processor.py:208} INFO - Processing /home/airflow/.local/lib/python3.12/site-packages/airflow/example_dags/example_python_decorator.py took 0.097 seconds
[2025-02-03T10:02:52.410+0000] {processor.py:186} INFO - Started process (PID=993) to work on /home/airflow/.local/lib/python3.12/site-packages/airflow/example_dags/example_python_decorator.py
[2025-02-03T10:02:52.412+0000] {processor.py:914} INFO - Processing file /home/airflow/.local/lib/python3.12/site-packages/airflow/example_dags/example_python_decorator.py for tasks to queue
[2025-02-03T10:02:52.416+0000] {logging_mixin.py:190} INFO - [2025-02-03T10:02:52.416+0000] {dagbag.py:588} INFO - Filling up the DagBag from /home/airflow/.local/lib/python3.12/site-packages/airflow/example_dags/example_python_decorator.py
[2025-02-03T10:02:52.430+0000] {processor.py:925} INFO - DAG(s) 'example_python_decorator' retrieved from /home/airflow/.local/lib/python3.12/site-packages/airflow/example_dags/example_python_decorator.py
[2025-02-03T10:02:52.451+0000] {logging_mixin.py:190} INFO - [2025-02-03T10:02:52.451+0000] {dag.py:3239} INFO - Sync 1 DAGs
[2025-02-03T10:02:52.465+0000] {logging_mixin.py:190} INFO - [2025-02-03T10:02:52.465+0000] {dag.py:4180} INFO - Setting next_dagrun for example_python_decorator to None, run_after=None
[2025-02-03T10:02:52.491+0000] {processor.py:208} INFO - Processing /home/airflow/.local/lib/python3.12/site-packages/airflow/example_dags/example_python_decorator.py took 0.086 seconds
[2025-02-03T10:03:24.828+0000] {processor.py:186} INFO - Started process (PID=1057) to work on /home/airflow/.local/lib/python3.12/site-packages/airflow/example_dags/example_python_decorator.py
[2025-02-03T10:03:24.829+0000] {processor.py:914} INFO - Processing file /home/airflow/.local/lib/python3.12/site-packages/airflow/example_dags/example_python_decorator.py for tasks to queue
[2025-02-03T10:03:24.831+0000] {logging_mixin.py:190} INFO - [2025-02-03T10:03:24.830+0000] {dagbag.py:588} INFO - Filling up the DagBag from /home/airflow/.local/lib/python3.12/site-packages/airflow/example_dags/example_python_decorator.py
[2025-02-03T10:03:24.843+0000] {processor.py:925} INFO - DAG(s) 'example_python_decorator' retrieved from /home/airflow/.local/lib/python3.12/site-packages/airflow/example_dags/example_python_decorator.py
[2025-02-03T10:03:24.868+0000] {logging_mixin.py:190} INFO - [2025-02-03T10:03:24.867+0000] {dag.py:3239} INFO - Sync 1 DAGs
[2025-02-03T10:03:24.880+0000] {logging_mixin.py:190} INFO - [2025-02-03T10:03:24.880+0000] {dag.py:4180} INFO - Setting next_dagrun for example_python_decorator to None, run_after=None
[2025-02-03T10:03:24.897+0000] {processor.py:208} INFO - Processing /home/airflow/.local/lib/python3.12/site-packages/airflow/example_dags/example_python_decorator.py took 0.073 seconds
[2025-02-03T10:03:55.144+0000] {processor.py:186} INFO - Started process (PID=1121) to work on /home/airflow/.local/lib/python3.12/site-packages/airflow/example_dags/example_python_decorator.py
[2025-02-03T10:03:55.145+0000] {processor.py:914} INFO - Processing file /home/airflow/.local/lib/python3.12/site-packages/airflow/example_dags/example_python_decorator.py for tasks to queue
[2025-02-03T10:03:55.147+0000] {logging_mixin.py:190} INFO - [2025-02-03T10:03:55.147+0000] {dagbag.py:588} INFO - Filling up the DagBag from /home/airflow/.local/lib/python3.12/site-packages/airflow/example_dags/example_python_decorator.py
[2025-02-03T10:03:55.161+0000] {processor.py:925} INFO - DAG(s) 'example_python_decorator' retrieved from /home/airflow/.local/lib/python3.12/site-packages/airflow/example_dags/example_python_decorator.py
[2025-02-03T10:03:55.182+0000] {logging_mixin.py:190} INFO - [2025-02-03T10:03:55.182+0000] {dag.py:3239} INFO - Sync 1 DAGs
[2025-02-03T10:03:55.193+0000] {logging_mixin.py:190} INFO - [2025-02-03T10:03:55.193+0000] {dag.py:4180} INFO - Setting next_dagrun for example_python_decorator to None, run_after=None
[2025-02-03T10:03:55.207+0000] {processor.py:208} INFO - Processing /home/airflow/.local/lib/python3.12/site-packages/airflow/example_dags/example_python_decorator.py took 0.068 seconds
[2025-02-03T10:04:25.646+0000] {processor.py:186} INFO - Started process (PID=1185) to work on /home/airflow/.local/lib/python3.12/site-packages/airflow/example_dags/example_python_decorator.py
[2025-02-03T10:04:25.648+0000] {processor.py:914} INFO - Processing file /home/airflow/.local/lib/python3.12/site-packages/airflow/example_dags/example_python_decorator.py for tasks to queue
[2025-02-03T10:04:25.653+0000] {logging_mixin.py:190} INFO - [2025-02-03T10:04:25.650+0000] {dagbag.py:588} INFO - Filling up the DagBag from /home/airflow/.local/lib/python3.12/site-packages/airflow/example_dags/example_python_decorator.py
[2025-02-03T10:04:25.677+0000] {processor.py:925} INFO - DAG(s) 'example_python_decorator' retrieved from /home/airflow/.local/lib/python3.12/site-packages/airflow/example_dags/example_python_decorator.py
[2025-02-03T10:04:25.702+0000] {logging_mixin.py:190} INFO - [2025-02-03T10:04:25.702+0000] {dag.py:3239} INFO - Sync 1 DAGs
[2025-02-03T10:04:25.730+0000] {logging_mixin.py:190} INFO - [2025-02-03T10:04:25.730+0000] {dag.py:4180} INFO - Setting next_dagrun for example_python_decorator to None, run_after=None
[2025-02-03T10:04:25.772+0000] {processor.py:208} INFO - Processing /home/airflow/.local/lib/python3.12/site-packages/airflow/example_dags/example_python_decorator.py took 0.130 seconds
[2025-02-03T10:04:56.216+0000] {processor.py:186} INFO - Started process (PID=1249) to work on /home/airflow/.local/lib/python3.12/site-packages/airflow/example_dags/example_python_decorator.py
[2025-02-03T10:04:56.217+0000] {processor.py:914} INFO - Processing file /home/airflow/.local/lib/python3.12/site-packages/airflow/example_dags/example_python_decorator.py for tasks to queue
[2025-02-03T10:04:56.219+0000] {logging_mixin.py:190} INFO - [2025-02-03T10:04:56.219+0000] {dagbag.py:588} INFO - Filling up the DagBag from /home/airflow/.local/lib/python3.12/site-packages/airflow/example_dags/example_python_decorator.py
[2025-02-03T10:04:56.232+0000] {processor.py:925} INFO - DAG(s) 'example_python_decorator' retrieved from /home/airflow/.local/lib/python3.12/site-packages/airflow/example_dags/example_python_decorator.py
[2025-02-03T10:04:56.250+0000] {logging_mixin.py:190} INFO - [2025-02-03T10:04:56.249+0000] {dag.py:3239} INFO - Sync 1 DAGs
[2025-02-03T10:04:56.263+0000] {logging_mixin.py:190} INFO - [2025-02-03T10:04:56.262+0000] {dag.py:4180} INFO - Setting next_dagrun for example_python_decorator to None, run_after=None
[2025-02-03T10:04:56.283+0000] {processor.py:208} INFO - Processing /home/airflow/.local/lib/python3.12/site-packages/airflow/example_dags/example_python_decorator.py took 0.072 seconds
[2025-02-03T10:05:26.805+0000] {processor.py:186} INFO - Started process (PID=1307) to work on /home/airflow/.local/lib/python3.12/site-packages/airflow/example_dags/example_python_decorator.py
[2025-02-03T10:05:26.806+0000] {processor.py:914} INFO - Processing file /home/airflow/.local/lib/python3.12/site-packages/airflow/example_dags/example_python_decorator.py for tasks to queue
[2025-02-03T10:05:26.810+0000] {logging_mixin.py:190} INFO - [2025-02-03T10:05:26.809+0000] {dagbag.py:588} INFO - Filling up the DagBag from /home/airflow/.local/lib/python3.12/site-packages/airflow/example_dags/example_python_decorator.py
[2025-02-03T10:05:26.824+0000] {processor.py:925} INFO - DAG(s) 'example_python_decorator' retrieved from /home/airflow/.local/lib/python3.12/site-packages/airflow/example_dags/example_python_decorator.py
[2025-02-03T10:05:26.847+0000] {logging_mixin.py:190} INFO - [2025-02-03T10:05:26.847+0000] {dag.py:3239} INFO - Sync 1 DAGs
[2025-02-03T10:05:26.862+0000] {logging_mixin.py:190} INFO - [2025-02-03T10:05:26.862+0000] {dag.py:4180} INFO - Setting next_dagrun for example_python_decorator to None, run_after=None
[2025-02-03T10:05:26.878+0000] {processor.py:208} INFO - Processing /home/airflow/.local/lib/python3.12/site-packages/airflow/example_dags/example_python_decorator.py took 0.079 seconds
[2025-02-03T10:05:57.283+0000] {processor.py:186} INFO - Started process (PID=1371) to work on /home/airflow/.local/lib/python3.12/site-packages/airflow/example_dags/example_python_decorator.py
[2025-02-03T10:05:57.284+0000] {processor.py:914} INFO - Processing file /home/airflow/.local/lib/python3.12/site-packages/airflow/example_dags/example_python_decorator.py for tasks to queue
[2025-02-03T10:05:57.286+0000] {logging_mixin.py:190} INFO - [2025-02-03T10:05:57.286+0000] {dagbag.py:588} INFO - Filling up the DagBag from /home/airflow/.local/lib/python3.12/site-packages/airflow/example_dags/example_python_decorator.py
[2025-02-03T10:05:57.299+0000] {processor.py:925} INFO - DAG(s) 'example_python_decorator' retrieved from /home/airflow/.local/lib/python3.12/site-packages/airflow/example_dags/example_python_decorator.py
[2025-02-03T10:05:57.316+0000] {logging_mixin.py:190} INFO - [2025-02-03T10:05:57.315+0000] {dag.py:3239} INFO - Sync 1 DAGs
[2025-02-03T10:05:57.328+0000] {logging_mixin.py:190} INFO - [2025-02-03T10:05:57.328+0000] {dag.py:4180} INFO - Setting next_dagrun for example_python_decorator to None, run_after=None
[2025-02-03T10:05:57.353+0000] {processor.py:208} INFO - Processing /home/airflow/.local/lib/python3.12/site-packages/airflow/example_dags/example_python_decorator.py took 0.075 seconds
[2025-02-03T10:06:29.128+0000] {processor.py:186} INFO - Started process (PID=1435) to work on /home/airflow/.local/lib/python3.12/site-packages/airflow/example_dags/example_python_decorator.py
[2025-02-03T10:06:29.130+0000] {processor.py:914} INFO - Processing file /home/airflow/.local/lib/python3.12/site-packages/airflow/example_dags/example_python_decorator.py for tasks to queue
[2025-02-03T10:06:29.136+0000] {logging_mixin.py:190} INFO - [2025-02-03T10:06:29.135+0000] {dagbag.py:588} INFO - Filling up the DagBag from /home/airflow/.local/lib/python3.12/site-packages/airflow/example_dags/example_python_decorator.py
[2025-02-03T10:06:29.150+0000] {processor.py:925} INFO - DAG(s) 'example_python_decorator' retrieved from /home/airflow/.local/lib/python3.12/site-packages/airflow/example_dags/example_python_decorator.py
[2025-02-03T10:06:29.170+0000] {logging_mixin.py:190} INFO - [2025-02-03T10:06:29.170+0000] {dag.py:3239} INFO - Sync 1 DAGs
[2025-02-03T10:06:29.182+0000] {logging_mixin.py:190} INFO - [2025-02-03T10:06:29.181+0000] {dag.py:4180} INFO - Setting next_dagrun for example_python_decorator to None, run_after=None
[2025-02-03T10:06:29.196+0000] {processor.py:208} INFO - Processing /home/airflow/.local/lib/python3.12/site-packages/airflow/example_dags/example_python_decorator.py took 0.073 seconds
[2025-02-03T10:13:09.344+0000] {processor.py:186} INFO - Started process (PID=92) to work on /home/airflow/.local/lib/python3.12/site-packages/airflow/example_dags/example_python_decorator.py
[2025-02-03T10:13:09.346+0000] {processor.py:914} INFO - Processing file /home/airflow/.local/lib/python3.12/site-packages/airflow/example_dags/example_python_decorator.py for tasks to queue
[2025-02-03T10:13:09.349+0000] {logging_mixin.py:190} INFO - [2025-02-03T10:13:09.348+0000] {dagbag.py:588} INFO - Filling up the DagBag from /home/airflow/.local/lib/python3.12/site-packages/airflow/example_dags/example_python_decorator.py
[2025-02-03T10:13:09.364+0000] {processor.py:925} INFO - DAG(s) 'example_python_decorator' retrieved from /home/airflow/.local/lib/python3.12/site-packages/airflow/example_dags/example_python_decorator.py
[2025-02-03T10:13:09.469+0000] {logging_mixin.py:190} INFO - [2025-02-03T10:13:09.469+0000] {dag.py:3239} INFO - Sync 1 DAGs
[2025-02-03T10:13:09.481+0000] {logging_mixin.py:190} INFO - [2025-02-03T10:13:09.481+0000] {dag.py:4180} INFO - Setting next_dagrun for example_python_decorator to None, run_after=None
[2025-02-03T10:13:09.502+0000] {processor.py:208} INFO - Processing /home/airflow/.local/lib/python3.12/site-packages/airflow/example_dags/example_python_decorator.py took 0.163 seconds
[2025-02-03T10:13:39.655+0000] {processor.py:186} INFO - Started process (PID=156) to work on /home/airflow/.local/lib/python3.12/site-packages/airflow/example_dags/example_python_decorator.py
[2025-02-03T10:13:39.658+0000] {processor.py:914} INFO - Processing file /home/airflow/.local/lib/python3.12/site-packages/airflow/example_dags/example_python_decorator.py for tasks to queue
[2025-02-03T10:13:39.660+0000] {logging_mixin.py:190} INFO - [2025-02-03T10:13:39.660+0000] {dagbag.py:588} INFO - Filling up the DagBag from /home/airflow/.local/lib/python3.12/site-packages/airflow/example_dags/example_python_decorator.py
[2025-02-03T10:13:39.673+0000] {processor.py:925} INFO - DAG(s) 'example_python_decorator' retrieved from /home/airflow/.local/lib/python3.12/site-packages/airflow/example_dags/example_python_decorator.py
[2025-02-03T10:13:39.692+0000] {logging_mixin.py:190} INFO - [2025-02-03T10:13:39.692+0000] {dag.py:3239} INFO - Sync 1 DAGs
[2025-02-03T10:13:39.721+0000] {logging_mixin.py:190} INFO - [2025-02-03T10:13:39.721+0000] {dag.py:4180} INFO - Setting next_dagrun for example_python_decorator to None, run_after=None
[2025-02-03T10:13:39.764+0000] {processor.py:208} INFO - Processing /home/airflow/.local/lib/python3.12/site-packages/airflow/example_dags/example_python_decorator.py took 0.122 seconds
[2025-02-03T10:14:11.550+0000] {processor.py:186} INFO - Started process (PID=220) to work on /home/airflow/.local/lib/python3.12/site-packages/airflow/example_dags/example_python_decorator.py
[2025-02-03T10:14:11.551+0000] {processor.py:914} INFO - Processing file /home/airflow/.local/lib/python3.12/site-packages/airflow/example_dags/example_python_decorator.py for tasks to queue
[2025-02-03T10:14:11.555+0000] {logging_mixin.py:190} INFO - [2025-02-03T10:14:11.554+0000] {dagbag.py:588} INFO - Filling up the DagBag from /home/airflow/.local/lib/python3.12/site-packages/airflow/example_dags/example_python_decorator.py
[2025-02-03T10:14:11.567+0000] {processor.py:925} INFO - DAG(s) 'example_python_decorator' retrieved from /home/airflow/.local/lib/python3.12/site-packages/airflow/example_dags/example_python_decorator.py
[2025-02-03T10:14:11.597+0000] {logging_mixin.py:190} INFO - [2025-02-03T10:14:11.597+0000] {dag.py:3239} INFO - Sync 1 DAGs
[2025-02-03T10:14:11.609+0000] {logging_mixin.py:190} INFO - [2025-02-03T10:14:11.609+0000] {dag.py:4180} INFO - Setting next_dagrun for example_python_decorator to None, run_after=None
[2025-02-03T10:14:11.633+0000] {processor.py:208} INFO - Processing /home/airflow/.local/lib/python3.12/site-packages/airflow/example_dags/example_python_decorator.py took 0.089 seconds
[2025-02-03T10:14:41.935+0000] {processor.py:186} INFO - Started process (PID=278) to work on /home/airflow/.local/lib/python3.12/site-packages/airflow/example_dags/example_python_decorator.py
[2025-02-03T10:14:41.936+0000] {processor.py:914} INFO - Processing file /home/airflow/.local/lib/python3.12/site-packages/airflow/example_dags/example_python_decorator.py for tasks to queue
[2025-02-03T10:14:41.941+0000] {logging_mixin.py:190} INFO - [2025-02-03T10:14:41.940+0000] {dagbag.py:588} INFO - Filling up the DagBag from /home/airflow/.local/lib/python3.12/site-packages/airflow/example_dags/example_python_decorator.py
[2025-02-03T10:14:41.959+0000] {processor.py:925} INFO - DAG(s) 'example_python_decorator' retrieved from /home/airflow/.local/lib/python3.12/site-packages/airflow/example_dags/example_python_decorator.py
[2025-02-03T10:14:41.987+0000] {logging_mixin.py:190} INFO - [2025-02-03T10:14:41.986+0000] {dag.py:3239} INFO - Sync 1 DAGs
[2025-02-03T10:14:42.002+0000] {logging_mixin.py:190} INFO - [2025-02-03T10:14:42.002+0000] {dag.py:4180} INFO - Setting next_dagrun for example_python_decorator to None, run_after=None
[2025-02-03T10:14:42.017+0000] {processor.py:208} INFO - Processing /home/airflow/.local/lib/python3.12/site-packages/airflow/example_dags/example_python_decorator.py took 0.087 seconds
[2025-02-03T10:15:12.248+0000] {processor.py:186} INFO - Started process (PID=343) to work on /home/airflow/.local/lib/python3.12/site-packages/airflow/example_dags/example_python_decorator.py
[2025-02-03T10:15:12.249+0000] {processor.py:914} INFO - Processing file /home/airflow/.local/lib/python3.12/site-packages/airflow/example_dags/example_python_decorator.py for tasks to queue
[2025-02-03T10:15:12.252+0000] {logging_mixin.py:190} INFO - [2025-02-03T10:15:12.252+0000] {dagbag.py:588} INFO - Filling up the DagBag from /home/airflow/.local/lib/python3.12/site-packages/airflow/example_dags/example_python_decorator.py
[2025-02-03T10:15:12.268+0000] {processor.py:925} INFO - DAG(s) 'example_python_decorator' retrieved from /home/airflow/.local/lib/python3.12/site-packages/airflow/example_dags/example_python_decorator.py
[2025-02-03T10:15:12.285+0000] {logging_mixin.py:190} INFO - [2025-02-03T10:15:12.285+0000] {dag.py:3239} INFO - Sync 1 DAGs
[2025-02-03T10:15:12.299+0000] {logging_mixin.py:190} INFO - [2025-02-03T10:15:12.299+0000] {dag.py:4180} INFO - Setting next_dagrun for example_python_decorator to None, run_after=None
[2025-02-03T10:15:12.316+0000] {processor.py:208} INFO - Processing /home/airflow/.local/lib/python3.12/site-packages/airflow/example_dags/example_python_decorator.py took 0.074 seconds
[2025-02-03T10:15:42.828+0000] {processor.py:186} INFO - Started process (PID=407) to work on /home/airflow/.local/lib/python3.12/site-packages/airflow/example_dags/example_python_decorator.py
[2025-02-03T10:15:42.829+0000] {processor.py:914} INFO - Processing file /home/airflow/.local/lib/python3.12/site-packages/airflow/example_dags/example_python_decorator.py for tasks to queue
[2025-02-03T10:15:42.831+0000] {logging_mixin.py:190} INFO - [2025-02-03T10:15:42.831+0000] {dagbag.py:588} INFO - Filling up the DagBag from /home/airflow/.local/lib/python3.12/site-packages/airflow/example_dags/example_python_decorator.py
[2025-02-03T10:15:42.845+0000] {processor.py:925} INFO - DAG(s) 'example_python_decorator' retrieved from /home/airflow/.local/lib/python3.12/site-packages/airflow/example_dags/example_python_decorator.py
[2025-02-03T10:15:42.864+0000] {logging_mixin.py:190} INFO - [2025-02-03T10:15:42.863+0000] {dag.py:3239} INFO - Sync 1 DAGs
[2025-02-03T10:15:42.876+0000] {logging_mixin.py:190} INFO - [2025-02-03T10:15:42.876+0000] {dag.py:4180} INFO - Setting next_dagrun for example_python_decorator to None, run_after=None
[2025-02-03T10:15:42.893+0000] {processor.py:208} INFO - Processing /home/airflow/.local/lib/python3.12/site-packages/airflow/example_dags/example_python_decorator.py took 0.072 seconds
[2025-02-03T10:16:14.800+0000] {processor.py:186} INFO - Started process (PID=471) to work on /home/airflow/.local/lib/python3.12/site-packages/airflow/example_dags/example_python_decorator.py
[2025-02-03T10:16:14.801+0000] {processor.py:914} INFO - Processing file /home/airflow/.local/lib/python3.12/site-packages/airflow/example_dags/example_python_decorator.py for tasks to queue
[2025-02-03T10:16:14.804+0000] {logging_mixin.py:190} INFO - [2025-02-03T10:16:14.803+0000] {dagbag.py:588} INFO - Filling up the DagBag from /home/airflow/.local/lib/python3.12/site-packages/airflow/example_dags/example_python_decorator.py
[2025-02-03T10:16:14.816+0000] {processor.py:925} INFO - DAG(s) 'example_python_decorator' retrieved from /home/airflow/.local/lib/python3.12/site-packages/airflow/example_dags/example_python_decorator.py
[2025-02-03T10:16:14.843+0000] {logging_mixin.py:190} INFO - [2025-02-03T10:16:14.843+0000] {dag.py:3239} INFO - Sync 1 DAGs
[2025-02-03T10:16:14.856+0000] {logging_mixin.py:190} INFO - [2025-02-03T10:16:14.856+0000] {dag.py:4180} INFO - Setting next_dagrun for example_python_decorator to None, run_after=None
[2025-02-03T10:16:14.872+0000] {processor.py:208} INFO - Processing /home/airflow/.local/lib/python3.12/site-packages/airflow/example_dags/example_python_decorator.py took 0.077 seconds
[2025-02-03T10:16:46.194+0000] {processor.py:186} INFO - Started process (PID=536) to work on /home/airflow/.local/lib/python3.12/site-packages/airflow/example_dags/example_python_decorator.py
[2025-02-03T10:16:46.195+0000] {processor.py:914} INFO - Processing file /home/airflow/.local/lib/python3.12/site-packages/airflow/example_dags/example_python_decorator.py for tasks to queue
[2025-02-03T10:16:46.197+0000] {logging_mixin.py:190} INFO - [2025-02-03T10:16:46.196+0000] {dagbag.py:588} INFO - Filling up the DagBag from /home/airflow/.local/lib/python3.12/site-packages/airflow/example_dags/example_python_decorator.py
[2025-02-03T10:16:46.210+0000] {processor.py:925} INFO - DAG(s) 'example_python_decorator' retrieved from /home/airflow/.local/lib/python3.12/site-packages/airflow/example_dags/example_python_decorator.py
[2025-02-03T10:16:46.232+0000] {logging_mixin.py:190} INFO - [2025-02-03T10:16:46.231+0000] {dag.py:3239} INFO - Sync 1 DAGs
[2025-02-03T10:16:46.245+0000] {logging_mixin.py:190} INFO - [2025-02-03T10:16:46.245+0000] {dag.py:4180} INFO - Setting next_dagrun for example_python_decorator to None, run_after=None
[2025-02-03T10:16:46.262+0000] {processor.py:208} INFO - Processing /home/airflow/.local/lib/python3.12/site-packages/airflow/example_dags/example_python_decorator.py took 0.074 seconds
[2025-02-03T10:17:18.297+0000] {processor.py:186} INFO - Started process (PID=600) to work on /home/airflow/.local/lib/python3.12/site-packages/airflow/example_dags/example_python_decorator.py
[2025-02-03T10:17:18.306+0000] {processor.py:914} INFO - Processing file /home/airflow/.local/lib/python3.12/site-packages/airflow/example_dags/example_python_decorator.py for tasks to queue
[2025-02-03T10:17:18.309+0000] {logging_mixin.py:190} INFO - [2025-02-03T10:17:18.308+0000] {dagbag.py:588} INFO - Filling up the DagBag from /home/airflow/.local/lib/python3.12/site-packages/airflow/example_dags/example_python_decorator.py
[2025-02-03T10:17:18.324+0000] {processor.py:925} INFO - DAG(s) 'example_python_decorator' retrieved from /home/airflow/.local/lib/python3.12/site-packages/airflow/example_dags/example_python_decorator.py
[2025-02-03T10:17:18.363+0000] {logging_mixin.py:190} INFO - [2025-02-03T10:17:18.363+0000] {dag.py:3239} INFO - Sync 1 DAGs
[2025-02-03T10:17:18.379+0000] {logging_mixin.py:190} INFO - [2025-02-03T10:17:18.378+0000] {dag.py:4180} INFO - Setting next_dagrun for example_python_decorator to None, run_after=None
[2025-02-03T10:17:18.413+0000] {processor.py:208} INFO - Processing /home/airflow/.local/lib/python3.12/site-packages/airflow/example_dags/example_python_decorator.py took 0.125 seconds
[2025-02-03T10:17:48.523+0000] {processor.py:186} INFO - Started process (PID=665) to work on /home/airflow/.local/lib/python3.12/site-packages/airflow/example_dags/example_python_decorator.py
[2025-02-03T10:17:48.525+0000] {processor.py:914} INFO - Processing file /home/airflow/.local/lib/python3.12/site-packages/airflow/example_dags/example_python_decorator.py for tasks to queue
[2025-02-03T10:17:48.526+0000] {logging_mixin.py:190} INFO - [2025-02-03T10:17:48.526+0000] {dagbag.py:588} INFO - Filling up the DagBag from /home/airflow/.local/lib/python3.12/site-packages/airflow/example_dags/example_python_decorator.py
[2025-02-03T10:17:48.541+0000] {processor.py:925} INFO - DAG(s) 'example_python_decorator' retrieved from /home/airflow/.local/lib/python3.12/site-packages/airflow/example_dags/example_python_decorator.py
[2025-02-03T10:17:48.561+0000] {logging_mixin.py:190} INFO - [2025-02-03T10:17:48.560+0000] {dag.py:3239} INFO - Sync 1 DAGs
[2025-02-03T10:17:48.573+0000] {logging_mixin.py:190} INFO - [2025-02-03T10:17:48.572+0000] {dag.py:4180} INFO - Setting next_dagrun for example_python_decorator to None, run_after=None
[2025-02-03T10:17:48.587+0000] {processor.py:208} INFO - Processing /home/airflow/.local/lib/python3.12/site-packages/airflow/example_dags/example_python_decorator.py took 0.069 seconds
[2025-02-03T10:18:18.852+0000] {processor.py:186} INFO - Started process (PID=730) to work on /home/airflow/.local/lib/python3.12/site-packages/airflow/example_dags/example_python_decorator.py
[2025-02-03T10:18:18.853+0000] {processor.py:914} INFO - Processing file /home/airflow/.local/lib/python3.12/site-packages/airflow/example_dags/example_python_decorator.py for tasks to queue
[2025-02-03T10:18:18.855+0000] {logging_mixin.py:190} INFO - [2025-02-03T10:18:18.855+0000] {dagbag.py:588} INFO - Filling up the DagBag from /home/airflow/.local/lib/python3.12/site-packages/airflow/example_dags/example_python_decorator.py
[2025-02-03T10:18:18.872+0000] {processor.py:925} INFO - DAG(s) 'example_python_decorator' retrieved from /home/airflow/.local/lib/python3.12/site-packages/airflow/example_dags/example_python_decorator.py
[2025-02-03T10:18:18.897+0000] {logging_mixin.py:190} INFO - [2025-02-03T10:18:18.897+0000] {dag.py:3239} INFO - Sync 1 DAGs
[2025-02-03T10:18:18.908+0000] {logging_mixin.py:190} INFO - [2025-02-03T10:18:18.908+0000] {dag.py:4180} INFO - Setting next_dagrun for example_python_decorator to None, run_after=None
[2025-02-03T10:18:18.924+0000] {processor.py:208} INFO - Processing /home/airflow/.local/lib/python3.12/site-packages/airflow/example_dags/example_python_decorator.py took 0.079 seconds
[2025-02-03T10:18:50.405+0000] {processor.py:186} INFO - Started process (PID=794) to work on /home/airflow/.local/lib/python3.12/site-packages/airflow/example_dags/example_python_decorator.py
[2025-02-03T10:18:50.406+0000] {processor.py:914} INFO - Processing file /home/airflow/.local/lib/python3.12/site-packages/airflow/example_dags/example_python_decorator.py for tasks to queue
[2025-02-03T10:18:50.410+0000] {logging_mixin.py:190} INFO - [2025-02-03T10:18:50.409+0000] {dagbag.py:588} INFO - Filling up the DagBag from /home/airflow/.local/lib/python3.12/site-packages/airflow/example_dags/example_python_decorator.py
[2025-02-03T10:18:50.421+0000] {processor.py:925} INFO - DAG(s) 'example_python_decorator' retrieved from /home/airflow/.local/lib/python3.12/site-packages/airflow/example_dags/example_python_decorator.py
[2025-02-03T10:18:50.438+0000] {logging_mixin.py:190} INFO - [2025-02-03T10:18:50.438+0000] {dag.py:3239} INFO - Sync 1 DAGs
[2025-02-03T10:18:50.449+0000] {logging_mixin.py:190} INFO - [2025-02-03T10:18:50.449+0000] {dag.py:4180} INFO - Setting next_dagrun for example_python_decorator to None, run_after=None
[2025-02-03T10:18:50.466+0000] {processor.py:208} INFO - Processing /home/airflow/.local/lib/python3.12/site-packages/airflow/example_dags/example_python_decorator.py took 0.066 seconds
[2025-02-03T10:19:23.725+0000] {processor.py:186} INFO - Started process (PID=858) to work on /home/airflow/.local/lib/python3.12/site-packages/airflow/example_dags/example_python_decorator.py
[2025-02-03T10:19:23.728+0000] {processor.py:914} INFO - Processing file /home/airflow/.local/lib/python3.12/site-packages/airflow/example_dags/example_python_decorator.py for tasks to queue
[2025-02-03T10:19:23.732+0000] {logging_mixin.py:190} INFO - [2025-02-03T10:19:23.732+0000] {dagbag.py:588} INFO - Filling up the DagBag from /home/airflow/.local/lib/python3.12/site-packages/airflow/example_dags/example_python_decorator.py
[2025-02-03T10:19:23.750+0000] {processor.py:925} INFO - DAG(s) 'example_python_decorator' retrieved from /home/airflow/.local/lib/python3.12/site-packages/airflow/example_dags/example_python_decorator.py
[2025-02-03T10:19:23.780+0000] {logging_mixin.py:190} INFO - [2025-02-03T10:19:23.780+0000] {dag.py:3239} INFO - Sync 1 DAGs
[2025-02-03T10:19:23.795+0000] {logging_mixin.py:190} INFO - [2025-02-03T10:19:23.795+0000] {dag.py:4180} INFO - Setting next_dagrun for example_python_decorator to None, run_after=None
[2025-02-03T10:19:23.818+0000] {processor.py:208} INFO - Processing /home/airflow/.local/lib/python3.12/site-packages/airflow/example_dags/example_python_decorator.py took 0.100 seconds
[2025-02-03T10:19:56.228+0000] {processor.py:186} INFO - Started process (PID=922) to work on /home/airflow/.local/lib/python3.12/site-packages/airflow/example_dags/example_python_decorator.py
[2025-02-03T10:19:56.229+0000] {processor.py:914} INFO - Processing file /home/airflow/.local/lib/python3.12/site-packages/airflow/example_dags/example_python_decorator.py for tasks to queue
[2025-02-03T10:19:56.232+0000] {logging_mixin.py:190} INFO - [2025-02-03T10:19:56.232+0000] {dagbag.py:588} INFO - Filling up the DagBag from /home/airflow/.local/lib/python3.12/site-packages/airflow/example_dags/example_python_decorator.py
[2025-02-03T10:19:56.246+0000] {processor.py:925} INFO - DAG(s) 'example_python_decorator' retrieved from /home/airflow/.local/lib/python3.12/site-packages/airflow/example_dags/example_python_decorator.py
[2025-02-03T10:19:56.267+0000] {logging_mixin.py:190} INFO - [2025-02-03T10:19:56.266+0000] {dag.py:3239} INFO - Sync 1 DAGs
[2025-02-03T10:19:56.285+0000] {logging_mixin.py:190} INFO - [2025-02-03T10:19:56.284+0000] {dag.py:4180} INFO - Setting next_dagrun for example_python_decorator to None, run_after=None
[2025-02-03T10:19:56.303+0000] {processor.py:208} INFO - Processing /home/airflow/.local/lib/python3.12/site-packages/airflow/example_dags/example_python_decorator.py took 0.082 seconds
