[2025-02-03T09:44:32.037+0000] {processor.py:186} INFO - Started process (PID=58) to work on /home/airflow/.local/lib/python3.12/site-packages/airflow/example_dags/example_params_trigger_ui.py
[2025-02-03T09:44:32.039+0000] {processor.py:914} INFO - Processing file /home/airflow/.local/lib/python3.12/site-packages/airflow/example_dags/example_params_trigger_ui.py for tasks to queue
[2025-02-03T09:44:32.045+0000] {logging_mixin.py:190} INFO - [2025-02-03T09:44:32.045+0000] {dagbag.py:588} INFO - Filling up the DagBag from /home/airflow/.local/lib/python3.12/site-packages/airflow/example_dags/example_params_trigger_ui.py
[2025-02-03T09:44:32.061+0000] {processor.py:925} INFO - DAG(s) 'example_params_trigger_ui' retrieved from /home/airflow/.local/lib/python3.12/site-packages/airflow/example_dags/example_params_trigger_ui.py
[2025-02-03T09:44:32.246+0000] {logging_mixin.py:190} INFO - [2025-02-03T09:44:32.246+0000] {override.py:1911} INFO - Created Permission View: can edit on DAG:example_params_trigger_ui
[2025-02-03T09:44:32.265+0000] {logging_mixin.py:190} INFO - [2025-02-03T09:44:32.265+0000] {override.py:1911} INFO - Created Permission View: can read on DAG:example_params_trigger_ui
[2025-02-03T09:44:32.273+0000] {logging_mixin.py:190} INFO - [2025-02-03T09:44:32.272+0000] {override.py:1911} INFO - Created Permission View: can delete on DAG:example_params_trigger_ui
[2025-02-03T09:44:32.281+0000] {logging_mixin.py:190} INFO - [2025-02-03T09:44:32.281+0000] {override.py:1911} INFO - Created Permission View: can read on DAG Run:example_params_trigger_ui
[2025-02-03T09:44:32.287+0000] {logging_mixin.py:190} INFO - [2025-02-03T09:44:32.287+0000] {override.py:1911} INFO - Created Permission View: can delete on DAG Run:example_params_trigger_ui
[2025-02-03T09:44:32.294+0000] {logging_mixin.py:190} INFO - [2025-02-03T09:44:32.294+0000] {override.py:1911} INFO - Created Permission View: can create on DAG Run:example_params_trigger_ui
[2025-02-03T09:44:32.299+0000] {logging_mixin.py:190} INFO - [2025-02-03T09:44:32.299+0000] {override.py:1911} INFO - Created Permission View: menu access on DAG Run:example_params_trigger_ui
[2025-02-03T09:44:32.300+0000] {logging_mixin.py:190} INFO - [2025-02-03T09:44:32.300+0000] {dag.py:3239} INFO - Sync 1 DAGs
[2025-02-03T09:44:32.319+0000] {logging_mixin.py:190} INFO - [2025-02-03T09:44:32.319+0000] {dag.py:3262} INFO - Creating ORM DAG for example_params_trigger_ui
[2025-02-03T09:44:32.321+0000] {logging_mixin.py:190} INFO - [2025-02-03T09:44:32.320+0000] {dag.py:4180} INFO - Setting next_dagrun for example_params_trigger_ui to None, run_after=None
[2025-02-03T09:44:32.333+0000] {processor.py:208} INFO - Processing /home/airflow/.local/lib/python3.12/site-packages/airflow/example_dags/example_params_trigger_ui.py took 0.303 seconds
[2025-02-03T09:45:12.775+0000] {processor.py:186} INFO - Started process (PID=120) to work on /home/airflow/.local/lib/python3.12/site-packages/airflow/example_dags/example_params_trigger_ui.py
[2025-02-03T09:45:12.776+0000] {processor.py:914} INFO - Processing file /home/airflow/.local/lib/python3.12/site-packages/airflow/example_dags/example_params_trigger_ui.py for tasks to queue
[2025-02-03T09:45:12.780+0000] {logging_mixin.py:190} INFO - [2025-02-03T09:45:12.780+0000] {dagbag.py:588} INFO - Filling up the DagBag from /home/airflow/.local/lib/python3.12/site-packages/airflow/example_dags/example_params_trigger_ui.py
[2025-02-03T09:45:12.797+0000] {processor.py:925} INFO - DAG(s) 'example_params_trigger_ui' retrieved from /home/airflow/.local/lib/python3.12/site-packages/airflow/example_dags/example_params_trigger_ui.py
[2025-02-03T09:45:12.874+0000] {logging_mixin.py:190} INFO - [2025-02-03T09:45:12.874+0000] {dag.py:3239} INFO - Sync 1 DAGs
[2025-02-03T09:45:12.898+0000] {logging_mixin.py:190} INFO - [2025-02-03T09:45:12.897+0000] {dag.py:4180} INFO - Setting next_dagrun for example_params_trigger_ui to None, run_after=None
[2025-02-03T09:45:12.929+0000] {processor.py:208} INFO - Processing /home/airflow/.local/lib/python3.12/site-packages/airflow/example_dags/example_params_trigger_ui.py took 0.165 seconds
[2025-02-03T09:45:44.767+0000] {processor.py:186} INFO - Started process (PID=183) to work on /home/airflow/.local/lib/python3.12/site-packages/airflow/example_dags/example_params_trigger_ui.py
[2025-02-03T09:45:44.768+0000] {processor.py:914} INFO - Processing file /home/airflow/.local/lib/python3.12/site-packages/airflow/example_dags/example_params_trigger_ui.py for tasks to queue
[2025-02-03T09:45:44.771+0000] {logging_mixin.py:190} INFO - [2025-02-03T09:45:44.770+0000] {dagbag.py:588} INFO - Filling up the DagBag from /home/airflow/.local/lib/python3.12/site-packages/airflow/example_dags/example_params_trigger_ui.py
[2025-02-03T09:45:44.783+0000] {processor.py:925} INFO - DAG(s) 'example_params_trigger_ui' retrieved from /home/airflow/.local/lib/python3.12/site-packages/airflow/example_dags/example_params_trigger_ui.py
[2025-02-03T09:45:44.819+0000] {logging_mixin.py:190} INFO - [2025-02-03T09:45:44.819+0000] {dag.py:3239} INFO - Sync 1 DAGs
[2025-02-03T09:45:44.835+0000] {logging_mixin.py:190} INFO - [2025-02-03T09:45:44.835+0000] {dag.py:4180} INFO - Setting next_dagrun for example_params_trigger_ui to None, run_after=None
[2025-02-03T09:45:44.853+0000] {processor.py:208} INFO - Processing /home/airflow/.local/lib/python3.12/site-packages/airflow/example_dags/example_params_trigger_ui.py took 0.093 seconds
[2025-02-03T09:46:16.986+0000] {processor.py:186} INFO - Started process (PID=245) to work on /home/airflow/.local/lib/python3.12/site-packages/airflow/example_dags/example_params_trigger_ui.py
[2025-02-03T09:46:16.988+0000] {processor.py:914} INFO - Processing file /home/airflow/.local/lib/python3.12/site-packages/airflow/example_dags/example_params_trigger_ui.py for tasks to queue
[2025-02-03T09:46:16.993+0000] {logging_mixin.py:190} INFO - [2025-02-03T09:46:16.992+0000] {dagbag.py:588} INFO - Filling up the DagBag from /home/airflow/.local/lib/python3.12/site-packages/airflow/example_dags/example_params_trigger_ui.py
[2025-02-03T09:46:17.019+0000] {processor.py:925} INFO - DAG(s) 'example_params_trigger_ui' retrieved from /home/airflow/.local/lib/python3.12/site-packages/airflow/example_dags/example_params_trigger_ui.py
[2025-02-03T09:46:17.139+0000] {logging_mixin.py:190} INFO - [2025-02-03T09:46:17.139+0000] {dag.py:3239} INFO - Sync 1 DAGs
[2025-02-03T09:46:17.160+0000] {logging_mixin.py:190} INFO - [2025-02-03T09:46:17.160+0000] {dag.py:4180} INFO - Setting next_dagrun for example_params_trigger_ui to None, run_after=None
[2025-02-03T09:46:17.186+0000] {processor.py:208} INFO - Processing /home/airflow/.local/lib/python3.12/site-packages/airflow/example_dags/example_params_trigger_ui.py took 0.226 seconds
[2025-02-03T09:55:22.679+0000] {processor.py:186} INFO - Started process (PID=59) to work on /home/airflow/.local/lib/python3.12/site-packages/airflow/example_dags/example_params_trigger_ui.py
[2025-02-03T09:55:22.685+0000] {processor.py:914} INFO - Processing file /home/airflow/.local/lib/python3.12/site-packages/airflow/example_dags/example_params_trigger_ui.py for tasks to queue
[2025-02-03T09:55:22.696+0000] {logging_mixin.py:190} INFO - [2025-02-03T09:55:22.695+0000] {dagbag.py:588} INFO - Filling up the DagBag from /home/airflow/.local/lib/python3.12/site-packages/airflow/example_dags/example_params_trigger_ui.py
[2025-02-03T09:55:22.731+0000] {processor.py:925} INFO - DAG(s) 'example_params_trigger_ui' retrieved from /home/airflow/.local/lib/python3.12/site-packages/airflow/example_dags/example_params_trigger_ui.py
[2025-02-03T09:55:22.806+0000] {logging_mixin.py:190} INFO - [2025-02-03T09:55:22.806+0000] {dag.py:3239} INFO - Sync 1 DAGs
[2025-02-03T09:55:22.823+0000] {logging_mixin.py:190} INFO - [2025-02-03T09:55:22.822+0000] {dag.py:4180} INFO - Setting next_dagrun for example_params_trigger_ui to None, run_after=None
[2025-02-03T09:55:22.845+0000] {processor.py:208} INFO - Processing /home/airflow/.local/lib/python3.12/site-packages/airflow/example_dags/example_params_trigger_ui.py took 0.172 seconds
[2025-02-03T09:55:53.591+0000] {processor.py:186} INFO - Started process (PID=123) to work on /home/airflow/.local/lib/python3.12/site-packages/airflow/example_dags/example_params_trigger_ui.py
[2025-02-03T09:55:53.592+0000] {processor.py:914} INFO - Processing file /home/airflow/.local/lib/python3.12/site-packages/airflow/example_dags/example_params_trigger_ui.py for tasks to queue
[2025-02-03T09:55:53.595+0000] {logging_mixin.py:190} INFO - [2025-02-03T09:55:53.595+0000] {dagbag.py:588} INFO - Filling up the DagBag from /home/airflow/.local/lib/python3.12/site-packages/airflow/example_dags/example_params_trigger_ui.py
[2025-02-03T09:55:53.608+0000] {processor.py:925} INFO - DAG(s) 'example_params_trigger_ui' retrieved from /home/airflow/.local/lib/python3.12/site-packages/airflow/example_dags/example_params_trigger_ui.py
[2025-02-03T09:55:53.648+0000] {logging_mixin.py:190} INFO - [2025-02-03T09:55:53.648+0000] {dag.py:3239} INFO - Sync 1 DAGs
[2025-02-03T09:55:53.660+0000] {logging_mixin.py:190} INFO - [2025-02-03T09:55:53.660+0000] {dag.py:4180} INFO - Setting next_dagrun for example_params_trigger_ui to None, run_after=None
[2025-02-03T09:55:53.675+0000] {processor.py:208} INFO - Processing /home/airflow/.local/lib/python3.12/site-packages/airflow/example_dags/example_params_trigger_ui.py took 0.090 seconds
[2025-02-03T09:56:24.019+0000] {processor.py:186} INFO - Started process (PID=186) to work on /home/airflow/.local/lib/python3.12/site-packages/airflow/example_dags/example_params_trigger_ui.py
[2025-02-03T09:56:24.020+0000] {processor.py:914} INFO - Processing file /home/airflow/.local/lib/python3.12/site-packages/airflow/example_dags/example_params_trigger_ui.py for tasks to queue
[2025-02-03T09:56:24.022+0000] {logging_mixin.py:190} INFO - [2025-02-03T09:56:24.022+0000] {dagbag.py:588} INFO - Filling up the DagBag from /home/airflow/.local/lib/python3.12/site-packages/airflow/example_dags/example_params_trigger_ui.py
[2025-02-03T09:56:24.033+0000] {processor.py:925} INFO - DAG(s) 'example_params_trigger_ui' retrieved from /home/airflow/.local/lib/python3.12/site-packages/airflow/example_dags/example_params_trigger_ui.py
[2025-02-03T09:56:24.072+0000] {logging_mixin.py:190} INFO - [2025-02-03T09:56:24.071+0000] {dag.py:3239} INFO - Sync 1 DAGs
[2025-02-03T09:56:24.085+0000] {logging_mixin.py:190} INFO - [2025-02-03T09:56:24.084+0000] {dag.py:4180} INFO - Setting next_dagrun for example_params_trigger_ui to None, run_after=None
[2025-02-03T09:56:24.100+0000] {processor.py:208} INFO - Processing /home/airflow/.local/lib/python3.12/site-packages/airflow/example_dags/example_params_trigger_ui.py took 0.087 seconds
[2025-02-03T09:56:54.613+0000] {processor.py:186} INFO - Started process (PID=250) to work on /home/airflow/.local/lib/python3.12/site-packages/airflow/example_dags/example_params_trigger_ui.py
[2025-02-03T09:56:54.614+0000] {processor.py:914} INFO - Processing file /home/airflow/.local/lib/python3.12/site-packages/airflow/example_dags/example_params_trigger_ui.py for tasks to queue
[2025-02-03T09:56:54.617+0000] {logging_mixin.py:190} INFO - [2025-02-03T09:56:54.616+0000] {dagbag.py:588} INFO - Filling up the DagBag from /home/airflow/.local/lib/python3.12/site-packages/airflow/example_dags/example_params_trigger_ui.py
[2025-02-03T09:56:54.628+0000] {processor.py:925} INFO - DAG(s) 'example_params_trigger_ui' retrieved from /home/airflow/.local/lib/python3.12/site-packages/airflow/example_dags/example_params_trigger_ui.py
[2025-02-03T09:56:54.671+0000] {logging_mixin.py:190} INFO - [2025-02-03T09:56:54.671+0000] {dag.py:3239} INFO - Sync 1 DAGs
[2025-02-03T09:56:54.687+0000] {logging_mixin.py:190} INFO - [2025-02-03T09:56:54.687+0000] {dag.py:4180} INFO - Setting next_dagrun for example_params_trigger_ui to None, run_after=None
[2025-02-03T09:56:54.702+0000] {processor.py:208} INFO - Processing /home/airflow/.local/lib/python3.12/site-packages/airflow/example_dags/example_params_trigger_ui.py took 0.094 seconds
[2025-02-03T09:57:32.530+0000] {processor.py:186} INFO - Started process (PID=315) to work on /home/airflow/.local/lib/python3.12/site-packages/airflow/example_dags/example_params_trigger_ui.py
[2025-02-03T09:57:32.531+0000] {processor.py:914} INFO - Processing file /home/airflow/.local/lib/python3.12/site-packages/airflow/example_dags/example_params_trigger_ui.py for tasks to queue
[2025-02-03T09:57:32.534+0000] {logging_mixin.py:190} INFO - [2025-02-03T09:57:32.533+0000] {dagbag.py:588} INFO - Filling up the DagBag from /home/airflow/.local/lib/python3.12/site-packages/airflow/example_dags/example_params_trigger_ui.py
[2025-02-03T09:57:32.544+0000] {processor.py:925} INFO - DAG(s) 'example_params_trigger_ui' retrieved from /home/airflow/.local/lib/python3.12/site-packages/airflow/example_dags/example_params_trigger_ui.py
[2025-02-03T09:57:32.580+0000] {logging_mixin.py:190} INFO - [2025-02-03T09:57:32.580+0000] {dag.py:3239} INFO - Sync 1 DAGs
[2025-02-03T09:57:32.592+0000] {logging_mixin.py:190} INFO - [2025-02-03T09:57:32.592+0000] {dag.py:4180} INFO - Setting next_dagrun for example_params_trigger_ui to None, run_after=None
[2025-02-03T09:57:32.613+0000] {processor.py:208} INFO - Processing /home/airflow/.local/lib/python3.12/site-packages/airflow/example_dags/example_params_trigger_ui.py took 0.089 seconds
[2025-02-03T09:58:04.274+0000] {processor.py:186} INFO - Started process (PID=378) to work on /home/airflow/.local/lib/python3.12/site-packages/airflow/example_dags/example_params_trigger_ui.py
[2025-02-03T09:58:04.290+0000] {processor.py:914} INFO - Processing file /home/airflow/.local/lib/python3.12/site-packages/airflow/example_dags/example_params_trigger_ui.py for tasks to queue
[2025-02-03T09:58:04.293+0000] {logging_mixin.py:190} INFO - [2025-02-03T09:58:04.293+0000] {dagbag.py:588} INFO - Filling up the DagBag from /home/airflow/.local/lib/python3.12/site-packages/airflow/example_dags/example_params_trigger_ui.py
[2025-02-03T09:58:04.307+0000] {processor.py:925} INFO - DAG(s) 'example_params_trigger_ui' retrieved from /home/airflow/.local/lib/python3.12/site-packages/airflow/example_dags/example_params_trigger_ui.py
[2025-02-03T09:58:04.401+0000] {logging_mixin.py:190} INFO - [2025-02-03T09:58:04.401+0000] {dag.py:3239} INFO - Sync 1 DAGs
[2025-02-03T09:58:04.423+0000] {logging_mixin.py:190} INFO - [2025-02-03T09:58:04.423+0000] {dag.py:4180} INFO - Setting next_dagrun for example_params_trigger_ui to None, run_after=None
[2025-02-03T09:58:04.482+0000] {processor.py:208} INFO - Processing /home/airflow/.local/lib/python3.12/site-packages/airflow/example_dags/example_params_trigger_ui.py took 0.213 seconds
[2025-02-03T09:58:34.888+0000] {processor.py:186} INFO - Started process (PID=442) to work on /home/airflow/.local/lib/python3.12/site-packages/airflow/example_dags/example_params_trigger_ui.py
[2025-02-03T09:58:34.889+0000] {processor.py:914} INFO - Processing file /home/airflow/.local/lib/python3.12/site-packages/airflow/example_dags/example_params_trigger_ui.py for tasks to queue
[2025-02-03T09:58:34.891+0000] {logging_mixin.py:190} INFO - [2025-02-03T09:58:34.891+0000] {dagbag.py:588} INFO - Filling up the DagBag from /home/airflow/.local/lib/python3.12/site-packages/airflow/example_dags/example_params_trigger_ui.py
[2025-02-03T09:58:34.901+0000] {processor.py:925} INFO - DAG(s) 'example_params_trigger_ui' retrieved from /home/airflow/.local/lib/python3.12/site-packages/airflow/example_dags/example_params_trigger_ui.py
[2025-02-03T09:58:34.940+0000] {logging_mixin.py:190} INFO - [2025-02-03T09:58:34.939+0000] {dag.py:3239} INFO - Sync 1 DAGs
[2025-02-03T09:58:34.951+0000] {logging_mixin.py:190} INFO - [2025-02-03T09:58:34.951+0000] {dag.py:4180} INFO - Setting next_dagrun for example_params_trigger_ui to None, run_after=None
[2025-02-03T09:58:34.966+0000] {processor.py:208} INFO - Processing /home/airflow/.local/lib/python3.12/site-packages/airflow/example_dags/example_params_trigger_ui.py took 0.083 seconds
[2025-02-03T09:59:06.171+0000] {processor.py:186} INFO - Started process (PID=507) to work on /home/airflow/.local/lib/python3.12/site-packages/airflow/example_dags/example_params_trigger_ui.py
[2025-02-03T09:59:06.173+0000] {processor.py:914} INFO - Processing file /home/airflow/.local/lib/python3.12/site-packages/airflow/example_dags/example_params_trigger_ui.py for tasks to queue
[2025-02-03T09:59:06.175+0000] {logging_mixin.py:190} INFO - [2025-02-03T09:59:06.175+0000] {dagbag.py:588} INFO - Filling up the DagBag from /home/airflow/.local/lib/python3.12/site-packages/airflow/example_dags/example_params_trigger_ui.py
[2025-02-03T09:59:06.184+0000] {processor.py:925} INFO - DAG(s) 'example_params_trigger_ui' retrieved from /home/airflow/.local/lib/python3.12/site-packages/airflow/example_dags/example_params_trigger_ui.py
[2025-02-03T09:59:06.215+0000] {logging_mixin.py:190} INFO - [2025-02-03T09:59:06.215+0000] {dag.py:3239} INFO - Sync 1 DAGs
[2025-02-03T09:59:06.226+0000] {logging_mixin.py:190} INFO - [2025-02-03T09:59:06.226+0000] {dag.py:4180} INFO - Setting next_dagrun for example_params_trigger_ui to None, run_after=None
[2025-02-03T09:59:06.243+0000] {processor.py:208} INFO - Processing /home/airflow/.local/lib/python3.12/site-packages/airflow/example_dags/example_params_trigger_ui.py took 0.076 seconds
[2025-02-03T09:59:37.055+0000] {processor.py:186} INFO - Started process (PID=571) to work on /home/airflow/.local/lib/python3.12/site-packages/airflow/example_dags/example_params_trigger_ui.py
[2025-02-03T09:59:37.057+0000] {processor.py:914} INFO - Processing file /home/airflow/.local/lib/python3.12/site-packages/airflow/example_dags/example_params_trigger_ui.py for tasks to queue
[2025-02-03T09:59:37.061+0000] {logging_mixin.py:190} INFO - [2025-02-03T09:59:37.061+0000] {dagbag.py:588} INFO - Filling up the DagBag from /home/airflow/.local/lib/python3.12/site-packages/airflow/example_dags/example_params_trigger_ui.py
[2025-02-03T09:59:37.081+0000] {processor.py:925} INFO - DAG(s) 'example_params_trigger_ui' retrieved from /home/airflow/.local/lib/python3.12/site-packages/airflow/example_dags/example_params_trigger_ui.py
[2025-02-03T09:59:37.132+0000] {logging_mixin.py:190} INFO - [2025-02-03T09:59:37.132+0000] {dag.py:3239} INFO - Sync 1 DAGs
[2025-02-03T09:59:37.149+0000] {logging_mixin.py:190} INFO - [2025-02-03T09:59:37.148+0000] {dag.py:4180} INFO - Setting next_dagrun for example_params_trigger_ui to None, run_after=None
[2025-02-03T09:59:37.162+0000] {processor.py:208} INFO - Processing /home/airflow/.local/lib/python3.12/site-packages/airflow/example_dags/example_params_trigger_ui.py took 0.116 seconds
[2025-02-03T10:00:09.559+0000] {processor.py:186} INFO - Started process (PID=635) to work on /home/airflow/.local/lib/python3.12/site-packages/airflow/example_dags/example_params_trigger_ui.py
[2025-02-03T10:00:09.567+0000] {processor.py:914} INFO - Processing file /home/airflow/.local/lib/python3.12/site-packages/airflow/example_dags/example_params_trigger_ui.py for tasks to queue
[2025-02-03T10:00:09.580+0000] {logging_mixin.py:190} INFO - [2025-02-03T10:00:09.570+0000] {dagbag.py:588} INFO - Filling up the DagBag from /home/airflow/.local/lib/python3.12/site-packages/airflow/example_dags/example_params_trigger_ui.py
[2025-02-03T10:00:09.592+0000] {processor.py:925} INFO - DAG(s) 'example_params_trigger_ui' retrieved from /home/airflow/.local/lib/python3.12/site-packages/airflow/example_dags/example_params_trigger_ui.py
[2025-02-03T10:00:09.694+0000] {logging_mixin.py:190} INFO - [2025-02-03T10:00:09.694+0000] {dag.py:3239} INFO - Sync 1 DAGs
[2025-02-03T10:00:09.725+0000] {logging_mixin.py:190} INFO - [2025-02-03T10:00:09.725+0000] {dag.py:4180} INFO - Setting next_dagrun for example_params_trigger_ui to None, run_after=None
[2025-02-03T10:00:09.762+0000] {processor.py:208} INFO - Processing /home/airflow/.local/lib/python3.12/site-packages/airflow/example_dags/example_params_trigger_ui.py took 0.210 seconds
[2025-02-03T10:00:40.389+0000] {processor.py:186} INFO - Started process (PID=699) to work on /home/airflow/.local/lib/python3.12/site-packages/airflow/example_dags/example_params_trigger_ui.py
[2025-02-03T10:00:40.391+0000] {processor.py:914} INFO - Processing file /home/airflow/.local/lib/python3.12/site-packages/airflow/example_dags/example_params_trigger_ui.py for tasks to queue
[2025-02-03T10:00:40.393+0000] {logging_mixin.py:190} INFO - [2025-02-03T10:00:40.393+0000] {dagbag.py:588} INFO - Filling up the DagBag from /home/airflow/.local/lib/python3.12/site-packages/airflow/example_dags/example_params_trigger_ui.py
[2025-02-03T10:00:40.402+0000] {processor.py:925} INFO - DAG(s) 'example_params_trigger_ui' retrieved from /home/airflow/.local/lib/python3.12/site-packages/airflow/example_dags/example_params_trigger_ui.py
[2025-02-03T10:00:40.441+0000] {logging_mixin.py:190} INFO - [2025-02-03T10:00:40.440+0000] {dag.py:3239} INFO - Sync 1 DAGs
[2025-02-03T10:00:40.453+0000] {logging_mixin.py:190} INFO - [2025-02-03T10:00:40.452+0000] {dag.py:4180} INFO - Setting next_dagrun for example_params_trigger_ui to None, run_after=None
[2025-02-03T10:00:40.482+0000] {processor.py:208} INFO - Processing /home/airflow/.local/lib/python3.12/site-packages/airflow/example_dags/example_params_trigger_ui.py took 0.099 seconds
[2025-02-03T10:01:13.254+0000] {processor.py:186} INFO - Started process (PID=763) to work on /home/airflow/.local/lib/python3.12/site-packages/airflow/example_dags/example_params_trigger_ui.py
[2025-02-03T10:01:13.255+0000] {processor.py:914} INFO - Processing file /home/airflow/.local/lib/python3.12/site-packages/airflow/example_dags/example_params_trigger_ui.py for tasks to queue
[2025-02-03T10:01:13.258+0000] {logging_mixin.py:190} INFO - [2025-02-03T10:01:13.257+0000] {dagbag.py:588} INFO - Filling up the DagBag from /home/airflow/.local/lib/python3.12/site-packages/airflow/example_dags/example_params_trigger_ui.py
[2025-02-03T10:01:13.268+0000] {processor.py:925} INFO - DAG(s) 'example_params_trigger_ui' retrieved from /home/airflow/.local/lib/python3.12/site-packages/airflow/example_dags/example_params_trigger_ui.py
[2025-02-03T10:01:13.312+0000] {logging_mixin.py:190} INFO - [2025-02-03T10:01:13.312+0000] {dag.py:3239} INFO - Sync 1 DAGs
[2025-02-03T10:01:13.325+0000] {logging_mixin.py:190} INFO - [2025-02-03T10:01:13.325+0000] {dag.py:4180} INFO - Setting next_dagrun for example_params_trigger_ui to None, run_after=None
[2025-02-03T10:01:13.343+0000] {processor.py:208} INFO - Processing /home/airflow/.local/lib/python3.12/site-packages/airflow/example_dags/example_params_trigger_ui.py took 0.095 seconds
[2025-02-03T10:01:45.279+0000] {processor.py:186} INFO - Started process (PID=827) to work on /home/airflow/.local/lib/python3.12/site-packages/airflow/example_dags/example_params_trigger_ui.py
[2025-02-03T10:01:45.281+0000] {processor.py:914} INFO - Processing file /home/airflow/.local/lib/python3.12/site-packages/airflow/example_dags/example_params_trigger_ui.py for tasks to queue
[2025-02-03T10:01:45.284+0000] {logging_mixin.py:190} INFO - [2025-02-03T10:01:45.284+0000] {dagbag.py:588} INFO - Filling up the DagBag from /home/airflow/.local/lib/python3.12/site-packages/airflow/example_dags/example_params_trigger_ui.py
[2025-02-03T10:01:45.294+0000] {processor.py:925} INFO - DAG(s) 'example_params_trigger_ui' retrieved from /home/airflow/.local/lib/python3.12/site-packages/airflow/example_dags/example_params_trigger_ui.py
[2025-02-03T10:01:45.328+0000] {logging_mixin.py:190} INFO - [2025-02-03T10:01:45.328+0000] {dag.py:3239} INFO - Sync 1 DAGs
[2025-02-03T10:01:45.341+0000] {logging_mixin.py:190} INFO - [2025-02-03T10:01:45.341+0000] {dag.py:4180} INFO - Setting next_dagrun for example_params_trigger_ui to None, run_after=None
[2025-02-03T10:01:45.356+0000] {processor.py:208} INFO - Processing /home/airflow/.local/lib/python3.12/site-packages/airflow/example_dags/example_params_trigger_ui.py took 0.083 seconds
[2025-02-03T10:02:17.509+0000] {processor.py:186} INFO - Started process (PID=892) to work on /home/airflow/.local/lib/python3.12/site-packages/airflow/example_dags/example_params_trigger_ui.py
[2025-02-03T10:02:17.511+0000] {processor.py:914} INFO - Processing file /home/airflow/.local/lib/python3.12/site-packages/airflow/example_dags/example_params_trigger_ui.py for tasks to queue
[2025-02-03T10:02:17.515+0000] {logging_mixin.py:190} INFO - [2025-02-03T10:02:17.514+0000] {dagbag.py:588} INFO - Filling up the DagBag from /home/airflow/.local/lib/python3.12/site-packages/airflow/example_dags/example_params_trigger_ui.py
[2025-02-03T10:02:17.527+0000] {processor.py:925} INFO - DAG(s) 'example_params_trigger_ui' retrieved from /home/airflow/.local/lib/python3.12/site-packages/airflow/example_dags/example_params_trigger_ui.py
[2025-02-03T10:02:17.565+0000] {logging_mixin.py:190} INFO - [2025-02-03T10:02:17.565+0000] {dag.py:3239} INFO - Sync 1 DAGs
[2025-02-03T10:02:17.577+0000] {logging_mixin.py:190} INFO - [2025-02-03T10:02:17.577+0000] {dag.py:4180} INFO - Setting next_dagrun for example_params_trigger_ui to None, run_after=None
[2025-02-03T10:02:17.593+0000] {processor.py:208} INFO - Processing /home/airflow/.local/lib/python3.12/site-packages/airflow/example_dags/example_params_trigger_ui.py took 0.089 seconds
[2025-02-03T10:02:47.693+0000] {processor.py:186} INFO - Started process (PID=955) to work on /home/airflow/.local/lib/python3.12/site-packages/airflow/example_dags/example_params_trigger_ui.py
[2025-02-03T10:02:47.695+0000] {processor.py:914} INFO - Processing file /home/airflow/.local/lib/python3.12/site-packages/airflow/example_dags/example_params_trigger_ui.py for tasks to queue
[2025-02-03T10:02:47.698+0000] {logging_mixin.py:190} INFO - [2025-02-03T10:02:47.697+0000] {dagbag.py:588} INFO - Filling up the DagBag from /home/airflow/.local/lib/python3.12/site-packages/airflow/example_dags/example_params_trigger_ui.py
[2025-02-03T10:02:47.708+0000] {processor.py:925} INFO - DAG(s) 'example_params_trigger_ui' retrieved from /home/airflow/.local/lib/python3.12/site-packages/airflow/example_dags/example_params_trigger_ui.py
[2025-02-03T10:02:47.744+0000] {logging_mixin.py:190} INFO - [2025-02-03T10:02:47.744+0000] {dag.py:3239} INFO - Sync 1 DAGs
[2025-02-03T10:02:47.757+0000] {logging_mixin.py:190} INFO - [2025-02-03T10:02:47.756+0000] {dag.py:4180} INFO - Setting next_dagrun for example_params_trigger_ui to None, run_after=None
[2025-02-03T10:02:47.772+0000] {processor.py:208} INFO - Processing /home/airflow/.local/lib/python3.12/site-packages/airflow/example_dags/example_params_trigger_ui.py took 0.085 seconds
[2025-02-03T10:03:18.156+0000] {processor.py:186} INFO - Started process (PID=1018) to work on /home/airflow/.local/lib/python3.12/site-packages/airflow/example_dags/example_params_trigger_ui.py
[2025-02-03T10:03:18.157+0000] {processor.py:914} INFO - Processing file /home/airflow/.local/lib/python3.12/site-packages/airflow/example_dags/example_params_trigger_ui.py for tasks to queue
[2025-02-03T10:03:18.161+0000] {logging_mixin.py:190} INFO - [2025-02-03T10:03:18.161+0000] {dagbag.py:588} INFO - Filling up the DagBag from /home/airflow/.local/lib/python3.12/site-packages/airflow/example_dags/example_params_trigger_ui.py
[2025-02-03T10:03:18.171+0000] {processor.py:925} INFO - DAG(s) 'example_params_trigger_ui' retrieved from /home/airflow/.local/lib/python3.12/site-packages/airflow/example_dags/example_params_trigger_ui.py
[2025-02-03T10:03:18.208+0000] {logging_mixin.py:190} INFO - [2025-02-03T10:03:18.208+0000] {dag.py:3239} INFO - Sync 1 DAGs
[2025-02-03T10:03:18.236+0000] {logging_mixin.py:190} INFO - [2025-02-03T10:03:18.235+0000] {dag.py:4180} INFO - Setting next_dagrun for example_params_trigger_ui to None, run_after=None
[2025-02-03T10:03:18.265+0000] {processor.py:208} INFO - Processing /home/airflow/.local/lib/python3.12/site-packages/airflow/example_dags/example_params_trigger_ui.py took 0.114 seconds
[2025-02-03T10:03:49.239+0000] {processor.py:186} INFO - Started process (PID=1081) to work on /home/airflow/.local/lib/python3.12/site-packages/airflow/example_dags/example_params_trigger_ui.py
[2025-02-03T10:03:49.242+0000] {processor.py:914} INFO - Processing file /home/airflow/.local/lib/python3.12/site-packages/airflow/example_dags/example_params_trigger_ui.py for tasks to queue
[2025-02-03T10:03:49.247+0000] {logging_mixin.py:190} INFO - [2025-02-03T10:03:49.246+0000] {dagbag.py:588} INFO - Filling up the DagBag from /home/airflow/.local/lib/python3.12/site-packages/airflow/example_dags/example_params_trigger_ui.py
[2025-02-03T10:03:49.284+0000] {processor.py:925} INFO - DAG(s) 'example_params_trigger_ui' retrieved from /home/airflow/.local/lib/python3.12/site-packages/airflow/example_dags/example_params_trigger_ui.py
[2025-02-03T10:03:49.322+0000] {logging_mixin.py:190} INFO - [2025-02-03T10:03:49.322+0000] {dag.py:3239} INFO - Sync 1 DAGs
[2025-02-03T10:03:49.345+0000] {logging_mixin.py:190} INFO - [2025-02-03T10:03:49.345+0000] {dag.py:4180} INFO - Setting next_dagrun for example_params_trigger_ui to None, run_after=None
[2025-02-03T10:03:49.371+0000] {processor.py:208} INFO - Processing /home/airflow/.local/lib/python3.12/site-packages/airflow/example_dags/example_params_trigger_ui.py took 0.137 seconds
[2025-02-03T10:04:19.457+0000] {processor.py:186} INFO - Started process (PID=1145) to work on /home/airflow/.local/lib/python3.12/site-packages/airflow/example_dags/example_params_trigger_ui.py
[2025-02-03T10:04:19.458+0000] {processor.py:914} INFO - Processing file /home/airflow/.local/lib/python3.12/site-packages/airflow/example_dags/example_params_trigger_ui.py for tasks to queue
[2025-02-03T10:04:19.461+0000] {logging_mixin.py:190} INFO - [2025-02-03T10:04:19.461+0000] {dagbag.py:588} INFO - Filling up the DagBag from /home/airflow/.local/lib/python3.12/site-packages/airflow/example_dags/example_params_trigger_ui.py
[2025-02-03T10:04:19.475+0000] {processor.py:925} INFO - DAG(s) 'example_params_trigger_ui' retrieved from /home/airflow/.local/lib/python3.12/site-packages/airflow/example_dags/example_params_trigger_ui.py
[2025-02-03T10:04:19.517+0000] {logging_mixin.py:190} INFO - [2025-02-03T10:04:19.516+0000] {dag.py:3239} INFO - Sync 1 DAGs
[2025-02-03T10:04:19.531+0000] {logging_mixin.py:190} INFO - [2025-02-03T10:04:19.531+0000] {dag.py:4180} INFO - Setting next_dagrun for example_params_trigger_ui to None, run_after=None
[2025-02-03T10:04:19.554+0000] {processor.py:208} INFO - Processing /home/airflow/.local/lib/python3.12/site-packages/airflow/example_dags/example_params_trigger_ui.py took 0.105 seconds
[2025-02-03T10:04:49.912+0000] {processor.py:186} INFO - Started process (PID=1209) to work on /home/airflow/.local/lib/python3.12/site-packages/airflow/example_dags/example_params_trigger_ui.py
[2025-02-03T10:04:49.913+0000] {processor.py:914} INFO - Processing file /home/airflow/.local/lib/python3.12/site-packages/airflow/example_dags/example_params_trigger_ui.py for tasks to queue
[2025-02-03T10:04:49.915+0000] {logging_mixin.py:190} INFO - [2025-02-03T10:04:49.915+0000] {dagbag.py:588} INFO - Filling up the DagBag from /home/airflow/.local/lib/python3.12/site-packages/airflow/example_dags/example_params_trigger_ui.py
[2025-02-03T10:04:49.924+0000] {processor.py:925} INFO - DAG(s) 'example_params_trigger_ui' retrieved from /home/airflow/.local/lib/python3.12/site-packages/airflow/example_dags/example_params_trigger_ui.py
[2025-02-03T10:04:49.958+0000] {logging_mixin.py:190} INFO - [2025-02-03T10:04:49.958+0000] {dag.py:3239} INFO - Sync 1 DAGs
[2025-02-03T10:04:49.970+0000] {logging_mixin.py:190} INFO - [2025-02-03T10:04:49.970+0000] {dag.py:4180} INFO - Setting next_dagrun for example_params_trigger_ui to None, run_after=None
[2025-02-03T10:04:49.985+0000] {processor.py:208} INFO - Processing /home/airflow/.local/lib/python3.12/site-packages/airflow/example_dags/example_params_trigger_ui.py took 0.078 seconds
[2025-02-03T10:05:20.906+0000] {processor.py:186} INFO - Started process (PID=1273) to work on /home/airflow/.local/lib/python3.12/site-packages/airflow/example_dags/example_params_trigger_ui.py
[2025-02-03T10:05:20.910+0000] {processor.py:914} INFO - Processing file /home/airflow/.local/lib/python3.12/site-packages/airflow/example_dags/example_params_trigger_ui.py for tasks to queue
[2025-02-03T10:05:20.914+0000] {logging_mixin.py:190} INFO - [2025-02-03T10:05:20.914+0000] {dagbag.py:588} INFO - Filling up the DagBag from /home/airflow/.local/lib/python3.12/site-packages/airflow/example_dags/example_params_trigger_ui.py
[2025-02-03T10:05:20.929+0000] {processor.py:925} INFO - DAG(s) 'example_params_trigger_ui' retrieved from /home/airflow/.local/lib/python3.12/site-packages/airflow/example_dags/example_params_trigger_ui.py
[2025-02-03T10:05:20.972+0000] {logging_mixin.py:190} INFO - [2025-02-03T10:05:20.972+0000] {dag.py:3239} INFO - Sync 1 DAGs
[2025-02-03T10:05:20.987+0000] {logging_mixin.py:190} INFO - [2025-02-03T10:05:20.987+0000] {dag.py:4180} INFO - Setting next_dagrun for example_params_trigger_ui to None, run_after=None
[2025-02-03T10:05:21.005+0000] {processor.py:208} INFO - Processing /home/airflow/.local/lib/python3.12/site-packages/airflow/example_dags/example_params_trigger_ui.py took 0.105 seconds
[2025-02-03T10:05:51.667+0000] {processor.py:186} INFO - Started process (PID=1337) to work on /home/airflow/.local/lib/python3.12/site-packages/airflow/example_dags/example_params_trigger_ui.py
[2025-02-03T10:05:51.668+0000] {processor.py:914} INFO - Processing file /home/airflow/.local/lib/python3.12/site-packages/airflow/example_dags/example_params_trigger_ui.py for tasks to queue
[2025-02-03T10:05:51.671+0000] {logging_mixin.py:190} INFO - [2025-02-03T10:05:51.671+0000] {dagbag.py:588} INFO - Filling up the DagBag from /home/airflow/.local/lib/python3.12/site-packages/airflow/example_dags/example_params_trigger_ui.py
[2025-02-03T10:05:51.680+0000] {processor.py:925} INFO - DAG(s) 'example_params_trigger_ui' retrieved from /home/airflow/.local/lib/python3.12/site-packages/airflow/example_dags/example_params_trigger_ui.py
[2025-02-03T10:05:51.711+0000] {logging_mixin.py:190} INFO - [2025-02-03T10:05:51.711+0000] {dag.py:3239} INFO - Sync 1 DAGs
[2025-02-03T10:05:51.724+0000] {logging_mixin.py:190} INFO - [2025-02-03T10:05:51.723+0000] {dag.py:4180} INFO - Setting next_dagrun for example_params_trigger_ui to None, run_after=None
[2025-02-03T10:05:51.739+0000] {processor.py:208} INFO - Processing /home/airflow/.local/lib/python3.12/site-packages/airflow/example_dags/example_params_trigger_ui.py took 0.076 seconds
[2025-02-03T10:06:22.314+0000] {processor.py:186} INFO - Started process (PID=1401) to work on /home/airflow/.local/lib/python3.12/site-packages/airflow/example_dags/example_params_trigger_ui.py
[2025-02-03T10:06:22.315+0000] {processor.py:914} INFO - Processing file /home/airflow/.local/lib/python3.12/site-packages/airflow/example_dags/example_params_trigger_ui.py for tasks to queue
[2025-02-03T10:06:22.317+0000] {logging_mixin.py:190} INFO - [2025-02-03T10:06:22.317+0000] {dagbag.py:588} INFO - Filling up the DagBag from /home/airflow/.local/lib/python3.12/site-packages/airflow/example_dags/example_params_trigger_ui.py
[2025-02-03T10:06:22.328+0000] {processor.py:925} INFO - DAG(s) 'example_params_trigger_ui' retrieved from /home/airflow/.local/lib/python3.12/site-packages/airflow/example_dags/example_params_trigger_ui.py
[2025-02-03T10:06:22.364+0000] {logging_mixin.py:190} INFO - [2025-02-03T10:06:22.364+0000] {dag.py:3239} INFO - Sync 1 DAGs
[2025-02-03T10:06:22.383+0000] {logging_mixin.py:190} INFO - [2025-02-03T10:06:22.382+0000] {dag.py:4180} INFO - Setting next_dagrun for example_params_trigger_ui to None, run_after=None
[2025-02-03T10:06:22.400+0000] {processor.py:208} INFO - Processing /home/airflow/.local/lib/python3.12/site-packages/airflow/example_dags/example_params_trigger_ui.py took 0.091 seconds
[2025-02-03T10:13:05.192+0000] {processor.py:186} INFO - Started process (PID=61) to work on /home/airflow/.local/lib/python3.12/site-packages/airflow/example_dags/example_params_trigger_ui.py
[2025-02-03T10:13:05.206+0000] {processor.py:914} INFO - Processing file /home/airflow/.local/lib/python3.12/site-packages/airflow/example_dags/example_params_trigger_ui.py for tasks to queue
[2025-02-03T10:13:05.210+0000] {logging_mixin.py:190} INFO - [2025-02-03T10:13:05.210+0000] {dagbag.py:588} INFO - Filling up the DagBag from /home/airflow/.local/lib/python3.12/site-packages/airflow/example_dags/example_params_trigger_ui.py
[2025-02-03T10:13:05.253+0000] {processor.py:925} INFO - DAG(s) 'example_params_trigger_ui' retrieved from /home/airflow/.local/lib/python3.12/site-packages/airflow/example_dags/example_params_trigger_ui.py
[2025-02-03T10:13:05.512+0000] {logging_mixin.py:190} INFO - [2025-02-03T10:13:05.511+0000] {dag.py:3239} INFO - Sync 1 DAGs
[2025-02-03T10:13:05.539+0000] {logging_mixin.py:190} INFO - [2025-02-03T10:13:05.539+0000] {dag.py:4180} INFO - Setting next_dagrun for example_params_trigger_ui to None, run_after=None
[2025-02-03T10:13:05.567+0000] {processor.py:208} INFO - Processing /home/airflow/.local/lib/python3.12/site-packages/airflow/example_dags/example_params_trigger_ui.py took 0.383 seconds
[2025-02-03T10:13:36.660+0000] {processor.py:186} INFO - Started process (PID=125) to work on /home/airflow/.local/lib/python3.12/site-packages/airflow/example_dags/example_params_trigger_ui.py
[2025-02-03T10:13:36.662+0000] {processor.py:914} INFO - Processing file /home/airflow/.local/lib/python3.12/site-packages/airflow/example_dags/example_params_trigger_ui.py for tasks to queue
[2025-02-03T10:13:36.666+0000] {logging_mixin.py:190} INFO - [2025-02-03T10:13:36.665+0000] {dagbag.py:588} INFO - Filling up the DagBag from /home/airflow/.local/lib/python3.12/site-packages/airflow/example_dags/example_params_trigger_ui.py
[2025-02-03T10:13:36.685+0000] {processor.py:925} INFO - DAG(s) 'example_params_trigger_ui' retrieved from /home/airflow/.local/lib/python3.12/site-packages/airflow/example_dags/example_params_trigger_ui.py
[2025-02-03T10:13:36.781+0000] {logging_mixin.py:190} INFO - [2025-02-03T10:13:36.781+0000] {dag.py:3239} INFO - Sync 1 DAGs
[2025-02-03T10:13:36.837+0000] {logging_mixin.py:190} INFO - [2025-02-03T10:13:36.837+0000] {dag.py:4180} INFO - Setting next_dagrun for example_params_trigger_ui to None, run_after=None
[2025-02-03T10:13:36.902+0000] {processor.py:208} INFO - Processing /home/airflow/.local/lib/python3.12/site-packages/airflow/example_dags/example_params_trigger_ui.py took 0.254 seconds
[2025-02-03T10:14:08.976+0000] {processor.py:186} INFO - Started process (PID=189) to work on /home/airflow/.local/lib/python3.12/site-packages/airflow/example_dags/example_params_trigger_ui.py
[2025-02-03T10:14:08.980+0000] {processor.py:914} INFO - Processing file /home/airflow/.local/lib/python3.12/site-packages/airflow/example_dags/example_params_trigger_ui.py for tasks to queue
[2025-02-03T10:14:08.991+0000] {logging_mixin.py:190} INFO - [2025-02-03T10:14:08.986+0000] {dagbag.py:588} INFO - Filling up the DagBag from /home/airflow/.local/lib/python3.12/site-packages/airflow/example_dags/example_params_trigger_ui.py
[2025-02-03T10:14:09.043+0000] {processor.py:925} INFO - DAG(s) 'example_params_trigger_ui' retrieved from /home/airflow/.local/lib/python3.12/site-packages/airflow/example_dags/example_params_trigger_ui.py
[2025-02-03T10:14:09.151+0000] {logging_mixin.py:190} INFO - [2025-02-03T10:14:09.151+0000] {dag.py:3239} INFO - Sync 1 DAGs
[2025-02-03T10:14:09.227+0000] {logging_mixin.py:190} INFO - [2025-02-03T10:14:09.227+0000] {dag.py:4180} INFO - Setting next_dagrun for example_params_trigger_ui to None, run_after=None
[2025-02-03T10:14:09.309+0000] {processor.py:208} INFO - Processing /home/airflow/.local/lib/python3.12/site-packages/airflow/example_dags/example_params_trigger_ui.py took 0.351 seconds
[2025-02-03T10:14:39.970+0000] {processor.py:186} INFO - Started process (PID=253) to work on /home/airflow/.local/lib/python3.12/site-packages/airflow/example_dags/example_params_trigger_ui.py
[2025-02-03T10:14:39.971+0000] {processor.py:914} INFO - Processing file /home/airflow/.local/lib/python3.12/site-packages/airflow/example_dags/example_params_trigger_ui.py for tasks to queue
[2025-02-03T10:14:39.975+0000] {logging_mixin.py:190} INFO - [2025-02-03T10:14:39.974+0000] {dagbag.py:588} INFO - Filling up the DagBag from /home/airflow/.local/lib/python3.12/site-packages/airflow/example_dags/example_params_trigger_ui.py
[2025-02-03T10:14:39.986+0000] {processor.py:925} INFO - DAG(s) 'example_params_trigger_ui' retrieved from /home/airflow/.local/lib/python3.12/site-packages/airflow/example_dags/example_params_trigger_ui.py
[2025-02-03T10:14:40.034+0000] {logging_mixin.py:190} INFO - [2025-02-03T10:14:40.034+0000] {dag.py:3239} INFO - Sync 1 DAGs
[2025-02-03T10:14:40.053+0000] {logging_mixin.py:190} INFO - [2025-02-03T10:14:40.052+0000] {dag.py:4180} INFO - Setting next_dagrun for example_params_trigger_ui to None, run_after=None
[2025-02-03T10:14:40.080+0000] {processor.py:208} INFO - Processing /home/airflow/.local/lib/python3.12/site-packages/airflow/example_dags/example_params_trigger_ui.py took 0.117 seconds
[2025-02-03T10:15:10.549+0000] {processor.py:186} INFO - Started process (PID=317) to work on /home/airflow/.local/lib/python3.12/site-packages/airflow/example_dags/example_params_trigger_ui.py
[2025-02-03T10:15:10.551+0000] {processor.py:914} INFO - Processing file /home/airflow/.local/lib/python3.12/site-packages/airflow/example_dags/example_params_trigger_ui.py for tasks to queue
[2025-02-03T10:15:10.554+0000] {logging_mixin.py:190} INFO - [2025-02-03T10:15:10.554+0000] {dagbag.py:588} INFO - Filling up the DagBag from /home/airflow/.local/lib/python3.12/site-packages/airflow/example_dags/example_params_trigger_ui.py
[2025-02-03T10:15:10.565+0000] {processor.py:925} INFO - DAG(s) 'example_params_trigger_ui' retrieved from /home/airflow/.local/lib/python3.12/site-packages/airflow/example_dags/example_params_trigger_ui.py
[2025-02-03T10:15:10.605+0000] {logging_mixin.py:190} INFO - [2025-02-03T10:15:10.605+0000] {dag.py:3239} INFO - Sync 1 DAGs
[2025-02-03T10:15:10.618+0000] {logging_mixin.py:190} INFO - [2025-02-03T10:15:10.618+0000] {dag.py:4180} INFO - Setting next_dagrun for example_params_trigger_ui to None, run_after=None
[2025-02-03T10:15:10.637+0000] {processor.py:208} INFO - Processing /home/airflow/.local/lib/python3.12/site-packages/airflow/example_dags/example_params_trigger_ui.py took 0.094 seconds
[2025-02-03T10:15:40.706+0000] {processor.py:186} INFO - Started process (PID=381) to work on /home/airflow/.local/lib/python3.12/site-packages/airflow/example_dags/example_params_trigger_ui.py
[2025-02-03T10:15:40.707+0000] {processor.py:914} INFO - Processing file /home/airflow/.local/lib/python3.12/site-packages/airflow/example_dags/example_params_trigger_ui.py for tasks to queue
[2025-02-03T10:15:40.709+0000] {logging_mixin.py:190} INFO - [2025-02-03T10:15:40.709+0000] {dagbag.py:588} INFO - Filling up the DagBag from /home/airflow/.local/lib/python3.12/site-packages/airflow/example_dags/example_params_trigger_ui.py
[2025-02-03T10:15:40.719+0000] {processor.py:925} INFO - DAG(s) 'example_params_trigger_ui' retrieved from /home/airflow/.local/lib/python3.12/site-packages/airflow/example_dags/example_params_trigger_ui.py
[2025-02-03T10:15:40.753+0000] {logging_mixin.py:190} INFO - [2025-02-03T10:15:40.753+0000] {dag.py:3239} INFO - Sync 1 DAGs
[2025-02-03T10:15:40.766+0000] {logging_mixin.py:190} INFO - [2025-02-03T10:15:40.766+0000] {dag.py:4180} INFO - Setting next_dagrun for example_params_trigger_ui to None, run_after=None
[2025-02-03T10:15:40.785+0000] {processor.py:208} INFO - Processing /home/airflow/.local/lib/python3.12/site-packages/airflow/example_dags/example_params_trigger_ui.py took 0.085 seconds
[2025-02-03T10:16:12.263+0000] {processor.py:186} INFO - Started process (PID=445) to work on /home/airflow/.local/lib/python3.12/site-packages/airflow/example_dags/example_params_trigger_ui.py
[2025-02-03T10:16:12.270+0000] {processor.py:914} INFO - Processing file /home/airflow/.local/lib/python3.12/site-packages/airflow/example_dags/example_params_trigger_ui.py for tasks to queue
[2025-02-03T10:16:12.274+0000] {logging_mixin.py:190} INFO - [2025-02-03T10:16:12.273+0000] {dagbag.py:588} INFO - Filling up the DagBag from /home/airflow/.local/lib/python3.12/site-packages/airflow/example_dags/example_params_trigger_ui.py
[2025-02-03T10:16:12.288+0000] {processor.py:925} INFO - DAG(s) 'example_params_trigger_ui' retrieved from /home/airflow/.local/lib/python3.12/site-packages/airflow/example_dags/example_params_trigger_ui.py
[2025-02-03T10:16:12.371+0000] {logging_mixin.py:190} INFO - [2025-02-03T10:16:12.370+0000] {dag.py:3239} INFO - Sync 1 DAGs
[2025-02-03T10:16:12.386+0000] {logging_mixin.py:190} INFO - [2025-02-03T10:16:12.385+0000] {dag.py:4180} INFO - Setting next_dagrun for example_params_trigger_ui to None, run_after=None
[2025-02-03T10:16:12.420+0000] {processor.py:208} INFO - Processing /home/airflow/.local/lib/python3.12/site-packages/airflow/example_dags/example_params_trigger_ui.py took 0.162 seconds
[2025-02-03T10:16:42.803+0000] {processor.py:186} INFO - Started process (PID=509) to work on /home/airflow/.local/lib/python3.12/site-packages/airflow/example_dags/example_params_trigger_ui.py
[2025-02-03T10:16:42.805+0000] {processor.py:914} INFO - Processing file /home/airflow/.local/lib/python3.12/site-packages/airflow/example_dags/example_params_trigger_ui.py for tasks to queue
[2025-02-03T10:16:42.807+0000] {logging_mixin.py:190} INFO - [2025-02-03T10:16:42.807+0000] {dagbag.py:588} INFO - Filling up the DagBag from /home/airflow/.local/lib/python3.12/site-packages/airflow/example_dags/example_params_trigger_ui.py
[2025-02-03T10:16:42.825+0000] {processor.py:925} INFO - DAG(s) 'example_params_trigger_ui' retrieved from /home/airflow/.local/lib/python3.12/site-packages/airflow/example_dags/example_params_trigger_ui.py
[2025-02-03T10:16:42.896+0000] {logging_mixin.py:190} INFO - [2025-02-03T10:16:42.895+0000] {dag.py:3239} INFO - Sync 1 DAGs
[2025-02-03T10:16:42.919+0000] {logging_mixin.py:190} INFO - [2025-02-03T10:16:42.919+0000] {dag.py:4180} INFO - Setting next_dagrun for example_params_trigger_ui to None, run_after=None
[2025-02-03T10:16:42.958+0000] {processor.py:208} INFO - Processing /home/airflow/.local/lib/python3.12/site-packages/airflow/example_dags/example_params_trigger_ui.py took 0.168 seconds
[2025-02-03T10:17:13.801+0000] {processor.py:186} INFO - Started process (PID=572) to work on /home/airflow/.local/lib/python3.12/site-packages/airflow/example_dags/example_params_trigger_ui.py
[2025-02-03T10:17:13.802+0000] {processor.py:914} INFO - Processing file /home/airflow/.local/lib/python3.12/site-packages/airflow/example_dags/example_params_trigger_ui.py for tasks to queue
[2025-02-03T10:17:13.804+0000] {logging_mixin.py:190} INFO - [2025-02-03T10:17:13.804+0000] {dagbag.py:588} INFO - Filling up the DagBag from /home/airflow/.local/lib/python3.12/site-packages/airflow/example_dags/example_params_trigger_ui.py
[2025-02-03T10:17:13.816+0000] {processor.py:925} INFO - DAG(s) 'example_params_trigger_ui' retrieved from /home/airflow/.local/lib/python3.12/site-packages/airflow/example_dags/example_params_trigger_ui.py
[2025-02-03T10:17:13.858+0000] {logging_mixin.py:190} INFO - [2025-02-03T10:17:13.857+0000] {dag.py:3239} INFO - Sync 1 DAGs
[2025-02-03T10:17:13.871+0000] {logging_mixin.py:190} INFO - [2025-02-03T10:17:13.871+0000] {dag.py:4180} INFO - Setting next_dagrun for example_params_trigger_ui to None, run_after=None
[2025-02-03T10:17:13.888+0000] {processor.py:208} INFO - Processing /home/airflow/.local/lib/python3.12/site-packages/airflow/example_dags/example_params_trigger_ui.py took 0.093 seconds
[2025-02-03T10:17:44.664+0000] {processor.py:186} INFO - Started process (PID=637) to work on /home/airflow/.local/lib/python3.12/site-packages/airflow/example_dags/example_params_trigger_ui.py
[2025-02-03T10:17:44.665+0000] {processor.py:914} INFO - Processing file /home/airflow/.local/lib/python3.12/site-packages/airflow/example_dags/example_params_trigger_ui.py for tasks to queue
[2025-02-03T10:17:44.668+0000] {logging_mixin.py:190} INFO - [2025-02-03T10:17:44.667+0000] {dagbag.py:588} INFO - Filling up the DagBag from /home/airflow/.local/lib/python3.12/site-packages/airflow/example_dags/example_params_trigger_ui.py
[2025-02-03T10:17:44.676+0000] {processor.py:925} INFO - DAG(s) 'example_params_trigger_ui' retrieved from /home/airflow/.local/lib/python3.12/site-packages/airflow/example_dags/example_params_trigger_ui.py
[2025-02-03T10:17:44.715+0000] {logging_mixin.py:190} INFO - [2025-02-03T10:17:44.715+0000] {dag.py:3239} INFO - Sync 1 DAGs
[2025-02-03T10:17:44.726+0000] {logging_mixin.py:190} INFO - [2025-02-03T10:17:44.726+0000] {dag.py:4180} INFO - Setting next_dagrun for example_params_trigger_ui to None, run_after=None
[2025-02-03T10:17:44.745+0000] {processor.py:208} INFO - Processing /home/airflow/.local/lib/python3.12/site-packages/airflow/example_dags/example_params_trigger_ui.py took 0.085 seconds
[2025-02-03T10:18:15.459+0000] {processor.py:186} INFO - Started process (PID=702) to work on /home/airflow/.local/lib/python3.12/site-packages/airflow/example_dags/example_params_trigger_ui.py
[2025-02-03T10:18:15.460+0000] {processor.py:914} INFO - Processing file /home/airflow/.local/lib/python3.12/site-packages/airflow/example_dags/example_params_trigger_ui.py for tasks to queue
[2025-02-03T10:18:15.462+0000] {logging_mixin.py:190} INFO - [2025-02-03T10:18:15.462+0000] {dagbag.py:588} INFO - Filling up the DagBag from /home/airflow/.local/lib/python3.12/site-packages/airflow/example_dags/example_params_trigger_ui.py
[2025-02-03T10:18:15.473+0000] {processor.py:925} INFO - DAG(s) 'example_params_trigger_ui' retrieved from /home/airflow/.local/lib/python3.12/site-packages/airflow/example_dags/example_params_trigger_ui.py
[2025-02-03T10:18:15.507+0000] {logging_mixin.py:190} INFO - [2025-02-03T10:18:15.507+0000] {dag.py:3239} INFO - Sync 1 DAGs
[2025-02-03T10:18:15.519+0000] {logging_mixin.py:190} INFO - [2025-02-03T10:18:15.518+0000] {dag.py:4180} INFO - Setting next_dagrun for example_params_trigger_ui to None, run_after=None
[2025-02-03T10:18:15.536+0000] {processor.py:208} INFO - Processing /home/airflow/.local/lib/python3.12/site-packages/airflow/example_dags/example_params_trigger_ui.py took 0.084 seconds
[2025-02-03T10:18:46.925+0000] {processor.py:186} INFO - Started process (PID=766) to work on /home/airflow/.local/lib/python3.12/site-packages/airflow/example_dags/example_params_trigger_ui.py
[2025-02-03T10:18:46.927+0000] {processor.py:914} INFO - Processing file /home/airflow/.local/lib/python3.12/site-packages/airflow/example_dags/example_params_trigger_ui.py for tasks to queue
[2025-02-03T10:18:46.929+0000] {logging_mixin.py:190} INFO - [2025-02-03T10:18:46.929+0000] {dagbag.py:588} INFO - Filling up the DagBag from /home/airflow/.local/lib/python3.12/site-packages/airflow/example_dags/example_params_trigger_ui.py
[2025-02-03T10:18:46.940+0000] {processor.py:925} INFO - DAG(s) 'example_params_trigger_ui' retrieved from /home/airflow/.local/lib/python3.12/site-packages/airflow/example_dags/example_params_trigger_ui.py
[2025-02-03T10:18:46.978+0000] {logging_mixin.py:190} INFO - [2025-02-03T10:18:46.977+0000] {dag.py:3239} INFO - Sync 1 DAGs
[2025-02-03T10:18:46.988+0000] {logging_mixin.py:190} INFO - [2025-02-03T10:18:46.988+0000] {dag.py:4180} INFO - Setting next_dagrun for example_params_trigger_ui to None, run_after=None
[2025-02-03T10:18:47.001+0000] {processor.py:208} INFO - Processing /home/airflow/.local/lib/python3.12/site-packages/airflow/example_dags/example_params_trigger_ui.py took 0.081 seconds
[2025-02-03T10:19:17.637+0000] {processor.py:186} INFO - Started process (PID=830) to work on /home/airflow/.local/lib/python3.12/site-packages/airflow/example_dags/example_params_trigger_ui.py
[2025-02-03T10:19:17.638+0000] {processor.py:914} INFO - Processing file /home/airflow/.local/lib/python3.12/site-packages/airflow/example_dags/example_params_trigger_ui.py for tasks to queue
[2025-02-03T10:19:17.640+0000] {logging_mixin.py:190} INFO - [2025-02-03T10:19:17.640+0000] {dagbag.py:588} INFO - Filling up the DagBag from /home/airflow/.local/lib/python3.12/site-packages/airflow/example_dags/example_params_trigger_ui.py
[2025-02-03T10:19:17.652+0000] {processor.py:925} INFO - DAG(s) 'example_params_trigger_ui' retrieved from /home/airflow/.local/lib/python3.12/site-packages/airflow/example_dags/example_params_trigger_ui.py
[2025-02-03T10:19:17.689+0000] {logging_mixin.py:190} INFO - [2025-02-03T10:19:17.689+0000] {dag.py:3239} INFO - Sync 1 DAGs
[2025-02-03T10:19:17.701+0000] {logging_mixin.py:190} INFO - [2025-02-03T10:19:17.701+0000] {dag.py:4180} INFO - Setting next_dagrun for example_params_trigger_ui to None, run_after=None
[2025-02-03T10:19:17.723+0000] {processor.py:208} INFO - Processing /home/airflow/.local/lib/python3.12/site-packages/airflow/example_dags/example_params_trigger_ui.py took 0.092 seconds
[2025-02-03T10:19:48.011+0000] {processor.py:186} INFO - Started process (PID=894) to work on /home/airflow/.local/lib/python3.12/site-packages/airflow/example_dags/example_params_trigger_ui.py
[2025-02-03T10:19:48.012+0000] {processor.py:914} INFO - Processing file /home/airflow/.local/lib/python3.12/site-packages/airflow/example_dags/example_params_trigger_ui.py for tasks to queue
[2025-02-03T10:19:48.015+0000] {logging_mixin.py:190} INFO - [2025-02-03T10:19:48.014+0000] {dagbag.py:588} INFO - Filling up the DagBag from /home/airflow/.local/lib/python3.12/site-packages/airflow/example_dags/example_params_trigger_ui.py
[2025-02-03T10:19:48.024+0000] {processor.py:925} INFO - DAG(s) 'example_params_trigger_ui' retrieved from /home/airflow/.local/lib/python3.12/site-packages/airflow/example_dags/example_params_trigger_ui.py
[2025-02-03T10:19:48.054+0000] {logging_mixin.py:190} INFO - [2025-02-03T10:19:48.054+0000] {dag.py:3239} INFO - Sync 1 DAGs
[2025-02-03T10:19:48.066+0000] {logging_mixin.py:190} INFO - [2025-02-03T10:19:48.066+0000] {dag.py:4180} INFO - Setting next_dagrun for example_params_trigger_ui to None, run_after=None
[2025-02-03T10:19:48.083+0000] {processor.py:208} INFO - Processing /home/airflow/.local/lib/python3.12/site-packages/airflow/example_dags/example_params_trigger_ui.py took 0.077 seconds
[2025-02-03T10:20:19.558+0000] {processor.py:186} INFO - Started process (PID=958) to work on /home/airflow/.local/lib/python3.12/site-packages/airflow/example_dags/example_params_trigger_ui.py
[2025-02-03T10:20:19.560+0000] {processor.py:914} INFO - Processing file /home/airflow/.local/lib/python3.12/site-packages/airflow/example_dags/example_params_trigger_ui.py for tasks to queue
[2025-02-03T10:20:19.563+0000] {logging_mixin.py:190} INFO - [2025-02-03T10:20:19.562+0000] {dagbag.py:588} INFO - Filling up the DagBag from /home/airflow/.local/lib/python3.12/site-packages/airflow/example_dags/example_params_trigger_ui.py
[2025-02-03T10:20:19.573+0000] {processor.py:925} INFO - DAG(s) 'example_params_trigger_ui' retrieved from /home/airflow/.local/lib/python3.12/site-packages/airflow/example_dags/example_params_trigger_ui.py
[2025-02-03T10:20:19.614+0000] {logging_mixin.py:190} INFO - [2025-02-03T10:20:19.614+0000] {dag.py:3239} INFO - Sync 1 DAGs
[2025-02-03T10:20:19.626+0000] {logging_mixin.py:190} INFO - [2025-02-03T10:20:19.626+0000] {dag.py:4180} INFO - Setting next_dagrun for example_params_trigger_ui to None, run_after=None
[2025-02-03T10:20:19.646+0000] {processor.py:208} INFO - Processing /home/airflow/.local/lib/python3.12/site-packages/airflow/example_dags/example_params_trigger_ui.py took 0.096 seconds
