[2025-02-03T09:44:26.857+0000] {processor.py:186} INFO - Started process (PID=42) to work on /home/airflow/.local/lib/python3.12/site-packages/airflow/example_dags/example_kubernetes_executor.py
[2025-02-03T09:44:26.858+0000] {processor.py:914} INFO - Processing file /home/airflow/.local/lib/python3.12/site-packages/airflow/example_dags/example_kubernetes_executor.py for tasks to queue
[2025-02-03T09:44:26.862+0000] {logging_mixin.py:190} INFO - [2025-02-03T09:44:26.861+0000] {dagbag.py:588} INFO - Filling up the DagBag from /home/airflow/.local/lib/python3.12/site-packages/airflow/example_dags/example_kubernetes_executor.py
[2025-02-03T09:44:26.900+0000] {processor.py:925} INFO - DAG(s) 'example_kubernetes_executor' retrieved from /home/airflow/.local/lib/python3.12/site-packages/airflow/example_dags/example_kubernetes_executor.py
[2025-02-03T09:44:26.993+0000] {logging_mixin.py:190} INFO - [2025-02-03T09:44:26.992+0000] {override.py:1911} INFO - Created Permission View: can edit on DAG:example_kubernetes_executor
[2025-02-03T09:44:27.003+0000] {logging_mixin.py:190} INFO - [2025-02-03T09:44:27.002+0000] {override.py:1911} INFO - Created Permission View: can read on DAG:example_kubernetes_executor
[2025-02-03T09:44:27.013+0000] {logging_mixin.py:190} INFO - [2025-02-03T09:44:27.012+0000] {override.py:1911} INFO - Created Permission View: can delete on DAG:example_kubernetes_executor
[2025-02-03T09:44:27.020+0000] {logging_mixin.py:190} INFO - [2025-02-03T09:44:27.019+0000] {override.py:1911} INFO - Created Permission View: can read on DAG Run:example_kubernetes_executor
[2025-02-03T09:44:27.030+0000] {logging_mixin.py:190} INFO - [2025-02-03T09:44:27.030+0000] {override.py:1911} INFO - Created Permission View: can delete on DAG Run:example_kubernetes_executor
[2025-02-03T09:44:27.038+0000] {logging_mixin.py:190} INFO - [2025-02-03T09:44:27.037+0000] {override.py:1911} INFO - Created Permission View: can create on DAG Run:example_kubernetes_executor
[2025-02-03T09:44:27.045+0000] {logging_mixin.py:190} INFO - [2025-02-03T09:44:27.045+0000] {override.py:1911} INFO - Created Permission View: menu access on DAG Run:example_kubernetes_executor
[2025-02-03T09:44:27.046+0000] {logging_mixin.py:190} INFO - [2025-02-03T09:44:27.046+0000] {dag.py:3239} INFO - Sync 1 DAGs
[2025-02-03T09:44:27.058+0000] {logging_mixin.py:190} INFO - [2025-02-03T09:44:27.058+0000] {dag.py:3262} INFO - Creating ORM DAG for example_kubernetes_executor
[2025-02-03T09:44:27.067+0000] {logging_mixin.py:190} INFO - [2025-02-03T09:44:27.067+0000] {dag.py:4180} INFO - Setting next_dagrun for example_kubernetes_executor to None, run_after=None
[2025-02-03T09:44:27.082+0000] {processor.py:208} INFO - Processing /home/airflow/.local/lib/python3.12/site-packages/airflow/example_dags/example_kubernetes_executor.py took 0.231 seconds
[2025-02-03T09:45:09.425+0000] {processor.py:186} INFO - Started process (PID=104) to work on /home/airflow/.local/lib/python3.12/site-packages/airflow/example_dags/example_kubernetes_executor.py
[2025-02-03T09:45:09.429+0000] {processor.py:914} INFO - Processing file /home/airflow/.local/lib/python3.12/site-packages/airflow/example_dags/example_kubernetes_executor.py for tasks to queue
[2025-02-03T09:45:09.439+0000] {logging_mixin.py:190} INFO - [2025-02-03T09:45:09.439+0000] {dagbag.py:588} INFO - Filling up the DagBag from /home/airflow/.local/lib/python3.12/site-packages/airflow/example_dags/example_kubernetes_executor.py
[2025-02-03T09:45:09.462+0000] {processor.py:925} INFO - DAG(s) 'example_kubernetes_executor' retrieved from /home/airflow/.local/lib/python3.12/site-packages/airflow/example_dags/example_kubernetes_executor.py
[2025-02-03T09:45:09.512+0000] {logging_mixin.py:190} INFO - [2025-02-03T09:45:09.511+0000] {dag.py:3239} INFO - Sync 1 DAGs
[2025-02-03T09:45:09.538+0000] {logging_mixin.py:190} INFO - [2025-02-03T09:45:09.538+0000] {dag.py:4180} INFO - Setting next_dagrun for example_kubernetes_executor to None, run_after=None
[2025-02-03T09:45:09.575+0000] {processor.py:208} INFO - Processing /home/airflow/.local/lib/python3.12/site-packages/airflow/example_dags/example_kubernetes_executor.py took 0.158 seconds
[2025-02-03T09:45:42.360+0000] {processor.py:186} INFO - Started process (PID=167) to work on /home/airflow/.local/lib/python3.12/site-packages/airflow/example_dags/example_kubernetes_executor.py
[2025-02-03T09:45:42.363+0000] {processor.py:914} INFO - Processing file /home/airflow/.local/lib/python3.12/site-packages/airflow/example_dags/example_kubernetes_executor.py for tasks to queue
[2025-02-03T09:45:42.372+0000] {logging_mixin.py:190} INFO - [2025-02-03T09:45:42.371+0000] {dagbag.py:588} INFO - Filling up the DagBag from /home/airflow/.local/lib/python3.12/site-packages/airflow/example_dags/example_kubernetes_executor.py
[2025-02-03T09:45:42.395+0000] {processor.py:925} INFO - DAG(s) 'example_kubernetes_executor' retrieved from /home/airflow/.local/lib/python3.12/site-packages/airflow/example_dags/example_kubernetes_executor.py
[2025-02-03T09:45:42.437+0000] {logging_mixin.py:190} INFO - [2025-02-03T09:45:42.437+0000] {dag.py:3239} INFO - Sync 1 DAGs
[2025-02-03T09:45:42.454+0000] {logging_mixin.py:190} INFO - [2025-02-03T09:45:42.454+0000] {dag.py:4180} INFO - Setting next_dagrun for example_kubernetes_executor to None, run_after=None
[2025-02-03T09:45:42.491+0000] {processor.py:208} INFO - Processing /home/airflow/.local/lib/python3.12/site-packages/airflow/example_dags/example_kubernetes_executor.py took 0.137 seconds
[2025-02-03T09:46:13.165+0000] {processor.py:186} INFO - Started process (PID=230) to work on /home/airflow/.local/lib/python3.12/site-packages/airflow/example_dags/example_kubernetes_executor.py
[2025-02-03T09:46:13.166+0000] {processor.py:914} INFO - Processing file /home/airflow/.local/lib/python3.12/site-packages/airflow/example_dags/example_kubernetes_executor.py for tasks to queue
[2025-02-03T09:46:13.168+0000] {logging_mixin.py:190} INFO - [2025-02-03T09:46:13.168+0000] {dagbag.py:588} INFO - Filling up the DagBag from /home/airflow/.local/lib/python3.12/site-packages/airflow/example_dags/example_kubernetes_executor.py
[2025-02-03T09:46:13.179+0000] {processor.py:925} INFO - DAG(s) 'example_kubernetes_executor' retrieved from /home/airflow/.local/lib/python3.12/site-packages/airflow/example_dags/example_kubernetes_executor.py
[2025-02-03T09:46:13.202+0000] {logging_mixin.py:190} INFO - [2025-02-03T09:46:13.202+0000] {dag.py:3239} INFO - Sync 1 DAGs
[2025-02-03T09:46:13.214+0000] {logging_mixin.py:190} INFO - [2025-02-03T09:46:13.214+0000] {dag.py:4180} INFO - Setting next_dagrun for example_kubernetes_executor to None, run_after=None
[2025-02-03T09:46:13.228+0000] {processor.py:208} INFO - Processing /home/airflow/.local/lib/python3.12/site-packages/airflow/example_dags/example_kubernetes_executor.py took 0.068 seconds
[2025-02-03T09:55:19.694+0000] {processor.py:186} INFO - Started process (PID=43) to work on /home/airflow/.local/lib/python3.12/site-packages/airflow/example_dags/example_kubernetes_executor.py
[2025-02-03T09:55:19.700+0000] {processor.py:914} INFO - Processing file /home/airflow/.local/lib/python3.12/site-packages/airflow/example_dags/example_kubernetes_executor.py for tasks to queue
[2025-02-03T09:55:19.705+0000] {logging_mixin.py:190} INFO - [2025-02-03T09:55:19.704+0000] {dagbag.py:588} INFO - Filling up the DagBag from /home/airflow/.local/lib/python3.12/site-packages/airflow/example_dags/example_kubernetes_executor.py
[2025-02-03T09:55:19.775+0000] {processor.py:925} INFO - DAG(s) 'example_kubernetes_executor' retrieved from /home/airflow/.local/lib/python3.12/site-packages/airflow/example_dags/example_kubernetes_executor.py
[2025-02-03T09:55:19.812+0000] {logging_mixin.py:190} INFO - [2025-02-03T09:55:19.811+0000] {dag.py:3239} INFO - Sync 1 DAGs
[2025-02-03T09:55:19.838+0000] {logging_mixin.py:190} INFO - [2025-02-03T09:55:19.838+0000] {dag.py:4180} INFO - Setting next_dagrun for example_kubernetes_executor to None, run_after=None
[2025-02-03T09:55:19.875+0000] {processor.py:208} INFO - Processing /home/airflow/.local/lib/python3.12/site-packages/airflow/example_dags/example_kubernetes_executor.py took 0.191 seconds
[2025-02-03T09:55:51.050+0000] {processor.py:186} INFO - Started process (PID=107) to work on /home/airflow/.local/lib/python3.12/site-packages/airflow/example_dags/example_kubernetes_executor.py
[2025-02-03T09:55:51.051+0000] {processor.py:914} INFO - Processing file /home/airflow/.local/lib/python3.12/site-packages/airflow/example_dags/example_kubernetes_executor.py for tasks to queue
[2025-02-03T09:55:51.053+0000] {logging_mixin.py:190} INFO - [2025-02-03T09:55:51.053+0000] {dagbag.py:588} INFO - Filling up the DagBag from /home/airflow/.local/lib/python3.12/site-packages/airflow/example_dags/example_kubernetes_executor.py
[2025-02-03T09:55:51.065+0000] {processor.py:925} INFO - DAG(s) 'example_kubernetes_executor' retrieved from /home/airflow/.local/lib/python3.12/site-packages/airflow/example_dags/example_kubernetes_executor.py
[2025-02-03T09:55:51.088+0000] {logging_mixin.py:190} INFO - [2025-02-03T09:55:51.088+0000] {dag.py:3239} INFO - Sync 1 DAGs
[2025-02-03T09:55:51.100+0000] {logging_mixin.py:190} INFO - [2025-02-03T09:55:51.099+0000] {dag.py:4180} INFO - Setting next_dagrun for example_kubernetes_executor to None, run_after=None
[2025-02-03T09:55:51.117+0000] {processor.py:208} INFO - Processing /home/airflow/.local/lib/python3.12/site-packages/airflow/example_dags/example_kubernetes_executor.py took 0.072 seconds
[2025-02-03T09:56:21.730+0000] {processor.py:186} INFO - Started process (PID=171) to work on /home/airflow/.local/lib/python3.12/site-packages/airflow/example_dags/example_kubernetes_executor.py
[2025-02-03T09:56:21.731+0000] {processor.py:914} INFO - Processing file /home/airflow/.local/lib/python3.12/site-packages/airflow/example_dags/example_kubernetes_executor.py for tasks to queue
[2025-02-03T09:56:21.734+0000] {logging_mixin.py:190} INFO - [2025-02-03T09:56:21.733+0000] {dagbag.py:588} INFO - Filling up the DagBag from /home/airflow/.local/lib/python3.12/site-packages/airflow/example_dags/example_kubernetes_executor.py
[2025-02-03T09:56:21.745+0000] {processor.py:925} INFO - DAG(s) 'example_kubernetes_executor' retrieved from /home/airflow/.local/lib/python3.12/site-packages/airflow/example_dags/example_kubernetes_executor.py
[2025-02-03T09:56:21.768+0000] {logging_mixin.py:190} INFO - [2025-02-03T09:56:21.767+0000] {dag.py:3239} INFO - Sync 1 DAGs
[2025-02-03T09:56:21.783+0000] {logging_mixin.py:190} INFO - [2025-02-03T09:56:21.783+0000] {dag.py:4180} INFO - Setting next_dagrun for example_kubernetes_executor to None, run_after=None
[2025-02-03T09:56:21.818+0000] {processor.py:208} INFO - Processing /home/airflow/.local/lib/python3.12/site-packages/airflow/example_dags/example_kubernetes_executor.py took 0.093 seconds
[2025-02-03T09:56:52.384+0000] {processor.py:186} INFO - Started process (PID=235) to work on /home/airflow/.local/lib/python3.12/site-packages/airflow/example_dags/example_kubernetes_executor.py
[2025-02-03T09:56:52.385+0000] {processor.py:914} INFO - Processing file /home/airflow/.local/lib/python3.12/site-packages/airflow/example_dags/example_kubernetes_executor.py for tasks to queue
[2025-02-03T09:56:52.387+0000] {logging_mixin.py:190} INFO - [2025-02-03T09:56:52.387+0000] {dagbag.py:588} INFO - Filling up the DagBag from /home/airflow/.local/lib/python3.12/site-packages/airflow/example_dags/example_kubernetes_executor.py
[2025-02-03T09:56:52.398+0000] {processor.py:925} INFO - DAG(s) 'example_kubernetes_executor' retrieved from /home/airflow/.local/lib/python3.12/site-packages/airflow/example_dags/example_kubernetes_executor.py
[2025-02-03T09:56:52.416+0000] {logging_mixin.py:190} INFO - [2025-02-03T09:56:52.416+0000] {dag.py:3239} INFO - Sync 1 DAGs
[2025-02-03T09:56:52.427+0000] {logging_mixin.py:190} INFO - [2025-02-03T09:56:52.427+0000] {dag.py:4180} INFO - Setting next_dagrun for example_kubernetes_executor to None, run_after=None
[2025-02-03T09:56:52.443+0000] {processor.py:208} INFO - Processing /home/airflow/.local/lib/python3.12/site-packages/airflow/example_dags/example_kubernetes_executor.py took 0.064 seconds
[2025-02-03T09:57:30.168+0000] {processor.py:186} INFO - Started process (PID=299) to work on /home/airflow/.local/lib/python3.12/site-packages/airflow/example_dags/example_kubernetes_executor.py
[2025-02-03T09:57:30.174+0000] {processor.py:914} INFO - Processing file /home/airflow/.local/lib/python3.12/site-packages/airflow/example_dags/example_kubernetes_executor.py for tasks to queue
[2025-02-03T09:57:30.181+0000] {logging_mixin.py:190} INFO - [2025-02-03T09:57:30.181+0000] {dagbag.py:588} INFO - Filling up the DagBag from /home/airflow/.local/lib/python3.12/site-packages/airflow/example_dags/example_kubernetes_executor.py
[2025-02-03T09:57:30.241+0000] {processor.py:925} INFO - DAG(s) 'example_kubernetes_executor' retrieved from /home/airflow/.local/lib/python3.12/site-packages/airflow/example_dags/example_kubernetes_executor.py
[2025-02-03T09:57:30.291+0000] {logging_mixin.py:190} INFO - [2025-02-03T09:57:30.290+0000] {dag.py:3239} INFO - Sync 1 DAGs
[2025-02-03T09:57:30.342+0000] {logging_mixin.py:190} INFO - [2025-02-03T09:57:30.341+0000] {dag.py:4180} INFO - Setting next_dagrun for example_kubernetes_executor to None, run_after=None
[2025-02-03T09:57:30.400+0000] {processor.py:208} INFO - Processing /home/airflow/.local/lib/python3.12/site-packages/airflow/example_dags/example_kubernetes_executor.py took 0.240 seconds
[2025-02-03T09:58:01.006+0000] {processor.py:186} INFO - Started process (PID=363) to work on /home/airflow/.local/lib/python3.12/site-packages/airflow/example_dags/example_kubernetes_executor.py
[2025-02-03T09:58:01.007+0000] {processor.py:914} INFO - Processing file /home/airflow/.local/lib/python3.12/site-packages/airflow/example_dags/example_kubernetes_executor.py for tasks to queue
[2025-02-03T09:58:01.009+0000] {logging_mixin.py:190} INFO - [2025-02-03T09:58:01.009+0000] {dagbag.py:588} INFO - Filling up the DagBag from /home/airflow/.local/lib/python3.12/site-packages/airflow/example_dags/example_kubernetes_executor.py
[2025-02-03T09:58:01.025+0000] {processor.py:925} INFO - DAG(s) 'example_kubernetes_executor' retrieved from /home/airflow/.local/lib/python3.12/site-packages/airflow/example_dags/example_kubernetes_executor.py
[2025-02-03T09:58:01.047+0000] {logging_mixin.py:190} INFO - [2025-02-03T09:58:01.047+0000] {dag.py:3239} INFO - Sync 1 DAGs
[2025-02-03T09:58:01.061+0000] {logging_mixin.py:190} INFO - [2025-02-03T09:58:01.061+0000] {dag.py:4180} INFO - Setting next_dagrun for example_kubernetes_executor to None, run_after=None
[2025-02-03T09:58:01.079+0000] {processor.py:208} INFO - Processing /home/airflow/.local/lib/python3.12/site-packages/airflow/example_dags/example_kubernetes_executor.py took 0.080 seconds
[2025-02-03T09:58:31.972+0000] {processor.py:186} INFO - Started process (PID=427) to work on /home/airflow/.local/lib/python3.12/site-packages/airflow/example_dags/example_kubernetes_executor.py
[2025-02-03T09:58:31.974+0000] {processor.py:914} INFO - Processing file /home/airflow/.local/lib/python3.12/site-packages/airflow/example_dags/example_kubernetes_executor.py for tasks to queue
[2025-02-03T09:58:31.979+0000] {logging_mixin.py:190} INFO - [2025-02-03T09:58:31.978+0000] {dagbag.py:588} INFO - Filling up the DagBag from /home/airflow/.local/lib/python3.12/site-packages/airflow/example_dags/example_kubernetes_executor.py
[2025-02-03T09:58:32.001+0000] {processor.py:925} INFO - DAG(s) 'example_kubernetes_executor' retrieved from /home/airflow/.local/lib/python3.12/site-packages/airflow/example_dags/example_kubernetes_executor.py
[2025-02-03T09:58:32.036+0000] {logging_mixin.py:190} INFO - [2025-02-03T09:58:32.036+0000] {dag.py:3239} INFO - Sync 1 DAGs
[2025-02-03T09:58:32.058+0000] {logging_mixin.py:190} INFO - [2025-02-03T09:58:32.057+0000] {dag.py:4180} INFO - Setting next_dagrun for example_kubernetes_executor to None, run_after=None
[2025-02-03T09:58:32.091+0000] {processor.py:208} INFO - Processing /home/airflow/.local/lib/python3.12/site-packages/airflow/example_dags/example_kubernetes_executor.py took 0.129 seconds
[2025-02-03T09:59:02.650+0000] {processor.py:186} INFO - Started process (PID=492) to work on /home/airflow/.local/lib/python3.12/site-packages/airflow/example_dags/example_kubernetes_executor.py
[2025-02-03T09:59:02.651+0000] {processor.py:914} INFO - Processing file /home/airflow/.local/lib/python3.12/site-packages/airflow/example_dags/example_kubernetes_executor.py for tasks to queue
[2025-02-03T09:59:02.653+0000] {logging_mixin.py:190} INFO - [2025-02-03T09:59:02.653+0000] {dagbag.py:588} INFO - Filling up the DagBag from /home/airflow/.local/lib/python3.12/site-packages/airflow/example_dags/example_kubernetes_executor.py
[2025-02-03T09:59:02.665+0000] {processor.py:925} INFO - DAG(s) 'example_kubernetes_executor' retrieved from /home/airflow/.local/lib/python3.12/site-packages/airflow/example_dags/example_kubernetes_executor.py
[2025-02-03T09:59:02.684+0000] {logging_mixin.py:190} INFO - [2025-02-03T09:59:02.684+0000] {dag.py:3239} INFO - Sync 1 DAGs
[2025-02-03T09:59:02.695+0000] {logging_mixin.py:190} INFO - [2025-02-03T09:59:02.695+0000] {dag.py:4180} INFO - Setting next_dagrun for example_kubernetes_executor to None, run_after=None
[2025-02-03T09:59:02.710+0000] {processor.py:208} INFO - Processing /home/airflow/.local/lib/python3.12/site-packages/airflow/example_dags/example_kubernetes_executor.py took 0.066 seconds
[2025-02-03T09:59:33.548+0000] {processor.py:186} INFO - Started process (PID=556) to work on /home/airflow/.local/lib/python3.12/site-packages/airflow/example_dags/example_kubernetes_executor.py
[2025-02-03T09:59:33.550+0000] {processor.py:914} INFO - Processing file /home/airflow/.local/lib/python3.12/site-packages/airflow/example_dags/example_kubernetes_executor.py for tasks to queue
[2025-02-03T09:59:33.552+0000] {logging_mixin.py:190} INFO - [2025-02-03T09:59:33.552+0000] {dagbag.py:588} INFO - Filling up the DagBag from /home/airflow/.local/lib/python3.12/site-packages/airflow/example_dags/example_kubernetes_executor.py
[2025-02-03T09:59:33.563+0000] {processor.py:925} INFO - DAG(s) 'example_kubernetes_executor' retrieved from /home/airflow/.local/lib/python3.12/site-packages/airflow/example_dags/example_kubernetes_executor.py
[2025-02-03T09:59:33.585+0000] {logging_mixin.py:190} INFO - [2025-02-03T09:59:33.585+0000] {dag.py:3239} INFO - Sync 1 DAGs
[2025-02-03T09:59:33.598+0000] {logging_mixin.py:190} INFO - [2025-02-03T09:59:33.597+0000] {dag.py:4180} INFO - Setting next_dagrun for example_kubernetes_executor to None, run_after=None
[2025-02-03T09:59:33.616+0000] {processor.py:208} INFO - Processing /home/airflow/.local/lib/python3.12/site-packages/airflow/example_dags/example_kubernetes_executor.py took 0.073 seconds
[2025-02-03T10:00:05.149+0000] {processor.py:186} INFO - Started process (PID=620) to work on /home/airflow/.local/lib/python3.12/site-packages/airflow/example_dags/example_kubernetes_executor.py
[2025-02-03T10:00:05.150+0000] {processor.py:914} INFO - Processing file /home/airflow/.local/lib/python3.12/site-packages/airflow/example_dags/example_kubernetes_executor.py for tasks to queue
[2025-02-03T10:00:05.152+0000] {logging_mixin.py:190} INFO - [2025-02-03T10:00:05.152+0000] {dagbag.py:588} INFO - Filling up the DagBag from /home/airflow/.local/lib/python3.12/site-packages/airflow/example_dags/example_kubernetes_executor.py
[2025-02-03T10:00:05.164+0000] {processor.py:925} INFO - DAG(s) 'example_kubernetes_executor' retrieved from /home/airflow/.local/lib/python3.12/site-packages/airflow/example_dags/example_kubernetes_executor.py
[2025-02-03T10:00:05.182+0000] {logging_mixin.py:190} INFO - [2025-02-03T10:00:05.182+0000] {dag.py:3239} INFO - Sync 1 DAGs
[2025-02-03T10:00:05.193+0000] {logging_mixin.py:190} INFO - [2025-02-03T10:00:05.193+0000] {dag.py:4180} INFO - Setting next_dagrun for example_kubernetes_executor to None, run_after=None
[2025-02-03T10:00:05.205+0000] {processor.py:208} INFO - Processing /home/airflow/.local/lib/python3.12/site-packages/airflow/example_dags/example_kubernetes_executor.py took 0.061 seconds
[2025-02-03T10:00:38.581+0000] {processor.py:186} INFO - Started process (PID=684) to work on /home/airflow/.local/lib/python3.12/site-packages/airflow/example_dags/example_kubernetes_executor.py
[2025-02-03T10:00:38.583+0000] {processor.py:914} INFO - Processing file /home/airflow/.local/lib/python3.12/site-packages/airflow/example_dags/example_kubernetes_executor.py for tasks to queue
[2025-02-03T10:00:38.585+0000] {logging_mixin.py:190} INFO - [2025-02-03T10:00:38.585+0000] {dagbag.py:588} INFO - Filling up the DagBag from /home/airflow/.local/lib/python3.12/site-packages/airflow/example_dags/example_kubernetes_executor.py
[2025-02-03T10:00:38.599+0000] {processor.py:925} INFO - DAG(s) 'example_kubernetes_executor' retrieved from /home/airflow/.local/lib/python3.12/site-packages/airflow/example_dags/example_kubernetes_executor.py
[2025-02-03T10:00:38.620+0000] {logging_mixin.py:190} INFO - [2025-02-03T10:00:38.620+0000] {dag.py:3239} INFO - Sync 1 DAGs
[2025-02-03T10:00:38.633+0000] {logging_mixin.py:190} INFO - [2025-02-03T10:00:38.633+0000] {dag.py:4180} INFO - Setting next_dagrun for example_kubernetes_executor to None, run_after=None
[2025-02-03T10:00:38.656+0000] {processor.py:208} INFO - Processing /home/airflow/.local/lib/python3.12/site-packages/airflow/example_dags/example_kubernetes_executor.py took 0.080 seconds
[2025-02-03T10:01:11.496+0000] {processor.py:186} INFO - Started process (PID=748) to work on /home/airflow/.local/lib/python3.12/site-packages/airflow/example_dags/example_kubernetes_executor.py
[2025-02-03T10:01:11.499+0000] {processor.py:914} INFO - Processing file /home/airflow/.local/lib/python3.12/site-packages/airflow/example_dags/example_kubernetes_executor.py for tasks to queue
[2025-02-03T10:01:11.504+0000] {logging_mixin.py:190} INFO - [2025-02-03T10:01:11.503+0000] {dagbag.py:588} INFO - Filling up the DagBag from /home/airflow/.local/lib/python3.12/site-packages/airflow/example_dags/example_kubernetes_executor.py
[2025-02-03T10:01:11.529+0000] {processor.py:925} INFO - DAG(s) 'example_kubernetes_executor' retrieved from /home/airflow/.local/lib/python3.12/site-packages/airflow/example_dags/example_kubernetes_executor.py
[2025-02-03T10:01:11.607+0000] {logging_mixin.py:190} INFO - [2025-02-03T10:01:11.606+0000] {dag.py:3239} INFO - Sync 1 DAGs
[2025-02-03T10:01:11.684+0000] {logging_mixin.py:190} INFO - [2025-02-03T10:01:11.684+0000] {dag.py:4180} INFO - Setting next_dagrun for example_kubernetes_executor to None, run_after=None
[2025-02-03T10:01:11.722+0000] {processor.py:208} INFO - Processing /home/airflow/.local/lib/python3.12/site-packages/airflow/example_dags/example_kubernetes_executor.py took 0.239 seconds
[2025-02-03T10:01:42.066+0000] {processor.py:186} INFO - Started process (PID=812) to work on /home/airflow/.local/lib/python3.12/site-packages/airflow/example_dags/example_kubernetes_executor.py
[2025-02-03T10:01:42.068+0000] {processor.py:914} INFO - Processing file /home/airflow/.local/lib/python3.12/site-packages/airflow/example_dags/example_kubernetes_executor.py for tasks to queue
[2025-02-03T10:01:42.070+0000] {logging_mixin.py:190} INFO - [2025-02-03T10:01:42.070+0000] {dagbag.py:588} INFO - Filling up the DagBag from /home/airflow/.local/lib/python3.12/site-packages/airflow/example_dags/example_kubernetes_executor.py
[2025-02-03T10:01:42.086+0000] {processor.py:925} INFO - DAG(s) 'example_kubernetes_executor' retrieved from /home/airflow/.local/lib/python3.12/site-packages/airflow/example_dags/example_kubernetes_executor.py
[2025-02-03T10:01:42.105+0000] {logging_mixin.py:190} INFO - [2025-02-03T10:01:42.105+0000] {dag.py:3239} INFO - Sync 1 DAGs
[2025-02-03T10:01:43.553+0000] {logging_mixin.py:190} INFO - [2025-02-03T10:01:43.553+0000] {dag.py:4180} INFO - Setting next_dagrun for example_kubernetes_executor to None, run_after=None
[2025-02-03T10:01:43.568+0000] {processor.py:208} INFO - Processing /home/airflow/.local/lib/python3.12/site-packages/airflow/example_dags/example_kubernetes_executor.py took 0.070 seconds
[2025-02-03T10:02:13.952+0000] {processor.py:186} INFO - Started process (PID=876) to work on /home/airflow/.local/lib/python3.12/site-packages/airflow/example_dags/example_kubernetes_executor.py
[2025-02-03T10:02:13.953+0000] {processor.py:914} INFO - Processing file /home/airflow/.local/lib/python3.12/site-packages/airflow/example_dags/example_kubernetes_executor.py for tasks to queue
[2025-02-03T10:02:13.963+0000] {logging_mixin.py:190} INFO - [2025-02-03T10:02:13.962+0000] {dagbag.py:588} INFO - Filling up the DagBag from /home/airflow/.local/lib/python3.12/site-packages/airflow/example_dags/example_kubernetes_executor.py
[2025-02-03T10:02:13.979+0000] {processor.py:925} INFO - DAG(s) 'example_kubernetes_executor' retrieved from /home/airflow/.local/lib/python3.12/site-packages/airflow/example_dags/example_kubernetes_executor.py
[2025-02-03T10:02:14.000+0000] {logging_mixin.py:190} INFO - [2025-02-03T10:02:14.000+0000] {dag.py:3239} INFO - Sync 1 DAGs
[2025-02-03T10:02:14.014+0000] {logging_mixin.py:190} INFO - [2025-02-03T10:02:14.013+0000] {dag.py:4180} INFO - Setting next_dagrun for example_kubernetes_executor to None, run_after=None
[2025-02-03T10:02:14.032+0000] {processor.py:208} INFO - Processing /home/airflow/.local/lib/python3.12/site-packages/airflow/example_dags/example_kubernetes_executor.py took 0.085 seconds
[2025-02-03T10:02:44.335+0000] {processor.py:186} INFO - Started process (PID=940) to work on /home/airflow/.local/lib/python3.12/site-packages/airflow/example_dags/example_kubernetes_executor.py
[2025-02-03T10:02:44.337+0000] {processor.py:914} INFO - Processing file /home/airflow/.local/lib/python3.12/site-packages/airflow/example_dags/example_kubernetes_executor.py for tasks to queue
[2025-02-03T10:02:44.339+0000] {logging_mixin.py:190} INFO - [2025-02-03T10:02:44.339+0000] {dagbag.py:588} INFO - Filling up the DagBag from /home/airflow/.local/lib/python3.12/site-packages/airflow/example_dags/example_kubernetes_executor.py
[2025-02-03T10:02:44.352+0000] {processor.py:925} INFO - DAG(s) 'example_kubernetes_executor' retrieved from /home/airflow/.local/lib/python3.12/site-packages/airflow/example_dags/example_kubernetes_executor.py
[2025-02-03T10:02:44.371+0000] {logging_mixin.py:190} INFO - [2025-02-03T10:02:44.371+0000] {dag.py:3239} INFO - Sync 1 DAGs
[2025-02-03T10:02:44.385+0000] {logging_mixin.py:190} INFO - [2025-02-03T10:02:44.385+0000] {dag.py:4180} INFO - Setting next_dagrun for example_kubernetes_executor to None, run_after=None
[2025-02-03T10:02:44.404+0000] {processor.py:208} INFO - Processing /home/airflow/.local/lib/python3.12/site-packages/airflow/example_dags/example_kubernetes_executor.py took 0.074 seconds
[2025-02-03T10:03:15.248+0000] {processor.py:186} INFO - Started process (PID=1003) to work on /home/airflow/.local/lib/python3.12/site-packages/airflow/example_dags/example_kubernetes_executor.py
[2025-02-03T10:03:15.250+0000] {processor.py:914} INFO - Processing file /home/airflow/.local/lib/python3.12/site-packages/airflow/example_dags/example_kubernetes_executor.py for tasks to queue
[2025-02-03T10:03:15.265+0000] {logging_mixin.py:190} INFO - [2025-02-03T10:03:15.265+0000] {dagbag.py:588} INFO - Filling up the DagBag from /home/airflow/.local/lib/python3.12/site-packages/airflow/example_dags/example_kubernetes_executor.py
[2025-02-03T10:03:15.305+0000] {processor.py:925} INFO - DAG(s) 'example_kubernetes_executor' retrieved from /home/airflow/.local/lib/python3.12/site-packages/airflow/example_dags/example_kubernetes_executor.py
[2025-02-03T10:03:15.404+0000] {logging_mixin.py:190} INFO - [2025-02-03T10:03:15.404+0000] {dag.py:3239} INFO - Sync 1 DAGs
[2025-02-03T10:03:15.440+0000] {logging_mixin.py:190} INFO - [2025-02-03T10:03:15.440+0000] {dag.py:4180} INFO - Setting next_dagrun for example_kubernetes_executor to None, run_after=None
[2025-02-03T10:03:15.498+0000] {processor.py:208} INFO - Processing /home/airflow/.local/lib/python3.12/site-packages/airflow/example_dags/example_kubernetes_executor.py took 0.255 seconds
[2025-02-03T10:03:46.489+0000] {processor.py:186} INFO - Started process (PID=1066) to work on /home/airflow/.local/lib/python3.12/site-packages/airflow/example_dags/example_kubernetes_executor.py
[2025-02-03T10:03:46.490+0000] {processor.py:914} INFO - Processing file /home/airflow/.local/lib/python3.12/site-packages/airflow/example_dags/example_kubernetes_executor.py for tasks to queue
[2025-02-03T10:03:46.493+0000] {logging_mixin.py:190} INFO - [2025-02-03T10:03:46.492+0000] {dagbag.py:588} INFO - Filling up the DagBag from /home/airflow/.local/lib/python3.12/site-packages/airflow/example_dags/example_kubernetes_executor.py
[2025-02-03T10:03:46.505+0000] {processor.py:925} INFO - DAG(s) 'example_kubernetes_executor' retrieved from /home/airflow/.local/lib/python3.12/site-packages/airflow/example_dags/example_kubernetes_executor.py
[2025-02-03T10:03:46.524+0000] {logging_mixin.py:190} INFO - [2025-02-03T10:03:46.524+0000] {dag.py:3239} INFO - Sync 1 DAGs
[2025-02-03T10:03:46.535+0000] {logging_mixin.py:190} INFO - [2025-02-03T10:03:46.535+0000] {dag.py:4180} INFO - Setting next_dagrun for example_kubernetes_executor to None, run_after=None
[2025-02-03T10:03:46.551+0000] {processor.py:208} INFO - Processing /home/airflow/.local/lib/python3.12/site-packages/airflow/example_dags/example_kubernetes_executor.py took 0.067 seconds
[2025-02-03T10:04:17.318+0000] {processor.py:186} INFO - Started process (PID=1130) to work on /home/airflow/.local/lib/python3.12/site-packages/airflow/example_dags/example_kubernetes_executor.py
[2025-02-03T10:04:17.319+0000] {processor.py:914} INFO - Processing file /home/airflow/.local/lib/python3.12/site-packages/airflow/example_dags/example_kubernetes_executor.py for tasks to queue
[2025-02-03T10:04:17.322+0000] {logging_mixin.py:190} INFO - [2025-02-03T10:04:17.321+0000] {dagbag.py:588} INFO - Filling up the DagBag from /home/airflow/.local/lib/python3.12/site-packages/airflow/example_dags/example_kubernetes_executor.py
[2025-02-03T10:04:17.334+0000] {processor.py:925} INFO - DAG(s) 'example_kubernetes_executor' retrieved from /home/airflow/.local/lib/python3.12/site-packages/airflow/example_dags/example_kubernetes_executor.py
[2025-02-03T10:04:17.351+0000] {logging_mixin.py:190} INFO - [2025-02-03T10:04:17.351+0000] {dag.py:3239} INFO - Sync 1 DAGs
[2025-02-03T10:04:17.363+0000] {logging_mixin.py:190} INFO - [2025-02-03T10:04:17.363+0000] {dag.py:4180} INFO - Setting next_dagrun for example_kubernetes_executor to None, run_after=None
[2025-02-03T10:04:17.380+0000] {processor.py:208} INFO - Processing /home/airflow/.local/lib/python3.12/site-packages/airflow/example_dags/example_kubernetes_executor.py took 0.066 seconds
[2025-02-03T10:04:48.298+0000] {processor.py:186} INFO - Started process (PID=1194) to work on /home/airflow/.local/lib/python3.12/site-packages/airflow/example_dags/example_kubernetes_executor.py
[2025-02-03T10:04:48.301+0000] {processor.py:914} INFO - Processing file /home/airflow/.local/lib/python3.12/site-packages/airflow/example_dags/example_kubernetes_executor.py for tasks to queue
[2025-02-03T10:04:48.306+0000] {logging_mixin.py:190} INFO - [2025-02-03T10:04:48.305+0000] {dagbag.py:588} INFO - Filling up the DagBag from /home/airflow/.local/lib/python3.12/site-packages/airflow/example_dags/example_kubernetes_executor.py
[2025-02-03T10:04:48.330+0000] {processor.py:925} INFO - DAG(s) 'example_kubernetes_executor' retrieved from /home/airflow/.local/lib/python3.12/site-packages/airflow/example_dags/example_kubernetes_executor.py
[2025-02-03T10:04:48.360+0000] {logging_mixin.py:190} INFO - [2025-02-03T10:04:48.360+0000] {dag.py:3239} INFO - Sync 1 DAGs
[2025-02-03T10:04:48.374+0000] {logging_mixin.py:190} INFO - [2025-02-03T10:04:48.373+0000] {dag.py:4180} INFO - Setting next_dagrun for example_kubernetes_executor to None, run_after=None
[2025-02-03T10:04:48.392+0000] {processor.py:208} INFO - Processing /home/airflow/.local/lib/python3.12/site-packages/airflow/example_dags/example_kubernetes_executor.py took 0.102 seconds
[2025-02-03T10:05:18.878+0000] {processor.py:186} INFO - Started process (PID=1258) to work on /home/airflow/.local/lib/python3.12/site-packages/airflow/example_dags/example_kubernetes_executor.py
[2025-02-03T10:05:18.880+0000] {processor.py:914} INFO - Processing file /home/airflow/.local/lib/python3.12/site-packages/airflow/example_dags/example_kubernetes_executor.py for tasks to queue
[2025-02-03T10:05:18.882+0000] {logging_mixin.py:190} INFO - [2025-02-03T10:05:18.882+0000] {dagbag.py:588} INFO - Filling up the DagBag from /home/airflow/.local/lib/python3.12/site-packages/airflow/example_dags/example_kubernetes_executor.py
[2025-02-03T10:05:18.893+0000] {processor.py:925} INFO - DAG(s) 'example_kubernetes_executor' retrieved from /home/airflow/.local/lib/python3.12/site-packages/airflow/example_dags/example_kubernetes_executor.py
[2025-02-03T10:05:18.911+0000] {logging_mixin.py:190} INFO - [2025-02-03T10:05:18.911+0000] {dag.py:3239} INFO - Sync 1 DAGs
[2025-02-03T10:05:18.923+0000] {logging_mixin.py:190} INFO - [2025-02-03T10:05:18.922+0000] {dag.py:4180} INFO - Setting next_dagrun for example_kubernetes_executor to None, run_after=None
[2025-02-03T10:05:18.937+0000] {processor.py:208} INFO - Processing /home/airflow/.local/lib/python3.12/site-packages/airflow/example_dags/example_kubernetes_executor.py took 0.064 seconds
[2025-02-03T10:05:49.616+0000] {processor.py:186} INFO - Started process (PID=1322) to work on /home/airflow/.local/lib/python3.12/site-packages/airflow/example_dags/example_kubernetes_executor.py
[2025-02-03T10:05:49.619+0000] {processor.py:914} INFO - Processing file /home/airflow/.local/lib/python3.12/site-packages/airflow/example_dags/example_kubernetes_executor.py for tasks to queue
[2025-02-03T10:05:49.622+0000] {logging_mixin.py:190} INFO - [2025-02-03T10:05:49.622+0000] {dagbag.py:588} INFO - Filling up the DagBag from /home/airflow/.local/lib/python3.12/site-packages/airflow/example_dags/example_kubernetes_executor.py
[2025-02-03T10:05:49.638+0000] {processor.py:925} INFO - DAG(s) 'example_kubernetes_executor' retrieved from /home/airflow/.local/lib/python3.12/site-packages/airflow/example_dags/example_kubernetes_executor.py
[2025-02-03T10:05:49.664+0000] {logging_mixin.py:190} INFO - [2025-02-03T10:05:49.664+0000] {dag.py:3239} INFO - Sync 1 DAGs
[2025-02-03T10:05:49.677+0000] {logging_mixin.py:190} INFO - [2025-02-03T10:05:49.676+0000] {dag.py:4180} INFO - Setting next_dagrun for example_kubernetes_executor to None, run_after=None
[2025-02-03T10:05:49.701+0000] {processor.py:208} INFO - Processing /home/airflow/.local/lib/python3.12/site-packages/airflow/example_dags/example_kubernetes_executor.py took 0.092 seconds
[2025-02-03T10:06:20.174+0000] {processor.py:186} INFO - Started process (PID=1386) to work on /home/airflow/.local/lib/python3.12/site-packages/airflow/example_dags/example_kubernetes_executor.py
[2025-02-03T10:06:20.177+0000] {processor.py:914} INFO - Processing file /home/airflow/.local/lib/python3.12/site-packages/airflow/example_dags/example_kubernetes_executor.py for tasks to queue
[2025-02-03T10:06:20.181+0000] {logging_mixin.py:190} INFO - [2025-02-03T10:06:20.180+0000] {dagbag.py:588} INFO - Filling up the DagBag from /home/airflow/.local/lib/python3.12/site-packages/airflow/example_dags/example_kubernetes_executor.py
[2025-02-03T10:06:20.202+0000] {processor.py:925} INFO - DAG(s) 'example_kubernetes_executor' retrieved from /home/airflow/.local/lib/python3.12/site-packages/airflow/example_dags/example_kubernetes_executor.py
[2025-02-03T10:06:20.228+0000] {logging_mixin.py:190} INFO - [2025-02-03T10:06:20.227+0000] {dag.py:3239} INFO - Sync 1 DAGs
[2025-02-03T10:06:20.241+0000] {logging_mixin.py:190} INFO - [2025-02-03T10:06:20.241+0000] {dag.py:4180} INFO - Setting next_dagrun for example_kubernetes_executor to None, run_after=None
[2025-02-03T10:06:20.259+0000] {processor.py:208} INFO - Processing /home/airflow/.local/lib/python3.12/site-packages/airflow/example_dags/example_kubernetes_executor.py took 0.091 seconds
[2025-02-03T10:13:00.286+0000] {processor.py:186} INFO - Started process (PID=45) to work on /home/airflow/.local/lib/python3.12/site-packages/airflow/example_dags/example_kubernetes_executor.py
[2025-02-03T10:13:00.302+0000] {processor.py:914} INFO - Processing file /home/airflow/.local/lib/python3.12/site-packages/airflow/example_dags/example_kubernetes_executor.py for tasks to queue
[2025-02-03T10:13:00.314+0000] {logging_mixin.py:190} INFO - [2025-02-03T10:13:00.313+0000] {dagbag.py:588} INFO - Filling up the DagBag from /home/airflow/.local/lib/python3.12/site-packages/airflow/example_dags/example_kubernetes_executor.py
[2025-02-03T10:13:00.451+0000] {processor.py:925} INFO - DAG(s) 'example_kubernetes_executor' retrieved from /home/airflow/.local/lib/python3.12/site-packages/airflow/example_dags/example_kubernetes_executor.py
[2025-02-03T10:13:00.565+0000] {logging_mixin.py:190} INFO - [2025-02-03T10:13:00.565+0000] {dag.py:3239} INFO - Sync 1 DAGs
[2025-02-03T10:13:00.590+0000] {logging_mixin.py:190} INFO - [2025-02-03T10:13:00.590+0000] {dag.py:4180} INFO - Setting next_dagrun for example_kubernetes_executor to None, run_after=None
[2025-02-03T10:13:00.621+0000] {processor.py:208} INFO - Processing /home/airflow/.local/lib/python3.12/site-packages/airflow/example_dags/example_kubernetes_executor.py took 0.343 seconds
[2025-02-03T10:13:31.225+0000] {processor.py:186} INFO - Started process (PID=109) to work on /home/airflow/.local/lib/python3.12/site-packages/airflow/example_dags/example_kubernetes_executor.py
[2025-02-03T10:13:31.227+0000] {processor.py:914} INFO - Processing file /home/airflow/.local/lib/python3.12/site-packages/airflow/example_dags/example_kubernetes_executor.py for tasks to queue
[2025-02-03T10:13:31.230+0000] {logging_mixin.py:190} INFO - [2025-02-03T10:13:31.230+0000] {dagbag.py:588} INFO - Filling up the DagBag from /home/airflow/.local/lib/python3.12/site-packages/airflow/example_dags/example_kubernetes_executor.py
[2025-02-03T10:13:31.245+0000] {processor.py:925} INFO - DAG(s) 'example_kubernetes_executor' retrieved from /home/airflow/.local/lib/python3.12/site-packages/airflow/example_dags/example_kubernetes_executor.py
[2025-02-03T10:13:31.265+0000] {logging_mixin.py:190} INFO - [2025-02-03T10:13:31.265+0000] {dag.py:3239} INFO - Sync 1 DAGs
[2025-02-03T10:13:31.279+0000] {logging_mixin.py:190} INFO - [2025-02-03T10:13:31.279+0000] {dag.py:4180} INFO - Setting next_dagrun for example_kubernetes_executor to None, run_after=None
[2025-02-03T10:13:31.293+0000] {processor.py:208} INFO - Processing /home/airflow/.local/lib/python3.12/site-packages/airflow/example_dags/example_kubernetes_executor.py took 0.074 seconds
[2025-02-03T10:14:01.550+0000] {processor.py:186} INFO - Started process (PID=172) to work on /home/airflow/.local/lib/python3.12/site-packages/airflow/example_dags/example_kubernetes_executor.py
[2025-02-03T10:14:01.552+0000] {processor.py:914} INFO - Processing file /home/airflow/.local/lib/python3.12/site-packages/airflow/example_dags/example_kubernetes_executor.py for tasks to queue
[2025-02-03T10:14:01.569+0000] {logging_mixin.py:190} INFO - [2025-02-03T10:14:01.560+0000] {dagbag.py:588} INFO - Filling up the DagBag from /home/airflow/.local/lib/python3.12/site-packages/airflow/example_dags/example_kubernetes_executor.py
[2025-02-03T10:14:01.592+0000] {processor.py:925} INFO - DAG(s) 'example_kubernetes_executor' retrieved from /home/airflow/.local/lib/python3.12/site-packages/airflow/example_dags/example_kubernetes_executor.py
[2025-02-03T10:14:01.628+0000] {logging_mixin.py:190} INFO - [2025-02-03T10:14:01.628+0000] {dag.py:3239} INFO - Sync 1 DAGs
[2025-02-03T10:14:01.653+0000] {logging_mixin.py:190} INFO - [2025-02-03T10:14:01.652+0000] {dag.py:4180} INFO - Setting next_dagrun for example_kubernetes_executor to None, run_after=None
[2025-02-03T10:14:01.684+0000] {processor.py:208} INFO - Processing /home/airflow/.local/lib/python3.12/site-packages/airflow/example_dags/example_kubernetes_executor.py took 0.138 seconds
[2025-02-03T10:14:34.527+0000] {processor.py:186} INFO - Started process (PID=237) to work on /home/airflow/.local/lib/python3.12/site-packages/airflow/example_dags/example_kubernetes_executor.py
[2025-02-03T10:14:34.528+0000] {processor.py:914} INFO - Processing file /home/airflow/.local/lib/python3.12/site-packages/airflow/example_dags/example_kubernetes_executor.py for tasks to queue
[2025-02-03T10:14:34.531+0000] {logging_mixin.py:190} INFO - [2025-02-03T10:14:34.530+0000] {dagbag.py:588} INFO - Filling up the DagBag from /home/airflow/.local/lib/python3.12/site-packages/airflow/example_dags/example_kubernetes_executor.py
[2025-02-03T10:14:34.545+0000] {processor.py:925} INFO - DAG(s) 'example_kubernetes_executor' retrieved from /home/airflow/.local/lib/python3.12/site-packages/airflow/example_dags/example_kubernetes_executor.py
[2025-02-03T10:14:34.563+0000] {logging_mixin.py:190} INFO - [2025-02-03T10:14:34.563+0000] {dag.py:3239} INFO - Sync 1 DAGs
[2025-02-03T10:14:34.574+0000] {logging_mixin.py:190} INFO - [2025-02-03T10:14:34.574+0000] {dag.py:4180} INFO - Setting next_dagrun for example_kubernetes_executor to None, run_after=None
[2025-02-03T10:14:34.590+0000] {processor.py:208} INFO - Processing /home/airflow/.local/lib/python3.12/site-packages/airflow/example_dags/example_kubernetes_executor.py took 0.069 seconds
[2025-02-03T10:15:06.603+0000] {processor.py:186} INFO - Started process (PID=302) to work on /home/airflow/.local/lib/python3.12/site-packages/airflow/example_dags/example_kubernetes_executor.py
[2025-02-03T10:15:06.605+0000] {processor.py:914} INFO - Processing file /home/airflow/.local/lib/python3.12/site-packages/airflow/example_dags/example_kubernetes_executor.py for tasks to queue
[2025-02-03T10:15:06.607+0000] {logging_mixin.py:190} INFO - [2025-02-03T10:15:06.606+0000] {dagbag.py:588} INFO - Filling up the DagBag from /home/airflow/.local/lib/python3.12/site-packages/airflow/example_dags/example_kubernetes_executor.py
[2025-02-03T10:15:06.618+0000] {processor.py:925} INFO - DAG(s) 'example_kubernetes_executor' retrieved from /home/airflow/.local/lib/python3.12/site-packages/airflow/example_dags/example_kubernetes_executor.py
[2025-02-03T10:15:06.636+0000] {logging_mixin.py:190} INFO - [2025-02-03T10:15:06.636+0000] {dag.py:3239} INFO - Sync 1 DAGs
[2025-02-03T10:15:06.647+0000] {logging_mixin.py:190} INFO - [2025-02-03T10:15:06.646+0000] {dag.py:4180} INFO - Setting next_dagrun for example_kubernetes_executor to None, run_after=None
[2025-02-03T10:15:06.659+0000] {processor.py:208} INFO - Processing /home/airflow/.local/lib/python3.12/site-packages/airflow/example_dags/example_kubernetes_executor.py took 0.061 seconds
[2025-02-03T10:15:38.679+0000] {processor.py:186} INFO - Started process (PID=366) to work on /home/airflow/.local/lib/python3.12/site-packages/airflow/example_dags/example_kubernetes_executor.py
[2025-02-03T10:15:38.681+0000] {processor.py:914} INFO - Processing file /home/airflow/.local/lib/python3.12/site-packages/airflow/example_dags/example_kubernetes_executor.py for tasks to queue
[2025-02-03T10:15:38.683+0000] {logging_mixin.py:190} INFO - [2025-02-03T10:15:38.682+0000] {dagbag.py:588} INFO - Filling up the DagBag from /home/airflow/.local/lib/python3.12/site-packages/airflow/example_dags/example_kubernetes_executor.py
[2025-02-03T10:15:38.696+0000] {processor.py:925} INFO - DAG(s) 'example_kubernetes_executor' retrieved from /home/airflow/.local/lib/python3.12/site-packages/airflow/example_dags/example_kubernetes_executor.py
[2025-02-03T10:15:38.717+0000] {logging_mixin.py:190} INFO - [2025-02-03T10:15:38.716+0000] {dag.py:3239} INFO - Sync 1 DAGs
[2025-02-03T10:15:38.728+0000] {logging_mixin.py:190} INFO - [2025-02-03T10:15:38.728+0000] {dag.py:4180} INFO - Setting next_dagrun for example_kubernetes_executor to None, run_after=None
[2025-02-03T10:15:38.744+0000] {processor.py:208} INFO - Processing /home/airflow/.local/lib/python3.12/site-packages/airflow/example_dags/example_kubernetes_executor.py took 0.071 seconds
[2025-02-03T10:16:10.089+0000] {processor.py:186} INFO - Started process (PID=430) to work on /home/airflow/.local/lib/python3.12/site-packages/airflow/example_dags/example_kubernetes_executor.py
[2025-02-03T10:16:10.090+0000] {processor.py:914} INFO - Processing file /home/airflow/.local/lib/python3.12/site-packages/airflow/example_dags/example_kubernetes_executor.py for tasks to queue
[2025-02-03T10:16:10.092+0000] {logging_mixin.py:190} INFO - [2025-02-03T10:16:10.092+0000] {dagbag.py:588} INFO - Filling up the DagBag from /home/airflow/.local/lib/python3.12/site-packages/airflow/example_dags/example_kubernetes_executor.py
[2025-02-03T10:16:10.104+0000] {processor.py:925} INFO - DAG(s) 'example_kubernetes_executor' retrieved from /home/airflow/.local/lib/python3.12/site-packages/airflow/example_dags/example_kubernetes_executor.py
[2025-02-03T10:16:10.123+0000] {logging_mixin.py:190} INFO - [2025-02-03T10:16:10.123+0000] {dag.py:3239} INFO - Sync 1 DAGs
[2025-02-03T10:16:10.134+0000] {logging_mixin.py:190} INFO - [2025-02-03T10:16:10.133+0000] {dag.py:4180} INFO - Setting next_dagrun for example_kubernetes_executor to None, run_after=None
[2025-02-03T10:16:10.151+0000] {processor.py:208} INFO - Processing /home/airflow/.local/lib/python3.12/site-packages/airflow/example_dags/example_kubernetes_executor.py took 0.067 seconds
[2025-02-03T10:16:40.946+0000] {processor.py:186} INFO - Started process (PID=495) to work on /home/airflow/.local/lib/python3.12/site-packages/airflow/example_dags/example_kubernetes_executor.py
[2025-02-03T10:16:40.948+0000] {processor.py:914} INFO - Processing file /home/airflow/.local/lib/python3.12/site-packages/airflow/example_dags/example_kubernetes_executor.py for tasks to queue
[2025-02-03T10:16:40.951+0000] {logging_mixin.py:190} INFO - [2025-02-03T10:16:40.950+0000] {dagbag.py:588} INFO - Filling up the DagBag from /home/airflow/.local/lib/python3.12/site-packages/airflow/example_dags/example_kubernetes_executor.py
[2025-02-03T10:16:40.964+0000] {processor.py:925} INFO - DAG(s) 'example_kubernetes_executor' retrieved from /home/airflow/.local/lib/python3.12/site-packages/airflow/example_dags/example_kubernetes_executor.py
[2025-02-03T10:16:40.987+0000] {logging_mixin.py:190} INFO - [2025-02-03T10:16:40.987+0000] {dag.py:3239} INFO - Sync 1 DAGs
[2025-02-03T10:16:40.999+0000] {logging_mixin.py:190} INFO - [2025-02-03T10:16:40.999+0000] {dag.py:4180} INFO - Setting next_dagrun for example_kubernetes_executor to None, run_after=None
[2025-02-03T10:16:41.015+0000] {processor.py:208} INFO - Processing /home/airflow/.local/lib/python3.12/site-packages/airflow/example_dags/example_kubernetes_executor.py took 0.075 seconds
[2025-02-03T10:17:11.734+0000] {processor.py:186} INFO - Started process (PID=559) to work on /home/airflow/.local/lib/python3.12/site-packages/airflow/example_dags/example_kubernetes_executor.py
[2025-02-03T10:17:11.735+0000] {processor.py:914} INFO - Processing file /home/airflow/.local/lib/python3.12/site-packages/airflow/example_dags/example_kubernetes_executor.py for tasks to queue
[2025-02-03T10:17:11.738+0000] {logging_mixin.py:190} INFO - [2025-02-03T10:17:11.738+0000] {dagbag.py:588} INFO - Filling up the DagBag from /home/airflow/.local/lib/python3.12/site-packages/airflow/example_dags/example_kubernetes_executor.py
[2025-02-03T10:17:11.755+0000] {processor.py:925} INFO - DAG(s) 'example_kubernetes_executor' retrieved from /home/airflow/.local/lib/python3.12/site-packages/airflow/example_dags/example_kubernetes_executor.py
[2025-02-03T10:17:11.784+0000] {logging_mixin.py:190} INFO - [2025-02-03T10:17:11.783+0000] {dag.py:3239} INFO - Sync 1 DAGs
[2025-02-03T10:17:11.801+0000] {logging_mixin.py:190} INFO - [2025-02-03T10:17:11.801+0000] {dag.py:4180} INFO - Setting next_dagrun for example_kubernetes_executor to None, run_after=None
[2025-02-03T10:17:11.825+0000] {processor.py:208} INFO - Processing /home/airflow/.local/lib/python3.12/site-packages/airflow/example_dags/example_kubernetes_executor.py took 0.099 seconds
[2025-02-03T10:17:42.961+0000] {processor.py:186} INFO - Started process (PID=624) to work on /home/airflow/.local/lib/python3.12/site-packages/airflow/example_dags/example_kubernetes_executor.py
[2025-02-03T10:17:42.962+0000] {processor.py:914} INFO - Processing file /home/airflow/.local/lib/python3.12/site-packages/airflow/example_dags/example_kubernetes_executor.py for tasks to queue
[2025-02-03T10:17:42.964+0000] {logging_mixin.py:190} INFO - [2025-02-03T10:17:42.963+0000] {dagbag.py:588} INFO - Filling up the DagBag from /home/airflow/.local/lib/python3.12/site-packages/airflow/example_dags/example_kubernetes_executor.py
[2025-02-03T10:17:42.976+0000] {processor.py:925} INFO - DAG(s) 'example_kubernetes_executor' retrieved from /home/airflow/.local/lib/python3.12/site-packages/airflow/example_dags/example_kubernetes_executor.py
[2025-02-03T10:17:42.994+0000] {logging_mixin.py:190} INFO - [2025-02-03T10:17:42.994+0000] {dag.py:3239} INFO - Sync 1 DAGs
[2025-02-03T10:17:43.006+0000] {logging_mixin.py:190} INFO - [2025-02-03T10:17:43.006+0000] {dag.py:4180} INFO - Setting next_dagrun for example_kubernetes_executor to None, run_after=None
[2025-02-03T10:17:43.022+0000] {processor.py:208} INFO - Processing /home/airflow/.local/lib/python3.12/site-packages/airflow/example_dags/example_kubernetes_executor.py took 0.068 seconds
[2025-02-03T10:18:13.700+0000] {processor.py:186} INFO - Started process (PID=689) to work on /home/airflow/.local/lib/python3.12/site-packages/airflow/example_dags/example_kubernetes_executor.py
[2025-02-03T10:18:13.701+0000] {processor.py:914} INFO - Processing file /home/airflow/.local/lib/python3.12/site-packages/airflow/example_dags/example_kubernetes_executor.py for tasks to queue
[2025-02-03T10:18:13.703+0000] {logging_mixin.py:190} INFO - [2025-02-03T10:18:13.703+0000] {dagbag.py:588} INFO - Filling up the DagBag from /home/airflow/.local/lib/python3.12/site-packages/airflow/example_dags/example_kubernetes_executor.py
[2025-02-03T10:18:13.717+0000] {processor.py:925} INFO - DAG(s) 'example_kubernetes_executor' retrieved from /home/airflow/.local/lib/python3.12/site-packages/airflow/example_dags/example_kubernetes_executor.py
[2025-02-03T10:18:13.739+0000] {logging_mixin.py:190} INFO - [2025-02-03T10:18:13.739+0000] {dag.py:3239} INFO - Sync 1 DAGs
[2025-02-03T10:18:13.752+0000] {logging_mixin.py:190} INFO - [2025-02-03T10:18:13.751+0000] {dag.py:4180} INFO - Setting next_dagrun for example_kubernetes_executor to None, run_after=None
[2025-02-03T10:18:13.768+0000] {processor.py:208} INFO - Processing /home/airflow/.local/lib/python3.12/site-packages/airflow/example_dags/example_kubernetes_executor.py took 0.073 seconds
[2025-02-03T10:18:44.561+0000] {processor.py:186} INFO - Started process (PID=753) to work on /home/airflow/.local/lib/python3.12/site-packages/airflow/example_dags/example_kubernetes_executor.py
[2025-02-03T10:18:44.562+0000] {processor.py:914} INFO - Processing file /home/airflow/.local/lib/python3.12/site-packages/airflow/example_dags/example_kubernetes_executor.py for tasks to queue
[2025-02-03T10:18:44.564+0000] {logging_mixin.py:190} INFO - [2025-02-03T10:18:44.564+0000] {dagbag.py:588} INFO - Filling up the DagBag from /home/airflow/.local/lib/python3.12/site-packages/airflow/example_dags/example_kubernetes_executor.py
[2025-02-03T10:18:44.579+0000] {processor.py:925} INFO - DAG(s) 'example_kubernetes_executor' retrieved from /home/airflow/.local/lib/python3.12/site-packages/airflow/example_dags/example_kubernetes_executor.py
[2025-02-03T10:18:44.606+0000] {logging_mixin.py:190} INFO - [2025-02-03T10:18:44.606+0000] {dag.py:3239} INFO - Sync 1 DAGs
[2025-02-03T10:18:44.619+0000] {logging_mixin.py:190} INFO - [2025-02-03T10:18:44.619+0000] {dag.py:4180} INFO - Setting next_dagrun for example_kubernetes_executor to None, run_after=None
[2025-02-03T10:18:44.633+0000] {processor.py:208} INFO - Processing /home/airflow/.local/lib/python3.12/site-packages/airflow/example_dags/example_kubernetes_executor.py took 0.076 seconds
[2025-02-03T10:19:16.004+0000] {processor.py:186} INFO - Started process (PID=817) to work on /home/airflow/.local/lib/python3.12/site-packages/airflow/example_dags/example_kubernetes_executor.py
[2025-02-03T10:19:16.005+0000] {processor.py:914} INFO - Processing file /home/airflow/.local/lib/python3.12/site-packages/airflow/example_dags/example_kubernetes_executor.py for tasks to queue
[2025-02-03T10:19:16.008+0000] {logging_mixin.py:190} INFO - [2025-02-03T10:19:16.008+0000] {dagbag.py:588} INFO - Filling up the DagBag from /home/airflow/.local/lib/python3.12/site-packages/airflow/example_dags/example_kubernetes_executor.py
[2025-02-03T10:19:16.021+0000] {processor.py:925} INFO - DAG(s) 'example_kubernetes_executor' retrieved from /home/airflow/.local/lib/python3.12/site-packages/airflow/example_dags/example_kubernetes_executor.py
[2025-02-03T10:19:16.041+0000] {logging_mixin.py:190} INFO - [2025-02-03T10:19:16.041+0000] {dag.py:3239} INFO - Sync 1 DAGs
[2025-02-03T10:19:16.053+0000] {logging_mixin.py:190} INFO - [2025-02-03T10:19:16.053+0000] {dag.py:4180} INFO - Setting next_dagrun for example_kubernetes_executor to None, run_after=None
[2025-02-03T10:19:16.068+0000] {processor.py:208} INFO - Processing /home/airflow/.local/lib/python3.12/site-packages/airflow/example_dags/example_kubernetes_executor.py took 0.070 seconds
[2025-02-03T10:19:47.260+0000] {processor.py:186} INFO - Started process (PID=881) to work on /home/airflow/.local/lib/python3.12/site-packages/airflow/example_dags/example_kubernetes_executor.py
[2025-02-03T10:19:47.261+0000] {processor.py:914} INFO - Processing file /home/airflow/.local/lib/python3.12/site-packages/airflow/example_dags/example_kubernetes_executor.py for tasks to queue
[2025-02-03T10:19:47.263+0000] {logging_mixin.py:190} INFO - [2025-02-03T10:19:47.262+0000] {dagbag.py:588} INFO - Filling up the DagBag from /home/airflow/.local/lib/python3.12/site-packages/airflow/example_dags/example_kubernetes_executor.py
[2025-02-03T10:19:47.273+0000] {processor.py:925} INFO - DAG(s) 'example_kubernetes_executor' retrieved from /home/airflow/.local/lib/python3.12/site-packages/airflow/example_dags/example_kubernetes_executor.py
[2025-02-03T10:19:47.292+0000] {logging_mixin.py:190} INFO - [2025-02-03T10:19:47.292+0000] {dag.py:3239} INFO - Sync 1 DAGs
[2025-02-03T10:19:47.302+0000] {logging_mixin.py:190} INFO - [2025-02-03T10:19:47.302+0000] {dag.py:4180} INFO - Setting next_dagrun for example_kubernetes_executor to None, run_after=None
[2025-02-03T10:19:47.316+0000] {processor.py:208} INFO - Processing /home/airflow/.local/lib/python3.12/site-packages/airflow/example_dags/example_kubernetes_executor.py took 0.060 seconds
[2025-02-03T10:20:18.832+0000] {processor.py:186} INFO - Started process (PID=945) to work on /home/airflow/.local/lib/python3.12/site-packages/airflow/example_dags/example_kubernetes_executor.py
[2025-02-03T10:20:18.833+0000] {processor.py:914} INFO - Processing file /home/airflow/.local/lib/python3.12/site-packages/airflow/example_dags/example_kubernetes_executor.py for tasks to queue
[2025-02-03T10:20:18.835+0000] {logging_mixin.py:190} INFO - [2025-02-03T10:20:18.835+0000] {dagbag.py:588} INFO - Filling up the DagBag from /home/airflow/.local/lib/python3.12/site-packages/airflow/example_dags/example_kubernetes_executor.py
[2025-02-03T10:20:18.850+0000] {processor.py:925} INFO - DAG(s) 'example_kubernetes_executor' retrieved from /home/airflow/.local/lib/python3.12/site-packages/airflow/example_dags/example_kubernetes_executor.py
[2025-02-03T10:20:18.869+0000] {logging_mixin.py:190} INFO - [2025-02-03T10:20:18.869+0000] {dag.py:3239} INFO - Sync 1 DAGs
[2025-02-03T10:20:18.881+0000] {logging_mixin.py:190} INFO - [2025-02-03T10:20:18.881+0000] {dag.py:4180} INFO - Setting next_dagrun for example_kubernetes_executor to None, run_after=None
[2025-02-03T10:20:18.897+0000] {processor.py:208} INFO - Processing /home/airflow/.local/lib/python3.12/site-packages/airflow/example_dags/example_kubernetes_executor.py took 0.070 seconds
