[2025-02-03T09:44:21.856+0000] {processor.py:186} INFO - Started process (PID=41) to work on /home/airflow/.local/lib/python3.12/site-packages/airflow/example_dags/example_inlet_event_extra.py
[2025-02-03T09:44:21.877+0000] {processor.py:914} INFO - Processing file /home/airflow/.local/lib/python3.12/site-packages/airflow/example_dags/example_inlet_event_extra.py for tasks to queue
[2025-02-03T09:44:21.888+0000] {logging_mixin.py:190} INFO - [2025-02-03T09:44:21.888+0000] {dagbag.py:588} INFO - Filling up the DagBag from /home/airflow/.local/lib/python3.12/site-packages/airflow/example_dags/example_inlet_event_extra.py
[2025-02-03T09:44:26.395+0000] {processor.py:925} INFO - DAG(s) 'read_dataset_event_from_classic', 'read_dataset_event' retrieved from /home/airflow/.local/lib/python3.12/site-packages/airflow/example_dags/example_inlet_event_extra.py
[2025-02-03T09:44:26.573+0000] {logging_mixin.py:190} INFO - [2025-02-03T09:44:26.572+0000] {override.py:1911} INFO - Created Permission View: can edit on DAG:read_dataset_event_from_classic
[2025-02-03T09:44:26.588+0000] {logging_mixin.py:190} INFO - [2025-02-03T09:44:26.588+0000] {override.py:1911} INFO - Created Permission View: can read on DAG:read_dataset_event_from_classic
[2025-02-03T09:44:26.597+0000] {logging_mixin.py:190} INFO - [2025-02-03T09:44:26.596+0000] {override.py:1911} INFO - Created Permission View: can delete on DAG:read_dataset_event_from_classic
[2025-02-03T09:44:26.609+0000] {logging_mixin.py:190} INFO - [2025-02-03T09:44:26.608+0000] {override.py:1911} INFO - Created Permission View: can read on DAG Run:read_dataset_event_from_classic
[2025-02-03T09:44:26.618+0000] {logging_mixin.py:190} INFO - [2025-02-03T09:44:26.617+0000] {override.py:1911} INFO - Created Permission View: can delete on DAG Run:read_dataset_event_from_classic
[2025-02-03T09:44:26.628+0000] {logging_mixin.py:190} INFO - [2025-02-03T09:44:26.627+0000] {override.py:1911} INFO - Created Permission View: can create on DAG Run:read_dataset_event_from_classic
[2025-02-03T09:44:26.636+0000] {logging_mixin.py:190} INFO - [2025-02-03T09:44:26.636+0000] {override.py:1911} INFO - Created Permission View: menu access on DAG Run:read_dataset_event_from_classic
[2025-02-03T09:44:26.654+0000] {logging_mixin.py:190} INFO - [2025-02-03T09:44:26.654+0000] {override.py:1911} INFO - Created Permission View: can edit on DAG:read_dataset_event
[2025-02-03T09:44:26.664+0000] {logging_mixin.py:190} INFO - [2025-02-03T09:44:26.664+0000] {override.py:1911} INFO - Created Permission View: can read on DAG:read_dataset_event
[2025-02-03T09:44:26.674+0000] {logging_mixin.py:190} INFO - [2025-02-03T09:44:26.673+0000] {override.py:1911} INFO - Created Permission View: can delete on DAG:read_dataset_event
[2025-02-03T09:44:26.685+0000] {logging_mixin.py:190} INFO - [2025-02-03T09:44:26.684+0000] {override.py:1911} INFO - Created Permission View: can read on DAG Run:read_dataset_event
[2025-02-03T09:44:26.694+0000] {logging_mixin.py:190} INFO - [2025-02-03T09:44:26.694+0000] {override.py:1911} INFO - Created Permission View: can delete on DAG Run:read_dataset_event
[2025-02-03T09:44:26.704+0000] {logging_mixin.py:190} INFO - [2025-02-03T09:44:26.704+0000] {override.py:1911} INFO - Created Permission View: can create on DAG Run:read_dataset_event
[2025-02-03T09:44:26.714+0000] {logging_mixin.py:190} INFO - [2025-02-03T09:44:26.714+0000] {override.py:1911} INFO - Created Permission View: menu access on DAG Run:read_dataset_event
[2025-02-03T09:44:26.716+0000] {logging_mixin.py:190} INFO - [2025-02-03T09:44:26.716+0000] {dag.py:3239} INFO - Sync 2 DAGs
[2025-02-03T09:44:26.731+0000] {logging_mixin.py:190} INFO - [2025-02-03T09:44:26.730+0000] {dag.py:3262} INFO - Creating ORM DAG for read_dataset_event
[2025-02-03T09:44:26.732+0000] {logging_mixin.py:190} INFO - [2025-02-03T09:44:26.732+0000] {dag.py:3262} INFO - Creating ORM DAG for read_dataset_event_from_classic
[2025-02-03T09:44:26.755+0000] {logging_mixin.py:190} INFO - [2025-02-03T09:44:26.753+0000] {dag.py:4180} INFO - Setting next_dagrun for read_dataset_event to 2025-02-02 00:00:00+00:00, run_after=2025-02-03 00:00:00+00:00
[2025-02-03T09:44:26.760+0000] {logging_mixin.py:190} INFO - [2025-02-03T09:44:26.760+0000] {dag.py:4180} INFO - Setting next_dagrun for read_dataset_event_from_classic to 2025-02-02 00:00:00+00:00, run_after=2025-02-03 00:00:00+00:00
[2025-02-03T09:44:26.797+0000] {processor.py:208} INFO - Processing /home/airflow/.local/lib/python3.12/site-packages/airflow/example_dags/example_inlet_event_extra.py took 4.948 seconds
[2025-02-03T09:44:58.599+0000] {processor.py:186} INFO - Started process (PID=103) to work on /home/airflow/.local/lib/python3.12/site-packages/airflow/example_dags/example_inlet_event_extra.py
[2025-02-03T09:44:58.662+0000] {processor.py:914} INFO - Processing file /home/airflow/.local/lib/python3.12/site-packages/airflow/example_dags/example_inlet_event_extra.py for tasks to queue
[2025-02-03T09:44:58.707+0000] {logging_mixin.py:190} INFO - [2025-02-03T09:44:58.705+0000] {dagbag.py:588} INFO - Filling up the DagBag from /home/airflow/.local/lib/python3.12/site-packages/airflow/example_dags/example_inlet_event_extra.py
[2025-02-03T09:45:09.192+0000] {processor.py:925} INFO - DAG(s) 'read_dataset_event', 'read_dataset_event_from_classic' retrieved from /home/airflow/.local/lib/python3.12/site-packages/airflow/example_dags/example_inlet_event_extra.py
[2025-02-03T09:45:09.217+0000] {logging_mixin.py:190} INFO - [2025-02-03T09:45:09.217+0000] {dag.py:3239} INFO - Sync 2 DAGs
[2025-02-03T09:45:09.279+0000] {logging_mixin.py:190} INFO - [2025-02-03T09:45:09.279+0000] {dag.py:4180} INFO - Setting next_dagrun for read_dataset_event to 2025-02-02 00:00:00+00:00, run_after=2025-02-03 00:00:00+00:00
[2025-02-03T09:45:09.286+0000] {logging_mixin.py:190} INFO - [2025-02-03T09:45:09.285+0000] {dag.py:4180} INFO - Setting next_dagrun for read_dataset_event_from_classic to 2025-02-02 00:00:00+00:00, run_after=2025-02-03 00:00:00+00:00
[2025-02-03T09:45:09.322+0000] {processor.py:208} INFO - Processing /home/airflow/.local/lib/python3.12/site-packages/airflow/example_dags/example_inlet_event_extra.py took 10.853 seconds
[2025-02-03T09:45:40.392+0000] {processor.py:186} INFO - Started process (PID=166) to work on /home/airflow/.local/lib/python3.12/site-packages/airflow/example_dags/example_inlet_event_extra.py
[2025-02-03T09:45:40.401+0000] {processor.py:914} INFO - Processing file /home/airflow/.local/lib/python3.12/site-packages/airflow/example_dags/example_inlet_event_extra.py for tasks to queue
[2025-02-03T09:45:40.411+0000] {logging_mixin.py:190} INFO - [2025-02-03T09:45:40.411+0000] {dagbag.py:588} INFO - Filling up the DagBag from /home/airflow/.local/lib/python3.12/site-packages/airflow/example_dags/example_inlet_event_extra.py
[2025-02-03T09:45:42.035+0000] {processor.py:925} INFO - DAG(s) 'read_dataset_event_from_classic', 'read_dataset_event' retrieved from /home/airflow/.local/lib/python3.12/site-packages/airflow/example_dags/example_inlet_event_extra.py
[2025-02-03T09:45:42.138+0000] {logging_mixin.py:190} INFO - [2025-02-03T09:45:42.137+0000] {dag.py:3239} INFO - Sync 2 DAGs
[2025-02-03T09:45:42.226+0000] {logging_mixin.py:190} INFO - [2025-02-03T09:45:42.225+0000] {dag.py:4180} INFO - Setting next_dagrun for read_dataset_event to 2025-02-02 00:00:00+00:00, run_after=2025-02-03 00:00:00+00:00
[2025-02-03T09:45:42.246+0000] {logging_mixin.py:190} INFO - [2025-02-03T09:45:42.246+0000] {dag.py:4180} INFO - Setting next_dagrun for read_dataset_event_from_classic to 2025-02-02 00:00:00+00:00, run_after=2025-02-03 00:00:00+00:00
[2025-02-03T09:45:42.305+0000] {processor.py:208} INFO - Processing /home/airflow/.local/lib/python3.12/site-packages/airflow/example_dags/example_inlet_event_extra.py took 1.940 seconds
[2025-02-03T09:46:12.599+0000] {processor.py:186} INFO - Started process (PID=229) to work on /home/airflow/.local/lib/python3.12/site-packages/airflow/example_dags/example_inlet_event_extra.py
[2025-02-03T09:46:12.600+0000] {processor.py:914} INFO - Processing file /home/airflow/.local/lib/python3.12/site-packages/airflow/example_dags/example_inlet_event_extra.py for tasks to queue
[2025-02-03T09:46:12.603+0000] {logging_mixin.py:190} INFO - [2025-02-03T09:46:12.603+0000] {dagbag.py:588} INFO - Filling up the DagBag from /home/airflow/.local/lib/python3.12/site-packages/airflow/example_dags/example_inlet_event_extra.py
[2025-02-03T09:46:13.074+0000] {processor.py:925} INFO - DAG(s) 'read_dataset_event', 'read_dataset_event_from_classic' retrieved from /home/airflow/.local/lib/python3.12/site-packages/airflow/example_dags/example_inlet_event_extra.py
[2025-02-03T09:46:13.087+0000] {logging_mixin.py:190} INFO - [2025-02-03T09:46:13.087+0000] {dag.py:3239} INFO - Sync 2 DAGs
[2025-02-03T09:46:13.104+0000] {logging_mixin.py:190} INFO - [2025-02-03T09:46:13.103+0000] {dag.py:4180} INFO - Setting next_dagrun for read_dataset_event to 2025-02-02 00:00:00+00:00, run_after=2025-02-03 00:00:00+00:00
[2025-02-03T09:46:13.108+0000] {logging_mixin.py:190} INFO - [2025-02-03T09:46:13.108+0000] {dag.py:4180} INFO - Setting next_dagrun for read_dataset_event_from_classic to 2025-02-02 00:00:00+00:00, run_after=2025-02-03 00:00:00+00:00
[2025-02-03T09:46:13.128+0000] {processor.py:208} INFO - Processing /home/airflow/.local/lib/python3.12/site-packages/airflow/example_dags/example_inlet_event_extra.py took 0.535 seconds
[2025-02-03T09:55:09.185+0000] {processor.py:186} INFO - Started process (PID=42) to work on /home/airflow/.local/lib/python3.12/site-packages/airflow/example_dags/example_inlet_event_extra.py
[2025-02-03T09:55:09.189+0000] {processor.py:914} INFO - Processing file /home/airflow/.local/lib/python3.12/site-packages/airflow/example_dags/example_inlet_event_extra.py for tasks to queue
[2025-02-03T09:55:09.207+0000] {logging_mixin.py:190} INFO - [2025-02-03T09:55:09.206+0000] {dagbag.py:588} INFO - Filling up the DagBag from /home/airflow/.local/lib/python3.12/site-packages/airflow/example_dags/example_inlet_event_extra.py
[2025-02-03T09:55:19.387+0000] {processor.py:925} INFO - DAG(s) 'read_dataset_event_from_classic', 'read_dataset_event' retrieved from /home/airflow/.local/lib/python3.12/site-packages/airflow/example_dags/example_inlet_event_extra.py
[2025-02-03T09:55:19.434+0000] {logging_mixin.py:190} INFO - [2025-02-03T09:55:19.434+0000] {dag.py:3239} INFO - Sync 2 DAGs
[2025-02-03T09:55:19.510+0000] {logging_mixin.py:190} INFO - [2025-02-03T09:55:19.510+0000] {dag.py:4180} INFO - Setting next_dagrun for read_dataset_event to 2025-02-02 00:00:00+00:00, run_after=2025-02-03 00:00:00+00:00
[2025-02-03T09:55:19.532+0000] {logging_mixin.py:190} INFO - [2025-02-03T09:55:19.531+0000] {dag.py:4180} INFO - Setting next_dagrun for read_dataset_event_from_classic to 2025-02-02 00:00:00+00:00, run_after=2025-02-03 00:00:00+00:00
[2025-02-03T09:55:19.595+0000] {processor.py:208} INFO - Processing /home/airflow/.local/lib/python3.12/site-packages/airflow/example_dags/example_inlet_event_extra.py took 10.442 seconds
[2025-02-03T09:55:50.357+0000] {processor.py:186} INFO - Started process (PID=106) to work on /home/airflow/.local/lib/python3.12/site-packages/airflow/example_dags/example_inlet_event_extra.py
[2025-02-03T09:55:50.359+0000] {processor.py:914} INFO - Processing file /home/airflow/.local/lib/python3.12/site-packages/airflow/example_dags/example_inlet_event_extra.py for tasks to queue
[2025-02-03T09:55:50.362+0000] {logging_mixin.py:190} INFO - [2025-02-03T09:55:50.361+0000] {dagbag.py:588} INFO - Filling up the DagBag from /home/airflow/.local/lib/python3.12/site-packages/airflow/example_dags/example_inlet_event_extra.py
[2025-02-03T09:55:50.943+0000] {processor.py:925} INFO - DAG(s) 'read_dataset_event', 'read_dataset_event_from_classic' retrieved from /home/airflow/.local/lib/python3.12/site-packages/airflow/example_dags/example_inlet_event_extra.py
[2025-02-03T09:55:50.964+0000] {logging_mixin.py:190} INFO - [2025-02-03T09:55:50.964+0000] {dag.py:3239} INFO - Sync 2 DAGs
[2025-02-03T09:55:50.985+0000] {logging_mixin.py:190} INFO - [2025-02-03T09:55:50.984+0000] {dag.py:4180} INFO - Setting next_dagrun for read_dataset_event to 2025-02-02 00:00:00+00:00, run_after=2025-02-03 00:00:00+00:00
[2025-02-03T09:55:50.991+0000] {logging_mixin.py:190} INFO - [2025-02-03T09:55:50.990+0000] {dag.py:4180} INFO - Setting next_dagrun for read_dataset_event_from_classic to 2025-02-02 00:00:00+00:00, run_after=2025-02-03 00:00:00+00:00
[2025-02-03T09:55:51.006+0000] {processor.py:208} INFO - Processing /home/airflow/.local/lib/python3.12/site-packages/airflow/example_dags/example_inlet_event_extra.py took 0.654 seconds
[2025-02-03T09:56:21.143+0000] {processor.py:186} INFO - Started process (PID=170) to work on /home/airflow/.local/lib/python3.12/site-packages/airflow/example_dags/example_inlet_event_extra.py
[2025-02-03T09:56:21.144+0000] {processor.py:914} INFO - Processing file /home/airflow/.local/lib/python3.12/site-packages/airflow/example_dags/example_inlet_event_extra.py for tasks to queue
[2025-02-03T09:56:21.146+0000] {logging_mixin.py:190} INFO - [2025-02-03T09:56:21.145+0000] {dagbag.py:588} INFO - Filling up the DagBag from /home/airflow/.local/lib/python3.12/site-packages/airflow/example_dags/example_inlet_event_extra.py
[2025-02-03T09:56:21.643+0000] {processor.py:925} INFO - DAG(s) 'read_dataset_event', 'read_dataset_event_from_classic' retrieved from /home/airflow/.local/lib/python3.12/site-packages/airflow/example_dags/example_inlet_event_extra.py
[2025-02-03T09:56:21.656+0000] {logging_mixin.py:190} INFO - [2025-02-03T09:56:21.656+0000] {dag.py:3239} INFO - Sync 2 DAGs
[2025-02-03T09:56:21.677+0000] {logging_mixin.py:190} INFO - [2025-02-03T09:56:21.677+0000] {dag.py:4180} INFO - Setting next_dagrun for read_dataset_event to 2025-02-02 00:00:00+00:00, run_after=2025-02-03 00:00:00+00:00
[2025-02-03T09:56:21.682+0000] {logging_mixin.py:190} INFO - [2025-02-03T09:56:21.682+0000] {dag.py:4180} INFO - Setting next_dagrun for read_dataset_event_from_classic to 2025-02-02 00:00:00+00:00, run_after=2025-02-03 00:00:00+00:00
[2025-02-03T09:56:21.704+0000] {processor.py:208} INFO - Processing /home/airflow/.local/lib/python3.12/site-packages/airflow/example_dags/example_inlet_event_extra.py took 0.566 seconds
[2025-02-03T09:56:51.827+0000] {processor.py:186} INFO - Started process (PID=234) to work on /home/airflow/.local/lib/python3.12/site-packages/airflow/example_dags/example_inlet_event_extra.py
[2025-02-03T09:56:51.828+0000] {processor.py:914} INFO - Processing file /home/airflow/.local/lib/python3.12/site-packages/airflow/example_dags/example_inlet_event_extra.py for tasks to queue
[2025-02-03T09:56:51.830+0000] {logging_mixin.py:190} INFO - [2025-02-03T09:56:51.830+0000] {dagbag.py:588} INFO - Filling up the DagBag from /home/airflow/.local/lib/python3.12/site-packages/airflow/example_dags/example_inlet_event_extra.py
[2025-02-03T09:56:52.288+0000] {processor.py:925} INFO - DAG(s) 'read_dataset_event', 'read_dataset_event_from_classic' retrieved from /home/airflow/.local/lib/python3.12/site-packages/airflow/example_dags/example_inlet_event_extra.py
[2025-02-03T09:56:52.304+0000] {logging_mixin.py:190} INFO - [2025-02-03T09:56:52.304+0000] {dag.py:3239} INFO - Sync 2 DAGs
[2025-02-03T09:56:52.323+0000] {logging_mixin.py:190} INFO - [2025-02-03T09:56:52.322+0000] {dag.py:4180} INFO - Setting next_dagrun for read_dataset_event to 2025-02-02 00:00:00+00:00, run_after=2025-02-03 00:00:00+00:00
[2025-02-03T09:56:52.327+0000] {logging_mixin.py:190} INFO - [2025-02-03T09:56:52.327+0000] {dag.py:4180} INFO - Setting next_dagrun for read_dataset_event_from_classic to 2025-02-02 00:00:00+00:00, run_after=2025-02-03 00:00:00+00:00
[2025-02-03T09:56:52.341+0000] {processor.py:208} INFO - Processing /home/airflow/.local/lib/python3.12/site-packages/airflow/example_dags/example_inlet_event_extra.py took 0.525 seconds
[2025-02-03T09:57:22.583+0000] {processor.py:186} INFO - Started process (PID=298) to work on /home/airflow/.local/lib/python3.12/site-packages/airflow/example_dags/example_inlet_event_extra.py
[2025-02-03T09:57:22.600+0000] {processor.py:914} INFO - Processing file /home/airflow/.local/lib/python3.12/site-packages/airflow/example_dags/example_inlet_event_extra.py for tasks to queue
[2025-02-03T09:57:22.612+0000] {logging_mixin.py:190} INFO - [2025-02-03T09:57:22.611+0000] {dagbag.py:588} INFO - Filling up the DagBag from /home/airflow/.local/lib/python3.12/site-packages/airflow/example_dags/example_inlet_event_extra.py
[2025-02-03T09:57:29.524+0000] {processor.py:925} INFO - DAG(s) 'read_dataset_event_from_classic', 'read_dataset_event' retrieved from /home/airflow/.local/lib/python3.12/site-packages/airflow/example_dags/example_inlet_event_extra.py
[2025-02-03T09:57:29.820+0000] {logging_mixin.py:190} INFO - [2025-02-03T09:57:29.820+0000] {dag.py:3239} INFO - Sync 2 DAGs
[2025-02-03T09:57:29.974+0000] {logging_mixin.py:190} INFO - [2025-02-03T09:57:29.974+0000] {dag.py:4180} INFO - Setting next_dagrun for read_dataset_event to 2025-02-02 00:00:00+00:00, run_after=2025-02-03 00:00:00+00:00
[2025-02-03T09:57:30.011+0000] {logging_mixin.py:190} INFO - [2025-02-03T09:57:30.011+0000] {dag.py:4180} INFO - Setting next_dagrun for read_dataset_event_from_classic to 2025-02-02 00:00:00+00:00, run_after=2025-02-03 00:00:00+00:00
[2025-02-03T09:57:30.086+0000] {processor.py:208} INFO - Processing /home/airflow/.local/lib/python3.12/site-packages/airflow/example_dags/example_inlet_event_extra.py took 7.540 seconds
[2025-02-03T09:58:00.404+0000] {processor.py:186} INFO - Started process (PID=362) to work on /home/airflow/.local/lib/python3.12/site-packages/airflow/example_dags/example_inlet_event_extra.py
[2025-02-03T09:58:00.405+0000] {processor.py:914} INFO - Processing file /home/airflow/.local/lib/python3.12/site-packages/airflow/example_dags/example_inlet_event_extra.py for tasks to queue
[2025-02-03T09:58:00.407+0000] {logging_mixin.py:190} INFO - [2025-02-03T09:58:00.407+0000] {dagbag.py:588} INFO - Filling up the DagBag from /home/airflow/.local/lib/python3.12/site-packages/airflow/example_dags/example_inlet_event_extra.py
[2025-02-03T09:58:00.891+0000] {processor.py:925} INFO - DAG(s) 'read_dataset_event_from_classic', 'read_dataset_event' retrieved from /home/airflow/.local/lib/python3.12/site-packages/airflow/example_dags/example_inlet_event_extra.py
[2025-02-03T09:58:00.909+0000] {logging_mixin.py:190} INFO - [2025-02-03T09:58:00.908+0000] {dag.py:3239} INFO - Sync 2 DAGs
[2025-02-03T09:58:00.931+0000] {logging_mixin.py:190} INFO - [2025-02-03T09:58:00.930+0000] {dag.py:4180} INFO - Setting next_dagrun for read_dataset_event to 2025-02-02 00:00:00+00:00, run_after=2025-02-03 00:00:00+00:00
[2025-02-03T09:58:00.939+0000] {logging_mixin.py:190} INFO - [2025-02-03T09:58:00.939+0000] {dag.py:4180} INFO - Setting next_dagrun for read_dataset_event_from_classic to 2025-02-02 00:00:00+00:00, run_after=2025-02-03 00:00:00+00:00
[2025-02-03T09:58:00.958+0000] {processor.py:208} INFO - Processing /home/airflow/.local/lib/python3.12/site-packages/airflow/example_dags/example_inlet_event_extra.py took 0.559 seconds
[2025-02-03T09:58:31.333+0000] {processor.py:186} INFO - Started process (PID=426) to work on /home/airflow/.local/lib/python3.12/site-packages/airflow/example_dags/example_inlet_event_extra.py
[2025-02-03T09:58:31.334+0000] {processor.py:914} INFO - Processing file /home/airflow/.local/lib/python3.12/site-packages/airflow/example_dags/example_inlet_event_extra.py for tasks to queue
[2025-02-03T09:58:31.337+0000] {logging_mixin.py:190} INFO - [2025-02-03T09:58:31.337+0000] {dagbag.py:588} INFO - Filling up the DagBag from /home/airflow/.local/lib/python3.12/site-packages/airflow/example_dags/example_inlet_event_extra.py
[2025-02-03T09:58:31.840+0000] {processor.py:925} INFO - DAG(s) 'read_dataset_event', 'read_dataset_event_from_classic' retrieved from /home/airflow/.local/lib/python3.12/site-packages/airflow/example_dags/example_inlet_event_extra.py
[2025-02-03T09:58:31.860+0000] {logging_mixin.py:190} INFO - [2025-02-03T09:58:31.860+0000] {dag.py:3239} INFO - Sync 2 DAGs
[2025-02-03T09:58:31.881+0000] {logging_mixin.py:190} INFO - [2025-02-03T09:58:31.881+0000] {dag.py:4180} INFO - Setting next_dagrun for read_dataset_event to 2025-02-02 00:00:00+00:00, run_after=2025-02-03 00:00:00+00:00
[2025-02-03T09:58:31.886+0000] {logging_mixin.py:190} INFO - [2025-02-03T09:58:31.886+0000] {dag.py:4180} INFO - Setting next_dagrun for read_dataset_event_from_classic to 2025-02-02 00:00:00+00:00, run_after=2025-02-03 00:00:00+00:00
[2025-02-03T09:58:31.904+0000] {processor.py:208} INFO - Processing /home/airflow/.local/lib/python3.12/site-packages/airflow/example_dags/example_inlet_event_extra.py took 0.578 seconds
[2025-02-03T09:59:01.993+0000] {processor.py:186} INFO - Started process (PID=491) to work on /home/airflow/.local/lib/python3.12/site-packages/airflow/example_dags/example_inlet_event_extra.py
[2025-02-03T09:59:01.995+0000] {processor.py:914} INFO - Processing file /home/airflow/.local/lib/python3.12/site-packages/airflow/example_dags/example_inlet_event_extra.py for tasks to queue
[2025-02-03T09:59:01.999+0000] {logging_mixin.py:190} INFO - [2025-02-03T09:59:01.998+0000] {dagbag.py:588} INFO - Filling up the DagBag from /home/airflow/.local/lib/python3.12/site-packages/airflow/example_dags/example_inlet_event_extra.py
[2025-02-03T09:59:02.540+0000] {processor.py:925} INFO - DAG(s) 'read_dataset_event_from_classic', 'read_dataset_event' retrieved from /home/airflow/.local/lib/python3.12/site-packages/airflow/example_dags/example_inlet_event_extra.py
[2025-02-03T09:59:02.566+0000] {logging_mixin.py:190} INFO - [2025-02-03T09:59:02.566+0000] {dag.py:3239} INFO - Sync 2 DAGs
[2025-02-03T09:59:02.586+0000] {logging_mixin.py:190} INFO - [2025-02-03T09:59:02.586+0000] {dag.py:4180} INFO - Setting next_dagrun for read_dataset_event to 2025-02-02 00:00:00+00:00, run_after=2025-02-03 00:00:00+00:00
[2025-02-03T09:59:02.590+0000] {logging_mixin.py:190} INFO - [2025-02-03T09:59:02.590+0000] {dag.py:4180} INFO - Setting next_dagrun for read_dataset_event_from_classic to 2025-02-02 00:00:00+00:00, run_after=2025-02-03 00:00:00+00:00
[2025-02-03T09:59:02.603+0000] {processor.py:208} INFO - Processing /home/airflow/.local/lib/python3.12/site-packages/airflow/example_dags/example_inlet_event_extra.py took 0.620 seconds
[2025-02-03T09:59:32.959+0000] {processor.py:186} INFO - Started process (PID=555) to work on /home/airflow/.local/lib/python3.12/site-packages/airflow/example_dags/example_inlet_event_extra.py
[2025-02-03T09:59:32.961+0000] {processor.py:914} INFO - Processing file /home/airflow/.local/lib/python3.12/site-packages/airflow/example_dags/example_inlet_event_extra.py for tasks to queue
[2025-02-03T09:59:32.963+0000] {logging_mixin.py:190} INFO - [2025-02-03T09:59:32.962+0000] {dagbag.py:588} INFO - Filling up the DagBag from /home/airflow/.local/lib/python3.12/site-packages/airflow/example_dags/example_inlet_event_extra.py
[2025-02-03T09:59:33.446+0000] {processor.py:925} INFO - DAG(s) 'read_dataset_event_from_classic', 'read_dataset_event' retrieved from /home/airflow/.local/lib/python3.12/site-packages/airflow/example_dags/example_inlet_event_extra.py
[2025-02-03T09:59:33.463+0000] {logging_mixin.py:190} INFO - [2025-02-03T09:59:33.462+0000] {dag.py:3239} INFO - Sync 2 DAGs
[2025-02-03T09:59:33.486+0000] {logging_mixin.py:190} INFO - [2025-02-03T09:59:33.485+0000] {dag.py:4180} INFO - Setting next_dagrun for read_dataset_event to 2025-02-02 00:00:00+00:00, run_after=2025-02-03 00:00:00+00:00
[2025-02-03T09:59:33.490+0000] {logging_mixin.py:190} INFO - [2025-02-03T09:59:33.490+0000] {dag.py:4180} INFO - Setting next_dagrun for read_dataset_event_from_classic to 2025-02-02 00:00:00+00:00, run_after=2025-02-03 00:00:00+00:00
[2025-02-03T09:59:33.507+0000] {processor.py:208} INFO - Processing /home/airflow/.local/lib/python3.12/site-packages/airflow/example_dags/example_inlet_event_extra.py took 0.553 seconds
[2025-02-03T10:00:04.323+0000] {processor.py:186} INFO - Started process (PID=619) to work on /home/airflow/.local/lib/python3.12/site-packages/airflow/example_dags/example_inlet_event_extra.py
[2025-02-03T10:00:04.327+0000] {processor.py:914} INFO - Processing file /home/airflow/.local/lib/python3.12/site-packages/airflow/example_dags/example_inlet_event_extra.py for tasks to queue
[2025-02-03T10:00:04.338+0000] {logging_mixin.py:190} INFO - [2025-02-03T10:00:04.338+0000] {dagbag.py:588} INFO - Filling up the DagBag from /home/airflow/.local/lib/python3.12/site-packages/airflow/example_dags/example_inlet_event_extra.py
[2025-02-03T10:00:04.992+0000] {processor.py:925} INFO - DAG(s) 'read_dataset_event', 'read_dataset_event_from_classic' retrieved from /home/airflow/.local/lib/python3.12/site-packages/airflow/example_dags/example_inlet_event_extra.py
[2025-02-03T10:00:05.008+0000] {logging_mixin.py:190} INFO - [2025-02-03T10:00:05.008+0000] {dag.py:3239} INFO - Sync 2 DAGs
[2025-02-03T10:00:05.030+0000] {logging_mixin.py:190} INFO - [2025-02-03T10:00:05.029+0000] {dag.py:4180} INFO - Setting next_dagrun for read_dataset_event to 2025-02-02 00:00:00+00:00, run_after=2025-02-03 00:00:00+00:00
[2025-02-03T10:00:05.035+0000] {logging_mixin.py:190} INFO - [2025-02-03T10:00:05.035+0000] {dag.py:4180} INFO - Setting next_dagrun for read_dataset_event_from_classic to 2025-02-02 00:00:00+00:00, run_after=2025-02-03 00:00:00+00:00
[2025-02-03T10:00:05.051+0000] {processor.py:208} INFO - Processing /home/airflow/.local/lib/python3.12/site-packages/airflow/example_dags/example_inlet_event_extra.py took 0.742 seconds
[2025-02-03T10:00:36.895+0000] {processor.py:186} INFO - Started process (PID=683) to work on /home/airflow/.local/lib/python3.12/site-packages/airflow/example_dags/example_inlet_event_extra.py
[2025-02-03T10:00:36.897+0000] {processor.py:914} INFO - Processing file /home/airflow/.local/lib/python3.12/site-packages/airflow/example_dags/example_inlet_event_extra.py for tasks to queue
[2025-02-03T10:00:36.905+0000] {logging_mixin.py:190} INFO - [2025-02-03T10:00:36.904+0000] {dagbag.py:588} INFO - Filling up the DagBag from /home/airflow/.local/lib/python3.12/site-packages/airflow/example_dags/example_inlet_event_extra.py
[2025-02-03T10:00:38.036+0000] {processor.py:925} INFO - DAG(s) 'read_dataset_event_from_classic', 'read_dataset_event' retrieved from /home/airflow/.local/lib/python3.12/site-packages/airflow/example_dags/example_inlet_event_extra.py
[2025-02-03T10:00:38.161+0000] {logging_mixin.py:190} INFO - [2025-02-03T10:00:38.161+0000] {dag.py:3239} INFO - Sync 2 DAGs
[2025-02-03T10:00:38.457+0000] {logging_mixin.py:190} INFO - [2025-02-03T10:00:38.457+0000] {dag.py:4180} INFO - Setting next_dagrun for read_dataset_event to 2025-02-02 00:00:00+00:00, run_after=2025-02-03 00:00:00+00:00
[2025-02-03T10:00:38.497+0000] {logging_mixin.py:190} INFO - [2025-02-03T10:00:38.497+0000] {dag.py:4180} INFO - Setting next_dagrun for read_dataset_event_from_classic to 2025-02-02 00:00:00+00:00, run_after=2025-02-03 00:00:00+00:00
[2025-02-03T10:00:38.560+0000] {processor.py:208} INFO - Processing /home/airflow/.local/lib/python3.12/site-packages/airflow/example_dags/example_inlet_event_extra.py took 1.676 seconds
[2025-02-03T10:01:10.845+0000] {processor.py:186} INFO - Started process (PID=747) to work on /home/airflow/.local/lib/python3.12/site-packages/airflow/example_dags/example_inlet_event_extra.py
[2025-02-03T10:01:10.847+0000] {processor.py:914} INFO - Processing file /home/airflow/.local/lib/python3.12/site-packages/airflow/example_dags/example_inlet_event_extra.py for tasks to queue
[2025-02-03T10:01:10.851+0000] {logging_mixin.py:190} INFO - [2025-02-03T10:01:10.850+0000] {dagbag.py:588} INFO - Filling up the DagBag from /home/airflow/.local/lib/python3.12/site-packages/airflow/example_dags/example_inlet_event_extra.py
[2025-02-03T10:01:11.341+0000] {processor.py:925} INFO - DAG(s) 'read_dataset_event', 'read_dataset_event_from_classic' retrieved from /home/airflow/.local/lib/python3.12/site-packages/airflow/example_dags/example_inlet_event_extra.py
[2025-02-03T10:01:11.361+0000] {logging_mixin.py:190} INFO - [2025-02-03T10:01:11.360+0000] {dag.py:3239} INFO - Sync 2 DAGs
[2025-02-03T10:01:11.386+0000] {logging_mixin.py:190} INFO - [2025-02-03T10:01:11.385+0000] {dag.py:4180} INFO - Setting next_dagrun for read_dataset_event to 2025-02-02 00:00:00+00:00, run_after=2025-02-03 00:00:00+00:00
[2025-02-03T10:01:11.393+0000] {logging_mixin.py:190} INFO - [2025-02-03T10:01:11.393+0000] {dag.py:4180} INFO - Setting next_dagrun for read_dataset_event_from_classic to 2025-02-02 00:00:00+00:00, run_after=2025-02-03 00:00:00+00:00
[2025-02-03T10:01:11.411+0000] {processor.py:208} INFO - Processing /home/airflow/.local/lib/python3.12/site-packages/airflow/example_dags/example_inlet_event_extra.py took 0.577 seconds
[2025-02-03T10:01:41.518+0000] {processor.py:186} INFO - Started process (PID=810) to work on /home/airflow/.local/lib/python3.12/site-packages/airflow/example_dags/example_inlet_event_extra.py
[2025-02-03T10:01:41.519+0000] {processor.py:914} INFO - Processing file /home/airflow/.local/lib/python3.12/site-packages/airflow/example_dags/example_inlet_event_extra.py for tasks to queue
[2025-02-03T10:01:41.521+0000] {logging_mixin.py:190} INFO - [2025-02-03T10:01:41.521+0000] {dagbag.py:588} INFO - Filling up the DagBag from /home/airflow/.local/lib/python3.12/site-packages/airflow/example_dags/example_inlet_event_extra.py
[2025-02-03T10:01:41.965+0000] {processor.py:925} INFO - DAG(s) 'read_dataset_event', 'read_dataset_event_from_classic' retrieved from /home/airflow/.local/lib/python3.12/site-packages/airflow/example_dags/example_inlet_event_extra.py
[2025-02-03T10:01:41.987+0000] {logging_mixin.py:190} INFO - [2025-02-03T10:01:41.987+0000] {dag.py:3239} INFO - Sync 2 DAGs
[2025-02-03T10:01:42.005+0000] {logging_mixin.py:190} INFO - [2025-02-03T10:01:42.005+0000] {dag.py:4180} INFO - Setting next_dagrun for read_dataset_event to 2025-02-02 00:00:00+00:00, run_after=2025-02-03 00:00:00+00:00
[2025-02-03T10:01:42.009+0000] {logging_mixin.py:190} INFO - [2025-02-03T10:01:42.009+0000] {dag.py:4180} INFO - Setting next_dagrun for read_dataset_event_from_classic to 2025-02-02 00:00:00+00:00, run_after=2025-02-03 00:00:00+00:00
[2025-02-03T10:01:42.023+0000] {processor.py:208} INFO - Processing /home/airflow/.local/lib/python3.12/site-packages/airflow/example_dags/example_inlet_event_extra.py took 0.511 seconds
[2025-02-03T10:02:12.408+0000] {processor.py:186} INFO - Started process (PID=875) to work on /home/airflow/.local/lib/python3.12/site-packages/airflow/example_dags/example_inlet_event_extra.py
[2025-02-03T10:02:12.409+0000] {processor.py:914} INFO - Processing file /home/airflow/.local/lib/python3.12/site-packages/airflow/example_dags/example_inlet_event_extra.py for tasks to queue
[2025-02-03T10:02:12.411+0000] {logging_mixin.py:190} INFO - [2025-02-03T10:02:12.411+0000] {dagbag.py:588} INFO - Filling up the DagBag from /home/airflow/.local/lib/python3.12/site-packages/airflow/example_dags/example_inlet_event_extra.py
[2025-02-03T10:02:12.839+0000] {processor.py:925} INFO - DAG(s) 'read_dataset_event_from_classic', 'read_dataset_event' retrieved from /home/airflow/.local/lib/python3.12/site-packages/airflow/example_dags/example_inlet_event_extra.py
[2025-02-03T10:02:12.855+0000] {logging_mixin.py:190} INFO - [2025-02-03T10:02:12.855+0000] {dag.py:3239} INFO - Sync 2 DAGs
[2025-02-03T10:02:12.875+0000] {logging_mixin.py:190} INFO - [2025-02-03T10:02:12.874+0000] {dag.py:4180} INFO - Setting next_dagrun for read_dataset_event to 2025-02-02 00:00:00+00:00, run_after=2025-02-03 00:00:00+00:00
[2025-02-03T10:02:12.879+0000] {logging_mixin.py:190} INFO - [2025-02-03T10:02:12.879+0000] {dag.py:4180} INFO - Setting next_dagrun for read_dataset_event_from_classic to 2025-02-02 00:00:00+00:00, run_after=2025-02-03 00:00:00+00:00
[2025-02-03T10:02:12.892+0000] {processor.py:208} INFO - Processing /home/airflow/.local/lib/python3.12/site-packages/airflow/example_dags/example_inlet_event_extra.py took 0.489 seconds
[2025-02-03T10:02:43.661+0000] {processor.py:186} INFO - Started process (PID=939) to work on /home/airflow/.local/lib/python3.12/site-packages/airflow/example_dags/example_inlet_event_extra.py
[2025-02-03T10:02:43.663+0000] {processor.py:914} INFO - Processing file /home/airflow/.local/lib/python3.12/site-packages/airflow/example_dags/example_inlet_event_extra.py for tasks to queue
[2025-02-03T10:02:43.666+0000] {logging_mixin.py:190} INFO - [2025-02-03T10:02:43.666+0000] {dagbag.py:588} INFO - Filling up the DagBag from /home/airflow/.local/lib/python3.12/site-packages/airflow/example_dags/example_inlet_event_extra.py
[2025-02-03T10:02:44.225+0000] {processor.py:925} INFO - DAG(s) 'read_dataset_event', 'read_dataset_event_from_classic' retrieved from /home/airflow/.local/lib/python3.12/site-packages/airflow/example_dags/example_inlet_event_extra.py
[2025-02-03T10:02:44.244+0000] {logging_mixin.py:190} INFO - [2025-02-03T10:02:44.244+0000] {dag.py:3239} INFO - Sync 2 DAGs
[2025-02-03T10:02:44.263+0000] {logging_mixin.py:190} INFO - [2025-02-03T10:02:44.263+0000] {dag.py:4180} INFO - Setting next_dagrun for read_dataset_event to 2025-02-02 00:00:00+00:00, run_after=2025-02-03 00:00:00+00:00
[2025-02-03T10:02:44.269+0000] {logging_mixin.py:190} INFO - [2025-02-03T10:02:44.269+0000] {dag.py:4180} INFO - Setting next_dagrun for read_dataset_event_from_classic to 2025-02-02 00:00:00+00:00, run_after=2025-02-03 00:00:00+00:00
[2025-02-03T10:02:44.286+0000] {processor.py:208} INFO - Processing /home/airflow/.local/lib/python3.12/site-packages/airflow/example_dags/example_inlet_event_extra.py took 0.632 seconds
[2025-02-03T10:03:15.239+0000] {processor.py:186} INFO - Started process (PID=1002) to work on /home/airflow/.local/lib/python3.12/site-packages/airflow/example_dags/example_inlet_event_extra.py
[2025-02-03T10:03:15.241+0000] {processor.py:914} INFO - Processing file /home/airflow/.local/lib/python3.12/site-packages/airflow/example_dags/example_inlet_event_extra.py for tasks to queue
[2025-02-03T10:03:15.251+0000] {logging_mixin.py:190} INFO - [2025-02-03T10:03:15.251+0000] {dagbag.py:588} INFO - Filling up the DagBag from /home/airflow/.local/lib/python3.12/site-packages/airflow/example_dags/example_inlet_event_extra.py
[2025-02-03T10:03:16.580+0000] {processor.py:925} INFO - DAG(s) 'read_dataset_event', 'read_dataset_event_from_classic' retrieved from /home/airflow/.local/lib/python3.12/site-packages/airflow/example_dags/example_inlet_event_extra.py
[2025-02-03T10:03:16.627+0000] {logging_mixin.py:190} INFO - [2025-02-03T10:03:16.627+0000] {dag.py:3239} INFO - Sync 2 DAGs
[2025-02-03T10:03:16.712+0000] {logging_mixin.py:190} INFO - [2025-02-03T10:03:16.711+0000] {dag.py:4180} INFO - Setting next_dagrun for read_dataset_event to 2025-02-02 00:00:00+00:00, run_after=2025-02-03 00:00:00+00:00
[2025-02-03T10:03:16.718+0000] {logging_mixin.py:190} INFO - [2025-02-03T10:03:16.718+0000] {dag.py:4180} INFO - Setting next_dagrun for read_dataset_event_from_classic to 2025-02-02 00:00:00+00:00, run_after=2025-02-03 00:00:00+00:00
[2025-02-03T10:03:16.790+0000] {processor.py:208} INFO - Processing /home/airflow/.local/lib/python3.12/site-packages/airflow/example_dags/example_inlet_event_extra.py took 1.557 seconds
[2025-02-03T10:03:46.839+0000] {processor.py:186} INFO - Started process (PID=1073) to work on /home/airflow/.local/lib/python3.12/site-packages/airflow/example_dags/example_inlet_event_extra.py
[2025-02-03T10:03:46.840+0000] {processor.py:914} INFO - Processing file /home/airflow/.local/lib/python3.12/site-packages/airflow/example_dags/example_inlet_event_extra.py for tasks to queue
[2025-02-03T10:03:46.842+0000] {logging_mixin.py:190} INFO - [2025-02-03T10:03:46.842+0000] {dagbag.py:588} INFO - Filling up the DagBag from /home/airflow/.local/lib/python3.12/site-packages/airflow/example_dags/example_inlet_event_extra.py
[2025-02-03T10:03:47.256+0000] {processor.py:925} INFO - DAG(s) 'read_dataset_event', 'read_dataset_event_from_classic' retrieved from /home/airflow/.local/lib/python3.12/site-packages/airflow/example_dags/example_inlet_event_extra.py
[2025-02-03T10:03:47.270+0000] {logging_mixin.py:190} INFO - [2025-02-03T10:03:47.270+0000] {dag.py:3239} INFO - Sync 2 DAGs
[2025-02-03T10:03:47.287+0000] {logging_mixin.py:190} INFO - [2025-02-03T10:03:47.287+0000] {dag.py:4180} INFO - Setting next_dagrun for read_dataset_event to 2025-02-02 00:00:00+00:00, run_after=2025-02-03 00:00:00+00:00
[2025-02-03T10:03:47.290+0000] {logging_mixin.py:190} INFO - [2025-02-03T10:03:47.290+0000] {dag.py:4180} INFO - Setting next_dagrun for read_dataset_event_from_classic to 2025-02-02 00:00:00+00:00, run_after=2025-02-03 00:00:00+00:00
[2025-02-03T10:03:47.306+0000] {processor.py:208} INFO - Processing /home/airflow/.local/lib/python3.12/site-packages/airflow/example_dags/example_inlet_event_extra.py took 0.472 seconds
[2025-02-03T10:04:17.709+0000] {processor.py:186} INFO - Started process (PID=1137) to work on /home/airflow/.local/lib/python3.12/site-packages/airflow/example_dags/example_inlet_event_extra.py
[2025-02-03T10:04:17.710+0000] {processor.py:914} INFO - Processing file /home/airflow/.local/lib/python3.12/site-packages/airflow/example_dags/example_inlet_event_extra.py for tasks to queue
[2025-02-03T10:04:17.712+0000] {logging_mixin.py:190} INFO - [2025-02-03T10:04:17.712+0000] {dagbag.py:588} INFO - Filling up the DagBag from /home/airflow/.local/lib/python3.12/site-packages/airflow/example_dags/example_inlet_event_extra.py
[2025-02-03T10:04:18.175+0000] {processor.py:925} INFO - DAG(s) 'read_dataset_event_from_classic', 'read_dataset_event' retrieved from /home/airflow/.local/lib/python3.12/site-packages/airflow/example_dags/example_inlet_event_extra.py
[2025-02-03T10:04:18.192+0000] {logging_mixin.py:190} INFO - [2025-02-03T10:04:18.192+0000] {dag.py:3239} INFO - Sync 2 DAGs
[2025-02-03T10:04:18.213+0000] {logging_mixin.py:190} INFO - [2025-02-03T10:04:18.213+0000] {dag.py:4180} INFO - Setting next_dagrun for read_dataset_event to 2025-02-02 00:00:00+00:00, run_after=2025-02-03 00:00:00+00:00
[2025-02-03T10:04:18.218+0000] {logging_mixin.py:190} INFO - [2025-02-03T10:04:18.218+0000] {dag.py:4180} INFO - Setting next_dagrun for read_dataset_event_from_classic to 2025-02-02 00:00:00+00:00, run_after=2025-02-03 00:00:00+00:00
[2025-02-03T10:04:18.243+0000] {processor.py:208} INFO - Processing /home/airflow/.local/lib/python3.12/site-packages/airflow/example_dags/example_inlet_event_extra.py took 0.539 seconds
[2025-02-03T10:04:48.978+0000] {processor.py:186} INFO - Started process (PID=1203) to work on /home/airflow/.local/lib/python3.12/site-packages/airflow/example_dags/example_inlet_event_extra.py
[2025-02-03T10:04:48.979+0000] {processor.py:914} INFO - Processing file /home/airflow/.local/lib/python3.12/site-packages/airflow/example_dags/example_inlet_event_extra.py for tasks to queue
[2025-02-03T10:04:48.981+0000] {logging_mixin.py:190} INFO - [2025-02-03T10:04:48.980+0000] {dagbag.py:588} INFO - Filling up the DagBag from /home/airflow/.local/lib/python3.12/site-packages/airflow/example_dags/example_inlet_event_extra.py
[2025-02-03T10:04:49.459+0000] {processor.py:925} INFO - DAG(s) 'read_dataset_event_from_classic', 'read_dataset_event' retrieved from /home/airflow/.local/lib/python3.12/site-packages/airflow/example_dags/example_inlet_event_extra.py
[2025-02-03T10:04:49.479+0000] {logging_mixin.py:190} INFO - [2025-02-03T10:04:49.478+0000] {dag.py:3239} INFO - Sync 2 DAGs
[2025-02-03T10:04:49.497+0000] {logging_mixin.py:190} INFO - [2025-02-03T10:04:49.497+0000] {dag.py:4180} INFO - Setting next_dagrun for read_dataset_event to 2025-02-02 00:00:00+00:00, run_after=2025-02-03 00:00:00+00:00
[2025-02-03T10:04:49.502+0000] {logging_mixin.py:190} INFO - [2025-02-03T10:04:49.502+0000] {dag.py:4180} INFO - Setting next_dagrun for read_dataset_event_from_classic to 2025-02-02 00:00:00+00:00, run_after=2025-02-03 00:00:00+00:00
[2025-02-03T10:04:49.521+0000] {processor.py:208} INFO - Processing /home/airflow/.local/lib/python3.12/site-packages/airflow/example_dags/example_inlet_event_extra.py took 0.548 seconds
[2025-02-03T10:05:20.370+0000] {processor.py:186} INFO - Started process (PID=1268) to work on /home/airflow/.local/lib/python3.12/site-packages/airflow/example_dags/example_inlet_event_extra.py
[2025-02-03T10:05:20.371+0000] {processor.py:914} INFO - Processing file /home/airflow/.local/lib/python3.12/site-packages/airflow/example_dags/example_inlet_event_extra.py for tasks to queue
[2025-02-03T10:05:20.373+0000] {logging_mixin.py:190} INFO - [2025-02-03T10:05:20.373+0000] {dagbag.py:588} INFO - Filling up the DagBag from /home/airflow/.local/lib/python3.12/site-packages/airflow/example_dags/example_inlet_event_extra.py
[2025-02-03T10:05:20.879+0000] {processor.py:925} INFO - DAG(s) 'read_dataset_event', 'read_dataset_event_from_classic' retrieved from /home/airflow/.local/lib/python3.12/site-packages/airflow/example_dags/example_inlet_event_extra.py
[2025-02-03T10:05:20.900+0000] {logging_mixin.py:190} INFO - [2025-02-03T10:05:20.899+0000] {dag.py:3239} INFO - Sync 2 DAGs
[2025-02-03T10:05:20.932+0000] {logging_mixin.py:190} INFO - [2025-02-03T10:05:20.932+0000] {dag.py:4180} INFO - Setting next_dagrun for read_dataset_event to 2025-02-02 00:00:00+00:00, run_after=2025-02-03 00:00:00+00:00
[2025-02-03T10:05:20.936+0000] {logging_mixin.py:190} INFO - [2025-02-03T10:05:20.936+0000] {dag.py:4180} INFO - Setting next_dagrun for read_dataset_event_from_classic to 2025-02-02 00:00:00+00:00, run_after=2025-02-03 00:00:00+00:00
[2025-02-03T10:05:20.951+0000] {processor.py:208} INFO - Processing /home/airflow/.local/lib/python3.12/site-packages/airflow/example_dags/example_inlet_event_extra.py took 0.586 seconds
[2025-02-03T10:05:51.181+0000] {processor.py:186} INFO - Started process (PID=1332) to work on /home/airflow/.local/lib/python3.12/site-packages/airflow/example_dags/example_inlet_event_extra.py
[2025-02-03T10:05:51.182+0000] {processor.py:914} INFO - Processing file /home/airflow/.local/lib/python3.12/site-packages/airflow/example_dags/example_inlet_event_extra.py for tasks to queue
[2025-02-03T10:05:51.186+0000] {logging_mixin.py:190} INFO - [2025-02-03T10:05:51.185+0000] {dagbag.py:588} INFO - Filling up the DagBag from /home/airflow/.local/lib/python3.12/site-packages/airflow/example_dags/example_inlet_event_extra.py
[2025-02-03T10:05:51.649+0000] {processor.py:925} INFO - DAG(s) 'read_dataset_event', 'read_dataset_event_from_classic' retrieved from /home/airflow/.local/lib/python3.12/site-packages/airflow/example_dags/example_inlet_event_extra.py
[2025-02-03T10:05:51.670+0000] {logging_mixin.py:190} INFO - [2025-02-03T10:05:51.669+0000] {dag.py:3239} INFO - Sync 2 DAGs
[2025-02-03T10:05:51.688+0000] {logging_mixin.py:190} INFO - [2025-02-03T10:05:51.688+0000] {dag.py:4180} INFO - Setting next_dagrun for read_dataset_event to 2025-02-02 00:00:00+00:00, run_after=2025-02-03 00:00:00+00:00
[2025-02-03T10:05:51.691+0000] {logging_mixin.py:190} INFO - [2025-02-03T10:05:51.691+0000] {dag.py:4180} INFO - Setting next_dagrun for read_dataset_event_from_classic to 2025-02-02 00:00:00+00:00, run_after=2025-02-03 00:00:00+00:00
[2025-02-03T10:05:51.703+0000] {processor.py:208} INFO - Processing /home/airflow/.local/lib/python3.12/site-packages/airflow/example_dags/example_inlet_event_extra.py took 0.528 seconds
[2025-02-03T10:06:21.796+0000] {processor.py:186} INFO - Started process (PID=1396) to work on /home/airflow/.local/lib/python3.12/site-packages/airflow/example_dags/example_inlet_event_extra.py
[2025-02-03T10:06:21.797+0000] {processor.py:914} INFO - Processing file /home/airflow/.local/lib/python3.12/site-packages/airflow/example_dags/example_inlet_event_extra.py for tasks to queue
[2025-02-03T10:06:21.800+0000] {logging_mixin.py:190} INFO - [2025-02-03T10:06:21.799+0000] {dagbag.py:588} INFO - Filling up the DagBag from /home/airflow/.local/lib/python3.12/site-packages/airflow/example_dags/example_inlet_event_extra.py
[2025-02-03T10:06:22.314+0000] {processor.py:925} INFO - DAG(s) 'read_dataset_event_from_classic', 'read_dataset_event' retrieved from /home/airflow/.local/lib/python3.12/site-packages/airflow/example_dags/example_inlet_event_extra.py
[2025-02-03T10:06:22.341+0000] {logging_mixin.py:190} INFO - [2025-02-03T10:06:22.341+0000] {dag.py:3239} INFO - Sync 2 DAGs
[2025-02-03T10:06:22.361+0000] {logging_mixin.py:190} INFO - [2025-02-03T10:06:22.361+0000] {dag.py:4180} INFO - Setting next_dagrun for read_dataset_event to 2025-02-02 00:00:00+00:00, run_after=2025-02-03 00:00:00+00:00
[2025-02-03T10:06:22.368+0000] {logging_mixin.py:190} INFO - [2025-02-03T10:06:22.368+0000] {dag.py:4180} INFO - Setting next_dagrun for read_dataset_event_from_classic to 2025-02-02 00:00:00+00:00, run_after=2025-02-03 00:00:00+00:00
[2025-02-03T10:06:22.390+0000] {processor.py:208} INFO - Processing /home/airflow/.local/lib/python3.12/site-packages/airflow/example_dags/example_inlet_event_extra.py took 0.598 seconds
[2025-02-03T10:12:54.532+0000] {processor.py:186} INFO - Started process (PID=44) to work on /home/airflow/.local/lib/python3.12/site-packages/airflow/example_dags/example_inlet_event_extra.py
[2025-02-03T10:12:54.548+0000] {processor.py:914} INFO - Processing file /home/airflow/.local/lib/python3.12/site-packages/airflow/example_dags/example_inlet_event_extra.py for tasks to queue
[2025-02-03T10:12:54.551+0000] {logging_mixin.py:190} INFO - [2025-02-03T10:12:54.551+0000] {dagbag.py:588} INFO - Filling up the DagBag from /home/airflow/.local/lib/python3.12/site-packages/airflow/example_dags/example_inlet_event_extra.py
[2025-02-03T10:12:59.727+0000] {processor.py:925} INFO - DAG(s) 'read_dataset_event', 'read_dataset_event_from_classic' retrieved from /home/airflow/.local/lib/python3.12/site-packages/airflow/example_dags/example_inlet_event_extra.py
[2025-02-03T10:12:59.847+0000] {logging_mixin.py:190} INFO - [2025-02-03T10:12:59.846+0000] {dag.py:3239} INFO - Sync 2 DAGs
[2025-02-03T10:12:59.992+0000] {logging_mixin.py:190} INFO - [2025-02-03T10:12:59.992+0000] {dag.py:4180} INFO - Setting next_dagrun for read_dataset_event to 2025-02-02 00:00:00+00:00, run_after=2025-02-03 00:00:00+00:00
[2025-02-03T10:13:00.017+0000] {logging_mixin.py:190} INFO - [2025-02-03T10:13:00.016+0000] {dag.py:4180} INFO - Setting next_dagrun for read_dataset_event_from_classic to 2025-02-02 00:00:00+00:00, run_after=2025-02-03 00:00:00+00:00
[2025-02-03T10:13:00.084+0000] {processor.py:208} INFO - Processing /home/airflow/.local/lib/python3.12/site-packages/airflow/example_dags/example_inlet_event_extra.py took 5.558 seconds
[2025-02-03T10:13:30.192+0000] {processor.py:186} INFO - Started process (PID=107) to work on /home/airflow/.local/lib/python3.12/site-packages/airflow/example_dags/example_inlet_event_extra.py
[2025-02-03T10:13:30.194+0000] {processor.py:914} INFO - Processing file /home/airflow/.local/lib/python3.12/site-packages/airflow/example_dags/example_inlet_event_extra.py for tasks to queue
[2025-02-03T10:13:30.197+0000] {logging_mixin.py:190} INFO - [2025-02-03T10:13:30.197+0000] {dagbag.py:588} INFO - Filling up the DagBag from /home/airflow/.local/lib/python3.12/site-packages/airflow/example_dags/example_inlet_event_extra.py
[2025-02-03T10:13:31.124+0000] {processor.py:925} INFO - DAG(s) 'read_dataset_event', 'read_dataset_event_from_classic' retrieved from /home/airflow/.local/lib/python3.12/site-packages/airflow/example_dags/example_inlet_event_extra.py
[2025-02-03T10:13:31.143+0000] {logging_mixin.py:190} INFO - [2025-02-03T10:13:31.143+0000] {dag.py:3239} INFO - Sync 2 DAGs
[2025-02-03T10:13:31.162+0000] {logging_mixin.py:190} INFO - [2025-02-03T10:13:31.161+0000] {dag.py:4180} INFO - Setting next_dagrun for read_dataset_event to 2025-02-02 00:00:00+00:00, run_after=2025-02-03 00:00:00+00:00
[2025-02-03T10:13:31.165+0000] {logging_mixin.py:190} INFO - [2025-02-03T10:13:31.165+0000] {dag.py:4180} INFO - Setting next_dagrun for read_dataset_event_from_classic to 2025-02-02 00:00:00+00:00, run_after=2025-02-03 00:00:00+00:00
[2025-02-03T10:13:31.178+0000] {processor.py:208} INFO - Processing /home/airflow/.local/lib/python3.12/site-packages/airflow/example_dags/example_inlet_event_extra.py took 0.993 seconds
[2025-02-03T10:14:01.550+0000] {processor.py:186} INFO - Started process (PID=171) to work on /home/airflow/.local/lib/python3.12/site-packages/airflow/example_dags/example_inlet_event_extra.py
[2025-02-03T10:14:01.556+0000] {processor.py:914} INFO - Processing file /home/airflow/.local/lib/python3.12/site-packages/airflow/example_dags/example_inlet_event_extra.py for tasks to queue
[2025-02-03T10:14:01.559+0000] {logging_mixin.py:190} INFO - [2025-02-03T10:14:01.559+0000] {dagbag.py:588} INFO - Filling up the DagBag from /home/airflow/.local/lib/python3.12/site-packages/airflow/example_dags/example_inlet_event_extra.py
[2025-02-03T10:14:02.301+0000] {processor.py:925} INFO - DAG(s) 'read_dataset_event', 'read_dataset_event_from_classic' retrieved from /home/airflow/.local/lib/python3.12/site-packages/airflow/example_dags/example_inlet_event_extra.py
[2025-02-03T10:14:02.328+0000] {logging_mixin.py:190} INFO - [2025-02-03T10:14:02.327+0000] {dag.py:3239} INFO - Sync 2 DAGs
[2025-02-03T10:14:02.346+0000] {logging_mixin.py:190} INFO - [2025-02-03T10:14:02.346+0000] {dag.py:4180} INFO - Setting next_dagrun for read_dataset_event to 2025-02-02 00:00:00+00:00, run_after=2025-02-03 00:00:00+00:00
[2025-02-03T10:14:02.351+0000] {logging_mixin.py:190} INFO - [2025-02-03T10:14:02.350+0000] {dag.py:4180} INFO - Setting next_dagrun for read_dataset_event_from_classic to 2025-02-02 00:00:00+00:00, run_after=2025-02-03 00:00:00+00:00
[2025-02-03T10:14:02.381+0000] {processor.py:208} INFO - Processing /home/airflow/.local/lib/python3.12/site-packages/airflow/example_dags/example_inlet_event_extra.py took 0.841 seconds
[2025-02-03T10:14:33.863+0000] {processor.py:186} INFO - Started process (PID=236) to work on /home/airflow/.local/lib/python3.12/site-packages/airflow/example_dags/example_inlet_event_extra.py
[2025-02-03T10:14:33.864+0000] {processor.py:914} INFO - Processing file /home/airflow/.local/lib/python3.12/site-packages/airflow/example_dags/example_inlet_event_extra.py for tasks to queue
[2025-02-03T10:14:33.867+0000] {logging_mixin.py:190} INFO - [2025-02-03T10:14:33.866+0000] {dagbag.py:588} INFO - Filling up the DagBag from /home/airflow/.local/lib/python3.12/site-packages/airflow/example_dags/example_inlet_event_extra.py
[2025-02-03T10:14:34.386+0000] {processor.py:925} INFO - DAG(s) 'read_dataset_event_from_classic', 'read_dataset_event' retrieved from /home/airflow/.local/lib/python3.12/site-packages/airflow/example_dags/example_inlet_event_extra.py
[2025-02-03T10:14:34.404+0000] {logging_mixin.py:190} INFO - [2025-02-03T10:14:34.404+0000] {dag.py:3239} INFO - Sync 2 DAGs
[2025-02-03T10:14:34.422+0000] {logging_mixin.py:190} INFO - [2025-02-03T10:14:34.421+0000] {dag.py:4180} INFO - Setting next_dagrun for read_dataset_event to 2025-02-02 00:00:00+00:00, run_after=2025-02-03 00:00:00+00:00
[2025-02-03T10:14:34.426+0000] {logging_mixin.py:190} INFO - [2025-02-03T10:14:34.426+0000] {dag.py:4180} INFO - Setting next_dagrun for read_dataset_event_from_classic to 2025-02-02 00:00:00+00:00, run_after=2025-02-03 00:00:00+00:00
[2025-02-03T10:14:34.450+0000] {processor.py:208} INFO - Processing /home/airflow/.local/lib/python3.12/site-packages/airflow/example_dags/example_inlet_event_extra.py took 0.593 seconds
[2025-02-03T10:15:04.924+0000] {processor.py:186} INFO - Started process (PID=301) to work on /home/airflow/.local/lib/python3.12/site-packages/airflow/example_dags/example_inlet_event_extra.py
[2025-02-03T10:15:04.925+0000] {processor.py:914} INFO - Processing file /home/airflow/.local/lib/python3.12/site-packages/airflow/example_dags/example_inlet_event_extra.py for tasks to queue
[2025-02-03T10:15:04.928+0000] {logging_mixin.py:190} INFO - [2025-02-03T10:15:04.927+0000] {dagbag.py:588} INFO - Filling up the DagBag from /home/airflow/.local/lib/python3.12/site-packages/airflow/example_dags/example_inlet_event_extra.py
[2025-02-03T10:15:05.428+0000] {processor.py:925} INFO - DAG(s) 'read_dataset_event_from_classic', 'read_dataset_event' retrieved from /home/airflow/.local/lib/python3.12/site-packages/airflow/example_dags/example_inlet_event_extra.py
[2025-02-03T10:15:05.446+0000] {logging_mixin.py:190} INFO - [2025-02-03T10:15:05.446+0000] {dag.py:3239} INFO - Sync 2 DAGs
[2025-02-03T10:15:06.540+0000] {logging_mixin.py:190} INFO - [2025-02-03T10:15:06.540+0000] {dag.py:4180} INFO - Setting next_dagrun for read_dataset_event to 2025-02-02 00:00:00+00:00, run_after=2025-02-03 00:00:00+00:00
[2025-02-03T10:15:06.545+0000] {logging_mixin.py:190} INFO - [2025-02-03T10:15:06.545+0000] {dag.py:4180} INFO - Setting next_dagrun for read_dataset_event_from_classic to 2025-02-02 00:00:00+00:00, run_after=2025-02-03 00:00:00+00:00
[2025-02-03T10:15:06.563+0000] {processor.py:208} INFO - Processing /home/airflow/.local/lib/python3.12/site-packages/airflow/example_dags/example_inlet_event_extra.py took 0.576 seconds
[2025-02-03T10:15:37.297+0000] {processor.py:186} INFO - Started process (PID=365) to work on /home/airflow/.local/lib/python3.12/site-packages/airflow/example_dags/example_inlet_event_extra.py
[2025-02-03T10:15:37.301+0000] {processor.py:914} INFO - Processing file /home/airflow/.local/lib/python3.12/site-packages/airflow/example_dags/example_inlet_event_extra.py for tasks to queue
[2025-02-03T10:15:37.308+0000] {logging_mixin.py:190} INFO - [2025-02-03T10:15:37.307+0000] {dagbag.py:588} INFO - Filling up the DagBag from /home/airflow/.local/lib/python3.12/site-packages/airflow/example_dags/example_inlet_event_extra.py
[2025-02-03T10:15:38.559+0000] {processor.py:925} INFO - DAG(s) 'read_dataset_event_from_classic', 'read_dataset_event' retrieved from /home/airflow/.local/lib/python3.12/site-packages/airflow/example_dags/example_inlet_event_extra.py
[2025-02-03T10:15:38.582+0000] {logging_mixin.py:190} INFO - [2025-02-03T10:15:38.581+0000] {dag.py:3239} INFO - Sync 2 DAGs
[2025-02-03T10:15:38.606+0000] {logging_mixin.py:190} INFO - [2025-02-03T10:15:38.606+0000] {dag.py:4180} INFO - Setting next_dagrun for read_dataset_event to 2025-02-02 00:00:00+00:00, run_after=2025-02-03 00:00:00+00:00
[2025-02-03T10:15:38.611+0000] {logging_mixin.py:190} INFO - [2025-02-03T10:15:38.611+0000] {dag.py:4180} INFO - Setting next_dagrun for read_dataset_event_from_classic to 2025-02-02 00:00:00+00:00, run_after=2025-02-03 00:00:00+00:00
[2025-02-03T10:15:38.626+0000] {processor.py:208} INFO - Processing /home/airflow/.local/lib/python3.12/site-packages/airflow/example_dags/example_inlet_event_extra.py took 1.343 seconds
[2025-02-03T10:16:09.101+0000] {processor.py:186} INFO - Started process (PID=429) to work on /home/airflow/.local/lib/python3.12/site-packages/airflow/example_dags/example_inlet_event_extra.py
[2025-02-03T10:16:09.104+0000] {processor.py:914} INFO - Processing file /home/airflow/.local/lib/python3.12/site-packages/airflow/example_dags/example_inlet_event_extra.py for tasks to queue
[2025-02-03T10:16:09.113+0000] {logging_mixin.py:190} INFO - [2025-02-03T10:16:09.113+0000] {dagbag.py:588} INFO - Filling up the DagBag from /home/airflow/.local/lib/python3.12/site-packages/airflow/example_dags/example_inlet_event_extra.py
[2025-02-03T10:16:09.937+0000] {processor.py:925} INFO - DAG(s) 'read_dataset_event', 'read_dataset_event_from_classic' retrieved from /home/airflow/.local/lib/python3.12/site-packages/airflow/example_dags/example_inlet_event_extra.py
[2025-02-03T10:16:09.963+0000] {logging_mixin.py:190} INFO - [2025-02-03T10:16:09.963+0000] {dag.py:3239} INFO - Sync 2 DAGs
[2025-02-03T10:16:10.005+0000] {logging_mixin.py:190} INFO - [2025-02-03T10:16:10.005+0000] {dag.py:4180} INFO - Setting next_dagrun for read_dataset_event to 2025-02-02 00:00:00+00:00, run_after=2025-02-03 00:00:00+00:00
[2025-02-03T10:16:10.010+0000] {logging_mixin.py:190} INFO - [2025-02-03T10:16:10.010+0000] {dag.py:4180} INFO - Setting next_dagrun for read_dataset_event_from_classic to 2025-02-02 00:00:00+00:00, run_after=2025-02-03 00:00:00+00:00
[2025-02-03T10:16:10.034+0000] {processor.py:208} INFO - Processing /home/airflow/.local/lib/python3.12/site-packages/airflow/example_dags/example_inlet_event_extra.py took 0.938 seconds
[2025-02-03T10:16:40.300+0000] {processor.py:186} INFO - Started process (PID=494) to work on /home/airflow/.local/lib/python3.12/site-packages/airflow/example_dags/example_inlet_event_extra.py
[2025-02-03T10:16:40.301+0000] {processor.py:914} INFO - Processing file /home/airflow/.local/lib/python3.12/site-packages/airflow/example_dags/example_inlet_event_extra.py for tasks to queue
[2025-02-03T10:16:40.303+0000] {logging_mixin.py:190} INFO - [2025-02-03T10:16:40.303+0000] {dagbag.py:588} INFO - Filling up the DagBag from /home/airflow/.local/lib/python3.12/site-packages/airflow/example_dags/example_inlet_event_extra.py
[2025-02-03T10:16:40.809+0000] {processor.py:925} INFO - DAG(s) 'read_dataset_event_from_classic', 'read_dataset_event' retrieved from /home/airflow/.local/lib/python3.12/site-packages/airflow/example_dags/example_inlet_event_extra.py
[2025-02-03T10:16:40.842+0000] {logging_mixin.py:190} INFO - [2025-02-03T10:16:40.841+0000] {dag.py:3239} INFO - Sync 2 DAGs
[2025-02-03T10:16:40.876+0000] {logging_mixin.py:190} INFO - [2025-02-03T10:16:40.876+0000] {dag.py:4180} INFO - Setting next_dagrun for read_dataset_event to 2025-02-02 00:00:00+00:00, run_after=2025-02-03 00:00:00+00:00
[2025-02-03T10:16:40.882+0000] {logging_mixin.py:190} INFO - [2025-02-03T10:16:40.881+0000] {dag.py:4180} INFO - Setting next_dagrun for read_dataset_event_from_classic to 2025-02-02 00:00:00+00:00, run_after=2025-02-03 00:00:00+00:00
[2025-02-03T10:16:40.897+0000] {processor.py:208} INFO - Processing /home/airflow/.local/lib/python3.12/site-packages/airflow/example_dags/example_inlet_event_extra.py took 0.603 seconds
[2025-02-03T10:17:11.028+0000] {processor.py:186} INFO - Started process (PID=558) to work on /home/airflow/.local/lib/python3.12/site-packages/airflow/example_dags/example_inlet_event_extra.py
[2025-02-03T10:17:11.029+0000] {processor.py:914} INFO - Processing file /home/airflow/.local/lib/python3.12/site-packages/airflow/example_dags/example_inlet_event_extra.py for tasks to queue
[2025-02-03T10:17:11.032+0000] {logging_mixin.py:190} INFO - [2025-02-03T10:17:11.032+0000] {dagbag.py:588} INFO - Filling up the DagBag from /home/airflow/.local/lib/python3.12/site-packages/airflow/example_dags/example_inlet_event_extra.py
[2025-02-03T10:17:11.579+0000] {processor.py:925} INFO - DAG(s) 'read_dataset_event_from_classic', 'read_dataset_event' retrieved from /home/airflow/.local/lib/python3.12/site-packages/airflow/example_dags/example_inlet_event_extra.py
[2025-02-03T10:17:11.605+0000] {logging_mixin.py:190} INFO - [2025-02-03T10:17:11.604+0000] {dag.py:3239} INFO - Sync 2 DAGs
[2025-02-03T10:17:11.634+0000] {logging_mixin.py:190} INFO - [2025-02-03T10:17:11.634+0000] {dag.py:4180} INFO - Setting next_dagrun for read_dataset_event to 2025-02-02 00:00:00+00:00, run_after=2025-02-03 00:00:00+00:00
[2025-02-03T10:17:11.652+0000] {logging_mixin.py:190} INFO - [2025-02-03T10:17:11.651+0000] {dag.py:4180} INFO - Setting next_dagrun for read_dataset_event_from_classic to 2025-02-02 00:00:00+00:00, run_after=2025-02-03 00:00:00+00:00
[2025-02-03T10:17:11.681+0000] {processor.py:208} INFO - Processing /home/airflow/.local/lib/python3.12/site-packages/airflow/example_dags/example_inlet_event_extra.py took 0.660 seconds
[2025-02-03T10:17:42.143+0000] {processor.py:186} INFO - Started process (PID=623) to work on /home/airflow/.local/lib/python3.12/site-packages/airflow/example_dags/example_inlet_event_extra.py
[2025-02-03T10:17:42.145+0000] {processor.py:914} INFO - Processing file /home/airflow/.local/lib/python3.12/site-packages/airflow/example_dags/example_inlet_event_extra.py for tasks to queue
[2025-02-03T10:17:42.181+0000] {logging_mixin.py:190} INFO - [2025-02-03T10:17:42.180+0000] {dagbag.py:588} INFO - Filling up the DagBag from /home/airflow/.local/lib/python3.12/site-packages/airflow/example_dags/example_inlet_event_extra.py
[2025-02-03T10:17:42.900+0000] {processor.py:925} INFO - DAG(s) 'read_dataset_event_from_classic', 'read_dataset_event' retrieved from /home/airflow/.local/lib/python3.12/site-packages/airflow/example_dags/example_inlet_event_extra.py
[2025-02-03T10:17:42.918+0000] {logging_mixin.py:190} INFO - [2025-02-03T10:17:42.918+0000] {dag.py:3239} INFO - Sync 2 DAGs
[2025-02-03T10:17:42.936+0000] {logging_mixin.py:190} INFO - [2025-02-03T10:17:42.936+0000] {dag.py:4180} INFO - Setting next_dagrun for read_dataset_event to 2025-02-02 00:00:00+00:00, run_after=2025-02-03 00:00:00+00:00
[2025-02-03T10:17:42.943+0000] {logging_mixin.py:190} INFO - [2025-02-03T10:17:42.943+0000] {dag.py:4180} INFO - Setting next_dagrun for read_dataset_event_from_classic to 2025-02-02 00:00:00+00:00, run_after=2025-02-03 00:00:00+00:00
[2025-02-03T10:17:42.957+0000] {processor.py:208} INFO - Processing /home/airflow/.local/lib/python3.12/site-packages/airflow/example_dags/example_inlet_event_extra.py took 0.824 seconds
[2025-02-03T10:18:13.086+0000] {processor.py:186} INFO - Started process (PID=688) to work on /home/airflow/.local/lib/python3.12/site-packages/airflow/example_dags/example_inlet_event_extra.py
[2025-02-03T10:18:13.088+0000] {processor.py:914} INFO - Processing file /home/airflow/.local/lib/python3.12/site-packages/airflow/example_dags/example_inlet_event_extra.py for tasks to queue
[2025-02-03T10:18:13.092+0000] {logging_mixin.py:190} INFO - [2025-02-03T10:18:13.092+0000] {dagbag.py:588} INFO - Filling up the DagBag from /home/airflow/.local/lib/python3.12/site-packages/airflow/example_dags/example_inlet_event_extra.py
[2025-02-03T10:18:13.596+0000] {processor.py:925} INFO - DAG(s) 'read_dataset_event', 'read_dataset_event_from_classic' retrieved from /home/airflow/.local/lib/python3.12/site-packages/airflow/example_dags/example_inlet_event_extra.py
[2025-02-03T10:18:13.612+0000] {logging_mixin.py:190} INFO - [2025-02-03T10:18:13.612+0000] {dag.py:3239} INFO - Sync 2 DAGs
[2025-02-03T10:18:13.634+0000] {logging_mixin.py:190} INFO - [2025-02-03T10:18:13.634+0000] {dag.py:4180} INFO - Setting next_dagrun for read_dataset_event to 2025-02-02 00:00:00+00:00, run_after=2025-02-03 00:00:00+00:00
[2025-02-03T10:18:13.639+0000] {logging_mixin.py:190} INFO - [2025-02-03T10:18:13.639+0000] {dag.py:4180} INFO - Setting next_dagrun for read_dataset_event_from_classic to 2025-02-02 00:00:00+00:00, run_after=2025-02-03 00:00:00+00:00
[2025-02-03T10:18:13.658+0000] {processor.py:208} INFO - Processing /home/airflow/.local/lib/python3.12/site-packages/airflow/example_dags/example_inlet_event_extra.py took 0.576 seconds
[2025-02-03T10:18:43.949+0000] {processor.py:186} INFO - Started process (PID=752) to work on /home/airflow/.local/lib/python3.12/site-packages/airflow/example_dags/example_inlet_event_extra.py
[2025-02-03T10:18:43.950+0000] {processor.py:914} INFO - Processing file /home/airflow/.local/lib/python3.12/site-packages/airflow/example_dags/example_inlet_event_extra.py for tasks to queue
[2025-02-03T10:18:43.952+0000] {logging_mixin.py:190} INFO - [2025-02-03T10:18:43.952+0000] {dagbag.py:588} INFO - Filling up the DagBag from /home/airflow/.local/lib/python3.12/site-packages/airflow/example_dags/example_inlet_event_extra.py
[2025-02-03T10:18:44.462+0000] {processor.py:925} INFO - DAG(s) 'read_dataset_event', 'read_dataset_event_from_classic' retrieved from /home/airflow/.local/lib/python3.12/site-packages/airflow/example_dags/example_inlet_event_extra.py
[2025-02-03T10:18:44.484+0000] {logging_mixin.py:190} INFO - [2025-02-03T10:18:44.483+0000] {dag.py:3239} INFO - Sync 2 DAGs
[2025-02-03T10:18:44.502+0000] {logging_mixin.py:190} INFO - [2025-02-03T10:18:44.502+0000] {dag.py:4180} INFO - Setting next_dagrun for read_dataset_event to 2025-02-02 00:00:00+00:00, run_after=2025-02-03 00:00:00+00:00
[2025-02-03T10:18:44.507+0000] {logging_mixin.py:190} INFO - [2025-02-03T10:18:44.507+0000] {dag.py:4180} INFO - Setting next_dagrun for read_dataset_event_from_classic to 2025-02-02 00:00:00+00:00, run_after=2025-02-03 00:00:00+00:00
[2025-02-03T10:18:44.519+0000] {processor.py:208} INFO - Processing /home/airflow/.local/lib/python3.12/site-packages/airflow/example_dags/example_inlet_event_extra.py took 0.575 seconds
[2025-02-03T10:19:15.422+0000] {processor.py:186} INFO - Started process (PID=816) to work on /home/airflow/.local/lib/python3.12/site-packages/airflow/example_dags/example_inlet_event_extra.py
[2025-02-03T10:19:15.424+0000] {processor.py:914} INFO - Processing file /home/airflow/.local/lib/python3.12/site-packages/airflow/example_dags/example_inlet_event_extra.py for tasks to queue
[2025-02-03T10:19:15.427+0000] {logging_mixin.py:190} INFO - [2025-02-03T10:19:15.426+0000] {dagbag.py:588} INFO - Filling up the DagBag from /home/airflow/.local/lib/python3.12/site-packages/airflow/example_dags/example_inlet_event_extra.py
[2025-02-03T10:19:15.884+0000] {processor.py:925} INFO - DAG(s) 'read_dataset_event', 'read_dataset_event_from_classic' retrieved from /home/airflow/.local/lib/python3.12/site-packages/airflow/example_dags/example_inlet_event_extra.py
[2025-02-03T10:19:15.903+0000] {logging_mixin.py:190} INFO - [2025-02-03T10:19:15.903+0000] {dag.py:3239} INFO - Sync 2 DAGs
[2025-02-03T10:19:15.927+0000] {logging_mixin.py:190} INFO - [2025-02-03T10:19:15.926+0000] {dag.py:4180} INFO - Setting next_dagrun for read_dataset_event to 2025-02-02 00:00:00+00:00, run_after=2025-02-03 00:00:00+00:00
[2025-02-03T10:19:15.932+0000] {logging_mixin.py:190} INFO - [2025-02-03T10:19:15.932+0000] {dag.py:4180} INFO - Setting next_dagrun for read_dataset_event_from_classic to 2025-02-02 00:00:00+00:00, run_after=2025-02-03 00:00:00+00:00
[2025-02-03T10:19:15.954+0000] {processor.py:208} INFO - Processing /home/airflow/.local/lib/python3.12/site-packages/airflow/example_dags/example_inlet_event_extra.py took 0.537 seconds
[2025-02-03T10:19:46.726+0000] {processor.py:186} INFO - Started process (PID=880) to work on /home/airflow/.local/lib/python3.12/site-packages/airflow/example_dags/example_inlet_event_extra.py
[2025-02-03T10:19:46.728+0000] {processor.py:914} INFO - Processing file /home/airflow/.local/lib/python3.12/site-packages/airflow/example_dags/example_inlet_event_extra.py for tasks to queue
[2025-02-03T10:19:46.731+0000] {logging_mixin.py:190} INFO - [2025-02-03T10:19:46.730+0000] {dagbag.py:588} INFO - Filling up the DagBag from /home/airflow/.local/lib/python3.12/site-packages/airflow/example_dags/example_inlet_event_extra.py
[2025-02-03T10:19:47.164+0000] {processor.py:925} INFO - DAG(s) 'read_dataset_event', 'read_dataset_event_from_classic' retrieved from /home/airflow/.local/lib/python3.12/site-packages/airflow/example_dags/example_inlet_event_extra.py
[2025-02-03T10:19:47.182+0000] {logging_mixin.py:190} INFO - [2025-02-03T10:19:47.182+0000] {dag.py:3239} INFO - Sync 2 DAGs
[2025-02-03T10:19:47.205+0000] {logging_mixin.py:190} INFO - [2025-02-03T10:19:47.205+0000] {dag.py:4180} INFO - Setting next_dagrun for read_dataset_event to 2025-02-02 00:00:00+00:00, run_after=2025-02-03 00:00:00+00:00
[2025-02-03T10:19:47.209+0000] {logging_mixin.py:190} INFO - [2025-02-03T10:19:47.209+0000] {dag.py:4180} INFO - Setting next_dagrun for read_dataset_event_from_classic to 2025-02-02 00:00:00+00:00, run_after=2025-02-03 00:00:00+00:00
[2025-02-03T10:19:47.226+0000] {processor.py:208} INFO - Processing /home/airflow/.local/lib/python3.12/site-packages/airflow/example_dags/example_inlet_event_extra.py took 0.504 seconds
[2025-02-03T10:20:18.181+0000] {processor.py:186} INFO - Started process (PID=944) to work on /home/airflow/.local/lib/python3.12/site-packages/airflow/example_dags/example_inlet_event_extra.py
[2025-02-03T10:20:18.183+0000] {processor.py:914} INFO - Processing file /home/airflow/.local/lib/python3.12/site-packages/airflow/example_dags/example_inlet_event_extra.py for tasks to queue
[2025-02-03T10:20:18.185+0000] {logging_mixin.py:190} INFO - [2025-02-03T10:20:18.185+0000] {dagbag.py:588} INFO - Filling up the DagBag from /home/airflow/.local/lib/python3.12/site-packages/airflow/example_dags/example_inlet_event_extra.py
[2025-02-03T10:20:18.734+0000] {processor.py:925} INFO - DAG(s) 'read_dataset_event_from_classic', 'read_dataset_event' retrieved from /home/airflow/.local/lib/python3.12/site-packages/airflow/example_dags/example_inlet_event_extra.py
[2025-02-03T10:20:18.752+0000] {logging_mixin.py:190} INFO - [2025-02-03T10:20:18.751+0000] {dag.py:3239} INFO - Sync 2 DAGs
[2025-02-03T10:20:18.771+0000] {logging_mixin.py:190} INFO - [2025-02-03T10:20:18.771+0000] {dag.py:4180} INFO - Setting next_dagrun for read_dataset_event to 2025-02-02 00:00:00+00:00, run_after=2025-02-03 00:00:00+00:00
[2025-02-03T10:20:18.776+0000] {logging_mixin.py:190} INFO - [2025-02-03T10:20:18.776+0000] {dag.py:4180} INFO - Setting next_dagrun for read_dataset_event_from_classic to 2025-02-02 00:00:00+00:00, run_after=2025-02-03 00:00:00+00:00
[2025-02-03T10:20:18.794+0000] {processor.py:208} INFO - Processing /home/airflow/.local/lib/python3.12/site-packages/airflow/example_dags/example_inlet_event_extra.py took 0.619 seconds
