[2025-02-03T09:44:27.430+0000] {processor.py:186} INFO - Started process (PID=46) to work on /home/airflow/.local/lib/python3.12/site-packages/airflow/example_dags/example_branch_operator_decorator.py
[2025-02-03T09:44:27.437+0000] {processor.py:914} INFO - Processing file /home/airflow/.local/lib/python3.12/site-packages/airflow/example_dags/example_branch_operator_decorator.py for tasks to queue
[2025-02-03T09:44:27.448+0000] {logging_mixin.py:190} INFO - [2025-02-03T09:44:27.447+0000] {dagbag.py:588} INFO - Filling up the DagBag from /home/airflow/.local/lib/python3.12/site-packages/airflow/example_dags/example_branch_operator_decorator.py
[2025-02-03T09:44:27.508+0000] {processor.py:925} INFO - DAG(s) 'example_branch_python_operator_decorator' retrieved from /home/airflow/.local/lib/python3.12/site-packages/airflow/example_dags/example_branch_operator_decorator.py
[2025-02-03T09:44:27.621+0000] {logging_mixin.py:190} INFO - [2025-02-03T09:44:27.620+0000] {override.py:1911} INFO - Created Permission View: can edit on DAG:example_branch_python_operator_decorator
[2025-02-03T09:44:27.631+0000] {logging_mixin.py:190} INFO - [2025-02-03T09:44:27.631+0000] {override.py:1911} INFO - Created Permission View: can read on DAG:example_branch_python_operator_decorator
[2025-02-03T09:44:27.652+0000] {logging_mixin.py:190} INFO - [2025-02-03T09:44:27.652+0000] {override.py:1911} INFO - Created Permission View: can delete on DAG:example_branch_python_operator_decorator
[2025-02-03T09:44:27.664+0000] {logging_mixin.py:190} INFO - [2025-02-03T09:44:27.664+0000] {override.py:1911} INFO - Created Permission View: can read on DAG Run:example_branch_python_operator_decorator
[2025-02-03T09:44:27.674+0000] {logging_mixin.py:190} INFO - [2025-02-03T09:44:27.673+0000] {override.py:1911} INFO - Created Permission View: can delete on DAG Run:example_branch_python_operator_decorator
[2025-02-03T09:44:27.685+0000] {logging_mixin.py:190} INFO - [2025-02-03T09:44:27.685+0000] {override.py:1911} INFO - Created Permission View: can create on DAG Run:example_branch_python_operator_decorator
[2025-02-03T09:44:27.691+0000] {logging_mixin.py:190} INFO - [2025-02-03T09:44:27.691+0000] {override.py:1911} INFO - Created Permission View: menu access on DAG Run:example_branch_python_operator_decorator
[2025-02-03T09:44:27.692+0000] {logging_mixin.py:190} INFO - [2025-02-03T09:44:27.692+0000] {dag.py:3239} INFO - Sync 1 DAGs
[2025-02-03T09:44:27.709+0000] {logging_mixin.py:190} INFO - [2025-02-03T09:44:27.709+0000] {dag.py:3262} INFO - Creating ORM DAG for example_branch_python_operator_decorator
[2025-02-03T09:44:27.717+0000] {logging_mixin.py:190} INFO - [2025-02-03T09:44:27.717+0000] {dag.py:4180} INFO - Setting next_dagrun for example_branch_python_operator_decorator to 2025-02-02 00:00:00+00:00, run_after=2025-02-03 00:00:00+00:00
[2025-02-03T09:44:27.741+0000] {processor.py:208} INFO - Processing /home/airflow/.local/lib/python3.12/site-packages/airflow/example_dags/example_branch_operator_decorator.py took 0.316 seconds
[2025-02-03T09:45:09.774+0000] {processor.py:186} INFO - Started process (PID=108) to work on /home/airflow/.local/lib/python3.12/site-packages/airflow/example_dags/example_branch_operator_decorator.py
[2025-02-03T09:45:09.776+0000] {processor.py:914} INFO - Processing file /home/airflow/.local/lib/python3.12/site-packages/airflow/example_dags/example_branch_operator_decorator.py for tasks to queue
[2025-02-03T09:45:09.780+0000] {logging_mixin.py:190} INFO - [2025-02-03T09:45:09.779+0000] {dagbag.py:588} INFO - Filling up the DagBag from /home/airflow/.local/lib/python3.12/site-packages/airflow/example_dags/example_branch_operator_decorator.py
[2025-02-03T09:45:09.806+0000] {processor.py:925} INFO - DAG(s) 'example_branch_python_operator_decorator' retrieved from /home/airflow/.local/lib/python3.12/site-packages/airflow/example_dags/example_branch_operator_decorator.py
[2025-02-03T09:45:09.840+0000] {logging_mixin.py:190} INFO - [2025-02-03T09:45:09.840+0000] {dag.py:3239} INFO - Sync 1 DAGs
[2025-02-03T09:45:09.864+0000] {logging_mixin.py:190} INFO - [2025-02-03T09:45:09.864+0000] {dag.py:4180} INFO - Setting next_dagrun for example_branch_python_operator_decorator to 2025-02-02 00:00:00+00:00, run_after=2025-02-03 00:00:00+00:00
[2025-02-03T09:45:09.880+0000] {processor.py:208} INFO - Processing /home/airflow/.local/lib/python3.12/site-packages/airflow/example_dags/example_branch_operator_decorator.py took 0.110 seconds
[2025-02-03T09:45:42.718+0000] {processor.py:186} INFO - Started process (PID=171) to work on /home/airflow/.local/lib/python3.12/site-packages/airflow/example_dags/example_branch_operator_decorator.py
[2025-02-03T09:45:42.720+0000] {processor.py:914} INFO - Processing file /home/airflow/.local/lib/python3.12/site-packages/airflow/example_dags/example_branch_operator_decorator.py for tasks to queue
[2025-02-03T09:45:42.724+0000] {logging_mixin.py:190} INFO - [2025-02-03T09:45:42.724+0000] {dagbag.py:588} INFO - Filling up the DagBag from /home/airflow/.local/lib/python3.12/site-packages/airflow/example_dags/example_branch_operator_decorator.py
[2025-02-03T09:45:42.746+0000] {processor.py:925} INFO - DAG(s) 'example_branch_python_operator_decorator' retrieved from /home/airflow/.local/lib/python3.12/site-packages/airflow/example_dags/example_branch_operator_decorator.py
[2025-02-03T09:45:42.776+0000] {logging_mixin.py:190} INFO - [2025-02-03T09:45:42.776+0000] {dag.py:3239} INFO - Sync 1 DAGs
[2025-02-03T09:45:42.811+0000] {logging_mixin.py:190} INFO - [2025-02-03T09:45:42.810+0000] {dag.py:4180} INFO - Setting next_dagrun for example_branch_python_operator_decorator to 2025-02-02 00:00:00+00:00, run_after=2025-02-03 00:00:00+00:00
[2025-02-03T09:45:42.829+0000] {processor.py:208} INFO - Processing /home/airflow/.local/lib/python3.12/site-packages/airflow/example_dags/example_branch_operator_decorator.py took 0.116 seconds
[2025-02-03T09:46:13.467+0000] {processor.py:186} INFO - Started process (PID=234) to work on /home/airflow/.local/lib/python3.12/site-packages/airflow/example_dags/example_branch_operator_decorator.py
[2025-02-03T09:46:13.468+0000] {processor.py:914} INFO - Processing file /home/airflow/.local/lib/python3.12/site-packages/airflow/example_dags/example_branch_operator_decorator.py for tasks to queue
[2025-02-03T09:46:13.471+0000] {logging_mixin.py:190} INFO - [2025-02-03T09:46:13.471+0000] {dagbag.py:588} INFO - Filling up the DagBag from /home/airflow/.local/lib/python3.12/site-packages/airflow/example_dags/example_branch_operator_decorator.py
[2025-02-03T09:46:13.490+0000] {processor.py:925} INFO - DAG(s) 'example_branch_python_operator_decorator' retrieved from /home/airflow/.local/lib/python3.12/site-packages/airflow/example_dags/example_branch_operator_decorator.py
[2025-02-03T09:46:13.517+0000] {logging_mixin.py:190} INFO - [2025-02-03T09:46:13.517+0000] {dag.py:3239} INFO - Sync 1 DAGs
[2025-02-03T09:46:13.536+0000] {logging_mixin.py:190} INFO - [2025-02-03T09:46:13.536+0000] {dag.py:4180} INFO - Setting next_dagrun for example_branch_python_operator_decorator to 2025-02-02 00:00:00+00:00, run_after=2025-02-03 00:00:00+00:00
[2025-02-03T09:46:13.563+0000] {processor.py:208} INFO - Processing /home/airflow/.local/lib/python3.12/site-packages/airflow/example_dags/example_branch_operator_decorator.py took 0.101 seconds
[2025-02-03T09:55:20.162+0000] {processor.py:186} INFO - Started process (PID=47) to work on /home/airflow/.local/lib/python3.12/site-packages/airflow/example_dags/example_branch_operator_decorator.py
[2025-02-03T09:55:20.164+0000] {processor.py:914} INFO - Processing file /home/airflow/.local/lib/python3.12/site-packages/airflow/example_dags/example_branch_operator_decorator.py for tasks to queue
[2025-02-03T09:55:20.176+0000] {logging_mixin.py:190} INFO - [2025-02-03T09:55:20.176+0000] {dagbag.py:588} INFO - Filling up the DagBag from /home/airflow/.local/lib/python3.12/site-packages/airflow/example_dags/example_branch_operator_decorator.py
[2025-02-03T09:55:20.212+0000] {processor.py:925} INFO - DAG(s) 'example_branch_python_operator_decorator' retrieved from /home/airflow/.local/lib/python3.12/site-packages/airflow/example_dags/example_branch_operator_decorator.py
[2025-02-03T09:55:20.455+0000] {logging_mixin.py:190} INFO - [2025-02-03T09:55:20.455+0000] {dag.py:3239} INFO - Sync 1 DAGs
[2025-02-03T09:55:20.491+0000] {logging_mixin.py:190} INFO - [2025-02-03T09:55:20.491+0000] {dag.py:4180} INFO - Setting next_dagrun for example_branch_python_operator_decorator to 2025-02-02 00:00:00+00:00, run_after=2025-02-03 00:00:00+00:00
[2025-02-03T09:55:20.522+0000] {processor.py:208} INFO - Processing /home/airflow/.local/lib/python3.12/site-packages/airflow/example_dags/example_branch_operator_decorator.py took 0.366 seconds
[2025-02-03T09:55:51.264+0000] {processor.py:186} INFO - Started process (PID=111) to work on /home/airflow/.local/lib/python3.12/site-packages/airflow/example_dags/example_branch_operator_decorator.py
[2025-02-03T09:55:51.266+0000] {processor.py:914} INFO - Processing file /home/airflow/.local/lib/python3.12/site-packages/airflow/example_dags/example_branch_operator_decorator.py for tasks to queue
[2025-02-03T09:55:51.269+0000] {logging_mixin.py:190} INFO - [2025-02-03T09:55:51.269+0000] {dagbag.py:588} INFO - Filling up the DagBag from /home/airflow/.local/lib/python3.12/site-packages/airflow/example_dags/example_branch_operator_decorator.py
[2025-02-03T09:55:51.292+0000] {processor.py:925} INFO - DAG(s) 'example_branch_python_operator_decorator' retrieved from /home/airflow/.local/lib/python3.12/site-packages/airflow/example_dags/example_branch_operator_decorator.py
[2025-02-03T09:55:51.323+0000] {logging_mixin.py:190} INFO - [2025-02-03T09:55:51.322+0000] {dag.py:3239} INFO - Sync 1 DAGs
[2025-02-03T09:55:51.350+0000] {logging_mixin.py:190} INFO - [2025-02-03T09:55:51.350+0000] {dag.py:4180} INFO - Setting next_dagrun for example_branch_python_operator_decorator to 2025-02-02 00:00:00+00:00, run_after=2025-02-03 00:00:00+00:00
[2025-02-03T09:55:51.374+0000] {processor.py:208} INFO - Processing /home/airflow/.local/lib/python3.12/site-packages/airflow/example_dags/example_branch_operator_decorator.py took 0.116 seconds
[2025-02-03T09:56:21.960+0000] {processor.py:186} INFO - Started process (PID=175) to work on /home/airflow/.local/lib/python3.12/site-packages/airflow/example_dags/example_branch_operator_decorator.py
[2025-02-03T09:56:21.966+0000] {processor.py:914} INFO - Processing file /home/airflow/.local/lib/python3.12/site-packages/airflow/example_dags/example_branch_operator_decorator.py for tasks to queue
[2025-02-03T09:56:21.969+0000] {logging_mixin.py:190} INFO - [2025-02-03T09:56:21.968+0000] {dagbag.py:588} INFO - Filling up the DagBag from /home/airflow/.local/lib/python3.12/site-packages/airflow/example_dags/example_branch_operator_decorator.py
[2025-02-03T09:56:21.991+0000] {processor.py:925} INFO - DAG(s) 'example_branch_python_operator_decorator' retrieved from /home/airflow/.local/lib/python3.12/site-packages/airflow/example_dags/example_branch_operator_decorator.py
[2025-02-03T09:56:22.017+0000] {logging_mixin.py:190} INFO - [2025-02-03T09:56:22.017+0000] {dag.py:3239} INFO - Sync 1 DAGs
[2025-02-03T09:56:22.040+0000] {logging_mixin.py:190} INFO - [2025-02-03T09:56:22.040+0000] {dag.py:4180} INFO - Setting next_dagrun for example_branch_python_operator_decorator to 2025-02-02 00:00:00+00:00, run_after=2025-02-03 00:00:00+00:00
[2025-02-03T09:56:22.055+0000] {processor.py:208} INFO - Processing /home/airflow/.local/lib/python3.12/site-packages/airflow/example_dags/example_branch_operator_decorator.py took 0.100 seconds
[2025-02-03T09:56:52.567+0000] {processor.py:186} INFO - Started process (PID=239) to work on /home/airflow/.local/lib/python3.12/site-packages/airflow/example_dags/example_branch_operator_decorator.py
[2025-02-03T09:56:52.568+0000] {processor.py:914} INFO - Processing file /home/airflow/.local/lib/python3.12/site-packages/airflow/example_dags/example_branch_operator_decorator.py for tasks to queue
[2025-02-03T09:56:52.570+0000] {logging_mixin.py:190} INFO - [2025-02-03T09:56:52.570+0000] {dagbag.py:588} INFO - Filling up the DagBag from /home/airflow/.local/lib/python3.12/site-packages/airflow/example_dags/example_branch_operator_decorator.py
[2025-02-03T09:56:52.589+0000] {processor.py:925} INFO - DAG(s) 'example_branch_python_operator_decorator' retrieved from /home/airflow/.local/lib/python3.12/site-packages/airflow/example_dags/example_branch_operator_decorator.py
[2025-02-03T09:56:52.616+0000] {logging_mixin.py:190} INFO - [2025-02-03T09:56:52.616+0000] {dag.py:3239} INFO - Sync 1 DAGs
[2025-02-03T09:56:52.635+0000] {logging_mixin.py:190} INFO - [2025-02-03T09:56:52.635+0000] {dag.py:4180} INFO - Setting next_dagrun for example_branch_python_operator_decorator to 2025-02-02 00:00:00+00:00, run_after=2025-02-03 00:00:00+00:00
[2025-02-03T09:56:52.653+0000] {processor.py:208} INFO - Processing /home/airflow/.local/lib/python3.12/site-packages/airflow/example_dags/example_branch_operator_decorator.py took 0.091 seconds
[2025-02-03T09:57:30.746+0000] {processor.py:186} INFO - Started process (PID=303) to work on /home/airflow/.local/lib/python3.12/site-packages/airflow/example_dags/example_branch_operator_decorator.py
[2025-02-03T09:57:30.750+0000] {processor.py:914} INFO - Processing file /home/airflow/.local/lib/python3.12/site-packages/airflow/example_dags/example_branch_operator_decorator.py for tasks to queue
[2025-02-03T09:57:30.761+0000] {logging_mixin.py:190} INFO - [2025-02-03T09:57:30.761+0000] {dagbag.py:588} INFO - Filling up the DagBag from /home/airflow/.local/lib/python3.12/site-packages/airflow/example_dags/example_branch_operator_decorator.py
[2025-02-03T09:57:30.817+0000] {processor.py:925} INFO - DAG(s) 'example_branch_python_operator_decorator' retrieved from /home/airflow/.local/lib/python3.12/site-packages/airflow/example_dags/example_branch_operator_decorator.py
[2025-02-03T09:57:30.857+0000] {logging_mixin.py:190} INFO - [2025-02-03T09:57:30.857+0000] {dag.py:3239} INFO - Sync 1 DAGs
[2025-02-03T09:57:30.902+0000] {logging_mixin.py:190} INFO - [2025-02-03T09:57:30.902+0000] {dag.py:4180} INFO - Setting next_dagrun for example_branch_python_operator_decorator to 2025-02-02 00:00:00+00:00, run_after=2025-02-03 00:00:00+00:00
[2025-02-03T09:57:30.960+0000] {processor.py:208} INFO - Processing /home/airflow/.local/lib/python3.12/site-packages/airflow/example_dags/example_branch_operator_decorator.py took 0.220 seconds
[2025-02-03T09:58:01.226+0000] {processor.py:186} INFO - Started process (PID=367) to work on /home/airflow/.local/lib/python3.12/site-packages/airflow/example_dags/example_branch_operator_decorator.py
[2025-02-03T09:58:01.228+0000] {processor.py:914} INFO - Processing file /home/airflow/.local/lib/python3.12/site-packages/airflow/example_dags/example_branch_operator_decorator.py for tasks to queue
[2025-02-03T09:58:01.231+0000] {logging_mixin.py:190} INFO - [2025-02-03T09:58:01.231+0000] {dagbag.py:588} INFO - Filling up the DagBag from /home/airflow/.local/lib/python3.12/site-packages/airflow/example_dags/example_branch_operator_decorator.py
[2025-02-03T09:58:01.249+0000] {processor.py:925} INFO - DAG(s) 'example_branch_python_operator_decorator' retrieved from /home/airflow/.local/lib/python3.12/site-packages/airflow/example_dags/example_branch_operator_decorator.py
[2025-02-03T09:58:01.274+0000] {logging_mixin.py:190} INFO - [2025-02-03T09:58:01.272+0000] {dag.py:3239} INFO - Sync 1 DAGs
[2025-02-03T09:58:01.293+0000] {logging_mixin.py:190} INFO - [2025-02-03T09:58:01.293+0000] {dag.py:4180} INFO - Setting next_dagrun for example_branch_python_operator_decorator to 2025-02-02 00:00:00+00:00, run_after=2025-02-03 00:00:00+00:00
[2025-02-03T09:58:01.313+0000] {processor.py:208} INFO - Processing /home/airflow/.local/lib/python3.12/site-packages/airflow/example_dags/example_branch_operator_decorator.py took 0.091 seconds
[2025-02-03T09:58:32.378+0000] {processor.py:186} INFO - Started process (PID=431) to work on /home/airflow/.local/lib/python3.12/site-packages/airflow/example_dags/example_branch_operator_decorator.py
[2025-02-03T09:58:32.380+0000] {processor.py:914} INFO - Processing file /home/airflow/.local/lib/python3.12/site-packages/airflow/example_dags/example_branch_operator_decorator.py for tasks to queue
[2025-02-03T09:58:32.382+0000] {logging_mixin.py:190} INFO - [2025-02-03T09:58:32.382+0000] {dagbag.py:588} INFO - Filling up the DagBag from /home/airflow/.local/lib/python3.12/site-packages/airflow/example_dags/example_branch_operator_decorator.py
[2025-02-03T09:58:32.407+0000] {processor.py:925} INFO - DAG(s) 'example_branch_python_operator_decorator' retrieved from /home/airflow/.local/lib/python3.12/site-packages/airflow/example_dags/example_branch_operator_decorator.py
[2025-02-03T09:58:32.437+0000] {logging_mixin.py:190} INFO - [2025-02-03T09:58:32.437+0000] {dag.py:3239} INFO - Sync 1 DAGs
[2025-02-03T09:58:32.464+0000] {logging_mixin.py:190} INFO - [2025-02-03T09:58:32.464+0000] {dag.py:4180} INFO - Setting next_dagrun for example_branch_python_operator_decorator to 2025-02-02 00:00:00+00:00, run_after=2025-02-03 00:00:00+00:00
[2025-02-03T09:58:32.489+0000] {processor.py:208} INFO - Processing /home/airflow/.local/lib/python3.12/site-packages/airflow/example_dags/example_branch_operator_decorator.py took 0.117 seconds
[2025-02-03T09:59:02.839+0000] {processor.py:186} INFO - Started process (PID=496) to work on /home/airflow/.local/lib/python3.12/site-packages/airflow/example_dags/example_branch_operator_decorator.py
[2025-02-03T09:59:02.840+0000] {processor.py:914} INFO - Processing file /home/airflow/.local/lib/python3.12/site-packages/airflow/example_dags/example_branch_operator_decorator.py for tasks to queue
[2025-02-03T09:59:02.842+0000] {logging_mixin.py:190} INFO - [2025-02-03T09:59:02.842+0000] {dagbag.py:588} INFO - Filling up the DagBag from /home/airflow/.local/lib/python3.12/site-packages/airflow/example_dags/example_branch_operator_decorator.py
[2025-02-03T09:59:02.860+0000] {processor.py:925} INFO - DAG(s) 'example_branch_python_operator_decorator' retrieved from /home/airflow/.local/lib/python3.12/site-packages/airflow/example_dags/example_branch_operator_decorator.py
[2025-02-03T09:59:02.881+0000] {logging_mixin.py:190} INFO - [2025-02-03T09:59:02.881+0000] {dag.py:3239} INFO - Sync 1 DAGs
[2025-02-03T09:59:02.900+0000] {logging_mixin.py:190} INFO - [2025-02-03T09:59:02.900+0000] {dag.py:4180} INFO - Setting next_dagrun for example_branch_python_operator_decorator to 2025-02-02 00:00:00+00:00, run_after=2025-02-03 00:00:00+00:00
[2025-02-03T09:59:02.914+0000] {processor.py:208} INFO - Processing /home/airflow/.local/lib/python3.12/site-packages/airflow/example_dags/example_branch_operator_decorator.py took 0.080 seconds
[2025-02-03T09:59:33.745+0000] {processor.py:186} INFO - Started process (PID=560) to work on /home/airflow/.local/lib/python3.12/site-packages/airflow/example_dags/example_branch_operator_decorator.py
[2025-02-03T09:59:33.746+0000] {processor.py:914} INFO - Processing file /home/airflow/.local/lib/python3.12/site-packages/airflow/example_dags/example_branch_operator_decorator.py for tasks to queue
[2025-02-03T09:59:33.748+0000] {logging_mixin.py:190} INFO - [2025-02-03T09:59:33.747+0000] {dagbag.py:588} INFO - Filling up the DagBag from /home/airflow/.local/lib/python3.12/site-packages/airflow/example_dags/example_branch_operator_decorator.py
[2025-02-03T09:59:33.765+0000] {processor.py:925} INFO - DAG(s) 'example_branch_python_operator_decorator' retrieved from /home/airflow/.local/lib/python3.12/site-packages/airflow/example_dags/example_branch_operator_decorator.py
[2025-02-03T09:59:33.789+0000] {logging_mixin.py:190} INFO - [2025-02-03T09:59:33.789+0000] {dag.py:3239} INFO - Sync 1 DAGs
[2025-02-03T09:59:33.808+0000] {logging_mixin.py:190} INFO - [2025-02-03T09:59:33.808+0000] {dag.py:4180} INFO - Setting next_dagrun for example_branch_python_operator_decorator to 2025-02-02 00:00:00+00:00, run_after=2025-02-03 00:00:00+00:00
[2025-02-03T09:59:33.823+0000] {processor.py:208} INFO - Processing /home/airflow/.local/lib/python3.12/site-packages/airflow/example_dags/example_branch_operator_decorator.py took 0.084 seconds
[2025-02-03T10:00:05.419+0000] {processor.py:186} INFO - Started process (PID=624) to work on /home/airflow/.local/lib/python3.12/site-packages/airflow/example_dags/example_branch_operator_decorator.py
[2025-02-03T10:00:05.420+0000] {processor.py:914} INFO - Processing file /home/airflow/.local/lib/python3.12/site-packages/airflow/example_dags/example_branch_operator_decorator.py for tasks to queue
[2025-02-03T10:00:05.422+0000] {logging_mixin.py:190} INFO - [2025-02-03T10:00:05.422+0000] {dagbag.py:588} INFO - Filling up the DagBag from /home/airflow/.local/lib/python3.12/site-packages/airflow/example_dags/example_branch_operator_decorator.py
[2025-02-03T10:00:05.443+0000] {processor.py:925} INFO - DAG(s) 'example_branch_python_operator_decorator' retrieved from /home/airflow/.local/lib/python3.12/site-packages/airflow/example_dags/example_branch_operator_decorator.py
[2025-02-03T10:00:05.489+0000] {logging_mixin.py:190} INFO - [2025-02-03T10:00:05.489+0000] {dag.py:3239} INFO - Sync 1 DAGs
[2025-02-03T10:00:05.517+0000] {logging_mixin.py:190} INFO - [2025-02-03T10:00:05.517+0000] {dag.py:4180} INFO - Setting next_dagrun for example_branch_python_operator_decorator to 2025-02-02 00:00:00+00:00, run_after=2025-02-03 00:00:00+00:00
[2025-02-03T10:00:05.534+0000] {processor.py:208} INFO - Processing /home/airflow/.local/lib/python3.12/site-packages/airflow/example_dags/example_branch_operator_decorator.py took 0.120 seconds
[2025-02-03T10:00:38.814+0000] {processor.py:186} INFO - Started process (PID=688) to work on /home/airflow/.local/lib/python3.12/site-packages/airflow/example_dags/example_branch_operator_decorator.py
[2025-02-03T10:00:38.815+0000] {processor.py:914} INFO - Processing file /home/airflow/.local/lib/python3.12/site-packages/airflow/example_dags/example_branch_operator_decorator.py for tasks to queue
[2025-02-03T10:00:38.817+0000] {logging_mixin.py:190} INFO - [2025-02-03T10:00:38.817+0000] {dagbag.py:588} INFO - Filling up the DagBag from /home/airflow/.local/lib/python3.12/site-packages/airflow/example_dags/example_branch_operator_decorator.py
[2025-02-03T10:00:38.834+0000] {processor.py:925} INFO - DAG(s) 'example_branch_python_operator_decorator' retrieved from /home/airflow/.local/lib/python3.12/site-packages/airflow/example_dags/example_branch_operator_decorator.py
[2025-02-03T10:00:38.857+0000] {logging_mixin.py:190} INFO - [2025-02-03T10:00:38.857+0000] {dag.py:3239} INFO - Sync 1 DAGs
[2025-02-03T10:00:38.875+0000] {logging_mixin.py:190} INFO - [2025-02-03T10:00:38.875+0000] {dag.py:4180} INFO - Setting next_dagrun for example_branch_python_operator_decorator to 2025-02-02 00:00:00+00:00, run_after=2025-02-03 00:00:00+00:00
[2025-02-03T10:00:38.895+0000] {processor.py:208} INFO - Processing /home/airflow/.local/lib/python3.12/site-packages/airflow/example_dags/example_branch_operator_decorator.py took 0.086 seconds
[2025-02-03T10:01:11.959+0000] {processor.py:186} INFO - Started process (PID=752) to work on /home/airflow/.local/lib/python3.12/site-packages/airflow/example_dags/example_branch_operator_decorator.py
[2025-02-03T10:01:11.960+0000] {processor.py:914} INFO - Processing file /home/airflow/.local/lib/python3.12/site-packages/airflow/example_dags/example_branch_operator_decorator.py for tasks to queue
[2025-02-03T10:01:11.964+0000] {logging_mixin.py:190} INFO - [2025-02-03T10:01:11.963+0000] {dagbag.py:588} INFO - Filling up the DagBag from /home/airflow/.local/lib/python3.12/site-packages/airflow/example_dags/example_branch_operator_decorator.py
[2025-02-03T10:01:11.987+0000] {processor.py:925} INFO - DAG(s) 'example_branch_python_operator_decorator' retrieved from /home/airflow/.local/lib/python3.12/site-packages/airflow/example_dags/example_branch_operator_decorator.py
[2025-02-03T10:01:12.016+0000] {logging_mixin.py:190} INFO - [2025-02-03T10:01:12.016+0000] {dag.py:3239} INFO - Sync 1 DAGs
[2025-02-03T10:01:12.043+0000] {logging_mixin.py:190} INFO - [2025-02-03T10:01:12.042+0000] {dag.py:4180} INFO - Setting next_dagrun for example_branch_python_operator_decorator to 2025-02-02 00:00:00+00:00, run_after=2025-02-03 00:00:00+00:00
[2025-02-03T10:01:12.064+0000] {processor.py:208} INFO - Processing /home/airflow/.local/lib/python3.12/site-packages/airflow/example_dags/example_branch_operator_decorator.py took 0.110 seconds
[2025-02-03T10:01:43.878+0000] {processor.py:186} INFO - Started process (PID=816) to work on /home/airflow/.local/lib/python3.12/site-packages/airflow/example_dags/example_branch_operator_decorator.py
[2025-02-03T10:01:43.880+0000] {processor.py:914} INFO - Processing file /home/airflow/.local/lib/python3.12/site-packages/airflow/example_dags/example_branch_operator_decorator.py for tasks to queue
[2025-02-03T10:01:43.882+0000] {logging_mixin.py:190} INFO - [2025-02-03T10:01:43.882+0000] {dagbag.py:588} INFO - Filling up the DagBag from /home/airflow/.local/lib/python3.12/site-packages/airflow/example_dags/example_branch_operator_decorator.py
[2025-02-03T10:01:43.899+0000] {processor.py:925} INFO - DAG(s) 'example_branch_python_operator_decorator' retrieved from /home/airflow/.local/lib/python3.12/site-packages/airflow/example_dags/example_branch_operator_decorator.py
[2025-02-03T10:01:43.921+0000] {logging_mixin.py:190} INFO - [2025-02-03T10:01:43.921+0000] {dag.py:3239} INFO - Sync 1 DAGs
[2025-02-03T10:01:43.938+0000] {logging_mixin.py:190} INFO - [2025-02-03T10:01:43.938+0000] {dag.py:4180} INFO - Setting next_dagrun for example_branch_python_operator_decorator to 2025-02-02 00:00:00+00:00, run_after=2025-02-03 00:00:00+00:00
[2025-02-03T10:01:43.953+0000] {processor.py:208} INFO - Processing /home/airflow/.local/lib/python3.12/site-packages/airflow/example_dags/example_branch_operator_decorator.py took 0.080 seconds
[2025-02-03T10:02:14.689+0000] {processor.py:186} INFO - Started process (PID=881) to work on /home/airflow/.local/lib/python3.12/site-packages/airflow/example_dags/example_branch_operator_decorator.py
[2025-02-03T10:02:14.690+0000] {processor.py:914} INFO - Processing file /home/airflow/.local/lib/python3.12/site-packages/airflow/example_dags/example_branch_operator_decorator.py for tasks to queue
[2025-02-03T10:02:14.692+0000] {logging_mixin.py:190} INFO - [2025-02-03T10:02:14.692+0000] {dagbag.py:588} INFO - Filling up the DagBag from /home/airflow/.local/lib/python3.12/site-packages/airflow/example_dags/example_branch_operator_decorator.py
[2025-02-03T10:02:14.712+0000] {processor.py:925} INFO - DAG(s) 'example_branch_python_operator_decorator' retrieved from /home/airflow/.local/lib/python3.12/site-packages/airflow/example_dags/example_branch_operator_decorator.py
[2025-02-03T10:02:14.739+0000] {logging_mixin.py:190} INFO - [2025-02-03T10:02:14.738+0000] {dag.py:3239} INFO - Sync 1 DAGs
[2025-02-03T10:02:14.765+0000] {logging_mixin.py:190} INFO - [2025-02-03T10:02:14.765+0000] {dag.py:4180} INFO - Setting next_dagrun for example_branch_python_operator_decorator to 2025-02-02 00:00:00+00:00, run_after=2025-02-03 00:00:00+00:00
[2025-02-03T10:02:14.780+0000] {processor.py:208} INFO - Processing /home/airflow/.local/lib/python3.12/site-packages/airflow/example_dags/example_branch_operator_decorator.py took 0.096 seconds
[2025-02-03T10:02:45.560+0000] {processor.py:186} INFO - Started process (PID=945) to work on /home/airflow/.local/lib/python3.12/site-packages/airflow/example_dags/example_branch_operator_decorator.py
[2025-02-03T10:02:45.562+0000] {processor.py:914} INFO - Processing file /home/airflow/.local/lib/python3.12/site-packages/airflow/example_dags/example_branch_operator_decorator.py for tasks to queue
[2025-02-03T10:02:45.564+0000] {logging_mixin.py:190} INFO - [2025-02-03T10:02:45.564+0000] {dagbag.py:588} INFO - Filling up the DagBag from /home/airflow/.local/lib/python3.12/site-packages/airflow/example_dags/example_branch_operator_decorator.py
[2025-02-03T10:02:45.583+0000] {processor.py:925} INFO - DAG(s) 'example_branch_python_operator_decorator' retrieved from /home/airflow/.local/lib/python3.12/site-packages/airflow/example_dags/example_branch_operator_decorator.py
[2025-02-03T10:02:45.612+0000] {logging_mixin.py:190} INFO - [2025-02-03T10:02:45.612+0000] {dag.py:3239} INFO - Sync 1 DAGs
[2025-02-03T10:02:45.631+0000] {logging_mixin.py:190} INFO - [2025-02-03T10:02:45.631+0000] {dag.py:4180} INFO - Setting next_dagrun for example_branch_python_operator_decorator to 2025-02-02 00:00:00+00:00, run_after=2025-02-03 00:00:00+00:00
[2025-02-03T10:02:45.645+0000] {processor.py:208} INFO - Processing /home/airflow/.local/lib/python3.12/site-packages/airflow/example_dags/example_branch_operator_decorator.py took 0.092 seconds
[2025-02-03T10:03:16.121+0000] {processor.py:186} INFO - Started process (PID=1007) to work on /home/airflow/.local/lib/python3.12/site-packages/airflow/example_dags/example_branch_operator_decorator.py
[2025-02-03T10:03:16.122+0000] {processor.py:914} INFO - Processing file /home/airflow/.local/lib/python3.12/site-packages/airflow/example_dags/example_branch_operator_decorator.py for tasks to queue
[2025-02-03T10:03:16.125+0000] {logging_mixin.py:190} INFO - [2025-02-03T10:03:16.125+0000] {dagbag.py:588} INFO - Filling up the DagBag from /home/airflow/.local/lib/python3.12/site-packages/airflow/example_dags/example_branch_operator_decorator.py
[2025-02-03T10:03:16.149+0000] {processor.py:925} INFO - DAG(s) 'example_branch_python_operator_decorator' retrieved from /home/airflow/.local/lib/python3.12/site-packages/airflow/example_dags/example_branch_operator_decorator.py
[2025-02-03T10:03:16.178+0000] {logging_mixin.py:190} INFO - [2025-02-03T10:03:16.177+0000] {dag.py:3239} INFO - Sync 1 DAGs
[2025-02-03T10:03:16.206+0000] {logging_mixin.py:190} INFO - [2025-02-03T10:03:16.206+0000] {dag.py:4180} INFO - Setting next_dagrun for example_branch_python_operator_decorator to 2025-02-02 00:00:00+00:00, run_after=2025-02-03 00:00:00+00:00
[2025-02-03T10:03:16.224+0000] {processor.py:208} INFO - Processing /home/airflow/.local/lib/python3.12/site-packages/airflow/example_dags/example_branch_operator_decorator.py took 0.108 seconds
[2025-02-03T10:03:46.678+0000] {processor.py:186} INFO - Started process (PID=1070) to work on /home/airflow/.local/lib/python3.12/site-packages/airflow/example_dags/example_branch_operator_decorator.py
[2025-02-03T10:03:46.679+0000] {processor.py:914} INFO - Processing file /home/airflow/.local/lib/python3.12/site-packages/airflow/example_dags/example_branch_operator_decorator.py for tasks to queue
[2025-02-03T10:03:46.681+0000] {logging_mixin.py:190} INFO - [2025-02-03T10:03:46.681+0000] {dagbag.py:588} INFO - Filling up the DagBag from /home/airflow/.local/lib/python3.12/site-packages/airflow/example_dags/example_branch_operator_decorator.py
[2025-02-03T10:03:46.698+0000] {processor.py:925} INFO - DAG(s) 'example_branch_python_operator_decorator' retrieved from /home/airflow/.local/lib/python3.12/site-packages/airflow/example_dags/example_branch_operator_decorator.py
[2025-02-03T10:03:46.719+0000] {logging_mixin.py:190} INFO - [2025-02-03T10:03:46.719+0000] {dag.py:3239} INFO - Sync 1 DAGs
[2025-02-03T10:03:46.741+0000] {logging_mixin.py:190} INFO - [2025-02-03T10:03:46.741+0000] {dag.py:4180} INFO - Setting next_dagrun for example_branch_python_operator_decorator to 2025-02-02 00:00:00+00:00, run_after=2025-02-03 00:00:00+00:00
[2025-02-03T10:03:46.756+0000] {processor.py:208} INFO - Processing /home/airflow/.local/lib/python3.12/site-packages/airflow/example_dags/example_branch_operator_decorator.py took 0.084 seconds
[2025-02-03T10:04:17.512+0000] {processor.py:186} INFO - Started process (PID=1134) to work on /home/airflow/.local/lib/python3.12/site-packages/airflow/example_dags/example_branch_operator_decorator.py
[2025-02-03T10:04:17.513+0000] {processor.py:914} INFO - Processing file /home/airflow/.local/lib/python3.12/site-packages/airflow/example_dags/example_branch_operator_decorator.py for tasks to queue
[2025-02-03T10:04:17.515+0000] {logging_mixin.py:190} INFO - [2025-02-03T10:04:17.514+0000] {dagbag.py:588} INFO - Filling up the DagBag from /home/airflow/.local/lib/python3.12/site-packages/airflow/example_dags/example_branch_operator_decorator.py
[2025-02-03T10:04:17.532+0000] {processor.py:925} INFO - DAG(s) 'example_branch_python_operator_decorator' retrieved from /home/airflow/.local/lib/python3.12/site-packages/airflow/example_dags/example_branch_operator_decorator.py
[2025-02-03T10:04:17.553+0000] {logging_mixin.py:190} INFO - [2025-02-03T10:04:17.553+0000] {dag.py:3239} INFO - Sync 1 DAGs
[2025-02-03T10:04:17.577+0000] {logging_mixin.py:190} INFO - [2025-02-03T10:04:17.577+0000] {dag.py:4180} INFO - Setting next_dagrun for example_branch_python_operator_decorator to 2025-02-02 00:00:00+00:00, run_after=2025-02-03 00:00:00+00:00
[2025-02-03T10:04:17.593+0000] {processor.py:208} INFO - Processing /home/airflow/.local/lib/python3.12/site-packages/airflow/example_dags/example_branch_operator_decorator.py took 0.086 seconds
[2025-02-03T10:04:48.524+0000] {processor.py:186} INFO - Started process (PID=1198) to work on /home/airflow/.local/lib/python3.12/site-packages/airflow/example_dags/example_branch_operator_decorator.py
[2025-02-03T10:04:48.525+0000] {processor.py:914} INFO - Processing file /home/airflow/.local/lib/python3.12/site-packages/airflow/example_dags/example_branch_operator_decorator.py for tasks to queue
[2025-02-03T10:04:48.527+0000] {logging_mixin.py:190} INFO - [2025-02-03T10:04:48.527+0000] {dagbag.py:588} INFO - Filling up the DagBag from /home/airflow/.local/lib/python3.12/site-packages/airflow/example_dags/example_branch_operator_decorator.py
[2025-02-03T10:04:48.545+0000] {processor.py:925} INFO - DAG(s) 'example_branch_python_operator_decorator' retrieved from /home/airflow/.local/lib/python3.12/site-packages/airflow/example_dags/example_branch_operator_decorator.py
[2025-02-03T10:04:48.571+0000] {logging_mixin.py:190} INFO - [2025-02-03T10:04:48.571+0000] {dag.py:3239} INFO - Sync 1 DAGs
[2025-02-03T10:04:48.594+0000] {logging_mixin.py:190} INFO - [2025-02-03T10:04:48.593+0000] {dag.py:4180} INFO - Setting next_dagrun for example_branch_python_operator_decorator to 2025-02-02 00:00:00+00:00, run_after=2025-02-03 00:00:00+00:00
[2025-02-03T10:04:48.617+0000] {processor.py:208} INFO - Processing /home/airflow/.local/lib/python3.12/site-packages/airflow/example_dags/example_branch_operator_decorator.py took 0.097 seconds
[2025-02-03T10:05:19.064+0000] {processor.py:186} INFO - Started process (PID=1262) to work on /home/airflow/.local/lib/python3.12/site-packages/airflow/example_dags/example_branch_operator_decorator.py
[2025-02-03T10:05:19.065+0000] {processor.py:914} INFO - Processing file /home/airflow/.local/lib/python3.12/site-packages/airflow/example_dags/example_branch_operator_decorator.py for tasks to queue
[2025-02-03T10:05:19.067+0000] {logging_mixin.py:190} INFO - [2025-02-03T10:05:19.067+0000] {dagbag.py:588} INFO - Filling up the DagBag from /home/airflow/.local/lib/python3.12/site-packages/airflow/example_dags/example_branch_operator_decorator.py
[2025-02-03T10:05:19.086+0000] {processor.py:925} INFO - DAG(s) 'example_branch_python_operator_decorator' retrieved from /home/airflow/.local/lib/python3.12/site-packages/airflow/example_dags/example_branch_operator_decorator.py
[2025-02-03T10:05:19.110+0000] {logging_mixin.py:190} INFO - [2025-02-03T10:05:19.110+0000] {dag.py:3239} INFO - Sync 1 DAGs
[2025-02-03T10:05:19.131+0000] {logging_mixin.py:190} INFO - [2025-02-03T10:05:19.131+0000] {dag.py:4180} INFO - Setting next_dagrun for example_branch_python_operator_decorator to 2025-02-02 00:00:00+00:00, run_after=2025-02-03 00:00:00+00:00
[2025-02-03T10:05:19.146+0000] {processor.py:208} INFO - Processing /home/airflow/.local/lib/python3.12/site-packages/airflow/example_dags/example_branch_operator_decorator.py took 0.087 seconds
[2025-02-03T10:05:49.860+0000] {processor.py:186} INFO - Started process (PID=1326) to work on /home/airflow/.local/lib/python3.12/site-packages/airflow/example_dags/example_branch_operator_decorator.py
[2025-02-03T10:05:49.861+0000] {processor.py:914} INFO - Processing file /home/airflow/.local/lib/python3.12/site-packages/airflow/example_dags/example_branch_operator_decorator.py for tasks to queue
[2025-02-03T10:05:49.863+0000] {logging_mixin.py:190} INFO - [2025-02-03T10:05:49.863+0000] {dagbag.py:588} INFO - Filling up the DagBag from /home/airflow/.local/lib/python3.12/site-packages/airflow/example_dags/example_branch_operator_decorator.py
[2025-02-03T10:05:49.886+0000] {processor.py:925} INFO - DAG(s) 'example_branch_python_operator_decorator' retrieved from /home/airflow/.local/lib/python3.12/site-packages/airflow/example_dags/example_branch_operator_decorator.py
[2025-02-03T10:05:49.909+0000] {logging_mixin.py:190} INFO - [2025-02-03T10:05:49.909+0000] {dag.py:3239} INFO - Sync 1 DAGs
[2025-02-03T10:05:49.930+0000] {logging_mixin.py:190} INFO - [2025-02-03T10:05:49.929+0000] {dag.py:4180} INFO - Setting next_dagrun for example_branch_python_operator_decorator to 2025-02-02 00:00:00+00:00, run_after=2025-02-03 00:00:00+00:00
[2025-02-03T10:05:49.946+0000] {processor.py:208} INFO - Processing /home/airflow/.local/lib/python3.12/site-packages/airflow/example_dags/example_branch_operator_decorator.py took 0.091 seconds
[2025-02-03T10:06:20.430+0000] {processor.py:186} INFO - Started process (PID=1390) to work on /home/airflow/.local/lib/python3.12/site-packages/airflow/example_dags/example_branch_operator_decorator.py
[2025-02-03T10:06:20.432+0000] {processor.py:914} INFO - Processing file /home/airflow/.local/lib/python3.12/site-packages/airflow/example_dags/example_branch_operator_decorator.py for tasks to queue
[2025-02-03T10:06:20.434+0000] {logging_mixin.py:190} INFO - [2025-02-03T10:06:20.433+0000] {dagbag.py:588} INFO - Filling up the DagBag from /home/airflow/.local/lib/python3.12/site-packages/airflow/example_dags/example_branch_operator_decorator.py
[2025-02-03T10:06:20.461+0000] {processor.py:925} INFO - DAG(s) 'example_branch_python_operator_decorator' retrieved from /home/airflow/.local/lib/python3.12/site-packages/airflow/example_dags/example_branch_operator_decorator.py
[2025-02-03T10:06:20.491+0000] {logging_mixin.py:190} INFO - [2025-02-03T10:06:20.490+0000] {dag.py:3239} INFO - Sync 1 DAGs
[2025-02-03T10:06:20.519+0000] {logging_mixin.py:190} INFO - [2025-02-03T10:06:20.518+0000] {dag.py:4180} INFO - Setting next_dagrun for example_branch_python_operator_decorator to 2025-02-02 00:00:00+00:00, run_after=2025-02-03 00:00:00+00:00
[2025-02-03T10:06:20.546+0000] {processor.py:208} INFO - Processing /home/airflow/.local/lib/python3.12/site-packages/airflow/example_dags/example_branch_operator_decorator.py took 0.122 seconds
[2025-02-03T10:13:01.241+0000] {processor.py:186} INFO - Started process (PID=49) to work on /home/airflow/.local/lib/python3.12/site-packages/airflow/example_dags/example_branch_operator_decorator.py
[2025-02-03T10:13:01.252+0000] {processor.py:914} INFO - Processing file /home/airflow/.local/lib/python3.12/site-packages/airflow/example_dags/example_branch_operator_decorator.py for tasks to queue
[2025-02-03T10:13:01.265+0000] {logging_mixin.py:190} INFO - [2025-02-03T10:13:01.264+0000] {dagbag.py:588} INFO - Filling up the DagBag from /home/airflow/.local/lib/python3.12/site-packages/airflow/example_dags/example_branch_operator_decorator.py
[2025-02-03T10:13:01.395+0000] {processor.py:925} INFO - DAG(s) 'example_branch_python_operator_decorator' retrieved from /home/airflow/.local/lib/python3.12/site-packages/airflow/example_dags/example_branch_operator_decorator.py
[2025-02-03T10:13:01.957+0000] {logging_mixin.py:190} INFO - [2025-02-03T10:13:01.957+0000] {dag.py:3239} INFO - Sync 1 DAGs
[2025-02-03T10:13:02.055+0000] {logging_mixin.py:190} INFO - [2025-02-03T10:13:02.055+0000] {dag.py:4180} INFO - Setting next_dagrun for example_branch_python_operator_decorator to 2025-02-02 00:00:00+00:00, run_after=2025-02-03 00:00:00+00:00
[2025-02-03T10:13:02.123+0000] {processor.py:208} INFO - Processing /home/airflow/.local/lib/python3.12/site-packages/airflow/example_dags/example_branch_operator_decorator.py took 0.914 seconds
[2025-02-03T10:13:32.684+0000] {processor.py:186} INFO - Started process (PID=113) to work on /home/airflow/.local/lib/python3.12/site-packages/airflow/example_dags/example_branch_operator_decorator.py
[2025-02-03T10:13:32.687+0000] {processor.py:914} INFO - Processing file /home/airflow/.local/lib/python3.12/site-packages/airflow/example_dags/example_branch_operator_decorator.py for tasks to queue
[2025-02-03T10:13:32.689+0000] {logging_mixin.py:190} INFO - [2025-02-03T10:13:32.689+0000] {dagbag.py:588} INFO - Filling up the DagBag from /home/airflow/.local/lib/python3.12/site-packages/airflow/example_dags/example_branch_operator_decorator.py
[2025-02-03T10:13:32.707+0000] {processor.py:925} INFO - DAG(s) 'example_branch_python_operator_decorator' retrieved from /home/airflow/.local/lib/python3.12/site-packages/airflow/example_dags/example_branch_operator_decorator.py
[2025-02-03T10:13:32.731+0000] {logging_mixin.py:190} INFO - [2025-02-03T10:13:32.731+0000] {dag.py:3239} INFO - Sync 1 DAGs
[2025-02-03T10:13:32.789+0000] {logging_mixin.py:190} INFO - [2025-02-03T10:13:32.789+0000] {dag.py:4180} INFO - Setting next_dagrun for example_branch_python_operator_decorator to 2025-02-02 00:00:00+00:00, run_after=2025-02-03 00:00:00+00:00
[2025-02-03T10:13:32.816+0000] {processor.py:208} INFO - Processing /home/airflow/.local/lib/python3.12/site-packages/airflow/example_dags/example_branch_operator_decorator.py took 0.137 seconds
[2025-02-03T10:14:02.899+0000] {processor.py:186} INFO - Started process (PID=177) to work on /home/airflow/.local/lib/python3.12/site-packages/airflow/example_dags/example_branch_operator_decorator.py
[2025-02-03T10:14:02.901+0000] {processor.py:914} INFO - Processing file /home/airflow/.local/lib/python3.12/site-packages/airflow/example_dags/example_branch_operator_decorator.py for tasks to queue
[2025-02-03T10:14:02.909+0000] {logging_mixin.py:190} INFO - [2025-02-03T10:14:02.909+0000] {dagbag.py:588} INFO - Filling up the DagBag from /home/airflow/.local/lib/python3.12/site-packages/airflow/example_dags/example_branch_operator_decorator.py
[2025-02-03T10:14:02.939+0000] {processor.py:925} INFO - DAG(s) 'example_branch_python_operator_decorator' retrieved from /home/airflow/.local/lib/python3.12/site-packages/airflow/example_dags/example_branch_operator_decorator.py
[2025-02-03T10:14:02.993+0000] {logging_mixin.py:190} INFO - [2025-02-03T10:14:02.993+0000] {dag.py:3239} INFO - Sync 1 DAGs
[2025-02-03T10:14:03.042+0000] {logging_mixin.py:190} INFO - [2025-02-03T10:14:03.042+0000] {dag.py:4180} INFO - Setting next_dagrun for example_branch_python_operator_decorator to 2025-02-02 00:00:00+00:00, run_after=2025-02-03 00:00:00+00:00
[2025-02-03T10:14:03.076+0000] {processor.py:208} INFO - Processing /home/airflow/.local/lib/python3.12/site-packages/airflow/example_dags/example_branch_operator_decorator.py took 0.182 seconds
[2025-02-03T10:14:34.774+0000] {processor.py:186} INFO - Started process (PID=241) to work on /home/airflow/.local/lib/python3.12/site-packages/airflow/example_dags/example_branch_operator_decorator.py
[2025-02-03T10:14:34.775+0000] {processor.py:914} INFO - Processing file /home/airflow/.local/lib/python3.12/site-packages/airflow/example_dags/example_branch_operator_decorator.py for tasks to queue
[2025-02-03T10:14:34.778+0000] {logging_mixin.py:190} INFO - [2025-02-03T10:14:34.778+0000] {dagbag.py:588} INFO - Filling up the DagBag from /home/airflow/.local/lib/python3.12/site-packages/airflow/example_dags/example_branch_operator_decorator.py
[2025-02-03T10:14:34.805+0000] {processor.py:925} INFO - DAG(s) 'example_branch_python_operator_decorator' retrieved from /home/airflow/.local/lib/python3.12/site-packages/airflow/example_dags/example_branch_operator_decorator.py
[2025-02-03T10:14:34.839+0000] {logging_mixin.py:190} INFO - [2025-02-03T10:14:34.839+0000] {dag.py:3239} INFO - Sync 1 DAGs
[2025-02-03T10:14:34.861+0000] {logging_mixin.py:190} INFO - [2025-02-03T10:14:34.861+0000] {dag.py:4180} INFO - Setting next_dagrun for example_branch_python_operator_decorator to 2025-02-02 00:00:00+00:00, run_after=2025-02-03 00:00:00+00:00
[2025-02-03T10:14:34.876+0000] {processor.py:208} INFO - Processing /home/airflow/.local/lib/python3.12/site-packages/airflow/example_dags/example_branch_operator_decorator.py took 0.110 seconds
[2025-02-03T10:15:06.801+0000] {processor.py:186} INFO - Started process (PID=306) to work on /home/airflow/.local/lib/python3.12/site-packages/airflow/example_dags/example_branch_operator_decorator.py
[2025-02-03T10:15:06.802+0000] {processor.py:914} INFO - Processing file /home/airflow/.local/lib/python3.12/site-packages/airflow/example_dags/example_branch_operator_decorator.py for tasks to queue
[2025-02-03T10:15:06.805+0000] {logging_mixin.py:190} INFO - [2025-02-03T10:15:06.805+0000] {dagbag.py:588} INFO - Filling up the DagBag from /home/airflow/.local/lib/python3.12/site-packages/airflow/example_dags/example_branch_operator_decorator.py
[2025-02-03T10:15:06.822+0000] {processor.py:925} INFO - DAG(s) 'example_branch_python_operator_decorator' retrieved from /home/airflow/.local/lib/python3.12/site-packages/airflow/example_dags/example_branch_operator_decorator.py
[2025-02-03T10:15:06.843+0000] {logging_mixin.py:190} INFO - [2025-02-03T10:15:06.843+0000] {dag.py:3239} INFO - Sync 1 DAGs
[2025-02-03T10:15:06.868+0000] {logging_mixin.py:190} INFO - [2025-02-03T10:15:06.868+0000] {dag.py:4180} INFO - Setting next_dagrun for example_branch_python_operator_decorator to 2025-02-02 00:00:00+00:00, run_after=2025-02-03 00:00:00+00:00
[2025-02-03T10:15:06.883+0000] {processor.py:208} INFO - Processing /home/airflow/.local/lib/python3.12/site-packages/airflow/example_dags/example_branch_operator_decorator.py took 0.086 seconds
[2025-02-03T10:15:38.898+0000] {processor.py:186} INFO - Started process (PID=370) to work on /home/airflow/.local/lib/python3.12/site-packages/airflow/example_dags/example_branch_operator_decorator.py
[2025-02-03T10:15:38.900+0000] {processor.py:914} INFO - Processing file /home/airflow/.local/lib/python3.12/site-packages/airflow/example_dags/example_branch_operator_decorator.py for tasks to queue
[2025-02-03T10:15:38.903+0000] {logging_mixin.py:190} INFO - [2025-02-03T10:15:38.903+0000] {dagbag.py:588} INFO - Filling up the DagBag from /home/airflow/.local/lib/python3.12/site-packages/airflow/example_dags/example_branch_operator_decorator.py
[2025-02-03T10:15:38.929+0000] {processor.py:925} INFO - DAG(s) 'example_branch_python_operator_decorator' retrieved from /home/airflow/.local/lib/python3.12/site-packages/airflow/example_dags/example_branch_operator_decorator.py
[2025-02-03T10:15:38.960+0000] {logging_mixin.py:190} INFO - [2025-02-03T10:15:38.960+0000] {dag.py:3239} INFO - Sync 1 DAGs
[2025-02-03T10:15:38.987+0000] {logging_mixin.py:190} INFO - [2025-02-03T10:15:38.987+0000] {dag.py:4180} INFO - Setting next_dagrun for example_branch_python_operator_decorator to 2025-02-02 00:00:00+00:00, run_after=2025-02-03 00:00:00+00:00
[2025-02-03T10:15:39.009+0000] {processor.py:208} INFO - Processing /home/airflow/.local/lib/python3.12/site-packages/airflow/example_dags/example_branch_operator_decorator.py took 0.117 seconds
[2025-02-03T10:16:10.425+0000] {processor.py:186} INFO - Started process (PID=434) to work on /home/airflow/.local/lib/python3.12/site-packages/airflow/example_dags/example_branch_operator_decorator.py
[2025-02-03T10:16:10.433+0000] {processor.py:914} INFO - Processing file /home/airflow/.local/lib/python3.12/site-packages/airflow/example_dags/example_branch_operator_decorator.py for tasks to queue
[2025-02-03T10:16:10.435+0000] {logging_mixin.py:190} INFO - [2025-02-03T10:16:10.435+0000] {dagbag.py:588} INFO - Filling up the DagBag from /home/airflow/.local/lib/python3.12/site-packages/airflow/example_dags/example_branch_operator_decorator.py
[2025-02-03T10:16:10.455+0000] {processor.py:925} INFO - DAG(s) 'example_branch_python_operator_decorator' retrieved from /home/airflow/.local/lib/python3.12/site-packages/airflow/example_dags/example_branch_operator_decorator.py
[2025-02-03T10:16:10.511+0000] {logging_mixin.py:190} INFO - [2025-02-03T10:16:10.511+0000] {dag.py:3239} INFO - Sync 1 DAGs
[2025-02-03T10:16:10.546+0000] {logging_mixin.py:190} INFO - [2025-02-03T10:16:10.545+0000] {dag.py:4180} INFO - Setting next_dagrun for example_branch_python_operator_decorator to 2025-02-02 00:00:00+00:00, run_after=2025-02-03 00:00:00+00:00
[2025-02-03T10:16:10.592+0000] {processor.py:208} INFO - Processing /home/airflow/.local/lib/python3.12/site-packages/airflow/example_dags/example_branch_operator_decorator.py took 0.174 seconds
[2025-02-03T10:16:41.155+0000] {processor.py:186} INFO - Started process (PID=499) to work on /home/airflow/.local/lib/python3.12/site-packages/airflow/example_dags/example_branch_operator_decorator.py
[2025-02-03T10:16:41.156+0000] {processor.py:914} INFO - Processing file /home/airflow/.local/lib/python3.12/site-packages/airflow/example_dags/example_branch_operator_decorator.py for tasks to queue
[2025-02-03T10:16:41.159+0000] {logging_mixin.py:190} INFO - [2025-02-03T10:16:41.158+0000] {dagbag.py:588} INFO - Filling up the DagBag from /home/airflow/.local/lib/python3.12/site-packages/airflow/example_dags/example_branch_operator_decorator.py
[2025-02-03T10:16:41.176+0000] {processor.py:925} INFO - DAG(s) 'example_branch_python_operator_decorator' retrieved from /home/airflow/.local/lib/python3.12/site-packages/airflow/example_dags/example_branch_operator_decorator.py
[2025-02-03T10:16:41.199+0000] {logging_mixin.py:190} INFO - [2025-02-03T10:16:41.198+0000] {dag.py:3239} INFO - Sync 1 DAGs
[2025-02-03T10:16:41.217+0000] {logging_mixin.py:190} INFO - [2025-02-03T10:16:41.217+0000] {dag.py:4180} INFO - Setting next_dagrun for example_branch_python_operator_decorator to 2025-02-02 00:00:00+00:00, run_after=2025-02-03 00:00:00+00:00
[2025-02-03T10:16:41.231+0000] {processor.py:208} INFO - Processing /home/airflow/.local/lib/python3.12/site-packages/airflow/example_dags/example_branch_operator_decorator.py took 0.081 seconds
[2025-02-03T10:17:12.120+0000] {processor.py:186} INFO - Started process (PID=563) to work on /home/airflow/.local/lib/python3.12/site-packages/airflow/example_dags/example_branch_operator_decorator.py
[2025-02-03T10:17:12.122+0000] {processor.py:914} INFO - Processing file /home/airflow/.local/lib/python3.12/site-packages/airflow/example_dags/example_branch_operator_decorator.py for tasks to queue
[2025-02-03T10:17:12.124+0000] {logging_mixin.py:190} INFO - [2025-02-03T10:17:12.124+0000] {dagbag.py:588} INFO - Filling up the DagBag from /home/airflow/.local/lib/python3.12/site-packages/airflow/example_dags/example_branch_operator_decorator.py
[2025-02-03T10:17:12.151+0000] {processor.py:925} INFO - DAG(s) 'example_branch_python_operator_decorator' retrieved from /home/airflow/.local/lib/python3.12/site-packages/airflow/example_dags/example_branch_operator_decorator.py
[2025-02-03T10:17:12.179+0000] {logging_mixin.py:190} INFO - [2025-02-03T10:17:12.179+0000] {dag.py:3239} INFO - Sync 1 DAGs
[2025-02-03T10:17:12.201+0000] {logging_mixin.py:190} INFO - [2025-02-03T10:17:12.201+0000] {dag.py:4180} INFO - Setting next_dagrun for example_branch_python_operator_decorator to 2025-02-02 00:00:00+00:00, run_after=2025-02-03 00:00:00+00:00
[2025-02-03T10:17:12.220+0000] {processor.py:208} INFO - Processing /home/airflow/.local/lib/python3.12/site-packages/airflow/example_dags/example_branch_operator_decorator.py took 0.108 seconds
[2025-02-03T10:17:43.159+0000] {processor.py:186} INFO - Started process (PID=628) to work on /home/airflow/.local/lib/python3.12/site-packages/airflow/example_dags/example_branch_operator_decorator.py
[2025-02-03T10:17:43.160+0000] {processor.py:914} INFO - Processing file /home/airflow/.local/lib/python3.12/site-packages/airflow/example_dags/example_branch_operator_decorator.py for tasks to queue
[2025-02-03T10:17:43.163+0000] {logging_mixin.py:190} INFO - [2025-02-03T10:17:43.162+0000] {dagbag.py:588} INFO - Filling up the DagBag from /home/airflow/.local/lib/python3.12/site-packages/airflow/example_dags/example_branch_operator_decorator.py
[2025-02-03T10:17:43.184+0000] {processor.py:925} INFO - DAG(s) 'example_branch_python_operator_decorator' retrieved from /home/airflow/.local/lib/python3.12/site-packages/airflow/example_dags/example_branch_operator_decorator.py
[2025-02-03T10:17:43.209+0000] {logging_mixin.py:190} INFO - [2025-02-03T10:17:43.208+0000] {dag.py:3239} INFO - Sync 1 DAGs
[2025-02-03T10:17:43.231+0000] {logging_mixin.py:190} INFO - [2025-02-03T10:17:43.230+0000] {dag.py:4180} INFO - Setting next_dagrun for example_branch_python_operator_decorator to 2025-02-02 00:00:00+00:00, run_after=2025-02-03 00:00:00+00:00
[2025-02-03T10:17:43.247+0000] {processor.py:208} INFO - Processing /home/airflow/.local/lib/python3.12/site-packages/airflow/example_dags/example_branch_operator_decorator.py took 0.093 seconds
[2025-02-03T10:18:13.975+0000] {processor.py:186} INFO - Started process (PID=693) to work on /home/airflow/.local/lib/python3.12/site-packages/airflow/example_dags/example_branch_operator_decorator.py
[2025-02-03T10:18:13.976+0000] {processor.py:914} INFO - Processing file /home/airflow/.local/lib/python3.12/site-packages/airflow/example_dags/example_branch_operator_decorator.py for tasks to queue
[2025-02-03T10:18:13.978+0000] {logging_mixin.py:190} INFO - [2025-02-03T10:18:13.978+0000] {dagbag.py:588} INFO - Filling up the DagBag from /home/airflow/.local/lib/python3.12/site-packages/airflow/example_dags/example_branch_operator_decorator.py
[2025-02-03T10:18:13.996+0000] {processor.py:925} INFO - DAG(s) 'example_branch_python_operator_decorator' retrieved from /home/airflow/.local/lib/python3.12/site-packages/airflow/example_dags/example_branch_operator_decorator.py
[2025-02-03T10:18:14.026+0000] {logging_mixin.py:190} INFO - [2025-02-03T10:18:14.026+0000] {dag.py:3239} INFO - Sync 1 DAGs
[2025-02-03T10:18:14.046+0000] {logging_mixin.py:190} INFO - [2025-02-03T10:18:14.045+0000] {dag.py:4180} INFO - Setting next_dagrun for example_branch_python_operator_decorator to 2025-02-02 00:00:00+00:00, run_after=2025-02-03 00:00:00+00:00
[2025-02-03T10:18:14.063+0000] {processor.py:208} INFO - Processing /home/airflow/.local/lib/python3.12/site-packages/airflow/example_dags/example_branch_operator_decorator.py took 0.093 seconds
[2025-02-03T10:18:44.776+0000] {processor.py:186} INFO - Started process (PID=757) to work on /home/airflow/.local/lib/python3.12/site-packages/airflow/example_dags/example_branch_operator_decorator.py
[2025-02-03T10:18:44.777+0000] {processor.py:914} INFO - Processing file /home/airflow/.local/lib/python3.12/site-packages/airflow/example_dags/example_branch_operator_decorator.py for tasks to queue
[2025-02-03T10:18:44.779+0000] {logging_mixin.py:190} INFO - [2025-02-03T10:18:44.779+0000] {dagbag.py:588} INFO - Filling up the DagBag from /home/airflow/.local/lib/python3.12/site-packages/airflow/example_dags/example_branch_operator_decorator.py
[2025-02-03T10:18:44.796+0000] {processor.py:925} INFO - DAG(s) 'example_branch_python_operator_decorator' retrieved from /home/airflow/.local/lib/python3.12/site-packages/airflow/example_dags/example_branch_operator_decorator.py
[2025-02-03T10:18:44.817+0000] {logging_mixin.py:190} INFO - [2025-02-03T10:18:44.816+0000] {dag.py:3239} INFO - Sync 1 DAGs
[2025-02-03T10:18:44.835+0000] {logging_mixin.py:190} INFO - [2025-02-03T10:18:44.835+0000] {dag.py:4180} INFO - Setting next_dagrun for example_branch_python_operator_decorator to 2025-02-02 00:00:00+00:00, run_after=2025-02-03 00:00:00+00:00
[2025-02-03T10:18:44.850+0000] {processor.py:208} INFO - Processing /home/airflow/.local/lib/python3.12/site-packages/airflow/example_dags/example_branch_operator_decorator.py took 0.079 seconds
[2025-02-03T10:19:16.205+0000] {processor.py:186} INFO - Started process (PID=821) to work on /home/airflow/.local/lib/python3.12/site-packages/airflow/example_dags/example_branch_operator_decorator.py
[2025-02-03T10:19:16.206+0000] {processor.py:914} INFO - Processing file /home/airflow/.local/lib/python3.12/site-packages/airflow/example_dags/example_branch_operator_decorator.py for tasks to queue
[2025-02-03T10:19:16.208+0000] {logging_mixin.py:190} INFO - [2025-02-03T10:19:16.208+0000] {dagbag.py:588} INFO - Filling up the DagBag from /home/airflow/.local/lib/python3.12/site-packages/airflow/example_dags/example_branch_operator_decorator.py
[2025-02-03T10:19:16.224+0000] {processor.py:925} INFO - DAG(s) 'example_branch_python_operator_decorator' retrieved from /home/airflow/.local/lib/python3.12/site-packages/airflow/example_dags/example_branch_operator_decorator.py
[2025-02-03T10:19:16.247+0000] {logging_mixin.py:190} INFO - [2025-02-03T10:19:16.247+0000] {dag.py:3239} INFO - Sync 1 DAGs
[2025-02-03T10:19:16.265+0000] {logging_mixin.py:190} INFO - [2025-02-03T10:19:16.264+0000] {dag.py:4180} INFO - Setting next_dagrun for example_branch_python_operator_decorator to 2025-02-02 00:00:00+00:00, run_after=2025-02-03 00:00:00+00:00
[2025-02-03T10:19:16.281+0000] {processor.py:208} INFO - Processing /home/airflow/.local/lib/python3.12/site-packages/airflow/example_dags/example_branch_operator_decorator.py took 0.081 seconds
[2025-02-03T10:19:47.474+0000] {processor.py:186} INFO - Started process (PID=885) to work on /home/airflow/.local/lib/python3.12/site-packages/airflow/example_dags/example_branch_operator_decorator.py
[2025-02-03T10:19:47.475+0000] {processor.py:914} INFO - Processing file /home/airflow/.local/lib/python3.12/site-packages/airflow/example_dags/example_branch_operator_decorator.py for tasks to queue
[2025-02-03T10:19:47.478+0000] {logging_mixin.py:190} INFO - [2025-02-03T10:19:47.477+0000] {dagbag.py:588} INFO - Filling up the DagBag from /home/airflow/.local/lib/python3.12/site-packages/airflow/example_dags/example_branch_operator_decorator.py
[2025-02-03T10:19:47.499+0000] {processor.py:925} INFO - DAG(s) 'example_branch_python_operator_decorator' retrieved from /home/airflow/.local/lib/python3.12/site-packages/airflow/example_dags/example_branch_operator_decorator.py
[2025-02-03T10:19:47.528+0000] {logging_mixin.py:190} INFO - [2025-02-03T10:19:47.528+0000] {dag.py:3239} INFO - Sync 1 DAGs
[2025-02-03T10:19:47.553+0000] {logging_mixin.py:190} INFO - [2025-02-03T10:19:47.553+0000] {dag.py:4180} INFO - Setting next_dagrun for example_branch_python_operator_decorator to 2025-02-02 00:00:00+00:00, run_after=2025-02-03 00:00:00+00:00
[2025-02-03T10:19:47.568+0000] {processor.py:208} INFO - Processing /home/airflow/.local/lib/python3.12/site-packages/airflow/example_dags/example_branch_operator_decorator.py took 0.099 seconds
[2025-02-03T10:20:19.050+0000] {processor.py:186} INFO - Started process (PID=949) to work on /home/airflow/.local/lib/python3.12/site-packages/airflow/example_dags/example_branch_operator_decorator.py
[2025-02-03T10:20:19.051+0000] {processor.py:914} INFO - Processing file /home/airflow/.local/lib/python3.12/site-packages/airflow/example_dags/example_branch_operator_decorator.py for tasks to queue
[2025-02-03T10:20:19.053+0000] {logging_mixin.py:190} INFO - [2025-02-03T10:20:19.053+0000] {dagbag.py:588} INFO - Filling up the DagBag from /home/airflow/.local/lib/python3.12/site-packages/airflow/example_dags/example_branch_operator_decorator.py
[2025-02-03T10:20:19.072+0000] {processor.py:925} INFO - DAG(s) 'example_branch_python_operator_decorator' retrieved from /home/airflow/.local/lib/python3.12/site-packages/airflow/example_dags/example_branch_operator_decorator.py
[2025-02-03T10:20:19.095+0000] {logging_mixin.py:190} INFO - [2025-02-03T10:20:19.095+0000] {dag.py:3239} INFO - Sync 1 DAGs
[2025-02-03T10:20:19.114+0000] {logging_mixin.py:190} INFO - [2025-02-03T10:20:19.114+0000] {dag.py:4180} INFO - Setting next_dagrun for example_branch_python_operator_decorator to 2025-02-02 00:00:00+00:00, run_after=2025-02-03 00:00:00+00:00
[2025-02-03T10:20:19.131+0000] {processor.py:208} INFO - Processing /home/airflow/.local/lib/python3.12/site-packages/airflow/example_dags/example_branch_operator_decorator.py took 0.087 seconds
