[2025-02-03T09:44:29.213+0000] {processor.py:186} INFO - Started process (PID=53) to work on /home/airflow/.local/lib/python3.12/site-packages/airflow/example_dags/example_dataset_alias_with_no_taskflow.py
[2025-02-03T09:44:29.216+0000] {processor.py:914} INFO - Processing file /home/airflow/.local/lib/python3.12/site-packages/airflow/example_dags/example_dataset_alias_with_no_taskflow.py for tasks to queue
[2025-02-03T09:44:29.221+0000] {logging_mixin.py:190} INFO - [2025-02-03T09:44:29.220+0000] {dagbag.py:588} INFO - Filling up the DagBag from /home/airflow/.local/lib/python3.12/site-packages/airflow/example_dags/example_dataset_alias_with_no_taskflow.py
[2025-02-03T09:44:30.137+0000] {processor.py:925} INFO - DAG(s) 'dataset_s3_bucket_consumer_with_no_taskflow', 'dataset_alias_example_alias_producer_with_no_taskflow', 'dataset_alias_example_alias_consumer_with_no_taskflow', 'dataset_s3_bucket_producer_with_no_taskflow' retrieved from /home/airflow/.local/lib/python3.12/site-packages/airflow/example_dags/example_dataset_alias_with_no_taskflow.py
[2025-02-03T09:44:30.301+0000] {logging_mixin.py:190} INFO - [2025-02-03T09:44:30.300+0000] {override.py:1911} INFO - Created Permission View: can edit on DAG:dataset_s3_bucket_consumer_with_no_taskflow
[2025-02-03T09:44:30.317+0000] {logging_mixin.py:190} INFO - [2025-02-03T09:44:30.316+0000] {override.py:1911} INFO - Created Permission View: can read on DAG:dataset_s3_bucket_consumer_with_no_taskflow
[2025-02-03T09:44:30.327+0000] {logging_mixin.py:190} INFO - [2025-02-03T09:44:30.326+0000] {override.py:1911} INFO - Created Permission View: can delete on DAG:dataset_s3_bucket_consumer_with_no_taskflow
[2025-02-03T09:44:30.335+0000] {logging_mixin.py:190} INFO - [2025-02-03T09:44:30.334+0000] {override.py:1911} INFO - Created Permission View: can read on DAG Run:dataset_s3_bucket_consumer_with_no_taskflow
[2025-02-03T09:44:30.341+0000] {logging_mixin.py:190} INFO - [2025-02-03T09:44:30.341+0000] {override.py:1911} INFO - Created Permission View: can delete on DAG Run:dataset_s3_bucket_consumer_with_no_taskflow
[2025-02-03T09:44:30.347+0000] {logging_mixin.py:190} INFO - [2025-02-03T09:44:30.347+0000] {override.py:1911} INFO - Created Permission View: can create on DAG Run:dataset_s3_bucket_consumer_with_no_taskflow
[2025-02-03T09:44:30.357+0000] {logging_mixin.py:190} INFO - [2025-02-03T09:44:30.356+0000] {override.py:1911} INFO - Created Permission View: menu access on DAG Run:dataset_s3_bucket_consumer_with_no_taskflow
[2025-02-03T09:44:30.379+0000] {logging_mixin.py:190} INFO - [2025-02-03T09:44:30.378+0000] {override.py:1911} INFO - Created Permission View: can edit on DAG:dataset_alias_example_alias_producer_with_no_taskflow
[2025-02-03T09:44:30.387+0000] {logging_mixin.py:190} INFO - [2025-02-03T09:44:30.387+0000] {override.py:1911} INFO - Created Permission View: can read on DAG:dataset_alias_example_alias_producer_with_no_taskflow
[2025-02-03T09:44:30.397+0000] {logging_mixin.py:190} INFO - [2025-02-03T09:44:30.397+0000] {override.py:1911} INFO - Created Permission View: can delete on DAG:dataset_alias_example_alias_producer_with_no_taskflow
[2025-02-03T09:44:30.408+0000] {logging_mixin.py:190} INFO - [2025-02-03T09:44:30.407+0000] {override.py:1911} INFO - Created Permission View: can read on DAG Run:dataset_alias_example_alias_producer_with_no_taskflow
[2025-02-03T09:44:30.416+0000] {logging_mixin.py:190} INFO - [2025-02-03T09:44:30.415+0000] {override.py:1911} INFO - Created Permission View: can delete on DAG Run:dataset_alias_example_alias_producer_with_no_taskflow
[2025-02-03T09:44:30.426+0000] {logging_mixin.py:190} INFO - [2025-02-03T09:44:30.426+0000] {override.py:1911} INFO - Created Permission View: can create on DAG Run:dataset_alias_example_alias_producer_with_no_taskflow
[2025-02-03T09:44:30.433+0000] {logging_mixin.py:190} INFO - [2025-02-03T09:44:30.433+0000] {override.py:1911} INFO - Created Permission View: menu access on DAG Run:dataset_alias_example_alias_producer_with_no_taskflow
[2025-02-03T09:44:30.450+0000] {logging_mixin.py:190} INFO - [2025-02-03T09:44:30.450+0000] {override.py:1911} INFO - Created Permission View: can edit on DAG:dataset_alias_example_alias_consumer_with_no_taskflow
[2025-02-03T09:44:30.461+0000] {logging_mixin.py:190} INFO - [2025-02-03T09:44:30.460+0000] {override.py:1911} INFO - Created Permission View: can read on DAG:dataset_alias_example_alias_consumer_with_no_taskflow
[2025-02-03T09:44:30.469+0000] {logging_mixin.py:190} INFO - [2025-02-03T09:44:30.469+0000] {override.py:1911} INFO - Created Permission View: can delete on DAG:dataset_alias_example_alias_consumer_with_no_taskflow
[2025-02-03T09:44:30.480+0000] {logging_mixin.py:190} INFO - [2025-02-03T09:44:30.480+0000] {override.py:1911} INFO - Created Permission View: can read on DAG Run:dataset_alias_example_alias_consumer_with_no_taskflow
[2025-02-03T09:44:30.487+0000] {logging_mixin.py:190} INFO - [2025-02-03T09:44:30.487+0000] {override.py:1911} INFO - Created Permission View: can delete on DAG Run:dataset_alias_example_alias_consumer_with_no_taskflow
[2025-02-03T09:44:30.496+0000] {logging_mixin.py:190} INFO - [2025-02-03T09:44:30.496+0000] {override.py:1911} INFO - Created Permission View: can create on DAG Run:dataset_alias_example_alias_consumer_with_no_taskflow
[2025-02-03T09:44:30.504+0000] {logging_mixin.py:190} INFO - [2025-02-03T09:44:30.504+0000] {override.py:1911} INFO - Created Permission View: menu access on DAG Run:dataset_alias_example_alias_consumer_with_no_taskflow
[2025-02-03T09:44:30.524+0000] {logging_mixin.py:190} INFO - [2025-02-03T09:44:30.523+0000] {override.py:1911} INFO - Created Permission View: can edit on DAG:dataset_s3_bucket_producer_with_no_taskflow
[2025-02-03T09:44:30.533+0000] {logging_mixin.py:190} INFO - [2025-02-03T09:44:30.533+0000] {override.py:1911} INFO - Created Permission View: can read on DAG:dataset_s3_bucket_producer_with_no_taskflow
[2025-02-03T09:44:30.544+0000] {logging_mixin.py:190} INFO - [2025-02-03T09:44:30.544+0000] {override.py:1911} INFO - Created Permission View: can delete on DAG:dataset_s3_bucket_producer_with_no_taskflow
[2025-02-03T09:44:30.554+0000] {logging_mixin.py:190} INFO - [2025-02-03T09:44:30.554+0000] {override.py:1911} INFO - Created Permission View: can read on DAG Run:dataset_s3_bucket_producer_with_no_taskflow
[2025-02-03T09:44:30.561+0000] {logging_mixin.py:190} INFO - [2025-02-03T09:44:30.561+0000] {override.py:1911} INFO - Created Permission View: can delete on DAG Run:dataset_s3_bucket_producer_with_no_taskflow
[2025-02-03T09:44:30.576+0000] {logging_mixin.py:190} INFO - [2025-02-03T09:44:30.576+0000] {override.py:1911} INFO - Created Permission View: can create on DAG Run:dataset_s3_bucket_producer_with_no_taskflow
[2025-02-03T09:44:30.585+0000] {logging_mixin.py:190} INFO - [2025-02-03T09:44:30.585+0000] {override.py:1911} INFO - Created Permission View: menu access on DAG Run:dataset_s3_bucket_producer_with_no_taskflow
[2025-02-03T09:44:30.586+0000] {logging_mixin.py:190} INFO - [2025-02-03T09:44:30.585+0000] {dag.py:3239} INFO - Sync 4 DAGs
[2025-02-03T09:44:30.600+0000] {logging_mixin.py:190} INFO - [2025-02-03T09:44:30.600+0000] {dag.py:3262} INFO - Creating ORM DAG for dataset_alias_example_alias_consumer_with_no_taskflow
[2025-02-03T09:44:30.601+0000] {logging_mixin.py:190} INFO - [2025-02-03T09:44:30.601+0000] {dag.py:3262} INFO - Creating ORM DAG for dataset_s3_bucket_producer_with_no_taskflow
[2025-02-03T09:44:30.606+0000] {logging_mixin.py:190} INFO - [2025-02-03T09:44:30.606+0000] {dag.py:3262} INFO - Creating ORM DAG for dataset_s3_bucket_consumer_with_no_taskflow
[2025-02-03T09:44:30.611+0000] {logging_mixin.py:190} INFO - [2025-02-03T09:44:30.609+0000] {dag.py:3262} INFO - Creating ORM DAG for dataset_alias_example_alias_producer_with_no_taskflow
[2025-02-03T09:44:30.621+0000] {logging_mixin.py:190} INFO - [2025-02-03T09:44:30.621+0000] {dag.py:4180} INFO - Setting next_dagrun for dataset_alias_example_alias_consumer_with_no_taskflow to None, run_after=None
[2025-02-03T09:44:30.627+0000] {logging_mixin.py:190} INFO - [2025-02-03T09:44:30.623+0000] {dag.py:4180} INFO - Setting next_dagrun for dataset_alias_example_alias_producer_with_no_taskflow to None, run_after=None
[2025-02-03T09:44:30.629+0000] {logging_mixin.py:190} INFO - [2025-02-03T09:44:30.628+0000] {dag.py:4180} INFO - Setting next_dagrun for dataset_s3_bucket_consumer_with_no_taskflow to None, run_after=None
[2025-02-03T09:44:30.633+0000] {logging_mixin.py:190} INFO - [2025-02-03T09:44:30.633+0000] {dag.py:4180} INFO - Setting next_dagrun for dataset_s3_bucket_producer_with_no_taskflow to None, run_after=None
[2025-02-03T09:44:30.735+0000] {processor.py:208} INFO - Processing /home/airflow/.local/lib/python3.12/site-packages/airflow/example_dags/example_dataset_alias_with_no_taskflow.py took 1.530 seconds
[2025-02-03T09:45:10.576+0000] {processor.py:186} INFO - Started process (PID=115) to work on /home/airflow/.local/lib/python3.12/site-packages/airflow/example_dags/example_dataset_alias_with_no_taskflow.py
[2025-02-03T09:45:10.578+0000] {processor.py:914} INFO - Processing file /home/airflow/.local/lib/python3.12/site-packages/airflow/example_dags/example_dataset_alias_with_no_taskflow.py for tasks to queue
[2025-02-03T09:45:10.583+0000] {logging_mixin.py:190} INFO - [2025-02-03T09:45:10.582+0000] {dagbag.py:588} INFO - Filling up the DagBag from /home/airflow/.local/lib/python3.12/site-packages/airflow/example_dags/example_dataset_alias_with_no_taskflow.py
[2025-02-03T09:45:11.824+0000] {processor.py:925} INFO - DAG(s) 'dataset_s3_bucket_producer_with_no_taskflow', 'dataset_alias_example_alias_consumer_with_no_taskflow', 'dataset_alias_example_alias_producer_with_no_taskflow', 'dataset_s3_bucket_consumer_with_no_taskflow' retrieved from /home/airflow/.local/lib/python3.12/site-packages/airflow/example_dags/example_dataset_alias_with_no_taskflow.py
[2025-02-03T09:45:11.880+0000] {logging_mixin.py:190} INFO - [2025-02-03T09:45:11.878+0000] {dag.py:3239} INFO - Sync 4 DAGs
[2025-02-03T09:45:12.021+0000] {logging_mixin.py:190} INFO - [2025-02-03T09:45:12.020+0000] {dag.py:4180} INFO - Setting next_dagrun for dataset_alias_example_alias_consumer_with_no_taskflow to None, run_after=None
[2025-02-03T09:45:12.028+0000] {logging_mixin.py:190} INFO - [2025-02-03T09:45:12.028+0000] {dag.py:4180} INFO - Setting next_dagrun for dataset_alias_example_alias_producer_with_no_taskflow to None, run_after=None
[2025-02-03T09:45:12.032+0000] {logging_mixin.py:190} INFO - [2025-02-03T09:45:12.032+0000] {dag.py:4180} INFO - Setting next_dagrun for dataset_s3_bucket_consumer_with_no_taskflow to None, run_after=None
[2025-02-03T09:45:12.036+0000] {logging_mixin.py:190} INFO - [2025-02-03T09:45:12.036+0000] {dag.py:4180} INFO - Setting next_dagrun for dataset_s3_bucket_producer_with_no_taskflow to None, run_after=None
[2025-02-03T09:45:12.082+0000] {processor.py:208} INFO - Processing /home/airflow/.local/lib/python3.12/site-packages/airflow/example_dags/example_dataset_alias_with_no_taskflow.py took 1.520 seconds
[2025-02-03T09:45:43.395+0000] {processor.py:186} INFO - Started process (PID=178) to work on /home/airflow/.local/lib/python3.12/site-packages/airflow/example_dags/example_dataset_alias_with_no_taskflow.py
[2025-02-03T09:45:43.419+0000] {processor.py:914} INFO - Processing file /home/airflow/.local/lib/python3.12/site-packages/airflow/example_dags/example_dataset_alias_with_no_taskflow.py for tasks to queue
[2025-02-03T09:45:43.423+0000] {logging_mixin.py:190} INFO - [2025-02-03T09:45:43.423+0000] {dagbag.py:588} INFO - Filling up the DagBag from /home/airflow/.local/lib/python3.12/site-packages/airflow/example_dags/example_dataset_alias_with_no_taskflow.py
[2025-02-03T09:45:44.274+0000] {processor.py:925} INFO - DAG(s) 'dataset_s3_bucket_consumer_with_no_taskflow', 'dataset_alias_example_alias_producer_with_no_taskflow', 'dataset_alias_example_alias_consumer_with_no_taskflow', 'dataset_s3_bucket_producer_with_no_taskflow' retrieved from /home/airflow/.local/lib/python3.12/site-packages/airflow/example_dags/example_dataset_alias_with_no_taskflow.py
[2025-02-03T09:45:44.315+0000] {logging_mixin.py:190} INFO - [2025-02-03T09:45:44.314+0000] {dag.py:3239} INFO - Sync 4 DAGs
[2025-02-03T09:45:44.343+0000] {logging_mixin.py:190} INFO - [2025-02-03T09:45:44.343+0000] {dag.py:4180} INFO - Setting next_dagrun for dataset_alias_example_alias_consumer_with_no_taskflow to None, run_after=None
[2025-02-03T09:45:44.347+0000] {logging_mixin.py:190} INFO - [2025-02-03T09:45:44.347+0000] {dag.py:4180} INFO - Setting next_dagrun for dataset_alias_example_alias_producer_with_no_taskflow to None, run_after=None
[2025-02-03T09:45:44.349+0000] {logging_mixin.py:190} INFO - [2025-02-03T09:45:44.349+0000] {dag.py:4180} INFO - Setting next_dagrun for dataset_s3_bucket_consumer_with_no_taskflow to None, run_after=None
[2025-02-03T09:45:44.351+0000] {logging_mixin.py:190} INFO - [2025-02-03T09:45:44.351+0000] {dag.py:4180} INFO - Setting next_dagrun for dataset_s3_bucket_producer_with_no_taskflow to None, run_after=None
[2025-02-03T09:45:44.371+0000] {processor.py:208} INFO - Processing /home/airflow/.local/lib/python3.12/site-packages/airflow/example_dags/example_dataset_alias_with_no_taskflow.py took 0.983 seconds
[2025-02-03T09:46:15.095+0000] {processor.py:186} INFO - Started process (PID=241) to work on /home/airflow/.local/lib/python3.12/site-packages/airflow/example_dags/example_dataset_alias_with_no_taskflow.py
[2025-02-03T09:46:15.096+0000] {processor.py:914} INFO - Processing file /home/airflow/.local/lib/python3.12/site-packages/airflow/example_dags/example_dataset_alias_with_no_taskflow.py for tasks to queue
[2025-02-03T09:46:15.098+0000] {logging_mixin.py:190} INFO - [2025-02-03T09:46:15.098+0000] {dagbag.py:588} INFO - Filling up the DagBag from /home/airflow/.local/lib/python3.12/site-packages/airflow/example_dags/example_dataset_alias_with_no_taskflow.py
[2025-02-03T09:46:16.347+0000] {processor.py:925} INFO - DAG(s) 'dataset_s3_bucket_consumer_with_no_taskflow', 'dataset_alias_example_alias_producer_with_no_taskflow', 'dataset_alias_example_alias_consumer_with_no_taskflow', 'dataset_s3_bucket_producer_with_no_taskflow' retrieved from /home/airflow/.local/lib/python3.12/site-packages/airflow/example_dags/example_dataset_alias_with_no_taskflow.py
[2025-02-03T09:46:16.395+0000] {logging_mixin.py:190} INFO - [2025-02-03T09:46:16.394+0000] {dag.py:3239} INFO - Sync 4 DAGs
[2025-02-03T09:46:16.459+0000] {logging_mixin.py:190} INFO - [2025-02-03T09:46:16.459+0000] {dag.py:4180} INFO - Setting next_dagrun for dataset_alias_example_alias_consumer_with_no_taskflow to None, run_after=None
[2025-02-03T09:46:16.470+0000] {logging_mixin.py:190} INFO - [2025-02-03T09:46:16.469+0000] {dag.py:4180} INFO - Setting next_dagrun for dataset_alias_example_alias_producer_with_no_taskflow to None, run_after=None
[2025-02-03T09:46:16.473+0000] {logging_mixin.py:190} INFO - [2025-02-03T09:46:16.472+0000] {dag.py:4180} INFO - Setting next_dagrun for dataset_s3_bucket_consumer_with_no_taskflow to None, run_after=None
[2025-02-03T09:46:16.477+0000] {logging_mixin.py:190} INFO - [2025-02-03T09:46:16.476+0000] {dag.py:4180} INFO - Setting next_dagrun for dataset_s3_bucket_producer_with_no_taskflow to None, run_after=None
[2025-02-03T09:46:16.535+0000] {processor.py:208} INFO - Processing /home/airflow/.local/lib/python3.12/site-packages/airflow/example_dags/example_dataset_alias_with_no_taskflow.py took 1.462 seconds
[2025-02-03T09:55:21.029+0000] {processor.py:186} INFO - Started process (PID=54) to work on /home/airflow/.local/lib/python3.12/site-packages/airflow/example_dags/example_dataset_alias_with_no_taskflow.py
[2025-02-03T09:55:21.030+0000] {processor.py:914} INFO - Processing file /home/airflow/.local/lib/python3.12/site-packages/airflow/example_dags/example_dataset_alias_with_no_taskflow.py for tasks to queue
[2025-02-03T09:55:21.033+0000] {logging_mixin.py:190} INFO - [2025-02-03T09:55:21.033+0000] {dagbag.py:588} INFO - Filling up the DagBag from /home/airflow/.local/lib/python3.12/site-packages/airflow/example_dags/example_dataset_alias_with_no_taskflow.py
[2025-02-03T09:55:21.859+0000] {processor.py:925} INFO - DAG(s) 'dataset_s3_bucket_producer_with_no_taskflow', 'dataset_alias_example_alias_producer_with_no_taskflow', 'dataset_s3_bucket_consumer_with_no_taskflow', 'dataset_alias_example_alias_consumer_with_no_taskflow' retrieved from /home/airflow/.local/lib/python3.12/site-packages/airflow/example_dags/example_dataset_alias_with_no_taskflow.py
[2025-02-03T09:55:21.910+0000] {logging_mixin.py:190} INFO - [2025-02-03T09:55:21.909+0000] {dag.py:3239} INFO - Sync 4 DAGs
[2025-02-03T09:55:21.948+0000] {logging_mixin.py:190} INFO - [2025-02-03T09:55:21.948+0000] {dag.py:4180} INFO - Setting next_dagrun for dataset_alias_example_alias_consumer_with_no_taskflow to None, run_after=None
[2025-02-03T09:55:21.952+0000] {logging_mixin.py:190} INFO - [2025-02-03T09:55:21.951+0000] {dag.py:4180} INFO - Setting next_dagrun for dataset_alias_example_alias_producer_with_no_taskflow to None, run_after=None
[2025-02-03T09:55:21.962+0000] {logging_mixin.py:190} INFO - [2025-02-03T09:55:21.962+0000] {dag.py:4180} INFO - Setting next_dagrun for dataset_s3_bucket_consumer_with_no_taskflow to None, run_after=None
[2025-02-03T09:55:21.964+0000] {logging_mixin.py:190} INFO - [2025-02-03T09:55:21.964+0000] {dag.py:4180} INFO - Setting next_dagrun for dataset_s3_bucket_producer_with_no_taskflow to None, run_after=None
[2025-02-03T09:55:21.995+0000] {processor.py:208} INFO - Processing /home/airflow/.local/lib/python3.12/site-packages/airflow/example_dags/example_dataset_alias_with_no_taskflow.py took 0.972 seconds
[2025-02-03T09:55:52.644+0000] {processor.py:186} INFO - Started process (PID=118) to work on /home/airflow/.local/lib/python3.12/site-packages/airflow/example_dags/example_dataset_alias_with_no_taskflow.py
[2025-02-03T09:55:52.645+0000] {processor.py:914} INFO - Processing file /home/airflow/.local/lib/python3.12/site-packages/airflow/example_dags/example_dataset_alias_with_no_taskflow.py for tasks to queue
[2025-02-03T09:55:52.648+0000] {logging_mixin.py:190} INFO - [2025-02-03T09:55:52.648+0000] {dagbag.py:588} INFO - Filling up the DagBag from /home/airflow/.local/lib/python3.12/site-packages/airflow/example_dags/example_dataset_alias_with_no_taskflow.py
[2025-02-03T09:55:53.145+0000] {processor.py:925} INFO - DAG(s) 'dataset_s3_bucket_producer_with_no_taskflow', 'dataset_s3_bucket_consumer_with_no_taskflow', 'dataset_alias_example_alias_consumer_with_no_taskflow', 'dataset_alias_example_alias_producer_with_no_taskflow' retrieved from /home/airflow/.local/lib/python3.12/site-packages/airflow/example_dags/example_dataset_alias_with_no_taskflow.py
[2025-02-03T09:55:53.164+0000] {logging_mixin.py:190} INFO - [2025-02-03T09:55:53.164+0000] {dag.py:3239} INFO - Sync 4 DAGs
[2025-02-03T09:55:53.189+0000] {logging_mixin.py:190} INFO - [2025-02-03T09:55:53.189+0000] {dag.py:4180} INFO - Setting next_dagrun for dataset_alias_example_alias_consumer_with_no_taskflow to None, run_after=None
[2025-02-03T09:55:53.193+0000] {logging_mixin.py:190} INFO - [2025-02-03T09:55:53.193+0000] {dag.py:4180} INFO - Setting next_dagrun for dataset_alias_example_alias_producer_with_no_taskflow to None, run_after=None
[2025-02-03T09:55:53.195+0000] {logging_mixin.py:190} INFO - [2025-02-03T09:55:53.194+0000] {dag.py:4180} INFO - Setting next_dagrun for dataset_s3_bucket_consumer_with_no_taskflow to None, run_after=None
[2025-02-03T09:55:53.196+0000] {logging_mixin.py:190} INFO - [2025-02-03T09:55:53.196+0000] {dag.py:4180} INFO - Setting next_dagrun for dataset_s3_bucket_producer_with_no_taskflow to None, run_after=None
[2025-02-03T09:55:53.211+0000] {processor.py:208} INFO - Processing /home/airflow/.local/lib/python3.12/site-packages/airflow/example_dags/example_dataset_alias_with_no_taskflow.py took 0.572 seconds
[2025-02-03T09:56:23.304+0000] {processor.py:186} INFO - Started process (PID=182) to work on /home/airflow/.local/lib/python3.12/site-packages/airflow/example_dags/example_dataset_alias_with_no_taskflow.py
[2025-02-03T09:56:23.305+0000] {processor.py:914} INFO - Processing file /home/airflow/.local/lib/python3.12/site-packages/airflow/example_dags/example_dataset_alias_with_no_taskflow.py for tasks to queue
[2025-02-03T09:56:23.308+0000] {logging_mixin.py:190} INFO - [2025-02-03T09:56:23.307+0000] {dagbag.py:588} INFO - Filling up the DagBag from /home/airflow/.local/lib/python3.12/site-packages/airflow/example_dags/example_dataset_alias_with_no_taskflow.py
[2025-02-03T09:56:23.797+0000] {processor.py:925} INFO - DAG(s) 'dataset_alias_example_alias_producer_with_no_taskflow', 'dataset_s3_bucket_producer_with_no_taskflow', 'dataset_s3_bucket_consumer_with_no_taskflow', 'dataset_alias_example_alias_consumer_with_no_taskflow' retrieved from /home/airflow/.local/lib/python3.12/site-packages/airflow/example_dags/example_dataset_alias_with_no_taskflow.py
[2025-02-03T09:56:23.812+0000] {logging_mixin.py:190} INFO - [2025-02-03T09:56:23.811+0000] {dag.py:3239} INFO - Sync 4 DAGs
[2025-02-03T09:56:23.830+0000] {logging_mixin.py:190} INFO - [2025-02-03T09:56:23.830+0000] {dag.py:4180} INFO - Setting next_dagrun for dataset_alias_example_alias_consumer_with_no_taskflow to None, run_after=None
[2025-02-03T09:56:23.832+0000] {logging_mixin.py:190} INFO - [2025-02-03T09:56:23.832+0000] {dag.py:4180} INFO - Setting next_dagrun for dataset_alias_example_alias_producer_with_no_taskflow to None, run_after=None
[2025-02-03T09:56:23.834+0000] {logging_mixin.py:190} INFO - [2025-02-03T09:56:23.834+0000] {dag.py:4180} INFO - Setting next_dagrun for dataset_s3_bucket_consumer_with_no_taskflow to None, run_after=None
[2025-02-03T09:56:23.835+0000] {logging_mixin.py:190} INFO - [2025-02-03T09:56:23.835+0000] {dag.py:4180} INFO - Setting next_dagrun for dataset_s3_bucket_producer_with_no_taskflow to None, run_after=None
[2025-02-03T09:56:23.851+0000] {processor.py:208} INFO - Processing /home/airflow/.local/lib/python3.12/site-packages/airflow/example_dags/example_dataset_alias_with_no_taskflow.py took 0.556 seconds
[2025-02-03T09:56:53.937+0000] {processor.py:186} INFO - Started process (PID=246) to work on /home/airflow/.local/lib/python3.12/site-packages/airflow/example_dags/example_dataset_alias_with_no_taskflow.py
[2025-02-03T09:56:53.938+0000] {processor.py:914} INFO - Processing file /home/airflow/.local/lib/python3.12/site-packages/airflow/example_dags/example_dataset_alias_with_no_taskflow.py for tasks to queue
[2025-02-03T09:56:53.945+0000] {logging_mixin.py:190} INFO - [2025-02-03T09:56:53.943+0000] {dagbag.py:588} INFO - Filling up the DagBag from /home/airflow/.local/lib/python3.12/site-packages/airflow/example_dags/example_dataset_alias_with_no_taskflow.py
[2025-02-03T09:56:54.405+0000] {processor.py:925} INFO - DAG(s) 'dataset_alias_example_alias_consumer_with_no_taskflow', 'dataset_s3_bucket_consumer_with_no_taskflow', 'dataset_s3_bucket_producer_with_no_taskflow', 'dataset_alias_example_alias_producer_with_no_taskflow' retrieved from /home/airflow/.local/lib/python3.12/site-packages/airflow/example_dags/example_dataset_alias_with_no_taskflow.py
[2025-02-03T09:56:54.420+0000] {logging_mixin.py:190} INFO - [2025-02-03T09:56:54.420+0000] {dag.py:3239} INFO - Sync 4 DAGs
[2025-02-03T09:56:54.436+0000] {logging_mixin.py:190} INFO - [2025-02-03T09:56:54.436+0000] {dag.py:4180} INFO - Setting next_dagrun for dataset_alias_example_alias_consumer_with_no_taskflow to None, run_after=None
[2025-02-03T09:56:54.439+0000] {logging_mixin.py:190} INFO - [2025-02-03T09:56:54.439+0000] {dag.py:4180} INFO - Setting next_dagrun for dataset_alias_example_alias_producer_with_no_taskflow to None, run_after=None
[2025-02-03T09:56:54.441+0000] {logging_mixin.py:190} INFO - [2025-02-03T09:56:54.441+0000] {dag.py:4180} INFO - Setting next_dagrun for dataset_s3_bucket_consumer_with_no_taskflow to None, run_after=None
[2025-02-03T09:56:54.442+0000] {logging_mixin.py:190} INFO - [2025-02-03T09:56:54.442+0000] {dag.py:4180} INFO - Setting next_dagrun for dataset_s3_bucket_producer_with_no_taskflow to None, run_after=None
[2025-02-03T09:56:54.459+0000] {processor.py:208} INFO - Processing /home/airflow/.local/lib/python3.12/site-packages/airflow/example_dags/example_dataset_alias_with_no_taskflow.py took 0.527 seconds
[2025-02-03T09:57:31.620+0000] {processor.py:186} INFO - Started process (PID=310) to work on /home/airflow/.local/lib/python3.12/site-packages/airflow/example_dags/example_dataset_alias_with_no_taskflow.py
[2025-02-03T09:57:31.621+0000] {processor.py:914} INFO - Processing file /home/airflow/.local/lib/python3.12/site-packages/airflow/example_dags/example_dataset_alias_with_no_taskflow.py for tasks to queue
[2025-02-03T09:57:31.624+0000] {logging_mixin.py:190} INFO - [2025-02-03T09:57:31.623+0000] {dagbag.py:588} INFO - Filling up the DagBag from /home/airflow/.local/lib/python3.12/site-packages/airflow/example_dags/example_dataset_alias_with_no_taskflow.py
[2025-02-03T09:57:32.175+0000] {processor.py:925} INFO - DAG(s) 'dataset_s3_bucket_consumer_with_no_taskflow', 'dataset_alias_example_alias_producer_with_no_taskflow', 'dataset_s3_bucket_producer_with_no_taskflow', 'dataset_alias_example_alias_consumer_with_no_taskflow' retrieved from /home/airflow/.local/lib/python3.12/site-packages/airflow/example_dags/example_dataset_alias_with_no_taskflow.py
[2025-02-03T09:57:32.203+0000] {logging_mixin.py:190} INFO - [2025-02-03T09:57:32.203+0000] {dag.py:3239} INFO - Sync 4 DAGs
[2025-02-03T09:57:32.223+0000] {logging_mixin.py:190} INFO - [2025-02-03T09:57:32.223+0000] {dag.py:4180} INFO - Setting next_dagrun for dataset_alias_example_alias_consumer_with_no_taskflow to None, run_after=None
[2025-02-03T09:57:32.226+0000] {logging_mixin.py:190} INFO - [2025-02-03T09:57:32.226+0000] {dag.py:4180} INFO - Setting next_dagrun for dataset_alias_example_alias_producer_with_no_taskflow to None, run_after=None
[2025-02-03T09:57:32.227+0000] {logging_mixin.py:190} INFO - [2025-02-03T09:57:32.227+0000] {dag.py:4180} INFO - Setting next_dagrun for dataset_s3_bucket_consumer_with_no_taskflow to None, run_after=None
[2025-02-03T09:57:32.229+0000] {logging_mixin.py:190} INFO - [2025-02-03T09:57:32.229+0000] {dag.py:4180} INFO - Setting next_dagrun for dataset_s3_bucket_producer_with_no_taskflow to None, run_after=None
[2025-02-03T09:57:32.247+0000] {processor.py:208} INFO - Processing /home/airflow/.local/lib/python3.12/site-packages/airflow/example_dags/example_dataset_alias_with_no_taskflow.py took 0.632 seconds
[2025-02-03T09:58:02.694+0000] {processor.py:186} INFO - Started process (PID=374) to work on /home/airflow/.local/lib/python3.12/site-packages/airflow/example_dags/example_dataset_alias_with_no_taskflow.py
[2025-02-03T09:58:02.695+0000] {processor.py:914} INFO - Processing file /home/airflow/.local/lib/python3.12/site-packages/airflow/example_dags/example_dataset_alias_with_no_taskflow.py for tasks to queue
[2025-02-03T09:58:02.698+0000] {logging_mixin.py:190} INFO - [2025-02-03T09:58:02.698+0000] {dagbag.py:588} INFO - Filling up the DagBag from /home/airflow/.local/lib/python3.12/site-packages/airflow/example_dags/example_dataset_alias_with_no_taskflow.py
[2025-02-03T09:58:03.480+0000] {processor.py:925} INFO - DAG(s) 'dataset_alias_example_alias_producer_with_no_taskflow', 'dataset_s3_bucket_producer_with_no_taskflow', 'dataset_s3_bucket_consumer_with_no_taskflow', 'dataset_alias_example_alias_consumer_with_no_taskflow' retrieved from /home/airflow/.local/lib/python3.12/site-packages/airflow/example_dags/example_dataset_alias_with_no_taskflow.py
[2025-02-03T09:58:03.539+0000] {logging_mixin.py:190} INFO - [2025-02-03T09:58:03.538+0000] {dag.py:3239} INFO - Sync 4 DAGs
[2025-02-03T09:58:03.595+0000] {logging_mixin.py:190} INFO - [2025-02-03T09:58:03.595+0000] {dag.py:4180} INFO - Setting next_dagrun for dataset_alias_example_alias_consumer_with_no_taskflow to None, run_after=None
[2025-02-03T09:58:03.614+0000] {logging_mixin.py:190} INFO - [2025-02-03T09:58:03.614+0000] {dag.py:4180} INFO - Setting next_dagrun for dataset_alias_example_alias_producer_with_no_taskflow to None, run_after=None
[2025-02-03T09:58:03.615+0000] {logging_mixin.py:190} INFO - [2025-02-03T09:58:03.615+0000] {dag.py:4180} INFO - Setting next_dagrun for dataset_s3_bucket_consumer_with_no_taskflow to None, run_after=None
[2025-02-03T09:58:03.622+0000] {logging_mixin.py:190} INFO - [2025-02-03T09:58:03.621+0000] {dag.py:4180} INFO - Setting next_dagrun for dataset_s3_bucket_producer_with_no_taskflow to None, run_after=None
[2025-02-03T09:58:03.680+0000] {processor.py:208} INFO - Processing /home/airflow/.local/lib/python3.12/site-packages/airflow/example_dags/example_dataset_alias_with_no_taskflow.py took 0.991 seconds
[2025-02-03T09:58:34.001+0000] {processor.py:186} INFO - Started process (PID=437) to work on /home/airflow/.local/lib/python3.12/site-packages/airflow/example_dags/example_dataset_alias_with_no_taskflow.py
[2025-02-03T09:58:34.002+0000] {processor.py:914} INFO - Processing file /home/airflow/.local/lib/python3.12/site-packages/airflow/example_dags/example_dataset_alias_with_no_taskflow.py for tasks to queue
[2025-02-03T09:58:34.007+0000] {logging_mixin.py:190} INFO - [2025-02-03T09:58:34.006+0000] {dagbag.py:588} INFO - Filling up the DagBag from /home/airflow/.local/lib/python3.12/site-packages/airflow/example_dags/example_dataset_alias_with_no_taskflow.py
[2025-02-03T09:58:34.601+0000] {processor.py:925} INFO - DAG(s) 'dataset_alias_example_alias_producer_with_no_taskflow', 'dataset_alias_example_alias_consumer_with_no_taskflow', 'dataset_s3_bucket_consumer_with_no_taskflow', 'dataset_s3_bucket_producer_with_no_taskflow' retrieved from /home/airflow/.local/lib/python3.12/site-packages/airflow/example_dags/example_dataset_alias_with_no_taskflow.py
[2025-02-03T09:58:34.621+0000] {logging_mixin.py:190} INFO - [2025-02-03T09:58:34.620+0000] {dag.py:3239} INFO - Sync 4 DAGs
[2025-02-03T09:58:34.638+0000] {logging_mixin.py:190} INFO - [2025-02-03T09:58:34.638+0000] {dag.py:4180} INFO - Setting next_dagrun for dataset_alias_example_alias_consumer_with_no_taskflow to None, run_after=None
[2025-02-03T09:58:34.641+0000] {logging_mixin.py:190} INFO - [2025-02-03T09:58:34.641+0000] {dag.py:4180} INFO - Setting next_dagrun for dataset_alias_example_alias_producer_with_no_taskflow to None, run_after=None
[2025-02-03T09:58:34.642+0000] {logging_mixin.py:190} INFO - [2025-02-03T09:58:34.642+0000] {dag.py:4180} INFO - Setting next_dagrun for dataset_s3_bucket_consumer_with_no_taskflow to None, run_after=None
[2025-02-03T09:58:34.644+0000] {logging_mixin.py:190} INFO - [2025-02-03T09:58:34.644+0000] {dag.py:4180} INFO - Setting next_dagrun for dataset_s3_bucket_producer_with_no_taskflow to None, run_after=None
[2025-02-03T09:58:34.660+0000] {processor.py:208} INFO - Processing /home/airflow/.local/lib/python3.12/site-packages/airflow/example_dags/example_dataset_alias_with_no_taskflow.py took 0.664 seconds
[2025-02-03T09:59:05.400+0000] {processor.py:186} INFO - Started process (PID=504) to work on /home/airflow/.local/lib/python3.12/site-packages/airflow/example_dags/example_dataset_alias_with_no_taskflow.py
[2025-02-03T09:59:05.407+0000] {processor.py:914} INFO - Processing file /home/airflow/.local/lib/python3.12/site-packages/airflow/example_dags/example_dataset_alias_with_no_taskflow.py for tasks to queue
[2025-02-03T09:59:05.410+0000] {logging_mixin.py:190} INFO - [2025-02-03T09:59:05.409+0000] {dagbag.py:588} INFO - Filling up the DagBag from /home/airflow/.local/lib/python3.12/site-packages/airflow/example_dags/example_dataset_alias_with_no_taskflow.py
[2025-02-03T09:59:05.941+0000] {processor.py:925} INFO - DAG(s) 'dataset_s3_bucket_consumer_with_no_taskflow', 'dataset_s3_bucket_producer_with_no_taskflow', 'dataset_alias_example_alias_consumer_with_no_taskflow', 'dataset_alias_example_alias_producer_with_no_taskflow' retrieved from /home/airflow/.local/lib/python3.12/site-packages/airflow/example_dags/example_dataset_alias_with_no_taskflow.py
[2025-02-03T09:59:05.957+0000] {logging_mixin.py:190} INFO - [2025-02-03T09:59:05.957+0000] {dag.py:3239} INFO - Sync 4 DAGs
[2025-02-03T09:59:05.974+0000] {logging_mixin.py:190} INFO - [2025-02-03T09:59:05.974+0000] {dag.py:4180} INFO - Setting next_dagrun for dataset_alias_example_alias_consumer_with_no_taskflow to None, run_after=None
[2025-02-03T09:59:05.976+0000] {logging_mixin.py:190} INFO - [2025-02-03T09:59:05.976+0000] {dag.py:4180} INFO - Setting next_dagrun for dataset_alias_example_alias_producer_with_no_taskflow to None, run_after=None
[2025-02-03T09:59:05.978+0000] {logging_mixin.py:190} INFO - [2025-02-03T09:59:05.978+0000] {dag.py:4180} INFO - Setting next_dagrun for dataset_s3_bucket_consumer_with_no_taskflow to None, run_after=None
[2025-02-03T09:59:05.979+0000] {logging_mixin.py:190} INFO - [2025-02-03T09:59:05.979+0000] {dag.py:4180} INFO - Setting next_dagrun for dataset_s3_bucket_producer_with_no_taskflow to None, run_after=None
[2025-02-03T09:59:06.025+0000] {processor.py:208} INFO - Processing /home/airflow/.local/lib/python3.12/site-packages/airflow/example_dags/example_dataset_alias_with_no_taskflow.py took 0.631 seconds
[2025-02-03T09:59:36.150+0000] {processor.py:186} INFO - Started process (PID=568) to work on /home/airflow/.local/lib/python3.12/site-packages/airflow/example_dags/example_dataset_alias_with_no_taskflow.py
[2025-02-03T09:59:36.152+0000] {processor.py:914} INFO - Processing file /home/airflow/.local/lib/python3.12/site-packages/airflow/example_dags/example_dataset_alias_with_no_taskflow.py for tasks to queue
[2025-02-03T09:59:36.154+0000] {logging_mixin.py:190} INFO - [2025-02-03T09:59:36.154+0000] {dagbag.py:588} INFO - Filling up the DagBag from /home/airflow/.local/lib/python3.12/site-packages/airflow/example_dags/example_dataset_alias_with_no_taskflow.py
[2025-02-03T09:59:36.787+0000] {processor.py:925} INFO - DAG(s) 'dataset_alias_example_alias_producer_with_no_taskflow', 'dataset_s3_bucket_consumer_with_no_taskflow', 'dataset_alias_example_alias_consumer_with_no_taskflow', 'dataset_s3_bucket_producer_with_no_taskflow' retrieved from /home/airflow/.local/lib/python3.12/site-packages/airflow/example_dags/example_dataset_alias_with_no_taskflow.py
[2025-02-03T09:59:36.812+0000] {logging_mixin.py:190} INFO - [2025-02-03T09:59:36.811+0000] {dag.py:3239} INFO - Sync 4 DAGs
[2025-02-03T09:59:36.832+0000] {logging_mixin.py:190} INFO - [2025-02-03T09:59:36.831+0000] {dag.py:4180} INFO - Setting next_dagrun for dataset_alias_example_alias_consumer_with_no_taskflow to None, run_after=None
[2025-02-03T09:59:36.834+0000] {logging_mixin.py:190} INFO - [2025-02-03T09:59:36.834+0000] {dag.py:4180} INFO - Setting next_dagrun for dataset_alias_example_alias_producer_with_no_taskflow to None, run_after=None
[2025-02-03T09:59:36.835+0000] {logging_mixin.py:190} INFO - [2025-02-03T09:59:36.835+0000] {dag.py:4180} INFO - Setting next_dagrun for dataset_s3_bucket_consumer_with_no_taskflow to None, run_after=None
[2025-02-03T09:59:36.837+0000] {logging_mixin.py:190} INFO - [2025-02-03T09:59:36.837+0000] {dag.py:4180} INFO - Setting next_dagrun for dataset_s3_bucket_producer_with_no_taskflow to None, run_after=None
[2025-02-03T09:59:36.857+0000] {processor.py:208} INFO - Processing /home/airflow/.local/lib/python3.12/site-packages/airflow/example_dags/example_dataset_alias_with_no_taskflow.py took 0.713 seconds
[2025-02-03T10:00:07.848+0000] {processor.py:186} INFO - Started process (PID=632) to work on /home/airflow/.local/lib/python3.12/site-packages/airflow/example_dags/example_dataset_alias_with_no_taskflow.py
[2025-02-03T10:00:07.850+0000] {processor.py:914} INFO - Processing file /home/airflow/.local/lib/python3.12/site-packages/airflow/example_dags/example_dataset_alias_with_no_taskflow.py for tasks to queue
[2025-02-03T10:00:07.862+0000] {logging_mixin.py:190} INFO - [2025-02-03T10:00:07.861+0000] {dagbag.py:588} INFO - Filling up the DagBag from /home/airflow/.local/lib/python3.12/site-packages/airflow/example_dags/example_dataset_alias_with_no_taskflow.py
[2025-02-03T10:00:08.879+0000] {processor.py:925} INFO - DAG(s) 'dataset_s3_bucket_consumer_with_no_taskflow', 'dataset_alias_example_alias_consumer_with_no_taskflow', 'dataset_s3_bucket_producer_with_no_taskflow', 'dataset_alias_example_alias_producer_with_no_taskflow' retrieved from /home/airflow/.local/lib/python3.12/site-packages/airflow/example_dags/example_dataset_alias_with_no_taskflow.py
[2025-02-03T10:00:08.963+0000] {logging_mixin.py:190} INFO - [2025-02-03T10:00:08.962+0000] {dag.py:3239} INFO - Sync 4 DAGs
[2025-02-03T10:00:08.999+0000] {logging_mixin.py:190} INFO - [2025-02-03T10:00:08.999+0000] {dag.py:4180} INFO - Setting next_dagrun for dataset_alias_example_alias_consumer_with_no_taskflow to None, run_after=None
[2025-02-03T10:00:09.002+0000] {logging_mixin.py:190} INFO - [2025-02-03T10:00:09.002+0000] {dag.py:4180} INFO - Setting next_dagrun for dataset_alias_example_alias_producer_with_no_taskflow to None, run_after=None
[2025-02-03T10:00:09.003+0000] {logging_mixin.py:190} INFO - [2025-02-03T10:00:09.003+0000] {dag.py:4180} INFO - Setting next_dagrun for dataset_s3_bucket_consumer_with_no_taskflow to None, run_after=None
[2025-02-03T10:00:09.004+0000] {logging_mixin.py:190} INFO - [2025-02-03T10:00:09.004+0000] {dag.py:4180} INFO - Setting next_dagrun for dataset_s3_bucket_producer_with_no_taskflow to None, run_after=None
[2025-02-03T10:00:09.037+0000] {processor.py:208} INFO - Processing /home/airflow/.local/lib/python3.12/site-packages/airflow/example_dags/example_dataset_alias_with_no_taskflow.py took 1.195 seconds
[2025-02-03T10:00:39.529+0000] {processor.py:186} INFO - Started process (PID=696) to work on /home/airflow/.local/lib/python3.12/site-packages/airflow/example_dags/example_dataset_alias_with_no_taskflow.py
[2025-02-03T10:00:39.536+0000] {processor.py:914} INFO - Processing file /home/airflow/.local/lib/python3.12/site-packages/airflow/example_dags/example_dataset_alias_with_no_taskflow.py for tasks to queue
[2025-02-03T10:00:39.538+0000] {logging_mixin.py:190} INFO - [2025-02-03T10:00:39.538+0000] {dagbag.py:588} INFO - Filling up the DagBag from /home/airflow/.local/lib/python3.12/site-packages/airflow/example_dags/example_dataset_alias_with_no_taskflow.py
[2025-02-03T10:00:40.223+0000] {processor.py:925} INFO - DAG(s) 'dataset_s3_bucket_producer_with_no_taskflow', 'dataset_alias_example_alias_producer_with_no_taskflow', 'dataset_alias_example_alias_consumer_with_no_taskflow', 'dataset_s3_bucket_consumer_with_no_taskflow' retrieved from /home/airflow/.local/lib/python3.12/site-packages/airflow/example_dags/example_dataset_alias_with_no_taskflow.py
[2025-02-03T10:00:40.237+0000] {logging_mixin.py:190} INFO - [2025-02-03T10:00:40.237+0000] {dag.py:3239} INFO - Sync 4 DAGs
[2025-02-03T10:00:40.255+0000] {logging_mixin.py:190} INFO - [2025-02-03T10:00:40.255+0000] {dag.py:4180} INFO - Setting next_dagrun for dataset_alias_example_alias_consumer_with_no_taskflow to None, run_after=None
[2025-02-03T10:00:40.258+0000] {logging_mixin.py:190} INFO - [2025-02-03T10:00:40.258+0000] {dag.py:4180} INFO - Setting next_dagrun for dataset_alias_example_alias_producer_with_no_taskflow to None, run_after=None
[2025-02-03T10:00:40.261+0000] {logging_mixin.py:190} INFO - [2025-02-03T10:00:40.259+0000] {dag.py:4180} INFO - Setting next_dagrun for dataset_s3_bucket_consumer_with_no_taskflow to None, run_after=None
[2025-02-03T10:00:40.263+0000] {logging_mixin.py:190} INFO - [2025-02-03T10:00:40.263+0000] {dag.py:4180} INFO - Setting next_dagrun for dataset_s3_bucket_producer_with_no_taskflow to None, run_after=None
[2025-02-03T10:00:40.287+0000] {processor.py:208} INFO - Processing /home/airflow/.local/lib/python3.12/site-packages/airflow/example_dags/example_dataset_alias_with_no_taskflow.py took 0.764 seconds
[2025-02-03T10:01:12.394+0000] {processor.py:186} INFO - Started process (PID=759) to work on /home/airflow/.local/lib/python3.12/site-packages/airflow/example_dags/example_dataset_alias_with_no_taskflow.py
[2025-02-03T10:01:12.396+0000] {processor.py:914} INFO - Processing file /home/airflow/.local/lib/python3.12/site-packages/airflow/example_dags/example_dataset_alias_with_no_taskflow.py for tasks to queue
[2025-02-03T10:01:12.400+0000] {logging_mixin.py:190} INFO - [2025-02-03T10:01:12.399+0000] {dagbag.py:588} INFO - Filling up the DagBag from /home/airflow/.local/lib/python3.12/site-packages/airflow/example_dags/example_dataset_alias_with_no_taskflow.py
[2025-02-03T10:01:12.999+0000] {processor.py:925} INFO - DAG(s) 'dataset_alias_example_alias_producer_with_no_taskflow', 'dataset_s3_bucket_consumer_with_no_taskflow', 'dataset_alias_example_alias_consumer_with_no_taskflow', 'dataset_s3_bucket_producer_with_no_taskflow' retrieved from /home/airflow/.local/lib/python3.12/site-packages/airflow/example_dags/example_dataset_alias_with_no_taskflow.py
[2025-02-03T10:01:13.022+0000] {logging_mixin.py:190} INFO - [2025-02-03T10:01:13.022+0000] {dag.py:3239} INFO - Sync 4 DAGs
[2025-02-03T10:01:13.043+0000] {logging_mixin.py:190} INFO - [2025-02-03T10:01:13.043+0000] {dag.py:4180} INFO - Setting next_dagrun for dataset_alias_example_alias_consumer_with_no_taskflow to None, run_after=None
[2025-02-03T10:01:13.048+0000] {logging_mixin.py:190} INFO - [2025-02-03T10:01:13.047+0000] {dag.py:4180} INFO - Setting next_dagrun for dataset_alias_example_alias_producer_with_no_taskflow to None, run_after=None
[2025-02-03T10:01:13.057+0000] {logging_mixin.py:190} INFO - [2025-02-03T10:01:13.056+0000] {dag.py:4180} INFO - Setting next_dagrun for dataset_s3_bucket_consumer_with_no_taskflow to None, run_after=None
[2025-02-03T10:01:13.059+0000] {logging_mixin.py:190} INFO - [2025-02-03T10:01:13.059+0000] {dag.py:4180} INFO - Setting next_dagrun for dataset_s3_bucket_producer_with_no_taskflow to None, run_after=None
[2025-02-03T10:01:13.079+0000] {processor.py:208} INFO - Processing /home/airflow/.local/lib/python3.12/site-packages/airflow/example_dags/example_dataset_alias_with_no_taskflow.py took 0.692 seconds
[2025-02-03T10:01:44.343+0000] {processor.py:186} INFO - Started process (PID=823) to work on /home/airflow/.local/lib/python3.12/site-packages/airflow/example_dags/example_dataset_alias_with_no_taskflow.py
[2025-02-03T10:01:44.344+0000] {processor.py:914} INFO - Processing file /home/airflow/.local/lib/python3.12/site-packages/airflow/example_dags/example_dataset_alias_with_no_taskflow.py for tasks to queue
[2025-02-03T10:01:44.346+0000] {logging_mixin.py:190} INFO - [2025-02-03T10:01:44.346+0000] {dagbag.py:588} INFO - Filling up the DagBag from /home/airflow/.local/lib/python3.12/site-packages/airflow/example_dags/example_dataset_alias_with_no_taskflow.py
[2025-02-03T10:01:44.962+0000] {processor.py:925} INFO - DAG(s) 'dataset_alias_example_alias_consumer_with_no_taskflow', 'dataset_s3_bucket_consumer_with_no_taskflow', 'dataset_s3_bucket_producer_with_no_taskflow', 'dataset_alias_example_alias_producer_with_no_taskflow' retrieved from /home/airflow/.local/lib/python3.12/site-packages/airflow/example_dags/example_dataset_alias_with_no_taskflow.py
[2025-02-03T10:01:45.001+0000] {logging_mixin.py:190} INFO - [2025-02-03T10:01:44.999+0000] {dag.py:3239} INFO - Sync 4 DAGs
[2025-02-03T10:01:45.029+0000] {logging_mixin.py:190} INFO - [2025-02-03T10:01:45.028+0000] {dag.py:4180} INFO - Setting next_dagrun for dataset_alias_example_alias_consumer_with_no_taskflow to None, run_after=None
[2025-02-03T10:01:45.031+0000] {logging_mixin.py:190} INFO - [2025-02-03T10:01:45.031+0000] {dag.py:4180} INFO - Setting next_dagrun for dataset_alias_example_alias_producer_with_no_taskflow to None, run_after=None
[2025-02-03T10:01:45.033+0000] {logging_mixin.py:190} INFO - [2025-02-03T10:01:45.033+0000] {dag.py:4180} INFO - Setting next_dagrun for dataset_s3_bucket_consumer_with_no_taskflow to None, run_after=None
[2025-02-03T10:01:45.034+0000] {logging_mixin.py:190} INFO - [2025-02-03T10:01:45.034+0000] {dag.py:4180} INFO - Setting next_dagrun for dataset_s3_bucket_producer_with_no_taskflow to None, run_after=None
[2025-02-03T10:01:45.055+0000] {processor.py:208} INFO - Processing /home/airflow/.local/lib/python3.12/site-packages/airflow/example_dags/example_dataset_alias_with_no_taskflow.py took 0.721 seconds
[2025-02-03T10:02:15.126+0000] {processor.py:186} INFO - Started process (PID=887) to work on /home/airflow/.local/lib/python3.12/site-packages/airflow/example_dags/example_dataset_alias_with_no_taskflow.py
[2025-02-03T10:02:15.128+0000] {processor.py:914} INFO - Processing file /home/airflow/.local/lib/python3.12/site-packages/airflow/example_dags/example_dataset_alias_with_no_taskflow.py for tasks to queue
[2025-02-03T10:02:15.133+0000] {logging_mixin.py:190} INFO - [2025-02-03T10:02:15.132+0000] {dagbag.py:588} INFO - Filling up the DagBag from /home/airflow/.local/lib/python3.12/site-packages/airflow/example_dags/example_dataset_alias_with_no_taskflow.py
[2025-02-03T10:02:15.605+0000] {processor.py:925} INFO - DAG(s) 'dataset_alias_example_alias_consumer_with_no_taskflow', 'dataset_s3_bucket_producer_with_no_taskflow', 'dataset_s3_bucket_consumer_with_no_taskflow', 'dataset_alias_example_alias_producer_with_no_taskflow' retrieved from /home/airflow/.local/lib/python3.12/site-packages/airflow/example_dags/example_dataset_alias_with_no_taskflow.py
[2025-02-03T10:02:15.621+0000] {logging_mixin.py:190} INFO - [2025-02-03T10:02:15.621+0000] {dag.py:3239} INFO - Sync 4 DAGs
[2025-02-03T10:02:15.638+0000] {logging_mixin.py:190} INFO - [2025-02-03T10:02:15.638+0000] {dag.py:4180} INFO - Setting next_dagrun for dataset_alias_example_alias_consumer_with_no_taskflow to None, run_after=None
[2025-02-03T10:02:15.641+0000] {logging_mixin.py:190} INFO - [2025-02-03T10:02:15.641+0000] {dag.py:4180} INFO - Setting next_dagrun for dataset_alias_example_alias_producer_with_no_taskflow to None, run_after=None
[2025-02-03T10:02:15.642+0000] {logging_mixin.py:190} INFO - [2025-02-03T10:02:15.642+0000] {dag.py:4180} INFO - Setting next_dagrun for dataset_s3_bucket_consumer_with_no_taskflow to None, run_after=None
[2025-02-03T10:02:15.644+0000] {logging_mixin.py:190} INFO - [2025-02-03T10:02:15.644+0000] {dag.py:4180} INFO - Setting next_dagrun for dataset_s3_bucket_producer_with_no_taskflow to None, run_after=None
[2025-02-03T10:02:15.661+0000] {processor.py:208} INFO - Processing /home/airflow/.local/lib/python3.12/site-packages/airflow/example_dags/example_dataset_alias_with_no_taskflow.py took 0.541 seconds
[2025-02-03T10:02:46.256+0000] {processor.py:186} INFO - Started process (PID=951) to work on /home/airflow/.local/lib/python3.12/site-packages/airflow/example_dags/example_dataset_alias_with_no_taskflow.py
[2025-02-03T10:02:46.258+0000] {processor.py:914} INFO - Processing file /home/airflow/.local/lib/python3.12/site-packages/airflow/example_dags/example_dataset_alias_with_no_taskflow.py for tasks to queue
[2025-02-03T10:02:46.260+0000] {logging_mixin.py:190} INFO - [2025-02-03T10:02:46.259+0000] {dagbag.py:588} INFO - Filling up the DagBag from /home/airflow/.local/lib/python3.12/site-packages/airflow/example_dags/example_dataset_alias_with_no_taskflow.py
[2025-02-03T10:02:46.802+0000] {processor.py:925} INFO - DAG(s) 'dataset_alias_example_alias_consumer_with_no_taskflow', 'dataset_s3_bucket_producer_with_no_taskflow', 'dataset_alias_example_alias_producer_with_no_taskflow', 'dataset_s3_bucket_consumer_with_no_taskflow' retrieved from /home/airflow/.local/lib/python3.12/site-packages/airflow/example_dags/example_dataset_alias_with_no_taskflow.py
[2025-02-03T10:02:46.829+0000] {logging_mixin.py:190} INFO - [2025-02-03T10:02:46.828+0000] {dag.py:3239} INFO - Sync 4 DAGs
[2025-02-03T10:02:46.850+0000] {logging_mixin.py:190} INFO - [2025-02-03T10:02:46.850+0000] {dag.py:4180} INFO - Setting next_dagrun for dataset_alias_example_alias_consumer_with_no_taskflow to None, run_after=None
[2025-02-03T10:02:46.853+0000] {logging_mixin.py:190} INFO - [2025-02-03T10:02:46.853+0000] {dag.py:4180} INFO - Setting next_dagrun for dataset_alias_example_alias_producer_with_no_taskflow to None, run_after=None
[2025-02-03T10:02:46.857+0000] {logging_mixin.py:190} INFO - [2025-02-03T10:02:46.857+0000] {dag.py:4180} INFO - Setting next_dagrun for dataset_s3_bucket_consumer_with_no_taskflow to None, run_after=None
[2025-02-03T10:02:46.859+0000] {logging_mixin.py:190} INFO - [2025-02-03T10:02:46.859+0000] {dag.py:4180} INFO - Setting next_dagrun for dataset_s3_bucket_producer_with_no_taskflow to None, run_after=None
[2025-02-03T10:02:46.886+0000] {processor.py:208} INFO - Processing /home/airflow/.local/lib/python3.12/site-packages/airflow/example_dags/example_dataset_alias_with_no_taskflow.py took 0.635 seconds
[2025-02-03T10:03:17.730+0000] {processor.py:186} INFO - Started process (PID=1015) to work on /home/airflow/.local/lib/python3.12/site-packages/airflow/example_dags/example_dataset_alias_with_no_taskflow.py
[2025-02-03T10:03:17.731+0000] {processor.py:914} INFO - Processing file /home/airflow/.local/lib/python3.12/site-packages/airflow/example_dags/example_dataset_alias_with_no_taskflow.py for tasks to queue
[2025-02-03T10:03:17.744+0000] {logging_mixin.py:190} INFO - [2025-02-03T10:03:17.744+0000] {dagbag.py:588} INFO - Filling up the DagBag from /home/airflow/.local/lib/python3.12/site-packages/airflow/example_dags/example_dataset_alias_with_no_taskflow.py
[2025-02-03T10:03:18.591+0000] {processor.py:925} INFO - DAG(s) 'dataset_s3_bucket_consumer_with_no_taskflow', 'dataset_alias_example_alias_producer_with_no_taskflow', 'dataset_s3_bucket_producer_with_no_taskflow', 'dataset_alias_example_alias_consumer_with_no_taskflow' retrieved from /home/airflow/.local/lib/python3.12/site-packages/airflow/example_dags/example_dataset_alias_with_no_taskflow.py
[2025-02-03T10:03:18.642+0000] {logging_mixin.py:190} INFO - [2025-02-03T10:03:18.642+0000] {dag.py:3239} INFO - Sync 4 DAGs
[2025-02-03T10:03:18.679+0000] {logging_mixin.py:190} INFO - [2025-02-03T10:03:18.679+0000] {dag.py:4180} INFO - Setting next_dagrun for dataset_alias_example_alias_consumer_with_no_taskflow to None, run_after=None
[2025-02-03T10:03:18.684+0000] {logging_mixin.py:190} INFO - [2025-02-03T10:03:18.684+0000] {dag.py:4180} INFO - Setting next_dagrun for dataset_alias_example_alias_producer_with_no_taskflow to None, run_after=None
[2025-02-03T10:03:18.694+0000] {logging_mixin.py:190} INFO - [2025-02-03T10:03:18.694+0000] {dag.py:4180} INFO - Setting next_dagrun for dataset_s3_bucket_consumer_with_no_taskflow to None, run_after=None
[2025-02-03T10:03:18.699+0000] {logging_mixin.py:190} INFO - [2025-02-03T10:03:18.699+0000] {dag.py:4180} INFO - Setting next_dagrun for dataset_s3_bucket_producer_with_no_taskflow to None, run_after=None
[2025-02-03T10:03:18.732+0000] {processor.py:208} INFO - Processing /home/airflow/.local/lib/python3.12/site-packages/airflow/example_dags/example_dataset_alias_with_no_taskflow.py took 1.007 seconds
[2025-02-03T10:03:49.429+0000] {processor.py:186} INFO - Started process (PID=1083) to work on /home/airflow/.local/lib/python3.12/site-packages/airflow/example_dags/example_dataset_alias_with_no_taskflow.py
[2025-02-03T10:03:49.430+0000] {processor.py:914} INFO - Processing file /home/airflow/.local/lib/python3.12/site-packages/airflow/example_dags/example_dataset_alias_with_no_taskflow.py for tasks to queue
[2025-02-03T10:03:49.440+0000] {logging_mixin.py:190} INFO - [2025-02-03T10:03:49.437+0000] {dagbag.py:588} INFO - Filling up the DagBag from /home/airflow/.local/lib/python3.12/site-packages/airflow/example_dags/example_dataset_alias_with_no_taskflow.py
[2025-02-03T10:03:50.119+0000] {processor.py:925} INFO - DAG(s) 'dataset_alias_example_alias_consumer_with_no_taskflow', 'dataset_s3_bucket_consumer_with_no_taskflow', 'dataset_alias_example_alias_producer_with_no_taskflow', 'dataset_s3_bucket_producer_with_no_taskflow' retrieved from /home/airflow/.local/lib/python3.12/site-packages/airflow/example_dags/example_dataset_alias_with_no_taskflow.py
[2025-02-03T10:03:50.135+0000] {logging_mixin.py:190} INFO - [2025-02-03T10:03:50.135+0000] {dag.py:3239} INFO - Sync 4 DAGs
[2025-02-03T10:03:50.154+0000] {logging_mixin.py:190} INFO - [2025-02-03T10:03:50.154+0000] {dag.py:4180} INFO - Setting next_dagrun for dataset_alias_example_alias_consumer_with_no_taskflow to None, run_after=None
[2025-02-03T10:03:50.157+0000] {logging_mixin.py:190} INFO - [2025-02-03T10:03:50.156+0000] {dag.py:4180} INFO - Setting next_dagrun for dataset_alias_example_alias_producer_with_no_taskflow to None, run_after=None
[2025-02-03T10:03:50.159+0000] {logging_mixin.py:190} INFO - [2025-02-03T10:03:50.158+0000] {dag.py:4180} INFO - Setting next_dagrun for dataset_s3_bucket_consumer_with_no_taskflow to None, run_after=None
[2025-02-03T10:03:50.162+0000] {logging_mixin.py:190} INFO - [2025-02-03T10:03:50.161+0000] {dag.py:4180} INFO - Setting next_dagrun for dataset_s3_bucket_producer_with_no_taskflow to None, run_after=None
[2025-02-03T10:03:50.185+0000] {processor.py:208} INFO - Processing /home/airflow/.local/lib/python3.12/site-packages/airflow/example_dags/example_dataset_alias_with_no_taskflow.py took 0.761 seconds
[2025-02-03T10:04:21.484+0000] {processor.py:186} INFO - Started process (PID=1155) to work on /home/airflow/.local/lib/python3.12/site-packages/airflow/example_dags/example_dataset_alias_with_no_taskflow.py
[2025-02-03T10:04:21.485+0000] {processor.py:914} INFO - Processing file /home/airflow/.local/lib/python3.12/site-packages/airflow/example_dags/example_dataset_alias_with_no_taskflow.py for tasks to queue
[2025-02-03T10:04:21.488+0000] {logging_mixin.py:190} INFO - [2025-02-03T10:04:21.487+0000] {dagbag.py:588} INFO - Filling up the DagBag from /home/airflow/.local/lib/python3.12/site-packages/airflow/example_dags/example_dataset_alias_with_no_taskflow.py
[2025-02-03T10:04:22.561+0000] {processor.py:925} INFO - DAG(s) 'dataset_s3_bucket_producer_with_no_taskflow', 'dataset_alias_example_alias_consumer_with_no_taskflow', 'dataset_s3_bucket_consumer_with_no_taskflow', 'dataset_alias_example_alias_producer_with_no_taskflow' retrieved from /home/airflow/.local/lib/python3.12/site-packages/airflow/example_dags/example_dataset_alias_with_no_taskflow.py
[2025-02-03T10:04:22.586+0000] {logging_mixin.py:190} INFO - [2025-02-03T10:04:22.585+0000] {dag.py:3239} INFO - Sync 4 DAGs
[2025-02-03T10:04:22.620+0000] {logging_mixin.py:190} INFO - [2025-02-03T10:04:22.620+0000] {dag.py:4180} INFO - Setting next_dagrun for dataset_alias_example_alias_consumer_with_no_taskflow to None, run_after=None
[2025-02-03T10:04:22.628+0000] {logging_mixin.py:190} INFO - [2025-02-03T10:04:22.628+0000] {dag.py:4180} INFO - Setting next_dagrun for dataset_alias_example_alias_producer_with_no_taskflow to None, run_after=None
[2025-02-03T10:04:22.633+0000] {logging_mixin.py:190} INFO - [2025-02-03T10:04:22.632+0000] {dag.py:4180} INFO - Setting next_dagrun for dataset_s3_bucket_consumer_with_no_taskflow to None, run_after=None
[2025-02-03T10:04:22.635+0000] {logging_mixin.py:190} INFO - [2025-02-03T10:04:22.634+0000] {dag.py:4180} INFO - Setting next_dagrun for dataset_s3_bucket_producer_with_no_taskflow to None, run_after=None
[2025-02-03T10:04:22.671+0000] {processor.py:208} INFO - Processing /home/airflow/.local/lib/python3.12/site-packages/airflow/example_dags/example_dataset_alias_with_no_taskflow.py took 1.194 seconds
[2025-02-03T10:04:52.948+0000] {processor.py:186} INFO - Started process (PID=1219) to work on /home/airflow/.local/lib/python3.12/site-packages/airflow/example_dags/example_dataset_alias_with_no_taskflow.py
[2025-02-03T10:04:52.950+0000] {processor.py:914} INFO - Processing file /home/airflow/.local/lib/python3.12/site-packages/airflow/example_dags/example_dataset_alias_with_no_taskflow.py for tasks to queue
[2025-02-03T10:04:52.953+0000] {logging_mixin.py:190} INFO - [2025-02-03T10:04:52.953+0000] {dagbag.py:588} INFO - Filling up the DagBag from /home/airflow/.local/lib/python3.12/site-packages/airflow/example_dags/example_dataset_alias_with_no_taskflow.py
[2025-02-03T10:04:53.498+0000] {processor.py:925} INFO - DAG(s) 'dataset_s3_bucket_consumer_with_no_taskflow', 'dataset_s3_bucket_producer_with_no_taskflow', 'dataset_alias_example_alias_consumer_with_no_taskflow', 'dataset_alias_example_alias_producer_with_no_taskflow' retrieved from /home/airflow/.local/lib/python3.12/site-packages/airflow/example_dags/example_dataset_alias_with_no_taskflow.py
[2025-02-03T10:04:53.522+0000] {logging_mixin.py:190} INFO - [2025-02-03T10:04:53.521+0000] {dag.py:3239} INFO - Sync 4 DAGs
[2025-02-03T10:04:53.539+0000] {logging_mixin.py:190} INFO - [2025-02-03T10:04:53.539+0000] {dag.py:4180} INFO - Setting next_dagrun for dataset_alias_example_alias_consumer_with_no_taskflow to None, run_after=None
[2025-02-03T10:04:53.542+0000] {logging_mixin.py:190} INFO - [2025-02-03T10:04:53.542+0000] {dag.py:4180} INFO - Setting next_dagrun for dataset_alias_example_alias_producer_with_no_taskflow to None, run_after=None
[2025-02-03T10:04:53.544+0000] {logging_mixin.py:190} INFO - [2025-02-03T10:04:53.544+0000] {dag.py:4180} INFO - Setting next_dagrun for dataset_s3_bucket_consumer_with_no_taskflow to None, run_after=None
[2025-02-03T10:04:53.545+0000] {logging_mixin.py:190} INFO - [2025-02-03T10:04:53.545+0000] {dag.py:4180} INFO - Setting next_dagrun for dataset_s3_bucket_producer_with_no_taskflow to None, run_after=None
[2025-02-03T10:04:53.573+0000] {processor.py:208} INFO - Processing /home/airflow/.local/lib/python3.12/site-packages/airflow/example_dags/example_dataset_alias_with_no_taskflow.py took 0.631 seconds
[2025-02-03T10:05:24.644+0000] {processor.py:186} INFO - Started process (PID=1284) to work on /home/airflow/.local/lib/python3.12/site-packages/airflow/example_dags/example_dataset_alias_with_no_taskflow.py
[2025-02-03T10:05:24.645+0000] {processor.py:914} INFO - Processing file /home/airflow/.local/lib/python3.12/site-packages/airflow/example_dags/example_dataset_alias_with_no_taskflow.py for tasks to queue
[2025-02-03T10:05:24.647+0000] {logging_mixin.py:190} INFO - [2025-02-03T10:05:24.647+0000] {dagbag.py:588} INFO - Filling up the DagBag from /home/airflow/.local/lib/python3.12/site-packages/airflow/example_dags/example_dataset_alias_with_no_taskflow.py
[2025-02-03T10:05:25.182+0000] {processor.py:925} INFO - DAG(s) 'dataset_alias_example_alias_consumer_with_no_taskflow', 'dataset_s3_bucket_consumer_with_no_taskflow', 'dataset_alias_example_alias_producer_with_no_taskflow', 'dataset_s3_bucket_producer_with_no_taskflow' retrieved from /home/airflow/.local/lib/python3.12/site-packages/airflow/example_dags/example_dataset_alias_with_no_taskflow.py
[2025-02-03T10:05:25.202+0000] {logging_mixin.py:190} INFO - [2025-02-03T10:05:25.201+0000] {dag.py:3239} INFO - Sync 4 DAGs
[2025-02-03T10:05:25.223+0000] {logging_mixin.py:190} INFO - [2025-02-03T10:05:25.222+0000] {dag.py:4180} INFO - Setting next_dagrun for dataset_alias_example_alias_consumer_with_no_taskflow to None, run_after=None
[2025-02-03T10:05:25.226+0000] {logging_mixin.py:190} INFO - [2025-02-03T10:05:25.226+0000] {dag.py:4180} INFO - Setting next_dagrun for dataset_alias_example_alias_producer_with_no_taskflow to None, run_after=None
[2025-02-03T10:05:25.227+0000] {logging_mixin.py:190} INFO - [2025-02-03T10:05:25.227+0000] {dag.py:4180} INFO - Setting next_dagrun for dataset_s3_bucket_consumer_with_no_taskflow to None, run_after=None
[2025-02-03T10:05:25.228+0000] {logging_mixin.py:190} INFO - [2025-02-03T10:05:25.228+0000] {dag.py:4180} INFO - Setting next_dagrun for dataset_s3_bucket_producer_with_no_taskflow to None, run_after=None
[2025-02-03T10:05:25.255+0000] {processor.py:208} INFO - Processing /home/airflow/.local/lib/python3.12/site-packages/airflow/example_dags/example_dataset_alias_with_no_taskflow.py took 0.617 seconds
[2025-02-03T10:05:55.371+0000] {processor.py:186} INFO - Started process (PID=1348) to work on /home/airflow/.local/lib/python3.12/site-packages/airflow/example_dags/example_dataset_alias_with_no_taskflow.py
[2025-02-03T10:05:55.373+0000] {processor.py:914} INFO - Processing file /home/airflow/.local/lib/python3.12/site-packages/airflow/example_dags/example_dataset_alias_with_no_taskflow.py for tasks to queue
[2025-02-03T10:05:55.376+0000] {logging_mixin.py:190} INFO - [2025-02-03T10:05:55.375+0000] {dagbag.py:588} INFO - Filling up the DagBag from /home/airflow/.local/lib/python3.12/site-packages/airflow/example_dags/example_dataset_alias_with_no_taskflow.py
[2025-02-03T10:05:55.907+0000] {processor.py:925} INFO - DAG(s) 'dataset_s3_bucket_producer_with_no_taskflow', 'dataset_s3_bucket_consumer_with_no_taskflow', 'dataset_alias_example_alias_producer_with_no_taskflow', 'dataset_alias_example_alias_consumer_with_no_taskflow' retrieved from /home/airflow/.local/lib/python3.12/site-packages/airflow/example_dags/example_dataset_alias_with_no_taskflow.py
[2025-02-03T10:05:55.933+0000] {logging_mixin.py:190} INFO - [2025-02-03T10:05:55.933+0000] {dag.py:3239} INFO - Sync 4 DAGs
[2025-02-03T10:05:55.952+0000] {logging_mixin.py:190} INFO - [2025-02-03T10:05:55.951+0000] {dag.py:4180} INFO - Setting next_dagrun for dataset_alias_example_alias_consumer_with_no_taskflow to None, run_after=None
[2025-02-03T10:05:55.954+0000] {logging_mixin.py:190} INFO - [2025-02-03T10:05:55.954+0000] {dag.py:4180} INFO - Setting next_dagrun for dataset_alias_example_alias_producer_with_no_taskflow to None, run_after=None
[2025-02-03T10:05:55.956+0000] {logging_mixin.py:190} INFO - [2025-02-03T10:05:55.956+0000] {dag.py:4180} INFO - Setting next_dagrun for dataset_s3_bucket_consumer_with_no_taskflow to None, run_after=None
[2025-02-03T10:05:55.958+0000] {logging_mixin.py:190} INFO - [2025-02-03T10:05:55.958+0000] {dag.py:4180} INFO - Setting next_dagrun for dataset_s3_bucket_producer_with_no_taskflow to None, run_after=None
[2025-02-03T10:05:55.981+0000] {processor.py:208} INFO - Processing /home/airflow/.local/lib/python3.12/site-packages/airflow/example_dags/example_dataset_alias_with_no_taskflow.py took 0.615 seconds
[2025-02-03T10:06:26.547+0000] {processor.py:186} INFO - Started process (PID=1412) to work on /home/airflow/.local/lib/python3.12/site-packages/airflow/example_dags/example_dataset_alias_with_no_taskflow.py
[2025-02-03T10:06:26.548+0000] {processor.py:914} INFO - Processing file /home/airflow/.local/lib/python3.12/site-packages/airflow/example_dags/example_dataset_alias_with_no_taskflow.py for tasks to queue
[2025-02-03T10:06:26.551+0000] {logging_mixin.py:190} INFO - [2025-02-03T10:06:26.551+0000] {dagbag.py:588} INFO - Filling up the DagBag from /home/airflow/.local/lib/python3.12/site-packages/airflow/example_dags/example_dataset_alias_with_no_taskflow.py
[2025-02-03T10:06:27.083+0000] {processor.py:925} INFO - DAG(s) 'dataset_s3_bucket_consumer_with_no_taskflow', 'dataset_alias_example_alias_producer_with_no_taskflow', 'dataset_s3_bucket_producer_with_no_taskflow', 'dataset_alias_example_alias_consumer_with_no_taskflow' retrieved from /home/airflow/.local/lib/python3.12/site-packages/airflow/example_dags/example_dataset_alias_with_no_taskflow.py
[2025-02-03T10:06:27.106+0000] {logging_mixin.py:190} INFO - [2025-02-03T10:06:27.106+0000] {dag.py:3239} INFO - Sync 4 DAGs
[2025-02-03T10:06:27.130+0000] {logging_mixin.py:190} INFO - [2025-02-03T10:06:27.130+0000] {dag.py:4180} INFO - Setting next_dagrun for dataset_alias_example_alias_consumer_with_no_taskflow to None, run_after=None
[2025-02-03T10:06:27.133+0000] {logging_mixin.py:190} INFO - [2025-02-03T10:06:27.133+0000] {dag.py:4180} INFO - Setting next_dagrun for dataset_alias_example_alias_producer_with_no_taskflow to None, run_after=None
[2025-02-03T10:06:27.134+0000] {logging_mixin.py:190} INFO - [2025-02-03T10:06:27.134+0000] {dag.py:4180} INFO - Setting next_dagrun for dataset_s3_bucket_consumer_with_no_taskflow to None, run_after=None
[2025-02-03T10:06:27.136+0000] {logging_mixin.py:190} INFO - [2025-02-03T10:06:27.135+0000] {dag.py:4180} INFO - Setting next_dagrun for dataset_s3_bucket_producer_with_no_taskflow to None, run_after=None
[2025-02-03T10:06:27.157+0000] {processor.py:208} INFO - Processing /home/airflow/.local/lib/python3.12/site-packages/airflow/example_dags/example_dataset_alias_with_no_taskflow.py took 0.614 seconds
[2025-02-03T10:13:03.681+0000] {processor.py:186} INFO - Started process (PID=56) to work on /home/airflow/.local/lib/python3.12/site-packages/airflow/example_dags/example_dataset_alias_with_no_taskflow.py
[2025-02-03T10:13:03.685+0000] {processor.py:914} INFO - Processing file /home/airflow/.local/lib/python3.12/site-packages/airflow/example_dags/example_dataset_alias_with_no_taskflow.py for tasks to queue
[2025-02-03T10:13:03.688+0000] {logging_mixin.py:190} INFO - [2025-02-03T10:13:03.688+0000] {dagbag.py:588} INFO - Filling up the DagBag from /home/airflow/.local/lib/python3.12/site-packages/airflow/example_dags/example_dataset_alias_with_no_taskflow.py
[2025-02-03T10:13:04.558+0000] {processor.py:925} INFO - DAG(s) 'dataset_s3_bucket_consumer_with_no_taskflow', 'dataset_alias_example_alias_consumer_with_no_taskflow', 'dataset_alias_example_alias_producer_with_no_taskflow', 'dataset_s3_bucket_producer_with_no_taskflow' retrieved from /home/airflow/.local/lib/python3.12/site-packages/airflow/example_dags/example_dataset_alias_with_no_taskflow.py
[2025-02-03T10:13:04.593+0000] {logging_mixin.py:190} INFO - [2025-02-03T10:13:04.592+0000] {dag.py:3239} INFO - Sync 4 DAGs
[2025-02-03T10:13:04.635+0000] {logging_mixin.py:190} INFO - [2025-02-03T10:13:04.634+0000] {dag.py:4180} INFO - Setting next_dagrun for dataset_alias_example_alias_consumer_with_no_taskflow to None, run_after=None
[2025-02-03T10:13:04.638+0000] {logging_mixin.py:190} INFO - [2025-02-03T10:13:04.637+0000] {dag.py:4180} INFO - Setting next_dagrun for dataset_alias_example_alias_producer_with_no_taskflow to None, run_after=None
[2025-02-03T10:13:04.639+0000] {logging_mixin.py:190} INFO - [2025-02-03T10:13:04.639+0000] {dag.py:4180} INFO - Setting next_dagrun for dataset_s3_bucket_consumer_with_no_taskflow to None, run_after=None
[2025-02-03T10:13:04.641+0000] {logging_mixin.py:190} INFO - [2025-02-03T10:13:04.641+0000] {dag.py:4180} INFO - Setting next_dagrun for dataset_s3_bucket_producer_with_no_taskflow to None, run_after=None
[2025-02-03T10:13:04.699+0000] {processor.py:208} INFO - Processing /home/airflow/.local/lib/python3.12/site-packages/airflow/example_dags/example_dataset_alias_with_no_taskflow.py took 1.023 seconds
[2025-02-03T10:13:35.232+0000] {processor.py:186} INFO - Started process (PID=121) to work on /home/airflow/.local/lib/python3.12/site-packages/airflow/example_dags/example_dataset_alias_with_no_taskflow.py
[2025-02-03T10:13:35.234+0000] {processor.py:914} INFO - Processing file /home/airflow/.local/lib/python3.12/site-packages/airflow/example_dags/example_dataset_alias_with_no_taskflow.py for tasks to queue
[2025-02-03T10:13:35.238+0000] {logging_mixin.py:190} INFO - [2025-02-03T10:13:35.237+0000] {dagbag.py:588} INFO - Filling up the DagBag from /home/airflow/.local/lib/python3.12/site-packages/airflow/example_dags/example_dataset_alias_with_no_taskflow.py
[2025-02-03T10:13:36.205+0000] {processor.py:925} INFO - DAG(s) 'dataset_s3_bucket_consumer_with_no_taskflow', 'dataset_alias_example_alias_consumer_with_no_taskflow', 'dataset_alias_example_alias_producer_with_no_taskflow', 'dataset_s3_bucket_producer_with_no_taskflow' retrieved from /home/airflow/.local/lib/python3.12/site-packages/airflow/example_dags/example_dataset_alias_with_no_taskflow.py
[2025-02-03T10:13:36.253+0000] {logging_mixin.py:190} INFO - [2025-02-03T10:13:36.252+0000] {dag.py:3239} INFO - Sync 4 DAGs
[2025-02-03T10:13:36.288+0000] {logging_mixin.py:190} INFO - [2025-02-03T10:13:36.288+0000] {dag.py:4180} INFO - Setting next_dagrun for dataset_alias_example_alias_consumer_with_no_taskflow to None, run_after=None
[2025-02-03T10:13:36.298+0000] {logging_mixin.py:190} INFO - [2025-02-03T10:13:36.298+0000] {dag.py:4180} INFO - Setting next_dagrun for dataset_alias_example_alias_producer_with_no_taskflow to None, run_after=None
[2025-02-03T10:13:36.302+0000] {logging_mixin.py:190} INFO - [2025-02-03T10:13:36.301+0000] {dag.py:4180} INFO - Setting next_dagrun for dataset_s3_bucket_consumer_with_no_taskflow to None, run_after=None
[2025-02-03T10:13:36.305+0000] {logging_mixin.py:190} INFO - [2025-02-03T10:13:36.305+0000] {dag.py:4180} INFO - Setting next_dagrun for dataset_s3_bucket_producer_with_no_taskflow to None, run_after=None
[2025-02-03T10:13:36.344+0000] {processor.py:208} INFO - Processing /home/airflow/.local/lib/python3.12/site-packages/airflow/example_dags/example_dataset_alias_with_no_taskflow.py took 1.124 seconds
[2025-02-03T10:14:06.637+0000] {processor.py:186} INFO - Started process (PID=185) to work on /home/airflow/.local/lib/python3.12/site-packages/airflow/example_dags/example_dataset_alias_with_no_taskflow.py
[2025-02-03T10:14:06.639+0000] {processor.py:914} INFO - Processing file /home/airflow/.local/lib/python3.12/site-packages/airflow/example_dags/example_dataset_alias_with_no_taskflow.py for tasks to queue
[2025-02-03T10:14:06.644+0000] {logging_mixin.py:190} INFO - [2025-02-03T10:14:06.643+0000] {dagbag.py:588} INFO - Filling up the DagBag from /home/airflow/.local/lib/python3.12/site-packages/airflow/example_dags/example_dataset_alias_with_no_taskflow.py
[2025-02-03T10:14:07.999+0000] {processor.py:925} INFO - DAG(s) 'dataset_alias_example_alias_consumer_with_no_taskflow', 'dataset_s3_bucket_consumer_with_no_taskflow', 'dataset_s3_bucket_producer_with_no_taskflow', 'dataset_alias_example_alias_producer_with_no_taskflow' retrieved from /home/airflow/.local/lib/python3.12/site-packages/airflow/example_dags/example_dataset_alias_with_no_taskflow.py
[2025-02-03T10:14:08.051+0000] {logging_mixin.py:190} INFO - [2025-02-03T10:14:08.050+0000] {dag.py:3239} INFO - Sync 4 DAGs
[2025-02-03T10:14:08.129+0000] {logging_mixin.py:190} INFO - [2025-02-03T10:14:08.129+0000] {dag.py:4180} INFO - Setting next_dagrun for dataset_alias_example_alias_consumer_with_no_taskflow to None, run_after=None
[2025-02-03T10:14:08.155+0000] {logging_mixin.py:190} INFO - [2025-02-03T10:14:08.155+0000] {dag.py:4180} INFO - Setting next_dagrun for dataset_alias_example_alias_producer_with_no_taskflow to None, run_after=None
[2025-02-03T10:14:08.165+0000] {logging_mixin.py:190} INFO - [2025-02-03T10:14:08.165+0000] {dag.py:4180} INFO - Setting next_dagrun for dataset_s3_bucket_consumer_with_no_taskflow to None, run_after=None
[2025-02-03T10:14:08.168+0000] {logging_mixin.py:190} INFO - [2025-02-03T10:14:08.168+0000] {dag.py:4180} INFO - Setting next_dagrun for dataset_s3_bucket_producer_with_no_taskflow to None, run_after=None
[2025-02-03T10:14:08.223+0000] {processor.py:208} INFO - Processing /home/airflow/.local/lib/python3.12/site-packages/airflow/example_dags/example_dataset_alias_with_no_taskflow.py took 1.598 seconds
[2025-02-03T10:14:38.329+0000] {processor.py:186} INFO - Started process (PID=249) to work on /home/airflow/.local/lib/python3.12/site-packages/airflow/example_dags/example_dataset_alias_with_no_taskflow.py
[2025-02-03T10:14:38.331+0000] {processor.py:914} INFO - Processing file /home/airflow/.local/lib/python3.12/site-packages/airflow/example_dags/example_dataset_alias_with_no_taskflow.py for tasks to queue
[2025-02-03T10:14:38.334+0000] {logging_mixin.py:190} INFO - [2025-02-03T10:14:38.334+0000] {dagbag.py:588} INFO - Filling up the DagBag from /home/airflow/.local/lib/python3.12/site-packages/airflow/example_dags/example_dataset_alias_with_no_taskflow.py
[2025-02-03T10:14:38.802+0000] {processor.py:925} INFO - DAG(s) 'dataset_alias_example_alias_consumer_with_no_taskflow', 'dataset_s3_bucket_consumer_with_no_taskflow', 'dataset_s3_bucket_producer_with_no_taskflow', 'dataset_alias_example_alias_producer_with_no_taskflow' retrieved from /home/airflow/.local/lib/python3.12/site-packages/airflow/example_dags/example_dataset_alias_with_no_taskflow.py
[2025-02-03T10:14:38.820+0000] {logging_mixin.py:190} INFO - [2025-02-03T10:14:38.820+0000] {dag.py:3239} INFO - Sync 4 DAGs
[2025-02-03T10:14:38.838+0000] {logging_mixin.py:190} INFO - [2025-02-03T10:14:38.838+0000] {dag.py:4180} INFO - Setting next_dagrun for dataset_alias_example_alias_consumer_with_no_taskflow to None, run_after=None
[2025-02-03T10:14:38.841+0000] {logging_mixin.py:190} INFO - [2025-02-03T10:14:38.841+0000] {dag.py:4180} INFO - Setting next_dagrun for dataset_alias_example_alias_producer_with_no_taskflow to None, run_after=None
[2025-02-03T10:14:38.843+0000] {logging_mixin.py:190} INFO - [2025-02-03T10:14:38.843+0000] {dag.py:4180} INFO - Setting next_dagrun for dataset_s3_bucket_consumer_with_no_taskflow to None, run_after=None
[2025-02-03T10:14:38.845+0000] {logging_mixin.py:190} INFO - [2025-02-03T10:14:38.844+0000] {dag.py:4180} INFO - Setting next_dagrun for dataset_s3_bucket_producer_with_no_taskflow to None, run_after=None
[2025-02-03T10:14:38.862+0000] {processor.py:208} INFO - Processing /home/airflow/.local/lib/python3.12/site-packages/airflow/example_dags/example_dataset_alias_with_no_taskflow.py took 0.540 seconds
[2025-02-03T10:15:09.321+0000] {processor.py:186} INFO - Started process (PID=314) to work on /home/airflow/.local/lib/python3.12/site-packages/airflow/example_dags/example_dataset_alias_with_no_taskflow.py
[2025-02-03T10:15:09.322+0000] {processor.py:914} INFO - Processing file /home/airflow/.local/lib/python3.12/site-packages/airflow/example_dags/example_dataset_alias_with_no_taskflow.py for tasks to queue
[2025-02-03T10:15:09.324+0000] {logging_mixin.py:190} INFO - [2025-02-03T10:15:09.324+0000] {dagbag.py:588} INFO - Filling up the DagBag from /home/airflow/.local/lib/python3.12/site-packages/airflow/example_dags/example_dataset_alias_with_no_taskflow.py
[2025-02-03T10:15:09.779+0000] {processor.py:925} INFO - DAG(s) 'dataset_s3_bucket_producer_with_no_taskflow', 'dataset_alias_example_alias_producer_with_no_taskflow', 'dataset_alias_example_alias_consumer_with_no_taskflow', 'dataset_s3_bucket_consumer_with_no_taskflow' retrieved from /home/airflow/.local/lib/python3.12/site-packages/airflow/example_dags/example_dataset_alias_with_no_taskflow.py
[2025-02-03T10:15:09.794+0000] {logging_mixin.py:190} INFO - [2025-02-03T10:15:09.794+0000] {dag.py:3239} INFO - Sync 4 DAGs
[2025-02-03T10:15:09.818+0000] {logging_mixin.py:190} INFO - [2025-02-03T10:15:09.818+0000] {dag.py:4180} INFO - Setting next_dagrun for dataset_alias_example_alias_consumer_with_no_taskflow to None, run_after=None
[2025-02-03T10:15:09.821+0000] {logging_mixin.py:190} INFO - [2025-02-03T10:15:09.821+0000] {dag.py:4180} INFO - Setting next_dagrun for dataset_alias_example_alias_producer_with_no_taskflow to None, run_after=None
[2025-02-03T10:15:09.822+0000] {logging_mixin.py:190} INFO - [2025-02-03T10:15:09.822+0000] {dag.py:4180} INFO - Setting next_dagrun for dataset_s3_bucket_consumer_with_no_taskflow to None, run_after=None
[2025-02-03T10:15:09.823+0000] {logging_mixin.py:190} INFO - [2025-02-03T10:15:09.823+0000] {dag.py:4180} INFO - Setting next_dagrun for dataset_s3_bucket_producer_with_no_taskflow to None, run_after=None
[2025-02-03T10:15:09.840+0000] {processor.py:208} INFO - Processing /home/airflow/.local/lib/python3.12/site-packages/airflow/example_dags/example_dataset_alias_with_no_taskflow.py took 0.523 seconds
[2025-02-03T10:15:40.114+0000] {processor.py:186} INFO - Started process (PID=380) to work on /home/airflow/.local/lib/python3.12/site-packages/airflow/example_dags/example_dataset_alias_with_no_taskflow.py
[2025-02-03T10:15:40.115+0000] {processor.py:914} INFO - Processing file /home/airflow/.local/lib/python3.12/site-packages/airflow/example_dags/example_dataset_alias_with_no_taskflow.py for tasks to queue
[2025-02-03T10:15:40.118+0000] {logging_mixin.py:190} INFO - [2025-02-03T10:15:40.117+0000] {dagbag.py:588} INFO - Filling up the DagBag from /home/airflow/.local/lib/python3.12/site-packages/airflow/example_dags/example_dataset_alias_with_no_taskflow.py
[2025-02-03T10:15:40.599+0000] {processor.py:925} INFO - DAG(s) 'dataset_s3_bucket_producer_with_no_taskflow', 'dataset_alias_example_alias_consumer_with_no_taskflow', 'dataset_s3_bucket_consumer_with_no_taskflow', 'dataset_alias_example_alias_producer_with_no_taskflow' retrieved from /home/airflow/.local/lib/python3.12/site-packages/airflow/example_dags/example_dataset_alias_with_no_taskflow.py
[2025-02-03T10:15:40.616+0000] {logging_mixin.py:190} INFO - [2025-02-03T10:15:40.616+0000] {dag.py:3239} INFO - Sync 4 DAGs
[2025-02-03T10:15:40.633+0000] {logging_mixin.py:190} INFO - [2025-02-03T10:15:40.633+0000] {dag.py:4180} INFO - Setting next_dagrun for dataset_alias_example_alias_consumer_with_no_taskflow to None, run_after=None
[2025-02-03T10:15:40.637+0000] {logging_mixin.py:190} INFO - [2025-02-03T10:15:40.637+0000] {dag.py:4180} INFO - Setting next_dagrun for dataset_alias_example_alias_producer_with_no_taskflow to None, run_after=None
[2025-02-03T10:15:40.639+0000] {logging_mixin.py:190} INFO - [2025-02-03T10:15:40.639+0000] {dag.py:4180} INFO - Setting next_dagrun for dataset_s3_bucket_consumer_with_no_taskflow to None, run_after=None
[2025-02-03T10:15:40.640+0000] {logging_mixin.py:190} INFO - [2025-02-03T10:15:40.640+0000] {dag.py:4180} INFO - Setting next_dagrun for dataset_s3_bucket_producer_with_no_taskflow to None, run_after=None
[2025-02-03T10:15:40.662+0000] {processor.py:208} INFO - Processing /home/airflow/.local/lib/python3.12/site-packages/airflow/example_dags/example_dataset_alias_with_no_taskflow.py took 0.552 seconds
[2025-02-03T10:16:11.781+0000] {processor.py:186} INFO - Started process (PID=444) to work on /home/airflow/.local/lib/python3.12/site-packages/airflow/example_dags/example_dataset_alias_with_no_taskflow.py
[2025-02-03T10:16:11.783+0000] {processor.py:914} INFO - Processing file /home/airflow/.local/lib/python3.12/site-packages/airflow/example_dags/example_dataset_alias_with_no_taskflow.py for tasks to queue
[2025-02-03T10:16:11.791+0000] {logging_mixin.py:190} INFO - [2025-02-03T10:16:11.791+0000] {dagbag.py:588} INFO - Filling up the DagBag from /home/airflow/.local/lib/python3.12/site-packages/airflow/example_dags/example_dataset_alias_with_no_taskflow.py
[2025-02-03T10:16:12.673+0000] {processor.py:925} INFO - DAG(s) 'dataset_s3_bucket_consumer_with_no_taskflow', 'dataset_s3_bucket_producer_with_no_taskflow', 'dataset_alias_example_alias_producer_with_no_taskflow', 'dataset_alias_example_alias_consumer_with_no_taskflow' retrieved from /home/airflow/.local/lib/python3.12/site-packages/airflow/example_dags/example_dataset_alias_with_no_taskflow.py
[2025-02-03T10:16:12.695+0000] {logging_mixin.py:190} INFO - [2025-02-03T10:16:12.695+0000] {dag.py:3239} INFO - Sync 4 DAGs
[2025-02-03T10:16:12.716+0000] {logging_mixin.py:190} INFO - [2025-02-03T10:16:12.716+0000] {dag.py:4180} INFO - Setting next_dagrun for dataset_alias_example_alias_consumer_with_no_taskflow to None, run_after=None
[2025-02-03T10:16:12.719+0000] {logging_mixin.py:190} INFO - [2025-02-03T10:16:12.718+0000] {dag.py:4180} INFO - Setting next_dagrun for dataset_alias_example_alias_producer_with_no_taskflow to None, run_after=None
[2025-02-03T10:16:12.721+0000] {logging_mixin.py:190} INFO - [2025-02-03T10:16:12.721+0000] {dag.py:4180} INFO - Setting next_dagrun for dataset_s3_bucket_consumer_with_no_taskflow to None, run_after=None
[2025-02-03T10:16:12.723+0000] {logging_mixin.py:190} INFO - [2025-02-03T10:16:12.723+0000] {dag.py:4180} INFO - Setting next_dagrun for dataset_s3_bucket_producer_with_no_taskflow to None, run_after=None
[2025-02-03T10:16:12.747+0000] {processor.py:208} INFO - Processing /home/airflow/.local/lib/python3.12/site-packages/airflow/example_dags/example_dataset_alias_with_no_taskflow.py took 0.990 seconds
[2025-02-03T10:16:43.189+0000] {processor.py:186} INFO - Started process (PID=511) to work on /home/airflow/.local/lib/python3.12/site-packages/airflow/example_dags/example_dataset_alias_with_no_taskflow.py
[2025-02-03T10:16:43.190+0000] {processor.py:914} INFO - Processing file /home/airflow/.local/lib/python3.12/site-packages/airflow/example_dags/example_dataset_alias_with_no_taskflow.py for tasks to queue
[2025-02-03T10:16:43.194+0000] {logging_mixin.py:190} INFO - [2025-02-03T10:16:43.194+0000] {dagbag.py:588} INFO - Filling up the DagBag from /home/airflow/.local/lib/python3.12/site-packages/airflow/example_dags/example_dataset_alias_with_no_taskflow.py
[2025-02-03T10:16:44.087+0000] {processor.py:925} INFO - DAG(s) 'dataset_alias_example_alias_consumer_with_no_taskflow', 'dataset_s3_bucket_producer_with_no_taskflow', 'dataset_s3_bucket_consumer_with_no_taskflow', 'dataset_alias_example_alias_producer_with_no_taskflow' retrieved from /home/airflow/.local/lib/python3.12/site-packages/airflow/example_dags/example_dataset_alias_with_no_taskflow.py
[2025-02-03T10:16:44.122+0000] {logging_mixin.py:190} INFO - [2025-02-03T10:16:44.122+0000] {dag.py:3239} INFO - Sync 4 DAGs
[2025-02-03T10:16:44.153+0000] {logging_mixin.py:190} INFO - [2025-02-03T10:16:44.153+0000] {dag.py:4180} INFO - Setting next_dagrun for dataset_alias_example_alias_consumer_with_no_taskflow to None, run_after=None
[2025-02-03T10:16:44.169+0000] {logging_mixin.py:190} INFO - [2025-02-03T10:16:44.169+0000] {dag.py:4180} INFO - Setting next_dagrun for dataset_alias_example_alias_producer_with_no_taskflow to None, run_after=None
[2025-02-03T10:16:44.172+0000] {logging_mixin.py:190} INFO - [2025-02-03T10:16:44.172+0000] {dag.py:4180} INFO - Setting next_dagrun for dataset_s3_bucket_consumer_with_no_taskflow to None, run_after=None
[2025-02-03T10:16:44.175+0000] {logging_mixin.py:190} INFO - [2025-02-03T10:16:44.174+0000] {dag.py:4180} INFO - Setting next_dagrun for dataset_s3_bucket_producer_with_no_taskflow to None, run_after=None
[2025-02-03T10:16:44.205+0000] {processor.py:208} INFO - Processing /home/airflow/.local/lib/python3.12/site-packages/airflow/example_dags/example_dataset_alias_with_no_taskflow.py took 1.022 seconds
[2025-02-03T10:17:14.877+0000] {processor.py:186} INFO - Started process (PID=575) to work on /home/airflow/.local/lib/python3.12/site-packages/airflow/example_dags/example_dataset_alias_with_no_taskflow.py
[2025-02-03T10:17:14.880+0000] {processor.py:914} INFO - Processing file /home/airflow/.local/lib/python3.12/site-packages/airflow/example_dags/example_dataset_alias_with_no_taskflow.py for tasks to queue
[2025-02-03T10:17:14.884+0000] {logging_mixin.py:190} INFO - [2025-02-03T10:17:14.884+0000] {dagbag.py:588} INFO - Filling up the DagBag from /home/airflow/.local/lib/python3.12/site-packages/airflow/example_dags/example_dataset_alias_with_no_taskflow.py
[2025-02-03T10:17:15.526+0000] {processor.py:925} INFO - DAG(s) 'dataset_s3_bucket_producer_with_no_taskflow', 'dataset_alias_example_alias_producer_with_no_taskflow', 'dataset_alias_example_alias_consumer_with_no_taskflow', 'dataset_s3_bucket_consumer_with_no_taskflow' retrieved from /home/airflow/.local/lib/python3.12/site-packages/airflow/example_dags/example_dataset_alias_with_no_taskflow.py
[2025-02-03T10:17:15.550+0000] {logging_mixin.py:190} INFO - [2025-02-03T10:17:15.549+0000] {dag.py:3239} INFO - Sync 4 DAGs
[2025-02-03T10:17:15.575+0000] {logging_mixin.py:190} INFO - [2025-02-03T10:17:15.574+0000] {dag.py:4180} INFO - Setting next_dagrun for dataset_alias_example_alias_consumer_with_no_taskflow to None, run_after=None
[2025-02-03T10:17:15.578+0000] {logging_mixin.py:190} INFO - [2025-02-03T10:17:15.577+0000] {dag.py:4180} INFO - Setting next_dagrun for dataset_alias_example_alias_producer_with_no_taskflow to None, run_after=None
[2025-02-03T10:17:15.579+0000] {logging_mixin.py:190} INFO - [2025-02-03T10:17:15.579+0000] {dag.py:4180} INFO - Setting next_dagrun for dataset_s3_bucket_consumer_with_no_taskflow to None, run_after=None
[2025-02-03T10:17:15.580+0000] {logging_mixin.py:190} INFO - [2025-02-03T10:17:15.580+0000] {dag.py:4180} INFO - Setting next_dagrun for dataset_s3_bucket_producer_with_no_taskflow to None, run_after=None
[2025-02-03T10:17:15.599+0000] {processor.py:208} INFO - Processing /home/airflow/.local/lib/python3.12/site-packages/airflow/example_dags/example_dataset_alias_with_no_taskflow.py took 0.735 seconds
[2025-02-03T10:17:45.788+0000] {processor.py:186} INFO - Started process (PID=640) to work on /home/airflow/.local/lib/python3.12/site-packages/airflow/example_dags/example_dataset_alias_with_no_taskflow.py
[2025-02-03T10:17:45.789+0000] {processor.py:914} INFO - Processing file /home/airflow/.local/lib/python3.12/site-packages/airflow/example_dags/example_dataset_alias_with_no_taskflow.py for tasks to queue
[2025-02-03T10:17:45.791+0000] {logging_mixin.py:190} INFO - [2025-02-03T10:17:45.791+0000] {dagbag.py:588} INFO - Filling up the DagBag from /home/airflow/.local/lib/python3.12/site-packages/airflow/example_dags/example_dataset_alias_with_no_taskflow.py
[2025-02-03T10:17:46.325+0000] {processor.py:925} INFO - DAG(s) 'dataset_alias_example_alias_consumer_with_no_taskflow', 'dataset_s3_bucket_producer_with_no_taskflow', 'dataset_alias_example_alias_producer_with_no_taskflow', 'dataset_s3_bucket_consumer_with_no_taskflow' retrieved from /home/airflow/.local/lib/python3.12/site-packages/airflow/example_dags/example_dataset_alias_with_no_taskflow.py
[2025-02-03T10:17:46.345+0000] {logging_mixin.py:190} INFO - [2025-02-03T10:17:46.345+0000] {dag.py:3239} INFO - Sync 4 DAGs
[2025-02-03T10:17:46.385+0000] {logging_mixin.py:190} INFO - [2025-02-03T10:17:46.384+0000] {dag.py:4180} INFO - Setting next_dagrun for dataset_alias_example_alias_consumer_with_no_taskflow to None, run_after=None
[2025-02-03T10:17:46.395+0000] {logging_mixin.py:190} INFO - [2025-02-03T10:17:46.394+0000] {dag.py:4180} INFO - Setting next_dagrun for dataset_alias_example_alias_producer_with_no_taskflow to None, run_after=None
[2025-02-03T10:17:46.397+0000] {logging_mixin.py:190} INFO - [2025-02-03T10:17:46.396+0000] {dag.py:4180} INFO - Setting next_dagrun for dataset_s3_bucket_consumer_with_no_taskflow to None, run_after=None
[2025-02-03T10:17:46.404+0000] {logging_mixin.py:190} INFO - [2025-02-03T10:17:46.403+0000] {dag.py:4180} INFO - Setting next_dagrun for dataset_s3_bucket_producer_with_no_taskflow to None, run_after=None
[2025-02-03T10:17:46.438+0000] {processor.py:208} INFO - Processing /home/airflow/.local/lib/python3.12/site-packages/airflow/example_dags/example_dataset_alias_with_no_taskflow.py took 0.656 seconds
[2025-02-03T10:18:16.580+0000] {processor.py:186} INFO - Started process (PID=705) to work on /home/airflow/.local/lib/python3.12/site-packages/airflow/example_dags/example_dataset_alias_with_no_taskflow.py
[2025-02-03T10:18:16.581+0000] {processor.py:914} INFO - Processing file /home/airflow/.local/lib/python3.12/site-packages/airflow/example_dags/example_dataset_alias_with_no_taskflow.py for tasks to queue
[2025-02-03T10:18:16.583+0000] {logging_mixin.py:190} INFO - [2025-02-03T10:18:16.583+0000] {dagbag.py:588} INFO - Filling up the DagBag from /home/airflow/.local/lib/python3.12/site-packages/airflow/example_dags/example_dataset_alias_with_no_taskflow.py
[2025-02-03T10:18:17.101+0000] {processor.py:925} INFO - DAG(s) 'dataset_alias_example_alias_producer_with_no_taskflow', 'dataset_s3_bucket_producer_with_no_taskflow', 'dataset_alias_example_alias_consumer_with_no_taskflow', 'dataset_s3_bucket_consumer_with_no_taskflow' retrieved from /home/airflow/.local/lib/python3.12/site-packages/airflow/example_dags/example_dataset_alias_with_no_taskflow.py
[2025-02-03T10:18:17.120+0000] {logging_mixin.py:190} INFO - [2025-02-03T10:18:17.119+0000] {dag.py:3239} INFO - Sync 4 DAGs
[2025-02-03T10:18:17.140+0000] {logging_mixin.py:190} INFO - [2025-02-03T10:18:17.139+0000] {dag.py:4180} INFO - Setting next_dagrun for dataset_alias_example_alias_consumer_with_no_taskflow to None, run_after=None
[2025-02-03T10:18:17.143+0000] {logging_mixin.py:190} INFO - [2025-02-03T10:18:17.142+0000] {dag.py:4180} INFO - Setting next_dagrun for dataset_alias_example_alias_producer_with_no_taskflow to None, run_after=None
[2025-02-03T10:18:17.145+0000] {logging_mixin.py:190} INFO - [2025-02-03T10:18:17.144+0000] {dag.py:4180} INFO - Setting next_dagrun for dataset_s3_bucket_consumer_with_no_taskflow to None, run_after=None
[2025-02-03T10:18:17.147+0000] {logging_mixin.py:190} INFO - [2025-02-03T10:18:17.147+0000] {dag.py:4180} INFO - Setting next_dagrun for dataset_s3_bucket_producer_with_no_taskflow to None, run_after=None
[2025-02-03T10:18:17.173+0000] {processor.py:208} INFO - Processing /home/airflow/.local/lib/python3.12/site-packages/airflow/example_dags/example_dataset_alias_with_no_taskflow.py took 0.598 seconds
[2025-02-03T10:18:47.970+0000] {processor.py:186} INFO - Started process (PID=769) to work on /home/airflow/.local/lib/python3.12/site-packages/airflow/example_dags/example_dataset_alias_with_no_taskflow.py
[2025-02-03T10:18:47.971+0000] {processor.py:914} INFO - Processing file /home/airflow/.local/lib/python3.12/site-packages/airflow/example_dags/example_dataset_alias_with_no_taskflow.py for tasks to queue
[2025-02-03T10:18:47.973+0000] {logging_mixin.py:190} INFO - [2025-02-03T10:18:47.972+0000] {dagbag.py:588} INFO - Filling up the DagBag from /home/airflow/.local/lib/python3.12/site-packages/airflow/example_dags/example_dataset_alias_with_no_taskflow.py
[2025-02-03T10:18:48.513+0000] {processor.py:925} INFO - DAG(s) 'dataset_s3_bucket_consumer_with_no_taskflow', 'dataset_alias_example_alias_consumer_with_no_taskflow', 'dataset_s3_bucket_producer_with_no_taskflow', 'dataset_alias_example_alias_producer_with_no_taskflow' retrieved from /home/airflow/.local/lib/python3.12/site-packages/airflow/example_dags/example_dataset_alias_with_no_taskflow.py
[2025-02-03T10:18:48.533+0000] {logging_mixin.py:190} INFO - [2025-02-03T10:18:48.532+0000] {dag.py:3239} INFO - Sync 4 DAGs
[2025-02-03T10:18:48.570+0000] {logging_mixin.py:190} INFO - [2025-02-03T10:18:48.570+0000] {dag.py:4180} INFO - Setting next_dagrun for dataset_alias_example_alias_consumer_with_no_taskflow to None, run_after=None
[2025-02-03T10:18:48.579+0000] {logging_mixin.py:190} INFO - [2025-02-03T10:18:48.579+0000] {dag.py:4180} INFO - Setting next_dagrun for dataset_alias_example_alias_producer_with_no_taskflow to None, run_after=None
[2025-02-03T10:18:48.586+0000] {logging_mixin.py:190} INFO - [2025-02-03T10:18:48.585+0000] {dag.py:4180} INFO - Setting next_dagrun for dataset_s3_bucket_consumer_with_no_taskflow to None, run_after=None
[2025-02-03T10:18:48.588+0000] {logging_mixin.py:190} INFO - [2025-02-03T10:18:48.588+0000] {dag.py:4180} INFO - Setting next_dagrun for dataset_s3_bucket_producer_with_no_taskflow to None, run_after=None
[2025-02-03T10:18:48.629+0000] {processor.py:208} INFO - Processing /home/airflow/.local/lib/python3.12/site-packages/airflow/example_dags/example_dataset_alias_with_no_taskflow.py took 0.664 seconds
[2025-02-03T10:19:18.773+0000] {processor.py:186} INFO - Started process (PID=833) to work on /home/airflow/.local/lib/python3.12/site-packages/airflow/example_dags/example_dataset_alias_with_no_taskflow.py
[2025-02-03T10:19:18.774+0000] {processor.py:914} INFO - Processing file /home/airflow/.local/lib/python3.12/site-packages/airflow/example_dags/example_dataset_alias_with_no_taskflow.py for tasks to queue
[2025-02-03T10:19:18.776+0000] {logging_mixin.py:190} INFO - [2025-02-03T10:19:18.776+0000] {dagbag.py:588} INFO - Filling up the DagBag from /home/airflow/.local/lib/python3.12/site-packages/airflow/example_dags/example_dataset_alias_with_no_taskflow.py
[2025-02-03T10:19:20.881+0000] {processor.py:925} INFO - DAG(s) 'dataset_alias_example_alias_producer_with_no_taskflow', 'dataset_s3_bucket_consumer_with_no_taskflow', 'dataset_alias_example_alias_consumer_with_no_taskflow', 'dataset_s3_bucket_producer_with_no_taskflow' retrieved from /home/airflow/.local/lib/python3.12/site-packages/airflow/example_dags/example_dataset_alias_with_no_taskflow.py
[2025-02-03T10:19:20.943+0000] {logging_mixin.py:190} INFO - [2025-02-03T10:19:20.942+0000] {dag.py:3239} INFO - Sync 4 DAGs
[2025-02-03T10:19:20.985+0000] {logging_mixin.py:190} INFO - [2025-02-03T10:19:20.984+0000] {dag.py:4180} INFO - Setting next_dagrun for dataset_alias_example_alias_consumer_with_no_taskflow to None, run_after=None
[2025-02-03T10:19:20.988+0000] {logging_mixin.py:190} INFO - [2025-02-03T10:19:20.988+0000] {dag.py:4180} INFO - Setting next_dagrun for dataset_alias_example_alias_producer_with_no_taskflow to None, run_after=None
[2025-02-03T10:19:20.990+0000] {logging_mixin.py:190} INFO - [2025-02-03T10:19:20.989+0000] {dag.py:4180} INFO - Setting next_dagrun for dataset_s3_bucket_consumer_with_no_taskflow to None, run_after=None
[2025-02-03T10:19:20.991+0000] {logging_mixin.py:190} INFO - [2025-02-03T10:19:20.991+0000] {dag.py:4180} INFO - Setting next_dagrun for dataset_s3_bucket_producer_with_no_taskflow to None, run_after=None
[2025-02-03T10:19:21.008+0000] {processor.py:208} INFO - Processing /home/airflow/.local/lib/python3.12/site-packages/airflow/example_dags/example_dataset_alias_with_no_taskflow.py took 0.621 seconds
[2025-02-03T10:19:51.142+0000] {processor.py:186} INFO - Started process (PID=897) to work on /home/airflow/.local/lib/python3.12/site-packages/airflow/example_dags/example_dataset_alias_with_no_taskflow.py
[2025-02-03T10:19:51.143+0000] {processor.py:914} INFO - Processing file /home/airflow/.local/lib/python3.12/site-packages/airflow/example_dags/example_dataset_alias_with_no_taskflow.py for tasks to queue
[2025-02-03T10:19:51.145+0000] {logging_mixin.py:190} INFO - [2025-02-03T10:19:51.145+0000] {dagbag.py:588} INFO - Filling up the DagBag from /home/airflow/.local/lib/python3.12/site-packages/airflow/example_dags/example_dataset_alias_with_no_taskflow.py
[2025-02-03T10:19:51.669+0000] {processor.py:925} INFO - DAG(s) 'dataset_s3_bucket_consumer_with_no_taskflow', 'dataset_alias_example_alias_consumer_with_no_taskflow', 'dataset_alias_example_alias_producer_with_no_taskflow', 'dataset_s3_bucket_producer_with_no_taskflow' retrieved from /home/airflow/.local/lib/python3.12/site-packages/airflow/example_dags/example_dataset_alias_with_no_taskflow.py
[2025-02-03T10:19:51.703+0000] {logging_mixin.py:190} INFO - [2025-02-03T10:19:51.703+0000] {dag.py:3239} INFO - Sync 4 DAGs
[2025-02-03T10:19:51.723+0000] {logging_mixin.py:190} INFO - [2025-02-03T10:19:51.722+0000] {dag.py:4180} INFO - Setting next_dagrun for dataset_alias_example_alias_consumer_with_no_taskflow to None, run_after=None
[2025-02-03T10:19:51.727+0000] {logging_mixin.py:190} INFO - [2025-02-03T10:19:51.727+0000] {dag.py:4180} INFO - Setting next_dagrun for dataset_alias_example_alias_producer_with_no_taskflow to None, run_after=None
[2025-02-03T10:19:51.730+0000] {logging_mixin.py:190} INFO - [2025-02-03T10:19:51.730+0000] {dag.py:4180} INFO - Setting next_dagrun for dataset_s3_bucket_consumer_with_no_taskflow to None, run_after=None
[2025-02-03T10:19:51.732+0000] {logging_mixin.py:190} INFO - [2025-02-03T10:19:51.732+0000] {dag.py:4180} INFO - Setting next_dagrun for dataset_s3_bucket_producer_with_no_taskflow to None, run_after=None
[2025-02-03T10:19:51.762+0000] {processor.py:208} INFO - Processing /home/airflow/.local/lib/python3.12/site-packages/airflow/example_dags/example_dataset_alias_with_no_taskflow.py took 0.624 seconds
