[2025-02-03T09:44:31.238+0000] {processor.py:186} INFO - Started process (PID=56) to work on /home/airflow/.local/lib/python3.12/site-packages/airflow/example_dags/example_skip_dag.py
[2025-02-03T09:44:31.245+0000] {processor.py:914} INFO - Processing file /home/airflow/.local/lib/python3.12/site-packages/airflow/example_dags/example_skip_dag.py for tasks to queue
[2025-02-03T09:44:31.248+0000] {logging_mixin.py:190} INFO - [2025-02-03T09:44:31.247+0000] {dagbag.py:588} INFO - Filling up the DagBag from /home/airflow/.local/lib/python3.12/site-packages/airflow/example_dags/example_skip_dag.py
[2025-02-03T09:44:31.255+0000] {processor.py:925} INFO - DAG(s) 'example_skip_dag' retrieved from /home/airflow/.local/lib/python3.12/site-packages/airflow/example_dags/example_skip_dag.py
[2025-02-03T09:44:31.409+0000] {logging_mixin.py:190} INFO - [2025-02-03T09:44:31.409+0000] {override.py:1911} INFO - Created Permission View: can edit on DAG:example_skip_dag
[2025-02-03T09:44:31.420+0000] {logging_mixin.py:190} INFO - [2025-02-03T09:44:31.420+0000] {override.py:1911} INFO - Created Permission View: can read on DAG:example_skip_dag
[2025-02-03T09:44:31.429+0000] {logging_mixin.py:190} INFO - [2025-02-03T09:44:31.429+0000] {override.py:1911} INFO - Created Permission View: can delete on DAG:example_skip_dag
[2025-02-03T09:44:31.439+0000] {logging_mixin.py:190} INFO - [2025-02-03T09:44:31.439+0000] {override.py:1911} INFO - Created Permission View: can read on DAG Run:example_skip_dag
[2025-02-03T09:44:31.446+0000] {logging_mixin.py:190} INFO - [2025-02-03T09:44:31.445+0000] {override.py:1911} INFO - Created Permission View: can delete on DAG Run:example_skip_dag
[2025-02-03T09:44:31.452+0000] {logging_mixin.py:190} INFO - [2025-02-03T09:44:31.452+0000] {override.py:1911} INFO - Created Permission View: can create on DAG Run:example_skip_dag
[2025-02-03T09:44:31.461+0000] {logging_mixin.py:190} INFO - [2025-02-03T09:44:31.461+0000] {override.py:1911} INFO - Created Permission View: menu access on DAG Run:example_skip_dag
[2025-02-03T09:44:31.462+0000] {logging_mixin.py:190} INFO - [2025-02-03T09:44:31.461+0000] {dag.py:3239} INFO - Sync 1 DAGs
[2025-02-03T09:44:31.479+0000] {logging_mixin.py:190} INFO - [2025-02-03T09:44:31.479+0000] {dag.py:3262} INFO - Creating ORM DAG for example_skip_dag
[2025-02-03T09:44:31.499+0000] {logging_mixin.py:190} INFO - [2025-02-03T09:44:31.498+0000] {dag.py:4180} INFO - Setting next_dagrun for example_skip_dag to 2025-02-02 00:00:00+00:00, run_after=2025-02-03 00:00:00+00:00
[2025-02-03T09:44:31.533+0000] {processor.py:208} INFO - Processing /home/airflow/.local/lib/python3.12/site-packages/airflow/example_dags/example_skip_dag.py took 0.311 seconds
[2025-02-03T09:45:12.315+0000] {processor.py:186} INFO - Started process (PID=118) to work on /home/airflow/.local/lib/python3.12/site-packages/airflow/example_dags/example_skip_dag.py
[2025-02-03T09:45:12.316+0000] {processor.py:914} INFO - Processing file /home/airflow/.local/lib/python3.12/site-packages/airflow/example_dags/example_skip_dag.py for tasks to queue
[2025-02-03T09:45:12.322+0000] {logging_mixin.py:190} INFO - [2025-02-03T09:45:12.321+0000] {dagbag.py:588} INFO - Filling up the DagBag from /home/airflow/.local/lib/python3.12/site-packages/airflow/example_dags/example_skip_dag.py
[2025-02-03T09:45:12.341+0000] {processor.py:925} INFO - DAG(s) 'example_skip_dag' retrieved from /home/airflow/.local/lib/python3.12/site-packages/airflow/example_dags/example_skip_dag.py
[2025-02-03T09:45:12.385+0000] {logging_mixin.py:190} INFO - [2025-02-03T09:45:12.385+0000] {dag.py:3239} INFO - Sync 1 DAGs
[2025-02-03T09:45:12.449+0000] {logging_mixin.py:190} INFO - [2025-02-03T09:45:12.449+0000] {dag.py:4180} INFO - Setting next_dagrun for example_skip_dag to 2025-02-02 00:00:00+00:00, run_after=2025-02-03 00:00:00+00:00
[2025-02-03T09:45:12.493+0000] {processor.py:208} INFO - Processing /home/airflow/.local/lib/python3.12/site-packages/airflow/example_dags/example_skip_dag.py took 0.191 seconds
[2025-02-03T09:45:44.430+0000] {processor.py:186} INFO - Started process (PID=180) to work on /home/airflow/.local/lib/python3.12/site-packages/airflow/example_dags/example_skip_dag.py
[2025-02-03T09:45:44.432+0000] {processor.py:914} INFO - Processing file /home/airflow/.local/lib/python3.12/site-packages/airflow/example_dags/example_skip_dag.py for tasks to queue
[2025-02-03T09:45:44.435+0000] {logging_mixin.py:190} INFO - [2025-02-03T09:45:44.435+0000] {dagbag.py:588} INFO - Filling up the DagBag from /home/airflow/.local/lib/python3.12/site-packages/airflow/example_dags/example_skip_dag.py
[2025-02-03T09:45:44.443+0000] {processor.py:925} INFO - DAG(s) 'example_skip_dag' retrieved from /home/airflow/.local/lib/python3.12/site-packages/airflow/example_dags/example_skip_dag.py
[2025-02-03T09:45:44.476+0000] {logging_mixin.py:190} INFO - [2025-02-03T09:45:44.475+0000] {dag.py:3239} INFO - Sync 1 DAGs
[2025-02-03T09:45:44.508+0000] {logging_mixin.py:190} INFO - [2025-02-03T09:45:44.508+0000] {dag.py:4180} INFO - Setting next_dagrun for example_skip_dag to 2025-02-02 00:00:00+00:00, run_after=2025-02-03 00:00:00+00:00
[2025-02-03T09:45:44.557+0000] {processor.py:208} INFO - Processing /home/airflow/.local/lib/python3.12/site-packages/airflow/example_dags/example_skip_dag.py took 0.133 seconds
[2025-02-03T09:46:16.709+0000] {processor.py:186} INFO - Started process (PID=243) to work on /home/airflow/.local/lib/python3.12/site-packages/airflow/example_dags/example_skip_dag.py
[2025-02-03T09:46:16.712+0000] {processor.py:914} INFO - Processing file /home/airflow/.local/lib/python3.12/site-packages/airflow/example_dags/example_skip_dag.py for tasks to queue
[2025-02-03T09:46:16.723+0000] {logging_mixin.py:190} INFO - [2025-02-03T09:46:16.723+0000] {dagbag.py:588} INFO - Filling up the DagBag from /home/airflow/.local/lib/python3.12/site-packages/airflow/example_dags/example_skip_dag.py
[2025-02-03T09:46:16.731+0000] {processor.py:925} INFO - DAG(s) 'example_skip_dag' retrieved from /home/airflow/.local/lib/python3.12/site-packages/airflow/example_dags/example_skip_dag.py
[2025-02-03T09:46:16.757+0000] {logging_mixin.py:190} INFO - [2025-02-03T09:46:16.757+0000] {dag.py:3239} INFO - Sync 1 DAGs
[2025-02-03T09:46:16.800+0000] {logging_mixin.py:190} INFO - [2025-02-03T09:46:16.800+0000] {dag.py:4180} INFO - Setting next_dagrun for example_skip_dag to 2025-02-02 00:00:00+00:00, run_after=2025-02-03 00:00:00+00:00
[2025-02-03T09:46:16.875+0000] {processor.py:208} INFO - Processing /home/airflow/.local/lib/python3.12/site-packages/airflow/example_dags/example_skip_dag.py took 0.173 seconds
[2025-02-03T09:55:22.286+0000] {processor.py:186} INFO - Started process (PID=57) to work on /home/airflow/.local/lib/python3.12/site-packages/airflow/example_dags/example_skip_dag.py
[2025-02-03T09:55:22.292+0000] {processor.py:914} INFO - Processing file /home/airflow/.local/lib/python3.12/site-packages/airflow/example_dags/example_skip_dag.py for tasks to queue
[2025-02-03T09:55:22.295+0000] {logging_mixin.py:190} INFO - [2025-02-03T09:55:22.295+0000] {dagbag.py:588} INFO - Filling up the DagBag from /home/airflow/.local/lib/python3.12/site-packages/airflow/example_dags/example_skip_dag.py
[2025-02-03T09:55:22.313+0000] {processor.py:925} INFO - DAG(s) 'example_skip_dag' retrieved from /home/airflow/.local/lib/python3.12/site-packages/airflow/example_dags/example_skip_dag.py
[2025-02-03T09:55:22.356+0000] {logging_mixin.py:190} INFO - [2025-02-03T09:55:22.356+0000] {dag.py:3239} INFO - Sync 1 DAGs
[2025-02-03T09:55:22.405+0000] {logging_mixin.py:190} INFO - [2025-02-03T09:55:22.405+0000] {dag.py:4180} INFO - Setting next_dagrun for example_skip_dag to 2025-02-02 00:00:00+00:00, run_after=2025-02-03 00:00:00+00:00
[2025-02-03T09:55:22.437+0000] {processor.py:208} INFO - Processing /home/airflow/.local/lib/python3.12/site-packages/airflow/example_dags/example_skip_dag.py took 0.167 seconds
[2025-02-03T09:55:53.287+0000] {processor.py:186} INFO - Started process (PID=120) to work on /home/airflow/.local/lib/python3.12/site-packages/airflow/example_dags/example_skip_dag.py
[2025-02-03T09:55:53.288+0000] {processor.py:914} INFO - Processing file /home/airflow/.local/lib/python3.12/site-packages/airflow/example_dags/example_skip_dag.py for tasks to queue
[2025-02-03T09:55:53.290+0000] {logging_mixin.py:190} INFO - [2025-02-03T09:55:53.290+0000] {dagbag.py:588} INFO - Filling up the DagBag from /home/airflow/.local/lib/python3.12/site-packages/airflow/example_dags/example_skip_dag.py
[2025-02-03T09:55:53.297+0000] {processor.py:925} INFO - DAG(s) 'example_skip_dag' retrieved from /home/airflow/.local/lib/python3.12/site-packages/airflow/example_dags/example_skip_dag.py
[2025-02-03T09:55:53.361+0000] {logging_mixin.py:190} INFO - [2025-02-03T09:55:53.360+0000] {dag.py:3239} INFO - Sync 1 DAGs
[2025-02-03T09:55:53.402+0000] {logging_mixin.py:190} INFO - [2025-02-03T09:55:53.402+0000] {dag.py:4180} INFO - Setting next_dagrun for example_skip_dag to 2025-02-02 00:00:00+00:00, run_after=2025-02-03 00:00:00+00:00
[2025-02-03T09:55:53.452+0000] {processor.py:208} INFO - Processing /home/airflow/.local/lib/python3.12/site-packages/airflow/example_dags/example_skip_dag.py took 0.170 seconds
[2025-02-03T09:56:23.921+0000] {processor.py:186} INFO - Started process (PID=184) to work on /home/airflow/.local/lib/python3.12/site-packages/airflow/example_dags/example_skip_dag.py
[2025-02-03T09:56:23.922+0000] {processor.py:914} INFO - Processing file /home/airflow/.local/lib/python3.12/site-packages/airflow/example_dags/example_skip_dag.py for tasks to queue
[2025-02-03T09:56:23.924+0000] {logging_mixin.py:190} INFO - [2025-02-03T09:56:23.923+0000] {dagbag.py:588} INFO - Filling up the DagBag from /home/airflow/.local/lib/python3.12/site-packages/airflow/example_dags/example_skip_dag.py
[2025-02-03T09:56:23.931+0000] {processor.py:925} INFO - DAG(s) 'example_skip_dag' retrieved from /home/airflow/.local/lib/python3.12/site-packages/airflow/example_dags/example_skip_dag.py
[2025-02-03T09:56:23.947+0000] {logging_mixin.py:190} INFO - [2025-02-03T09:56:23.947+0000] {dag.py:3239} INFO - Sync 1 DAGs
[2025-02-03T09:56:23.966+0000] {logging_mixin.py:190} INFO - [2025-02-03T09:56:23.965+0000] {dag.py:4180} INFO - Setting next_dagrun for example_skip_dag to 2025-02-02 00:00:00+00:00, run_after=2025-02-03 00:00:00+00:00
[2025-02-03T09:56:23.983+0000] {processor.py:208} INFO - Processing /home/airflow/.local/lib/python3.12/site-packages/airflow/example_dags/example_skip_dag.py took 0.067 seconds
[2025-02-03T09:56:54.520+0000] {processor.py:186} INFO - Started process (PID=248) to work on /home/airflow/.local/lib/python3.12/site-packages/airflow/example_dags/example_skip_dag.py
[2025-02-03T09:56:54.521+0000] {processor.py:914} INFO - Processing file /home/airflow/.local/lib/python3.12/site-packages/airflow/example_dags/example_skip_dag.py for tasks to queue
[2025-02-03T09:56:54.525+0000] {logging_mixin.py:190} INFO - [2025-02-03T09:56:54.525+0000] {dagbag.py:588} INFO - Filling up the DagBag from /home/airflow/.local/lib/python3.12/site-packages/airflow/example_dags/example_skip_dag.py
[2025-02-03T09:56:54.533+0000] {processor.py:925} INFO - DAG(s) 'example_skip_dag' retrieved from /home/airflow/.local/lib/python3.12/site-packages/airflow/example_dags/example_skip_dag.py
[2025-02-03T09:56:54.555+0000] {logging_mixin.py:190} INFO - [2025-02-03T09:56:54.555+0000] {dag.py:3239} INFO - Sync 1 DAGs
[2025-02-03T09:56:54.571+0000] {logging_mixin.py:190} INFO - [2025-02-03T09:56:54.571+0000] {dag.py:4180} INFO - Setting next_dagrun for example_skip_dag to 2025-02-02 00:00:00+00:00, run_after=2025-02-03 00:00:00+00:00
[2025-02-03T09:56:54.584+0000] {processor.py:208} INFO - Processing /home/airflow/.local/lib/python3.12/site-packages/airflow/example_dags/example_skip_dag.py took 0.070 seconds
[2025-02-03T09:57:32.331+0000] {processor.py:186} INFO - Started process (PID=313) to work on /home/airflow/.local/lib/python3.12/site-packages/airflow/example_dags/example_skip_dag.py
[2025-02-03T09:57:32.333+0000] {processor.py:914} INFO - Processing file /home/airflow/.local/lib/python3.12/site-packages/airflow/example_dags/example_skip_dag.py for tasks to queue
[2025-02-03T09:57:32.335+0000] {logging_mixin.py:190} INFO - [2025-02-03T09:57:32.335+0000] {dagbag.py:588} INFO - Filling up the DagBag from /home/airflow/.local/lib/python3.12/site-packages/airflow/example_dags/example_skip_dag.py
[2025-02-03T09:57:32.343+0000] {processor.py:925} INFO - DAG(s) 'example_skip_dag' retrieved from /home/airflow/.local/lib/python3.12/site-packages/airflow/example_dags/example_skip_dag.py
[2025-02-03T09:57:32.362+0000] {logging_mixin.py:190} INFO - [2025-02-03T09:57:32.362+0000] {dag.py:3239} INFO - Sync 1 DAGs
[2025-02-03T09:57:32.381+0000] {logging_mixin.py:190} INFO - [2025-02-03T09:57:32.381+0000] {dag.py:4180} INFO - Setting next_dagrun for example_skip_dag to 2025-02-02 00:00:00+00:00, run_after=2025-02-03 00:00:00+00:00
[2025-02-03T09:57:32.397+0000] {processor.py:208} INFO - Processing /home/airflow/.local/lib/python3.12/site-packages/airflow/example_dags/example_skip_dag.py took 0.071 seconds
[2025-02-03T09:58:04.036+0000] {processor.py:186} INFO - Started process (PID=376) to work on /home/airflow/.local/lib/python3.12/site-packages/airflow/example_dags/example_skip_dag.py
[2025-02-03T09:58:04.050+0000] {processor.py:914} INFO - Processing file /home/airflow/.local/lib/python3.12/site-packages/airflow/example_dags/example_skip_dag.py for tasks to queue
[2025-02-03T09:58:04.053+0000] {logging_mixin.py:190} INFO - [2025-02-03T09:58:04.052+0000] {dagbag.py:588} INFO - Filling up the DagBag from /home/airflow/.local/lib/python3.12/site-packages/airflow/example_dags/example_skip_dag.py
[2025-02-03T09:58:04.061+0000] {processor.py:925} INFO - DAG(s) 'example_skip_dag' retrieved from /home/airflow/.local/lib/python3.12/site-packages/airflow/example_dags/example_skip_dag.py
[2025-02-03T09:58:04.113+0000] {logging_mixin.py:190} INFO - [2025-02-03T09:58:04.112+0000] {dag.py:3239} INFO - Sync 1 DAGs
[2025-02-03T09:58:04.161+0000] {logging_mixin.py:190} INFO - [2025-02-03T09:58:04.161+0000] {dag.py:4180} INFO - Setting next_dagrun for example_skip_dag to 2025-02-02 00:00:00+00:00, run_after=2025-02-03 00:00:00+00:00
[2025-02-03T09:58:04.200+0000] {processor.py:208} INFO - Processing /home/airflow/.local/lib/python3.12/site-packages/airflow/example_dags/example_skip_dag.py took 0.168 seconds
[2025-02-03T09:58:34.699+0000] {processor.py:186} INFO - Started process (PID=440) to work on /home/airflow/.local/lib/python3.12/site-packages/airflow/example_dags/example_skip_dag.py
[2025-02-03T09:58:34.700+0000] {processor.py:914} INFO - Processing file /home/airflow/.local/lib/python3.12/site-packages/airflow/example_dags/example_skip_dag.py for tasks to queue
[2025-02-03T09:58:34.702+0000] {logging_mixin.py:190} INFO - [2025-02-03T09:58:34.702+0000] {dagbag.py:588} INFO - Filling up the DagBag from /home/airflow/.local/lib/python3.12/site-packages/airflow/example_dags/example_skip_dag.py
[2025-02-03T09:58:34.709+0000] {processor.py:925} INFO - DAG(s) 'example_skip_dag' retrieved from /home/airflow/.local/lib/python3.12/site-packages/airflow/example_dags/example_skip_dag.py
[2025-02-03T09:58:34.729+0000] {logging_mixin.py:190} INFO - [2025-02-03T09:58:34.728+0000] {dag.py:3239} INFO - Sync 1 DAGs
[2025-02-03T09:58:34.750+0000] {logging_mixin.py:190} INFO - [2025-02-03T09:58:34.750+0000] {dag.py:4180} INFO - Setting next_dagrun for example_skip_dag to 2025-02-02 00:00:00+00:00, run_after=2025-02-03 00:00:00+00:00
[2025-02-03T09:58:34.765+0000] {processor.py:208} INFO - Processing /home/airflow/.local/lib/python3.12/site-packages/airflow/example_dags/example_skip_dag.py took 0.070 seconds
[2025-02-03T09:59:06.064+0000] {processor.py:186} INFO - Started process (PID=505) to work on /home/airflow/.local/lib/python3.12/site-packages/airflow/example_dags/example_skip_dag.py
[2025-02-03T09:59:06.066+0000] {processor.py:914} INFO - Processing file /home/airflow/.local/lib/python3.12/site-packages/airflow/example_dags/example_skip_dag.py for tasks to queue
[2025-02-03T09:59:06.068+0000] {logging_mixin.py:190} INFO - [2025-02-03T09:59:06.068+0000] {dagbag.py:588} INFO - Filling up the DagBag from /home/airflow/.local/lib/python3.12/site-packages/airflow/example_dags/example_skip_dag.py
[2025-02-03T09:59:06.074+0000] {processor.py:925} INFO - DAG(s) 'example_skip_dag' retrieved from /home/airflow/.local/lib/python3.12/site-packages/airflow/example_dags/example_skip_dag.py
[2025-02-03T09:59:06.103+0000] {logging_mixin.py:190} INFO - [2025-02-03T09:59:06.103+0000] {dag.py:3239} INFO - Sync 1 DAGs
[2025-02-03T09:59:06.121+0000] {logging_mixin.py:190} INFO - [2025-02-03T09:59:06.121+0000] {dag.py:4180} INFO - Setting next_dagrun for example_skip_dag to 2025-02-02 00:00:00+00:00, run_after=2025-02-03 00:00:00+00:00
[2025-02-03T09:59:06.138+0000] {processor.py:208} INFO - Processing /home/airflow/.local/lib/python3.12/site-packages/airflow/example_dags/example_skip_dag.py took 0.079 seconds
[2025-02-03T09:59:36.893+0000] {processor.py:186} INFO - Started process (PID=569) to work on /home/airflow/.local/lib/python3.12/site-packages/airflow/example_dags/example_skip_dag.py
[2025-02-03T09:59:36.895+0000] {processor.py:914} INFO - Processing file /home/airflow/.local/lib/python3.12/site-packages/airflow/example_dags/example_skip_dag.py for tasks to queue
[2025-02-03T09:59:36.900+0000] {logging_mixin.py:190} INFO - [2025-02-03T09:59:36.899+0000] {dagbag.py:588} INFO - Filling up the DagBag from /home/airflow/.local/lib/python3.12/site-packages/airflow/example_dags/example_skip_dag.py
[2025-02-03T09:59:36.910+0000] {processor.py:925} INFO - DAG(s) 'example_skip_dag' retrieved from /home/airflow/.local/lib/python3.12/site-packages/airflow/example_dags/example_skip_dag.py
[2025-02-03T09:59:36.946+0000] {logging_mixin.py:190} INFO - [2025-02-03T09:59:36.945+0000] {dag.py:3239} INFO - Sync 1 DAGs
[2025-02-03T09:59:36.975+0000] {logging_mixin.py:190} INFO - [2025-02-03T09:59:36.975+0000] {dag.py:4180} INFO - Setting next_dagrun for example_skip_dag to 2025-02-02 00:00:00+00:00, run_after=2025-02-03 00:00:00+00:00
[2025-02-03T09:59:37.001+0000] {processor.py:208} INFO - Processing /home/airflow/.local/lib/python3.12/site-packages/airflow/example_dags/example_skip_dag.py took 0.116 seconds
[2025-02-03T10:00:09.085+0000] {processor.py:186} INFO - Started process (PID=633) to work on /home/airflow/.local/lib/python3.12/site-packages/airflow/example_dags/example_skip_dag.py
[2025-02-03T10:00:09.097+0000] {processor.py:914} INFO - Processing file /home/airflow/.local/lib/python3.12/site-packages/airflow/example_dags/example_skip_dag.py for tasks to queue
[2025-02-03T10:00:09.099+0000] {logging_mixin.py:190} INFO - [2025-02-03T10:00:09.099+0000] {dagbag.py:588} INFO - Filling up the DagBag from /home/airflow/.local/lib/python3.12/site-packages/airflow/example_dags/example_skip_dag.py
[2025-02-03T10:00:09.115+0000] {processor.py:925} INFO - DAG(s) 'example_skip_dag' retrieved from /home/airflow/.local/lib/python3.12/site-packages/airflow/example_dags/example_skip_dag.py
[2025-02-03T10:00:09.161+0000] {logging_mixin.py:190} INFO - [2025-02-03T10:00:09.158+0000] {dag.py:3239} INFO - Sync 1 DAGs
[2025-02-03T10:00:09.244+0000] {logging_mixin.py:190} INFO - [2025-02-03T10:00:09.244+0000] {dag.py:4180} INFO - Setting next_dagrun for example_skip_dag to 2025-02-02 00:00:00+00:00, run_after=2025-02-03 00:00:00+00:00
[2025-02-03T10:00:09.284+0000] {processor.py:208} INFO - Processing /home/airflow/.local/lib/python3.12/site-packages/airflow/example_dags/example_skip_dag.py took 0.203 seconds
[2025-02-03T10:00:40.279+0000] {processor.py:186} INFO - Started process (PID=697) to work on /home/airflow/.local/lib/python3.12/site-packages/airflow/example_dags/example_skip_dag.py
[2025-02-03T10:00:40.280+0000] {processor.py:914} INFO - Processing file /home/airflow/.local/lib/python3.12/site-packages/airflow/example_dags/example_skip_dag.py for tasks to queue
[2025-02-03T10:00:40.283+0000] {logging_mixin.py:190} INFO - [2025-02-03T10:00:40.283+0000] {dagbag.py:588} INFO - Filling up the DagBag from /home/airflow/.local/lib/python3.12/site-packages/airflow/example_dags/example_skip_dag.py
[2025-02-03T10:00:40.293+0000] {processor.py:925} INFO - DAG(s) 'example_skip_dag' retrieved from /home/airflow/.local/lib/python3.12/site-packages/airflow/example_dags/example_skip_dag.py
[2025-02-03T10:00:40.324+0000] {logging_mixin.py:190} INFO - [2025-02-03T10:00:40.324+0000] {dag.py:3239} INFO - Sync 1 DAGs
[2025-02-03T10:00:40.343+0000] {logging_mixin.py:190} INFO - [2025-02-03T10:00:40.342+0000] {dag.py:4180} INFO - Setting next_dagrun for example_skip_dag to 2025-02-02 00:00:00+00:00, run_after=2025-02-03 00:00:00+00:00
[2025-02-03T10:00:40.359+0000] {processor.py:208} INFO - Processing /home/airflow/.local/lib/python3.12/site-packages/airflow/example_dags/example_skip_dag.py took 0.088 seconds
[2025-02-03T10:01:13.119+0000] {processor.py:186} INFO - Started process (PID=761) to work on /home/airflow/.local/lib/python3.12/site-packages/airflow/example_dags/example_skip_dag.py
[2025-02-03T10:01:13.120+0000] {processor.py:914} INFO - Processing file /home/airflow/.local/lib/python3.12/site-packages/airflow/example_dags/example_skip_dag.py for tasks to queue
[2025-02-03T10:01:13.123+0000] {logging_mixin.py:190} INFO - [2025-02-03T10:01:13.122+0000] {dagbag.py:588} INFO - Filling up the DagBag from /home/airflow/.local/lib/python3.12/site-packages/airflow/example_dags/example_skip_dag.py
[2025-02-03T10:01:13.130+0000] {processor.py:925} INFO - DAG(s) 'example_skip_dag' retrieved from /home/airflow/.local/lib/python3.12/site-packages/airflow/example_dags/example_skip_dag.py
[2025-02-03T10:01:13.155+0000] {logging_mixin.py:190} INFO - [2025-02-03T10:01:13.154+0000] {dag.py:3239} INFO - Sync 1 DAGs
[2025-02-03T10:01:13.187+0000] {logging_mixin.py:190} INFO - [2025-02-03T10:01:13.187+0000] {dag.py:4180} INFO - Setting next_dagrun for example_skip_dag to 2025-02-02 00:00:00+00:00, run_after=2025-02-03 00:00:00+00:00
[2025-02-03T10:01:13.205+0000] {processor.py:208} INFO - Processing /home/airflow/.local/lib/python3.12/site-packages/airflow/example_dags/example_skip_dag.py took 0.092 seconds
[2025-02-03T10:01:45.135+0000] {processor.py:186} INFO - Started process (PID=825) to work on /home/airflow/.local/lib/python3.12/site-packages/airflow/example_dags/example_skip_dag.py
[2025-02-03T10:01:45.137+0000] {processor.py:914} INFO - Processing file /home/airflow/.local/lib/python3.12/site-packages/airflow/example_dags/example_skip_dag.py for tasks to queue
[2025-02-03T10:01:45.142+0000] {logging_mixin.py:190} INFO - [2025-02-03T10:01:45.141+0000] {dagbag.py:588} INFO - Filling up the DagBag from /home/airflow/.local/lib/python3.12/site-packages/airflow/example_dags/example_skip_dag.py
[2025-02-03T10:01:45.154+0000] {processor.py:925} INFO - DAG(s) 'example_skip_dag' retrieved from /home/airflow/.local/lib/python3.12/site-packages/airflow/example_dags/example_skip_dag.py
[2025-02-03T10:01:45.176+0000] {logging_mixin.py:190} INFO - [2025-02-03T10:01:45.175+0000] {dag.py:3239} INFO - Sync 1 DAGs
[2025-02-03T10:01:45.206+0000] {logging_mixin.py:190} INFO - [2025-02-03T10:01:45.206+0000] {dag.py:4180} INFO - Setting next_dagrun for example_skip_dag to 2025-02-02 00:00:00+00:00, run_after=2025-02-03 00:00:00+00:00
[2025-02-03T10:01:45.231+0000] {processor.py:208} INFO - Processing /home/airflow/.local/lib/python3.12/site-packages/airflow/example_dags/example_skip_dag.py took 0.102 seconds
[2025-02-03T10:02:17.249+0000] {processor.py:186} INFO - Started process (PID=890) to work on /home/airflow/.local/lib/python3.12/site-packages/airflow/example_dags/example_skip_dag.py
[2025-02-03T10:02:17.250+0000] {processor.py:914} INFO - Processing file /home/airflow/.local/lib/python3.12/site-packages/airflow/example_dags/example_skip_dag.py for tasks to queue
[2025-02-03T10:02:17.252+0000] {logging_mixin.py:190} INFO - [2025-02-03T10:02:17.252+0000] {dagbag.py:588} INFO - Filling up the DagBag from /home/airflow/.local/lib/python3.12/site-packages/airflow/example_dags/example_skip_dag.py
[2025-02-03T10:02:17.260+0000] {processor.py:925} INFO - DAG(s) 'example_skip_dag' retrieved from /home/airflow/.local/lib/python3.12/site-packages/airflow/example_dags/example_skip_dag.py
[2025-02-03T10:02:17.278+0000] {logging_mixin.py:190} INFO - [2025-02-03T10:02:17.278+0000] {dag.py:3239} INFO - Sync 1 DAGs
[2025-02-03T10:02:17.300+0000] {logging_mixin.py:190} INFO - [2025-02-03T10:02:17.300+0000] {dag.py:4180} INFO - Setting next_dagrun for example_skip_dag to 2025-02-02 00:00:00+00:00, run_after=2025-02-03 00:00:00+00:00
[2025-02-03T10:02:17.322+0000] {processor.py:208} INFO - Processing /home/airflow/.local/lib/python3.12/site-packages/airflow/example_dags/example_skip_dag.py took 0.080 seconds
[2025-02-03T10:02:47.475+0000] {processor.py:186} INFO - Started process (PID=953) to work on /home/airflow/.local/lib/python3.12/site-packages/airflow/example_dags/example_skip_dag.py
[2025-02-03T10:02:47.476+0000] {processor.py:914} INFO - Processing file /home/airflow/.local/lib/python3.12/site-packages/airflow/example_dags/example_skip_dag.py for tasks to queue
[2025-02-03T10:02:47.478+0000] {logging_mixin.py:190} INFO - [2025-02-03T10:02:47.478+0000] {dagbag.py:588} INFO - Filling up the DagBag from /home/airflow/.local/lib/python3.12/site-packages/airflow/example_dags/example_skip_dag.py
[2025-02-03T10:02:47.485+0000] {processor.py:925} INFO - DAG(s) 'example_skip_dag' retrieved from /home/airflow/.local/lib/python3.12/site-packages/airflow/example_dags/example_skip_dag.py
[2025-02-03T10:02:47.511+0000] {logging_mixin.py:190} INFO - [2025-02-03T10:02:47.511+0000] {dag.py:3239} INFO - Sync 1 DAGs
[2025-02-03T10:02:47.531+0000] {logging_mixin.py:190} INFO - [2025-02-03T10:02:47.530+0000] {dag.py:4180} INFO - Setting next_dagrun for example_skip_dag to 2025-02-02 00:00:00+00:00, run_after=2025-02-03 00:00:00+00:00
[2025-02-03T10:02:47.549+0000] {processor.py:208} INFO - Processing /home/airflow/.local/lib/python3.12/site-packages/airflow/example_dags/example_skip_dag.py took 0.079 seconds
[2025-02-03T10:03:17.798+0000] {processor.py:186} INFO - Started process (PID=1016) to work on /home/airflow/.local/lib/python3.12/site-packages/airflow/example_dags/example_skip_dag.py
[2025-02-03T10:03:17.814+0000] {processor.py:914} INFO - Processing file /home/airflow/.local/lib/python3.12/site-packages/airflow/example_dags/example_skip_dag.py for tasks to queue
[2025-02-03T10:03:17.832+0000] {logging_mixin.py:190} INFO - [2025-02-03T10:03:17.831+0000] {dagbag.py:588} INFO - Filling up the DagBag from /home/airflow/.local/lib/python3.12/site-packages/airflow/example_dags/example_skip_dag.py
[2025-02-03T10:03:17.843+0000] {processor.py:925} INFO - DAG(s) 'example_skip_dag' retrieved from /home/airflow/.local/lib/python3.12/site-packages/airflow/example_dags/example_skip_dag.py
[2025-02-03T10:03:17.897+0000] {logging_mixin.py:190} INFO - [2025-02-03T10:03:17.897+0000] {dag.py:3239} INFO - Sync 1 DAGs
[2025-02-03T10:03:17.950+0000] {logging_mixin.py:190} INFO - [2025-02-03T10:03:17.950+0000] {dag.py:4180} INFO - Setting next_dagrun for example_skip_dag to 2025-02-02 00:00:00+00:00, run_after=2025-02-03 00:00:00+00:00
[2025-02-03T10:03:17.989+0000] {processor.py:208} INFO - Processing /home/airflow/.local/lib/python3.12/site-packages/airflow/example_dags/example_skip_dag.py took 0.198 seconds
[2025-02-03T10:03:48.834+0000] {processor.py:186} INFO - Started process (PID=1079) to work on /home/airflow/.local/lib/python3.12/site-packages/airflow/example_dags/example_skip_dag.py
[2025-02-03T10:03:48.849+0000] {processor.py:914} INFO - Processing file /home/airflow/.local/lib/python3.12/site-packages/airflow/example_dags/example_skip_dag.py for tasks to queue
[2025-02-03T10:03:48.852+0000] {logging_mixin.py:190} INFO - [2025-02-03T10:03:48.851+0000] {dagbag.py:588} INFO - Filling up the DagBag from /home/airflow/.local/lib/python3.12/site-packages/airflow/example_dags/example_skip_dag.py
[2025-02-03T10:03:48.879+0000] {processor.py:925} INFO - DAG(s) 'example_skip_dag' retrieved from /home/airflow/.local/lib/python3.12/site-packages/airflow/example_dags/example_skip_dag.py
[2025-02-03T10:03:48.921+0000] {logging_mixin.py:190} INFO - [2025-02-03T10:03:48.920+0000] {dag.py:3239} INFO - Sync 1 DAGs
[2025-02-03T10:03:48.963+0000] {logging_mixin.py:190} INFO - [2025-02-03T10:03:48.963+0000] {dag.py:4180} INFO - Setting next_dagrun for example_skip_dag to 2025-02-02 00:00:00+00:00, run_after=2025-02-03 00:00:00+00:00
[2025-02-03T10:03:48.986+0000] {processor.py:208} INFO - Processing /home/airflow/.local/lib/python3.12/site-packages/airflow/example_dags/example_skip_dag.py took 0.157 seconds
[2025-02-03T10:04:19.179+0000] {processor.py:186} INFO - Started process (PID=1142) to work on /home/airflow/.local/lib/python3.12/site-packages/airflow/example_dags/example_skip_dag.py
[2025-02-03T10:04:19.181+0000] {processor.py:914} INFO - Processing file /home/airflow/.local/lib/python3.12/site-packages/airflow/example_dags/example_skip_dag.py for tasks to queue
[2025-02-03T10:04:19.186+0000] {logging_mixin.py:190} INFO - [2025-02-03T10:04:19.185+0000] {dagbag.py:588} INFO - Filling up the DagBag from /home/airflow/.local/lib/python3.12/site-packages/airflow/example_dags/example_skip_dag.py
[2025-02-03T10:04:19.194+0000] {processor.py:925} INFO - DAG(s) 'example_skip_dag' retrieved from /home/airflow/.local/lib/python3.12/site-packages/airflow/example_dags/example_skip_dag.py
[2025-02-03T10:04:19.218+0000] {logging_mixin.py:190} INFO - [2025-02-03T10:04:19.218+0000] {dag.py:3239} INFO - Sync 1 DAGs
[2025-02-03T10:04:19.243+0000] {logging_mixin.py:190} INFO - [2025-02-03T10:04:19.242+0000] {dag.py:4180} INFO - Setting next_dagrun for example_skip_dag to 2025-02-02 00:00:00+00:00, run_after=2025-02-03 00:00:00+00:00
[2025-02-03T10:04:19.269+0000] {processor.py:208} INFO - Processing /home/airflow/.local/lib/python3.12/site-packages/airflow/example_dags/example_skip_dag.py took 0.095 seconds
[2025-02-03T10:04:49.673+0000] {processor.py:186} INFO - Started process (PID=1206) to work on /home/airflow/.local/lib/python3.12/site-packages/airflow/example_dags/example_skip_dag.py
[2025-02-03T10:04:49.675+0000] {processor.py:914} INFO - Processing file /home/airflow/.local/lib/python3.12/site-packages/airflow/example_dags/example_skip_dag.py for tasks to queue
[2025-02-03T10:04:49.678+0000] {logging_mixin.py:190} INFO - [2025-02-03T10:04:49.677+0000] {dagbag.py:588} INFO - Filling up the DagBag from /home/airflow/.local/lib/python3.12/site-packages/airflow/example_dags/example_skip_dag.py
[2025-02-03T10:04:49.687+0000] {processor.py:925} INFO - DAG(s) 'example_skip_dag' retrieved from /home/airflow/.local/lib/python3.12/site-packages/airflow/example_dags/example_skip_dag.py
[2025-02-03T10:04:49.707+0000] {logging_mixin.py:190} INFO - [2025-02-03T10:04:49.707+0000] {dag.py:3239} INFO - Sync 1 DAGs
[2025-02-03T10:04:49.741+0000] {logging_mixin.py:190} INFO - [2025-02-03T10:04:49.740+0000] {dag.py:4180} INFO - Setting next_dagrun for example_skip_dag to 2025-02-02 00:00:00+00:00, run_after=2025-02-03 00:00:00+00:00
[2025-02-03T10:04:49.769+0000] {processor.py:208} INFO - Processing /home/airflow/.local/lib/python3.12/site-packages/airflow/example_dags/example_skip_dag.py took 0.101 seconds
[2025-02-03T10:05:20.670+0000] {processor.py:186} INFO - Started process (PID=1271) to work on /home/airflow/.local/lib/python3.12/site-packages/airflow/example_dags/example_skip_dag.py
[2025-02-03T10:05:20.671+0000] {processor.py:914} INFO - Processing file /home/airflow/.local/lib/python3.12/site-packages/airflow/example_dags/example_skip_dag.py for tasks to queue
[2025-02-03T10:05:20.673+0000] {logging_mixin.py:190} INFO - [2025-02-03T10:05:20.673+0000] {dagbag.py:588} INFO - Filling up the DagBag from /home/airflow/.local/lib/python3.12/site-packages/airflow/example_dags/example_skip_dag.py
[2025-02-03T10:05:20.681+0000] {processor.py:925} INFO - DAG(s) 'example_skip_dag' retrieved from /home/airflow/.local/lib/python3.12/site-packages/airflow/example_dags/example_skip_dag.py
[2025-02-03T10:05:20.701+0000] {logging_mixin.py:190} INFO - [2025-02-03T10:05:20.701+0000] {dag.py:3239} INFO - Sync 1 DAGs
[2025-02-03T10:05:20.722+0000] {logging_mixin.py:190} INFO - [2025-02-03T10:05:20.722+0000] {dag.py:4180} INFO - Setting next_dagrun for example_skip_dag to 2025-02-02 00:00:00+00:00, run_after=2025-02-03 00:00:00+00:00
[2025-02-03T10:05:20.742+0000] {processor.py:208} INFO - Processing /home/airflow/.local/lib/python3.12/site-packages/airflow/example_dags/example_skip_dag.py took 0.078 seconds
[2025-02-03T10:05:51.462+0000] {processor.py:186} INFO - Started process (PID=1335) to work on /home/airflow/.local/lib/python3.12/site-packages/airflow/example_dags/example_skip_dag.py
[2025-02-03T10:05:51.463+0000] {processor.py:914} INFO - Processing file /home/airflow/.local/lib/python3.12/site-packages/airflow/example_dags/example_skip_dag.py for tasks to queue
[2025-02-03T10:05:51.465+0000] {logging_mixin.py:190} INFO - [2025-02-03T10:05:51.464+0000] {dagbag.py:588} INFO - Filling up the DagBag from /home/airflow/.local/lib/python3.12/site-packages/airflow/example_dags/example_skip_dag.py
[2025-02-03T10:05:51.471+0000] {processor.py:925} INFO - DAG(s) 'example_skip_dag' retrieved from /home/airflow/.local/lib/python3.12/site-packages/airflow/example_dags/example_skip_dag.py
[2025-02-03T10:05:51.487+0000] {logging_mixin.py:190} INFO - [2025-02-03T10:05:51.487+0000] {dag.py:3239} INFO - Sync 1 DAGs
[2025-02-03T10:05:51.506+0000] {logging_mixin.py:190} INFO - [2025-02-03T10:05:51.506+0000] {dag.py:4180} INFO - Setting next_dagrun for example_skip_dag to 2025-02-02 00:00:00+00:00, run_after=2025-02-03 00:00:00+00:00
[2025-02-03T10:05:51.520+0000] {processor.py:208} INFO - Processing /home/airflow/.local/lib/python3.12/site-packages/airflow/example_dags/example_skip_dag.py took 0.064 seconds
[2025-02-03T10:06:22.128+0000] {processor.py:186} INFO - Started process (PID=1399) to work on /home/airflow/.local/lib/python3.12/site-packages/airflow/example_dags/example_skip_dag.py
[2025-02-03T10:06:22.130+0000] {processor.py:914} INFO - Processing file /home/airflow/.local/lib/python3.12/site-packages/airflow/example_dags/example_skip_dag.py for tasks to queue
[2025-02-03T10:06:22.132+0000] {logging_mixin.py:190} INFO - [2025-02-03T10:06:22.132+0000] {dagbag.py:588} INFO - Filling up the DagBag from /home/airflow/.local/lib/python3.12/site-packages/airflow/example_dags/example_skip_dag.py
[2025-02-03T10:06:22.138+0000] {processor.py:925} INFO - DAG(s) 'example_skip_dag' retrieved from /home/airflow/.local/lib/python3.12/site-packages/airflow/example_dags/example_skip_dag.py
[2025-02-03T10:06:22.156+0000] {logging_mixin.py:190} INFO - [2025-02-03T10:06:22.156+0000] {dag.py:3239} INFO - Sync 1 DAGs
[2025-02-03T10:06:22.175+0000] {logging_mixin.py:190} INFO - [2025-02-03T10:06:22.175+0000] {dag.py:4180} INFO - Setting next_dagrun for example_skip_dag to 2025-02-02 00:00:00+00:00, run_after=2025-02-03 00:00:00+00:00
[2025-02-03T10:06:22.189+0000] {processor.py:208} INFO - Processing /home/airflow/.local/lib/python3.12/site-packages/airflow/example_dags/example_skip_dag.py took 0.068 seconds
[2025-02-03T10:13:04.780+0000] {processor.py:186} INFO - Started process (PID=59) to work on /home/airflow/.local/lib/python3.12/site-packages/airflow/example_dags/example_skip_dag.py
[2025-02-03T10:13:04.788+0000] {processor.py:914} INFO - Processing file /home/airflow/.local/lib/python3.12/site-packages/airflow/example_dags/example_skip_dag.py for tasks to queue
[2025-02-03T10:13:04.791+0000] {logging_mixin.py:190} INFO - [2025-02-03T10:13:04.791+0000] {dagbag.py:588} INFO - Filling up the DagBag from /home/airflow/.local/lib/python3.12/site-packages/airflow/example_dags/example_skip_dag.py
[2025-02-03T10:13:04.810+0000] {processor.py:925} INFO - DAG(s) 'example_skip_dag' retrieved from /home/airflow/.local/lib/python3.12/site-packages/airflow/example_dags/example_skip_dag.py
[2025-02-03T10:13:04.863+0000] {logging_mixin.py:190} INFO - [2025-02-03T10:13:04.862+0000] {dag.py:3239} INFO - Sync 1 DAGs
[2025-02-03T10:13:04.909+0000] {logging_mixin.py:190} INFO - [2025-02-03T10:13:04.909+0000] {dag.py:4180} INFO - Setting next_dagrun for example_skip_dag to 2025-02-02 00:00:00+00:00, run_after=2025-02-03 00:00:00+00:00
[2025-02-03T10:13:04.951+0000] {processor.py:208} INFO - Processing /home/airflow/.local/lib/python3.12/site-packages/airflow/example_dags/example_skip_dag.py took 0.175 seconds
[2025-02-03T10:13:36.418+0000] {processor.py:186} INFO - Started process (PID=123) to work on /home/airflow/.local/lib/python3.12/site-packages/airflow/example_dags/example_skip_dag.py
[2025-02-03T10:13:36.420+0000] {processor.py:914} INFO - Processing file /home/airflow/.local/lib/python3.12/site-packages/airflow/example_dags/example_skip_dag.py for tasks to queue
[2025-02-03T10:13:36.425+0000] {logging_mixin.py:190} INFO - [2025-02-03T10:13:36.425+0000] {dagbag.py:588} INFO - Filling up the DagBag from /home/airflow/.local/lib/python3.12/site-packages/airflow/example_dags/example_skip_dag.py
[2025-02-03T10:13:36.452+0000] {processor.py:925} INFO - DAG(s) 'example_skip_dag' retrieved from /home/airflow/.local/lib/python3.12/site-packages/airflow/example_dags/example_skip_dag.py
[2025-02-03T10:13:36.502+0000] {logging_mixin.py:190} INFO - [2025-02-03T10:13:36.501+0000] {dag.py:3239} INFO - Sync 1 DAGs
[2025-02-03T10:13:36.563+0000] {logging_mixin.py:190} INFO - [2025-02-03T10:13:36.562+0000] {dag.py:4180} INFO - Setting next_dagrun for example_skip_dag to 2025-02-02 00:00:00+00:00, run_after=2025-02-03 00:00:00+00:00
[2025-02-03T10:13:36.602+0000] {processor.py:208} INFO - Processing /home/airflow/.local/lib/python3.12/site-packages/airflow/example_dags/example_skip_dag.py took 0.199 seconds
[2025-02-03T10:14:08.269+0000] {processor.py:186} INFO - Started process (PID=187) to work on /home/airflow/.local/lib/python3.12/site-packages/airflow/example_dags/example_skip_dag.py
[2025-02-03T10:14:08.272+0000] {processor.py:914} INFO - Processing file /home/airflow/.local/lib/python3.12/site-packages/airflow/example_dags/example_skip_dag.py for tasks to queue
[2025-02-03T10:14:08.279+0000] {logging_mixin.py:190} INFO - [2025-02-03T10:14:08.279+0000] {dagbag.py:588} INFO - Filling up the DagBag from /home/airflow/.local/lib/python3.12/site-packages/airflow/example_dags/example_skip_dag.py
[2025-02-03T10:14:08.300+0000] {processor.py:925} INFO - DAG(s) 'example_skip_dag' retrieved from /home/airflow/.local/lib/python3.12/site-packages/airflow/example_dags/example_skip_dag.py
[2025-02-03T10:14:08.402+0000] {logging_mixin.py:190} INFO - [2025-02-03T10:14:08.401+0000] {dag.py:3239} INFO - Sync 1 DAGs
[2025-02-03T10:14:08.452+0000] {logging_mixin.py:190} INFO - [2025-02-03T10:14:08.452+0000] {dag.py:4180} INFO - Setting next_dagrun for example_skip_dag to 2025-02-02 00:00:00+00:00, run_after=2025-02-03 00:00:00+00:00
[2025-02-03T10:14:08.566+0000] {processor.py:208} INFO - Processing /home/airflow/.local/lib/python3.12/site-packages/airflow/example_dags/example_skip_dag.py took 0.302 seconds
[2025-02-03T10:14:38.843+0000] {processor.py:186} INFO - Started process (PID=250) to work on /home/airflow/.local/lib/python3.12/site-packages/airflow/example_dags/example_skip_dag.py
[2025-02-03T10:14:38.844+0000] {processor.py:914} INFO - Processing file /home/airflow/.local/lib/python3.12/site-packages/airflow/example_dags/example_skip_dag.py for tasks to queue
[2025-02-03T10:14:38.846+0000] {logging_mixin.py:190} INFO - [2025-02-03T10:14:38.846+0000] {dagbag.py:588} INFO - Filling up the DagBag from /home/airflow/.local/lib/python3.12/site-packages/airflow/example_dags/example_skip_dag.py
[2025-02-03T10:14:38.854+0000] {processor.py:925} INFO - DAG(s) 'example_skip_dag' retrieved from /home/airflow/.local/lib/python3.12/site-packages/airflow/example_dags/example_skip_dag.py
[2025-02-03T10:14:38.873+0000] {logging_mixin.py:190} INFO - [2025-02-03T10:14:38.873+0000] {dag.py:3239} INFO - Sync 1 DAGs
[2025-02-03T10:14:38.893+0000] {logging_mixin.py:190} INFO - [2025-02-03T10:14:38.892+0000] {dag.py:4180} INFO - Setting next_dagrun for example_skip_dag to 2025-02-02 00:00:00+00:00, run_after=2025-02-03 00:00:00+00:00
[2025-02-03T10:14:38.907+0000] {processor.py:208} INFO - Processing /home/airflow/.local/lib/python3.12/site-packages/airflow/example_dags/example_skip_dag.py took 0.070 seconds
[2025-02-03T10:15:09.321+0000] {processor.py:186} INFO - Started process (PID=315) to work on /home/airflow/.local/lib/python3.12/site-packages/airflow/example_dags/example_skip_dag.py
[2025-02-03T10:15:09.322+0000] {processor.py:914} INFO - Processing file /home/airflow/.local/lib/python3.12/site-packages/airflow/example_dags/example_skip_dag.py for tasks to queue
[2025-02-03T10:15:09.325+0000] {logging_mixin.py:190} INFO - [2025-02-03T10:15:09.324+0000] {dagbag.py:588} INFO - Filling up the DagBag from /home/airflow/.local/lib/python3.12/site-packages/airflow/example_dags/example_skip_dag.py
[2025-02-03T10:15:09.333+0000] {processor.py:925} INFO - DAG(s) 'example_skip_dag' retrieved from /home/airflow/.local/lib/python3.12/site-packages/airflow/example_dags/example_skip_dag.py
[2025-02-03T10:15:09.350+0000] {logging_mixin.py:190} INFO - [2025-02-03T10:15:09.350+0000] {dag.py:3239} INFO - Sync 1 DAGs
[2025-02-03T10:15:09.369+0000] {logging_mixin.py:190} INFO - [2025-02-03T10:15:09.369+0000] {dag.py:4180} INFO - Setting next_dagrun for example_skip_dag to 2025-02-02 00:00:00+00:00, run_after=2025-02-03 00:00:00+00:00
[2025-02-03T10:15:09.388+0000] {processor.py:208} INFO - Processing /home/airflow/.local/lib/python3.12/site-packages/airflow/example_dags/example_skip_dag.py took 0.071 seconds
[2025-02-03T10:15:39.558+0000] {processor.py:186} INFO - Started process (PID=378) to work on /home/airflow/.local/lib/python3.12/site-packages/airflow/example_dags/example_skip_dag.py
[2025-02-03T10:15:39.558+0000] {processor.py:914} INFO - Processing file /home/airflow/.local/lib/python3.12/site-packages/airflow/example_dags/example_skip_dag.py for tasks to queue
[2025-02-03T10:15:39.561+0000] {logging_mixin.py:190} INFO - [2025-02-03T10:15:39.561+0000] {dagbag.py:588} INFO - Filling up the DagBag from /home/airflow/.local/lib/python3.12/site-packages/airflow/example_dags/example_skip_dag.py
[2025-02-03T10:15:39.568+0000] {processor.py:925} INFO - DAG(s) 'example_skip_dag' retrieved from /home/airflow/.local/lib/python3.12/site-packages/airflow/example_dags/example_skip_dag.py
[2025-02-03T10:15:39.592+0000] {logging_mixin.py:190} INFO - [2025-02-03T10:15:39.592+0000] {dag.py:3239} INFO - Sync 1 DAGs
[2025-02-03T10:15:39.619+0000] {logging_mixin.py:190} INFO - [2025-02-03T10:15:39.619+0000] {dag.py:4180} INFO - Setting next_dagrun for example_skip_dag to 2025-02-02 00:00:00+00:00, run_after=2025-02-03 00:00:00+00:00
[2025-02-03T10:15:39.640+0000] {processor.py:208} INFO - Processing /home/airflow/.local/lib/python3.12/site-packages/airflow/example_dags/example_skip_dag.py took 0.087 seconds
[2025-02-03T10:16:11.363+0000] {processor.py:186} INFO - Started process (PID=442) to work on /home/airflow/.local/lib/python3.12/site-packages/airflow/example_dags/example_skip_dag.py
[2025-02-03T10:16:11.369+0000] {processor.py:914} INFO - Processing file /home/airflow/.local/lib/python3.12/site-packages/airflow/example_dags/example_skip_dag.py for tasks to queue
[2025-02-03T10:16:11.372+0000] {logging_mixin.py:190} INFO - [2025-02-03T10:16:11.372+0000] {dagbag.py:588} INFO - Filling up the DagBag from /home/airflow/.local/lib/python3.12/site-packages/airflow/example_dags/example_skip_dag.py
[2025-02-03T10:16:11.380+0000] {processor.py:925} INFO - DAG(s) 'example_skip_dag' retrieved from /home/airflow/.local/lib/python3.12/site-packages/airflow/example_dags/example_skip_dag.py
[2025-02-03T10:16:11.431+0000] {logging_mixin.py:190} INFO - [2025-02-03T10:16:11.431+0000] {dag.py:3239} INFO - Sync 1 DAGs
[2025-02-03T10:16:11.467+0000] {logging_mixin.py:190} INFO - [2025-02-03T10:16:11.467+0000] {dag.py:4180} INFO - Setting next_dagrun for example_skip_dag to 2025-02-02 00:00:00+00:00, run_after=2025-02-03 00:00:00+00:00
[2025-02-03T10:16:11.491+0000] {processor.py:208} INFO - Processing /home/airflow/.local/lib/python3.12/site-packages/airflow/example_dags/example_skip_dag.py took 0.134 seconds
[2025-02-03T10:16:41.668+0000] {processor.py:186} INFO - Started process (PID=506) to work on /home/airflow/.local/lib/python3.12/site-packages/airflow/example_dags/example_skip_dag.py
[2025-02-03T10:16:41.669+0000] {processor.py:914} INFO - Processing file /home/airflow/.local/lib/python3.12/site-packages/airflow/example_dags/example_skip_dag.py for tasks to queue
[2025-02-03T10:16:41.671+0000] {logging_mixin.py:190} INFO - [2025-02-03T10:16:41.671+0000] {dagbag.py:588} INFO - Filling up the DagBag from /home/airflow/.local/lib/python3.12/site-packages/airflow/example_dags/example_skip_dag.py
[2025-02-03T10:16:41.678+0000] {processor.py:925} INFO - DAG(s) 'example_skip_dag' retrieved from /home/airflow/.local/lib/python3.12/site-packages/airflow/example_dags/example_skip_dag.py
[2025-02-03T10:16:41.692+0000] {logging_mixin.py:190} INFO - [2025-02-03T10:16:41.692+0000] {dag.py:3239} INFO - Sync 1 DAGs
[2025-02-03T10:16:41.709+0000] {logging_mixin.py:190} INFO - [2025-02-03T10:16:41.708+0000] {dag.py:4180} INFO - Setting next_dagrun for example_skip_dag to 2025-02-02 00:00:00+00:00, run_after=2025-02-03 00:00:00+00:00
[2025-02-03T10:16:41.721+0000] {processor.py:208} INFO - Processing /home/airflow/.local/lib/python3.12/site-packages/airflow/example_dags/example_skip_dag.py took 0.058 seconds
[2025-02-03T10:17:12.611+0000] {processor.py:186} INFO - Started process (PID=570) to work on /home/airflow/.local/lib/python3.12/site-packages/airflow/example_dags/example_skip_dag.py
[2025-02-03T10:17:12.612+0000] {processor.py:914} INFO - Processing file /home/airflow/.local/lib/python3.12/site-packages/airflow/example_dags/example_skip_dag.py for tasks to queue
[2025-02-03T10:17:12.617+0000] {logging_mixin.py:190} INFO - [2025-02-03T10:17:12.616+0000] {dagbag.py:588} INFO - Filling up the DagBag from /home/airflow/.local/lib/python3.12/site-packages/airflow/example_dags/example_skip_dag.py
[2025-02-03T10:17:12.633+0000] {processor.py:925} INFO - DAG(s) 'example_skip_dag' retrieved from /home/airflow/.local/lib/python3.12/site-packages/airflow/example_dags/example_skip_dag.py
[2025-02-03T10:17:12.681+0000] {logging_mixin.py:190} INFO - [2025-02-03T10:17:12.680+0000] {dag.py:3239} INFO - Sync 1 DAGs
[2025-02-03T10:17:12.719+0000] {logging_mixin.py:190} INFO - [2025-02-03T10:17:12.719+0000] {dag.py:4180} INFO - Setting next_dagrun for example_skip_dag to 2025-02-02 00:00:00+00:00, run_after=2025-02-03 00:00:00+00:00
[2025-02-03T10:17:12.747+0000] {processor.py:208} INFO - Processing /home/airflow/.local/lib/python3.12/site-packages/airflow/example_dags/example_skip_dag.py took 0.144 seconds
[2025-02-03T10:17:43.548+0000] {processor.py:186} INFO - Started process (PID=635) to work on /home/airflow/.local/lib/python3.12/site-packages/airflow/example_dags/example_skip_dag.py
[2025-02-03T10:17:43.549+0000] {processor.py:914} INFO - Processing file /home/airflow/.local/lib/python3.12/site-packages/airflow/example_dags/example_skip_dag.py for tasks to queue
[2025-02-03T10:17:43.551+0000] {logging_mixin.py:190} INFO - [2025-02-03T10:17:43.551+0000] {dagbag.py:588} INFO - Filling up the DagBag from /home/airflow/.local/lib/python3.12/site-packages/airflow/example_dags/example_skip_dag.py
[2025-02-03T10:17:43.561+0000] {processor.py:925} INFO - DAG(s) 'example_skip_dag' retrieved from /home/airflow/.local/lib/python3.12/site-packages/airflow/example_dags/example_skip_dag.py
[2025-02-03T10:17:43.578+0000] {logging_mixin.py:190} INFO - [2025-02-03T10:17:43.577+0000] {dag.py:3239} INFO - Sync 1 DAGs
[2025-02-03T10:17:43.597+0000] {logging_mixin.py:190} INFO - [2025-02-03T10:17:43.597+0000] {dag.py:4180} INFO - Setting next_dagrun for example_skip_dag to 2025-02-02 00:00:00+00:00, run_after=2025-02-03 00:00:00+00:00
[2025-02-03T10:17:43.616+0000] {processor.py:208} INFO - Processing /home/airflow/.local/lib/python3.12/site-packages/airflow/example_dags/example_skip_dag.py took 0.073 seconds
[2025-02-03T10:18:14.337+0000] {processor.py:186} INFO - Started process (PID=700) to work on /home/airflow/.local/lib/python3.12/site-packages/airflow/example_dags/example_skip_dag.py
[2025-02-03T10:18:14.338+0000] {processor.py:914} INFO - Processing file /home/airflow/.local/lib/python3.12/site-packages/airflow/example_dags/example_skip_dag.py for tasks to queue
[2025-02-03T10:18:14.340+0000] {logging_mixin.py:190} INFO - [2025-02-03T10:18:14.340+0000] {dagbag.py:588} INFO - Filling up the DagBag from /home/airflow/.local/lib/python3.12/site-packages/airflow/example_dags/example_skip_dag.py
[2025-02-03T10:18:14.348+0000] {processor.py:925} INFO - DAG(s) 'example_skip_dag' retrieved from /home/airflow/.local/lib/python3.12/site-packages/airflow/example_dags/example_skip_dag.py
[2025-02-03T10:18:14.366+0000] {logging_mixin.py:190} INFO - [2025-02-03T10:18:14.366+0000] {dag.py:3239} INFO - Sync 1 DAGs
[2025-02-03T10:18:14.392+0000] {logging_mixin.py:190} INFO - [2025-02-03T10:18:14.386+0000] {dag.py:4180} INFO - Setting next_dagrun for example_skip_dag to 2025-02-02 00:00:00+00:00, run_after=2025-02-03 00:00:00+00:00
[2025-02-03T10:18:14.406+0000] {processor.py:208} INFO - Processing /home/airflow/.local/lib/python3.12/site-packages/airflow/example_dags/example_skip_dag.py took 0.073 seconds
[2025-02-03T10:18:46.826+0000] {processor.py:186} INFO - Started process (PID=764) to work on /home/airflow/.local/lib/python3.12/site-packages/airflow/example_dags/example_skip_dag.py
[2025-02-03T10:18:46.827+0000] {processor.py:914} INFO - Processing file /home/airflow/.local/lib/python3.12/site-packages/airflow/example_dags/example_skip_dag.py for tasks to queue
[2025-02-03T10:18:46.830+0000] {logging_mixin.py:190} INFO - [2025-02-03T10:18:46.829+0000] {dagbag.py:588} INFO - Filling up the DagBag from /home/airflow/.local/lib/python3.12/site-packages/airflow/example_dags/example_skip_dag.py
[2025-02-03T10:18:46.838+0000] {processor.py:925} INFO - DAG(s) 'example_skip_dag' retrieved from /home/airflow/.local/lib/python3.12/site-packages/airflow/example_dags/example_skip_dag.py
[2025-02-03T10:18:46.854+0000] {logging_mixin.py:190} INFO - [2025-02-03T10:18:46.854+0000] {dag.py:3239} INFO - Sync 1 DAGs
[2025-02-03T10:18:46.872+0000] {logging_mixin.py:190} INFO - [2025-02-03T10:18:46.872+0000] {dag.py:4180} INFO - Setting next_dagrun for example_skip_dag to 2025-02-02 00:00:00+00:00, run_after=2025-02-03 00:00:00+00:00
[2025-02-03T10:18:46.891+0000] {processor.py:208} INFO - Processing /home/airflow/.local/lib/python3.12/site-packages/airflow/example_dags/example_skip_dag.py took 0.069 seconds
[2025-02-03T10:19:17.515+0000] {processor.py:186} INFO - Started process (PID=828) to work on /home/airflow/.local/lib/python3.12/site-packages/airflow/example_dags/example_skip_dag.py
[2025-02-03T10:19:17.518+0000] {processor.py:914} INFO - Processing file /home/airflow/.local/lib/python3.12/site-packages/airflow/example_dags/example_skip_dag.py for tasks to queue
[2025-02-03T10:19:17.521+0000] {logging_mixin.py:190} INFO - [2025-02-03T10:19:17.520+0000] {dagbag.py:588} INFO - Filling up the DagBag from /home/airflow/.local/lib/python3.12/site-packages/airflow/example_dags/example_skip_dag.py
[2025-02-03T10:19:17.538+0000] {processor.py:925} INFO - DAG(s) 'example_skip_dag' retrieved from /home/airflow/.local/lib/python3.12/site-packages/airflow/example_dags/example_skip_dag.py
[2025-02-03T10:19:17.567+0000] {logging_mixin.py:190} INFO - [2025-02-03T10:19:17.567+0000] {dag.py:3239} INFO - Sync 1 DAGs
[2025-02-03T10:19:17.586+0000] {logging_mixin.py:190} INFO - [2025-02-03T10:19:17.585+0000] {dag.py:4180} INFO - Setting next_dagrun for example_skip_dag to 2025-02-02 00:00:00+00:00, run_after=2025-02-03 00:00:00+00:00
[2025-02-03T10:19:17.600+0000] {processor.py:208} INFO - Processing /home/airflow/.local/lib/python3.12/site-packages/airflow/example_dags/example_skip_dag.py took 0.090 seconds
[2025-02-03T10:19:47.908+0000] {processor.py:186} INFO - Started process (PID=892) to work on /home/airflow/.local/lib/python3.12/site-packages/airflow/example_dags/example_skip_dag.py
[2025-02-03T10:19:47.910+0000] {processor.py:914} INFO - Processing file /home/airflow/.local/lib/python3.12/site-packages/airflow/example_dags/example_skip_dag.py for tasks to queue
[2025-02-03T10:19:47.912+0000] {logging_mixin.py:190} INFO - [2025-02-03T10:19:47.911+0000] {dagbag.py:588} INFO - Filling up the DagBag from /home/airflow/.local/lib/python3.12/site-packages/airflow/example_dags/example_skip_dag.py
[2025-02-03T10:19:47.919+0000] {processor.py:925} INFO - DAG(s) 'example_skip_dag' retrieved from /home/airflow/.local/lib/python3.12/site-packages/airflow/example_dags/example_skip_dag.py
[2025-02-03T10:19:47.934+0000] {logging_mixin.py:190} INFO - [2025-02-03T10:19:47.934+0000] {dag.py:3239} INFO - Sync 1 DAGs
[2025-02-03T10:19:47.958+0000] {logging_mixin.py:190} INFO - [2025-02-03T10:19:47.958+0000] {dag.py:4180} INFO - Setting next_dagrun for example_skip_dag to 2025-02-02 00:00:00+00:00, run_after=2025-02-03 00:00:00+00:00
[2025-02-03T10:19:47.972+0000] {processor.py:208} INFO - Processing /home/airflow/.local/lib/python3.12/site-packages/airflow/example_dags/example_skip_dag.py took 0.070 seconds
[2025-02-03T10:20:19.443+0000] {processor.py:186} INFO - Started process (PID=956) to work on /home/airflow/.local/lib/python3.12/site-packages/airflow/example_dags/example_skip_dag.py
[2025-02-03T10:20:19.445+0000] {processor.py:914} INFO - Processing file /home/airflow/.local/lib/python3.12/site-packages/airflow/example_dags/example_skip_dag.py for tasks to queue
[2025-02-03T10:20:19.448+0000] {logging_mixin.py:190} INFO - [2025-02-03T10:20:19.448+0000] {dagbag.py:588} INFO - Filling up the DagBag from /home/airflow/.local/lib/python3.12/site-packages/airflow/example_dags/example_skip_dag.py
[2025-02-03T10:20:19.463+0000] {processor.py:925} INFO - DAG(s) 'example_skip_dag' retrieved from /home/airflow/.local/lib/python3.12/site-packages/airflow/example_dags/example_skip_dag.py
[2025-02-03T10:20:19.483+0000] {logging_mixin.py:190} INFO - [2025-02-03T10:20:19.482+0000] {dag.py:3239} INFO - Sync 1 DAGs
[2025-02-03T10:20:19.502+0000] {logging_mixin.py:190} INFO - [2025-02-03T10:20:19.502+0000] {dag.py:4180} INFO - Setting next_dagrun for example_skip_dag to 2025-02-02 00:00:00+00:00, run_after=2025-02-03 00:00:00+00:00
[2025-02-03T10:20:19.521+0000] {processor.py:208} INFO - Processing /home/airflow/.local/lib/python3.12/site-packages/airflow/example_dags/example_skip_dag.py took 0.084 seconds
