[2025-02-03T09:44:35.429+0000] {processor.py:186} INFO - Started process (PID=77) to work on /home/airflow/.local/lib/python3.12/site-packages/airflow/example_dags/example_branch_python_dop_operator_3.py
[2025-02-03T09:44:35.430+0000] {processor.py:914} INFO - Processing file /home/airflow/.local/lib/python3.12/site-packages/airflow/example_dags/example_branch_python_dop_operator_3.py for tasks to queue
[2025-02-03T09:44:35.433+0000] {logging_mixin.py:190} INFO - [2025-02-03T09:44:35.433+0000] {dagbag.py:588} INFO - Filling up the DagBag from /home/airflow/.local/lib/python3.12/site-packages/airflow/example_dags/example_branch_python_dop_operator_3.py
[2025-02-03T09:44:35.445+0000] {processor.py:925} INFO - DAG(s) 'example_branch_dop_operator_v3' retrieved from /home/airflow/.local/lib/python3.12/site-packages/airflow/example_dags/example_branch_python_dop_operator_3.py
[2025-02-03T09:44:35.534+0000] {logging_mixin.py:190} INFO - [2025-02-03T09:44:35.534+0000] {override.py:1911} INFO - Created Permission View: can edit on DAG:example_branch_dop_operator_v3
[2025-02-03T09:44:35.546+0000] {logging_mixin.py:190} INFO - [2025-02-03T09:44:35.546+0000] {override.py:1911} INFO - Created Permission View: can read on DAG:example_branch_dop_operator_v3
[2025-02-03T09:44:35.552+0000] {logging_mixin.py:190} INFO - [2025-02-03T09:44:35.552+0000] {override.py:1911} INFO - Created Permission View: can delete on DAG:example_branch_dop_operator_v3
[2025-02-03T09:44:35.559+0000] {logging_mixin.py:190} INFO - [2025-02-03T09:44:35.559+0000] {override.py:1911} INFO - Created Permission View: can read on DAG Run:example_branch_dop_operator_v3
[2025-02-03T09:44:35.564+0000] {logging_mixin.py:190} INFO - [2025-02-03T09:44:35.564+0000] {override.py:1911} INFO - Created Permission View: can delete on DAG Run:example_branch_dop_operator_v3
[2025-02-03T09:44:35.570+0000] {logging_mixin.py:190} INFO - [2025-02-03T09:44:35.570+0000] {override.py:1911} INFO - Created Permission View: can create on DAG Run:example_branch_dop_operator_v3
[2025-02-03T09:44:35.575+0000] {logging_mixin.py:190} INFO - [2025-02-03T09:44:35.575+0000] {override.py:1911} INFO - Created Permission View: menu access on DAG Run:example_branch_dop_operator_v3
[2025-02-03T09:44:35.576+0000] {logging_mixin.py:190} INFO - [2025-02-03T09:44:35.576+0000] {dag.py:3239} INFO - Sync 1 DAGs
[2025-02-03T09:44:35.586+0000] {logging_mixin.py:190} INFO - [2025-02-03T09:44:35.586+0000] {dag.py:3262} INFO - Creating ORM DAG for example_branch_dop_operator_v3
[2025-02-03T09:44:35.596+0000] {logging_mixin.py:190} INFO - [2025-02-03T09:44:35.595+0000] {dag.py:4180} INFO - Setting next_dagrun for example_branch_dop_operator_v3 to 2025-02-03 09:43:00+00:00, run_after=2025-02-03 09:44:00+00:00
[2025-02-03T09:44:35.611+0000] {processor.py:208} INFO - Processing /home/airflow/.local/lib/python3.12/site-packages/airflow/example_dags/example_branch_python_dop_operator_3.py took 0.188 seconds
[2025-02-03T09:45:15.624+0000] {processor.py:186} INFO - Started process (PID=139) to work on /home/airflow/.local/lib/python3.12/site-packages/airflow/example_dags/example_branch_python_dop_operator_3.py
[2025-02-03T09:45:15.626+0000] {processor.py:914} INFO - Processing file /home/airflow/.local/lib/python3.12/site-packages/airflow/example_dags/example_branch_python_dop_operator_3.py for tasks to queue
[2025-02-03T09:45:15.629+0000] {logging_mixin.py:190} INFO - [2025-02-03T09:45:15.629+0000] {dagbag.py:588} INFO - Filling up the DagBag from /home/airflow/.local/lib/python3.12/site-packages/airflow/example_dags/example_branch_python_dop_operator_3.py
[2025-02-03T09:45:15.643+0000] {processor.py:925} INFO - DAG(s) 'example_branch_dop_operator_v3' retrieved from /home/airflow/.local/lib/python3.12/site-packages/airflow/example_dags/example_branch_python_dop_operator_3.py
[2025-02-03T09:45:15.667+0000] {logging_mixin.py:190} INFO - [2025-02-03T09:45:15.666+0000] {dag.py:3239} INFO - Sync 1 DAGs
[2025-02-03T09:45:15.701+0000] {logging_mixin.py:190} INFO - [2025-02-03T09:45:15.701+0000] {dag.py:4180} INFO - Setting next_dagrun for example_branch_dop_operator_v3 to 2025-02-03 09:44:00+00:00, run_after=2025-02-03 09:45:00+00:00
[2025-02-03T09:45:15.726+0000] {processor.py:208} INFO - Processing /home/airflow/.local/lib/python3.12/site-packages/airflow/example_dags/example_branch_python_dop_operator_3.py took 0.112 seconds
[2025-02-03T09:45:46.365+0000] {processor.py:186} INFO - Started process (PID=202) to work on /home/airflow/.local/lib/python3.12/site-packages/airflow/example_dags/example_branch_python_dop_operator_3.py
[2025-02-03T09:45:46.366+0000] {processor.py:914} INFO - Processing file /home/airflow/.local/lib/python3.12/site-packages/airflow/example_dags/example_branch_python_dop_operator_3.py for tasks to queue
[2025-02-03T09:45:46.369+0000] {logging_mixin.py:190} INFO - [2025-02-03T09:45:46.369+0000] {dagbag.py:588} INFO - Filling up the DagBag from /home/airflow/.local/lib/python3.12/site-packages/airflow/example_dags/example_branch_python_dop_operator_3.py
[2025-02-03T09:45:46.384+0000] {processor.py:925} INFO - DAG(s) 'example_branch_dop_operator_v3' retrieved from /home/airflow/.local/lib/python3.12/site-packages/airflow/example_dags/example_branch_python_dop_operator_3.py
[2025-02-03T09:45:46.410+0000] {logging_mixin.py:190} INFO - [2025-02-03T09:45:46.409+0000] {dag.py:3239} INFO - Sync 1 DAGs
[2025-02-03T09:45:46.444+0000] {logging_mixin.py:190} INFO - [2025-02-03T09:45:46.443+0000] {dag.py:4180} INFO - Setting next_dagrun for example_branch_dop_operator_v3 to 2025-02-03 09:44:00+00:00, run_after=2025-02-03 09:45:00+00:00
[2025-02-03T09:45:46.469+0000] {processor.py:208} INFO - Processing /home/airflow/.local/lib/python3.12/site-packages/airflow/example_dags/example_branch_python_dop_operator_3.py took 0.112 seconds
[2025-02-03T09:46:19.317+0000] {processor.py:186} INFO - Started process (PID=265) to work on /home/airflow/.local/lib/python3.12/site-packages/airflow/example_dags/example_branch_python_dop_operator_3.py
[2025-02-03T09:46:19.318+0000] {processor.py:914} INFO - Processing file /home/airflow/.local/lib/python3.12/site-packages/airflow/example_dags/example_branch_python_dop_operator_3.py for tasks to queue
[2025-02-03T09:46:19.320+0000] {logging_mixin.py:190} INFO - [2025-02-03T09:46:19.320+0000] {dagbag.py:588} INFO - Filling up the DagBag from /home/airflow/.local/lib/python3.12/site-packages/airflow/example_dags/example_branch_python_dop_operator_3.py
[2025-02-03T09:46:19.329+0000] {processor.py:925} INFO - DAG(s) 'example_branch_dop_operator_v3' retrieved from /home/airflow/.local/lib/python3.12/site-packages/airflow/example_dags/example_branch_python_dop_operator_3.py
[2025-02-03T09:46:19.344+0000] {logging_mixin.py:190} INFO - [2025-02-03T09:46:19.344+0000] {dag.py:3239} INFO - Sync 1 DAGs
[2025-02-03T09:46:19.364+0000] {logging_mixin.py:190} INFO - [2025-02-03T09:46:19.364+0000] {dag.py:4180} INFO - Setting next_dagrun for example_branch_dop_operator_v3 to 2025-02-03 09:45:00+00:00, run_after=2025-02-03 09:46:00+00:00
[2025-02-03T09:46:19.381+0000] {processor.py:208} INFO - Processing /home/airflow/.local/lib/python3.12/site-packages/airflow/example_dags/example_branch_python_dop_operator_3.py took 0.069 seconds
[2025-02-03T09:55:25.356+0000] {processor.py:186} INFO - Started process (PID=78) to work on /home/airflow/.local/lib/python3.12/site-packages/airflow/example_dags/example_branch_python_dop_operator_3.py
[2025-02-03T09:55:25.359+0000] {processor.py:914} INFO - Processing file /home/airflow/.local/lib/python3.12/site-packages/airflow/example_dags/example_branch_python_dop_operator_3.py for tasks to queue
[2025-02-03T09:55:25.365+0000] {logging_mixin.py:190} INFO - [2025-02-03T09:55:25.364+0000] {dagbag.py:588} INFO - Filling up the DagBag from /home/airflow/.local/lib/python3.12/site-packages/airflow/example_dags/example_branch_python_dop_operator_3.py
[2025-02-03T09:55:25.384+0000] {processor.py:925} INFO - DAG(s) 'example_branch_dop_operator_v3' retrieved from /home/airflow/.local/lib/python3.12/site-packages/airflow/example_dags/example_branch_python_dop_operator_3.py
[2025-02-03T09:55:25.447+0000] {logging_mixin.py:190} INFO - [2025-02-03T09:55:25.446+0000] {dag.py:3239} INFO - Sync 1 DAGs
[2025-02-03T09:55:25.481+0000] {logging_mixin.py:190} INFO - [2025-02-03T09:55:25.481+0000] {dag.py:4180} INFO - Setting next_dagrun for example_branch_dop_operator_v3 to 2025-02-03 09:54:00+00:00, run_after=2025-02-03 09:55:00+00:00
[2025-02-03T09:55:25.515+0000] {processor.py:208} INFO - Processing /home/airflow/.local/lib/python3.12/site-packages/airflow/example_dags/example_branch_python_dop_operator_3.py took 0.165 seconds
[2025-02-03T09:55:56.124+0000] {processor.py:186} INFO - Started process (PID=142) to work on /home/airflow/.local/lib/python3.12/site-packages/airflow/example_dags/example_branch_python_dop_operator_3.py
[2025-02-03T09:55:56.125+0000] {processor.py:914} INFO - Processing file /home/airflow/.local/lib/python3.12/site-packages/airflow/example_dags/example_branch_python_dop_operator_3.py for tasks to queue
[2025-02-03T09:55:56.127+0000] {logging_mixin.py:190} INFO - [2025-02-03T09:55:56.127+0000] {dagbag.py:588} INFO - Filling up the DagBag from /home/airflow/.local/lib/python3.12/site-packages/airflow/example_dags/example_branch_python_dop_operator_3.py
[2025-02-03T09:55:56.137+0000] {processor.py:925} INFO - DAG(s) 'example_branch_dop_operator_v3' retrieved from /home/airflow/.local/lib/python3.12/site-packages/airflow/example_dags/example_branch_python_dop_operator_3.py
[2025-02-03T09:55:56.160+0000] {logging_mixin.py:190} INFO - [2025-02-03T09:55:56.160+0000] {dag.py:3239} INFO - Sync 1 DAGs
[2025-02-03T09:55:56.187+0000] {logging_mixin.py:190} INFO - [2025-02-03T09:55:56.187+0000] {dag.py:4180} INFO - Setting next_dagrun for example_branch_dop_operator_v3 to 2025-02-03 09:54:00+00:00, run_after=2025-02-03 09:55:00+00:00
[2025-02-03T09:55:56.211+0000] {processor.py:208} INFO - Processing /home/airflow/.local/lib/python3.12/site-packages/airflow/example_dags/example_branch_python_dop_operator_3.py took 0.092 seconds
[2025-02-03T09:56:26.338+0000] {processor.py:186} INFO - Started process (PID=206) to work on /home/airflow/.local/lib/python3.12/site-packages/airflow/example_dags/example_branch_python_dop_operator_3.py
[2025-02-03T09:56:26.338+0000] {processor.py:914} INFO - Processing file /home/airflow/.local/lib/python3.12/site-packages/airflow/example_dags/example_branch_python_dop_operator_3.py for tasks to queue
[2025-02-03T09:56:26.340+0000] {logging_mixin.py:190} INFO - [2025-02-03T09:56:26.340+0000] {dagbag.py:588} INFO - Filling up the DagBag from /home/airflow/.local/lib/python3.12/site-packages/airflow/example_dags/example_branch_python_dop_operator_3.py
[2025-02-03T09:56:26.348+0000] {processor.py:925} INFO - DAG(s) 'example_branch_dop_operator_v3' retrieved from /home/airflow/.local/lib/python3.12/site-packages/airflow/example_dags/example_branch_python_dop_operator_3.py
[2025-02-03T09:56:26.362+0000] {logging_mixin.py:190} INFO - [2025-02-03T09:56:26.361+0000] {dag.py:3239} INFO - Sync 1 DAGs
[2025-02-03T09:56:26.381+0000] {logging_mixin.py:190} INFO - [2025-02-03T09:56:26.381+0000] {dag.py:4180} INFO - Setting next_dagrun for example_branch_dop_operator_v3 to 2025-02-03 09:55:00+00:00, run_after=2025-02-03 09:56:00+00:00
[2025-02-03T09:56:26.407+0000] {processor.py:208} INFO - Processing /home/airflow/.local/lib/python3.12/site-packages/airflow/example_dags/example_branch_python_dop_operator_3.py took 0.075 seconds
[2025-02-03T09:56:56.839+0000] {processor.py:186} INFO - Started process (PID=270) to work on /home/airflow/.local/lib/python3.12/site-packages/airflow/example_dags/example_branch_python_dop_operator_3.py
[2025-02-03T09:56:56.840+0000] {processor.py:914} INFO - Processing file /home/airflow/.local/lib/python3.12/site-packages/airflow/example_dags/example_branch_python_dop_operator_3.py for tasks to queue
[2025-02-03T09:56:56.842+0000] {logging_mixin.py:190} INFO - [2025-02-03T09:56:56.841+0000] {dagbag.py:588} INFO - Filling up the DagBag from /home/airflow/.local/lib/python3.12/site-packages/airflow/example_dags/example_branch_python_dop_operator_3.py
[2025-02-03T09:56:56.849+0000] {processor.py:925} INFO - DAG(s) 'example_branch_dop_operator_v3' retrieved from /home/airflow/.local/lib/python3.12/site-packages/airflow/example_dags/example_branch_python_dop_operator_3.py
[2025-02-03T09:56:56.864+0000] {logging_mixin.py:190} INFO - [2025-02-03T09:56:56.864+0000] {dag.py:3239} INFO - Sync 1 DAGs
[2025-02-03T09:56:56.881+0000] {logging_mixin.py:190} INFO - [2025-02-03T09:56:56.880+0000] {dag.py:4180} INFO - Setting next_dagrun for example_branch_dop_operator_v3 to 2025-02-03 09:55:00+00:00, run_after=2025-02-03 09:56:00+00:00
[2025-02-03T09:56:56.895+0000] {processor.py:208} INFO - Processing /home/airflow/.local/lib/python3.12/site-packages/airflow/example_dags/example_branch_python_dop_operator_3.py took 0.060 seconds
[2025-02-03T09:57:33.753+0000] {processor.py:186} INFO - Started process (PID=334) to work on /home/airflow/.local/lib/python3.12/site-packages/airflow/example_dags/example_branch_python_dop_operator_3.py
[2025-02-03T09:57:33.755+0000] {processor.py:914} INFO - Processing file /home/airflow/.local/lib/python3.12/site-packages/airflow/example_dags/example_branch_python_dop_operator_3.py for tasks to queue
[2025-02-03T09:57:33.757+0000] {logging_mixin.py:190} INFO - [2025-02-03T09:57:33.756+0000] {dagbag.py:588} INFO - Filling up the DagBag from /home/airflow/.local/lib/python3.12/site-packages/airflow/example_dags/example_branch_python_dop_operator_3.py
[2025-02-03T09:57:33.766+0000] {processor.py:925} INFO - DAG(s) 'example_branch_dop_operator_v3' retrieved from /home/airflow/.local/lib/python3.12/site-packages/airflow/example_dags/example_branch_python_dop_operator_3.py
[2025-02-03T09:57:33.780+0000] {logging_mixin.py:190} INFO - [2025-02-03T09:57:33.780+0000] {dag.py:3239} INFO - Sync 1 DAGs
[2025-02-03T09:57:33.801+0000] {logging_mixin.py:190} INFO - [2025-02-03T09:57:33.801+0000] {dag.py:4180} INFO - Setting next_dagrun for example_branch_dop_operator_v3 to 2025-02-03 09:56:00+00:00, run_after=2025-02-03 09:57:00+00:00
[2025-02-03T09:57:33.815+0000] {processor.py:208} INFO - Processing /home/airflow/.local/lib/python3.12/site-packages/airflow/example_dags/example_branch_python_dop_operator_3.py took 0.066 seconds
[2025-02-03T09:58:07.505+0000] {processor.py:186} INFO - Started process (PID=404) to work on /home/airflow/.local/lib/python3.12/site-packages/airflow/example_dags/example_branch_python_dop_operator_3.py
[2025-02-03T09:58:07.511+0000] {processor.py:914} INFO - Processing file /home/airflow/.local/lib/python3.12/site-packages/airflow/example_dags/example_branch_python_dop_operator_3.py for tasks to queue
[2025-02-03T09:58:07.515+0000] {logging_mixin.py:190} INFO - [2025-02-03T09:58:07.514+0000] {dagbag.py:588} INFO - Filling up the DagBag from /home/airflow/.local/lib/python3.12/site-packages/airflow/example_dags/example_branch_python_dop_operator_3.py
[2025-02-03T09:58:07.524+0000] {processor.py:925} INFO - DAG(s) 'example_branch_dop_operator_v3' retrieved from /home/airflow/.local/lib/python3.12/site-packages/airflow/example_dags/example_branch_python_dop_operator_3.py
[2025-02-03T09:58:07.542+0000] {logging_mixin.py:190} INFO - [2025-02-03T09:58:07.541+0000] {dag.py:3239} INFO - Sync 1 DAGs
[2025-02-03T09:58:07.568+0000] {logging_mixin.py:190} INFO - [2025-02-03T09:58:07.568+0000] {dag.py:4180} INFO - Setting next_dagrun for example_branch_dop_operator_v3 to 2025-02-03 09:57:00+00:00, run_after=2025-02-03 09:58:00+00:00
[2025-02-03T09:58:07.589+0000] {processor.py:208} INFO - Processing /home/airflow/.local/lib/python3.12/site-packages/airflow/example_dags/example_branch_python_dop_operator_3.py took 0.089 seconds
[2025-02-03T09:58:38.696+0000] {processor.py:186} INFO - Started process (PID=469) to work on /home/airflow/.local/lib/python3.12/site-packages/airflow/example_dags/example_branch_python_dop_operator_3.py
[2025-02-03T09:58:38.701+0000] {processor.py:914} INFO - Processing file /home/airflow/.local/lib/python3.12/site-packages/airflow/example_dags/example_branch_python_dop_operator_3.py for tasks to queue
[2025-02-03T09:58:38.705+0000] {logging_mixin.py:190} INFO - [2025-02-03T09:58:38.705+0000] {dagbag.py:588} INFO - Filling up the DagBag from /home/airflow/.local/lib/python3.12/site-packages/airflow/example_dags/example_branch_python_dop_operator_3.py
[2025-02-03T09:58:38.721+0000] {processor.py:925} INFO - DAG(s) 'example_branch_dop_operator_v3' retrieved from /home/airflow/.local/lib/python3.12/site-packages/airflow/example_dags/example_branch_python_dop_operator_3.py
[2025-02-03T09:58:38.783+0000] {logging_mixin.py:190} INFO - [2025-02-03T09:58:38.766+0000] {dag.py:3239} INFO - Sync 1 DAGs
[2025-02-03T09:58:38.867+0000] {logging_mixin.py:190} INFO - [2025-02-03T09:58:38.867+0000] {dag.py:4180} INFO - Setting next_dagrun for example_branch_dop_operator_v3 to 2025-02-03 09:57:00+00:00, run_after=2025-02-03 09:58:00+00:00
[2025-02-03T09:58:38.958+0000] {processor.py:208} INFO - Processing /home/airflow/.local/lib/python3.12/site-packages/airflow/example_dags/example_branch_python_dop_operator_3.py took 0.269 seconds
[2025-02-03T09:59:09.893+0000] {processor.py:186} INFO - Started process (PID=533) to work on /home/airflow/.local/lib/python3.12/site-packages/airflow/example_dags/example_branch_python_dop_operator_3.py
[2025-02-03T09:59:09.894+0000] {processor.py:914} INFO - Processing file /home/airflow/.local/lib/python3.12/site-packages/airflow/example_dags/example_branch_python_dop_operator_3.py for tasks to queue
[2025-02-03T09:59:09.896+0000] {logging_mixin.py:190} INFO - [2025-02-03T09:59:09.896+0000] {dagbag.py:588} INFO - Filling up the DagBag from /home/airflow/.local/lib/python3.12/site-packages/airflow/example_dags/example_branch_python_dop_operator_3.py
[2025-02-03T09:59:09.905+0000] {processor.py:925} INFO - DAG(s) 'example_branch_dop_operator_v3' retrieved from /home/airflow/.local/lib/python3.12/site-packages/airflow/example_dags/example_branch_python_dop_operator_3.py
[2025-02-03T09:59:09.922+0000] {logging_mixin.py:190} INFO - [2025-02-03T09:59:09.922+0000] {dag.py:3239} INFO - Sync 1 DAGs
[2025-02-03T09:59:09.943+0000] {logging_mixin.py:190} INFO - [2025-02-03T09:59:09.943+0000] {dag.py:4180} INFO - Setting next_dagrun for example_branch_dop_operator_v3 to 2025-02-03 09:58:00+00:00, run_after=2025-02-03 09:59:00+00:00
[2025-02-03T09:59:09.960+0000] {processor.py:208} INFO - Processing /home/airflow/.local/lib/python3.12/site-packages/airflow/example_dags/example_branch_python_dop_operator_3.py took 0.071 seconds
[2025-02-03T09:59:40.275+0000] {processor.py:186} INFO - Started process (PID=591) to work on /home/airflow/.local/lib/python3.12/site-packages/airflow/example_dags/example_branch_python_dop_operator_3.py
[2025-02-03T09:59:40.276+0000] {processor.py:914} INFO - Processing file /home/airflow/.local/lib/python3.12/site-packages/airflow/example_dags/example_branch_python_dop_operator_3.py for tasks to queue
[2025-02-03T09:59:40.278+0000] {logging_mixin.py:190} INFO - [2025-02-03T09:59:40.278+0000] {dagbag.py:588} INFO - Filling up the DagBag from /home/airflow/.local/lib/python3.12/site-packages/airflow/example_dags/example_branch_python_dop_operator_3.py
[2025-02-03T09:59:40.287+0000] {processor.py:925} INFO - DAG(s) 'example_branch_dop_operator_v3' retrieved from /home/airflow/.local/lib/python3.12/site-packages/airflow/example_dags/example_branch_python_dop_operator_3.py
[2025-02-03T09:59:40.313+0000] {logging_mixin.py:190} INFO - [2025-02-03T09:59:40.313+0000] {dag.py:3239} INFO - Sync 1 DAGs
[2025-02-03T09:59:40.335+0000] {logging_mixin.py:190} INFO - [2025-02-03T09:59:40.335+0000] {dag.py:4180} INFO - Setting next_dagrun for example_branch_dop_operator_v3 to 2025-02-03 09:58:00+00:00, run_after=2025-02-03 09:59:00+00:00
[2025-02-03T09:59:40.351+0000] {processor.py:208} INFO - Processing /home/airflow/.local/lib/python3.12/site-packages/airflow/example_dags/example_branch_python_dop_operator_3.py took 0.081 seconds
[2025-02-03T10:00:12.163+0000] {processor.py:186} INFO - Started process (PID=655) to work on /home/airflow/.local/lib/python3.12/site-packages/airflow/example_dags/example_branch_python_dop_operator_3.py
[2025-02-03T10:00:12.177+0000] {processor.py:914} INFO - Processing file /home/airflow/.local/lib/python3.12/site-packages/airflow/example_dags/example_branch_python_dop_operator_3.py for tasks to queue
[2025-02-03T10:00:12.180+0000] {logging_mixin.py:190} INFO - [2025-02-03T10:00:12.179+0000] {dagbag.py:588} INFO - Filling up the DagBag from /home/airflow/.local/lib/python3.12/site-packages/airflow/example_dags/example_branch_python_dop_operator_3.py
[2025-02-03T10:00:12.200+0000] {processor.py:925} INFO - DAG(s) 'example_branch_dop_operator_v3' retrieved from /home/airflow/.local/lib/python3.12/site-packages/airflow/example_dags/example_branch_python_dop_operator_3.py
[2025-02-03T10:00:12.233+0000] {logging_mixin.py:190} INFO - [2025-02-03T10:00:12.232+0000] {dag.py:3239} INFO - Sync 1 DAGs
[2025-02-03T10:00:12.279+0000] {logging_mixin.py:190} INFO - [2025-02-03T10:00:12.279+0000] {dag.py:4180} INFO - Setting next_dagrun for example_branch_dop_operator_v3 to 2025-02-03 09:59:00+00:00, run_after=2025-02-03 10:00:00+00:00
[2025-02-03T10:00:12.318+0000] {processor.py:208} INFO - Processing /home/airflow/.local/lib/python3.12/site-packages/airflow/example_dags/example_branch_python_dop_operator_3.py took 0.163 seconds
[2025-02-03T10:00:42.615+0000] {processor.py:186} INFO - Started process (PID=718) to work on /home/airflow/.local/lib/python3.12/site-packages/airflow/example_dags/example_branch_python_dop_operator_3.py
[2025-02-03T10:00:42.617+0000] {processor.py:914} INFO - Processing file /home/airflow/.local/lib/python3.12/site-packages/airflow/example_dags/example_branch_python_dop_operator_3.py for tasks to queue
[2025-02-03T10:00:42.620+0000] {logging_mixin.py:190} INFO - [2025-02-03T10:00:42.619+0000] {dagbag.py:588} INFO - Filling up the DagBag from /home/airflow/.local/lib/python3.12/site-packages/airflow/example_dags/example_branch_python_dop_operator_3.py
[2025-02-03T10:00:42.634+0000] {processor.py:925} INFO - DAG(s) 'example_branch_dop_operator_v3' retrieved from /home/airflow/.local/lib/python3.12/site-packages/airflow/example_dags/example_branch_python_dop_operator_3.py
[2025-02-03T10:00:42.657+0000] {logging_mixin.py:190} INFO - [2025-02-03T10:00:42.657+0000] {dag.py:3239} INFO - Sync 1 DAGs
[2025-02-03T10:00:42.681+0000] {logging_mixin.py:190} INFO - [2025-02-03T10:00:42.681+0000] {dag.py:4180} INFO - Setting next_dagrun for example_branch_dop_operator_v3 to 2025-02-03 09:59:00+00:00, run_after=2025-02-03 10:00:00+00:00
[2025-02-03T10:00:42.700+0000] {processor.py:208} INFO - Processing /home/airflow/.local/lib/python3.12/site-packages/airflow/example_dags/example_branch_python_dop_operator_3.py took 0.091 seconds
[2025-02-03T10:01:14.566+0000] {processor.py:186} INFO - Started process (PID=782) to work on /home/airflow/.local/lib/python3.12/site-packages/airflow/example_dags/example_branch_python_dop_operator_3.py
[2025-02-03T10:01:14.567+0000] {processor.py:914} INFO - Processing file /home/airflow/.local/lib/python3.12/site-packages/airflow/example_dags/example_branch_python_dop_operator_3.py for tasks to queue
[2025-02-03T10:01:14.570+0000] {logging_mixin.py:190} INFO - [2025-02-03T10:01:14.570+0000] {dagbag.py:588} INFO - Filling up the DagBag from /home/airflow/.local/lib/python3.12/site-packages/airflow/example_dags/example_branch_python_dop_operator_3.py
[2025-02-03T10:01:14.582+0000] {processor.py:925} INFO - DAG(s) 'example_branch_dop_operator_v3' retrieved from /home/airflow/.local/lib/python3.12/site-packages/airflow/example_dags/example_branch_python_dop_operator_3.py
[2025-02-03T10:01:14.602+0000] {logging_mixin.py:190} INFO - [2025-02-03T10:01:14.601+0000] {dag.py:3239} INFO - Sync 1 DAGs
[2025-02-03T10:01:14.623+0000] {logging_mixin.py:190} INFO - [2025-02-03T10:01:14.623+0000] {dag.py:4180} INFO - Setting next_dagrun for example_branch_dop_operator_v3 to 2025-02-03 10:00:00+00:00, run_after=2025-02-03 10:01:00+00:00
[2025-02-03T10:01:14.640+0000] {processor.py:208} INFO - Processing /home/airflow/.local/lib/python3.12/site-packages/airflow/example_dags/example_branch_python_dop_operator_3.py took 0.079 seconds
[2025-02-03T10:01:46.886+0000] {processor.py:186} INFO - Started process (PID=848) to work on /home/airflow/.local/lib/python3.12/site-packages/airflow/example_dags/example_branch_python_dop_operator_3.py
[2025-02-03T10:01:46.887+0000] {processor.py:914} INFO - Processing file /home/airflow/.local/lib/python3.12/site-packages/airflow/example_dags/example_branch_python_dop_operator_3.py for tasks to queue
[2025-02-03T10:01:46.890+0000] {logging_mixin.py:190} INFO - [2025-02-03T10:01:46.889+0000] {dagbag.py:588} INFO - Filling up the DagBag from /home/airflow/.local/lib/python3.12/site-packages/airflow/example_dags/example_branch_python_dop_operator_3.py
[2025-02-03T10:01:46.898+0000] {processor.py:925} INFO - DAG(s) 'example_branch_dop_operator_v3' retrieved from /home/airflow/.local/lib/python3.12/site-packages/airflow/example_dags/example_branch_python_dop_operator_3.py
[2025-02-03T10:01:46.916+0000] {logging_mixin.py:190} INFO - [2025-02-03T10:01:46.916+0000] {dag.py:3239} INFO - Sync 1 DAGs
[2025-02-03T10:01:46.943+0000] {logging_mixin.py:190} INFO - [2025-02-03T10:01:46.942+0000] {dag.py:4180} INFO - Setting next_dagrun for example_branch_dop_operator_v3 to 2025-02-03 10:00:00+00:00, run_after=2025-02-03 10:01:00+00:00
[2025-02-03T10:01:46.959+0000] {processor.py:208} INFO - Processing /home/airflow/.local/lib/python3.12/site-packages/airflow/example_dags/example_branch_python_dop_operator_3.py took 0.078 seconds
[2025-02-03T10:02:19.556+0000] {processor.py:186} INFO - Started process (PID=923) to work on /home/airflow/.local/lib/python3.12/site-packages/airflow/example_dags/example_branch_python_dop_operator_3.py
[2025-02-03T10:02:19.557+0000] {processor.py:914} INFO - Processing file /home/airflow/.local/lib/python3.12/site-packages/airflow/example_dags/example_branch_python_dop_operator_3.py for tasks to queue
[2025-02-03T10:02:19.559+0000] {logging_mixin.py:190} INFO - [2025-02-03T10:02:19.559+0000] {dagbag.py:588} INFO - Filling up the DagBag from /home/airflow/.local/lib/python3.12/site-packages/airflow/example_dags/example_branch_python_dop_operator_3.py
[2025-02-03T10:02:19.571+0000] {processor.py:925} INFO - DAG(s) 'example_branch_dop_operator_v3' retrieved from /home/airflow/.local/lib/python3.12/site-packages/airflow/example_dags/example_branch_python_dop_operator_3.py
[2025-02-03T10:02:19.588+0000] {logging_mixin.py:190} INFO - [2025-02-03T10:02:19.588+0000] {dag.py:3239} INFO - Sync 1 DAGs
[2025-02-03T10:02:19.610+0000] {logging_mixin.py:190} INFO - [2025-02-03T10:02:19.610+0000] {dag.py:4180} INFO - Setting next_dagrun for example_branch_dop_operator_v3 to 2025-02-03 10:01:00+00:00, run_after=2025-02-03 10:02:00+00:00
[2025-02-03T10:02:19.628+0000] {processor.py:208} INFO - Processing /home/airflow/.local/lib/python3.12/site-packages/airflow/example_dags/example_branch_python_dop_operator_3.py took 0.079 seconds
[2025-02-03T10:02:52.071+0000] {processor.py:186} INFO - Started process (PID=987) to work on /home/airflow/.local/lib/python3.12/site-packages/airflow/example_dags/example_branch_python_dop_operator_3.py
[2025-02-03T10:02:52.072+0000] {processor.py:914} INFO - Processing file /home/airflow/.local/lib/python3.12/site-packages/airflow/example_dags/example_branch_python_dop_operator_3.py for tasks to queue
[2025-02-03T10:02:52.076+0000] {logging_mixin.py:190} INFO - [2025-02-03T10:02:52.075+0000] {dagbag.py:588} INFO - Filling up the DagBag from /home/airflow/.local/lib/python3.12/site-packages/airflow/example_dags/example_branch_python_dop_operator_3.py
[2025-02-03T10:02:52.088+0000] {processor.py:925} INFO - DAG(s) 'example_branch_dop_operator_v3' retrieved from /home/airflow/.local/lib/python3.12/site-packages/airflow/example_dags/example_branch_python_dop_operator_3.py
[2025-02-03T10:02:52.113+0000] {logging_mixin.py:190} INFO - [2025-02-03T10:02:52.113+0000] {dag.py:3239} INFO - Sync 1 DAGs
[2025-02-03T10:02:52.135+0000] {logging_mixin.py:190} INFO - [2025-02-03T10:02:52.135+0000] {dag.py:4180} INFO - Setting next_dagrun for example_branch_dop_operator_v3 to 2025-02-03 10:01:00+00:00, run_after=2025-02-03 10:02:00+00:00
[2025-02-03T10:02:52.153+0000] {processor.py:208} INFO - Processing /home/airflow/.local/lib/python3.12/site-packages/airflow/example_dags/example_branch_python_dop_operator_3.py took 0.088 seconds
[2025-02-03T10:03:22.870+0000] {processor.py:186} INFO - Started process (PID=1051) to work on /home/airflow/.local/lib/python3.12/site-packages/airflow/example_dags/example_branch_python_dop_operator_3.py
[2025-02-03T10:03:22.871+0000] {processor.py:914} INFO - Processing file /home/airflow/.local/lib/python3.12/site-packages/airflow/example_dags/example_branch_python_dop_operator_3.py for tasks to queue
[2025-02-03T10:03:22.874+0000] {logging_mixin.py:190} INFO - [2025-02-03T10:03:22.873+0000] {dagbag.py:588} INFO - Filling up the DagBag from /home/airflow/.local/lib/python3.12/site-packages/airflow/example_dags/example_branch_python_dop_operator_3.py
[2025-02-03T10:03:22.883+0000] {processor.py:925} INFO - DAG(s) 'example_branch_dop_operator_v3' retrieved from /home/airflow/.local/lib/python3.12/site-packages/airflow/example_dags/example_branch_python_dop_operator_3.py
[2025-02-03T10:03:22.905+0000] {logging_mixin.py:190} INFO - [2025-02-03T10:03:22.905+0000] {dag.py:3239} INFO - Sync 1 DAGs
[2025-02-03T10:03:22.927+0000] {logging_mixin.py:190} INFO - [2025-02-03T10:03:22.927+0000] {dag.py:4180} INFO - Setting next_dagrun for example_branch_dop_operator_v3 to 2025-02-03 10:02:00+00:00, run_after=2025-02-03 10:03:00+00:00
[2025-02-03T10:03:22.946+0000] {processor.py:208} INFO - Processing /home/airflow/.local/lib/python3.12/site-packages/airflow/example_dags/example_branch_python_dop_operator_3.py took 0.080 seconds
[2025-02-03T10:03:53.813+0000] {processor.py:186} INFO - Started process (PID=1115) to work on /home/airflow/.local/lib/python3.12/site-packages/airflow/example_dags/example_branch_python_dop_operator_3.py
[2025-02-03T10:03:53.815+0000] {processor.py:914} INFO - Processing file /home/airflow/.local/lib/python3.12/site-packages/airflow/example_dags/example_branch_python_dop_operator_3.py for tasks to queue
[2025-02-03T10:03:53.817+0000] {logging_mixin.py:190} INFO - [2025-02-03T10:03:53.816+0000] {dagbag.py:588} INFO - Filling up the DagBag from /home/airflow/.local/lib/python3.12/site-packages/airflow/example_dags/example_branch_python_dop_operator_3.py
[2025-02-03T10:03:53.825+0000] {processor.py:925} INFO - DAG(s) 'example_branch_dop_operator_v3' retrieved from /home/airflow/.local/lib/python3.12/site-packages/airflow/example_dags/example_branch_python_dop_operator_3.py
[2025-02-03T10:03:53.839+0000] {logging_mixin.py:190} INFO - [2025-02-03T10:03:53.839+0000] {dag.py:3239} INFO - Sync 1 DAGs
[2025-02-03T10:03:53.861+0000] {logging_mixin.py:190} INFO - [2025-02-03T10:03:53.860+0000] {dag.py:4180} INFO - Setting next_dagrun for example_branch_dop_operator_v3 to 2025-02-03 10:02:00+00:00, run_after=2025-02-03 10:03:00+00:00
[2025-02-03T10:03:53.875+0000] {processor.py:208} INFO - Processing /home/airflow/.local/lib/python3.12/site-packages/airflow/example_dags/example_branch_python_dop_operator_3.py took 0.067 seconds
[2025-02-03T10:04:25.221+0000] {processor.py:186} INFO - Started process (PID=1179) to work on /home/airflow/.local/lib/python3.12/site-packages/airflow/example_dags/example_branch_python_dop_operator_3.py
[2025-02-03T10:04:25.223+0000] {processor.py:914} INFO - Processing file /home/airflow/.local/lib/python3.12/site-packages/airflow/example_dags/example_branch_python_dop_operator_3.py for tasks to queue
[2025-02-03T10:04:25.225+0000] {logging_mixin.py:190} INFO - [2025-02-03T10:04:25.225+0000] {dagbag.py:588} INFO - Filling up the DagBag from /home/airflow/.local/lib/python3.12/site-packages/airflow/example_dags/example_branch_python_dop_operator_3.py
[2025-02-03T10:04:25.234+0000] {processor.py:925} INFO - DAG(s) 'example_branch_dop_operator_v3' retrieved from /home/airflow/.local/lib/python3.12/site-packages/airflow/example_dags/example_branch_python_dop_operator_3.py
[2025-02-03T10:04:25.254+0000] {logging_mixin.py:190} INFO - [2025-02-03T10:04:25.253+0000] {dag.py:3239} INFO - Sync 1 DAGs
[2025-02-03T10:04:25.281+0000] {logging_mixin.py:190} INFO - [2025-02-03T10:04:25.281+0000] {dag.py:4180} INFO - Setting next_dagrun for example_branch_dop_operator_v3 to 2025-02-03 10:03:00+00:00, run_after=2025-02-03 10:04:00+00:00
[2025-02-03T10:04:25.303+0000] {processor.py:208} INFO - Processing /home/airflow/.local/lib/python3.12/site-packages/airflow/example_dags/example_branch_python_dop_operator_3.py took 0.088 seconds
[2025-02-03T10:04:55.903+0000] {processor.py:186} INFO - Started process (PID=1237) to work on /home/airflow/.local/lib/python3.12/site-packages/airflow/example_dags/example_branch_python_dop_operator_3.py
[2025-02-03T10:04:55.904+0000] {processor.py:914} INFO - Processing file /home/airflow/.local/lib/python3.12/site-packages/airflow/example_dags/example_branch_python_dop_operator_3.py for tasks to queue
[2025-02-03T10:04:55.906+0000] {logging_mixin.py:190} INFO - [2025-02-03T10:04:55.906+0000] {dagbag.py:588} INFO - Filling up the DagBag from /home/airflow/.local/lib/python3.12/site-packages/airflow/example_dags/example_branch_python_dop_operator_3.py
[2025-02-03T10:04:55.916+0000] {processor.py:925} INFO - DAG(s) 'example_branch_dop_operator_v3' retrieved from /home/airflow/.local/lib/python3.12/site-packages/airflow/example_dags/example_branch_python_dop_operator_3.py
[2025-02-03T10:04:55.931+0000] {logging_mixin.py:190} INFO - [2025-02-03T10:04:55.931+0000] {dag.py:3239} INFO - Sync 1 DAGs
[2025-02-03T10:04:55.951+0000] {logging_mixin.py:190} INFO - [2025-02-03T10:04:55.951+0000] {dag.py:4180} INFO - Setting next_dagrun for example_branch_dop_operator_v3 to 2025-02-03 10:03:00+00:00, run_after=2025-02-03 10:04:00+00:00
[2025-02-03T10:04:55.966+0000] {processor.py:208} INFO - Processing /home/airflow/.local/lib/python3.12/site-packages/airflow/example_dags/example_branch_python_dop_operator_3.py took 0.069 seconds
[2025-02-03T10:05:26.298+0000] {processor.py:186} INFO - Started process (PID=1301) to work on /home/airflow/.local/lib/python3.12/site-packages/airflow/example_dags/example_branch_python_dop_operator_3.py
[2025-02-03T10:05:26.298+0000] {processor.py:914} INFO - Processing file /home/airflow/.local/lib/python3.12/site-packages/airflow/example_dags/example_branch_python_dop_operator_3.py for tasks to queue
[2025-02-03T10:05:26.301+0000] {logging_mixin.py:190} INFO - [2025-02-03T10:05:26.300+0000] {dagbag.py:588} INFO - Filling up the DagBag from /home/airflow/.local/lib/python3.12/site-packages/airflow/example_dags/example_branch_python_dop_operator_3.py
[2025-02-03T10:05:26.309+0000] {processor.py:925} INFO - DAG(s) 'example_branch_dop_operator_v3' retrieved from /home/airflow/.local/lib/python3.12/site-packages/airflow/example_dags/example_branch_python_dop_operator_3.py
[2025-02-03T10:05:26.325+0000] {logging_mixin.py:190} INFO - [2025-02-03T10:05:26.325+0000] {dag.py:3239} INFO - Sync 1 DAGs
[2025-02-03T10:05:26.346+0000] {logging_mixin.py:190} INFO - [2025-02-03T10:05:26.346+0000] {dag.py:4180} INFO - Setting next_dagrun for example_branch_dop_operator_v3 to 2025-02-03 10:04:00+00:00, run_after=2025-02-03 10:05:00+00:00
[2025-02-03T10:05:26.368+0000] {processor.py:208} INFO - Processing /home/airflow/.local/lib/python3.12/site-packages/airflow/example_dags/example_branch_python_dop_operator_3.py took 0.075 seconds
[2025-02-03T10:05:56.790+0000] {processor.py:186} INFO - Started process (PID=1364) to work on /home/airflow/.local/lib/python3.12/site-packages/airflow/example_dags/example_branch_python_dop_operator_3.py
[2025-02-03T10:05:56.791+0000] {processor.py:914} INFO - Processing file /home/airflow/.local/lib/python3.12/site-packages/airflow/example_dags/example_branch_python_dop_operator_3.py for tasks to queue
[2025-02-03T10:05:56.793+0000] {logging_mixin.py:190} INFO - [2025-02-03T10:05:56.793+0000] {dagbag.py:588} INFO - Filling up the DagBag from /home/airflow/.local/lib/python3.12/site-packages/airflow/example_dags/example_branch_python_dop_operator_3.py
[2025-02-03T10:05:56.803+0000] {processor.py:925} INFO - DAG(s) 'example_branch_dop_operator_v3' retrieved from /home/airflow/.local/lib/python3.12/site-packages/airflow/example_dags/example_branch_python_dop_operator_3.py
[2025-02-03T10:05:56.820+0000] {logging_mixin.py:190} INFO - [2025-02-03T10:05:56.820+0000] {dag.py:3239} INFO - Sync 1 DAGs
[2025-02-03T10:05:56.846+0000] {logging_mixin.py:190} INFO - [2025-02-03T10:05:56.845+0000] {dag.py:4180} INFO - Setting next_dagrun for example_branch_dop_operator_v3 to 2025-02-03 10:04:00+00:00, run_after=2025-02-03 10:05:00+00:00
[2025-02-03T10:05:56.866+0000] {processor.py:208} INFO - Processing /home/airflow/.local/lib/python3.12/site-packages/airflow/example_dags/example_branch_python_dop_operator_3.py took 0.081 seconds
[2025-02-03T10:06:28.801+0000] {processor.py:186} INFO - Started process (PID=1429) to work on /home/airflow/.local/lib/python3.12/site-packages/airflow/example_dags/example_branch_python_dop_operator_3.py
[2025-02-03T10:06:28.802+0000] {processor.py:914} INFO - Processing file /home/airflow/.local/lib/python3.12/site-packages/airflow/example_dags/example_branch_python_dop_operator_3.py for tasks to queue
[2025-02-03T10:06:28.805+0000] {logging_mixin.py:190} INFO - [2025-02-03T10:06:28.804+0000] {dagbag.py:588} INFO - Filling up the DagBag from /home/airflow/.local/lib/python3.12/site-packages/airflow/example_dags/example_branch_python_dop_operator_3.py
[2025-02-03T10:06:28.817+0000] {processor.py:925} INFO - DAG(s) 'example_branch_dop_operator_v3' retrieved from /home/airflow/.local/lib/python3.12/site-packages/airflow/example_dags/example_branch_python_dop_operator_3.py
[2025-02-03T10:06:28.833+0000] {logging_mixin.py:190} INFO - [2025-02-03T10:06:28.833+0000] {dag.py:3239} INFO - Sync 1 DAGs
[2025-02-03T10:06:28.859+0000] {logging_mixin.py:190} INFO - [2025-02-03T10:06:28.859+0000] {dag.py:4180} INFO - Setting next_dagrun for example_branch_dop_operator_v3 to 2025-02-03 10:05:00+00:00, run_after=2025-02-03 10:06:00+00:00
[2025-02-03T10:06:28.879+0000] {processor.py:208} INFO - Processing /home/airflow/.local/lib/python3.12/site-packages/airflow/example_dags/example_branch_python_dop_operator_3.py took 0.086 seconds
[2025-02-03T10:13:08.641+0000] {processor.py:186} INFO - Started process (PID=86) to work on /home/airflow/.local/lib/python3.12/site-packages/airflow/example_dags/example_branch_python_dop_operator_3.py
[2025-02-03T10:13:08.643+0000] {processor.py:914} INFO - Processing file /home/airflow/.local/lib/python3.12/site-packages/airflow/example_dags/example_branch_python_dop_operator_3.py for tasks to queue
[2025-02-03T10:13:08.646+0000] {logging_mixin.py:190} INFO - [2025-02-03T10:13:08.645+0000] {dagbag.py:588} INFO - Filling up the DagBag from /home/airflow/.local/lib/python3.12/site-packages/airflow/example_dags/example_branch_python_dop_operator_3.py
[2025-02-03T10:13:08.661+0000] {processor.py:925} INFO - DAG(s) 'example_branch_dop_operator_v3' retrieved from /home/airflow/.local/lib/python3.12/site-packages/airflow/example_dags/example_branch_python_dop_operator_3.py
[2025-02-03T10:13:08.696+0000] {logging_mixin.py:190} INFO - [2025-02-03T10:13:08.696+0000] {dag.py:3239} INFO - Sync 1 DAGs
[2025-02-03T10:13:08.726+0000] {logging_mixin.py:190} INFO - [2025-02-03T10:13:08.726+0000] {dag.py:4180} INFO - Setting next_dagrun for example_branch_dop_operator_v3 to 2025-02-03 10:12:00+00:00, run_after=2025-02-03 10:13:00+00:00
[2025-02-03T10:13:08.749+0000] {processor.py:208} INFO - Processing /home/airflow/.local/lib/python3.12/site-packages/airflow/example_dags/example_branch_python_dop_operator_3.py took 0.116 seconds
[2025-02-03T10:13:39.266+0000] {processor.py:186} INFO - Started process (PID=150) to work on /home/airflow/.local/lib/python3.12/site-packages/airflow/example_dags/example_branch_python_dop_operator_3.py
[2025-02-03T10:13:39.269+0000] {processor.py:914} INFO - Processing file /home/airflow/.local/lib/python3.12/site-packages/airflow/example_dags/example_branch_python_dop_operator_3.py for tasks to queue
[2025-02-03T10:13:39.275+0000] {logging_mixin.py:190} INFO - [2025-02-03T10:13:39.274+0000] {dagbag.py:588} INFO - Filling up the DagBag from /home/airflow/.local/lib/python3.12/site-packages/airflow/example_dags/example_branch_python_dop_operator_3.py
[2025-02-03T10:13:39.284+0000] {processor.py:925} INFO - DAG(s) 'example_branch_dop_operator_v3' retrieved from /home/airflow/.local/lib/python3.12/site-packages/airflow/example_dags/example_branch_python_dop_operator_3.py
[2025-02-03T10:13:39.300+0000] {logging_mixin.py:190} INFO - [2025-02-03T10:13:39.300+0000] {dag.py:3239} INFO - Sync 1 DAGs
[2025-02-03T10:13:39.321+0000] {logging_mixin.py:190} INFO - [2025-02-03T10:13:39.321+0000] {dag.py:4180} INFO - Setting next_dagrun for example_branch_dop_operator_v3 to 2025-02-03 10:12:00+00:00, run_after=2025-02-03 10:13:00+00:00
[2025-02-03T10:13:39.335+0000] {processor.py:208} INFO - Processing /home/airflow/.local/lib/python3.12/site-packages/airflow/example_dags/example_branch_python_dop_operator_3.py took 0.076 seconds
[2025-02-03T10:14:11.134+0000] {processor.py:186} INFO - Started process (PID=214) to work on /home/airflow/.local/lib/python3.12/site-packages/airflow/example_dags/example_branch_python_dop_operator_3.py
[2025-02-03T10:14:11.135+0000] {processor.py:914} INFO - Processing file /home/airflow/.local/lib/python3.12/site-packages/airflow/example_dags/example_branch_python_dop_operator_3.py for tasks to queue
[2025-02-03T10:14:11.138+0000] {logging_mixin.py:190} INFO - [2025-02-03T10:14:11.137+0000] {dagbag.py:588} INFO - Filling up the DagBag from /home/airflow/.local/lib/python3.12/site-packages/airflow/example_dags/example_branch_python_dop_operator_3.py
[2025-02-03T10:14:11.154+0000] {processor.py:925} INFO - DAG(s) 'example_branch_dop_operator_v3' retrieved from /home/airflow/.local/lib/python3.12/site-packages/airflow/example_dags/example_branch_python_dop_operator_3.py
[2025-02-03T10:14:11.174+0000] {logging_mixin.py:190} INFO - [2025-02-03T10:14:11.173+0000] {dag.py:3239} INFO - Sync 1 DAGs
[2025-02-03T10:14:11.207+0000] {logging_mixin.py:190} INFO - [2025-02-03T10:14:11.207+0000] {dag.py:4180} INFO - Setting next_dagrun for example_branch_dop_operator_v3 to 2025-02-03 10:13:00+00:00, run_after=2025-02-03 10:14:00+00:00
[2025-02-03T10:14:11.237+0000] {processor.py:208} INFO - Processing /home/airflow/.local/lib/python3.12/site-packages/airflow/example_dags/example_branch_python_dop_operator_3.py took 0.112 seconds
[2025-02-03T10:14:41.544+0000] {processor.py:186} INFO - Started process (PID=272) to work on /home/airflow/.local/lib/python3.12/site-packages/airflow/example_dags/example_branch_python_dop_operator_3.py
[2025-02-03T10:14:41.545+0000] {processor.py:914} INFO - Processing file /home/airflow/.local/lib/python3.12/site-packages/airflow/example_dags/example_branch_python_dop_operator_3.py for tasks to queue
[2025-02-03T10:14:41.548+0000] {logging_mixin.py:190} INFO - [2025-02-03T10:14:41.548+0000] {dagbag.py:588} INFO - Filling up the DagBag from /home/airflow/.local/lib/python3.12/site-packages/airflow/example_dags/example_branch_python_dop_operator_3.py
[2025-02-03T10:14:41.557+0000] {processor.py:925} INFO - DAG(s) 'example_branch_dop_operator_v3' retrieved from /home/airflow/.local/lib/python3.12/site-packages/airflow/example_dags/example_branch_python_dop_operator_3.py
[2025-02-03T10:14:41.575+0000] {logging_mixin.py:190} INFO - [2025-02-03T10:14:41.575+0000] {dag.py:3239} INFO - Sync 1 DAGs
[2025-02-03T10:14:41.595+0000] {logging_mixin.py:190} INFO - [2025-02-03T10:14:41.595+0000] {dag.py:4180} INFO - Setting next_dagrun for example_branch_dop_operator_v3 to 2025-02-03 10:13:00+00:00, run_after=2025-02-03 10:14:00+00:00
[2025-02-03T10:14:41.614+0000] {processor.py:208} INFO - Processing /home/airflow/.local/lib/python3.12/site-packages/airflow/example_dags/example_branch_python_dop_operator_3.py took 0.075 seconds
[2025-02-03T10:15:11.943+0000] {processor.py:186} INFO - Started process (PID=337) to work on /home/airflow/.local/lib/python3.12/site-packages/airflow/example_dags/example_branch_python_dop_operator_3.py
[2025-02-03T10:15:11.945+0000] {processor.py:914} INFO - Processing file /home/airflow/.local/lib/python3.12/site-packages/airflow/example_dags/example_branch_python_dop_operator_3.py for tasks to queue
[2025-02-03T10:15:11.947+0000] {logging_mixin.py:190} INFO - [2025-02-03T10:15:11.947+0000] {dagbag.py:588} INFO - Filling up the DagBag from /home/airflow/.local/lib/python3.12/site-packages/airflow/example_dags/example_branch_python_dop_operator_3.py
[2025-02-03T10:15:11.956+0000] {processor.py:925} INFO - DAG(s) 'example_branch_dop_operator_v3' retrieved from /home/airflow/.local/lib/python3.12/site-packages/airflow/example_dags/example_branch_python_dop_operator_3.py
[2025-02-03T10:15:11.972+0000] {logging_mixin.py:190} INFO - [2025-02-03T10:15:11.972+0000] {dag.py:3239} INFO - Sync 1 DAGs
[2025-02-03T10:15:11.995+0000] {logging_mixin.py:190} INFO - [2025-02-03T10:15:11.995+0000] {dag.py:4180} INFO - Setting next_dagrun for example_branch_dop_operator_v3 to 2025-02-03 10:14:00+00:00, run_after=2025-02-03 10:15:00+00:00
[2025-02-03T10:15:12.012+0000] {processor.py:208} INFO - Processing /home/airflow/.local/lib/python3.12/site-packages/airflow/example_dags/example_branch_python_dop_operator_3.py took 0.074 seconds
[2025-02-03T10:15:42.362+0000] {processor.py:186} INFO - Started process (PID=401) to work on /home/airflow/.local/lib/python3.12/site-packages/airflow/example_dags/example_branch_python_dop_operator_3.py
[2025-02-03T10:15:42.364+0000] {processor.py:914} INFO - Processing file /home/airflow/.local/lib/python3.12/site-packages/airflow/example_dags/example_branch_python_dop_operator_3.py for tasks to queue
[2025-02-03T10:15:42.375+0000] {logging_mixin.py:190} INFO - [2025-02-03T10:15:42.374+0000] {dagbag.py:588} INFO - Filling up the DagBag from /home/airflow/.local/lib/python3.12/site-packages/airflow/example_dags/example_branch_python_dop_operator_3.py
[2025-02-03T10:15:42.398+0000] {processor.py:925} INFO - DAG(s) 'example_branch_dop_operator_v3' retrieved from /home/airflow/.local/lib/python3.12/site-packages/airflow/example_dags/example_branch_python_dop_operator_3.py
[2025-02-03T10:15:42.421+0000] {logging_mixin.py:190} INFO - [2025-02-03T10:15:42.421+0000] {dag.py:3239} INFO - Sync 1 DAGs
[2025-02-03T10:15:42.463+0000] {logging_mixin.py:190} INFO - [2025-02-03T10:15:42.462+0000] {dag.py:4180} INFO - Setting next_dagrun for example_branch_dop_operator_v3 to 2025-02-03 10:14:00+00:00, run_after=2025-02-03 10:15:00+00:00
[2025-02-03T10:15:42.485+0000] {processor.py:208} INFO - Processing /home/airflow/.local/lib/python3.12/site-packages/airflow/example_dags/example_branch_python_dop_operator_3.py took 0.129 seconds
[2025-02-03T10:16:14.500+0000] {processor.py:186} INFO - Started process (PID=465) to work on /home/airflow/.local/lib/python3.12/site-packages/airflow/example_dags/example_branch_python_dop_operator_3.py
[2025-02-03T10:16:14.501+0000] {processor.py:914} INFO - Processing file /home/airflow/.local/lib/python3.12/site-packages/airflow/example_dags/example_branch_python_dop_operator_3.py for tasks to queue
[2025-02-03T10:16:14.504+0000] {logging_mixin.py:190} INFO - [2025-02-03T10:16:14.504+0000] {dagbag.py:588} INFO - Filling up the DagBag from /home/airflow/.local/lib/python3.12/site-packages/airflow/example_dags/example_branch_python_dop_operator_3.py
[2025-02-03T10:16:14.513+0000] {processor.py:925} INFO - DAG(s) 'example_branch_dop_operator_v3' retrieved from /home/airflow/.local/lib/python3.12/site-packages/airflow/example_dags/example_branch_python_dop_operator_3.py
[2025-02-03T10:16:14.540+0000] {logging_mixin.py:190} INFO - [2025-02-03T10:16:14.540+0000] {dag.py:3239} INFO - Sync 1 DAGs
[2025-02-03T10:16:14.561+0000] {logging_mixin.py:190} INFO - [2025-02-03T10:16:14.561+0000] {dag.py:4180} INFO - Setting next_dagrun for example_branch_dop_operator_v3 to 2025-02-03 10:15:00+00:00, run_after=2025-02-03 10:16:00+00:00
[2025-02-03T10:16:14.574+0000] {processor.py:208} INFO - Processing /home/airflow/.local/lib/python3.12/site-packages/airflow/example_dags/example_branch_python_dop_operator_3.py took 0.081 seconds
[2025-02-03T10:16:45.526+0000] {processor.py:186} INFO - Started process (PID=530) to work on /home/airflow/.local/lib/python3.12/site-packages/airflow/example_dags/example_branch_python_dop_operator_3.py
[2025-02-03T10:16:45.529+0000] {processor.py:914} INFO - Processing file /home/airflow/.local/lib/python3.12/site-packages/airflow/example_dags/example_branch_python_dop_operator_3.py for tasks to queue
[2025-02-03T10:16:45.533+0000] {logging_mixin.py:190} INFO - [2025-02-03T10:16:45.533+0000] {dagbag.py:588} INFO - Filling up the DagBag from /home/airflow/.local/lib/python3.12/site-packages/airflow/example_dags/example_branch_python_dop_operator_3.py
[2025-02-03T10:16:45.542+0000] {processor.py:925} INFO - DAG(s) 'example_branch_dop_operator_v3' retrieved from /home/airflow/.local/lib/python3.12/site-packages/airflow/example_dags/example_branch_python_dop_operator_3.py
[2025-02-03T10:16:45.584+0000] {logging_mixin.py:190} INFO - [2025-02-03T10:16:45.584+0000] {dag.py:3239} INFO - Sync 1 DAGs
[2025-02-03T10:16:45.626+0000] {logging_mixin.py:190} INFO - [2025-02-03T10:16:45.626+0000] {dag.py:4180} INFO - Setting next_dagrun for example_branch_dop_operator_v3 to 2025-02-03 10:15:00+00:00, run_after=2025-02-03 10:16:00+00:00
[2025-02-03T10:16:45.674+0000] {processor.py:208} INFO - Processing /home/airflow/.local/lib/python3.12/site-packages/airflow/example_dags/example_branch_python_dop_operator_3.py took 0.161 seconds
[2025-02-03T10:17:17.761+0000] {processor.py:186} INFO - Started process (PID=594) to work on /home/airflow/.local/lib/python3.12/site-packages/airflow/example_dags/example_branch_python_dop_operator_3.py
[2025-02-03T10:17:17.766+0000] {processor.py:914} INFO - Processing file /home/airflow/.local/lib/python3.12/site-packages/airflow/example_dags/example_branch_python_dop_operator_3.py for tasks to queue
[2025-02-03T10:17:17.771+0000] {logging_mixin.py:190} INFO - [2025-02-03T10:17:17.770+0000] {dagbag.py:588} INFO - Filling up the DagBag from /home/airflow/.local/lib/python3.12/site-packages/airflow/example_dags/example_branch_python_dop_operator_3.py
[2025-02-03T10:17:17.795+0000] {processor.py:925} INFO - DAG(s) 'example_branch_dop_operator_v3' retrieved from /home/airflow/.local/lib/python3.12/site-packages/airflow/example_dags/example_branch_python_dop_operator_3.py
[2025-02-03T10:17:17.823+0000] {logging_mixin.py:190} INFO - [2025-02-03T10:17:17.823+0000] {dag.py:3239} INFO - Sync 1 DAGs
[2025-02-03T10:17:17.852+0000] {logging_mixin.py:190} INFO - [2025-02-03T10:17:17.852+0000] {dag.py:4180} INFO - Setting next_dagrun for example_branch_dop_operator_v3 to 2025-02-03 10:16:00+00:00, run_after=2025-02-03 10:17:00+00:00
[2025-02-03T10:17:17.890+0000] {processor.py:208} INFO - Processing /home/airflow/.local/lib/python3.12/site-packages/airflow/example_dags/example_branch_python_dop_operator_3.py took 0.136 seconds
[2025-02-03T10:17:48.120+0000] {processor.py:186} INFO - Started process (PID=659) to work on /home/airflow/.local/lib/python3.12/site-packages/airflow/example_dags/example_branch_python_dop_operator_3.py
[2025-02-03T10:17:48.121+0000] {processor.py:914} INFO - Processing file /home/airflow/.local/lib/python3.12/site-packages/airflow/example_dags/example_branch_python_dop_operator_3.py for tasks to queue
[2025-02-03T10:17:48.124+0000] {logging_mixin.py:190} INFO - [2025-02-03T10:17:48.124+0000] {dagbag.py:588} INFO - Filling up the DagBag from /home/airflow/.local/lib/python3.12/site-packages/airflow/example_dags/example_branch_python_dop_operator_3.py
[2025-02-03T10:17:48.134+0000] {processor.py:925} INFO - DAG(s) 'example_branch_dop_operator_v3' retrieved from /home/airflow/.local/lib/python3.12/site-packages/airflow/example_dags/example_branch_python_dop_operator_3.py
[2025-02-03T10:17:48.150+0000] {logging_mixin.py:190} INFO - [2025-02-03T10:17:48.150+0000] {dag.py:3239} INFO - Sync 1 DAGs
[2025-02-03T10:17:48.175+0000] {logging_mixin.py:190} INFO - [2025-02-03T10:17:48.175+0000] {dag.py:4180} INFO - Setting next_dagrun for example_branch_dop_operator_v3 to 2025-02-03 10:16:00+00:00, run_after=2025-02-03 10:17:00+00:00
[2025-02-03T10:17:48.205+0000] {processor.py:208} INFO - Processing /home/airflow/.local/lib/python3.12/site-packages/airflow/example_dags/example_branch_python_dop_operator_3.py took 0.089 seconds
[2025-02-03T10:18:18.509+0000] {processor.py:186} INFO - Started process (PID=724) to work on /home/airflow/.local/lib/python3.12/site-packages/airflow/example_dags/example_branch_python_dop_operator_3.py
[2025-02-03T10:18:18.510+0000] {processor.py:914} INFO - Processing file /home/airflow/.local/lib/python3.12/site-packages/airflow/example_dags/example_branch_python_dop_operator_3.py for tasks to queue
[2025-02-03T10:18:18.513+0000] {logging_mixin.py:190} INFO - [2025-02-03T10:18:18.512+0000] {dagbag.py:588} INFO - Filling up the DagBag from /home/airflow/.local/lib/python3.12/site-packages/airflow/example_dags/example_branch_python_dop_operator_3.py
[2025-02-03T10:18:18.523+0000] {processor.py:925} INFO - DAG(s) 'example_branch_dop_operator_v3' retrieved from /home/airflow/.local/lib/python3.12/site-packages/airflow/example_dags/example_branch_python_dop_operator_3.py
[2025-02-03T10:18:18.545+0000] {logging_mixin.py:190} INFO - [2025-02-03T10:18:18.545+0000] {dag.py:3239} INFO - Sync 1 DAGs
[2025-02-03T10:18:18.580+0000] {logging_mixin.py:190} INFO - [2025-02-03T10:18:18.580+0000] {dag.py:4180} INFO - Setting next_dagrun for example_branch_dop_operator_v3 to 2025-02-03 10:17:00+00:00, run_after=2025-02-03 10:18:00+00:00
[2025-02-03T10:18:18.597+0000] {processor.py:208} INFO - Processing /home/airflow/.local/lib/python3.12/site-packages/airflow/example_dags/example_branch_python_dop_operator_3.py took 0.093 seconds
[2025-02-03T10:18:49.857+0000] {processor.py:186} INFO - Started process (PID=788) to work on /home/airflow/.local/lib/python3.12/site-packages/airflow/example_dags/example_branch_python_dop_operator_3.py
[2025-02-03T10:18:49.859+0000] {processor.py:914} INFO - Processing file /home/airflow/.local/lib/python3.12/site-packages/airflow/example_dags/example_branch_python_dop_operator_3.py for tasks to queue
[2025-02-03T10:18:49.861+0000] {logging_mixin.py:190} INFO - [2025-02-03T10:18:49.861+0000] {dagbag.py:588} INFO - Filling up the DagBag from /home/airflow/.local/lib/python3.12/site-packages/airflow/example_dags/example_branch_python_dop_operator_3.py
[2025-02-03T10:18:49.872+0000] {processor.py:925} INFO - DAG(s) 'example_branch_dop_operator_v3' retrieved from /home/airflow/.local/lib/python3.12/site-packages/airflow/example_dags/example_branch_python_dop_operator_3.py
[2025-02-03T10:18:49.892+0000] {logging_mixin.py:190} INFO - [2025-02-03T10:18:49.892+0000] {dag.py:3239} INFO - Sync 1 DAGs
[2025-02-03T10:18:49.916+0000] {logging_mixin.py:190} INFO - [2025-02-03T10:18:49.916+0000] {dag.py:4180} INFO - Setting next_dagrun for example_branch_dop_operator_v3 to 2025-02-03 10:17:00+00:00, run_after=2025-02-03 10:18:00+00:00
[2025-02-03T10:18:49.933+0000] {processor.py:208} INFO - Processing /home/airflow/.local/lib/python3.12/site-packages/airflow/example_dags/example_branch_python_dop_operator_3.py took 0.081 seconds
[2025-02-03T10:19:23.125+0000] {processor.py:186} INFO - Started process (PID=852) to work on /home/airflow/.local/lib/python3.12/site-packages/airflow/example_dags/example_branch_python_dop_operator_3.py
[2025-02-03T10:19:23.126+0000] {processor.py:914} INFO - Processing file /home/airflow/.local/lib/python3.12/site-packages/airflow/example_dags/example_branch_python_dop_operator_3.py for tasks to queue
[2025-02-03T10:19:23.129+0000] {logging_mixin.py:190} INFO - [2025-02-03T10:19:23.128+0000] {dagbag.py:588} INFO - Filling up the DagBag from /home/airflow/.local/lib/python3.12/site-packages/airflow/example_dags/example_branch_python_dop_operator_3.py
[2025-02-03T10:19:23.139+0000] {processor.py:925} INFO - DAG(s) 'example_branch_dop_operator_v3' retrieved from /home/airflow/.local/lib/python3.12/site-packages/airflow/example_dags/example_branch_python_dop_operator_3.py
[2025-02-03T10:19:23.154+0000] {logging_mixin.py:190} INFO - [2025-02-03T10:19:23.154+0000] {dag.py:3239} INFO - Sync 1 DAGs
[2025-02-03T10:19:23.179+0000] {logging_mixin.py:190} INFO - [2025-02-03T10:19:23.179+0000] {dag.py:4180} INFO - Setting next_dagrun for example_branch_dop_operator_v3 to 2025-02-03 10:18:00+00:00, run_after=2025-02-03 10:19:00+00:00
[2025-02-03T10:19:23.199+0000] {processor.py:208} INFO - Processing /home/airflow/.local/lib/python3.12/site-packages/airflow/example_dags/example_branch_python_dop_operator_3.py took 0.083 seconds
[2025-02-03T10:19:55.902+0000] {processor.py:186} INFO - Started process (PID=916) to work on /home/airflow/.local/lib/python3.12/site-packages/airflow/example_dags/example_branch_python_dop_operator_3.py
[2025-02-03T10:19:55.903+0000] {processor.py:914} INFO - Processing file /home/airflow/.local/lib/python3.12/site-packages/airflow/example_dags/example_branch_python_dop_operator_3.py for tasks to queue
[2025-02-03T10:19:55.905+0000] {logging_mixin.py:190} INFO - [2025-02-03T10:19:55.905+0000] {dagbag.py:588} INFO - Filling up the DagBag from /home/airflow/.local/lib/python3.12/site-packages/airflow/example_dags/example_branch_python_dop_operator_3.py
[2025-02-03T10:19:55.915+0000] {processor.py:925} INFO - DAG(s) 'example_branch_dop_operator_v3' retrieved from /home/airflow/.local/lib/python3.12/site-packages/airflow/example_dags/example_branch_python_dop_operator_3.py
[2025-02-03T10:19:55.930+0000] {logging_mixin.py:190} INFO - [2025-02-03T10:19:55.930+0000] {dag.py:3239} INFO - Sync 1 DAGs
[2025-02-03T10:19:55.953+0000] {logging_mixin.py:190} INFO - [2025-02-03T10:19:55.953+0000] {dag.py:4180} INFO - Setting next_dagrun for example_branch_dop_operator_v3 to 2025-02-03 10:18:00+00:00, run_after=2025-02-03 10:19:00+00:00
[2025-02-03T10:19:55.969+0000] {processor.py:208} INFO - Processing /home/airflow/.local/lib/python3.12/site-packages/airflow/example_dags/example_branch_python_dop_operator_3.py took 0.071 seconds
