[2025-02-03T09:44:36.412+0000] {processor.py:186} INFO - Started process (PID=84) to work on /home/airflow/.local/lib/python3.12/site-packages/airflow/example_dags/example_subdag_operator.py
[2025-02-03T09:44:36.414+0000] {processor.py:914} INFO - Processing file /home/airflow/.local/lib/python3.12/site-packages/airflow/example_dags/example_subdag_operator.py for tasks to queue
[2025-02-03T09:44:36.416+0000] {logging_mixin.py:190} INFO - [2025-02-03T09:44:36.416+0000] {dagbag.py:588} INFO - Filling up the DagBag from /home/airflow/.local/lib/python3.12/site-packages/airflow/example_dags/example_subdag_operator.py
[2025-02-03T09:44:36.439+0000] {processor.py:925} INFO - DAG(s) 'example_subdag_operator.section-1', 'example_subdag_operator.section-2', 'example_subdag_operator' retrieved from /home/airflow/.local/lib/python3.12/site-packages/airflow/example_dags/example_subdag_operator.py
[2025-02-03T09:44:36.570+0000] {logging_mixin.py:190} INFO - [2025-02-03T09:44:36.569+0000] {override.py:1911} INFO - Created Permission View: can edit on DAG:example_subdag_operator
[2025-02-03T09:44:36.579+0000] {logging_mixin.py:190} INFO - [2025-02-03T09:44:36.579+0000] {override.py:1911} INFO - Created Permission View: can read on DAG:example_subdag_operator
[2025-02-03T09:44:36.586+0000] {logging_mixin.py:190} INFO - [2025-02-03T09:44:36.585+0000] {override.py:1911} INFO - Created Permission View: can delete on DAG:example_subdag_operator
[2025-02-03T09:44:36.592+0000] {logging_mixin.py:190} INFO - [2025-02-03T09:44:36.591+0000] {override.py:1911} INFO - Created Permission View: can read on DAG Run:example_subdag_operator
[2025-02-03T09:44:36.596+0000] {logging_mixin.py:190} INFO - [2025-02-03T09:44:36.596+0000] {override.py:1911} INFO - Created Permission View: can delete on DAG Run:example_subdag_operator
[2025-02-03T09:44:36.601+0000] {logging_mixin.py:190} INFO - [2025-02-03T09:44:36.601+0000] {override.py:1911} INFO - Created Permission View: can create on DAG Run:example_subdag_operator
[2025-02-03T09:44:36.607+0000] {logging_mixin.py:190} INFO - [2025-02-03T09:44:36.607+0000] {override.py:1911} INFO - Created Permission View: menu access on DAG Run:example_subdag_operator
[2025-02-03T09:44:36.609+0000] {logging_mixin.py:190} INFO - [2025-02-03T09:44:36.608+0000] {dag.py:3239} INFO - Sync 3 DAGs
[2025-02-03T09:44:36.622+0000] {logging_mixin.py:190} INFO - [2025-02-03T09:44:36.621+0000] {dag.py:3262} INFO - Creating ORM DAG for example_subdag_operator.section-2
[2025-02-03T09:44:36.623+0000] {logging_mixin.py:190} INFO - [2025-02-03T09:44:36.623+0000] {dag.py:3262} INFO - Creating ORM DAG for example_subdag_operator
[2025-02-03T09:44:36.624+0000] {logging_mixin.py:190} INFO - [2025-02-03T09:44:36.624+0000] {dag.py:3262} INFO - Creating ORM DAG for example_subdag_operator.section-1
[2025-02-03T09:44:36.632+0000] {logging_mixin.py:190} INFO - [2025-02-03T09:44:36.632+0000] {dag.py:4180} INFO - Setting next_dagrun for example_subdag_operator to 2022-01-01 00:00:00+00:00, run_after=2022-01-01 00:00:00+00:00
[2025-02-03T09:44:36.634+0000] {logging_mixin.py:190} INFO - [2025-02-03T09:44:36.633+0000] {dag.py:4180} INFO - Setting next_dagrun for example_subdag_operator.section-1 to None, run_after=None
[2025-02-03T09:44:36.634+0000] {logging_mixin.py:190} INFO - [2025-02-03T09:44:36.634+0000] {dag.py:4180} INFO - Setting next_dagrun for example_subdag_operator.section-2 to None, run_after=None
[2025-02-03T09:44:36.642+0000] {logging_mixin.py:190} INFO - [2025-02-03T09:44:36.641+0000] {dag.py:3239} INFO - Sync 2 DAGs
[2025-02-03T09:44:36.648+0000] {logging_mixin.py:190} INFO - [2025-02-03T09:44:36.648+0000] {dag.py:4180} INFO - Setting next_dagrun for example_subdag_operator.section-1 to None, run_after=None
[2025-02-03T09:44:36.651+0000] {logging_mixin.py:190} INFO - [2025-02-03T09:44:36.651+0000] {dag.py:4180} INFO - Setting next_dagrun for example_subdag_operator.section-2 to None, run_after=None
[2025-02-03T09:44:36.663+0000] {processor.py:208} INFO - Processing /home/airflow/.local/lib/python3.12/site-packages/airflow/example_dags/example_subdag_operator.py took 0.256 seconds
[2025-02-03T09:45:16.241+0000] {processor.py:186} INFO - Started process (PID=146) to work on /home/airflow/.local/lib/python3.12/site-packages/airflow/example_dags/example_subdag_operator.py
[2025-02-03T09:45:16.243+0000] {processor.py:914} INFO - Processing file /home/airflow/.local/lib/python3.12/site-packages/airflow/example_dags/example_subdag_operator.py for tasks to queue
[2025-02-03T09:45:16.246+0000] {logging_mixin.py:190} INFO - [2025-02-03T09:45:16.246+0000] {dagbag.py:588} INFO - Filling up the DagBag from /home/airflow/.local/lib/python3.12/site-packages/airflow/example_dags/example_subdag_operator.py
[2025-02-03T09:45:16.287+0000] {processor.py:925} INFO - DAG(s) 'example_subdag_operator.section-1', 'example_subdag_operator.section-2', 'example_subdag_operator' retrieved from /home/airflow/.local/lib/python3.12/site-packages/airflow/example_dags/example_subdag_operator.py
[2025-02-03T09:45:16.316+0000] {logging_mixin.py:190} INFO - [2025-02-03T09:45:16.316+0000] {dag.py:3239} INFO - Sync 3 DAGs
[2025-02-03T09:45:16.344+0000] {logging_mixin.py:190} INFO - [2025-02-03T09:45:16.344+0000] {dag.py:4180} INFO - Setting next_dagrun for example_subdag_operator to 2022-01-01 00:00:00+00:00, run_after=2022-01-01 00:00:00+00:00
[2025-02-03T09:45:16.350+0000] {logging_mixin.py:190} INFO - [2025-02-03T09:45:16.350+0000] {dag.py:4180} INFO - Setting next_dagrun for example_subdag_operator.section-1 to None, run_after=None
[2025-02-03T09:45:16.352+0000] {logging_mixin.py:190} INFO - [2025-02-03T09:45:16.352+0000] {dag.py:4180} INFO - Setting next_dagrun for example_subdag_operator.section-2 to None, run_after=None
[2025-02-03T09:45:16.365+0000] {logging_mixin.py:190} INFO - [2025-02-03T09:45:16.364+0000] {dag.py:3239} INFO - Sync 2 DAGs
[2025-02-03T09:45:16.372+0000] {logging_mixin.py:190} INFO - [2025-02-03T09:45:16.372+0000] {dag.py:4180} INFO - Setting next_dagrun for example_subdag_operator.section-1 to None, run_after=None
[2025-02-03T09:45:16.373+0000] {logging_mixin.py:190} INFO - [2025-02-03T09:45:16.373+0000] {dag.py:4180} INFO - Setting next_dagrun for example_subdag_operator.section-2 to None, run_after=None
[2025-02-03T09:45:16.393+0000] {processor.py:208} INFO - Processing /home/airflow/.local/lib/python3.12/site-packages/airflow/example_dags/example_subdag_operator.py took 0.158 seconds
[2025-02-03T09:45:46.863+0000] {processor.py:186} INFO - Started process (PID=209) to work on /home/airflow/.local/lib/python3.12/site-packages/airflow/example_dags/example_subdag_operator.py
[2025-02-03T09:45:46.865+0000] {processor.py:914} INFO - Processing file /home/airflow/.local/lib/python3.12/site-packages/airflow/example_dags/example_subdag_operator.py for tasks to queue
[2025-02-03T09:45:46.869+0000] {logging_mixin.py:190} INFO - [2025-02-03T09:45:46.869+0000] {dagbag.py:588} INFO - Filling up the DagBag from /home/airflow/.local/lib/python3.12/site-packages/airflow/example_dags/example_subdag_operator.py
[2025-02-03T09:45:46.903+0000] {processor.py:925} INFO - DAG(s) 'example_subdag_operator.section-1', 'example_subdag_operator.section-2', 'example_subdag_operator' retrieved from /home/airflow/.local/lib/python3.12/site-packages/airflow/example_dags/example_subdag_operator.py
[2025-02-03T09:45:46.922+0000] {logging_mixin.py:190} INFO - [2025-02-03T09:45:46.921+0000] {dag.py:3239} INFO - Sync 3 DAGs
[2025-02-03T09:45:46.951+0000] {logging_mixin.py:190} INFO - [2025-02-03T09:45:46.950+0000] {dag.py:4180} INFO - Setting next_dagrun for example_subdag_operator to 2022-01-01 00:00:00+00:00, run_after=2022-01-01 00:00:00+00:00
[2025-02-03T09:45:46.956+0000] {logging_mixin.py:190} INFO - [2025-02-03T09:45:46.955+0000] {dag.py:4180} INFO - Setting next_dagrun for example_subdag_operator.section-1 to None, run_after=None
[2025-02-03T09:45:46.959+0000] {logging_mixin.py:190} INFO - [2025-02-03T09:45:46.959+0000] {dag.py:4180} INFO - Setting next_dagrun for example_subdag_operator.section-2 to None, run_after=None
[2025-02-03T09:45:46.969+0000] {logging_mixin.py:190} INFO - [2025-02-03T09:45:46.969+0000] {dag.py:3239} INFO - Sync 2 DAGs
[2025-02-03T09:45:46.978+0000] {logging_mixin.py:190} INFO - [2025-02-03T09:45:46.977+0000] {dag.py:4180} INFO - Setting next_dagrun for example_subdag_operator.section-1 to None, run_after=None
[2025-02-03T09:45:46.979+0000] {logging_mixin.py:190} INFO - [2025-02-03T09:45:46.979+0000] {dag.py:4180} INFO - Setting next_dagrun for example_subdag_operator.section-2 to None, run_after=None
[2025-02-03T09:45:47.001+0000] {processor.py:208} INFO - Processing /home/airflow/.local/lib/python3.12/site-packages/airflow/example_dags/example_subdag_operator.py took 0.149 seconds
[2025-02-03T09:46:19.689+0000] {processor.py:186} INFO - Started process (PID=272) to work on /home/airflow/.local/lib/python3.12/site-packages/airflow/example_dags/example_subdag_operator.py
[2025-02-03T09:46:19.690+0000] {processor.py:914} INFO - Processing file /home/airflow/.local/lib/python3.12/site-packages/airflow/example_dags/example_subdag_operator.py for tasks to queue
[2025-02-03T09:46:19.693+0000] {logging_mixin.py:190} INFO - [2025-02-03T09:46:19.692+0000] {dagbag.py:588} INFO - Filling up the DagBag from /home/airflow/.local/lib/python3.12/site-packages/airflow/example_dags/example_subdag_operator.py
[2025-02-03T09:46:19.720+0000] {processor.py:925} INFO - DAG(s) 'example_subdag_operator.section-1', 'example_subdag_operator.section-2', 'example_subdag_operator' retrieved from /home/airflow/.local/lib/python3.12/site-packages/airflow/example_dags/example_subdag_operator.py
[2025-02-03T09:46:19.736+0000] {logging_mixin.py:190} INFO - [2025-02-03T09:46:19.736+0000] {dag.py:3239} INFO - Sync 3 DAGs
[2025-02-03T09:46:19.755+0000] {logging_mixin.py:190} INFO - [2025-02-03T09:46:19.755+0000] {dag.py:4180} INFO - Setting next_dagrun for example_subdag_operator to 2022-01-01 00:00:00+00:00, run_after=2022-01-01 00:00:00+00:00
[2025-02-03T09:46:19.759+0000] {logging_mixin.py:190} INFO - [2025-02-03T09:46:19.759+0000] {dag.py:4180} INFO - Setting next_dagrun for example_subdag_operator.section-1 to None, run_after=None
[2025-02-03T09:46:19.760+0000] {logging_mixin.py:190} INFO - [2025-02-03T09:46:19.760+0000] {dag.py:4180} INFO - Setting next_dagrun for example_subdag_operator.section-2 to None, run_after=None
[2025-02-03T09:46:19.766+0000] {logging_mixin.py:190} INFO - [2025-02-03T09:46:19.766+0000] {dag.py:3239} INFO - Sync 2 DAGs
[2025-02-03T09:46:19.774+0000] {logging_mixin.py:190} INFO - [2025-02-03T09:46:19.774+0000] {dag.py:4180} INFO - Setting next_dagrun for example_subdag_operator.section-1 to None, run_after=None
[2025-02-03T09:46:19.775+0000] {logging_mixin.py:190} INFO - [2025-02-03T09:46:19.774+0000] {dag.py:4180} INFO - Setting next_dagrun for example_subdag_operator.section-2 to None, run_after=None
[2025-02-03T09:46:19.789+0000] {processor.py:208} INFO - Processing /home/airflow/.local/lib/python3.12/site-packages/airflow/example_dags/example_subdag_operator.py took 0.106 seconds
[2025-02-03T09:55:25.982+0000] {processor.py:186} INFO - Started process (PID=85) to work on /home/airflow/.local/lib/python3.12/site-packages/airflow/example_dags/example_subdag_operator.py
[2025-02-03T09:55:26.005+0000] {processor.py:914} INFO - Processing file /home/airflow/.local/lib/python3.12/site-packages/airflow/example_dags/example_subdag_operator.py for tasks to queue
[2025-02-03T09:55:26.007+0000] {logging_mixin.py:190} INFO - [2025-02-03T09:55:26.007+0000] {dagbag.py:588} INFO - Filling up the DagBag from /home/airflow/.local/lib/python3.12/site-packages/airflow/example_dags/example_subdag_operator.py
[2025-02-03T09:55:26.053+0000] {processor.py:925} INFO - DAG(s) 'example_subdag_operator.section-1', 'example_subdag_operator.section-2', 'example_subdag_operator' retrieved from /home/airflow/.local/lib/python3.12/site-packages/airflow/example_dags/example_subdag_operator.py
[2025-02-03T09:55:26.080+0000] {logging_mixin.py:190} INFO - [2025-02-03T09:55:26.080+0000] {dag.py:3239} INFO - Sync 3 DAGs
[2025-02-03T09:55:26.102+0000] {logging_mixin.py:190} INFO - [2025-02-03T09:55:26.102+0000] {dag.py:4180} INFO - Setting next_dagrun for example_subdag_operator to 2022-01-01 00:00:00+00:00, run_after=2022-01-01 00:00:00+00:00
[2025-02-03T09:55:26.106+0000] {logging_mixin.py:190} INFO - [2025-02-03T09:55:26.106+0000] {dag.py:4180} INFO - Setting next_dagrun for example_subdag_operator.section-1 to None, run_after=None
[2025-02-03T09:55:26.109+0000] {logging_mixin.py:190} INFO - [2025-02-03T09:55:26.109+0000] {dag.py:4180} INFO - Setting next_dagrun for example_subdag_operator.section-2 to None, run_after=None
[2025-02-03T09:55:26.124+0000] {logging_mixin.py:190} INFO - [2025-02-03T09:55:26.124+0000] {dag.py:3239} INFO - Sync 2 DAGs
[2025-02-03T09:55:26.130+0000] {logging_mixin.py:190} INFO - [2025-02-03T09:55:26.129+0000] {dag.py:4180} INFO - Setting next_dagrun for example_subdag_operator.section-1 to None, run_after=None
[2025-02-03T09:55:26.131+0000] {logging_mixin.py:190} INFO - [2025-02-03T09:55:26.131+0000] {dag.py:4180} INFO - Setting next_dagrun for example_subdag_operator.section-2 to None, run_after=None
[2025-02-03T09:55:26.157+0000] {processor.py:208} INFO - Processing /home/airflow/.local/lib/python3.12/site-packages/airflow/example_dags/example_subdag_operator.py took 0.180 seconds
[2025-02-03T09:55:56.602+0000] {processor.py:186} INFO - Started process (PID=149) to work on /home/airflow/.local/lib/python3.12/site-packages/airflow/example_dags/example_subdag_operator.py
[2025-02-03T09:55:56.604+0000] {processor.py:914} INFO - Processing file /home/airflow/.local/lib/python3.12/site-packages/airflow/example_dags/example_subdag_operator.py for tasks to queue
[2025-02-03T09:55:56.607+0000] {logging_mixin.py:190} INFO - [2025-02-03T09:55:56.607+0000] {dagbag.py:588} INFO - Filling up the DagBag from /home/airflow/.local/lib/python3.12/site-packages/airflow/example_dags/example_subdag_operator.py
[2025-02-03T09:55:56.634+0000] {processor.py:925} INFO - DAG(s) 'example_subdag_operator.section-1', 'example_subdag_operator.section-2', 'example_subdag_operator' retrieved from /home/airflow/.local/lib/python3.12/site-packages/airflow/example_dags/example_subdag_operator.py
[2025-02-03T09:55:56.652+0000] {logging_mixin.py:190} INFO - [2025-02-03T09:55:56.652+0000] {dag.py:3239} INFO - Sync 3 DAGs
[2025-02-03T09:55:56.673+0000] {logging_mixin.py:190} INFO - [2025-02-03T09:55:56.673+0000] {dag.py:4180} INFO - Setting next_dagrun for example_subdag_operator to 2022-01-01 00:00:00+00:00, run_after=2022-01-01 00:00:00+00:00
[2025-02-03T09:55:56.684+0000] {logging_mixin.py:190} INFO - [2025-02-03T09:55:56.683+0000] {dag.py:4180} INFO - Setting next_dagrun for example_subdag_operator.section-1 to None, run_after=None
[2025-02-03T09:55:56.685+0000] {logging_mixin.py:190} INFO - [2025-02-03T09:55:56.685+0000] {dag.py:4180} INFO - Setting next_dagrun for example_subdag_operator.section-2 to None, run_after=None
[2025-02-03T09:55:56.692+0000] {logging_mixin.py:190} INFO - [2025-02-03T09:55:56.692+0000] {dag.py:3239} INFO - Sync 2 DAGs
[2025-02-03T09:55:56.698+0000] {logging_mixin.py:190} INFO - [2025-02-03T09:55:56.698+0000] {dag.py:4180} INFO - Setting next_dagrun for example_subdag_operator.section-1 to None, run_after=None
[2025-02-03T09:55:56.699+0000] {logging_mixin.py:190} INFO - [2025-02-03T09:55:56.699+0000] {dag.py:4180} INFO - Setting next_dagrun for example_subdag_operator.section-2 to None, run_after=None
[2025-02-03T09:55:56.708+0000] {processor.py:208} INFO - Processing /home/airflow/.local/lib/python3.12/site-packages/airflow/example_dags/example_subdag_operator.py took 0.112 seconds
[2025-02-03T09:56:27.633+0000] {processor.py:186} INFO - Started process (PID=213) to work on /home/airflow/.local/lib/python3.12/site-packages/airflow/example_dags/example_subdag_operator.py
[2025-02-03T09:56:27.634+0000] {processor.py:914} INFO - Processing file /home/airflow/.local/lib/python3.12/site-packages/airflow/example_dags/example_subdag_operator.py for tasks to queue
[2025-02-03T09:56:27.636+0000] {logging_mixin.py:190} INFO - [2025-02-03T09:56:27.636+0000] {dagbag.py:588} INFO - Filling up the DagBag from /home/airflow/.local/lib/python3.12/site-packages/airflow/example_dags/example_subdag_operator.py
[2025-02-03T09:56:27.655+0000] {processor.py:925} INFO - DAG(s) 'example_subdag_operator.section-1', 'example_subdag_operator.section-2', 'example_subdag_operator' retrieved from /home/airflow/.local/lib/python3.12/site-packages/airflow/example_dags/example_subdag_operator.py
[2025-02-03T09:56:27.667+0000] {logging_mixin.py:190} INFO - [2025-02-03T09:56:27.667+0000] {dag.py:3239} INFO - Sync 3 DAGs
[2025-02-03T09:56:27.688+0000] {logging_mixin.py:190} INFO - [2025-02-03T09:56:27.687+0000] {dag.py:4180} INFO - Setting next_dagrun for example_subdag_operator to 2022-01-01 00:00:00+00:00, run_after=2022-01-01 00:00:00+00:00
[2025-02-03T09:56:27.693+0000] {logging_mixin.py:190} INFO - [2025-02-03T09:56:27.693+0000] {dag.py:4180} INFO - Setting next_dagrun for example_subdag_operator.section-1 to None, run_after=None
[2025-02-03T09:56:27.695+0000] {logging_mixin.py:190} INFO - [2025-02-03T09:56:27.695+0000] {dag.py:4180} INFO - Setting next_dagrun for example_subdag_operator.section-2 to None, run_after=None
[2025-02-03T09:56:27.701+0000] {logging_mixin.py:190} INFO - [2025-02-03T09:56:27.701+0000] {dag.py:3239} INFO - Sync 2 DAGs
[2025-02-03T09:56:27.707+0000] {logging_mixin.py:190} INFO - [2025-02-03T09:56:27.706+0000] {dag.py:4180} INFO - Setting next_dagrun for example_subdag_operator.section-1 to None, run_after=None
[2025-02-03T09:56:27.708+0000] {logging_mixin.py:190} INFO - [2025-02-03T09:56:27.707+0000] {dag.py:4180} INFO - Setting next_dagrun for example_subdag_operator.section-2 to None, run_after=None
[2025-02-03T09:56:27.722+0000] {processor.py:208} INFO - Processing /home/airflow/.local/lib/python3.12/site-packages/airflow/example_dags/example_subdag_operator.py took 0.094 seconds
[2025-02-03T09:56:58.227+0000] {processor.py:186} INFO - Started process (PID=277) to work on /home/airflow/.local/lib/python3.12/site-packages/airflow/example_dags/example_subdag_operator.py
[2025-02-03T09:56:58.228+0000] {processor.py:914} INFO - Processing file /home/airflow/.local/lib/python3.12/site-packages/airflow/example_dags/example_subdag_operator.py for tasks to queue
[2025-02-03T09:56:58.231+0000] {logging_mixin.py:190} INFO - [2025-02-03T09:56:58.231+0000] {dagbag.py:588} INFO - Filling up the DagBag from /home/airflow/.local/lib/python3.12/site-packages/airflow/example_dags/example_subdag_operator.py
[2025-02-03T09:56:58.256+0000] {processor.py:925} INFO - DAG(s) 'example_subdag_operator.section-1', 'example_subdag_operator.section-2', 'example_subdag_operator' retrieved from /home/airflow/.local/lib/python3.12/site-packages/airflow/example_dags/example_subdag_operator.py
[2025-02-03T09:56:58.267+0000] {logging_mixin.py:190} INFO - [2025-02-03T09:56:58.267+0000] {dag.py:3239} INFO - Sync 3 DAGs
[2025-02-03T09:56:58.284+0000] {logging_mixin.py:190} INFO - [2025-02-03T09:56:58.284+0000] {dag.py:4180} INFO - Setting next_dagrun for example_subdag_operator to 2022-01-01 00:00:00+00:00, run_after=2022-01-01 00:00:00+00:00
[2025-02-03T09:56:58.288+0000] {logging_mixin.py:190} INFO - [2025-02-03T09:56:58.288+0000] {dag.py:4180} INFO - Setting next_dagrun for example_subdag_operator.section-1 to None, run_after=None
[2025-02-03T09:56:58.290+0000] {logging_mixin.py:190} INFO - [2025-02-03T09:56:58.290+0000] {dag.py:4180} INFO - Setting next_dagrun for example_subdag_operator.section-2 to None, run_after=None
[2025-02-03T09:56:58.298+0000] {logging_mixin.py:190} INFO - [2025-02-03T09:56:58.298+0000] {dag.py:3239} INFO - Sync 2 DAGs
[2025-02-03T09:56:58.305+0000] {logging_mixin.py:190} INFO - [2025-02-03T09:56:58.304+0000] {dag.py:4180} INFO - Setting next_dagrun for example_subdag_operator.section-1 to None, run_after=None
[2025-02-03T09:56:58.307+0000] {logging_mixin.py:190} INFO - [2025-02-03T09:56:58.306+0000] {dag.py:4180} INFO - Setting next_dagrun for example_subdag_operator.section-2 to None, run_after=None
[2025-02-03T09:56:58.326+0000] {processor.py:208} INFO - Processing /home/airflow/.local/lib/python3.12/site-packages/airflow/example_dags/example_subdag_operator.py took 0.106 seconds
[2025-02-03T09:57:34.128+0000] {processor.py:186} INFO - Started process (PID=341) to work on /home/airflow/.local/lib/python3.12/site-packages/airflow/example_dags/example_subdag_operator.py
[2025-02-03T09:57:34.130+0000] {processor.py:914} INFO - Processing file /home/airflow/.local/lib/python3.12/site-packages/airflow/example_dags/example_subdag_operator.py for tasks to queue
[2025-02-03T09:57:34.134+0000] {logging_mixin.py:190} INFO - [2025-02-03T09:57:34.133+0000] {dagbag.py:588} INFO - Filling up the DagBag from /home/airflow/.local/lib/python3.12/site-packages/airflow/example_dags/example_subdag_operator.py
[2025-02-03T09:57:34.161+0000] {processor.py:925} INFO - DAG(s) 'example_subdag_operator.section-1', 'example_subdag_operator.section-2', 'example_subdag_operator' retrieved from /home/airflow/.local/lib/python3.12/site-packages/airflow/example_dags/example_subdag_operator.py
[2025-02-03T09:57:34.179+0000] {logging_mixin.py:190} INFO - [2025-02-03T09:57:34.179+0000] {dag.py:3239} INFO - Sync 3 DAGs
[2025-02-03T09:57:34.208+0000] {logging_mixin.py:190} INFO - [2025-02-03T09:57:34.208+0000] {dag.py:4180} INFO - Setting next_dagrun for example_subdag_operator to 2022-01-01 00:00:00+00:00, run_after=2022-01-01 00:00:00+00:00
[2025-02-03T09:57:34.213+0000] {logging_mixin.py:190} INFO - [2025-02-03T09:57:34.213+0000] {dag.py:4180} INFO - Setting next_dagrun for example_subdag_operator.section-1 to None, run_after=None
[2025-02-03T09:57:34.215+0000] {logging_mixin.py:190} INFO - [2025-02-03T09:57:34.215+0000] {dag.py:4180} INFO - Setting next_dagrun for example_subdag_operator.section-2 to None, run_after=None
[2025-02-03T09:57:34.224+0000] {logging_mixin.py:190} INFO - [2025-02-03T09:57:34.224+0000] {dag.py:3239} INFO - Sync 2 DAGs
[2025-02-03T09:57:34.233+0000] {logging_mixin.py:190} INFO - [2025-02-03T09:57:34.233+0000] {dag.py:4180} INFO - Setting next_dagrun for example_subdag_operator.section-1 to None, run_after=None
[2025-02-03T09:57:34.234+0000] {logging_mixin.py:190} INFO - [2025-02-03T09:57:34.234+0000] {dag.py:4180} INFO - Setting next_dagrun for example_subdag_operator.section-2 to None, run_after=None
[2025-02-03T09:57:34.252+0000] {processor.py:208} INFO - Processing /home/airflow/.local/lib/python3.12/site-packages/airflow/example_dags/example_subdag_operator.py took 0.133 seconds
[2025-02-03T09:58:07.926+0000] {processor.py:186} INFO - Started process (PID=411) to work on /home/airflow/.local/lib/python3.12/site-packages/airflow/example_dags/example_subdag_operator.py
[2025-02-03T09:58:07.928+0000] {processor.py:914} INFO - Processing file /home/airflow/.local/lib/python3.12/site-packages/airflow/example_dags/example_subdag_operator.py for tasks to queue
[2025-02-03T09:58:07.931+0000] {logging_mixin.py:190} INFO - [2025-02-03T09:58:07.930+0000] {dagbag.py:588} INFO - Filling up the DagBag from /home/airflow/.local/lib/python3.12/site-packages/airflow/example_dags/example_subdag_operator.py
[2025-02-03T09:58:07.960+0000] {processor.py:925} INFO - DAG(s) 'example_subdag_operator.section-1', 'example_subdag_operator.section-2', 'example_subdag_operator' retrieved from /home/airflow/.local/lib/python3.12/site-packages/airflow/example_dags/example_subdag_operator.py
[2025-02-03T09:58:07.981+0000] {logging_mixin.py:190} INFO - [2025-02-03T09:58:07.981+0000] {dag.py:3239} INFO - Sync 3 DAGs
[2025-02-03T09:58:08.018+0000] {logging_mixin.py:190} INFO - [2025-02-03T09:58:08.017+0000] {dag.py:4180} INFO - Setting next_dagrun for example_subdag_operator to 2022-01-01 00:00:00+00:00, run_after=2022-01-01 00:00:00+00:00
[2025-02-03T09:58:08.023+0000] {logging_mixin.py:190} INFO - [2025-02-03T09:58:08.022+0000] {dag.py:4180} INFO - Setting next_dagrun for example_subdag_operator.section-1 to None, run_after=None
[2025-02-03T09:58:08.025+0000] {logging_mixin.py:190} INFO - [2025-02-03T09:58:08.025+0000] {dag.py:4180} INFO - Setting next_dagrun for example_subdag_operator.section-2 to None, run_after=None
[2025-02-03T09:58:08.034+0000] {logging_mixin.py:190} INFO - [2025-02-03T09:58:08.034+0000] {dag.py:3239} INFO - Sync 2 DAGs
[2025-02-03T09:58:08.045+0000] {logging_mixin.py:190} INFO - [2025-02-03T09:58:08.045+0000] {dag.py:4180} INFO - Setting next_dagrun for example_subdag_operator.section-1 to None, run_after=None
[2025-02-03T09:58:08.046+0000] {logging_mixin.py:190} INFO - [2025-02-03T09:58:08.046+0000] {dag.py:4180} INFO - Setting next_dagrun for example_subdag_operator.section-2 to None, run_after=None
[2025-02-03T09:58:08.065+0000] {processor.py:208} INFO - Processing /home/airflow/.local/lib/python3.12/site-packages/airflow/example_dags/example_subdag_operator.py took 0.144 seconds
[2025-02-03T09:58:39.737+0000] {processor.py:186} INFO - Started process (PID=476) to work on /home/airflow/.local/lib/python3.12/site-packages/airflow/example_dags/example_subdag_operator.py
[2025-02-03T09:58:39.743+0000] {processor.py:914} INFO - Processing file /home/airflow/.local/lib/python3.12/site-packages/airflow/example_dags/example_subdag_operator.py for tasks to queue
[2025-02-03T09:58:39.754+0000] {logging_mixin.py:190} INFO - [2025-02-03T09:58:39.753+0000] {dagbag.py:588} INFO - Filling up the DagBag from /home/airflow/.local/lib/python3.12/site-packages/airflow/example_dags/example_subdag_operator.py
[2025-02-03T09:58:39.810+0000] {processor.py:925} INFO - DAG(s) 'example_subdag_operator.section-1', 'example_subdag_operator.section-2', 'example_subdag_operator' retrieved from /home/airflow/.local/lib/python3.12/site-packages/airflow/example_dags/example_subdag_operator.py
[2025-02-03T09:58:39.887+0000] {logging_mixin.py:190} INFO - [2025-02-03T09:58:39.886+0000] {dag.py:3239} INFO - Sync 3 DAGs
[2025-02-03T09:58:39.957+0000] {logging_mixin.py:190} INFO - [2025-02-03T09:58:39.957+0000] {dag.py:4180} INFO - Setting next_dagrun for example_subdag_operator to 2022-01-01 00:00:00+00:00, run_after=2022-01-01 00:00:00+00:00
[2025-02-03T09:58:39.974+0000] {logging_mixin.py:190} INFO - [2025-02-03T09:58:39.973+0000] {dag.py:4180} INFO - Setting next_dagrun for example_subdag_operator.section-1 to None, run_after=None
[2025-02-03T09:58:39.976+0000] {logging_mixin.py:190} INFO - [2025-02-03T09:58:39.976+0000] {dag.py:4180} INFO - Setting next_dagrun for example_subdag_operator.section-2 to None, run_after=None
[2025-02-03T09:58:39.991+0000] {logging_mixin.py:190} INFO - [2025-02-03T09:58:39.990+0000] {dag.py:3239} INFO - Sync 2 DAGs
[2025-02-03T09:58:40.012+0000] {logging_mixin.py:190} INFO - [2025-02-03T09:58:40.012+0000] {dag.py:4180} INFO - Setting next_dagrun for example_subdag_operator.section-1 to None, run_after=None
[2025-02-03T09:58:40.020+0000] {logging_mixin.py:190} INFO - [2025-02-03T09:58:40.020+0000] {dag.py:4180} INFO - Setting next_dagrun for example_subdag_operator.section-2 to None, run_after=None
[2025-02-03T09:58:40.044+0000] {processor.py:208} INFO - Processing /home/airflow/.local/lib/python3.12/site-packages/airflow/example_dags/example_subdag_operator.py took 0.312 seconds
[2025-02-03T09:59:10.281+0000] {processor.py:186} INFO - Started process (PID=540) to work on /home/airflow/.local/lib/python3.12/site-packages/airflow/example_dags/example_subdag_operator.py
[2025-02-03T09:59:10.282+0000] {processor.py:914} INFO - Processing file /home/airflow/.local/lib/python3.12/site-packages/airflow/example_dags/example_subdag_operator.py for tasks to queue
[2025-02-03T09:59:10.284+0000] {logging_mixin.py:190} INFO - [2025-02-03T09:59:10.284+0000] {dagbag.py:588} INFO - Filling up the DagBag from /home/airflow/.local/lib/python3.12/site-packages/airflow/example_dags/example_subdag_operator.py
[2025-02-03T09:59:10.304+0000] {processor.py:925} INFO - DAG(s) 'example_subdag_operator.section-1', 'example_subdag_operator.section-2', 'example_subdag_operator' retrieved from /home/airflow/.local/lib/python3.12/site-packages/airflow/example_dags/example_subdag_operator.py
[2025-02-03T09:59:10.317+0000] {logging_mixin.py:190} INFO - [2025-02-03T09:59:10.317+0000] {dag.py:3239} INFO - Sync 3 DAGs
[2025-02-03T09:59:10.338+0000] {logging_mixin.py:190} INFO - [2025-02-03T09:59:10.337+0000] {dag.py:4180} INFO - Setting next_dagrun for example_subdag_operator to 2022-01-01 00:00:00+00:00, run_after=2022-01-01 00:00:00+00:00
[2025-02-03T09:59:10.341+0000] {logging_mixin.py:190} INFO - [2025-02-03T09:59:10.341+0000] {dag.py:4180} INFO - Setting next_dagrun for example_subdag_operator.section-1 to None, run_after=None
[2025-02-03T09:59:10.343+0000] {logging_mixin.py:190} INFO - [2025-02-03T09:59:10.342+0000] {dag.py:4180} INFO - Setting next_dagrun for example_subdag_operator.section-2 to None, run_after=None
[2025-02-03T09:59:10.350+0000] {logging_mixin.py:190} INFO - [2025-02-03T09:59:10.350+0000] {dag.py:3239} INFO - Sync 2 DAGs
[2025-02-03T09:59:10.354+0000] {logging_mixin.py:190} INFO - [2025-02-03T09:59:10.354+0000] {dag.py:4180} INFO - Setting next_dagrun for example_subdag_operator.section-1 to None, run_after=None
[2025-02-03T09:59:10.355+0000] {logging_mixin.py:190} INFO - [2025-02-03T09:59:10.355+0000] {dag.py:4180} INFO - Setting next_dagrun for example_subdag_operator.section-2 to None, run_after=None
[2025-02-03T09:59:10.363+0000] {processor.py:208} INFO - Processing /home/airflow/.local/lib/python3.12/site-packages/airflow/example_dags/example_subdag_operator.py took 0.087 seconds
[2025-02-03T09:59:40.889+0000] {processor.py:186} INFO - Started process (PID=598) to work on /home/airflow/.local/lib/python3.12/site-packages/airflow/example_dags/example_subdag_operator.py
[2025-02-03T09:59:40.890+0000] {processor.py:914} INFO - Processing file /home/airflow/.local/lib/python3.12/site-packages/airflow/example_dags/example_subdag_operator.py for tasks to queue
[2025-02-03T09:59:40.892+0000] {logging_mixin.py:190} INFO - [2025-02-03T09:59:40.891+0000] {dagbag.py:588} INFO - Filling up the DagBag from /home/airflow/.local/lib/python3.12/site-packages/airflow/example_dags/example_subdag_operator.py
[2025-02-03T09:59:40.911+0000] {processor.py:925} INFO - DAG(s) 'example_subdag_operator.section-1', 'example_subdag_operator.section-2', 'example_subdag_operator' retrieved from /home/airflow/.local/lib/python3.12/site-packages/airflow/example_dags/example_subdag_operator.py
[2025-02-03T09:59:40.922+0000] {logging_mixin.py:190} INFO - [2025-02-03T09:59:40.921+0000] {dag.py:3239} INFO - Sync 3 DAGs
[2025-02-03T09:59:40.938+0000] {logging_mixin.py:190} INFO - [2025-02-03T09:59:40.938+0000] {dag.py:4180} INFO - Setting next_dagrun for example_subdag_operator to 2022-01-01 00:00:00+00:00, run_after=2022-01-01 00:00:00+00:00
[2025-02-03T09:59:40.941+0000] {logging_mixin.py:190} INFO - [2025-02-03T09:59:40.940+0000] {dag.py:4180} INFO - Setting next_dagrun for example_subdag_operator.section-1 to None, run_after=None
[2025-02-03T09:59:40.942+0000] {logging_mixin.py:190} INFO - [2025-02-03T09:59:40.942+0000] {dag.py:4180} INFO - Setting next_dagrun for example_subdag_operator.section-2 to None, run_after=None
[2025-02-03T09:59:40.949+0000] {logging_mixin.py:190} INFO - [2025-02-03T09:59:40.949+0000] {dag.py:3239} INFO - Sync 2 DAGs
[2025-02-03T09:59:40.961+0000] {logging_mixin.py:190} INFO - [2025-02-03T09:59:40.960+0000] {dag.py:4180} INFO - Setting next_dagrun for example_subdag_operator.section-1 to None, run_after=None
[2025-02-03T09:59:40.962+0000] {logging_mixin.py:190} INFO - [2025-02-03T09:59:40.961+0000] {dag.py:4180} INFO - Setting next_dagrun for example_subdag_operator.section-2 to None, run_after=None
[2025-02-03T09:59:40.973+0000] {processor.py:208} INFO - Processing /home/airflow/.local/lib/python3.12/site-packages/airflow/example_dags/example_subdag_operator.py took 0.089 seconds
[2025-02-03T10:00:13.709+0000] {processor.py:186} INFO - Started process (PID=668) to work on /home/airflow/.local/lib/python3.12/site-packages/airflow/example_dags/example_subdag_operator.py
[2025-02-03T10:00:13.711+0000] {processor.py:914} INFO - Processing file /home/airflow/.local/lib/python3.12/site-packages/airflow/example_dags/example_subdag_operator.py for tasks to queue
[2025-02-03T10:00:13.713+0000] {logging_mixin.py:190} INFO - [2025-02-03T10:00:13.713+0000] {dagbag.py:588} INFO - Filling up the DagBag from /home/airflow/.local/lib/python3.12/site-packages/airflow/example_dags/example_subdag_operator.py
[2025-02-03T10:00:13.795+0000] {processor.py:925} INFO - DAG(s) 'example_subdag_operator.section-1', 'example_subdag_operator.section-2', 'example_subdag_operator' retrieved from /home/airflow/.local/lib/python3.12/site-packages/airflow/example_dags/example_subdag_operator.py
[2025-02-03T10:00:13.827+0000] {logging_mixin.py:190} INFO - [2025-02-03T10:00:13.827+0000] {dag.py:3239} INFO - Sync 3 DAGs
[2025-02-03T10:00:13.901+0000] {logging_mixin.py:190} INFO - [2025-02-03T10:00:13.900+0000] {dag.py:4180} INFO - Setting next_dagrun for example_subdag_operator to 2022-01-01 00:00:00+00:00, run_after=2022-01-01 00:00:00+00:00
[2025-02-03T10:00:13.909+0000] {logging_mixin.py:190} INFO - [2025-02-03T10:00:13.909+0000] {dag.py:4180} INFO - Setting next_dagrun for example_subdag_operator.section-1 to None, run_after=None
[2025-02-03T10:00:13.917+0000] {logging_mixin.py:190} INFO - [2025-02-03T10:00:13.917+0000] {dag.py:4180} INFO - Setting next_dagrun for example_subdag_operator.section-2 to None, run_after=None
[2025-02-03T10:00:13.930+0000] {logging_mixin.py:190} INFO - [2025-02-03T10:00:13.930+0000] {dag.py:3239} INFO - Sync 2 DAGs
[2025-02-03T10:00:13.940+0000] {logging_mixin.py:190} INFO - [2025-02-03T10:00:13.940+0000] {dag.py:4180} INFO - Setting next_dagrun for example_subdag_operator.section-1 to None, run_after=None
[2025-02-03T10:00:13.942+0000] {logging_mixin.py:190} INFO - [2025-02-03T10:00:13.941+0000] {dag.py:4180} INFO - Setting next_dagrun for example_subdag_operator.section-2 to None, run_after=None
[2025-02-03T10:00:13.969+0000] {processor.py:208} INFO - Processing /home/airflow/.local/lib/python3.12/site-packages/airflow/example_dags/example_subdag_operator.py took 0.272 seconds
[2025-02-03T10:00:44.342+0000] {processor.py:186} INFO - Started process (PID=732) to work on /home/airflow/.local/lib/python3.12/site-packages/airflow/example_dags/example_subdag_operator.py
[2025-02-03T10:00:44.343+0000] {processor.py:914} INFO - Processing file /home/airflow/.local/lib/python3.12/site-packages/airflow/example_dags/example_subdag_operator.py for tasks to queue
[2025-02-03T10:00:44.345+0000] {logging_mixin.py:190} INFO - [2025-02-03T10:00:44.345+0000] {dagbag.py:588} INFO - Filling up the DagBag from /home/airflow/.local/lib/python3.12/site-packages/airflow/example_dags/example_subdag_operator.py
[2025-02-03T10:00:44.365+0000] {processor.py:925} INFO - DAG(s) 'example_subdag_operator.section-1', 'example_subdag_operator.section-2', 'example_subdag_operator' retrieved from /home/airflow/.local/lib/python3.12/site-packages/airflow/example_dags/example_subdag_operator.py
[2025-02-03T10:00:44.397+0000] {logging_mixin.py:190} INFO - [2025-02-03T10:00:44.397+0000] {dag.py:3239} INFO - Sync 3 DAGs
[2025-02-03T10:00:44.428+0000] {logging_mixin.py:190} INFO - [2025-02-03T10:00:44.428+0000] {dag.py:4180} INFO - Setting next_dagrun for example_subdag_operator to 2022-01-01 00:00:00+00:00, run_after=2022-01-01 00:00:00+00:00
[2025-02-03T10:00:44.432+0000] {logging_mixin.py:190} INFO - [2025-02-03T10:00:44.431+0000] {dag.py:4180} INFO - Setting next_dagrun for example_subdag_operator.section-1 to None, run_after=None
[2025-02-03T10:00:44.434+0000] {logging_mixin.py:190} INFO - [2025-02-03T10:00:44.433+0000] {dag.py:4180} INFO - Setting next_dagrun for example_subdag_operator.section-2 to None, run_after=None
[2025-02-03T10:00:44.440+0000] {logging_mixin.py:190} INFO - [2025-02-03T10:00:44.440+0000] {dag.py:3239} INFO - Sync 2 DAGs
[2025-02-03T10:00:44.448+0000] {logging_mixin.py:190} INFO - [2025-02-03T10:00:44.447+0000] {dag.py:4180} INFO - Setting next_dagrun for example_subdag_operator.section-1 to None, run_after=None
[2025-02-03T10:00:44.452+0000] {logging_mixin.py:190} INFO - [2025-02-03T10:00:44.452+0000] {dag.py:4180} INFO - Setting next_dagrun for example_subdag_operator.section-2 to None, run_after=None
[2025-02-03T10:00:44.461+0000] {processor.py:208} INFO - Processing /home/airflow/.local/lib/python3.12/site-packages/airflow/example_dags/example_subdag_operator.py took 0.124 seconds
[2025-02-03T10:01:15.510+0000] {processor.py:186} INFO - Started process (PID=791) to work on /home/airflow/.local/lib/python3.12/site-packages/airflow/example_dags/example_subdag_operator.py
[2025-02-03T10:01:15.512+0000] {processor.py:914} INFO - Processing file /home/airflow/.local/lib/python3.12/site-packages/airflow/example_dags/example_subdag_operator.py for tasks to queue
[2025-02-03T10:01:15.515+0000] {logging_mixin.py:190} INFO - [2025-02-03T10:01:15.514+0000] {dagbag.py:588} INFO - Filling up the DagBag from /home/airflow/.local/lib/python3.12/site-packages/airflow/example_dags/example_subdag_operator.py
[2025-02-03T10:01:15.551+0000] {processor.py:925} INFO - DAG(s) 'example_subdag_operator.section-1', 'example_subdag_operator.section-2', 'example_subdag_operator' retrieved from /home/airflow/.local/lib/python3.12/site-packages/airflow/example_dags/example_subdag_operator.py
[2025-02-03T10:01:15.574+0000] {logging_mixin.py:190} INFO - [2025-02-03T10:01:15.573+0000] {dag.py:3239} INFO - Sync 3 DAGs
[2025-02-03T10:01:15.600+0000] {logging_mixin.py:190} INFO - [2025-02-03T10:01:15.600+0000] {dag.py:4180} INFO - Setting next_dagrun for example_subdag_operator to 2022-01-01 00:00:00+00:00, run_after=2022-01-01 00:00:00+00:00
[2025-02-03T10:01:15.607+0000] {logging_mixin.py:190} INFO - [2025-02-03T10:01:15.606+0000] {dag.py:4180} INFO - Setting next_dagrun for example_subdag_operator.section-1 to None, run_after=None
[2025-02-03T10:01:15.609+0000] {logging_mixin.py:190} INFO - [2025-02-03T10:01:15.609+0000] {dag.py:4180} INFO - Setting next_dagrun for example_subdag_operator.section-2 to None, run_after=None
[2025-02-03T10:01:15.617+0000] {logging_mixin.py:190} INFO - [2025-02-03T10:01:15.617+0000] {dag.py:3239} INFO - Sync 2 DAGs
[2025-02-03T10:01:15.625+0000] {logging_mixin.py:190} INFO - [2025-02-03T10:01:15.624+0000] {dag.py:4180} INFO - Setting next_dagrun for example_subdag_operator.section-1 to None, run_after=None
[2025-02-03T10:01:15.626+0000] {logging_mixin.py:190} INFO - [2025-02-03T10:01:15.625+0000] {dag.py:4180} INFO - Setting next_dagrun for example_subdag_operator.section-2 to None, run_after=None
[2025-02-03T10:01:15.639+0000] {processor.py:208} INFO - Processing /home/airflow/.local/lib/python3.12/site-packages/airflow/example_dags/example_subdag_operator.py took 0.138 seconds
[2025-02-03T10:01:47.347+0000] {processor.py:186} INFO - Started process (PID=855) to work on /home/airflow/.local/lib/python3.12/site-packages/airflow/example_dags/example_subdag_operator.py
[2025-02-03T10:01:47.357+0000] {processor.py:914} INFO - Processing file /home/airflow/.local/lib/python3.12/site-packages/airflow/example_dags/example_subdag_operator.py for tasks to queue
[2025-02-03T10:01:47.360+0000] {logging_mixin.py:190} INFO - [2025-02-03T10:01:47.359+0000] {dagbag.py:588} INFO - Filling up the DagBag from /home/airflow/.local/lib/python3.12/site-packages/airflow/example_dags/example_subdag_operator.py
[2025-02-03T10:01:47.406+0000] {processor.py:925} INFO - DAG(s) 'example_subdag_operator.section-1', 'example_subdag_operator.section-2', 'example_subdag_operator' retrieved from /home/airflow/.local/lib/python3.12/site-packages/airflow/example_dags/example_subdag_operator.py
[2025-02-03T10:01:47.426+0000] {logging_mixin.py:190} INFO - [2025-02-03T10:01:47.425+0000] {dag.py:3239} INFO - Sync 3 DAGs
[2025-02-03T10:01:47.453+0000] {logging_mixin.py:190} INFO - [2025-02-03T10:01:47.453+0000] {dag.py:4180} INFO - Setting next_dagrun for example_subdag_operator to 2022-01-01 00:00:00+00:00, run_after=2022-01-01 00:00:00+00:00
[2025-02-03T10:01:47.459+0000] {logging_mixin.py:190} INFO - [2025-02-03T10:01:47.459+0000] {dag.py:4180} INFO - Setting next_dagrun for example_subdag_operator.section-1 to None, run_after=None
[2025-02-03T10:01:47.462+0000] {logging_mixin.py:190} INFO - [2025-02-03T10:01:47.461+0000] {dag.py:4180} INFO - Setting next_dagrun for example_subdag_operator.section-2 to None, run_after=None
[2025-02-03T10:01:47.473+0000] {logging_mixin.py:190} INFO - [2025-02-03T10:01:47.473+0000] {dag.py:3239} INFO - Sync 2 DAGs
[2025-02-03T10:01:47.482+0000] {logging_mixin.py:190} INFO - [2025-02-03T10:01:47.482+0000] {dag.py:4180} INFO - Setting next_dagrun for example_subdag_operator.section-1 to None, run_after=None
[2025-02-03T10:01:47.483+0000] {logging_mixin.py:190} INFO - [2025-02-03T10:01:47.483+0000] {dag.py:4180} INFO - Setting next_dagrun for example_subdag_operator.section-2 to None, run_after=None
[2025-02-03T10:01:47.514+0000] {processor.py:208} INFO - Processing /home/airflow/.local/lib/python3.12/site-packages/airflow/example_dags/example_subdag_operator.py took 0.174 seconds
[2025-02-03T10:02:20.023+0000] {processor.py:186} INFO - Started process (PID=930) to work on /home/airflow/.local/lib/python3.12/site-packages/airflow/example_dags/example_subdag_operator.py
[2025-02-03T10:02:20.025+0000] {processor.py:914} INFO - Processing file /home/airflow/.local/lib/python3.12/site-packages/airflow/example_dags/example_subdag_operator.py for tasks to queue
[2025-02-03T10:02:20.028+0000] {logging_mixin.py:190} INFO - [2025-02-03T10:02:20.028+0000] {dagbag.py:588} INFO - Filling up the DagBag from /home/airflow/.local/lib/python3.12/site-packages/airflow/example_dags/example_subdag_operator.py
[2025-02-03T10:02:20.050+0000] {processor.py:925} INFO - DAG(s) 'example_subdag_operator.section-1', 'example_subdag_operator.section-2', 'example_subdag_operator' retrieved from /home/airflow/.local/lib/python3.12/site-packages/airflow/example_dags/example_subdag_operator.py
[2025-02-03T10:02:20.062+0000] {logging_mixin.py:190} INFO - [2025-02-03T10:02:20.062+0000] {dag.py:3239} INFO - Sync 3 DAGs
[2025-02-03T10:02:20.084+0000] {logging_mixin.py:190} INFO - [2025-02-03T10:02:20.084+0000] {dag.py:4180} INFO - Setting next_dagrun for example_subdag_operator to 2022-01-01 00:00:00+00:00, run_after=2022-01-01 00:00:00+00:00
[2025-02-03T10:02:20.089+0000] {logging_mixin.py:190} INFO - [2025-02-03T10:02:20.088+0000] {dag.py:4180} INFO - Setting next_dagrun for example_subdag_operator.section-1 to None, run_after=None
[2025-02-03T10:02:20.090+0000] {logging_mixin.py:190} INFO - [2025-02-03T10:02:20.090+0000] {dag.py:4180} INFO - Setting next_dagrun for example_subdag_operator.section-2 to None, run_after=None
[2025-02-03T10:02:20.102+0000] {logging_mixin.py:190} INFO - [2025-02-03T10:02:20.102+0000] {dag.py:3239} INFO - Sync 2 DAGs
[2025-02-03T10:02:20.108+0000] {logging_mixin.py:190} INFO - [2025-02-03T10:02:20.108+0000] {dag.py:4180} INFO - Setting next_dagrun for example_subdag_operator.section-1 to None, run_after=None
[2025-02-03T10:02:20.109+0000] {logging_mixin.py:190} INFO - [2025-02-03T10:02:20.109+0000] {dag.py:4180} INFO - Setting next_dagrun for example_subdag_operator.section-2 to None, run_after=None
[2025-02-03T10:02:20.119+0000] {processor.py:208} INFO - Processing /home/airflow/.local/lib/python3.12/site-packages/airflow/example_dags/example_subdag_operator.py took 0.102 seconds
[2025-02-03T10:02:52.491+0000] {processor.py:186} INFO - Started process (PID=994) to work on /home/airflow/.local/lib/python3.12/site-packages/airflow/example_dags/example_subdag_operator.py
[2025-02-03T10:02:52.493+0000] {processor.py:914} INFO - Processing file /home/airflow/.local/lib/python3.12/site-packages/airflow/example_dags/example_subdag_operator.py for tasks to queue
[2025-02-03T10:02:52.496+0000] {logging_mixin.py:190} INFO - [2025-02-03T10:02:52.495+0000] {dagbag.py:588} INFO - Filling up the DagBag from /home/airflow/.local/lib/python3.12/site-packages/airflow/example_dags/example_subdag_operator.py
[2025-02-03T10:02:52.531+0000] {processor.py:925} INFO - DAG(s) 'example_subdag_operator.section-1', 'example_subdag_operator.section-2', 'example_subdag_operator' retrieved from /home/airflow/.local/lib/python3.12/site-packages/airflow/example_dags/example_subdag_operator.py
[2025-02-03T10:02:52.557+0000] {logging_mixin.py:190} INFO - [2025-02-03T10:02:52.556+0000] {dag.py:3239} INFO - Sync 3 DAGs
[2025-02-03T10:02:52.591+0000] {logging_mixin.py:190} INFO - [2025-02-03T10:02:52.591+0000] {dag.py:4180} INFO - Setting next_dagrun for example_subdag_operator to 2022-01-01 00:00:00+00:00, run_after=2022-01-01 00:00:00+00:00
[2025-02-03T10:02:52.596+0000] {logging_mixin.py:190} INFO - [2025-02-03T10:02:52.596+0000] {dag.py:4180} INFO - Setting next_dagrun for example_subdag_operator.section-1 to None, run_after=None
[2025-02-03T10:02:52.599+0000] {logging_mixin.py:190} INFO - [2025-02-03T10:02:52.598+0000] {dag.py:4180} INFO - Setting next_dagrun for example_subdag_operator.section-2 to None, run_after=None
[2025-02-03T10:02:52.609+0000] {logging_mixin.py:190} INFO - [2025-02-03T10:02:52.609+0000] {dag.py:3239} INFO - Sync 2 DAGs
[2025-02-03T10:02:52.617+0000] {logging_mixin.py:190} INFO - [2025-02-03T10:02:52.617+0000] {dag.py:4180} INFO - Setting next_dagrun for example_subdag_operator.section-1 to None, run_after=None
[2025-02-03T10:02:52.618+0000] {logging_mixin.py:190} INFO - [2025-02-03T10:02:52.618+0000] {dag.py:4180} INFO - Setting next_dagrun for example_subdag_operator.section-2 to None, run_after=None
[2025-02-03T10:02:52.632+0000] {processor.py:208} INFO - Processing /home/airflow/.local/lib/python3.12/site-packages/airflow/example_dags/example_subdag_operator.py took 0.146 seconds
[2025-02-03T10:03:24.934+0000] {processor.py:186} INFO - Started process (PID=1058) to work on /home/airflow/.local/lib/python3.12/site-packages/airflow/example_dags/example_subdag_operator.py
[2025-02-03T10:03:24.935+0000] {processor.py:914} INFO - Processing file /home/airflow/.local/lib/python3.12/site-packages/airflow/example_dags/example_subdag_operator.py for tasks to queue
[2025-02-03T10:03:24.937+0000] {logging_mixin.py:190} INFO - [2025-02-03T10:03:24.937+0000] {dagbag.py:588} INFO - Filling up the DagBag from /home/airflow/.local/lib/python3.12/site-packages/airflow/example_dags/example_subdag_operator.py
[2025-02-03T10:03:24.957+0000] {processor.py:925} INFO - DAG(s) 'example_subdag_operator.section-1', 'example_subdag_operator.section-2', 'example_subdag_operator' retrieved from /home/airflow/.local/lib/python3.12/site-packages/airflow/example_dags/example_subdag_operator.py
[2025-02-03T10:03:24.970+0000] {logging_mixin.py:190} INFO - [2025-02-03T10:03:24.969+0000] {dag.py:3239} INFO - Sync 3 DAGs
[2025-02-03T10:03:24.987+0000] {logging_mixin.py:190} INFO - [2025-02-03T10:03:24.987+0000] {dag.py:4180} INFO - Setting next_dagrun for example_subdag_operator to 2022-01-01 00:00:00+00:00, run_after=2022-01-01 00:00:00+00:00
[2025-02-03T10:03:24.990+0000] {logging_mixin.py:190} INFO - [2025-02-03T10:03:24.989+0000] {dag.py:4180} INFO - Setting next_dagrun for example_subdag_operator.section-1 to None, run_after=None
[2025-02-03T10:03:24.991+0000] {logging_mixin.py:190} INFO - [2025-02-03T10:03:24.990+0000] {dag.py:4180} INFO - Setting next_dagrun for example_subdag_operator.section-2 to None, run_after=None
[2025-02-03T10:03:24.995+0000] {logging_mixin.py:190} INFO - [2025-02-03T10:03:24.995+0000] {dag.py:3239} INFO - Sync 2 DAGs
[2025-02-03T10:03:25.001+0000] {logging_mixin.py:190} INFO - [2025-02-03T10:03:25.001+0000] {dag.py:4180} INFO - Setting next_dagrun for example_subdag_operator.section-1 to None, run_after=None
[2025-02-03T10:03:25.002+0000] {logging_mixin.py:190} INFO - [2025-02-03T10:03:25.001+0000] {dag.py:4180} INFO - Setting next_dagrun for example_subdag_operator.section-2 to None, run_after=None
[2025-02-03T10:03:25.009+0000] {processor.py:208} INFO - Processing /home/airflow/.local/lib/python3.12/site-packages/airflow/example_dags/example_subdag_operator.py took 0.080 seconds
[2025-02-03T10:03:55.163+0000] {processor.py:186} INFO - Started process (PID=1122) to work on /home/airflow/.local/lib/python3.12/site-packages/airflow/example_dags/example_subdag_operator.py
[2025-02-03T10:03:55.164+0000] {processor.py:914} INFO - Processing file /home/airflow/.local/lib/python3.12/site-packages/airflow/example_dags/example_subdag_operator.py for tasks to queue
[2025-02-03T10:03:55.166+0000] {logging_mixin.py:190} INFO - [2025-02-03T10:03:55.166+0000] {dagbag.py:588} INFO - Filling up the DagBag from /home/airflow/.local/lib/python3.12/site-packages/airflow/example_dags/example_subdag_operator.py
[2025-02-03T10:03:55.187+0000] {processor.py:925} INFO - DAG(s) 'example_subdag_operator.section-1', 'example_subdag_operator.section-2', 'example_subdag_operator' retrieved from /home/airflow/.local/lib/python3.12/site-packages/airflow/example_dags/example_subdag_operator.py
[2025-02-03T10:03:55.199+0000] {logging_mixin.py:190} INFO - [2025-02-03T10:03:55.199+0000] {dag.py:3239} INFO - Sync 3 DAGs
[2025-02-03T10:03:55.224+0000] {logging_mixin.py:190} INFO - [2025-02-03T10:03:55.224+0000] {dag.py:4180} INFO - Setting next_dagrun for example_subdag_operator to 2022-01-01 00:00:00+00:00, run_after=2022-01-01 00:00:00+00:00
[2025-02-03T10:03:55.228+0000] {logging_mixin.py:190} INFO - [2025-02-03T10:03:55.228+0000] {dag.py:4180} INFO - Setting next_dagrun for example_subdag_operator.section-1 to None, run_after=None
[2025-02-03T10:03:55.229+0000] {logging_mixin.py:190} INFO - [2025-02-03T10:03:55.229+0000] {dag.py:4180} INFO - Setting next_dagrun for example_subdag_operator.section-2 to None, run_after=None
[2025-02-03T10:03:55.241+0000] {logging_mixin.py:190} INFO - [2025-02-03T10:03:55.241+0000] {dag.py:3239} INFO - Sync 2 DAGs
[2025-02-03T10:03:55.246+0000] {logging_mixin.py:190} INFO - [2025-02-03T10:03:55.246+0000] {dag.py:4180} INFO - Setting next_dagrun for example_subdag_operator.section-1 to None, run_after=None
[2025-02-03T10:03:55.247+0000] {logging_mixin.py:190} INFO - [2025-02-03T10:03:55.246+0000] {dag.py:4180} INFO - Setting next_dagrun for example_subdag_operator.section-2 to None, run_after=None
[2025-02-03T10:03:55.256+0000] {processor.py:208} INFO - Processing /home/airflow/.local/lib/python3.12/site-packages/airflow/example_dags/example_subdag_operator.py took 0.098 seconds
[2025-02-03T10:04:25.713+0000] {processor.py:186} INFO - Started process (PID=1186) to work on /home/airflow/.local/lib/python3.12/site-packages/airflow/example_dags/example_subdag_operator.py
[2025-02-03T10:04:25.720+0000] {processor.py:914} INFO - Processing file /home/airflow/.local/lib/python3.12/site-packages/airflow/example_dags/example_subdag_operator.py for tasks to queue
[2025-02-03T10:04:25.723+0000] {logging_mixin.py:190} INFO - [2025-02-03T10:04:25.722+0000] {dagbag.py:588} INFO - Filling up the DagBag from /home/airflow/.local/lib/python3.12/site-packages/airflow/example_dags/example_subdag_operator.py
[2025-02-03T10:04:25.749+0000] {processor.py:925} INFO - DAG(s) 'example_subdag_operator.section-1', 'example_subdag_operator.section-2', 'example_subdag_operator' retrieved from /home/airflow/.local/lib/python3.12/site-packages/airflow/example_dags/example_subdag_operator.py
[2025-02-03T10:04:25.764+0000] {logging_mixin.py:190} INFO - [2025-02-03T10:04:25.764+0000] {dag.py:3239} INFO - Sync 3 DAGs
[2025-02-03T10:04:25.803+0000] {logging_mixin.py:190} INFO - [2025-02-03T10:04:25.802+0000] {dag.py:4180} INFO - Setting next_dagrun for example_subdag_operator to 2022-01-01 00:00:00+00:00, run_after=2022-01-01 00:00:00+00:00
[2025-02-03T10:04:25.819+0000] {logging_mixin.py:190} INFO - [2025-02-03T10:04:25.813+0000] {dag.py:4180} INFO - Setting next_dagrun for example_subdag_operator.section-1 to None, run_after=None
[2025-02-03T10:04:25.821+0000] {logging_mixin.py:190} INFO - [2025-02-03T10:04:25.821+0000] {dag.py:4180} INFO - Setting next_dagrun for example_subdag_operator.section-2 to None, run_after=None
[2025-02-03T10:04:25.828+0000] {logging_mixin.py:190} INFO - [2025-02-03T10:04:25.828+0000] {dag.py:3239} INFO - Sync 2 DAGs
[2025-02-03T10:04:25.835+0000] {logging_mixin.py:190} INFO - [2025-02-03T10:04:25.834+0000] {dag.py:4180} INFO - Setting next_dagrun for example_subdag_operator.section-1 to None, run_after=None
[2025-02-03T10:04:25.835+0000] {logging_mixin.py:190} INFO - [2025-02-03T10:04:25.835+0000] {dag.py:4180} INFO - Setting next_dagrun for example_subdag_operator.section-2 to None, run_after=None
[2025-02-03T10:04:25.850+0000] {processor.py:208} INFO - Processing /home/airflow/.local/lib/python3.12/site-packages/airflow/example_dags/example_subdag_operator.py took 0.141 seconds
[2025-02-03T10:04:56.261+0000] {processor.py:186} INFO - Started process (PID=1250) to work on /home/airflow/.local/lib/python3.12/site-packages/airflow/example_dags/example_subdag_operator.py
[2025-02-03T10:04:56.262+0000] {processor.py:914} INFO - Processing file /home/airflow/.local/lib/python3.12/site-packages/airflow/example_dags/example_subdag_operator.py for tasks to queue
[2025-02-03T10:04:56.265+0000] {logging_mixin.py:190} INFO - [2025-02-03T10:04:56.264+0000] {dagbag.py:588} INFO - Filling up the DagBag from /home/airflow/.local/lib/python3.12/site-packages/airflow/example_dags/example_subdag_operator.py
[2025-02-03T10:04:56.288+0000] {processor.py:925} INFO - DAG(s) 'example_subdag_operator.section-1', 'example_subdag_operator.section-2', 'example_subdag_operator' retrieved from /home/airflow/.local/lib/python3.12/site-packages/airflow/example_dags/example_subdag_operator.py
[2025-02-03T10:04:56.302+0000] {logging_mixin.py:190} INFO - [2025-02-03T10:04:56.302+0000] {dag.py:3239} INFO - Sync 3 DAGs
[2025-02-03T10:04:56.326+0000] {logging_mixin.py:190} INFO - [2025-02-03T10:04:56.326+0000] {dag.py:4180} INFO - Setting next_dagrun for example_subdag_operator to 2022-01-01 00:00:00+00:00, run_after=2022-01-01 00:00:00+00:00
[2025-02-03T10:04:56.331+0000] {logging_mixin.py:190} INFO - [2025-02-03T10:04:56.331+0000] {dag.py:4180} INFO - Setting next_dagrun for example_subdag_operator.section-1 to None, run_after=None
[2025-02-03T10:04:56.332+0000] {logging_mixin.py:190} INFO - [2025-02-03T10:04:56.332+0000] {dag.py:4180} INFO - Setting next_dagrun for example_subdag_operator.section-2 to None, run_after=None
[2025-02-03T10:04:56.338+0000] {logging_mixin.py:190} INFO - [2025-02-03T10:04:56.338+0000] {dag.py:3239} INFO - Sync 2 DAGs
[2025-02-03T10:04:56.344+0000] {logging_mixin.py:190} INFO - [2025-02-03T10:04:56.343+0000] {dag.py:4180} INFO - Setting next_dagrun for example_subdag_operator.section-1 to None, run_after=None
[2025-02-03T10:04:56.344+0000] {logging_mixin.py:190} INFO - [2025-02-03T10:04:56.344+0000] {dag.py:4180} INFO - Setting next_dagrun for example_subdag_operator.section-2 to None, run_after=None
[2025-02-03T10:04:56.353+0000] {processor.py:208} INFO - Processing /home/airflow/.local/lib/python3.12/site-packages/airflow/example_dags/example_subdag_operator.py took 0.098 seconds
[2025-02-03T10:05:26.876+0000] {processor.py:186} INFO - Started process (PID=1308) to work on /home/airflow/.local/lib/python3.12/site-packages/airflow/example_dags/example_subdag_operator.py
[2025-02-03T10:05:26.878+0000] {processor.py:914} INFO - Processing file /home/airflow/.local/lib/python3.12/site-packages/airflow/example_dags/example_subdag_operator.py for tasks to queue
[2025-02-03T10:05:26.882+0000] {logging_mixin.py:190} INFO - [2025-02-03T10:05:26.882+0000] {dagbag.py:588} INFO - Filling up the DagBag from /home/airflow/.local/lib/python3.12/site-packages/airflow/example_dags/example_subdag_operator.py
[2025-02-03T10:05:26.910+0000] {processor.py:925} INFO - DAG(s) 'example_subdag_operator.section-1', 'example_subdag_operator.section-2', 'example_subdag_operator' retrieved from /home/airflow/.local/lib/python3.12/site-packages/airflow/example_dags/example_subdag_operator.py
[2025-02-03T10:05:26.923+0000] {logging_mixin.py:190} INFO - [2025-02-03T10:05:26.923+0000] {dag.py:3239} INFO - Sync 3 DAGs
[2025-02-03T10:05:26.943+0000] {logging_mixin.py:190} INFO - [2025-02-03T10:05:26.942+0000] {dag.py:4180} INFO - Setting next_dagrun for example_subdag_operator to 2022-01-01 00:00:00+00:00, run_after=2022-01-01 00:00:00+00:00
[2025-02-03T10:05:26.946+0000] {logging_mixin.py:190} INFO - [2025-02-03T10:05:26.946+0000] {dag.py:4180} INFO - Setting next_dagrun for example_subdag_operator.section-1 to None, run_after=None
[2025-02-03T10:05:26.947+0000] {logging_mixin.py:190} INFO - [2025-02-03T10:05:26.947+0000] {dag.py:4180} INFO - Setting next_dagrun for example_subdag_operator.section-2 to None, run_after=None
[2025-02-03T10:05:26.953+0000] {logging_mixin.py:190} INFO - [2025-02-03T10:05:26.952+0000] {dag.py:3239} INFO - Sync 2 DAGs
[2025-02-03T10:05:26.958+0000] {logging_mixin.py:190} INFO - [2025-02-03T10:05:26.957+0000] {dag.py:4180} INFO - Setting next_dagrun for example_subdag_operator.section-1 to None, run_after=None
[2025-02-03T10:05:26.958+0000] {logging_mixin.py:190} INFO - [2025-02-03T10:05:26.958+0000] {dag.py:4180} INFO - Setting next_dagrun for example_subdag_operator.section-2 to None, run_after=None
[2025-02-03T10:05:26.966+0000] {processor.py:208} INFO - Processing /home/airflow/.local/lib/python3.12/site-packages/airflow/example_dags/example_subdag_operator.py took 0.095 seconds
[2025-02-03T10:05:57.381+0000] {processor.py:186} INFO - Started process (PID=1372) to work on /home/airflow/.local/lib/python3.12/site-packages/airflow/example_dags/example_subdag_operator.py
[2025-02-03T10:05:57.382+0000] {processor.py:914} INFO - Processing file /home/airflow/.local/lib/python3.12/site-packages/airflow/example_dags/example_subdag_operator.py for tasks to queue
[2025-02-03T10:05:57.384+0000] {logging_mixin.py:190} INFO - [2025-02-03T10:05:57.384+0000] {dagbag.py:588} INFO - Filling up the DagBag from /home/airflow/.local/lib/python3.12/site-packages/airflow/example_dags/example_subdag_operator.py
[2025-02-03T10:05:57.403+0000] {processor.py:925} INFO - DAG(s) 'example_subdag_operator.section-1', 'example_subdag_operator.section-2', 'example_subdag_operator' retrieved from /home/airflow/.local/lib/python3.12/site-packages/airflow/example_dags/example_subdag_operator.py
[2025-02-03T10:05:57.417+0000] {logging_mixin.py:190} INFO - [2025-02-03T10:05:57.417+0000] {dag.py:3239} INFO - Sync 3 DAGs
[2025-02-03T10:05:57.437+0000] {logging_mixin.py:190} INFO - [2025-02-03T10:05:57.436+0000] {dag.py:4180} INFO - Setting next_dagrun for example_subdag_operator to 2022-01-01 00:00:00+00:00, run_after=2022-01-01 00:00:00+00:00
[2025-02-03T10:05:57.441+0000] {logging_mixin.py:190} INFO - [2025-02-03T10:05:57.441+0000] {dag.py:4180} INFO - Setting next_dagrun for example_subdag_operator.section-1 to None, run_after=None
[2025-02-03T10:05:57.442+0000] {logging_mixin.py:190} INFO - [2025-02-03T10:05:57.442+0000] {dag.py:4180} INFO - Setting next_dagrun for example_subdag_operator.section-2 to None, run_after=None
[2025-02-03T10:05:57.447+0000] {logging_mixin.py:190} INFO - [2025-02-03T10:05:57.447+0000] {dag.py:3239} INFO - Sync 2 DAGs
[2025-02-03T10:05:57.452+0000] {logging_mixin.py:190} INFO - [2025-02-03T10:05:57.452+0000] {dag.py:4180} INFO - Setting next_dagrun for example_subdag_operator.section-1 to None, run_after=None
[2025-02-03T10:05:57.453+0000] {logging_mixin.py:190} INFO - [2025-02-03T10:05:57.453+0000] {dag.py:4180} INFO - Setting next_dagrun for example_subdag_operator.section-2 to None, run_after=None
[2025-02-03T10:05:57.462+0000] {processor.py:208} INFO - Processing /home/airflow/.local/lib/python3.12/site-packages/airflow/example_dags/example_subdag_operator.py took 0.086 seconds
[2025-02-03T10:06:29.141+0000] {processor.py:186} INFO - Started process (PID=1436) to work on /home/airflow/.local/lib/python3.12/site-packages/airflow/example_dags/example_subdag_operator.py
[2025-02-03T10:06:29.142+0000] {processor.py:914} INFO - Processing file /home/airflow/.local/lib/python3.12/site-packages/airflow/example_dags/example_subdag_operator.py for tasks to queue
[2025-02-03T10:06:29.144+0000] {logging_mixin.py:190} INFO - [2025-02-03T10:06:29.144+0000] {dagbag.py:588} INFO - Filling up the DagBag from /home/airflow/.local/lib/python3.12/site-packages/airflow/example_dags/example_subdag_operator.py
[2025-02-03T10:06:29.169+0000] {processor.py:925} INFO - DAG(s) 'example_subdag_operator.section-1', 'example_subdag_operator.section-2', 'example_subdag_operator' retrieved from /home/airflow/.local/lib/python3.12/site-packages/airflow/example_dags/example_subdag_operator.py
[2025-02-03T10:06:29.181+0000] {logging_mixin.py:190} INFO - [2025-02-03T10:06:29.181+0000] {dag.py:3239} INFO - Sync 3 DAGs
[2025-02-03T10:06:29.199+0000] {logging_mixin.py:190} INFO - [2025-02-03T10:06:29.198+0000] {dag.py:4180} INFO - Setting next_dagrun for example_subdag_operator to 2022-01-01 00:00:00+00:00, run_after=2022-01-01 00:00:00+00:00
[2025-02-03T10:06:29.205+0000] {logging_mixin.py:190} INFO - [2025-02-03T10:06:29.205+0000] {dag.py:4180} INFO - Setting next_dagrun for example_subdag_operator.section-1 to None, run_after=None
[2025-02-03T10:06:29.207+0000] {logging_mixin.py:190} INFO - [2025-02-03T10:06:29.207+0000] {dag.py:4180} INFO - Setting next_dagrun for example_subdag_operator.section-2 to None, run_after=None
[2025-02-03T10:06:29.214+0000] {logging_mixin.py:190} INFO - [2025-02-03T10:06:29.214+0000] {dag.py:3239} INFO - Sync 2 DAGs
[2025-02-03T10:06:29.221+0000] {logging_mixin.py:190} INFO - [2025-02-03T10:06:29.220+0000] {dag.py:4180} INFO - Setting next_dagrun for example_subdag_operator.section-1 to None, run_after=None
[2025-02-03T10:06:29.221+0000] {logging_mixin.py:190} INFO - [2025-02-03T10:06:29.221+0000] {dag.py:4180} INFO - Setting next_dagrun for example_subdag_operator.section-2 to None, run_after=None
[2025-02-03T10:06:29.235+0000] {processor.py:208} INFO - Processing /home/airflow/.local/lib/python3.12/site-packages/airflow/example_dags/example_subdag_operator.py took 0.100 seconds
[2025-02-03T10:13:09.565+0000] {processor.py:186} INFO - Started process (PID=93) to work on /home/airflow/.local/lib/python3.12/site-packages/airflow/example_dags/example_subdag_operator.py
[2025-02-03T10:13:09.571+0000] {processor.py:914} INFO - Processing file /home/airflow/.local/lib/python3.12/site-packages/airflow/example_dags/example_subdag_operator.py for tasks to queue
[2025-02-03T10:13:09.574+0000] {logging_mixin.py:190} INFO - [2025-02-03T10:13:09.573+0000] {dagbag.py:588} INFO - Filling up the DagBag from /home/airflow/.local/lib/python3.12/site-packages/airflow/example_dags/example_subdag_operator.py
[2025-02-03T10:13:09.617+0000] {processor.py:925} INFO - DAG(s) 'example_subdag_operator.section-1', 'example_subdag_operator.section-2', 'example_subdag_operator' retrieved from /home/airflow/.local/lib/python3.12/site-packages/airflow/example_dags/example_subdag_operator.py
[2025-02-03T10:13:09.642+0000] {logging_mixin.py:190} INFO - [2025-02-03T10:13:09.641+0000] {dag.py:3239} INFO - Sync 3 DAGs
[2025-02-03T10:13:09.678+0000] {logging_mixin.py:190} INFO - [2025-02-03T10:13:09.678+0000] {dag.py:4180} INFO - Setting next_dagrun for example_subdag_operator to 2022-01-01 00:00:00+00:00, run_after=2022-01-01 00:00:00+00:00
[2025-02-03T10:13:09.683+0000] {logging_mixin.py:190} INFO - [2025-02-03T10:13:09.683+0000] {dag.py:4180} INFO - Setting next_dagrun for example_subdag_operator.section-1 to None, run_after=None
[2025-02-03T10:13:09.686+0000] {logging_mixin.py:190} INFO - [2025-02-03T10:13:09.685+0000] {dag.py:4180} INFO - Setting next_dagrun for example_subdag_operator.section-2 to None, run_after=None
[2025-02-03T10:13:09.699+0000] {logging_mixin.py:190} INFO - [2025-02-03T10:13:09.699+0000] {dag.py:3239} INFO - Sync 2 DAGs
[2025-02-03T10:13:09.713+0000] {logging_mixin.py:190} INFO - [2025-02-03T10:13:09.712+0000] {dag.py:4180} INFO - Setting next_dagrun for example_subdag_operator.section-1 to None, run_after=None
[2025-02-03T10:13:09.714+0000] {logging_mixin.py:190} INFO - [2025-02-03T10:13:09.713+0000] {dag.py:4180} INFO - Setting next_dagrun for example_subdag_operator.section-2 to None, run_after=None
[2025-02-03T10:13:09.733+0000] {processor.py:208} INFO - Processing /home/airflow/.local/lib/python3.12/site-packages/airflow/example_dags/example_subdag_operator.py took 0.176 seconds
[2025-02-03T10:13:39.859+0000] {processor.py:186} INFO - Started process (PID=157) to work on /home/airflow/.local/lib/python3.12/site-packages/airflow/example_dags/example_subdag_operator.py
[2025-02-03T10:13:39.861+0000] {processor.py:914} INFO - Processing file /home/airflow/.local/lib/python3.12/site-packages/airflow/example_dags/example_subdag_operator.py for tasks to queue
[2025-02-03T10:13:39.867+0000] {logging_mixin.py:190} INFO - [2025-02-03T10:13:39.866+0000] {dagbag.py:588} INFO - Filling up the DagBag from /home/airflow/.local/lib/python3.12/site-packages/airflow/example_dags/example_subdag_operator.py
[2025-02-03T10:13:39.895+0000] {processor.py:925} INFO - DAG(s) 'example_subdag_operator.section-1', 'example_subdag_operator.section-2', 'example_subdag_operator' retrieved from /home/airflow/.local/lib/python3.12/site-packages/airflow/example_dags/example_subdag_operator.py
[2025-02-03T10:13:39.911+0000] {logging_mixin.py:190} INFO - [2025-02-03T10:13:39.911+0000] {dag.py:3239} INFO - Sync 3 DAGs
[2025-02-03T10:13:39.934+0000] {logging_mixin.py:190} INFO - [2025-02-03T10:13:39.934+0000] {dag.py:4180} INFO - Setting next_dagrun for example_subdag_operator to 2022-01-01 00:00:00+00:00, run_after=2022-01-01 00:00:00+00:00
[2025-02-03T10:13:39.940+0000] {logging_mixin.py:190} INFO - [2025-02-03T10:13:39.940+0000] {dag.py:4180} INFO - Setting next_dagrun for example_subdag_operator.section-1 to None, run_after=None
[2025-02-03T10:13:39.943+0000] {logging_mixin.py:190} INFO - [2025-02-03T10:13:39.942+0000] {dag.py:4180} INFO - Setting next_dagrun for example_subdag_operator.section-2 to None, run_after=None
[2025-02-03T10:13:39.952+0000] {logging_mixin.py:190} INFO - [2025-02-03T10:13:39.952+0000] {dag.py:3239} INFO - Sync 2 DAGs
[2025-02-03T10:13:39.957+0000] {logging_mixin.py:190} INFO - [2025-02-03T10:13:39.957+0000] {dag.py:4180} INFO - Setting next_dagrun for example_subdag_operator.section-1 to None, run_after=None
[2025-02-03T10:13:39.958+0000] {logging_mixin.py:190} INFO - [2025-02-03T10:13:39.958+0000] {dag.py:4180} INFO - Setting next_dagrun for example_subdag_operator.section-2 to None, run_after=None
[2025-02-03T10:13:39.970+0000] {processor.py:208} INFO - Processing /home/airflow/.local/lib/python3.12/site-packages/airflow/example_dags/example_subdag_operator.py took 0.148 seconds
[2025-02-03T10:14:11.603+0000] {processor.py:186} INFO - Started process (PID=221) to work on /home/airflow/.local/lib/python3.12/site-packages/airflow/example_dags/example_subdag_operator.py
[2025-02-03T10:14:11.604+0000] {processor.py:914} INFO - Processing file /home/airflow/.local/lib/python3.12/site-packages/airflow/example_dags/example_subdag_operator.py for tasks to queue
[2025-02-03T10:14:11.607+0000] {logging_mixin.py:190} INFO - [2025-02-03T10:14:11.606+0000] {dagbag.py:588} INFO - Filling up the DagBag from /home/airflow/.local/lib/python3.12/site-packages/airflow/example_dags/example_subdag_operator.py
[2025-02-03T10:14:11.643+0000] {processor.py:925} INFO - DAG(s) 'example_subdag_operator.section-1', 'example_subdag_operator.section-2', 'example_subdag_operator' retrieved from /home/airflow/.local/lib/python3.12/site-packages/airflow/example_dags/example_subdag_operator.py
[2025-02-03T10:14:11.663+0000] {logging_mixin.py:190} INFO - [2025-02-03T10:14:11.662+0000] {dag.py:3239} INFO - Sync 3 DAGs
[2025-02-03T10:14:11.690+0000] {logging_mixin.py:190} INFO - [2025-02-03T10:14:11.690+0000] {dag.py:4180} INFO - Setting next_dagrun for example_subdag_operator to 2022-01-01 00:00:00+00:00, run_after=2022-01-01 00:00:00+00:00
[2025-02-03T10:14:11.694+0000] {logging_mixin.py:190} INFO - [2025-02-03T10:14:11.694+0000] {dag.py:4180} INFO - Setting next_dagrun for example_subdag_operator.section-1 to None, run_after=None
[2025-02-03T10:14:11.696+0000] {logging_mixin.py:190} INFO - [2025-02-03T10:14:11.696+0000] {dag.py:4180} INFO - Setting next_dagrun for example_subdag_operator.section-2 to None, run_after=None
[2025-02-03T10:14:11.702+0000] {logging_mixin.py:190} INFO - [2025-02-03T10:14:11.702+0000] {dag.py:3239} INFO - Sync 2 DAGs
[2025-02-03T10:14:11.712+0000] {logging_mixin.py:190} INFO - [2025-02-03T10:14:11.712+0000] {dag.py:4180} INFO - Setting next_dagrun for example_subdag_operator.section-1 to None, run_after=None
[2025-02-03T10:14:11.713+0000] {logging_mixin.py:190} INFO - [2025-02-03T10:14:11.713+0000] {dag.py:4180} INFO - Setting next_dagrun for example_subdag_operator.section-2 to None, run_after=None
[2025-02-03T10:14:11.728+0000] {processor.py:208} INFO - Processing /home/airflow/.local/lib/python3.12/site-packages/airflow/example_dags/example_subdag_operator.py took 0.130 seconds
[2025-02-03T10:14:41.947+0000] {processor.py:186} INFO - Started process (PID=279) to work on /home/airflow/.local/lib/python3.12/site-packages/airflow/example_dags/example_subdag_operator.py
[2025-02-03T10:14:41.950+0000] {processor.py:914} INFO - Processing file /home/airflow/.local/lib/python3.12/site-packages/airflow/example_dags/example_subdag_operator.py for tasks to queue
[2025-02-03T10:14:41.958+0000] {logging_mixin.py:190} INFO - [2025-02-03T10:14:41.958+0000] {dagbag.py:588} INFO - Filling up the DagBag from /home/airflow/.local/lib/python3.12/site-packages/airflow/example_dags/example_subdag_operator.py
[2025-02-03T10:14:42.001+0000] {processor.py:925} INFO - DAG(s) 'example_subdag_operator.section-1', 'example_subdag_operator.section-2', 'example_subdag_operator' retrieved from /home/airflow/.local/lib/python3.12/site-packages/airflow/example_dags/example_subdag_operator.py
[2025-02-03T10:14:42.015+0000] {logging_mixin.py:190} INFO - [2025-02-03T10:14:42.015+0000] {dag.py:3239} INFO - Sync 3 DAGs
[2025-02-03T10:14:42.037+0000] {logging_mixin.py:190} INFO - [2025-02-03T10:14:42.036+0000] {dag.py:4180} INFO - Setting next_dagrun for example_subdag_operator to 2022-01-01 00:00:00+00:00, run_after=2022-01-01 00:00:00+00:00
[2025-02-03T10:14:42.042+0000] {logging_mixin.py:190} INFO - [2025-02-03T10:14:42.041+0000] {dag.py:4180} INFO - Setting next_dagrun for example_subdag_operator.section-1 to None, run_after=None
[2025-02-03T10:14:42.043+0000] {logging_mixin.py:190} INFO - [2025-02-03T10:14:42.043+0000] {dag.py:4180} INFO - Setting next_dagrun for example_subdag_operator.section-2 to None, run_after=None
[2025-02-03T10:14:42.048+0000] {logging_mixin.py:190} INFO - [2025-02-03T10:14:42.048+0000] {dag.py:3239} INFO - Sync 2 DAGs
[2025-02-03T10:14:42.054+0000] {logging_mixin.py:190} INFO - [2025-02-03T10:14:42.053+0000] {dag.py:4180} INFO - Setting next_dagrun for example_subdag_operator.section-1 to None, run_after=None
[2025-02-03T10:14:42.057+0000] {logging_mixin.py:190} INFO - [2025-02-03T10:14:42.056+0000] {dag.py:4180} INFO - Setting next_dagrun for example_subdag_operator.section-2 to None, run_after=None
[2025-02-03T10:14:42.076+0000] {processor.py:208} INFO - Processing /home/airflow/.local/lib/python3.12/site-packages/airflow/example_dags/example_subdag_operator.py took 0.137 seconds
[2025-02-03T10:15:12.298+0000] {processor.py:186} INFO - Started process (PID=344) to work on /home/airflow/.local/lib/python3.12/site-packages/airflow/example_dags/example_subdag_operator.py
[2025-02-03T10:15:12.299+0000] {processor.py:914} INFO - Processing file /home/airflow/.local/lib/python3.12/site-packages/airflow/example_dags/example_subdag_operator.py for tasks to queue
[2025-02-03T10:15:12.301+0000] {logging_mixin.py:190} INFO - [2025-02-03T10:15:12.301+0000] {dagbag.py:588} INFO - Filling up the DagBag from /home/airflow/.local/lib/python3.12/site-packages/airflow/example_dags/example_subdag_operator.py
[2025-02-03T10:15:12.336+0000] {processor.py:925} INFO - DAG(s) 'example_subdag_operator.section-1', 'example_subdag_operator.section-2', 'example_subdag_operator' retrieved from /home/airflow/.local/lib/python3.12/site-packages/airflow/example_dags/example_subdag_operator.py
[2025-02-03T10:15:12.349+0000] {logging_mixin.py:190} INFO - [2025-02-03T10:15:12.349+0000] {dag.py:3239} INFO - Sync 3 DAGs
[2025-02-03T10:15:12.372+0000] {logging_mixin.py:190} INFO - [2025-02-03T10:15:12.372+0000] {dag.py:4180} INFO - Setting next_dagrun for example_subdag_operator to 2022-01-01 00:00:00+00:00, run_after=2022-01-01 00:00:00+00:00
[2025-02-03T10:15:12.375+0000] {logging_mixin.py:190} INFO - [2025-02-03T10:15:12.375+0000] {dag.py:4180} INFO - Setting next_dagrun for example_subdag_operator.section-1 to None, run_after=None
[2025-02-03T10:15:12.376+0000] {logging_mixin.py:190} INFO - [2025-02-03T10:15:12.376+0000] {dag.py:4180} INFO - Setting next_dagrun for example_subdag_operator.section-2 to None, run_after=None
[2025-02-03T10:15:12.385+0000] {logging_mixin.py:190} INFO - [2025-02-03T10:15:12.385+0000] {dag.py:3239} INFO - Sync 2 DAGs
[2025-02-03T10:15:12.391+0000] {logging_mixin.py:190} INFO - [2025-02-03T10:15:12.391+0000] {dag.py:4180} INFO - Setting next_dagrun for example_subdag_operator.section-1 to None, run_after=None
[2025-02-03T10:15:12.392+0000] {logging_mixin.py:190} INFO - [2025-02-03T10:15:12.392+0000] {dag.py:4180} INFO - Setting next_dagrun for example_subdag_operator.section-2 to None, run_after=None
[2025-02-03T10:15:12.404+0000] {processor.py:208} INFO - Processing /home/airflow/.local/lib/python3.12/site-packages/airflow/example_dags/example_subdag_operator.py took 0.113 seconds
[2025-02-03T10:15:42.930+0000] {processor.py:186} INFO - Started process (PID=408) to work on /home/airflow/.local/lib/python3.12/site-packages/airflow/example_dags/example_subdag_operator.py
[2025-02-03T10:15:42.931+0000] {processor.py:914} INFO - Processing file /home/airflow/.local/lib/python3.12/site-packages/airflow/example_dags/example_subdag_operator.py for tasks to queue
[2025-02-03T10:15:42.933+0000] {logging_mixin.py:190} INFO - [2025-02-03T10:15:42.933+0000] {dagbag.py:588} INFO - Filling up the DagBag from /home/airflow/.local/lib/python3.12/site-packages/airflow/example_dags/example_subdag_operator.py
[2025-02-03T10:15:42.957+0000] {processor.py:925} INFO - DAG(s) 'example_subdag_operator.section-1', 'example_subdag_operator.section-2', 'example_subdag_operator' retrieved from /home/airflow/.local/lib/python3.12/site-packages/airflow/example_dags/example_subdag_operator.py
[2025-02-03T10:15:42.970+0000] {logging_mixin.py:190} INFO - [2025-02-03T10:15:42.970+0000] {dag.py:3239} INFO - Sync 3 DAGs
[2025-02-03T10:15:42.996+0000] {logging_mixin.py:190} INFO - [2025-02-03T10:15:42.995+0000] {dag.py:4180} INFO - Setting next_dagrun for example_subdag_operator to 2022-01-01 00:00:00+00:00, run_after=2022-01-01 00:00:00+00:00
[2025-02-03T10:15:43.002+0000] {logging_mixin.py:190} INFO - [2025-02-03T10:15:43.001+0000] {dag.py:4180} INFO - Setting next_dagrun for example_subdag_operator.section-1 to None, run_after=None
[2025-02-03T10:15:43.004+0000] {logging_mixin.py:190} INFO - [2025-02-03T10:15:43.003+0000] {dag.py:4180} INFO - Setting next_dagrun for example_subdag_operator.section-2 to None, run_after=None
[2025-02-03T10:15:43.014+0000] {logging_mixin.py:190} INFO - [2025-02-03T10:15:43.014+0000] {dag.py:3239} INFO - Sync 2 DAGs
[2025-02-03T10:15:43.021+0000] {logging_mixin.py:190} INFO - [2025-02-03T10:15:43.021+0000] {dag.py:4180} INFO - Setting next_dagrun for example_subdag_operator.section-1 to None, run_after=None
[2025-02-03T10:15:43.022+0000] {logging_mixin.py:190} INFO - [2025-02-03T10:15:43.022+0000] {dag.py:4180} INFO - Setting next_dagrun for example_subdag_operator.section-2 to None, run_after=None
[2025-02-03T10:15:43.034+0000] {processor.py:208} INFO - Processing /home/airflow/.local/lib/python3.12/site-packages/airflow/example_dags/example_subdag_operator.py took 0.110 seconds
[2025-02-03T10:16:14.802+0000] {processor.py:186} INFO - Started process (PID=472) to work on /home/airflow/.local/lib/python3.12/site-packages/airflow/example_dags/example_subdag_operator.py
[2025-02-03T10:16:14.803+0000] {processor.py:914} INFO - Processing file /home/airflow/.local/lib/python3.12/site-packages/airflow/example_dags/example_subdag_operator.py for tasks to queue
[2025-02-03T10:16:14.805+0000] {logging_mixin.py:190} INFO - [2025-02-03T10:16:14.805+0000] {dagbag.py:588} INFO - Filling up the DagBag from /home/airflow/.local/lib/python3.12/site-packages/airflow/example_dags/example_subdag_operator.py
[2025-02-03T10:16:14.828+0000] {processor.py:925} INFO - DAG(s) 'example_subdag_operator.section-1', 'example_subdag_operator.section-2', 'example_subdag_operator' retrieved from /home/airflow/.local/lib/python3.12/site-packages/airflow/example_dags/example_subdag_operator.py
[2025-02-03T10:16:14.843+0000] {logging_mixin.py:190} INFO - [2025-02-03T10:16:14.843+0000] {dag.py:3239} INFO - Sync 3 DAGs
[2025-02-03T10:16:14.863+0000] {logging_mixin.py:190} INFO - [2025-02-03T10:16:14.862+0000] {dag.py:4180} INFO - Setting next_dagrun for example_subdag_operator to 2022-01-01 00:00:00+00:00, run_after=2022-01-01 00:00:00+00:00
[2025-02-03T10:16:14.867+0000] {logging_mixin.py:190} INFO - [2025-02-03T10:16:14.866+0000] {dag.py:4180} INFO - Setting next_dagrun for example_subdag_operator.section-1 to None, run_after=None
[2025-02-03T10:16:14.869+0000] {logging_mixin.py:190} INFO - [2025-02-03T10:16:14.868+0000] {dag.py:4180} INFO - Setting next_dagrun for example_subdag_operator.section-2 to None, run_after=None
[2025-02-03T10:16:14.876+0000] {logging_mixin.py:190} INFO - [2025-02-03T10:16:14.876+0000] {dag.py:3239} INFO - Sync 2 DAGs
[2025-02-03T10:16:14.883+0000] {logging_mixin.py:190} INFO - [2025-02-03T10:16:14.882+0000] {dag.py:4180} INFO - Setting next_dagrun for example_subdag_operator.section-1 to None, run_after=None
[2025-02-03T10:16:14.883+0000] {logging_mixin.py:190} INFO - [2025-02-03T10:16:14.883+0000] {dag.py:4180} INFO - Setting next_dagrun for example_subdag_operator.section-2 to None, run_after=None
[2025-02-03T10:16:14.894+0000] {processor.py:208} INFO - Processing /home/airflow/.local/lib/python3.12/site-packages/airflow/example_dags/example_subdag_operator.py took 0.097 seconds
[2025-02-03T10:16:46.309+0000] {processor.py:186} INFO - Started process (PID=537) to work on /home/airflow/.local/lib/python3.12/site-packages/airflow/example_dags/example_subdag_operator.py
[2025-02-03T10:16:46.310+0000] {processor.py:914} INFO - Processing file /home/airflow/.local/lib/python3.12/site-packages/airflow/example_dags/example_subdag_operator.py for tasks to queue
[2025-02-03T10:16:46.319+0000] {logging_mixin.py:190} INFO - [2025-02-03T10:16:46.318+0000] {dagbag.py:588} INFO - Filling up the DagBag from /home/airflow/.local/lib/python3.12/site-packages/airflow/example_dags/example_subdag_operator.py
[2025-02-03T10:16:46.347+0000] {processor.py:925} INFO - DAG(s) 'example_subdag_operator.section-1', 'example_subdag_operator.section-2', 'example_subdag_operator' retrieved from /home/airflow/.local/lib/python3.12/site-packages/airflow/example_dags/example_subdag_operator.py
[2025-02-03T10:16:46.360+0000] {logging_mixin.py:190} INFO - [2025-02-03T10:16:46.359+0000] {dag.py:3239} INFO - Sync 3 DAGs
[2025-02-03T10:16:46.379+0000] {logging_mixin.py:190} INFO - [2025-02-03T10:16:46.378+0000] {dag.py:4180} INFO - Setting next_dagrun for example_subdag_operator to 2022-01-01 00:00:00+00:00, run_after=2022-01-01 00:00:00+00:00
[2025-02-03T10:16:46.383+0000] {logging_mixin.py:190} INFO - [2025-02-03T10:16:46.383+0000] {dag.py:4180} INFO - Setting next_dagrun for example_subdag_operator.section-1 to None, run_after=None
[2025-02-03T10:16:46.388+0000] {logging_mixin.py:190} INFO - [2025-02-03T10:16:46.388+0000] {dag.py:4180} INFO - Setting next_dagrun for example_subdag_operator.section-2 to None, run_after=None
[2025-02-03T10:16:46.394+0000] {logging_mixin.py:190} INFO - [2025-02-03T10:16:46.394+0000] {dag.py:3239} INFO - Sync 2 DAGs
[2025-02-03T10:16:46.400+0000] {logging_mixin.py:190} INFO - [2025-02-03T10:16:46.398+0000] {dag.py:4180} INFO - Setting next_dagrun for example_subdag_operator.section-1 to None, run_after=None
[2025-02-03T10:16:46.400+0000] {logging_mixin.py:190} INFO - [2025-02-03T10:16:46.400+0000] {dag.py:4180} INFO - Setting next_dagrun for example_subdag_operator.section-2 to None, run_after=None
[2025-02-03T10:16:46.413+0000] {processor.py:208} INFO - Processing /home/airflow/.local/lib/python3.12/site-packages/airflow/example_dags/example_subdag_operator.py took 0.109 seconds
[2025-02-03T10:17:18.442+0000] {processor.py:186} INFO - Started process (PID=601) to work on /home/airflow/.local/lib/python3.12/site-packages/airflow/example_dags/example_subdag_operator.py
[2025-02-03T10:17:18.444+0000] {processor.py:914} INFO - Processing file /home/airflow/.local/lib/python3.12/site-packages/airflow/example_dags/example_subdag_operator.py for tasks to queue
[2025-02-03T10:17:18.447+0000] {logging_mixin.py:190} INFO - [2025-02-03T10:17:18.446+0000] {dagbag.py:588} INFO - Filling up the DagBag from /home/airflow/.local/lib/python3.12/site-packages/airflow/example_dags/example_subdag_operator.py
[2025-02-03T10:17:18.484+0000] {processor.py:925} INFO - DAG(s) 'example_subdag_operator.section-1', 'example_subdag_operator.section-2', 'example_subdag_operator' retrieved from /home/airflow/.local/lib/python3.12/site-packages/airflow/example_dags/example_subdag_operator.py
[2025-02-03T10:17:18.499+0000] {logging_mixin.py:190} INFO - [2025-02-03T10:17:18.498+0000] {dag.py:3239} INFO - Sync 3 DAGs
[2025-02-03T10:17:18.551+0000] {logging_mixin.py:190} INFO - [2025-02-03T10:17:18.551+0000] {dag.py:4180} INFO - Setting next_dagrun for example_subdag_operator to 2022-01-01 00:00:00+00:00, run_after=2022-01-01 00:00:00+00:00
[2025-02-03T10:17:18.561+0000] {logging_mixin.py:190} INFO - [2025-02-03T10:17:18.561+0000] {dag.py:4180} INFO - Setting next_dagrun for example_subdag_operator.section-1 to None, run_after=None
[2025-02-03T10:17:18.567+0000] {logging_mixin.py:190} INFO - [2025-02-03T10:17:18.566+0000] {dag.py:4180} INFO - Setting next_dagrun for example_subdag_operator.section-2 to None, run_after=None
[2025-02-03T10:17:18.583+0000] {logging_mixin.py:190} INFO - [2025-02-03T10:17:18.582+0000] {dag.py:3239} INFO - Sync 2 DAGs
[2025-02-03T10:17:18.592+0000] {logging_mixin.py:190} INFO - [2025-02-03T10:17:18.592+0000] {dag.py:4180} INFO - Setting next_dagrun for example_subdag_operator.section-1 to None, run_after=None
[2025-02-03T10:17:18.594+0000] {logging_mixin.py:190} INFO - [2025-02-03T10:17:18.594+0000] {dag.py:4180} INFO - Setting next_dagrun for example_subdag_operator.section-2 to None, run_after=None
[2025-02-03T10:17:18.624+0000] {processor.py:208} INFO - Processing /home/airflow/.local/lib/python3.12/site-packages/airflow/example_dags/example_subdag_operator.py took 0.187 seconds
[2025-02-03T10:17:49.538+0000] {processor.py:186} INFO - Started process (PID=666) to work on /home/airflow/.local/lib/python3.12/site-packages/airflow/example_dags/example_subdag_operator.py
[2025-02-03T10:17:49.539+0000] {processor.py:914} INFO - Processing file /home/airflow/.local/lib/python3.12/site-packages/airflow/example_dags/example_subdag_operator.py for tasks to queue
[2025-02-03T10:17:49.541+0000] {logging_mixin.py:190} INFO - [2025-02-03T10:17:49.541+0000] {dagbag.py:588} INFO - Filling up the DagBag from /home/airflow/.local/lib/python3.12/site-packages/airflow/example_dags/example_subdag_operator.py
[2025-02-03T10:17:49.565+0000] {processor.py:925} INFO - DAG(s) 'example_subdag_operator.section-1', 'example_subdag_operator.section-2', 'example_subdag_operator' retrieved from /home/airflow/.local/lib/python3.12/site-packages/airflow/example_dags/example_subdag_operator.py
[2025-02-03T10:17:49.577+0000] {logging_mixin.py:190} INFO - [2025-02-03T10:17:49.577+0000] {dag.py:3239} INFO - Sync 3 DAGs
[2025-02-03T10:17:49.597+0000] {logging_mixin.py:190} INFO - [2025-02-03T10:17:49.597+0000] {dag.py:4180} INFO - Setting next_dagrun for example_subdag_operator to 2022-01-01 00:00:00+00:00, run_after=2022-01-01 00:00:00+00:00
[2025-02-03T10:17:49.600+0000] {logging_mixin.py:190} INFO - [2025-02-03T10:17:49.600+0000] {dag.py:4180} INFO - Setting next_dagrun for example_subdag_operator.section-1 to None, run_after=None
[2025-02-03T10:17:49.602+0000] {logging_mixin.py:190} INFO - [2025-02-03T10:17:49.602+0000] {dag.py:4180} INFO - Setting next_dagrun for example_subdag_operator.section-2 to None, run_after=None
[2025-02-03T10:17:49.608+0000] {logging_mixin.py:190} INFO - [2025-02-03T10:17:49.608+0000] {dag.py:3239} INFO - Sync 2 DAGs
[2025-02-03T10:17:49.614+0000] {logging_mixin.py:190} INFO - [2025-02-03T10:17:49.614+0000] {dag.py:4180} INFO - Setting next_dagrun for example_subdag_operator.section-1 to None, run_after=None
[2025-02-03T10:17:49.615+0000] {logging_mixin.py:190} INFO - [2025-02-03T10:17:49.615+0000] {dag.py:4180} INFO - Setting next_dagrun for example_subdag_operator.section-2 to None, run_after=None
[2025-02-03T10:17:49.624+0000] {processor.py:208} INFO - Processing /home/airflow/.local/lib/python3.12/site-packages/airflow/example_dags/example_subdag_operator.py took 0.090 seconds
[2025-02-03T10:18:19.959+0000] {processor.py:186} INFO - Started process (PID=731) to work on /home/airflow/.local/lib/python3.12/site-packages/airflow/example_dags/example_subdag_operator.py
[2025-02-03T10:18:19.960+0000] {processor.py:914} INFO - Processing file /home/airflow/.local/lib/python3.12/site-packages/airflow/example_dags/example_subdag_operator.py for tasks to queue
[2025-02-03T10:18:19.963+0000] {logging_mixin.py:190} INFO - [2025-02-03T10:18:19.963+0000] {dagbag.py:588} INFO - Filling up the DagBag from /home/airflow/.local/lib/python3.12/site-packages/airflow/example_dags/example_subdag_operator.py
[2025-02-03T10:18:19.990+0000] {processor.py:925} INFO - DAG(s) 'example_subdag_operator.section-1', 'example_subdag_operator.section-2', 'example_subdag_operator' retrieved from /home/airflow/.local/lib/python3.12/site-packages/airflow/example_dags/example_subdag_operator.py
[2025-02-03T10:18:20.004+0000] {logging_mixin.py:190} INFO - [2025-02-03T10:18:20.004+0000] {dag.py:3239} INFO - Sync 3 DAGs
[2025-02-03T10:18:20.023+0000] {logging_mixin.py:190} INFO - [2025-02-03T10:18:20.023+0000] {dag.py:4180} INFO - Setting next_dagrun for example_subdag_operator to 2022-01-01 00:00:00+00:00, run_after=2022-01-01 00:00:00+00:00
[2025-02-03T10:18:20.027+0000] {logging_mixin.py:190} INFO - [2025-02-03T10:18:20.026+0000] {dag.py:4180} INFO - Setting next_dagrun for example_subdag_operator.section-1 to None, run_after=None
[2025-02-03T10:18:20.029+0000] {logging_mixin.py:190} INFO - [2025-02-03T10:18:20.028+0000] {dag.py:4180} INFO - Setting next_dagrun for example_subdag_operator.section-2 to None, run_after=None
[2025-02-03T10:18:20.034+0000] {logging_mixin.py:190} INFO - [2025-02-03T10:18:20.034+0000] {dag.py:3239} INFO - Sync 2 DAGs
[2025-02-03T10:18:20.038+0000] {logging_mixin.py:190} INFO - [2025-02-03T10:18:20.038+0000] {dag.py:4180} INFO - Setting next_dagrun for example_subdag_operator.section-1 to None, run_after=None
[2025-02-03T10:18:20.039+0000] {logging_mixin.py:190} INFO - [2025-02-03T10:18:20.039+0000] {dag.py:4180} INFO - Setting next_dagrun for example_subdag_operator.section-2 to None, run_after=None
[2025-02-03T10:18:20.050+0000] {processor.py:208} INFO - Processing /home/airflow/.local/lib/python3.12/site-packages/airflow/example_dags/example_subdag_operator.py took 0.096 seconds
[2025-02-03T10:18:50.498+0000] {processor.py:186} INFO - Started process (PID=795) to work on /home/airflow/.local/lib/python3.12/site-packages/airflow/example_dags/example_subdag_operator.py
[2025-02-03T10:18:50.499+0000] {processor.py:914} INFO - Processing file /home/airflow/.local/lib/python3.12/site-packages/airflow/example_dags/example_subdag_operator.py for tasks to queue
[2025-02-03T10:18:50.502+0000] {logging_mixin.py:190} INFO - [2025-02-03T10:18:50.502+0000] {dagbag.py:588} INFO - Filling up the DagBag from /home/airflow/.local/lib/python3.12/site-packages/airflow/example_dags/example_subdag_operator.py
[2025-02-03T10:18:50.524+0000] {processor.py:925} INFO - DAG(s) 'example_subdag_operator.section-1', 'example_subdag_operator.section-2', 'example_subdag_operator' retrieved from /home/airflow/.local/lib/python3.12/site-packages/airflow/example_dags/example_subdag_operator.py
[2025-02-03T10:18:50.535+0000] {logging_mixin.py:190} INFO - [2025-02-03T10:18:50.535+0000] {dag.py:3239} INFO - Sync 3 DAGs
[2025-02-03T10:18:50.554+0000] {logging_mixin.py:190} INFO - [2025-02-03T10:18:50.554+0000] {dag.py:4180} INFO - Setting next_dagrun for example_subdag_operator to 2022-01-01 00:00:00+00:00, run_after=2022-01-01 00:00:00+00:00
[2025-02-03T10:18:50.558+0000] {logging_mixin.py:190} INFO - [2025-02-03T10:18:50.558+0000] {dag.py:4180} INFO - Setting next_dagrun for example_subdag_operator.section-1 to None, run_after=None
[2025-02-03T10:18:50.560+0000] {logging_mixin.py:190} INFO - [2025-02-03T10:18:50.559+0000] {dag.py:4180} INFO - Setting next_dagrun for example_subdag_operator.section-2 to None, run_after=None
[2025-02-03T10:18:50.567+0000] {logging_mixin.py:190} INFO - [2025-02-03T10:18:50.567+0000] {dag.py:3239} INFO - Sync 2 DAGs
[2025-02-03T10:18:50.573+0000] {logging_mixin.py:190} INFO - [2025-02-03T10:18:50.573+0000] {dag.py:4180} INFO - Setting next_dagrun for example_subdag_operator.section-1 to None, run_after=None
[2025-02-03T10:18:50.574+0000] {logging_mixin.py:190} INFO - [2025-02-03T10:18:50.574+0000] {dag.py:4180} INFO - Setting next_dagrun for example_subdag_operator.section-2 to None, run_after=None
[2025-02-03T10:18:50.583+0000] {processor.py:208} INFO - Processing /home/airflow/.local/lib/python3.12/site-packages/airflow/example_dags/example_subdag_operator.py took 0.090 seconds
[2025-02-03T10:19:23.747+0000] {processor.py:186} INFO - Started process (PID=859) to work on /home/airflow/.local/lib/python3.12/site-packages/airflow/example_dags/example_subdag_operator.py
[2025-02-03T10:19:23.748+0000] {processor.py:914} INFO - Processing file /home/airflow/.local/lib/python3.12/site-packages/airflow/example_dags/example_subdag_operator.py for tasks to queue
[2025-02-03T10:19:23.751+0000] {logging_mixin.py:190} INFO - [2025-02-03T10:19:23.750+0000] {dagbag.py:588} INFO - Filling up the DagBag from /home/airflow/.local/lib/python3.12/site-packages/airflow/example_dags/example_subdag_operator.py
[2025-02-03T10:19:23.779+0000] {processor.py:925} INFO - DAG(s) 'example_subdag_operator.section-1', 'example_subdag_operator.section-2', 'example_subdag_operator' retrieved from /home/airflow/.local/lib/python3.12/site-packages/airflow/example_dags/example_subdag_operator.py
[2025-02-03T10:19:23.794+0000] {logging_mixin.py:190} INFO - [2025-02-03T10:19:23.794+0000] {dag.py:3239} INFO - Sync 3 DAGs
[2025-02-03T10:19:23.827+0000] {logging_mixin.py:190} INFO - [2025-02-03T10:19:23.826+0000] {dag.py:4180} INFO - Setting next_dagrun for example_subdag_operator to 2022-01-01 00:00:00+00:00, run_after=2022-01-01 00:00:00+00:00
[2025-02-03T10:19:23.835+0000] {logging_mixin.py:190} INFO - [2025-02-03T10:19:23.835+0000] {dag.py:4180} INFO - Setting next_dagrun for example_subdag_operator.section-1 to None, run_after=None
[2025-02-03T10:19:23.848+0000] {logging_mixin.py:190} INFO - [2025-02-03T10:19:23.848+0000] {dag.py:4180} INFO - Setting next_dagrun for example_subdag_operator.section-2 to None, run_after=None
[2025-02-03T10:19:23.860+0000] {logging_mixin.py:190} INFO - [2025-02-03T10:19:23.860+0000] {dag.py:3239} INFO - Sync 2 DAGs
[2025-02-03T10:19:23.868+0000] {logging_mixin.py:190} INFO - [2025-02-03T10:19:23.867+0000] {dag.py:4180} INFO - Setting next_dagrun for example_subdag_operator.section-1 to None, run_after=None
[2025-02-03T10:19:23.868+0000] {logging_mixin.py:190} INFO - [2025-02-03T10:19:23.868+0000] {dag.py:4180} INFO - Setting next_dagrun for example_subdag_operator.section-2 to None, run_after=None
[2025-02-03T10:19:23.882+0000] {processor.py:208} INFO - Processing /home/airflow/.local/lib/python3.12/site-packages/airflow/example_dags/example_subdag_operator.py took 0.143 seconds
[2025-02-03T10:19:56.305+0000] {processor.py:186} INFO - Started process (PID=923) to work on /home/airflow/.local/lib/python3.12/site-packages/airflow/example_dags/example_subdag_operator.py
[2025-02-03T10:19:56.306+0000] {processor.py:914} INFO - Processing file /home/airflow/.local/lib/python3.12/site-packages/airflow/example_dags/example_subdag_operator.py for tasks to queue
[2025-02-03T10:19:56.309+0000] {logging_mixin.py:190} INFO - [2025-02-03T10:19:56.308+0000] {dagbag.py:588} INFO - Filling up the DagBag from /home/airflow/.local/lib/python3.12/site-packages/airflow/example_dags/example_subdag_operator.py
[2025-02-03T10:19:56.335+0000] {processor.py:925} INFO - DAG(s) 'example_subdag_operator.section-1', 'example_subdag_operator.section-2', 'example_subdag_operator' retrieved from /home/airflow/.local/lib/python3.12/site-packages/airflow/example_dags/example_subdag_operator.py
[2025-02-03T10:19:56.350+0000] {logging_mixin.py:190} INFO - [2025-02-03T10:19:56.349+0000] {dag.py:3239} INFO - Sync 3 DAGs
[2025-02-03T10:19:56.368+0000] {logging_mixin.py:190} INFO - [2025-02-03T10:19:56.368+0000] {dag.py:4180} INFO - Setting next_dagrun for example_subdag_operator to 2022-01-01 00:00:00+00:00, run_after=2022-01-01 00:00:00+00:00
[2025-02-03T10:19:56.371+0000] {logging_mixin.py:190} INFO - [2025-02-03T10:19:56.371+0000] {dag.py:4180} INFO - Setting next_dagrun for example_subdag_operator.section-1 to None, run_after=None
[2025-02-03T10:19:56.373+0000] {logging_mixin.py:190} INFO - [2025-02-03T10:19:56.373+0000] {dag.py:4180} INFO - Setting next_dagrun for example_subdag_operator.section-2 to None, run_after=None
[2025-02-03T10:19:56.378+0000] {logging_mixin.py:190} INFO - [2025-02-03T10:19:56.378+0000] {dag.py:3239} INFO - Sync 2 DAGs
[2025-02-03T10:19:56.383+0000] {logging_mixin.py:190} INFO - [2025-02-03T10:19:56.383+0000] {dag.py:4180} INFO - Setting next_dagrun for example_subdag_operator.section-1 to None, run_after=None
[2025-02-03T10:19:56.384+0000] {logging_mixin.py:190} INFO - [2025-02-03T10:19:56.384+0000] {dag.py:4180} INFO - Setting next_dagrun for example_subdag_operator.section-2 to None, run_after=None
[2025-02-03T10:19:56.393+0000] {processor.py:208} INFO - Processing /home/airflow/.local/lib/python3.12/site-packages/airflow/example_dags/example_subdag_operator.py took 0.093 seconds
