[2025-02-03T09:44:36.221+0000] {processor.py:186} INFO - Started process (PID=82) to work on /home/airflow/.local/lib/python3.12/site-packages/airflow/example_dags/example_trigger_target_dag.py
[2025-02-03T09:44:36.222+0000] {processor.py:914} INFO - Processing file /home/airflow/.local/lib/python3.12/site-packages/airflow/example_dags/example_trigger_target_dag.py for tasks to queue
[2025-02-03T09:44:36.224+0000] {logging_mixin.py:190} INFO - [2025-02-03T09:44:36.224+0000] {dagbag.py:588} INFO - Filling up the DagBag from /home/airflow/.local/lib/python3.12/site-packages/airflow/example_dags/example_trigger_target_dag.py
[2025-02-03T09:44:36.232+0000] {processor.py:925} INFO - DAG(s) 'example_trigger_target_dag' retrieved from /home/airflow/.local/lib/python3.12/site-packages/airflow/example_dags/example_trigger_target_dag.py
[2025-02-03T09:44:36.315+0000] {logging_mixin.py:190} INFO - [2025-02-03T09:44:36.315+0000] {override.py:1911} INFO - Created Permission View: can edit on DAG:example_trigger_target_dag
[2025-02-03T09:44:36.331+0000] {logging_mixin.py:190} INFO - [2025-02-03T09:44:36.330+0000] {override.py:1911} INFO - Created Permission View: can read on DAG:example_trigger_target_dag
[2025-02-03T09:44:36.335+0000] {logging_mixin.py:190} INFO - [2025-02-03T09:44:36.335+0000] {override.py:1911} INFO - Created Permission View: can delete on DAG:example_trigger_target_dag
[2025-02-03T09:44:36.341+0000] {logging_mixin.py:190} INFO - [2025-02-03T09:44:36.341+0000] {override.py:1911} INFO - Created Permission View: can read on DAG Run:example_trigger_target_dag
[2025-02-03T09:44:36.347+0000] {logging_mixin.py:190} INFO - [2025-02-03T09:44:36.346+0000] {override.py:1911} INFO - Created Permission View: can delete on DAG Run:example_trigger_target_dag
[2025-02-03T09:44:36.352+0000] {logging_mixin.py:190} INFO - [2025-02-03T09:44:36.351+0000] {override.py:1911} INFO - Created Permission View: can create on DAG Run:example_trigger_target_dag
[2025-02-03T09:44:36.356+0000] {logging_mixin.py:190} INFO - [2025-02-03T09:44:36.356+0000] {override.py:1911} INFO - Created Permission View: menu access on DAG Run:example_trigger_target_dag
[2025-02-03T09:44:36.357+0000] {logging_mixin.py:190} INFO - [2025-02-03T09:44:36.357+0000] {dag.py:3239} INFO - Sync 1 DAGs
[2025-02-03T09:44:36.368+0000] {logging_mixin.py:190} INFO - [2025-02-03T09:44:36.368+0000] {dag.py:3262} INFO - Creating ORM DAG for example_trigger_target_dag
[2025-02-03T09:44:36.369+0000] {logging_mixin.py:190} INFO - [2025-02-03T09:44:36.369+0000] {dag.py:4180} INFO - Setting next_dagrun for example_trigger_target_dag to None, run_after=None
[2025-02-03T09:44:36.381+0000] {processor.py:208} INFO - Processing /home/airflow/.local/lib/python3.12/site-packages/airflow/example_dags/example_trigger_target_dag.py took 0.166 seconds
[2025-02-03T09:45:16.081+0000] {processor.py:186} INFO - Started process (PID=144) to work on /home/airflow/.local/lib/python3.12/site-packages/airflow/example_dags/example_trigger_target_dag.py
[2025-02-03T09:45:16.083+0000] {processor.py:914} INFO - Processing file /home/airflow/.local/lib/python3.12/site-packages/airflow/example_dags/example_trigger_target_dag.py for tasks to queue
[2025-02-03T09:45:16.092+0000] {logging_mixin.py:190} INFO - [2025-02-03T09:45:16.090+0000] {dagbag.py:588} INFO - Filling up the DagBag from /home/airflow/.local/lib/python3.12/site-packages/airflow/example_dags/example_trigger_target_dag.py
[2025-02-03T09:45:16.104+0000] {processor.py:925} INFO - DAG(s) 'example_trigger_target_dag' retrieved from /home/airflow/.local/lib/python3.12/site-packages/airflow/example_dags/example_trigger_target_dag.py
[2025-02-03T09:45:16.137+0000] {logging_mixin.py:190} INFO - [2025-02-03T09:45:16.137+0000] {dag.py:3239} INFO - Sync 1 DAGs
[2025-02-03T09:45:16.159+0000] {logging_mixin.py:190} INFO - [2025-02-03T09:45:16.158+0000] {dag.py:4180} INFO - Setting next_dagrun for example_trigger_target_dag to None, run_after=None
[2025-02-03T09:45:16.190+0000] {processor.py:208} INFO - Processing /home/airflow/.local/lib/python3.12/site-packages/airflow/example_dags/example_trigger_target_dag.py took 0.116 seconds
[2025-02-03T09:45:46.731+0000] {processor.py:186} INFO - Started process (PID=207) to work on /home/airflow/.local/lib/python3.12/site-packages/airflow/example_dags/example_trigger_target_dag.py
[2025-02-03T09:45:46.732+0000] {processor.py:914} INFO - Processing file /home/airflow/.local/lib/python3.12/site-packages/airflow/example_dags/example_trigger_target_dag.py for tasks to queue
[2025-02-03T09:45:46.734+0000] {logging_mixin.py:190} INFO - [2025-02-03T09:45:46.734+0000] {dagbag.py:588} INFO - Filling up the DagBag from /home/airflow/.local/lib/python3.12/site-packages/airflow/example_dags/example_trigger_target_dag.py
[2025-02-03T09:45:46.741+0000] {processor.py:925} INFO - DAG(s) 'example_trigger_target_dag' retrieved from /home/airflow/.local/lib/python3.12/site-packages/airflow/example_dags/example_trigger_target_dag.py
[2025-02-03T09:45:46.758+0000] {logging_mixin.py:190} INFO - [2025-02-03T09:45:46.758+0000] {dag.py:3239} INFO - Sync 1 DAGs
[2025-02-03T09:45:46.773+0000] {logging_mixin.py:190} INFO - [2025-02-03T09:45:46.772+0000] {dag.py:4180} INFO - Setting next_dagrun for example_trigger_target_dag to None, run_after=None
[2025-02-03T09:45:46.802+0000] {processor.py:208} INFO - Processing /home/airflow/.local/lib/python3.12/site-packages/airflow/example_dags/example_trigger_target_dag.py took 0.077 seconds
[2025-02-03T09:46:19.598+0000] {processor.py:186} INFO - Started process (PID=270) to work on /home/airflow/.local/lib/python3.12/site-packages/airflow/example_dags/example_trigger_target_dag.py
[2025-02-03T09:46:19.600+0000] {processor.py:914} INFO - Processing file /home/airflow/.local/lib/python3.12/site-packages/airflow/example_dags/example_trigger_target_dag.py for tasks to queue
[2025-02-03T09:46:19.602+0000] {logging_mixin.py:190} INFO - [2025-02-03T09:46:19.602+0000] {dagbag.py:588} INFO - Filling up the DagBag from /home/airflow/.local/lib/python3.12/site-packages/airflow/example_dags/example_trigger_target_dag.py
[2025-02-03T09:46:19.608+0000] {processor.py:925} INFO - DAG(s) 'example_trigger_target_dag' retrieved from /home/airflow/.local/lib/python3.12/site-packages/airflow/example_dags/example_trigger_target_dag.py
[2025-02-03T09:46:19.623+0000] {logging_mixin.py:190} INFO - [2025-02-03T09:46:19.623+0000] {dag.py:3239} INFO - Sync 1 DAGs
[2025-02-03T09:46:19.635+0000] {logging_mixin.py:190} INFO - [2025-02-03T09:46:19.635+0000] {dag.py:4180} INFO - Setting next_dagrun for example_trigger_target_dag to None, run_after=None
[2025-02-03T09:46:19.654+0000] {processor.py:208} INFO - Processing /home/airflow/.local/lib/python3.12/site-packages/airflow/example_dags/example_trigger_target_dag.py took 0.061 seconds
[2025-02-03T09:55:25.797+0000] {processor.py:186} INFO - Started process (PID=83) to work on /home/airflow/.local/lib/python3.12/site-packages/airflow/example_dags/example_trigger_target_dag.py
[2025-02-03T09:55:25.799+0000] {processor.py:914} INFO - Processing file /home/airflow/.local/lib/python3.12/site-packages/airflow/example_dags/example_trigger_target_dag.py for tasks to queue
[2025-02-03T09:55:25.801+0000] {logging_mixin.py:190} INFO - [2025-02-03T09:55:25.801+0000] {dagbag.py:588} INFO - Filling up the DagBag from /home/airflow/.local/lib/python3.12/site-packages/airflow/example_dags/example_trigger_target_dag.py
[2025-02-03T09:55:25.834+0000] {processor.py:925} INFO - DAG(s) 'example_trigger_target_dag' retrieved from /home/airflow/.local/lib/python3.12/site-packages/airflow/example_dags/example_trigger_target_dag.py
[2025-02-03T09:55:25.875+0000] {logging_mixin.py:190} INFO - [2025-02-03T09:55:25.874+0000] {dag.py:3239} INFO - Sync 1 DAGs
[2025-02-03T09:55:25.900+0000] {logging_mixin.py:190} INFO - [2025-02-03T09:55:25.899+0000] {dag.py:4180} INFO - Setting next_dagrun for example_trigger_target_dag to None, run_after=None
[2025-02-03T09:55:25.928+0000] {processor.py:208} INFO - Processing /home/airflow/.local/lib/python3.12/site-packages/airflow/example_dags/example_trigger_target_dag.py took 0.146 seconds
[2025-02-03T09:55:56.384+0000] {processor.py:186} INFO - Started process (PID=147) to work on /home/airflow/.local/lib/python3.12/site-packages/airflow/example_dags/example_trigger_target_dag.py
[2025-02-03T09:55:56.385+0000] {processor.py:914} INFO - Processing file /home/airflow/.local/lib/python3.12/site-packages/airflow/example_dags/example_trigger_target_dag.py for tasks to queue
[2025-02-03T09:55:56.388+0000] {logging_mixin.py:190} INFO - [2025-02-03T09:55:56.388+0000] {dagbag.py:588} INFO - Filling up the DagBag from /home/airflow/.local/lib/python3.12/site-packages/airflow/example_dags/example_trigger_target_dag.py
[2025-02-03T09:55:56.401+0000] {processor.py:925} INFO - DAG(s) 'example_trigger_target_dag' retrieved from /home/airflow/.local/lib/python3.12/site-packages/airflow/example_dags/example_trigger_target_dag.py
[2025-02-03T09:55:56.423+0000] {logging_mixin.py:190} INFO - [2025-02-03T09:55:56.423+0000] {dag.py:3239} INFO - Sync 1 DAGs
[2025-02-03T09:55:56.436+0000] {logging_mixin.py:190} INFO - [2025-02-03T09:55:56.436+0000] {dag.py:4180} INFO - Setting next_dagrun for example_trigger_target_dag to None, run_after=None
[2025-02-03T09:55:56.457+0000] {processor.py:208} INFO - Processing /home/airflow/.local/lib/python3.12/site-packages/airflow/example_dags/example_trigger_target_dag.py took 0.102 seconds
[2025-02-03T09:56:26.520+0000] {processor.py:186} INFO - Started process (PID=211) to work on /home/airflow/.local/lib/python3.12/site-packages/airflow/example_dags/example_trigger_target_dag.py
[2025-02-03T09:56:26.521+0000] {processor.py:914} INFO - Processing file /home/airflow/.local/lib/python3.12/site-packages/airflow/example_dags/example_trigger_target_dag.py for tasks to queue
[2025-02-03T09:56:26.523+0000] {logging_mixin.py:190} INFO - [2025-02-03T09:56:26.523+0000] {dagbag.py:588} INFO - Filling up the DagBag from /home/airflow/.local/lib/python3.12/site-packages/airflow/example_dags/example_trigger_target_dag.py
[2025-02-03T09:56:26.529+0000] {processor.py:925} INFO - DAG(s) 'example_trigger_target_dag' retrieved from /home/airflow/.local/lib/python3.12/site-packages/airflow/example_dags/example_trigger_target_dag.py
[2025-02-03T09:56:26.547+0000] {logging_mixin.py:190} INFO - [2025-02-03T09:56:26.547+0000] {dag.py:3239} INFO - Sync 1 DAGs
[2025-02-03T09:56:26.561+0000] {logging_mixin.py:190} INFO - [2025-02-03T09:56:26.561+0000] {dag.py:4180} INFO - Setting next_dagrun for example_trigger_target_dag to None, run_after=None
[2025-02-03T09:56:26.580+0000] {processor.py:208} INFO - Processing /home/airflow/.local/lib/python3.12/site-packages/airflow/example_dags/example_trigger_target_dag.py took 0.065 seconds
[2025-02-03T09:56:57.094+0000] {processor.py:186} INFO - Started process (PID=275) to work on /home/airflow/.local/lib/python3.12/site-packages/airflow/example_dags/example_trigger_target_dag.py
[2025-02-03T09:56:57.095+0000] {processor.py:914} INFO - Processing file /home/airflow/.local/lib/python3.12/site-packages/airflow/example_dags/example_trigger_target_dag.py for tasks to queue
[2025-02-03T09:56:57.097+0000] {logging_mixin.py:190} INFO - [2025-02-03T09:56:57.097+0000] {dagbag.py:588} INFO - Filling up the DagBag from /home/airflow/.local/lib/python3.12/site-packages/airflow/example_dags/example_trigger_target_dag.py
[2025-02-03T09:56:57.103+0000] {processor.py:925} INFO - DAG(s) 'example_trigger_target_dag' retrieved from /home/airflow/.local/lib/python3.12/site-packages/airflow/example_dags/example_trigger_target_dag.py
[2025-02-03T09:56:57.129+0000] {logging_mixin.py:190} INFO - [2025-02-03T09:56:57.129+0000] {dag.py:3239} INFO - Sync 1 DAGs
[2025-02-03T09:56:57.141+0000] {logging_mixin.py:190} INFO - [2025-02-03T09:56:57.141+0000] {dag.py:4180} INFO - Setting next_dagrun for example_trigger_target_dag to None, run_after=None
[2025-02-03T09:56:57.170+0000] {processor.py:208} INFO - Processing /home/airflow/.local/lib/python3.12/site-packages/airflow/example_dags/example_trigger_target_dag.py took 0.081 seconds
[2025-02-03T09:57:34.002+0000] {processor.py:186} INFO - Started process (PID=339) to work on /home/airflow/.local/lib/python3.12/site-packages/airflow/example_dags/example_trigger_target_dag.py
[2025-02-03T09:57:34.004+0000] {processor.py:914} INFO - Processing file /home/airflow/.local/lib/python3.12/site-packages/airflow/example_dags/example_trigger_target_dag.py for tasks to queue
[2025-02-03T09:57:34.007+0000] {logging_mixin.py:190} INFO - [2025-02-03T09:57:34.006+0000] {dagbag.py:588} INFO - Filling up the DagBag from /home/airflow/.local/lib/python3.12/site-packages/airflow/example_dags/example_trigger_target_dag.py
[2025-02-03T09:57:34.020+0000] {processor.py:925} INFO - DAG(s) 'example_trigger_target_dag' retrieved from /home/airflow/.local/lib/python3.12/site-packages/airflow/example_dags/example_trigger_target_dag.py
[2025-02-03T09:57:34.049+0000] {logging_mixin.py:190} INFO - [2025-02-03T09:57:34.048+0000] {dag.py:3239} INFO - Sync 1 DAGs
[2025-02-03T09:57:34.066+0000] {logging_mixin.py:190} INFO - [2025-02-03T09:57:34.066+0000] {dag.py:4180} INFO - Setting next_dagrun for example_trigger_target_dag to None, run_after=None
[2025-02-03T09:57:34.090+0000] {processor.py:208} INFO - Processing /home/airflow/.local/lib/python3.12/site-packages/airflow/example_dags/example_trigger_target_dag.py took 0.096 seconds
[2025-02-03T09:58:07.823+0000] {processor.py:186} INFO - Started process (PID=409) to work on /home/airflow/.local/lib/python3.12/site-packages/airflow/example_dags/example_trigger_target_dag.py
[2025-02-03T09:58:07.824+0000] {processor.py:914} INFO - Processing file /home/airflow/.local/lib/python3.12/site-packages/airflow/example_dags/example_trigger_target_dag.py for tasks to queue
[2025-02-03T09:58:07.827+0000] {logging_mixin.py:190} INFO - [2025-02-03T09:58:07.826+0000] {dagbag.py:588} INFO - Filling up the DagBag from /home/airflow/.local/lib/python3.12/site-packages/airflow/example_dags/example_trigger_target_dag.py
[2025-02-03T09:58:07.834+0000] {processor.py:925} INFO - DAG(s) 'example_trigger_target_dag' retrieved from /home/airflow/.local/lib/python3.12/site-packages/airflow/example_dags/example_trigger_target_dag.py
[2025-02-03T09:58:07.857+0000] {logging_mixin.py:190} INFO - [2025-02-03T09:58:07.856+0000] {dag.py:3239} INFO - Sync 1 DAGs
[2025-02-03T09:58:07.869+0000] {logging_mixin.py:190} INFO - [2025-02-03T09:58:07.869+0000] {dag.py:4180} INFO - Setting next_dagrun for example_trigger_target_dag to None, run_after=None
[2025-02-03T09:58:07.886+0000] {processor.py:208} INFO - Processing /home/airflow/.local/lib/python3.12/site-packages/airflow/example_dags/example_trigger_target_dag.py took 0.070 seconds
[2025-02-03T09:58:39.505+0000] {processor.py:186} INFO - Started process (PID=474) to work on /home/airflow/.local/lib/python3.12/site-packages/airflow/example_dags/example_trigger_target_dag.py
[2025-02-03T09:58:39.523+0000] {processor.py:914} INFO - Processing file /home/airflow/.local/lib/python3.12/site-packages/airflow/example_dags/example_trigger_target_dag.py for tasks to queue
[2025-02-03T09:58:39.526+0000] {logging_mixin.py:190} INFO - [2025-02-03T09:58:39.525+0000] {dagbag.py:588} INFO - Filling up the DagBag from /home/airflow/.local/lib/python3.12/site-packages/airflow/example_dags/example_trigger_target_dag.py
[2025-02-03T09:58:39.533+0000] {processor.py:925} INFO - DAG(s) 'example_trigger_target_dag' retrieved from /home/airflow/.local/lib/python3.12/site-packages/airflow/example_dags/example_trigger_target_dag.py
[2025-02-03T09:58:39.579+0000] {logging_mixin.py:190} INFO - [2025-02-03T09:58:39.579+0000] {dag.py:3239} INFO - Sync 1 DAGs
[2025-02-03T09:58:39.615+0000] {logging_mixin.py:190} INFO - [2025-02-03T09:58:39.614+0000] {dag.py:4180} INFO - Setting next_dagrun for example_trigger_target_dag to None, run_after=None
[2025-02-03T09:58:39.664+0000] {processor.py:208} INFO - Processing /home/airflow/.local/lib/python3.12/site-packages/airflow/example_dags/example_trigger_target_dag.py took 0.163 seconds
[2025-02-03T09:59:10.193+0000] {processor.py:186} INFO - Started process (PID=538) to work on /home/airflow/.local/lib/python3.12/site-packages/airflow/example_dags/example_trigger_target_dag.py
[2025-02-03T09:59:10.194+0000] {processor.py:914} INFO - Processing file /home/airflow/.local/lib/python3.12/site-packages/airflow/example_dags/example_trigger_target_dag.py for tasks to queue
[2025-02-03T09:59:10.196+0000] {logging_mixin.py:190} INFO - [2025-02-03T09:59:10.196+0000] {dagbag.py:588} INFO - Filling up the DagBag from /home/airflow/.local/lib/python3.12/site-packages/airflow/example_dags/example_trigger_target_dag.py
[2025-02-03T09:59:10.204+0000] {processor.py:925} INFO - DAG(s) 'example_trigger_target_dag' retrieved from /home/airflow/.local/lib/python3.12/site-packages/airflow/example_dags/example_trigger_target_dag.py
[2025-02-03T09:59:10.223+0000] {logging_mixin.py:190} INFO - [2025-02-03T09:59:10.223+0000] {dag.py:3239} INFO - Sync 1 DAGs
[2025-02-03T09:59:10.235+0000] {logging_mixin.py:190} INFO - [2025-02-03T09:59:10.235+0000] {dag.py:4180} INFO - Setting next_dagrun for example_trigger_target_dag to None, run_after=None
[2025-02-03T09:59:10.251+0000] {processor.py:208} INFO - Processing /home/airflow/.local/lib/python3.12/site-packages/airflow/example_dags/example_trigger_target_dag.py took 0.063 seconds
[2025-02-03T09:59:40.802+0000] {processor.py:186} INFO - Started process (PID=596) to work on /home/airflow/.local/lib/python3.12/site-packages/airflow/example_dags/example_trigger_target_dag.py
[2025-02-03T09:59:40.803+0000] {processor.py:914} INFO - Processing file /home/airflow/.local/lib/python3.12/site-packages/airflow/example_dags/example_trigger_target_dag.py for tasks to queue
[2025-02-03T09:59:40.805+0000] {logging_mixin.py:190} INFO - [2025-02-03T09:59:40.805+0000] {dagbag.py:588} INFO - Filling up the DagBag from /home/airflow/.local/lib/python3.12/site-packages/airflow/example_dags/example_trigger_target_dag.py
[2025-02-03T09:59:40.814+0000] {processor.py:925} INFO - DAG(s) 'example_trigger_target_dag' retrieved from /home/airflow/.local/lib/python3.12/site-packages/airflow/example_dags/example_trigger_target_dag.py
[2025-02-03T09:59:40.830+0000] {logging_mixin.py:190} INFO - [2025-02-03T09:59:40.830+0000] {dag.py:3239} INFO - Sync 1 DAGs
[2025-02-03T09:59:40.841+0000] {logging_mixin.py:190} INFO - [2025-02-03T09:59:40.841+0000] {dag.py:4180} INFO - Setting next_dagrun for example_trigger_target_dag to None, run_after=None
[2025-02-03T09:59:40.857+0000] {processor.py:208} INFO - Processing /home/airflow/.local/lib/python3.12/site-packages/airflow/example_dags/example_trigger_target_dag.py took 0.061 seconds
[2025-02-03T10:00:13.511+0000] {processor.py:186} INFO - Started process (PID=666) to work on /home/airflow/.local/lib/python3.12/site-packages/airflow/example_dags/example_trigger_target_dag.py
[2025-02-03T10:00:13.513+0000] {processor.py:914} INFO - Processing file /home/airflow/.local/lib/python3.12/site-packages/airflow/example_dags/example_trigger_target_dag.py for tasks to queue
[2025-02-03T10:00:13.515+0000] {logging_mixin.py:190} INFO - [2025-02-03T10:00:13.514+0000] {dagbag.py:588} INFO - Filling up the DagBag from /home/airflow/.local/lib/python3.12/site-packages/airflow/example_dags/example_trigger_target_dag.py
[2025-02-03T10:00:13.530+0000] {processor.py:925} INFO - DAG(s) 'example_trigger_target_dag' retrieved from /home/airflow/.local/lib/python3.12/site-packages/airflow/example_dags/example_trigger_target_dag.py
[2025-02-03T10:00:13.576+0000] {logging_mixin.py:190} INFO - [2025-02-03T10:00:13.576+0000] {dag.py:3239} INFO - Sync 1 DAGs
[2025-02-03T10:00:13.611+0000] {logging_mixin.py:190} INFO - [2025-02-03T10:00:13.610+0000] {dag.py:4180} INFO - Setting next_dagrun for example_trigger_target_dag to None, run_after=None
[2025-02-03T10:00:13.657+0000] {processor.py:208} INFO - Processing /home/airflow/.local/lib/python3.12/site-packages/airflow/example_dags/example_trigger_target_dag.py took 0.150 seconds
[2025-02-03T10:00:44.036+0000] {processor.py:186} INFO - Started process (PID=724) to work on /home/airflow/.local/lib/python3.12/site-packages/airflow/example_dags/example_trigger_target_dag.py
[2025-02-03T10:00:44.038+0000] {processor.py:914} INFO - Processing file /home/airflow/.local/lib/python3.12/site-packages/airflow/example_dags/example_trigger_target_dag.py for tasks to queue
[2025-02-03T10:00:44.041+0000] {logging_mixin.py:190} INFO - [2025-02-03T10:00:44.040+0000] {dagbag.py:588} INFO - Filling up the DagBag from /home/airflow/.local/lib/python3.12/site-packages/airflow/example_dags/example_trigger_target_dag.py
[2025-02-03T10:00:44.048+0000] {processor.py:925} INFO - DAG(s) 'example_trigger_target_dag' retrieved from /home/airflow/.local/lib/python3.12/site-packages/airflow/example_dags/example_trigger_target_dag.py
[2025-02-03T10:00:44.064+0000] {logging_mixin.py:190} INFO - [2025-02-03T10:00:44.064+0000] {dag.py:3239} INFO - Sync 1 DAGs
[2025-02-03T10:00:44.076+0000] {logging_mixin.py:190} INFO - [2025-02-03T10:00:44.076+0000] {dag.py:4180} INFO - Setting next_dagrun for example_trigger_target_dag to None, run_after=None
[2025-02-03T10:00:44.096+0000] {processor.py:208} INFO - Processing /home/airflow/.local/lib/python3.12/site-packages/airflow/example_dags/example_trigger_target_dag.py took 0.066 seconds
[2025-02-03T10:01:15.176+0000] {processor.py:186} INFO - Started process (PID=789) to work on /home/airflow/.local/lib/python3.12/site-packages/airflow/example_dags/example_trigger_target_dag.py
[2025-02-03T10:01:15.178+0000] {processor.py:914} INFO - Processing file /home/airflow/.local/lib/python3.12/site-packages/airflow/example_dags/example_trigger_target_dag.py for tasks to queue
[2025-02-03T10:01:15.182+0000] {logging_mixin.py:190} INFO - [2025-02-03T10:01:15.181+0000] {dagbag.py:588} INFO - Filling up the DagBag from /home/airflow/.local/lib/python3.12/site-packages/airflow/example_dags/example_trigger_target_dag.py
[2025-02-03T10:01:15.197+0000] {processor.py:925} INFO - DAG(s) 'example_trigger_target_dag' retrieved from /home/airflow/.local/lib/python3.12/site-packages/airflow/example_dags/example_trigger_target_dag.py
[2025-02-03T10:01:15.245+0000] {logging_mixin.py:190} INFO - [2025-02-03T10:01:15.245+0000] {dag.py:3239} INFO - Sync 1 DAGs
[2025-02-03T10:01:15.262+0000] {logging_mixin.py:190} INFO - [2025-02-03T10:01:15.261+0000] {dag.py:4180} INFO - Setting next_dagrun for example_trigger_target_dag to None, run_after=None
[2025-02-03T10:01:15.280+0000] {processor.py:208} INFO - Processing /home/airflow/.local/lib/python3.12/site-packages/airflow/example_dags/example_trigger_target_dag.py took 0.113 seconds
[2025-02-03T10:01:47.206+0000] {processor.py:186} INFO - Started process (PID=853) to work on /home/airflow/.local/lib/python3.12/site-packages/airflow/example_dags/example_trigger_target_dag.py
[2025-02-03T10:01:47.207+0000] {processor.py:914} INFO - Processing file /home/airflow/.local/lib/python3.12/site-packages/airflow/example_dags/example_trigger_target_dag.py for tasks to queue
[2025-02-03T10:01:47.209+0000] {logging_mixin.py:190} INFO - [2025-02-03T10:01:47.209+0000] {dagbag.py:588} INFO - Filling up the DagBag from /home/airflow/.local/lib/python3.12/site-packages/airflow/example_dags/example_trigger_target_dag.py
[2025-02-03T10:01:47.216+0000] {processor.py:925} INFO - DAG(s) 'example_trigger_target_dag' retrieved from /home/airflow/.local/lib/python3.12/site-packages/airflow/example_dags/example_trigger_target_dag.py
[2025-02-03T10:01:47.240+0000] {logging_mixin.py:190} INFO - [2025-02-03T10:01:47.239+0000] {dag.py:3239} INFO - Sync 1 DAGs
[2025-02-03T10:01:47.252+0000] {logging_mixin.py:190} INFO - [2025-02-03T10:01:47.252+0000] {dag.py:4180} INFO - Setting next_dagrun for example_trigger_target_dag to None, run_after=None
[2025-02-03T10:01:47.292+0000] {processor.py:208} INFO - Processing /home/airflow/.local/lib/python3.12/site-packages/airflow/example_dags/example_trigger_target_dag.py took 0.091 seconds
[2025-02-03T10:02:19.876+0000] {processor.py:186} INFO - Started process (PID=928) to work on /home/airflow/.local/lib/python3.12/site-packages/airflow/example_dags/example_trigger_target_dag.py
[2025-02-03T10:02:19.878+0000] {processor.py:914} INFO - Processing file /home/airflow/.local/lib/python3.12/site-packages/airflow/example_dags/example_trigger_target_dag.py for tasks to queue
[2025-02-03T10:02:19.882+0000] {logging_mixin.py:190} INFO - [2025-02-03T10:02:19.881+0000] {dagbag.py:588} INFO - Filling up the DagBag from /home/airflow/.local/lib/python3.12/site-packages/airflow/example_dags/example_trigger_target_dag.py
[2025-02-03T10:02:19.893+0000] {processor.py:925} INFO - DAG(s) 'example_trigger_target_dag' retrieved from /home/airflow/.local/lib/python3.12/site-packages/airflow/example_dags/example_trigger_target_dag.py
[2025-02-03T10:02:19.918+0000] {logging_mixin.py:190} INFO - [2025-02-03T10:02:19.918+0000] {dag.py:3239} INFO - Sync 1 DAGs
[2025-02-03T10:02:19.936+0000] {logging_mixin.py:190} INFO - [2025-02-03T10:02:19.936+0000] {dag.py:4180} INFO - Setting next_dagrun for example_trigger_target_dag to None, run_after=None
[2025-02-03T10:02:19.982+0000] {processor.py:208} INFO - Processing /home/airflow/.local/lib/python3.12/site-packages/airflow/example_dags/example_trigger_target_dag.py took 0.112 seconds
[2025-02-03T10:02:52.399+0000] {processor.py:186} INFO - Started process (PID=992) to work on /home/airflow/.local/lib/python3.12/site-packages/airflow/example_dags/example_trigger_target_dag.py
[2025-02-03T10:02:52.400+0000] {processor.py:914} INFO - Processing file /home/airflow/.local/lib/python3.12/site-packages/airflow/example_dags/example_trigger_target_dag.py for tasks to queue
[2025-02-03T10:02:52.403+0000] {logging_mixin.py:190} INFO - [2025-02-03T10:02:52.402+0000] {dagbag.py:588} INFO - Filling up the DagBag from /home/airflow/.local/lib/python3.12/site-packages/airflow/example_dags/example_trigger_target_dag.py
[2025-02-03T10:02:52.410+0000] {processor.py:925} INFO - DAG(s) 'example_trigger_target_dag' retrieved from /home/airflow/.local/lib/python3.12/site-packages/airflow/example_dags/example_trigger_target_dag.py
[2025-02-03T10:02:52.424+0000] {logging_mixin.py:190} INFO - [2025-02-03T10:02:52.424+0000] {dag.py:3239} INFO - Sync 1 DAGs
[2025-02-03T10:02:52.439+0000] {logging_mixin.py:190} INFO - [2025-02-03T10:02:52.438+0000] {dag.py:4180} INFO - Setting next_dagrun for example_trigger_target_dag to None, run_after=None
[2025-02-03T10:02:52.462+0000] {processor.py:208} INFO - Processing /home/airflow/.local/lib/python3.12/site-packages/airflow/example_dags/example_trigger_target_dag.py took 0.068 seconds
[2025-02-03T10:03:24.827+0000] {processor.py:186} INFO - Started process (PID=1056) to work on /home/airflow/.local/lib/python3.12/site-packages/airflow/example_dags/example_trigger_target_dag.py
[2025-02-03T10:03:24.829+0000] {processor.py:914} INFO - Processing file /home/airflow/.local/lib/python3.12/site-packages/airflow/example_dags/example_trigger_target_dag.py for tasks to queue
[2025-02-03T10:03:24.831+0000] {logging_mixin.py:190} INFO - [2025-02-03T10:03:24.830+0000] {dagbag.py:588} INFO - Filling up the DagBag from /home/airflow/.local/lib/python3.12/site-packages/airflow/example_dags/example_trigger_target_dag.py
[2025-02-03T10:03:24.838+0000] {processor.py:925} INFO - DAG(s) 'example_trigger_target_dag' retrieved from /home/airflow/.local/lib/python3.12/site-packages/airflow/example_dags/example_trigger_target_dag.py
[2025-02-03T10:03:24.855+0000] {logging_mixin.py:190} INFO - [2025-02-03T10:03:24.855+0000] {dag.py:3239} INFO - Sync 1 DAGs
[2025-02-03T10:03:24.866+0000] {logging_mixin.py:190} INFO - [2025-02-03T10:03:24.866+0000] {dag.py:4180} INFO - Setting next_dagrun for example_trigger_target_dag to None, run_after=None
[2025-02-03T10:03:24.893+0000] {processor.py:208} INFO - Processing /home/airflow/.local/lib/python3.12/site-packages/airflow/example_dags/example_trigger_target_dag.py took 0.070 seconds
[2025-02-03T10:03:55.036+0000] {processor.py:186} INFO - Started process (PID=1120) to work on /home/airflow/.local/lib/python3.12/site-packages/airflow/example_dags/example_trigger_target_dag.py
[2025-02-03T10:03:55.037+0000] {processor.py:914} INFO - Processing file /home/airflow/.local/lib/python3.12/site-packages/airflow/example_dags/example_trigger_target_dag.py for tasks to queue
[2025-02-03T10:03:55.040+0000] {logging_mixin.py:190} INFO - [2025-02-03T10:03:55.039+0000] {dagbag.py:588} INFO - Filling up the DagBag from /home/airflow/.local/lib/python3.12/site-packages/airflow/example_dags/example_trigger_target_dag.py
[2025-02-03T10:03:55.048+0000] {processor.py:925} INFO - DAG(s) 'example_trigger_target_dag' retrieved from /home/airflow/.local/lib/python3.12/site-packages/airflow/example_dags/example_trigger_target_dag.py
[2025-02-03T10:03:55.061+0000] {logging_mixin.py:190} INFO - [2025-02-03T10:03:55.061+0000] {dag.py:3239} INFO - Sync 1 DAGs
[2025-02-03T10:03:55.073+0000] {logging_mixin.py:190} INFO - [2025-02-03T10:03:55.073+0000] {dag.py:4180} INFO - Setting next_dagrun for example_trigger_target_dag to None, run_after=None
[2025-02-03T10:03:55.096+0000] {processor.py:208} INFO - Processing /home/airflow/.local/lib/python3.12/site-packages/airflow/example_dags/example_trigger_target_dag.py took 0.064 seconds
[2025-02-03T10:04:25.565+0000] {processor.py:186} INFO - Started process (PID=1184) to work on /home/airflow/.local/lib/python3.12/site-packages/airflow/example_dags/example_trigger_target_dag.py
[2025-02-03T10:04:25.567+0000] {processor.py:914} INFO - Processing file /home/airflow/.local/lib/python3.12/site-packages/airflow/example_dags/example_trigger_target_dag.py for tasks to queue
[2025-02-03T10:04:25.569+0000] {logging_mixin.py:190} INFO - [2025-02-03T10:04:25.569+0000] {dagbag.py:588} INFO - Filling up the DagBag from /home/airflow/.local/lib/python3.12/site-packages/airflow/example_dags/example_trigger_target_dag.py
[2025-02-03T10:04:25.579+0000] {processor.py:925} INFO - DAG(s) 'example_trigger_target_dag' retrieved from /home/airflow/.local/lib/python3.12/site-packages/airflow/example_dags/example_trigger_target_dag.py
[2025-02-03T10:04:25.612+0000] {logging_mixin.py:190} INFO - [2025-02-03T10:04:25.611+0000] {dag.py:3239} INFO - Sync 1 DAGs
[2025-02-03T10:04:25.632+0000] {logging_mixin.py:190} INFO - [2025-02-03T10:04:25.632+0000] {dag.py:4180} INFO - Setting next_dagrun for example_trigger_target_dag to None, run_after=None
[2025-02-03T10:04:25.662+0000] {processor.py:208} INFO - Processing /home/airflow/.local/lib/python3.12/site-packages/airflow/example_dags/example_trigger_target_dag.py took 0.103 seconds
[2025-02-03T10:04:56.174+0000] {processor.py:186} INFO - Started process (PID=1248) to work on /home/airflow/.local/lib/python3.12/site-packages/airflow/example_dags/example_trigger_target_dag.py
[2025-02-03T10:04:56.175+0000] {processor.py:914} INFO - Processing file /home/airflow/.local/lib/python3.12/site-packages/airflow/example_dags/example_trigger_target_dag.py for tasks to queue
[2025-02-03T10:04:56.178+0000] {logging_mixin.py:190} INFO - [2025-02-03T10:04:56.177+0000] {dagbag.py:588} INFO - Filling up the DagBag from /home/airflow/.local/lib/python3.12/site-packages/airflow/example_dags/example_trigger_target_dag.py
[2025-02-03T10:04:56.185+0000] {processor.py:925} INFO - DAG(s) 'example_trigger_target_dag' retrieved from /home/airflow/.local/lib/python3.12/site-packages/airflow/example_dags/example_trigger_target_dag.py
[2025-02-03T10:04:56.202+0000] {logging_mixin.py:190} INFO - [2025-02-03T10:04:56.202+0000] {dag.py:3239} INFO - Sync 1 DAGs
[2025-02-03T10:04:56.215+0000] {logging_mixin.py:190} INFO - [2025-02-03T10:04:56.214+0000] {dag.py:4180} INFO - Setting next_dagrun for example_trigger_target_dag to None, run_after=None
[2025-02-03T10:04:56.228+0000] {processor.py:208} INFO - Processing /home/airflow/.local/lib/python3.12/site-packages/airflow/example_dags/example_trigger_target_dag.py took 0.059 seconds
[2025-02-03T10:05:26.775+0000] {processor.py:186} INFO - Started process (PID=1306) to work on /home/airflow/.local/lib/python3.12/site-packages/airflow/example_dags/example_trigger_target_dag.py
[2025-02-03T10:05:26.777+0000] {processor.py:914} INFO - Processing file /home/airflow/.local/lib/python3.12/site-packages/airflow/example_dags/example_trigger_target_dag.py for tasks to queue
[2025-02-03T10:05:26.782+0000] {logging_mixin.py:190} INFO - [2025-02-03T10:05:26.781+0000] {dagbag.py:588} INFO - Filling up the DagBag from /home/airflow/.local/lib/python3.12/site-packages/airflow/example_dags/example_trigger_target_dag.py
[2025-02-03T10:05:26.789+0000] {processor.py:925} INFO - DAG(s) 'example_trigger_target_dag' retrieved from /home/airflow/.local/lib/python3.12/site-packages/airflow/example_dags/example_trigger_target_dag.py
[2025-02-03T10:05:26.812+0000] {logging_mixin.py:190} INFO - [2025-02-03T10:05:26.812+0000] {dag.py:3239} INFO - Sync 1 DAGs
[2025-02-03T10:05:26.826+0000] {logging_mixin.py:190} INFO - [2025-02-03T10:05:26.825+0000] {dag.py:4180} INFO - Setting next_dagrun for example_trigger_target_dag to None, run_after=None
[2025-02-03T10:05:26.842+0000] {processor.py:208} INFO - Processing /home/airflow/.local/lib/python3.12/site-packages/airflow/example_dags/example_trigger_target_dag.py took 0.071 seconds
[2025-02-03T10:05:57.199+0000] {processor.py:186} INFO - Started process (PID=1370) to work on /home/airflow/.local/lib/python3.12/site-packages/airflow/example_dags/example_trigger_target_dag.py
[2025-02-03T10:05:57.200+0000] {processor.py:914} INFO - Processing file /home/airflow/.local/lib/python3.12/site-packages/airflow/example_dags/example_trigger_target_dag.py for tasks to queue
[2025-02-03T10:05:57.204+0000] {logging_mixin.py:190} INFO - [2025-02-03T10:05:57.203+0000] {dagbag.py:588} INFO - Filling up the DagBag from /home/airflow/.local/lib/python3.12/site-packages/airflow/example_dags/example_trigger_target_dag.py
[2025-02-03T10:05:57.210+0000] {processor.py:925} INFO - DAG(s) 'example_trigger_target_dag' retrieved from /home/airflow/.local/lib/python3.12/site-packages/airflow/example_dags/example_trigger_target_dag.py
[2025-02-03T10:05:57.225+0000] {logging_mixin.py:190} INFO - [2025-02-03T10:05:57.225+0000] {dag.py:3239} INFO - Sync 1 DAGs
[2025-02-03T10:05:57.238+0000] {logging_mixin.py:190} INFO - [2025-02-03T10:05:57.238+0000] {dag.py:4180} INFO - Setting next_dagrun for example_trigger_target_dag to None, run_after=None
[2025-02-03T10:05:57.254+0000] {processor.py:208} INFO - Processing /home/airflow/.local/lib/python3.12/site-packages/airflow/example_dags/example_trigger_target_dag.py took 0.060 seconds
[2025-02-03T10:06:29.031+0000] {processor.py:186} INFO - Started process (PID=1434) to work on /home/airflow/.local/lib/python3.12/site-packages/airflow/example_dags/example_trigger_target_dag.py
[2025-02-03T10:06:29.032+0000] {processor.py:914} INFO - Processing file /home/airflow/.local/lib/python3.12/site-packages/airflow/example_dags/example_trigger_target_dag.py for tasks to queue
[2025-02-03T10:06:29.035+0000] {logging_mixin.py:190} INFO - [2025-02-03T10:06:29.035+0000] {dagbag.py:588} INFO - Filling up the DagBag from /home/airflow/.local/lib/python3.12/site-packages/airflow/example_dags/example_trigger_target_dag.py
[2025-02-03T10:06:29.048+0000] {processor.py:925} INFO - DAG(s) 'example_trigger_target_dag' retrieved from /home/airflow/.local/lib/python3.12/site-packages/airflow/example_dags/example_trigger_target_dag.py
[2025-02-03T10:06:29.078+0000] {logging_mixin.py:190} INFO - [2025-02-03T10:06:29.078+0000] {dag.py:3239} INFO - Sync 1 DAGs
[2025-02-03T10:06:29.090+0000] {logging_mixin.py:190} INFO - [2025-02-03T10:06:29.089+0000] {dag.py:4180} INFO - Setting next_dagrun for example_trigger_target_dag to None, run_after=None
[2025-02-03T10:06:29.105+0000] {processor.py:208} INFO - Processing /home/airflow/.local/lib/python3.12/site-packages/airflow/example_dags/example_trigger_target_dag.py took 0.079 seconds
[2025-02-03T10:13:09.100+0000] {processor.py:186} INFO - Started process (PID=91) to work on /home/airflow/.local/lib/python3.12/site-packages/airflow/example_dags/example_trigger_target_dag.py
[2025-02-03T10:13:09.101+0000] {processor.py:914} INFO - Processing file /home/airflow/.local/lib/python3.12/site-packages/airflow/example_dags/example_trigger_target_dag.py for tasks to queue
[2025-02-03T10:13:09.104+0000] {logging_mixin.py:190} INFO - [2025-02-03T10:13:09.104+0000] {dagbag.py:588} INFO - Filling up the DagBag from /home/airflow/.local/lib/python3.12/site-packages/airflow/example_dags/example_trigger_target_dag.py
[2025-02-03T10:13:09.137+0000] {processor.py:925} INFO - DAG(s) 'example_trigger_target_dag' retrieved from /home/airflow/.local/lib/python3.12/site-packages/airflow/example_dags/example_trigger_target_dag.py
[2025-02-03T10:13:09.174+0000] {logging_mixin.py:190} INFO - [2025-02-03T10:13:09.173+0000] {dag.py:3239} INFO - Sync 1 DAGs
[2025-02-03T10:13:09.207+0000] {logging_mixin.py:190} INFO - [2025-02-03T10:13:09.207+0000] {dag.py:4180} INFO - Setting next_dagrun for example_trigger_target_dag to None, run_after=None
[2025-02-03T10:13:09.269+0000] {processor.py:208} INFO - Processing /home/airflow/.local/lib/python3.12/site-packages/airflow/example_dags/example_trigger_target_dag.py took 0.185 seconds
[2025-02-03T10:13:39.514+0000] {processor.py:186} INFO - Started process (PID=155) to work on /home/airflow/.local/lib/python3.12/site-packages/airflow/example_dags/example_trigger_target_dag.py
[2025-02-03T10:13:39.516+0000] {processor.py:914} INFO - Processing file /home/airflow/.local/lib/python3.12/site-packages/airflow/example_dags/example_trigger_target_dag.py for tasks to queue
[2025-02-03T10:13:39.520+0000] {logging_mixin.py:190} INFO - [2025-02-03T10:13:39.520+0000] {dagbag.py:588} INFO - Filling up the DagBag from /home/airflow/.local/lib/python3.12/site-packages/airflow/example_dags/example_trigger_target_dag.py
[2025-02-03T10:13:39.533+0000] {processor.py:925} INFO - DAG(s) 'example_trigger_target_dag' retrieved from /home/airflow/.local/lib/python3.12/site-packages/airflow/example_dags/example_trigger_target_dag.py
[2025-02-03T10:13:39.564+0000] {logging_mixin.py:190} INFO - [2025-02-03T10:13:39.564+0000] {dag.py:3239} INFO - Sync 1 DAGs
[2025-02-03T10:13:39.593+0000] {logging_mixin.py:190} INFO - [2025-02-03T10:13:39.592+0000] {dag.py:4180} INFO - Setting next_dagrun for example_trigger_target_dag to None, run_after=None
[2025-02-03T10:13:39.635+0000] {processor.py:208} INFO - Processing /home/airflow/.local/lib/python3.12/site-packages/airflow/example_dags/example_trigger_target_dag.py took 0.126 seconds
[2025-02-03T10:14:11.505+0000] {processor.py:186} INFO - Started process (PID=219) to work on /home/airflow/.local/lib/python3.12/site-packages/airflow/example_dags/example_trigger_target_dag.py
[2025-02-03T10:14:11.506+0000] {processor.py:914} INFO - Processing file /home/airflow/.local/lib/python3.12/site-packages/airflow/example_dags/example_trigger_target_dag.py for tasks to queue
[2025-02-03T10:14:11.509+0000] {logging_mixin.py:190} INFO - [2025-02-03T10:14:11.508+0000] {dagbag.py:588} INFO - Filling up the DagBag from /home/airflow/.local/lib/python3.12/site-packages/airflow/example_dags/example_trigger_target_dag.py
[2025-02-03T10:14:11.518+0000] {processor.py:925} INFO - DAG(s) 'example_trigger_target_dag' retrieved from /home/airflow/.local/lib/python3.12/site-packages/airflow/example_dags/example_trigger_target_dag.py
[2025-02-03T10:14:11.535+0000] {logging_mixin.py:190} INFO - [2025-02-03T10:14:11.534+0000] {dag.py:3239} INFO - Sync 1 DAGs
[2025-02-03T10:14:11.548+0000] {logging_mixin.py:190} INFO - [2025-02-03T10:14:11.548+0000] {dag.py:4180} INFO - Setting next_dagrun for example_trigger_target_dag to None, run_after=None
[2025-02-03T10:14:11.566+0000] {processor.py:208} INFO - Processing /home/airflow/.local/lib/python3.12/site-packages/airflow/example_dags/example_trigger_target_dag.py took 0.065 seconds
[2025-02-03T10:14:41.853+0000] {processor.py:186} INFO - Started process (PID=277) to work on /home/airflow/.local/lib/python3.12/site-packages/airflow/example_dags/example_trigger_target_dag.py
[2025-02-03T10:14:41.854+0000] {processor.py:914} INFO - Processing file /home/airflow/.local/lib/python3.12/site-packages/airflow/example_dags/example_trigger_target_dag.py for tasks to queue
[2025-02-03T10:14:41.856+0000] {logging_mixin.py:190} INFO - [2025-02-03T10:14:41.856+0000] {dagbag.py:588} INFO - Filling up the DagBag from /home/airflow/.local/lib/python3.12/site-packages/airflow/example_dags/example_trigger_target_dag.py
[2025-02-03T10:14:41.863+0000] {processor.py:925} INFO - DAG(s) 'example_trigger_target_dag' retrieved from /home/airflow/.local/lib/python3.12/site-packages/airflow/example_dags/example_trigger_target_dag.py
[2025-02-03T10:14:41.878+0000] {logging_mixin.py:190} INFO - [2025-02-03T10:14:41.877+0000] {dag.py:3239} INFO - Sync 1 DAGs
[2025-02-03T10:14:41.888+0000] {logging_mixin.py:190} INFO - [2025-02-03T10:14:41.888+0000] {dag.py:4180} INFO - Setting next_dagrun for example_trigger_target_dag to None, run_after=None
[2025-02-03T10:14:41.902+0000] {processor.py:208} INFO - Processing /home/airflow/.local/lib/python3.12/site-packages/airflow/example_dags/example_trigger_target_dag.py took 0.053 seconds
[2025-02-03T10:15:12.200+0000] {processor.py:186} INFO - Started process (PID=342) to work on /home/airflow/.local/lib/python3.12/site-packages/airflow/example_dags/example_trigger_target_dag.py
[2025-02-03T10:15:12.202+0000] {processor.py:914} INFO - Processing file /home/airflow/.local/lib/python3.12/site-packages/airflow/example_dags/example_trigger_target_dag.py for tasks to queue
[2025-02-03T10:15:12.205+0000] {logging_mixin.py:190} INFO - [2025-02-03T10:15:12.204+0000] {dagbag.py:588} INFO - Filling up the DagBag from /home/airflow/.local/lib/python3.12/site-packages/airflow/example_dags/example_trigger_target_dag.py
[2025-02-03T10:15:12.211+0000] {processor.py:925} INFO - DAG(s) 'example_trigger_target_dag' retrieved from /home/airflow/.local/lib/python3.12/site-packages/airflow/example_dags/example_trigger_target_dag.py
[2025-02-03T10:15:12.230+0000] {logging_mixin.py:190} INFO - [2025-02-03T10:15:12.230+0000] {dag.py:3239} INFO - Sync 1 DAGs
[2025-02-03T10:15:12.243+0000] {logging_mixin.py:190} INFO - [2025-02-03T10:15:12.242+0000] {dag.py:4180} INFO - Setting next_dagrun for example_trigger_target_dag to None, run_after=None
[2025-02-03T10:15:12.258+0000] {processor.py:208} INFO - Processing /home/airflow/.local/lib/python3.12/site-packages/airflow/example_dags/example_trigger_target_dag.py took 0.063 seconds
[2025-02-03T10:15:42.704+0000] {processor.py:186} INFO - Started process (PID=406) to work on /home/airflow/.local/lib/python3.12/site-packages/airflow/example_dags/example_trigger_target_dag.py
[2025-02-03T10:15:42.706+0000] {processor.py:914} INFO - Processing file /home/airflow/.local/lib/python3.12/site-packages/airflow/example_dags/example_trigger_target_dag.py for tasks to queue
[2025-02-03T10:15:42.711+0000] {logging_mixin.py:190} INFO - [2025-02-03T10:15:42.709+0000] {dagbag.py:588} INFO - Filling up the DagBag from /home/airflow/.local/lib/python3.12/site-packages/airflow/example_dags/example_trigger_target_dag.py
[2025-02-03T10:15:42.724+0000] {processor.py:925} INFO - DAG(s) 'example_trigger_target_dag' retrieved from /home/airflow/.local/lib/python3.12/site-packages/airflow/example_dags/example_trigger_target_dag.py
[2025-02-03T10:15:42.747+0000] {logging_mixin.py:190} INFO - [2025-02-03T10:15:42.747+0000] {dag.py:3239} INFO - Sync 1 DAGs
[2025-02-03T10:15:42.765+0000] {logging_mixin.py:190} INFO - [2025-02-03T10:15:42.765+0000] {dag.py:4180} INFO - Setting next_dagrun for example_trigger_target_dag to None, run_after=None
[2025-02-03T10:15:42.787+0000] {processor.py:208} INFO - Processing /home/airflow/.local/lib/python3.12/site-packages/airflow/example_dags/example_trigger_target_dag.py took 0.090 seconds
[2025-02-03T10:16:14.712+0000] {processor.py:186} INFO - Started process (PID=470) to work on /home/airflow/.local/lib/python3.12/site-packages/airflow/example_dags/example_trigger_target_dag.py
[2025-02-03T10:16:14.713+0000] {processor.py:914} INFO - Processing file /home/airflow/.local/lib/python3.12/site-packages/airflow/example_dags/example_trigger_target_dag.py for tasks to queue
[2025-02-03T10:16:14.716+0000] {logging_mixin.py:190} INFO - [2025-02-03T10:16:14.716+0000] {dagbag.py:588} INFO - Filling up the DagBag from /home/airflow/.local/lib/python3.12/site-packages/airflow/example_dags/example_trigger_target_dag.py
[2025-02-03T10:16:14.727+0000] {processor.py:925} INFO - DAG(s) 'example_trigger_target_dag' retrieved from /home/airflow/.local/lib/python3.12/site-packages/airflow/example_dags/example_trigger_target_dag.py
[2025-02-03T10:16:14.742+0000] {logging_mixin.py:190} INFO - [2025-02-03T10:16:14.742+0000] {dag.py:3239} INFO - Sync 1 DAGs
[2025-02-03T10:16:14.754+0000] {logging_mixin.py:190} INFO - [2025-02-03T10:16:14.754+0000] {dag.py:4180} INFO - Setting next_dagrun for example_trigger_target_dag to None, run_after=None
[2025-02-03T10:16:14.770+0000] {processor.py:208} INFO - Processing /home/airflow/.local/lib/python3.12/site-packages/airflow/example_dags/example_trigger_target_dag.py took 0.062 seconds
[2025-02-03T10:16:46.112+0000] {processor.py:186} INFO - Started process (PID=535) to work on /home/airflow/.local/lib/python3.12/site-packages/airflow/example_dags/example_trigger_target_dag.py
[2025-02-03T10:16:46.118+0000] {processor.py:914} INFO - Processing file /home/airflow/.local/lib/python3.12/site-packages/airflow/example_dags/example_trigger_target_dag.py for tasks to queue
[2025-02-03T10:16:46.123+0000] {logging_mixin.py:190} INFO - [2025-02-03T10:16:46.123+0000] {dagbag.py:588} INFO - Filling up the DagBag from /home/airflow/.local/lib/python3.12/site-packages/airflow/example_dags/example_trigger_target_dag.py
[2025-02-03T10:16:46.135+0000] {processor.py:925} INFO - DAG(s) 'example_trigger_target_dag' retrieved from /home/airflow/.local/lib/python3.12/site-packages/airflow/example_dags/example_trigger_target_dag.py
[2025-02-03T10:16:46.174+0000] {logging_mixin.py:190} INFO - [2025-02-03T10:16:46.173+0000] {dag.py:3239} INFO - Sync 1 DAGs
[2025-02-03T10:16:46.193+0000] {logging_mixin.py:190} INFO - [2025-02-03T10:16:46.192+0000] {dag.py:4180} INFO - Setting next_dagrun for example_trigger_target_dag to None, run_after=None
[2025-02-03T10:16:46.263+0000] {processor.py:208} INFO - Processing /home/airflow/.local/lib/python3.12/site-packages/airflow/example_dags/example_trigger_target_dag.py took 0.156 seconds
[2025-02-03T10:17:18.287+0000] {processor.py:186} INFO - Started process (PID=599) to work on /home/airflow/.local/lib/python3.12/site-packages/airflow/example_dags/example_trigger_target_dag.py
[2025-02-03T10:17:18.297+0000] {processor.py:914} INFO - Processing file /home/airflow/.local/lib/python3.12/site-packages/airflow/example_dags/example_trigger_target_dag.py for tasks to queue
[2025-02-03T10:17:18.300+0000] {logging_mixin.py:190} INFO - [2025-02-03T10:17:18.299+0000] {dagbag.py:588} INFO - Filling up the DagBag from /home/airflow/.local/lib/python3.12/site-packages/airflow/example_dags/example_trigger_target_dag.py
[2025-02-03T10:17:18.316+0000] {processor.py:925} INFO - DAG(s) 'example_trigger_target_dag' retrieved from /home/airflow/.local/lib/python3.12/site-packages/airflow/example_dags/example_trigger_target_dag.py
[2025-02-03T10:17:18.340+0000] {logging_mixin.py:190} INFO - [2025-02-03T10:17:18.340+0000] {dag.py:3239} INFO - Sync 1 DAGs
[2025-02-03T10:17:18.362+0000] {logging_mixin.py:190} INFO - [2025-02-03T10:17:18.362+0000] {dag.py:4180} INFO - Setting next_dagrun for example_trigger_target_dag to None, run_after=None
[2025-02-03T10:17:18.392+0000] {processor.py:208} INFO - Processing /home/airflow/.local/lib/python3.12/site-packages/airflow/example_dags/example_trigger_target_dag.py took 0.113 seconds
[2025-02-03T10:17:48.437+0000] {processor.py:186} INFO - Started process (PID=664) to work on /home/airflow/.local/lib/python3.12/site-packages/airflow/example_dags/example_trigger_target_dag.py
[2025-02-03T10:17:48.438+0000] {processor.py:914} INFO - Processing file /home/airflow/.local/lib/python3.12/site-packages/airflow/example_dags/example_trigger_target_dag.py for tasks to queue
[2025-02-03T10:17:48.440+0000] {logging_mixin.py:190} INFO - [2025-02-03T10:17:48.440+0000] {dagbag.py:588} INFO - Filling up the DagBag from /home/airflow/.local/lib/python3.12/site-packages/airflow/example_dags/example_trigger_target_dag.py
[2025-02-03T10:17:48.446+0000] {processor.py:925} INFO - DAG(s) 'example_trigger_target_dag' retrieved from /home/airflow/.local/lib/python3.12/site-packages/airflow/example_dags/example_trigger_target_dag.py
[2025-02-03T10:17:48.461+0000] {logging_mixin.py:190} INFO - [2025-02-03T10:17:48.461+0000] {dag.py:3239} INFO - Sync 1 DAGs
[2025-02-03T10:17:48.472+0000] {logging_mixin.py:190} INFO - [2025-02-03T10:17:48.472+0000] {dag.py:4180} INFO - Setting next_dagrun for example_trigger_target_dag to None, run_after=None
[2025-02-03T10:17:48.488+0000] {processor.py:208} INFO - Processing /home/airflow/.local/lib/python3.12/site-packages/airflow/example_dags/example_trigger_target_dag.py took 0.055 seconds
[2025-02-03T10:18:18.851+0000] {processor.py:186} INFO - Started process (PID=729) to work on /home/airflow/.local/lib/python3.12/site-packages/airflow/example_dags/example_trigger_target_dag.py
[2025-02-03T10:18:18.852+0000] {processor.py:914} INFO - Processing file /home/airflow/.local/lib/python3.12/site-packages/airflow/example_dags/example_trigger_target_dag.py for tasks to queue
[2025-02-03T10:18:18.854+0000] {logging_mixin.py:190} INFO - [2025-02-03T10:18:18.854+0000] {dagbag.py:588} INFO - Filling up the DagBag from /home/airflow/.local/lib/python3.12/site-packages/airflow/example_dags/example_trigger_target_dag.py
[2025-02-03T10:18:18.866+0000] {processor.py:925} INFO - DAG(s) 'example_trigger_target_dag' retrieved from /home/airflow/.local/lib/python3.12/site-packages/airflow/example_dags/example_trigger_target_dag.py
[2025-02-03T10:18:18.884+0000] {logging_mixin.py:190} INFO - [2025-02-03T10:18:18.884+0000] {dag.py:3239} INFO - Sync 1 DAGs
[2025-02-03T10:18:18.898+0000] {logging_mixin.py:190} INFO - [2025-02-03T10:18:18.897+0000] {dag.py:4180} INFO - Setting next_dagrun for example_trigger_target_dag to None, run_after=None
[2025-02-03T10:18:18.913+0000] {processor.py:208} INFO - Processing /home/airflow/.local/lib/python3.12/site-packages/airflow/example_dags/example_trigger_target_dag.py took 0.069 seconds
[2025-02-03T10:18:50.279+0000] {processor.py:186} INFO - Started process (PID=793) to work on /home/airflow/.local/lib/python3.12/site-packages/airflow/example_dags/example_trigger_target_dag.py
[2025-02-03T10:18:50.281+0000] {processor.py:914} INFO - Processing file /home/airflow/.local/lib/python3.12/site-packages/airflow/example_dags/example_trigger_target_dag.py for tasks to queue
[2025-02-03T10:18:50.284+0000] {logging_mixin.py:190} INFO - [2025-02-03T10:18:50.284+0000] {dagbag.py:588} INFO - Filling up the DagBag from /home/airflow/.local/lib/python3.12/site-packages/airflow/example_dags/example_trigger_target_dag.py
[2025-02-03T10:18:50.294+0000] {processor.py:925} INFO - DAG(s) 'example_trigger_target_dag' retrieved from /home/airflow/.local/lib/python3.12/site-packages/airflow/example_dags/example_trigger_target_dag.py
[2025-02-03T10:18:50.320+0000] {logging_mixin.py:190} INFO - [2025-02-03T10:18:50.320+0000] {dag.py:3239} INFO - Sync 1 DAGs
[2025-02-03T10:18:50.337+0000] {logging_mixin.py:190} INFO - [2025-02-03T10:18:50.336+0000] {dag.py:4180} INFO - Setting next_dagrun for example_trigger_target_dag to None, run_after=None
[2025-02-03T10:18:50.356+0000] {processor.py:208} INFO - Processing /home/airflow/.local/lib/python3.12/site-packages/airflow/example_dags/example_trigger_target_dag.py took 0.086 seconds
[2025-02-03T10:19:23.609+0000] {processor.py:186} INFO - Started process (PID=857) to work on /home/airflow/.local/lib/python3.12/site-packages/airflow/example_dags/example_trigger_target_dag.py
[2025-02-03T10:19:23.612+0000] {processor.py:914} INFO - Processing file /home/airflow/.local/lib/python3.12/site-packages/airflow/example_dags/example_trigger_target_dag.py for tasks to queue
[2025-02-03T10:19:23.616+0000] {logging_mixin.py:190} INFO - [2025-02-03T10:19:23.616+0000] {dagbag.py:588} INFO - Filling up the DagBag from /home/airflow/.local/lib/python3.12/site-packages/airflow/example_dags/example_trigger_target_dag.py
[2025-02-03T10:19:23.633+0000] {processor.py:925} INFO - DAG(s) 'example_trigger_target_dag' retrieved from /home/airflow/.local/lib/python3.12/site-packages/airflow/example_dags/example_trigger_target_dag.py
[2025-02-03T10:19:23.648+0000] {logging_mixin.py:190} INFO - [2025-02-03T10:19:23.648+0000] {dag.py:3239} INFO - Sync 1 DAGs
[2025-02-03T10:19:23.663+0000] {logging_mixin.py:190} INFO - [2025-02-03T10:19:23.662+0000] {dag.py:4180} INFO - Setting next_dagrun for example_trigger_target_dag to None, run_after=None
[2025-02-03T10:19:23.678+0000] {processor.py:208} INFO - Processing /home/airflow/.local/lib/python3.12/site-packages/airflow/example_dags/example_trigger_target_dag.py took 0.082 seconds
[2025-02-03T10:19:56.210+0000] {processor.py:186} INFO - Started process (PID=921) to work on /home/airflow/.local/lib/python3.12/site-packages/airflow/example_dags/example_trigger_target_dag.py
[2025-02-03T10:19:56.211+0000] {processor.py:914} INFO - Processing file /home/airflow/.local/lib/python3.12/site-packages/airflow/example_dags/example_trigger_target_dag.py for tasks to queue
[2025-02-03T10:19:56.213+0000] {logging_mixin.py:190} INFO - [2025-02-03T10:19:56.213+0000] {dagbag.py:588} INFO - Filling up the DagBag from /home/airflow/.local/lib/python3.12/site-packages/airflow/example_dags/example_trigger_target_dag.py
[2025-02-03T10:19:56.221+0000] {processor.py:925} INFO - DAG(s) 'example_trigger_target_dag' retrieved from /home/airflow/.local/lib/python3.12/site-packages/airflow/example_dags/example_trigger_target_dag.py
[2025-02-03T10:19:56.236+0000] {logging_mixin.py:190} INFO - [2025-02-03T10:19:56.236+0000] {dag.py:3239} INFO - Sync 1 DAGs
[2025-02-03T10:19:56.247+0000] {logging_mixin.py:190} INFO - [2025-02-03T10:19:56.247+0000] {dag.py:4180} INFO - Setting next_dagrun for example_trigger_target_dag to None, run_after=None
[2025-02-03T10:19:56.273+0000] {processor.py:208} INFO - Processing /home/airflow/.local/lib/python3.12/site-packages/airflow/example_dags/example_trigger_target_dag.py took 0.067 seconds
