[2025-02-03T09:44:33.171+0000] {processor.py:186} INFO - Started process (PID=63) to work on /home/airflow/.local/lib/python3.12/site-packages/airflow/example_dags/tutorial_dag.py
[2025-02-03T09:44:33.177+0000] {processor.py:914} INFO - Processing file /home/airflow/.local/lib/python3.12/site-packages/airflow/example_dags/tutorial_dag.py for tasks to queue
[2025-02-03T09:44:33.188+0000] {logging_mixin.py:190} INFO - [2025-02-03T09:44:33.187+0000] {dagbag.py:588} INFO - Filling up the DagBag from /home/airflow/.local/lib/python3.12/site-packages/airflow/example_dags/tutorial_dag.py
[2025-02-03T09:44:33.195+0000] {processor.py:925} INFO - DAG(s) 'tutorial_dag' retrieved from /home/airflow/.local/lib/python3.12/site-packages/airflow/example_dags/tutorial_dag.py
[2025-02-03T09:44:33.388+0000] {logging_mixin.py:190} INFO - [2025-02-03T09:44:33.387+0000] {override.py:1911} INFO - Created Permission View: can edit on DAG:tutorial_dag
[2025-02-03T09:44:33.410+0000] {logging_mixin.py:190} INFO - [2025-02-03T09:44:33.410+0000] {override.py:1911} INFO - Created Permission View: can read on DAG:tutorial_dag
[2025-02-03T09:44:33.416+0000] {logging_mixin.py:190} INFO - [2025-02-03T09:44:33.416+0000] {override.py:1911} INFO - Created Permission View: can delete on DAG:tutorial_dag
[2025-02-03T09:44:33.425+0000] {logging_mixin.py:190} INFO - [2025-02-03T09:44:33.425+0000] {override.py:1911} INFO - Created Permission View: can read on DAG Run:tutorial_dag
[2025-02-03T09:44:33.431+0000] {logging_mixin.py:190} INFO - [2025-02-03T09:44:33.431+0000] {override.py:1911} INFO - Created Permission View: can delete on DAG Run:tutorial_dag
[2025-02-03T09:44:33.438+0000] {logging_mixin.py:190} INFO - [2025-02-03T09:44:33.438+0000] {override.py:1911} INFO - Created Permission View: can create on DAG Run:tutorial_dag
[2025-02-03T09:44:33.447+0000] {logging_mixin.py:190} INFO - [2025-02-03T09:44:33.447+0000] {override.py:1911} INFO - Created Permission View: menu access on DAG Run:tutorial_dag
[2025-02-03T09:44:33.449+0000] {logging_mixin.py:190} INFO - [2025-02-03T09:44:33.448+0000] {dag.py:3239} INFO - Sync 1 DAGs
[2025-02-03T09:44:33.470+0000] {logging_mixin.py:190} INFO - [2025-02-03T09:44:33.470+0000] {dag.py:3262} INFO - Creating ORM DAG for tutorial_dag
[2025-02-03T09:44:33.474+0000] {logging_mixin.py:190} INFO - [2025-02-03T09:44:33.474+0000] {dag.py:4180} INFO - Setting next_dagrun for tutorial_dag to None, run_after=None
[2025-02-03T09:44:33.501+0000] {processor.py:208} INFO - Processing /home/airflow/.local/lib/python3.12/site-packages/airflow/example_dags/tutorial_dag.py took 0.335 seconds
[2025-02-03T09:45:13.989+0000] {processor.py:186} INFO - Started process (PID=125) to work on /home/airflow/.local/lib/python3.12/site-packages/airflow/example_dags/tutorial_dag.py
[2025-02-03T09:45:13.992+0000] {processor.py:914} INFO - Processing file /home/airflow/.local/lib/python3.12/site-packages/airflow/example_dags/tutorial_dag.py for tasks to queue
[2025-02-03T09:45:13.997+0000] {logging_mixin.py:190} INFO - [2025-02-03T09:45:13.996+0000] {dagbag.py:588} INFO - Filling up the DagBag from /home/airflow/.local/lib/python3.12/site-packages/airflow/example_dags/tutorial_dag.py
[2025-02-03T09:45:14.012+0000] {processor.py:925} INFO - DAG(s) 'tutorial_dag' retrieved from /home/airflow/.local/lib/python3.12/site-packages/airflow/example_dags/tutorial_dag.py
[2025-02-03T09:45:14.063+0000] {logging_mixin.py:190} INFO - [2025-02-03T09:45:14.062+0000] {dag.py:3239} INFO - Sync 1 DAGs
[2025-02-03T09:45:14.088+0000] {logging_mixin.py:190} INFO - [2025-02-03T09:45:14.088+0000] {dag.py:4180} INFO - Setting next_dagrun for tutorial_dag to None, run_after=None
[2025-02-03T09:45:14.126+0000] {processor.py:208} INFO - Processing /home/airflow/.local/lib/python3.12/site-packages/airflow/example_dags/tutorial_dag.py took 0.147 seconds
[2025-02-03T09:45:45.293+0000] {processor.py:186} INFO - Started process (PID=188) to work on /home/airflow/.local/lib/python3.12/site-packages/airflow/example_dags/tutorial_dag.py
[2025-02-03T09:45:45.295+0000] {processor.py:914} INFO - Processing file /home/airflow/.local/lib/python3.12/site-packages/airflow/example_dags/tutorial_dag.py for tasks to queue
[2025-02-03T09:45:45.297+0000] {logging_mixin.py:190} INFO - [2025-02-03T09:45:45.297+0000] {dagbag.py:588} INFO - Filling up the DagBag from /home/airflow/.local/lib/python3.12/site-packages/airflow/example_dags/tutorial_dag.py
[2025-02-03T09:45:45.303+0000] {processor.py:925} INFO - DAG(s) 'tutorial_dag' retrieved from /home/airflow/.local/lib/python3.12/site-packages/airflow/example_dags/tutorial_dag.py
[2025-02-03T09:45:45.322+0000] {logging_mixin.py:190} INFO - [2025-02-03T09:45:45.322+0000] {dag.py:3239} INFO - Sync 1 DAGs
[2025-02-03T09:45:45.333+0000] {logging_mixin.py:190} INFO - [2025-02-03T09:45:45.333+0000] {dag.py:4180} INFO - Setting next_dagrun for tutorial_dag to None, run_after=None
[2025-02-03T09:45:45.353+0000] {processor.py:208} INFO - Processing /home/airflow/.local/lib/python3.12/site-packages/airflow/example_dags/tutorial_dag.py took 0.064 seconds
[2025-02-03T09:46:18.067+0000] {processor.py:186} INFO - Started process (PID=251) to work on /home/airflow/.local/lib/python3.12/site-packages/airflow/example_dags/tutorial_dag.py
[2025-02-03T09:46:18.070+0000] {processor.py:914} INFO - Processing file /home/airflow/.local/lib/python3.12/site-packages/airflow/example_dags/tutorial_dag.py for tasks to queue
[2025-02-03T09:46:18.075+0000] {logging_mixin.py:190} INFO - [2025-02-03T09:46:18.075+0000] {dagbag.py:588} INFO - Filling up the DagBag from /home/airflow/.local/lib/python3.12/site-packages/airflow/example_dags/tutorial_dag.py
[2025-02-03T09:46:18.092+0000] {processor.py:925} INFO - DAG(s) 'tutorial_dag' retrieved from /home/airflow/.local/lib/python3.12/site-packages/airflow/example_dags/tutorial_dag.py
[2025-02-03T09:46:18.134+0000] {logging_mixin.py:190} INFO - [2025-02-03T09:46:18.121+0000] {dag.py:3239} INFO - Sync 1 DAGs
[2025-02-03T09:46:18.161+0000] {logging_mixin.py:190} INFO - [2025-02-03T09:46:18.161+0000] {dag.py:4180} INFO - Setting next_dagrun for tutorial_dag to None, run_after=None
[2025-02-03T09:46:18.189+0000] {processor.py:208} INFO - Processing /home/airflow/.local/lib/python3.12/site-packages/airflow/example_dags/tutorial_dag.py took 0.128 seconds
[2025-02-03T09:55:23.610+0000] {processor.py:186} INFO - Started process (PID=64) to work on /home/airflow/.local/lib/python3.12/site-packages/airflow/example_dags/tutorial_dag.py
[2025-02-03T09:55:23.612+0000] {processor.py:914} INFO - Processing file /home/airflow/.local/lib/python3.12/site-packages/airflow/example_dags/tutorial_dag.py for tasks to queue
[2025-02-03T09:55:23.621+0000] {logging_mixin.py:190} INFO - [2025-02-03T09:55:23.621+0000] {dagbag.py:588} INFO - Filling up the DagBag from /home/airflow/.local/lib/python3.12/site-packages/airflow/example_dags/tutorial_dag.py
[2025-02-03T09:55:23.647+0000] {processor.py:925} INFO - DAG(s) 'tutorial_dag' retrieved from /home/airflow/.local/lib/python3.12/site-packages/airflow/example_dags/tutorial_dag.py
[2025-02-03T09:55:23.685+0000] {logging_mixin.py:190} INFO - [2025-02-03T09:55:23.684+0000] {dag.py:3239} INFO - Sync 1 DAGs
[2025-02-03T09:55:23.712+0000] {logging_mixin.py:190} INFO - [2025-02-03T09:55:23.711+0000] {dag.py:4180} INFO - Setting next_dagrun for tutorial_dag to None, run_after=None
[2025-02-03T09:55:23.791+0000] {processor.py:208} INFO - Processing /home/airflow/.local/lib/python3.12/site-packages/airflow/example_dags/tutorial_dag.py took 0.191 seconds
[2025-02-03T09:55:54.136+0000] {processor.py:186} INFO - Started process (PID=128) to work on /home/airflow/.local/lib/python3.12/site-packages/airflow/example_dags/tutorial_dag.py
[2025-02-03T09:55:54.137+0000] {processor.py:914} INFO - Processing file /home/airflow/.local/lib/python3.12/site-packages/airflow/example_dags/tutorial_dag.py for tasks to queue
[2025-02-03T09:55:54.140+0000] {logging_mixin.py:190} INFO - [2025-02-03T09:55:54.139+0000] {dagbag.py:588} INFO - Filling up the DagBag from /home/airflow/.local/lib/python3.12/site-packages/airflow/example_dags/tutorial_dag.py
[2025-02-03T09:55:54.173+0000] {processor.py:925} INFO - DAG(s) 'tutorial_dag' retrieved from /home/airflow/.local/lib/python3.12/site-packages/airflow/example_dags/tutorial_dag.py
[2025-02-03T09:55:54.201+0000] {logging_mixin.py:190} INFO - [2025-02-03T09:55:54.201+0000] {dag.py:3239} INFO - Sync 1 DAGs
[2025-02-03T09:55:54.214+0000] {logging_mixin.py:190} INFO - [2025-02-03T09:55:54.213+0000] {dag.py:4180} INFO - Setting next_dagrun for tutorial_dag to None, run_after=None
[2025-02-03T09:55:54.233+0000] {processor.py:208} INFO - Processing /home/airflow/.local/lib/python3.12/site-packages/airflow/example_dags/tutorial_dag.py took 0.102 seconds
[2025-02-03T09:56:24.373+0000] {processor.py:186} INFO - Started process (PID=192) to work on /home/airflow/.local/lib/python3.12/site-packages/airflow/example_dags/tutorial_dag.py
[2025-02-03T09:56:24.374+0000] {processor.py:914} INFO - Processing file /home/airflow/.local/lib/python3.12/site-packages/airflow/example_dags/tutorial_dag.py for tasks to queue
[2025-02-03T09:56:24.377+0000] {logging_mixin.py:190} INFO - [2025-02-03T09:56:24.377+0000] {dagbag.py:588} INFO - Filling up the DagBag from /home/airflow/.local/lib/python3.12/site-packages/airflow/example_dags/tutorial_dag.py
[2025-02-03T09:56:24.383+0000] {processor.py:925} INFO - DAG(s) 'tutorial_dag' retrieved from /home/airflow/.local/lib/python3.12/site-packages/airflow/example_dags/tutorial_dag.py
[2025-02-03T09:56:24.400+0000] {logging_mixin.py:190} INFO - [2025-02-03T09:56:24.400+0000] {dag.py:3239} INFO - Sync 1 DAGs
[2025-02-03T09:56:24.412+0000] {logging_mixin.py:190} INFO - [2025-02-03T09:56:24.412+0000] {dag.py:4180} INFO - Setting next_dagrun for tutorial_dag to None, run_after=None
[2025-02-03T09:56:24.428+0000] {processor.py:208} INFO - Processing /home/airflow/.local/lib/python3.12/site-packages/airflow/example_dags/tutorial_dag.py took 0.060 seconds
[2025-02-03T09:56:54.869+0000] {processor.py:186} INFO - Started process (PID=255) to work on /home/airflow/.local/lib/python3.12/site-packages/airflow/example_dags/tutorial_dag.py
[2025-02-03T09:56:54.870+0000] {processor.py:914} INFO - Processing file /home/airflow/.local/lib/python3.12/site-packages/airflow/example_dags/tutorial_dag.py for tasks to queue
[2025-02-03T09:56:54.873+0000] {logging_mixin.py:190} INFO - [2025-02-03T09:56:54.873+0000] {dagbag.py:588} INFO - Filling up the DagBag from /home/airflow/.local/lib/python3.12/site-packages/airflow/example_dags/tutorial_dag.py
[2025-02-03T09:56:54.881+0000] {processor.py:925} INFO - DAG(s) 'tutorial_dag' retrieved from /home/airflow/.local/lib/python3.12/site-packages/airflow/example_dags/tutorial_dag.py
[2025-02-03T09:56:54.895+0000] {logging_mixin.py:190} INFO - [2025-02-03T09:56:54.895+0000] {dag.py:3239} INFO - Sync 1 DAGs
[2025-02-03T09:56:54.913+0000] {logging_mixin.py:190} INFO - [2025-02-03T09:56:54.913+0000] {dag.py:4180} INFO - Setting next_dagrun for tutorial_dag to None, run_after=None
[2025-02-03T09:56:54.926+0000] {processor.py:208} INFO - Processing /home/airflow/.local/lib/python3.12/site-packages/airflow/example_dags/tutorial_dag.py took 0.062 seconds
[2025-02-03T09:57:32.954+0000] {processor.py:186} INFO - Started process (PID=320) to work on /home/airflow/.local/lib/python3.12/site-packages/airflow/example_dags/tutorial_dag.py
[2025-02-03T09:57:32.955+0000] {processor.py:914} INFO - Processing file /home/airflow/.local/lib/python3.12/site-packages/airflow/example_dags/tutorial_dag.py for tasks to queue
[2025-02-03T09:57:32.958+0000] {logging_mixin.py:190} INFO - [2025-02-03T09:57:32.958+0000] {dagbag.py:588} INFO - Filling up the DagBag from /home/airflow/.local/lib/python3.12/site-packages/airflow/example_dags/tutorial_dag.py
[2025-02-03T09:57:32.966+0000] {processor.py:925} INFO - DAG(s) 'tutorial_dag' retrieved from /home/airflow/.local/lib/python3.12/site-packages/airflow/example_dags/tutorial_dag.py
[2025-02-03T09:57:32.985+0000] {logging_mixin.py:190} INFO - [2025-02-03T09:57:32.985+0000] {dag.py:3239} INFO - Sync 1 DAGs
[2025-02-03T09:57:33.005+0000] {logging_mixin.py:190} INFO - [2025-02-03T09:57:33.005+0000] {dag.py:4180} INFO - Setting next_dagrun for tutorial_dag to None, run_after=None
[2025-02-03T09:57:33.021+0000] {processor.py:208} INFO - Processing /home/airflow/.local/lib/python3.12/site-packages/airflow/example_dags/tutorial_dag.py took 0.073 seconds
[2025-02-03T09:58:05.753+0000] {processor.py:186} INFO - Started process (PID=384) to work on /home/airflow/.local/lib/python3.12/site-packages/airflow/example_dags/tutorial_dag.py
[2025-02-03T09:58:05.755+0000] {processor.py:914} INFO - Processing file /home/airflow/.local/lib/python3.12/site-packages/airflow/example_dags/tutorial_dag.py for tasks to queue
[2025-02-03T09:58:05.757+0000] {logging_mixin.py:190} INFO - [2025-02-03T09:58:05.756+0000] {dagbag.py:588} INFO - Filling up the DagBag from /home/airflow/.local/lib/python3.12/site-packages/airflow/example_dags/tutorial_dag.py
[2025-02-03T09:58:05.763+0000] {processor.py:925} INFO - DAG(s) 'tutorial_dag' retrieved from /home/airflow/.local/lib/python3.12/site-packages/airflow/example_dags/tutorial_dag.py
[2025-02-03T09:58:05.821+0000] {logging_mixin.py:190} INFO - [2025-02-03T09:58:05.821+0000] {dag.py:3239} INFO - Sync 1 DAGs
[2025-02-03T09:58:05.855+0000] {logging_mixin.py:190} INFO - [2025-02-03T09:58:05.854+0000] {dag.py:4180} INFO - Setting next_dagrun for tutorial_dag to None, run_after=None
[2025-02-03T09:58:05.911+0000] {processor.py:208} INFO - Processing /home/airflow/.local/lib/python3.12/site-packages/airflow/example_dags/tutorial_dag.py took 0.180 seconds
[2025-02-03T09:58:36.101+0000] {processor.py:186} INFO - Started process (PID=447) to work on /home/airflow/.local/lib/python3.12/site-packages/airflow/example_dags/tutorial_dag.py
[2025-02-03T09:58:36.103+0000] {processor.py:914} INFO - Processing file /home/airflow/.local/lib/python3.12/site-packages/airflow/example_dags/tutorial_dag.py for tasks to queue
[2025-02-03T09:58:36.107+0000] {logging_mixin.py:190} INFO - [2025-02-03T09:58:36.106+0000] {dagbag.py:588} INFO - Filling up the DagBag from /home/airflow/.local/lib/python3.12/site-packages/airflow/example_dags/tutorial_dag.py
[2025-02-03T09:58:36.121+0000] {processor.py:925} INFO - DAG(s) 'tutorial_dag' retrieved from /home/airflow/.local/lib/python3.12/site-packages/airflow/example_dags/tutorial_dag.py
[2025-02-03T09:58:36.143+0000] {logging_mixin.py:190} INFO - [2025-02-03T09:58:36.143+0000] {dag.py:3239} INFO - Sync 1 DAGs
[2025-02-03T09:58:36.157+0000] {logging_mixin.py:190} INFO - [2025-02-03T09:58:36.157+0000] {dag.py:4180} INFO - Setting next_dagrun for tutorial_dag to None, run_after=None
[2025-02-03T09:58:36.177+0000] {processor.py:208} INFO - Processing /home/airflow/.local/lib/python3.12/site-packages/airflow/example_dags/tutorial_dag.py took 0.082 seconds
[2025-02-03T09:59:06.469+0000] {processor.py:186} INFO - Started process (PID=512) to work on /home/airflow/.local/lib/python3.12/site-packages/airflow/example_dags/tutorial_dag.py
[2025-02-03T09:59:06.471+0000] {processor.py:914} INFO - Processing file /home/airflow/.local/lib/python3.12/site-packages/airflow/example_dags/tutorial_dag.py for tasks to queue
[2025-02-03T09:59:06.473+0000] {logging_mixin.py:190} INFO - [2025-02-03T09:59:06.473+0000] {dagbag.py:588} INFO - Filling up the DagBag from /home/airflow/.local/lib/python3.12/site-packages/airflow/example_dags/tutorial_dag.py
[2025-02-03T09:59:06.481+0000] {processor.py:925} INFO - DAG(s) 'tutorial_dag' retrieved from /home/airflow/.local/lib/python3.12/site-packages/airflow/example_dags/tutorial_dag.py
[2025-02-03T09:59:06.500+0000] {logging_mixin.py:190} INFO - [2025-02-03T09:59:06.500+0000] {dag.py:3239} INFO - Sync 1 DAGs
[2025-02-03T09:59:06.517+0000] {logging_mixin.py:190} INFO - [2025-02-03T09:59:06.517+0000] {dag.py:4180} INFO - Setting next_dagrun for tutorial_dag to None, run_after=None
[2025-02-03T09:59:06.539+0000] {processor.py:208} INFO - Processing /home/airflow/.local/lib/python3.12/site-packages/airflow/example_dags/tutorial_dag.py took 0.074 seconds
[2025-02-03T09:59:37.392+0000] {processor.py:186} INFO - Started process (PID=576) to work on /home/airflow/.local/lib/python3.12/site-packages/airflow/example_dags/tutorial_dag.py
[2025-02-03T09:59:37.393+0000] {processor.py:914} INFO - Processing file /home/airflow/.local/lib/python3.12/site-packages/airflow/example_dags/tutorial_dag.py for tasks to queue
[2025-02-03T09:59:37.396+0000] {logging_mixin.py:190} INFO - [2025-02-03T09:59:37.395+0000] {dagbag.py:588} INFO - Filling up the DagBag from /home/airflow/.local/lib/python3.12/site-packages/airflow/example_dags/tutorial_dag.py
[2025-02-03T09:59:37.404+0000] {processor.py:925} INFO - DAG(s) 'tutorial_dag' retrieved from /home/airflow/.local/lib/python3.12/site-packages/airflow/example_dags/tutorial_dag.py
[2025-02-03T09:59:37.426+0000] {logging_mixin.py:190} INFO - [2025-02-03T09:59:37.426+0000] {dag.py:3239} INFO - Sync 1 DAGs
[2025-02-03T09:59:37.478+0000] {logging_mixin.py:190} INFO - [2025-02-03T09:59:37.477+0000] {dag.py:4180} INFO - Setting next_dagrun for tutorial_dag to None, run_after=None
[2025-02-03T09:59:37.531+0000] {processor.py:208} INFO - Processing /home/airflow/.local/lib/python3.12/site-packages/airflow/example_dags/tutorial_dag.py took 0.151 seconds
[2025-02-03T10:00:10.190+0000] {processor.py:186} INFO - Started process (PID=640) to work on /home/airflow/.local/lib/python3.12/site-packages/airflow/example_dags/tutorial_dag.py
[2025-02-03T10:00:10.194+0000] {processor.py:914} INFO - Processing file /home/airflow/.local/lib/python3.12/site-packages/airflow/example_dags/tutorial_dag.py for tasks to queue
[2025-02-03T10:00:10.198+0000] {logging_mixin.py:190} INFO - [2025-02-03T10:00:10.197+0000] {dagbag.py:588} INFO - Filling up the DagBag from /home/airflow/.local/lib/python3.12/site-packages/airflow/example_dags/tutorial_dag.py
[2025-02-03T10:00:10.210+0000] {processor.py:925} INFO - DAG(s) 'tutorial_dag' retrieved from /home/airflow/.local/lib/python3.12/site-packages/airflow/example_dags/tutorial_dag.py
[2025-02-03T10:00:10.242+0000] {logging_mixin.py:190} INFO - [2025-02-03T10:00:10.242+0000] {dag.py:3239} INFO - Sync 1 DAGs
[2025-02-03T10:00:10.269+0000] {logging_mixin.py:190} INFO - [2025-02-03T10:00:10.269+0000] {dag.py:4180} INFO - Setting next_dagrun for tutorial_dag to None, run_after=None
[2025-02-03T10:00:10.308+0000] {processor.py:208} INFO - Processing /home/airflow/.local/lib/python3.12/site-packages/airflow/example_dags/tutorial_dag.py took 0.123 seconds
[2025-02-03T10:00:40.714+0000] {processor.py:186} INFO - Started process (PID=704) to work on /home/airflow/.local/lib/python3.12/site-packages/airflow/example_dags/tutorial_dag.py
[2025-02-03T10:00:40.715+0000] {processor.py:914} INFO - Processing file /home/airflow/.local/lib/python3.12/site-packages/airflow/example_dags/tutorial_dag.py for tasks to queue
[2025-02-03T10:00:40.718+0000] {logging_mixin.py:190} INFO - [2025-02-03T10:00:40.717+0000] {dagbag.py:588} INFO - Filling up the DagBag from /home/airflow/.local/lib/python3.12/site-packages/airflow/example_dags/tutorial_dag.py
[2025-02-03T10:00:40.724+0000] {processor.py:925} INFO - DAG(s) 'tutorial_dag' retrieved from /home/airflow/.local/lib/python3.12/site-packages/airflow/example_dags/tutorial_dag.py
[2025-02-03T10:00:40.742+0000] {logging_mixin.py:190} INFO - [2025-02-03T10:00:40.742+0000] {dag.py:3239} INFO - Sync 1 DAGs
[2025-02-03T10:00:40.754+0000] {logging_mixin.py:190} INFO - [2025-02-03T10:00:40.754+0000] {dag.py:4180} INFO - Setting next_dagrun for tutorial_dag to None, run_after=None
[2025-02-03T10:00:40.772+0000] {processor.py:208} INFO - Processing /home/airflow/.local/lib/python3.12/site-packages/airflow/example_dags/tutorial_dag.py took 0.063 seconds
[2025-02-03T10:01:13.618+0000] {processor.py:186} INFO - Started process (PID=768) to work on /home/airflow/.local/lib/python3.12/site-packages/airflow/example_dags/tutorial_dag.py
[2025-02-03T10:01:13.619+0000] {processor.py:914} INFO - Processing file /home/airflow/.local/lib/python3.12/site-packages/airflow/example_dags/tutorial_dag.py for tasks to queue
[2025-02-03T10:01:13.621+0000] {logging_mixin.py:190} INFO - [2025-02-03T10:01:13.621+0000] {dagbag.py:588} INFO - Filling up the DagBag from /home/airflow/.local/lib/python3.12/site-packages/airflow/example_dags/tutorial_dag.py
[2025-02-03T10:01:13.628+0000] {processor.py:925} INFO - DAG(s) 'tutorial_dag' retrieved from /home/airflow/.local/lib/python3.12/site-packages/airflow/example_dags/tutorial_dag.py
[2025-02-03T10:01:13.644+0000] {logging_mixin.py:190} INFO - [2025-02-03T10:01:13.643+0000] {dag.py:3239} INFO - Sync 1 DAGs
[2025-02-03T10:01:13.655+0000] {logging_mixin.py:190} INFO - [2025-02-03T10:01:13.655+0000] {dag.py:4180} INFO - Setting next_dagrun for tutorial_dag to None, run_after=None
[2025-02-03T10:01:13.670+0000] {processor.py:208} INFO - Processing /home/airflow/.local/lib/python3.12/site-packages/airflow/example_dags/tutorial_dag.py took 0.059 seconds
[2025-02-03T10:01:45.551+0000] {processor.py:186} INFO - Started process (PID=832) to work on /home/airflow/.local/lib/python3.12/site-packages/airflow/example_dags/tutorial_dag.py
[2025-02-03T10:01:45.553+0000] {processor.py:914} INFO - Processing file /home/airflow/.local/lib/python3.12/site-packages/airflow/example_dags/tutorial_dag.py for tasks to queue
[2025-02-03T10:01:45.557+0000] {logging_mixin.py:190} INFO - [2025-02-03T10:01:45.557+0000] {dagbag.py:588} INFO - Filling up the DagBag from /home/airflow/.local/lib/python3.12/site-packages/airflow/example_dags/tutorial_dag.py
[2025-02-03T10:01:45.566+0000] {processor.py:925} INFO - DAG(s) 'tutorial_dag' retrieved from /home/airflow/.local/lib/python3.12/site-packages/airflow/example_dags/tutorial_dag.py
[2025-02-03T10:01:45.584+0000] {logging_mixin.py:190} INFO - [2025-02-03T10:01:45.584+0000] {dag.py:3239} INFO - Sync 1 DAGs
[2025-02-03T10:01:45.600+0000] {logging_mixin.py:190} INFO - [2025-02-03T10:01:45.599+0000] {dag.py:4180} INFO - Setting next_dagrun for tutorial_dag to None, run_after=None
[2025-02-03T10:01:45.622+0000] {processor.py:208} INFO - Processing /home/airflow/.local/lib/python3.12/site-packages/airflow/example_dags/tutorial_dag.py took 0.076 seconds
[2025-02-03T10:02:17.929+0000] {processor.py:186} INFO - Started process (PID=897) to work on /home/airflow/.local/lib/python3.12/site-packages/airflow/example_dags/tutorial_dag.py
[2025-02-03T10:02:17.931+0000] {processor.py:914} INFO - Processing file /home/airflow/.local/lib/python3.12/site-packages/airflow/example_dags/tutorial_dag.py for tasks to queue
[2025-02-03T10:02:17.933+0000] {logging_mixin.py:190} INFO - [2025-02-03T10:02:17.933+0000] {dagbag.py:588} INFO - Filling up the DagBag from /home/airflow/.local/lib/python3.12/site-packages/airflow/example_dags/tutorial_dag.py
[2025-02-03T10:02:17.940+0000] {processor.py:925} INFO - DAG(s) 'tutorial_dag' retrieved from /home/airflow/.local/lib/python3.12/site-packages/airflow/example_dags/tutorial_dag.py
[2025-02-03T10:02:17.957+0000] {logging_mixin.py:190} INFO - [2025-02-03T10:02:17.957+0000] {dag.py:3239} INFO - Sync 1 DAGs
[2025-02-03T10:02:17.970+0000] {logging_mixin.py:190} INFO - [2025-02-03T10:02:17.970+0000] {dag.py:4180} INFO - Setting next_dagrun for tutorial_dag to None, run_after=None
[2025-02-03T10:02:17.988+0000] {processor.py:208} INFO - Processing /home/airflow/.local/lib/python3.12/site-packages/airflow/example_dags/tutorial_dag.py took 0.064 seconds
[2025-02-03T10:02:49.223+0000] {processor.py:186} INFO - Started process (PID=971) to work on /home/airflow/.local/lib/python3.12/site-packages/airflow/example_dags/tutorial_dag.py
[2025-02-03T10:02:49.225+0000] {processor.py:914} INFO - Processing file /home/airflow/.local/lib/python3.12/site-packages/airflow/example_dags/tutorial_dag.py for tasks to queue
[2025-02-03T10:02:49.228+0000] {logging_mixin.py:190} INFO - [2025-02-03T10:02:49.227+0000] {dagbag.py:588} INFO - Filling up the DagBag from /home/airflow/.local/lib/python3.12/site-packages/airflow/example_dags/tutorial_dag.py
[2025-02-03T10:02:49.235+0000] {processor.py:925} INFO - DAG(s) 'tutorial_dag' retrieved from /home/airflow/.local/lib/python3.12/site-packages/airflow/example_dags/tutorial_dag.py
[2025-02-03T10:02:49.251+0000] {logging_mixin.py:190} INFO - [2025-02-03T10:02:49.251+0000] {dag.py:3239} INFO - Sync 1 DAGs
[2025-02-03T10:02:49.264+0000] {logging_mixin.py:190} INFO - [2025-02-03T10:02:49.263+0000] {dag.py:4180} INFO - Setting next_dagrun for tutorial_dag to None, run_after=None
[2025-02-03T10:02:49.280+0000] {processor.py:208} INFO - Processing /home/airflow/.local/lib/python3.12/site-packages/airflow/example_dags/tutorial_dag.py took 0.064 seconds
[2025-02-03T10:03:19.665+0000] {processor.py:186} INFO - Started process (PID=1029) to work on /home/airflow/.local/lib/python3.12/site-packages/airflow/example_dags/tutorial_dag.py
[2025-02-03T10:03:19.667+0000] {processor.py:914} INFO - Processing file /home/airflow/.local/lib/python3.12/site-packages/airflow/example_dags/tutorial_dag.py for tasks to queue
[2025-02-03T10:03:19.670+0000] {logging_mixin.py:190} INFO - [2025-02-03T10:03:19.670+0000] {dagbag.py:588} INFO - Filling up the DagBag from /home/airflow/.local/lib/python3.12/site-packages/airflow/example_dags/tutorial_dag.py
[2025-02-03T10:03:19.679+0000] {processor.py:925} INFO - DAG(s) 'tutorial_dag' retrieved from /home/airflow/.local/lib/python3.12/site-packages/airflow/example_dags/tutorial_dag.py
[2025-02-03T10:03:19.698+0000] {logging_mixin.py:190} INFO - [2025-02-03T10:03:19.698+0000] {dag.py:3239} INFO - Sync 1 DAGs
[2025-02-03T10:03:19.713+0000] {logging_mixin.py:190} INFO - [2025-02-03T10:03:19.713+0000] {dag.py:4180} INFO - Setting next_dagrun for tutorial_dag to None, run_after=None
[2025-02-03T10:03:19.734+0000] {processor.py:208} INFO - Processing /home/airflow/.local/lib/python3.12/site-packages/airflow/example_dags/tutorial_dag.py took 0.075 seconds
[2025-02-03T10:03:50.506+0000] {processor.py:186} INFO - Started process (PID=1093) to work on /home/airflow/.local/lib/python3.12/site-packages/airflow/example_dags/tutorial_dag.py
[2025-02-03T10:03:50.507+0000] {processor.py:914} INFO - Processing file /home/airflow/.local/lib/python3.12/site-packages/airflow/example_dags/tutorial_dag.py for tasks to queue
[2025-02-03T10:03:50.514+0000] {logging_mixin.py:190} INFO - [2025-02-03T10:03:50.514+0000] {dagbag.py:588} INFO - Filling up the DagBag from /home/airflow/.local/lib/python3.12/site-packages/airflow/example_dags/tutorial_dag.py
[2025-02-03T10:03:50.522+0000] {processor.py:925} INFO - DAG(s) 'tutorial_dag' retrieved from /home/airflow/.local/lib/python3.12/site-packages/airflow/example_dags/tutorial_dag.py
[2025-02-03T10:03:50.542+0000] {logging_mixin.py:190} INFO - [2025-02-03T10:03:50.542+0000] {dag.py:3239} INFO - Sync 1 DAGs
[2025-02-03T10:03:50.554+0000] {logging_mixin.py:190} INFO - [2025-02-03T10:03:50.554+0000] {dag.py:4180} INFO - Setting next_dagrun for tutorial_dag to None, run_after=None
[2025-02-03T10:03:50.576+0000] {processor.py:208} INFO - Processing /home/airflow/.local/lib/python3.12/site-packages/airflow/example_dags/tutorial_dag.py took 0.076 seconds
[2025-02-03T10:04:22.882+0000] {processor.py:186} INFO - Started process (PID=1157) to work on /home/airflow/.local/lib/python3.12/site-packages/airflow/example_dags/tutorial_dag.py
[2025-02-03T10:04:22.890+0000] {processor.py:914} INFO - Processing file /home/airflow/.local/lib/python3.12/site-packages/airflow/example_dags/tutorial_dag.py for tasks to queue
[2025-02-03T10:04:22.893+0000] {logging_mixin.py:190} INFO - [2025-02-03T10:04:22.893+0000] {dagbag.py:588} INFO - Filling up the DagBag from /home/airflow/.local/lib/python3.12/site-packages/airflow/example_dags/tutorial_dag.py
[2025-02-03T10:04:22.909+0000] {processor.py:925} INFO - DAG(s) 'tutorial_dag' retrieved from /home/airflow/.local/lib/python3.12/site-packages/airflow/example_dags/tutorial_dag.py
[2025-02-03T10:04:22.945+0000] {logging_mixin.py:190} INFO - [2025-02-03T10:04:22.945+0000] {dag.py:3239} INFO - Sync 1 DAGs
[2025-02-03T10:04:22.984+0000] {logging_mixin.py:190} INFO - [2025-02-03T10:04:22.984+0000] {dag.py:4180} INFO - Setting next_dagrun for tutorial_dag to None, run_after=None
[2025-02-03T10:04:23.021+0000] {processor.py:208} INFO - Processing /home/airflow/.local/lib/python3.12/site-packages/airflow/example_dags/tutorial_dag.py took 0.145 seconds
[2025-02-03T10:04:53.718+0000] {processor.py:186} INFO - Started process (PID=1222) to work on /home/airflow/.local/lib/python3.12/site-packages/airflow/example_dags/tutorial_dag.py
[2025-02-03T10:04:53.719+0000] {processor.py:914} INFO - Processing file /home/airflow/.local/lib/python3.12/site-packages/airflow/example_dags/tutorial_dag.py for tasks to queue
[2025-02-03T10:04:53.721+0000] {logging_mixin.py:190} INFO - [2025-02-03T10:04:53.721+0000] {dagbag.py:588} INFO - Filling up the DagBag from /home/airflow/.local/lib/python3.12/site-packages/airflow/example_dags/tutorial_dag.py
[2025-02-03T10:04:53.729+0000] {processor.py:925} INFO - DAG(s) 'tutorial_dag' retrieved from /home/airflow/.local/lib/python3.12/site-packages/airflow/example_dags/tutorial_dag.py
[2025-02-03T10:04:53.748+0000] {logging_mixin.py:190} INFO - [2025-02-03T10:04:53.748+0000] {dag.py:3239} INFO - Sync 1 DAGs
[2025-02-03T10:04:53.763+0000] {logging_mixin.py:190} INFO - [2025-02-03T10:04:53.763+0000] {dag.py:4180} INFO - Setting next_dagrun for tutorial_dag to None, run_after=None
[2025-02-03T10:04:53.782+0000] {processor.py:208} INFO - Processing /home/airflow/.local/lib/python3.12/site-packages/airflow/example_dags/tutorial_dag.py took 0.069 seconds
[2025-02-03T10:05:25.297+0000] {processor.py:186} INFO - Started process (PID=1286) to work on /home/airflow/.local/lib/python3.12/site-packages/airflow/example_dags/tutorial_dag.py
[2025-02-03T10:05:25.299+0000] {processor.py:914} INFO - Processing file /home/airflow/.local/lib/python3.12/site-packages/airflow/example_dags/tutorial_dag.py for tasks to queue
[2025-02-03T10:05:25.303+0000] {logging_mixin.py:190} INFO - [2025-02-03T10:05:25.302+0000] {dagbag.py:588} INFO - Filling up the DagBag from /home/airflow/.local/lib/python3.12/site-packages/airflow/example_dags/tutorial_dag.py
[2025-02-03T10:05:25.311+0000] {processor.py:925} INFO - DAG(s) 'tutorial_dag' retrieved from /home/airflow/.local/lib/python3.12/site-packages/airflow/example_dags/tutorial_dag.py
[2025-02-03T10:05:25.338+0000] {logging_mixin.py:190} INFO - [2025-02-03T10:05:25.338+0000] {dag.py:3239} INFO - Sync 1 DAGs
[2025-02-03T10:05:25.352+0000] {logging_mixin.py:190} INFO - [2025-02-03T10:05:25.352+0000] {dag.py:4180} INFO - Setting next_dagrun for tutorial_dag to None, run_after=None
[2025-02-03T10:05:25.373+0000] {processor.py:208} INFO - Processing /home/airflow/.local/lib/python3.12/site-packages/airflow/example_dags/tutorial_dag.py took 0.084 seconds
[2025-02-03T10:05:56.020+0000] {processor.py:186} INFO - Started process (PID=1350) to work on /home/airflow/.local/lib/python3.12/site-packages/airflow/example_dags/tutorial_dag.py
[2025-02-03T10:05:56.021+0000] {processor.py:914} INFO - Processing file /home/airflow/.local/lib/python3.12/site-packages/airflow/example_dags/tutorial_dag.py for tasks to queue
[2025-02-03T10:05:56.022+0000] {logging_mixin.py:190} INFO - [2025-02-03T10:05:56.022+0000] {dagbag.py:588} INFO - Filling up the DagBag from /home/airflow/.local/lib/python3.12/site-packages/airflow/example_dags/tutorial_dag.py
[2025-02-03T10:05:56.029+0000] {processor.py:925} INFO - DAG(s) 'tutorial_dag' retrieved from /home/airflow/.local/lib/python3.12/site-packages/airflow/example_dags/tutorial_dag.py
[2025-02-03T10:05:56.051+0000] {logging_mixin.py:190} INFO - [2025-02-03T10:05:56.051+0000] {dag.py:3239} INFO - Sync 1 DAGs
[2025-02-03T10:05:56.065+0000] {logging_mixin.py:190} INFO - [2025-02-03T10:05:56.064+0000] {dag.py:4180} INFO - Setting next_dagrun for tutorial_dag to None, run_after=None
[2025-02-03T10:05:56.088+0000] {processor.py:208} INFO - Processing /home/airflow/.local/lib/python3.12/site-packages/airflow/example_dags/tutorial_dag.py took 0.075 seconds
[2025-02-03T10:06:27.225+0000] {processor.py:186} INFO - Started process (PID=1414) to work on /home/airflow/.local/lib/python3.12/site-packages/airflow/example_dags/tutorial_dag.py
[2025-02-03T10:06:27.226+0000] {processor.py:914} INFO - Processing file /home/airflow/.local/lib/python3.12/site-packages/airflow/example_dags/tutorial_dag.py for tasks to queue
[2025-02-03T10:06:27.229+0000] {logging_mixin.py:190} INFO - [2025-02-03T10:06:27.229+0000] {dagbag.py:588} INFO - Filling up the DagBag from /home/airflow/.local/lib/python3.12/site-packages/airflow/example_dags/tutorial_dag.py
[2025-02-03T10:06:27.237+0000] {processor.py:925} INFO - DAG(s) 'tutorial_dag' retrieved from /home/airflow/.local/lib/python3.12/site-packages/airflow/example_dags/tutorial_dag.py
[2025-02-03T10:06:27.256+0000] {logging_mixin.py:190} INFO - [2025-02-03T10:06:27.256+0000] {dag.py:3239} INFO - Sync 1 DAGs
[2025-02-03T10:06:27.271+0000] {logging_mixin.py:190} INFO - [2025-02-03T10:06:27.271+0000] {dag.py:4180} INFO - Setting next_dagrun for tutorial_dag to None, run_after=None
[2025-02-03T10:06:27.289+0000] {processor.py:208} INFO - Processing /home/airflow/.local/lib/python3.12/site-packages/airflow/example_dags/tutorial_dag.py took 0.069 seconds
[2025-02-03T10:13:05.875+0000] {processor.py:186} INFO - Started process (PID=66) to work on /home/airflow/.local/lib/python3.12/site-packages/airflow/example_dags/tutorial_dag.py
[2025-02-03T10:13:05.888+0000] {processor.py:914} INFO - Processing file /home/airflow/.local/lib/python3.12/site-packages/airflow/example_dags/tutorial_dag.py for tasks to queue
[2025-02-03T10:13:05.891+0000] {logging_mixin.py:190} INFO - [2025-02-03T10:13:05.891+0000] {dagbag.py:588} INFO - Filling up the DagBag from /home/airflow/.local/lib/python3.12/site-packages/airflow/example_dags/tutorial_dag.py
[2025-02-03T10:13:05.930+0000] {processor.py:925} INFO - DAG(s) 'tutorial_dag' retrieved from /home/airflow/.local/lib/python3.12/site-packages/airflow/example_dags/tutorial_dag.py
[2025-02-03T10:13:06.023+0000] {logging_mixin.py:190} INFO - [2025-02-03T10:13:06.023+0000] {dag.py:3239} INFO - Sync 1 DAGs
[2025-02-03T10:13:06.120+0000] {logging_mixin.py:190} INFO - [2025-02-03T10:13:06.119+0000] {dag.py:4180} INFO - Setting next_dagrun for tutorial_dag to None, run_after=None
[2025-02-03T10:13:06.176+0000] {processor.py:208} INFO - Processing /home/airflow/.local/lib/python3.12/site-packages/airflow/example_dags/tutorial_dag.py took 0.306 seconds
[2025-02-03T10:13:37.426+0000] {processor.py:186} INFO - Started process (PID=130) to work on /home/airflow/.local/lib/python3.12/site-packages/airflow/example_dags/tutorial_dag.py
[2025-02-03T10:13:37.452+0000] {processor.py:914} INFO - Processing file /home/airflow/.local/lib/python3.12/site-packages/airflow/example_dags/tutorial_dag.py for tasks to queue
[2025-02-03T10:13:37.463+0000] {logging_mixin.py:190} INFO - [2025-02-03T10:13:37.462+0000] {dagbag.py:588} INFO - Filling up the DagBag from /home/airflow/.local/lib/python3.12/site-packages/airflow/example_dags/tutorial_dag.py
[2025-02-03T10:13:37.486+0000] {processor.py:925} INFO - DAG(s) 'tutorial_dag' retrieved from /home/airflow/.local/lib/python3.12/site-packages/airflow/example_dags/tutorial_dag.py
[2025-02-03T10:13:37.581+0000] {logging_mixin.py:190} INFO - [2025-02-03T10:13:37.580+0000] {dag.py:3239} INFO - Sync 1 DAGs
[2025-02-03T10:13:37.627+0000] {logging_mixin.py:190} INFO - [2025-02-03T10:13:37.626+0000] {dag.py:4180} INFO - Setting next_dagrun for tutorial_dag to None, run_after=None
[2025-02-03T10:13:37.676+0000] {processor.py:208} INFO - Processing /home/airflow/.local/lib/python3.12/site-packages/airflow/example_dags/tutorial_dag.py took 0.259 seconds
[2025-02-03T10:14:09.671+0000] {processor.py:186} INFO - Started process (PID=194) to work on /home/airflow/.local/lib/python3.12/site-packages/airflow/example_dags/tutorial_dag.py
[2025-02-03T10:14:09.673+0000] {processor.py:914} INFO - Processing file /home/airflow/.local/lib/python3.12/site-packages/airflow/example_dags/tutorial_dag.py for tasks to queue
[2025-02-03T10:14:09.676+0000] {logging_mixin.py:190} INFO - [2025-02-03T10:14:09.676+0000] {dagbag.py:588} INFO - Filling up the DagBag from /home/airflow/.local/lib/python3.12/site-packages/airflow/example_dags/tutorial_dag.py
[2025-02-03T10:14:09.687+0000] {processor.py:925} INFO - DAG(s) 'tutorial_dag' retrieved from /home/airflow/.local/lib/python3.12/site-packages/airflow/example_dags/tutorial_dag.py
[2025-02-03T10:14:09.714+0000] {logging_mixin.py:190} INFO - [2025-02-03T10:14:09.714+0000] {dag.py:3239} INFO - Sync 1 DAGs
[2025-02-03T10:14:09.730+0000] {logging_mixin.py:190} INFO - [2025-02-03T10:14:09.730+0000] {dag.py:4180} INFO - Setting next_dagrun for tutorial_dag to None, run_after=None
[2025-02-03T10:14:09.756+0000] {processor.py:208} INFO - Processing /home/airflow/.local/lib/python3.12/site-packages/airflow/example_dags/tutorial_dag.py took 0.093 seconds
[2025-02-03T10:14:40.559+0000] {processor.py:186} INFO - Started process (PID=258) to work on /home/airflow/.local/lib/python3.12/site-packages/airflow/example_dags/tutorial_dag.py
[2025-02-03T10:14:40.561+0000] {processor.py:914} INFO - Processing file /home/airflow/.local/lib/python3.12/site-packages/airflow/example_dags/tutorial_dag.py for tasks to queue
[2025-02-03T10:14:40.565+0000] {logging_mixin.py:190} INFO - [2025-02-03T10:14:40.564+0000] {dagbag.py:588} INFO - Filling up the DagBag from /home/airflow/.local/lib/python3.12/site-packages/airflow/example_dags/tutorial_dag.py
[2025-02-03T10:14:40.573+0000] {processor.py:925} INFO - DAG(s) 'tutorial_dag' retrieved from /home/airflow/.local/lib/python3.12/site-packages/airflow/example_dags/tutorial_dag.py
[2025-02-03T10:14:40.591+0000] {logging_mixin.py:190} INFO - [2025-02-03T10:14:40.591+0000] {dag.py:3239} INFO - Sync 1 DAGs
[2025-02-03T10:14:40.603+0000] {logging_mixin.py:190} INFO - [2025-02-03T10:14:40.603+0000] {dag.py:4180} INFO - Setting next_dagrun for tutorial_dag to None, run_after=None
[2025-02-03T10:14:40.623+0000] {processor.py:208} INFO - Processing /home/airflow/.local/lib/python3.12/site-packages/airflow/example_dags/tutorial_dag.py took 0.069 seconds
[2025-02-03T10:15:10.859+0000] {processor.py:186} INFO - Started process (PID=323) to work on /home/airflow/.local/lib/python3.12/site-packages/airflow/example_dags/tutorial_dag.py
[2025-02-03T10:15:10.860+0000] {processor.py:914} INFO - Processing file /home/airflow/.local/lib/python3.12/site-packages/airflow/example_dags/tutorial_dag.py for tasks to queue
[2025-02-03T10:15:10.862+0000] {logging_mixin.py:190} INFO - [2025-02-03T10:15:10.862+0000] {dagbag.py:588} INFO - Filling up the DagBag from /home/airflow/.local/lib/python3.12/site-packages/airflow/example_dags/tutorial_dag.py
[2025-02-03T10:15:10.869+0000] {processor.py:925} INFO - DAG(s) 'tutorial_dag' retrieved from /home/airflow/.local/lib/python3.12/site-packages/airflow/example_dags/tutorial_dag.py
[2025-02-03T10:15:10.886+0000] {logging_mixin.py:190} INFO - [2025-02-03T10:15:10.886+0000] {dag.py:3239} INFO - Sync 1 DAGs
[2025-02-03T10:15:10.897+0000] {logging_mixin.py:190} INFO - [2025-02-03T10:15:10.897+0000] {dag.py:4180} INFO - Setting next_dagrun for tutorial_dag to None, run_after=None
[2025-02-03T10:15:10.913+0000] {processor.py:208} INFO - Processing /home/airflow/.local/lib/python3.12/site-packages/airflow/example_dags/tutorial_dag.py took 0.059 seconds
[2025-02-03T10:15:41.026+0000] {processor.py:186} INFO - Started process (PID=386) to work on /home/airflow/.local/lib/python3.12/site-packages/airflow/example_dags/tutorial_dag.py
[2025-02-03T10:15:41.028+0000] {processor.py:914} INFO - Processing file /home/airflow/.local/lib/python3.12/site-packages/airflow/example_dags/tutorial_dag.py for tasks to queue
[2025-02-03T10:15:41.032+0000] {logging_mixin.py:190} INFO - [2025-02-03T10:15:41.031+0000] {dagbag.py:588} INFO - Filling up the DagBag from /home/airflow/.local/lib/python3.12/site-packages/airflow/example_dags/tutorial_dag.py
[2025-02-03T10:15:41.038+0000] {processor.py:925} INFO - DAG(s) 'tutorial_dag' retrieved from /home/airflow/.local/lib/python3.12/site-packages/airflow/example_dags/tutorial_dag.py
[2025-02-03T10:15:41.059+0000] {logging_mixin.py:190} INFO - [2025-02-03T10:15:41.059+0000] {dag.py:3239} INFO - Sync 1 DAGs
[2025-02-03T10:15:41.072+0000] {logging_mixin.py:190} INFO - [2025-02-03T10:15:41.072+0000] {dag.py:4180} INFO - Setting next_dagrun for tutorial_dag to None, run_after=None
[2025-02-03T10:15:41.093+0000] {processor.py:208} INFO - Processing /home/airflow/.local/lib/python3.12/site-packages/airflow/example_dags/tutorial_dag.py took 0.073 seconds
[2025-02-03T10:16:12.983+0000] {processor.py:186} INFO - Started process (PID=450) to work on /home/airflow/.local/lib/python3.12/site-packages/airflow/example_dags/tutorial_dag.py
[2025-02-03T10:16:12.984+0000] {processor.py:914} INFO - Processing file /home/airflow/.local/lib/python3.12/site-packages/airflow/example_dags/tutorial_dag.py for tasks to queue
[2025-02-03T10:16:12.986+0000] {logging_mixin.py:190} INFO - [2025-02-03T10:16:12.986+0000] {dagbag.py:588} INFO - Filling up the DagBag from /home/airflow/.local/lib/python3.12/site-packages/airflow/example_dags/tutorial_dag.py
[2025-02-03T10:16:12.993+0000] {processor.py:925} INFO - DAG(s) 'tutorial_dag' retrieved from /home/airflow/.local/lib/python3.12/site-packages/airflow/example_dags/tutorial_dag.py
[2025-02-03T10:16:13.007+0000] {logging_mixin.py:190} INFO - [2025-02-03T10:16:13.007+0000] {dag.py:3239} INFO - Sync 1 DAGs
[2025-02-03T10:16:13.018+0000] {logging_mixin.py:190} INFO - [2025-02-03T10:16:13.018+0000] {dag.py:4180} INFO - Setting next_dagrun for tutorial_dag to None, run_after=None
[2025-02-03T10:16:13.033+0000] {processor.py:208} INFO - Processing /home/airflow/.local/lib/python3.12/site-packages/airflow/example_dags/tutorial_dag.py took 0.056 seconds
[2025-02-03T10:16:44.281+0000] {processor.py:186} INFO - Started process (PID=515) to work on /home/airflow/.local/lib/python3.12/site-packages/airflow/example_dags/tutorial_dag.py
[2025-02-03T10:16:44.282+0000] {processor.py:914} INFO - Processing file /home/airflow/.local/lib/python3.12/site-packages/airflow/example_dags/tutorial_dag.py for tasks to queue
[2025-02-03T10:16:44.285+0000] {logging_mixin.py:190} INFO - [2025-02-03T10:16:44.285+0000] {dagbag.py:588} INFO - Filling up the DagBag from /home/airflow/.local/lib/python3.12/site-packages/airflow/example_dags/tutorial_dag.py
[2025-02-03T10:16:44.292+0000] {processor.py:925} INFO - DAG(s) 'tutorial_dag' retrieved from /home/airflow/.local/lib/python3.12/site-packages/airflow/example_dags/tutorial_dag.py
[2025-02-03T10:16:44.308+0000] {logging_mixin.py:190} INFO - [2025-02-03T10:16:44.308+0000] {dag.py:3239} INFO - Sync 1 DAGs
[2025-02-03T10:16:44.320+0000] {logging_mixin.py:190} INFO - [2025-02-03T10:16:44.320+0000] {dag.py:4180} INFO - Setting next_dagrun for tutorial_dag to None, run_after=None
[2025-02-03T10:16:44.336+0000] {processor.py:208} INFO - Processing /home/airflow/.local/lib/python3.12/site-packages/airflow/example_dags/tutorial_dag.py took 0.060 seconds
[2025-02-03T10:17:15.890+0000] {processor.py:186} INFO - Started process (PID=579) to work on /home/airflow/.local/lib/python3.12/site-packages/airflow/example_dags/tutorial_dag.py
[2025-02-03T10:17:15.892+0000] {processor.py:914} INFO - Processing file /home/airflow/.local/lib/python3.12/site-packages/airflow/example_dags/tutorial_dag.py for tasks to queue
[2025-02-03T10:17:15.896+0000] {logging_mixin.py:190} INFO - [2025-02-03T10:17:15.895+0000] {dagbag.py:588} INFO - Filling up the DagBag from /home/airflow/.local/lib/python3.12/site-packages/airflow/example_dags/tutorial_dag.py
[2025-02-03T10:17:15.910+0000] {processor.py:925} INFO - DAG(s) 'tutorial_dag' retrieved from /home/airflow/.local/lib/python3.12/site-packages/airflow/example_dags/tutorial_dag.py
[2025-02-03T10:17:15.939+0000] {logging_mixin.py:190} INFO - [2025-02-03T10:17:15.939+0000] {dag.py:3239} INFO - Sync 1 DAGs
[2025-02-03T10:17:15.970+0000] {logging_mixin.py:190} INFO - [2025-02-03T10:17:15.970+0000] {dag.py:4180} INFO - Setting next_dagrun for tutorial_dag to None, run_after=None
[2025-02-03T10:17:15.999+0000] {processor.py:208} INFO - Processing /home/airflow/.local/lib/python3.12/site-packages/airflow/example_dags/tutorial_dag.py took 0.117 seconds
[2025-02-03T10:17:46.704+0000] {processor.py:186} INFO - Started process (PID=644) to work on /home/airflow/.local/lib/python3.12/site-packages/airflow/example_dags/tutorial_dag.py
[2025-02-03T10:17:46.707+0000] {processor.py:914} INFO - Processing file /home/airflow/.local/lib/python3.12/site-packages/airflow/example_dags/tutorial_dag.py for tasks to queue
[2025-02-03T10:17:46.709+0000] {logging_mixin.py:190} INFO - [2025-02-03T10:17:46.709+0000] {dagbag.py:588} INFO - Filling up the DagBag from /home/airflow/.local/lib/python3.12/site-packages/airflow/example_dags/tutorial_dag.py
[2025-02-03T10:17:46.716+0000] {processor.py:925} INFO - DAG(s) 'tutorial_dag' retrieved from /home/airflow/.local/lib/python3.12/site-packages/airflow/example_dags/tutorial_dag.py
[2025-02-03T10:17:46.733+0000] {logging_mixin.py:190} INFO - [2025-02-03T10:17:46.732+0000] {dag.py:3239} INFO - Sync 1 DAGs
[2025-02-03T10:17:46.744+0000] {logging_mixin.py:190} INFO - [2025-02-03T10:17:46.744+0000] {dag.py:4180} INFO - Setting next_dagrun for tutorial_dag to None, run_after=None
[2025-02-03T10:17:46.763+0000] {processor.py:208} INFO - Processing /home/airflow/.local/lib/python3.12/site-packages/airflow/example_dags/tutorial_dag.py took 0.064 seconds
[2025-02-03T10:18:17.411+0000] {processor.py:186} INFO - Started process (PID=709) to work on /home/airflow/.local/lib/python3.12/site-packages/airflow/example_dags/tutorial_dag.py
[2025-02-03T10:18:17.412+0000] {processor.py:914} INFO - Processing file /home/airflow/.local/lib/python3.12/site-packages/airflow/example_dags/tutorial_dag.py for tasks to queue
[2025-02-03T10:18:17.414+0000] {logging_mixin.py:190} INFO - [2025-02-03T10:18:17.414+0000] {dagbag.py:588} INFO - Filling up the DagBag from /home/airflow/.local/lib/python3.12/site-packages/airflow/example_dags/tutorial_dag.py
[2025-02-03T10:18:17.422+0000] {processor.py:925} INFO - DAG(s) 'tutorial_dag' retrieved from /home/airflow/.local/lib/python3.12/site-packages/airflow/example_dags/tutorial_dag.py
[2025-02-03T10:18:17.437+0000] {logging_mixin.py:190} INFO - [2025-02-03T10:18:17.437+0000] {dag.py:3239} INFO - Sync 1 DAGs
[2025-02-03T10:18:17.448+0000] {logging_mixin.py:190} INFO - [2025-02-03T10:18:17.448+0000] {dag.py:4180} INFO - Setting next_dagrun for tutorial_dag to None, run_after=None
[2025-02-03T10:18:17.472+0000] {processor.py:208} INFO - Processing /home/airflow/.local/lib/python3.12/site-packages/airflow/example_dags/tutorial_dag.py took 0.065 seconds
[2025-02-03T10:18:48.850+0000] {processor.py:186} INFO - Started process (PID=773) to work on /home/airflow/.local/lib/python3.12/site-packages/airflow/example_dags/tutorial_dag.py
[2025-02-03T10:18:48.851+0000] {processor.py:914} INFO - Processing file /home/airflow/.local/lib/python3.12/site-packages/airflow/example_dags/tutorial_dag.py for tasks to queue
[2025-02-03T10:18:48.853+0000] {logging_mixin.py:190} INFO - [2025-02-03T10:18:48.853+0000] {dagbag.py:588} INFO - Filling up the DagBag from /home/airflow/.local/lib/python3.12/site-packages/airflow/example_dags/tutorial_dag.py
[2025-02-03T10:18:48.859+0000] {processor.py:925} INFO - DAG(s) 'tutorial_dag' retrieved from /home/airflow/.local/lib/python3.12/site-packages/airflow/example_dags/tutorial_dag.py
[2025-02-03T10:18:48.874+0000] {logging_mixin.py:190} INFO - [2025-02-03T10:18:48.874+0000] {dag.py:3239} INFO - Sync 1 DAGs
[2025-02-03T10:18:48.886+0000] {logging_mixin.py:190} INFO - [2025-02-03T10:18:48.886+0000] {dag.py:4180} INFO - Setting next_dagrun for tutorial_dag to None, run_after=None
[2025-02-03T10:18:48.902+0000] {processor.py:208} INFO - Processing /home/airflow/.local/lib/python3.12/site-packages/airflow/example_dags/tutorial_dag.py took 0.058 seconds
[2025-02-03T10:19:21.460+0000] {processor.py:186} INFO - Started process (PID=838) to work on /home/airflow/.local/lib/python3.12/site-packages/airflow/example_dags/tutorial_dag.py
[2025-02-03T10:19:21.462+0000] {processor.py:914} INFO - Processing file /home/airflow/.local/lib/python3.12/site-packages/airflow/example_dags/tutorial_dag.py for tasks to queue
[2025-02-03T10:19:21.465+0000] {logging_mixin.py:190} INFO - [2025-02-03T10:19:21.464+0000] {dagbag.py:588} INFO - Filling up the DagBag from /home/airflow/.local/lib/python3.12/site-packages/airflow/example_dags/tutorial_dag.py
[2025-02-03T10:19:21.473+0000] {processor.py:925} INFO - DAG(s) 'tutorial_dag' retrieved from /home/airflow/.local/lib/python3.12/site-packages/airflow/example_dags/tutorial_dag.py
[2025-02-03T10:19:21.490+0000] {logging_mixin.py:190} INFO - [2025-02-03T10:19:21.489+0000] {dag.py:3239} INFO - Sync 1 DAGs
[2025-02-03T10:19:21.505+0000] {logging_mixin.py:190} INFO - [2025-02-03T10:19:21.504+0000] {dag.py:4180} INFO - Setting next_dagrun for tutorial_dag to None, run_after=None
[2025-02-03T10:19:21.525+0000] {processor.py:208} INFO - Processing /home/airflow/.local/lib/python3.12/site-packages/airflow/example_dags/tutorial_dag.py took 0.070 seconds
[2025-02-03T10:19:51.955+0000] {processor.py:186} INFO - Started process (PID=901) to work on /home/airflow/.local/lib/python3.12/site-packages/airflow/example_dags/tutorial_dag.py
[2025-02-03T10:19:51.956+0000] {processor.py:914} INFO - Processing file /home/airflow/.local/lib/python3.12/site-packages/airflow/example_dags/tutorial_dag.py for tasks to queue
[2025-02-03T10:19:51.958+0000] {logging_mixin.py:190} INFO - [2025-02-03T10:19:51.958+0000] {dagbag.py:588} INFO - Filling up the DagBag from /home/airflow/.local/lib/python3.12/site-packages/airflow/example_dags/tutorial_dag.py
[2025-02-03T10:19:51.968+0000] {processor.py:925} INFO - DAG(s) 'tutorial_dag' retrieved from /home/airflow/.local/lib/python3.12/site-packages/airflow/example_dags/tutorial_dag.py
[2025-02-03T10:19:51.991+0000] {logging_mixin.py:190} INFO - [2025-02-03T10:19:51.991+0000] {dag.py:3239} INFO - Sync 1 DAGs
[2025-02-03T10:19:52.012+0000] {logging_mixin.py:190} INFO - [2025-02-03T10:19:52.012+0000] {dag.py:4180} INFO - Setting next_dagrun for tutorial_dag to None, run_after=None
[2025-02-03T10:19:52.058+0000] {processor.py:208} INFO - Processing /home/airflow/.local/lib/python3.12/site-packages/airflow/example_dags/tutorial_dag.py took 0.108 seconds
