[2025-02-03T09:44:32.885+0000] {processor.py:186} INFO - Started process (PID=62) to work on /home/airflow/.local/lib/python3.12/site-packages/airflow/example_dags/tutorial.py
[2025-02-03T09:44:32.904+0000] {processor.py:914} INFO - Processing file /home/airflow/.local/lib/python3.12/site-packages/airflow/example_dags/tutorial.py for tasks to queue
[2025-02-03T09:44:32.910+0000] {logging_mixin.py:190} INFO - [2025-02-03T09:44:32.910+0000] {dagbag.py:588} INFO - Filling up the DagBag from /home/airflow/.local/lib/python3.12/site-packages/airflow/example_dags/tutorial.py
[2025-02-03T09:44:32.929+0000] {processor.py:925} INFO - DAG(s) 'tutorial' retrieved from /home/airflow/.local/lib/python3.12/site-packages/airflow/example_dags/tutorial.py
[2025-02-03T09:44:33.136+0000] {logging_mixin.py:190} INFO - [2025-02-03T09:44:33.136+0000] {override.py:1911} INFO - Created Permission View: can edit on DAG:tutorial
[2025-02-03T09:44:33.152+0000] {logging_mixin.py:190} INFO - [2025-02-03T09:44:33.152+0000] {override.py:1911} INFO - Created Permission View: can read on DAG:tutorial
[2025-02-03T09:44:33.161+0000] {logging_mixin.py:190} INFO - [2025-02-03T09:44:33.161+0000] {override.py:1911} INFO - Created Permission View: can delete on DAG:tutorial
[2025-02-03T09:44:33.167+0000] {logging_mixin.py:190} INFO - [2025-02-03T09:44:33.167+0000] {override.py:1911} INFO - Created Permission View: can read on DAG Run:tutorial
[2025-02-03T09:44:33.171+0000] {logging_mixin.py:190} INFO - [2025-02-03T09:44:33.171+0000] {override.py:1911} INFO - Created Permission View: can delete on DAG Run:tutorial
[2025-02-03T09:44:33.175+0000] {logging_mixin.py:190} INFO - [2025-02-03T09:44:33.175+0000] {override.py:1911} INFO - Created Permission View: can create on DAG Run:tutorial
[2025-02-03T09:44:33.181+0000] {logging_mixin.py:190} INFO - [2025-02-03T09:44:33.181+0000] {override.py:1911} INFO - Created Permission View: menu access on DAG Run:tutorial
[2025-02-03T09:44:33.181+0000] {logging_mixin.py:190} INFO - [2025-02-03T09:44:33.181+0000] {dag.py:3239} INFO - Sync 1 DAGs
[2025-02-03T09:44:33.192+0000] {logging_mixin.py:190} INFO - [2025-02-03T09:44:33.191+0000] {dag.py:3262} INFO - Creating ORM DAG for tutorial
[2025-02-03T09:44:33.199+0000] {logging_mixin.py:190} INFO - [2025-02-03T09:44:33.199+0000] {dag.py:4180} INFO - Setting next_dagrun for tutorial to 2025-02-02 00:00:00+00:00, run_after=2025-02-03 00:00:00+00:00
[2025-02-03T09:44:33.211+0000] {processor.py:208} INFO - Processing /home/airflow/.local/lib/python3.12/site-packages/airflow/example_dags/tutorial.py took 0.331 seconds
[2025-02-03T09:45:13.725+0000] {processor.py:186} INFO - Started process (PID=124) to work on /home/airflow/.local/lib/python3.12/site-packages/airflow/example_dags/tutorial.py
[2025-02-03T09:45:13.727+0000] {processor.py:914} INFO - Processing file /home/airflow/.local/lib/python3.12/site-packages/airflow/example_dags/tutorial.py for tasks to queue
[2025-02-03T09:45:13.732+0000] {logging_mixin.py:190} INFO - [2025-02-03T09:45:13.732+0000] {dagbag.py:588} INFO - Filling up the DagBag from /home/airflow/.local/lib/python3.12/site-packages/airflow/example_dags/tutorial.py
[2025-02-03T09:45:13.750+0000] {processor.py:925} INFO - DAG(s) 'tutorial' retrieved from /home/airflow/.local/lib/python3.12/site-packages/airflow/example_dags/tutorial.py
[2025-02-03T09:45:13.805+0000] {logging_mixin.py:190} INFO - [2025-02-03T09:45:13.805+0000] {dag.py:3239} INFO - Sync 1 DAGs
[2025-02-03T09:45:13.867+0000] {logging_mixin.py:190} INFO - [2025-02-03T09:45:13.867+0000] {dag.py:4180} INFO - Setting next_dagrun for tutorial to 2025-02-02 00:00:00+00:00, run_after=2025-02-03 00:00:00+00:00
[2025-02-03T09:45:13.915+0000] {processor.py:208} INFO - Processing /home/airflow/.local/lib/python3.12/site-packages/airflow/example_dags/tutorial.py took 0.199 seconds
[2025-02-03T09:45:45.193+0000] {processor.py:186} INFO - Started process (PID=187) to work on /home/airflow/.local/lib/python3.12/site-packages/airflow/example_dags/tutorial.py
[2025-02-03T09:45:45.194+0000] {processor.py:914} INFO - Processing file /home/airflow/.local/lib/python3.12/site-packages/airflow/example_dags/tutorial.py for tasks to queue
[2025-02-03T09:45:45.197+0000] {logging_mixin.py:190} INFO - [2025-02-03T09:45:45.196+0000] {dagbag.py:588} INFO - Filling up the DagBag from /home/airflow/.local/lib/python3.12/site-packages/airflow/example_dags/tutorial.py
[2025-02-03T09:45:45.205+0000] {processor.py:925} INFO - DAG(s) 'tutorial' retrieved from /home/airflow/.local/lib/python3.12/site-packages/airflow/example_dags/tutorial.py
[2025-02-03T09:45:45.225+0000] {logging_mixin.py:190} INFO - [2025-02-03T09:45:45.225+0000] {dag.py:3239} INFO - Sync 1 DAGs
[2025-02-03T09:45:45.245+0000] {logging_mixin.py:190} INFO - [2025-02-03T09:45:45.245+0000] {dag.py:4180} INFO - Setting next_dagrun for tutorial to 2025-02-02 00:00:00+00:00, run_after=2025-02-03 00:00:00+00:00
[2025-02-03T09:45:45.260+0000] {processor.py:208} INFO - Processing /home/airflow/.local/lib/python3.12/site-packages/airflow/example_dags/tutorial.py took 0.072 seconds
[2025-02-03T09:46:17.888+0000] {processor.py:186} INFO - Started process (PID=250) to work on /home/airflow/.local/lib/python3.12/site-packages/airflow/example_dags/tutorial.py
[2025-02-03T09:46:17.904+0000] {processor.py:914} INFO - Processing file /home/airflow/.local/lib/python3.12/site-packages/airflow/example_dags/tutorial.py for tasks to queue
[2025-02-03T09:46:17.907+0000] {logging_mixin.py:190} INFO - [2025-02-03T09:46:17.907+0000] {dagbag.py:588} INFO - Filling up the DagBag from /home/airflow/.local/lib/python3.12/site-packages/airflow/example_dags/tutorial.py
[2025-02-03T09:46:17.916+0000] {processor.py:925} INFO - DAG(s) 'tutorial' retrieved from /home/airflow/.local/lib/python3.12/site-packages/airflow/example_dags/tutorial.py
[2025-02-03T09:46:17.955+0000] {logging_mixin.py:190} INFO - [2025-02-03T09:46:17.955+0000] {dag.py:3239} INFO - Sync 1 DAGs
[2025-02-03T09:46:17.990+0000] {logging_mixin.py:190} INFO - [2025-02-03T09:46:17.990+0000] {dag.py:4180} INFO - Setting next_dagrun for tutorial to 2025-02-02 00:00:00+00:00, run_after=2025-02-03 00:00:00+00:00
[2025-02-03T09:46:18.009+0000] {processor.py:208} INFO - Processing /home/airflow/.local/lib/python3.12/site-packages/airflow/example_dags/tutorial.py took 0.126 seconds
[2025-02-03T09:55:23.420+0000] {processor.py:186} INFO - Started process (PID=63) to work on /home/airflow/.local/lib/python3.12/site-packages/airflow/example_dags/tutorial.py
[2025-02-03T09:55:23.433+0000] {processor.py:914} INFO - Processing file /home/airflow/.local/lib/python3.12/site-packages/airflow/example_dags/tutorial.py for tasks to queue
[2025-02-03T09:55:23.436+0000] {logging_mixin.py:190} INFO - [2025-02-03T09:55:23.436+0000] {dagbag.py:588} INFO - Filling up the DagBag from /home/airflow/.local/lib/python3.12/site-packages/airflow/example_dags/tutorial.py
[2025-02-03T09:55:23.473+0000] {processor.py:925} INFO - DAG(s) 'tutorial' retrieved from /home/airflow/.local/lib/python3.12/site-packages/airflow/example_dags/tutorial.py
[2025-02-03T09:55:23.532+0000] {logging_mixin.py:190} INFO - [2025-02-03T09:55:23.532+0000] {dag.py:3239} INFO - Sync 1 DAGs
[2025-02-03T09:55:23.588+0000] {logging_mixin.py:190} INFO - [2025-02-03T09:55:23.588+0000] {dag.py:4180} INFO - Setting next_dagrun for tutorial to 2025-02-02 00:00:00+00:00, run_after=2025-02-03 00:00:00+00:00
[2025-02-03T09:55:23.636+0000] {processor.py:208} INFO - Processing /home/airflow/.local/lib/python3.12/site-packages/airflow/example_dags/tutorial.py took 0.224 seconds
[2025-02-03T09:55:54.053+0000] {processor.py:186} INFO - Started process (PID=127) to work on /home/airflow/.local/lib/python3.12/site-packages/airflow/example_dags/tutorial.py
[2025-02-03T09:55:54.054+0000] {processor.py:914} INFO - Processing file /home/airflow/.local/lib/python3.12/site-packages/airflow/example_dags/tutorial.py for tasks to queue
[2025-02-03T09:55:54.057+0000] {logging_mixin.py:190} INFO - [2025-02-03T09:55:54.056+0000] {dagbag.py:588} INFO - Filling up the DagBag from /home/airflow/.local/lib/python3.12/site-packages/airflow/example_dags/tutorial.py
[2025-02-03T09:55:54.066+0000] {processor.py:925} INFO - DAG(s) 'tutorial' retrieved from /home/airflow/.local/lib/python3.12/site-packages/airflow/example_dags/tutorial.py
[2025-02-03T09:55:54.089+0000] {logging_mixin.py:190} INFO - [2025-02-03T09:55:54.089+0000] {dag.py:3239} INFO - Sync 1 DAGs
[2025-02-03T09:55:54.115+0000] {logging_mixin.py:190} INFO - [2025-02-03T09:55:54.115+0000] {dag.py:4180} INFO - Setting next_dagrun for tutorial to 2025-02-02 00:00:00+00:00, run_after=2025-02-03 00:00:00+00:00
[2025-02-03T09:55:54.164+0000] {processor.py:208} INFO - Processing /home/airflow/.local/lib/python3.12/site-packages/airflow/example_dags/tutorial.py took 0.118 seconds
[2025-02-03T09:56:24.274+0000] {processor.py:186} INFO - Started process (PID=191) to work on /home/airflow/.local/lib/python3.12/site-packages/airflow/example_dags/tutorial.py
[2025-02-03T09:56:24.275+0000] {processor.py:914} INFO - Processing file /home/airflow/.local/lib/python3.12/site-packages/airflow/example_dags/tutorial.py for tasks to queue
[2025-02-03T09:56:24.277+0000] {logging_mixin.py:190} INFO - [2025-02-03T09:56:24.277+0000] {dagbag.py:588} INFO - Filling up the DagBag from /home/airflow/.local/lib/python3.12/site-packages/airflow/example_dags/tutorial.py
[2025-02-03T09:56:24.285+0000] {processor.py:925} INFO - DAG(s) 'tutorial' retrieved from /home/airflow/.local/lib/python3.12/site-packages/airflow/example_dags/tutorial.py
[2025-02-03T09:56:24.303+0000] {logging_mixin.py:190} INFO - [2025-02-03T09:56:24.303+0000] {dag.py:3239} INFO - Sync 1 DAGs
[2025-02-03T09:56:24.322+0000] {logging_mixin.py:190} INFO - [2025-02-03T09:56:24.321+0000] {dag.py:4180} INFO - Setting next_dagrun for tutorial to 2025-02-02 00:00:00+00:00, run_after=2025-02-03 00:00:00+00:00
[2025-02-03T09:56:24.340+0000] {processor.py:208} INFO - Processing /home/airflow/.local/lib/python3.12/site-packages/airflow/example_dags/tutorial.py took 0.071 seconds
[2025-02-03T09:56:54.833+0000] {processor.py:186} INFO - Started process (PID=254) to work on /home/airflow/.local/lib/python3.12/site-packages/airflow/example_dags/tutorial.py
[2025-02-03T09:56:54.834+0000] {processor.py:914} INFO - Processing file /home/airflow/.local/lib/python3.12/site-packages/airflow/example_dags/tutorial.py for tasks to queue
[2025-02-03T09:56:54.836+0000] {logging_mixin.py:190} INFO - [2025-02-03T09:56:54.836+0000] {dagbag.py:588} INFO - Filling up the DagBag from /home/airflow/.local/lib/python3.12/site-packages/airflow/example_dags/tutorial.py
[2025-02-03T09:56:54.843+0000] {processor.py:925} INFO - DAG(s) 'tutorial' retrieved from /home/airflow/.local/lib/python3.12/site-packages/airflow/example_dags/tutorial.py
[2025-02-03T09:56:54.859+0000] {logging_mixin.py:190} INFO - [2025-02-03T09:56:54.859+0000] {dag.py:3239} INFO - Sync 1 DAGs
[2025-02-03T09:56:54.878+0000] {logging_mixin.py:190} INFO - [2025-02-03T09:56:54.878+0000] {dag.py:4180} INFO - Setting next_dagrun for tutorial to 2025-02-02 00:00:00+00:00, run_after=2025-02-03 00:00:00+00:00
[2025-02-03T09:56:54.894+0000] {processor.py:208} INFO - Processing /home/airflow/.local/lib/python3.12/site-packages/airflow/example_dags/tutorial.py took 0.066 seconds
[2025-02-03T09:57:32.882+0000] {processor.py:186} INFO - Started process (PID=319) to work on /home/airflow/.local/lib/python3.12/site-packages/airflow/example_dags/tutorial.py
[2025-02-03T09:57:32.884+0000] {processor.py:914} INFO - Processing file /home/airflow/.local/lib/python3.12/site-packages/airflow/example_dags/tutorial.py for tasks to queue
[2025-02-03T09:57:32.887+0000] {logging_mixin.py:190} INFO - [2025-02-03T09:57:32.886+0000] {dagbag.py:588} INFO - Filling up the DagBag from /home/airflow/.local/lib/python3.12/site-packages/airflow/example_dags/tutorial.py
[2025-02-03T09:57:32.897+0000] {processor.py:925} INFO - DAG(s) 'tutorial' retrieved from /home/airflow/.local/lib/python3.12/site-packages/airflow/example_dags/tutorial.py
[2025-02-03T09:57:32.941+0000] {logging_mixin.py:190} INFO - [2025-02-03T09:57:32.941+0000] {dag.py:3239} INFO - Sync 1 DAGs
[2025-02-03T09:57:32.961+0000] {logging_mixin.py:190} INFO - [2025-02-03T09:57:32.961+0000] {dag.py:4180} INFO - Setting next_dagrun for tutorial to 2025-02-02 00:00:00+00:00, run_after=2025-02-03 00:00:00+00:00
[2025-02-03T09:57:32.985+0000] {processor.py:208} INFO - Processing /home/airflow/.local/lib/python3.12/site-packages/airflow/example_dags/tutorial.py took 0.114 seconds
[2025-02-03T09:58:05.416+0000] {processor.py:186} INFO - Started process (PID=383) to work on /home/airflow/.local/lib/python3.12/site-packages/airflow/example_dags/tutorial.py
[2025-02-03T09:58:05.440+0000] {processor.py:914} INFO - Processing file /home/airflow/.local/lib/python3.12/site-packages/airflow/example_dags/tutorial.py for tasks to queue
[2025-02-03T09:58:05.443+0000] {logging_mixin.py:190} INFO - [2025-02-03T09:58:05.443+0000] {dagbag.py:588} INFO - Filling up the DagBag from /home/airflow/.local/lib/python3.12/site-packages/airflow/example_dags/tutorial.py
[2025-02-03T09:58:05.459+0000] {processor.py:925} INFO - DAG(s) 'tutorial' retrieved from /home/airflow/.local/lib/python3.12/site-packages/airflow/example_dags/tutorial.py
[2025-02-03T09:58:05.505+0000] {logging_mixin.py:190} INFO - [2025-02-03T09:58:05.504+0000] {dag.py:3239} INFO - Sync 1 DAGs
[2025-02-03T09:58:05.581+0000] {logging_mixin.py:190} INFO - [2025-02-03T09:58:05.581+0000] {dag.py:4180} INFO - Setting next_dagrun for tutorial to 2025-02-02 00:00:00+00:00, run_after=2025-02-03 00:00:00+00:00
[2025-02-03T09:58:05.658+0000] {processor.py:208} INFO - Processing /home/airflow/.local/lib/python3.12/site-packages/airflow/example_dags/tutorial.py took 0.249 seconds
[2025-02-03T09:58:36.094+0000] {processor.py:186} INFO - Started process (PID=446) to work on /home/airflow/.local/lib/python3.12/site-packages/airflow/example_dags/tutorial.py
[2025-02-03T09:58:36.096+0000] {processor.py:914} INFO - Processing file /home/airflow/.local/lib/python3.12/site-packages/airflow/example_dags/tutorial.py for tasks to queue
[2025-02-03T09:58:36.099+0000] {logging_mixin.py:190} INFO - [2025-02-03T09:58:36.099+0000] {dagbag.py:588} INFO - Filling up the DagBag from /home/airflow/.local/lib/python3.12/site-packages/airflow/example_dags/tutorial.py
[2025-02-03T09:58:36.110+0000] {processor.py:925} INFO - DAG(s) 'tutorial' retrieved from /home/airflow/.local/lib/python3.12/site-packages/airflow/example_dags/tutorial.py
[2025-02-03T09:58:36.132+0000] {logging_mixin.py:190} INFO - [2025-02-03T09:58:36.131+0000] {dag.py:3239} INFO - Sync 1 DAGs
[2025-02-03T09:58:36.153+0000] {logging_mixin.py:190} INFO - [2025-02-03T09:58:36.152+0000] {dag.py:4180} INFO - Setting next_dagrun for tutorial to 2025-02-02 00:00:00+00:00, run_after=2025-02-03 00:00:00+00:00
[2025-02-03T09:58:36.183+0000] {processor.py:208} INFO - Processing /home/airflow/.local/lib/python3.12/site-packages/airflow/example_dags/tutorial.py took 0.098 seconds
[2025-02-03T09:59:06.459+0000] {processor.py:186} INFO - Started process (PID=511) to work on /home/airflow/.local/lib/python3.12/site-packages/airflow/example_dags/tutorial.py
[2025-02-03T09:59:06.461+0000] {processor.py:914} INFO - Processing file /home/airflow/.local/lib/python3.12/site-packages/airflow/example_dags/tutorial.py for tasks to queue
[2025-02-03T09:59:06.464+0000] {logging_mixin.py:190} INFO - [2025-02-03T09:59:06.463+0000] {dagbag.py:588} INFO - Filling up the DagBag from /home/airflow/.local/lib/python3.12/site-packages/airflow/example_dags/tutorial.py
[2025-02-03T09:59:06.470+0000] {processor.py:925} INFO - DAG(s) 'tutorial' retrieved from /home/airflow/.local/lib/python3.12/site-packages/airflow/example_dags/tutorial.py
[2025-02-03T09:59:06.486+0000] {logging_mixin.py:190} INFO - [2025-02-03T09:59:06.486+0000] {dag.py:3239} INFO - Sync 1 DAGs
[2025-02-03T09:59:06.508+0000] {logging_mixin.py:190} INFO - [2025-02-03T09:59:06.508+0000] {dag.py:4180} INFO - Setting next_dagrun for tutorial to 2025-02-02 00:00:00+00:00, run_after=2025-02-03 00:00:00+00:00
[2025-02-03T09:59:06.534+0000] {processor.py:208} INFO - Processing /home/airflow/.local/lib/python3.12/site-packages/airflow/example_dags/tutorial.py took 0.080 seconds
[2025-02-03T09:59:37.297+0000] {processor.py:186} INFO - Started process (PID=575) to work on /home/airflow/.local/lib/python3.12/site-packages/airflow/example_dags/tutorial.py
[2025-02-03T09:59:37.298+0000] {processor.py:914} INFO - Processing file /home/airflow/.local/lib/python3.12/site-packages/airflow/example_dags/tutorial.py for tasks to queue
[2025-02-03T09:59:37.300+0000] {logging_mixin.py:190} INFO - [2025-02-03T09:59:37.299+0000] {dagbag.py:588} INFO - Filling up the DagBag from /home/airflow/.local/lib/python3.12/site-packages/airflow/example_dags/tutorial.py
[2025-02-03T09:59:37.306+0000] {processor.py:925} INFO - DAG(s) 'tutorial' retrieved from /home/airflow/.local/lib/python3.12/site-packages/airflow/example_dags/tutorial.py
[2025-02-03T09:59:37.320+0000] {logging_mixin.py:190} INFO - [2025-02-03T09:59:37.320+0000] {dag.py:3239} INFO - Sync 1 DAGs
[2025-02-03T09:59:37.337+0000] {logging_mixin.py:190} INFO - [2025-02-03T09:59:37.337+0000] {dag.py:4180} INFO - Setting next_dagrun for tutorial to 2025-02-02 00:00:00+00:00, run_after=2025-02-03 00:00:00+00:00
[2025-02-03T09:59:37.352+0000] {processor.py:208} INFO - Processing /home/airflow/.local/lib/python3.12/site-packages/airflow/example_dags/tutorial.py took 0.059 seconds
[2025-02-03T10:00:10.043+0000] {processor.py:186} INFO - Started process (PID=639) to work on /home/airflow/.local/lib/python3.12/site-packages/airflow/example_dags/tutorial.py
[2025-02-03T10:00:10.047+0000] {processor.py:914} INFO - Processing file /home/airflow/.local/lib/python3.12/site-packages/airflow/example_dags/tutorial.py for tasks to queue
[2025-02-03T10:00:10.050+0000] {logging_mixin.py:190} INFO - [2025-02-03T10:00:10.050+0000] {dagbag.py:588} INFO - Filling up the DagBag from /home/airflow/.local/lib/python3.12/site-packages/airflow/example_dags/tutorial.py
[2025-02-03T10:00:10.060+0000] {processor.py:925} INFO - DAG(s) 'tutorial' retrieved from /home/airflow/.local/lib/python3.12/site-packages/airflow/example_dags/tutorial.py
[2025-02-03T10:00:10.078+0000] {logging_mixin.py:190} INFO - [2025-02-03T10:00:10.078+0000] {dag.py:3239} INFO - Sync 1 DAGs
[2025-02-03T10:00:10.101+0000] {logging_mixin.py:190} INFO - [2025-02-03T10:00:10.101+0000] {dag.py:4180} INFO - Setting next_dagrun for tutorial to 2025-02-02 00:00:00+00:00, run_after=2025-02-03 00:00:00+00:00
[2025-02-03T10:00:10.119+0000] {processor.py:208} INFO - Processing /home/airflow/.local/lib/python3.12/site-packages/airflow/example_dags/tutorial.py took 0.084 seconds
[2025-02-03T10:00:40.626+0000] {processor.py:186} INFO - Started process (PID=703) to work on /home/airflow/.local/lib/python3.12/site-packages/airflow/example_dags/tutorial.py
[2025-02-03T10:00:40.627+0000] {processor.py:914} INFO - Processing file /home/airflow/.local/lib/python3.12/site-packages/airflow/example_dags/tutorial.py for tasks to queue
[2025-02-03T10:00:40.629+0000] {logging_mixin.py:190} INFO - [2025-02-03T10:00:40.629+0000] {dagbag.py:588} INFO - Filling up the DagBag from /home/airflow/.local/lib/python3.12/site-packages/airflow/example_dags/tutorial.py
[2025-02-03T10:00:40.636+0000] {processor.py:925} INFO - DAG(s) 'tutorial' retrieved from /home/airflow/.local/lib/python3.12/site-packages/airflow/example_dags/tutorial.py
[2025-02-03T10:00:40.651+0000] {logging_mixin.py:190} INFO - [2025-02-03T10:00:40.651+0000] {dag.py:3239} INFO - Sync 1 DAGs
[2025-02-03T10:00:40.669+0000] {logging_mixin.py:190} INFO - [2025-02-03T10:00:40.668+0000] {dag.py:4180} INFO - Setting next_dagrun for tutorial to 2025-02-02 00:00:00+00:00, run_after=2025-02-03 00:00:00+00:00
[2025-02-03T10:00:40.683+0000] {processor.py:208} INFO - Processing /home/airflow/.local/lib/python3.12/site-packages/airflow/example_dags/tutorial.py took 0.062 seconds
[2025-02-03T10:01:13.502+0000] {processor.py:186} INFO - Started process (PID=767) to work on /home/airflow/.local/lib/python3.12/site-packages/airflow/example_dags/tutorial.py
[2025-02-03T10:01:13.503+0000] {processor.py:914} INFO - Processing file /home/airflow/.local/lib/python3.12/site-packages/airflow/example_dags/tutorial.py for tasks to queue
[2025-02-03T10:01:13.505+0000] {logging_mixin.py:190} INFO - [2025-02-03T10:01:13.505+0000] {dagbag.py:588} INFO - Filling up the DagBag from /home/airflow/.local/lib/python3.12/site-packages/airflow/example_dags/tutorial.py
[2025-02-03T10:01:13.512+0000] {processor.py:925} INFO - DAG(s) 'tutorial' retrieved from /home/airflow/.local/lib/python3.12/site-packages/airflow/example_dags/tutorial.py
[2025-02-03T10:01:13.532+0000] {logging_mixin.py:190} INFO - [2025-02-03T10:01:13.531+0000] {dag.py:3239} INFO - Sync 1 DAGs
[2025-02-03T10:01:13.557+0000] {logging_mixin.py:190} INFO - [2025-02-03T10:01:13.557+0000] {dag.py:4180} INFO - Setting next_dagrun for tutorial to 2025-02-02 00:00:00+00:00, run_after=2025-02-03 00:00:00+00:00
[2025-02-03T10:01:13.579+0000] {processor.py:208} INFO - Processing /home/airflow/.local/lib/python3.12/site-packages/airflow/example_dags/tutorial.py took 0.084 seconds
[2025-02-03T10:01:45.516+0000] {processor.py:186} INFO - Started process (PID=831) to work on /home/airflow/.local/lib/python3.12/site-packages/airflow/example_dags/tutorial.py
[2025-02-03T10:01:45.517+0000] {processor.py:914} INFO - Processing file /home/airflow/.local/lib/python3.12/site-packages/airflow/example_dags/tutorial.py for tasks to queue
[2025-02-03T10:01:45.520+0000] {logging_mixin.py:190} INFO - [2025-02-03T10:01:45.519+0000] {dagbag.py:588} INFO - Filling up the DagBag from /home/airflow/.local/lib/python3.12/site-packages/airflow/example_dags/tutorial.py
[2025-02-03T10:01:45.530+0000] {processor.py:925} INFO - DAG(s) 'tutorial' retrieved from /home/airflow/.local/lib/python3.12/site-packages/airflow/example_dags/tutorial.py
[2025-02-03T10:01:45.560+0000] {logging_mixin.py:190} INFO - [2025-02-03T10:01:45.559+0000] {dag.py:3239} INFO - Sync 1 DAGs
[2025-02-03T10:01:45.581+0000] {logging_mixin.py:190} INFO - [2025-02-03T10:01:45.581+0000] {dag.py:4180} INFO - Setting next_dagrun for tutorial to 2025-02-02 00:00:00+00:00, run_after=2025-02-03 00:00:00+00:00
[2025-02-03T10:01:45.599+0000] {processor.py:208} INFO - Processing /home/airflow/.local/lib/python3.12/site-packages/airflow/example_dags/tutorial.py took 0.088 seconds
[2025-02-03T10:02:17.929+0000] {processor.py:186} INFO - Started process (PID=896) to work on /home/airflow/.local/lib/python3.12/site-packages/airflow/example_dags/tutorial.py
[2025-02-03T10:02:17.930+0000] {processor.py:914} INFO - Processing file /home/airflow/.local/lib/python3.12/site-packages/airflow/example_dags/tutorial.py for tasks to queue
[2025-02-03T10:02:17.933+0000] {logging_mixin.py:190} INFO - [2025-02-03T10:02:17.933+0000] {dagbag.py:588} INFO - Filling up the DagBag from /home/airflow/.local/lib/python3.12/site-packages/airflow/example_dags/tutorial.py
[2025-02-03T10:02:17.941+0000] {processor.py:925} INFO - DAG(s) 'tutorial' retrieved from /home/airflow/.local/lib/python3.12/site-packages/airflow/example_dags/tutorial.py
[2025-02-03T10:02:17.957+0000] {logging_mixin.py:190} INFO - [2025-02-03T10:02:17.957+0000] {dag.py:3239} INFO - Sync 1 DAGs
[2025-02-03T10:02:17.979+0000] {logging_mixin.py:190} INFO - [2025-02-03T10:02:17.979+0000] {dag.py:4180} INFO - Setting next_dagrun for tutorial to 2025-02-02 00:00:00+00:00, run_after=2025-02-03 00:00:00+00:00
[2025-02-03T10:02:17.997+0000] {processor.py:208} INFO - Processing /home/airflow/.local/lib/python3.12/site-packages/airflow/example_dags/tutorial.py took 0.074 seconds
[2025-02-03T10:02:49.193+0000] {processor.py:186} INFO - Started process (PID=970) to work on /home/airflow/.local/lib/python3.12/site-packages/airflow/example_dags/tutorial.py
[2025-02-03T10:02:49.194+0000] {processor.py:914} INFO - Processing file /home/airflow/.local/lib/python3.12/site-packages/airflow/example_dags/tutorial.py for tasks to queue
[2025-02-03T10:02:49.197+0000] {logging_mixin.py:190} INFO - [2025-02-03T10:02:49.197+0000] {dagbag.py:588} INFO - Filling up the DagBag from /home/airflow/.local/lib/python3.12/site-packages/airflow/example_dags/tutorial.py
[2025-02-03T10:02:49.206+0000] {processor.py:925} INFO - DAG(s) 'tutorial' retrieved from /home/airflow/.local/lib/python3.12/site-packages/airflow/example_dags/tutorial.py
[2025-02-03T10:02:49.232+0000] {logging_mixin.py:190} INFO - [2025-02-03T10:02:49.231+0000] {dag.py:3239} INFO - Sync 1 DAGs
[2025-02-03T10:02:49.251+0000] {logging_mixin.py:190} INFO - [2025-02-03T10:02:49.251+0000] {dag.py:4180} INFO - Setting next_dagrun for tutorial to 2025-02-02 00:00:00+00:00, run_after=2025-02-03 00:00:00+00:00
[2025-02-03T10:02:49.267+0000] {processor.py:208} INFO - Processing /home/airflow/.local/lib/python3.12/site-packages/airflow/example_dags/tutorial.py took 0.081 seconds
[2025-02-03T10:03:19.627+0000] {processor.py:186} INFO - Started process (PID=1028) to work on /home/airflow/.local/lib/python3.12/site-packages/airflow/example_dags/tutorial.py
[2025-02-03T10:03:19.629+0000] {processor.py:914} INFO - Processing file /home/airflow/.local/lib/python3.12/site-packages/airflow/example_dags/tutorial.py for tasks to queue
[2025-02-03T10:03:19.634+0000] {logging_mixin.py:190} INFO - [2025-02-03T10:03:19.634+0000] {dagbag.py:588} INFO - Filling up the DagBag from /home/airflow/.local/lib/python3.12/site-packages/airflow/example_dags/tutorial.py
[2025-02-03T10:03:19.644+0000] {processor.py:925} INFO - DAG(s) 'tutorial' retrieved from /home/airflow/.local/lib/python3.12/site-packages/airflow/example_dags/tutorial.py
[2025-02-03T10:03:19.673+0000] {logging_mixin.py:190} INFO - [2025-02-03T10:03:19.673+0000] {dag.py:3239} INFO - Sync 1 DAGs
[2025-02-03T10:03:19.697+0000] {logging_mixin.py:190} INFO - [2025-02-03T10:03:19.696+0000] {dag.py:4180} INFO - Setting next_dagrun for tutorial to 2025-02-02 00:00:00+00:00, run_after=2025-02-03 00:00:00+00:00
[2025-02-03T10:03:19.716+0000] {processor.py:208} INFO - Processing /home/airflow/.local/lib/python3.12/site-packages/airflow/example_dags/tutorial.py took 0.096 seconds
[2025-02-03T10:03:50.413+0000] {processor.py:186} INFO - Started process (PID=1092) to work on /home/airflow/.local/lib/python3.12/site-packages/airflow/example_dags/tutorial.py
[2025-02-03T10:03:50.414+0000] {processor.py:914} INFO - Processing file /home/airflow/.local/lib/python3.12/site-packages/airflow/example_dags/tutorial.py for tasks to queue
[2025-02-03T10:03:50.416+0000] {logging_mixin.py:190} INFO - [2025-02-03T10:03:50.416+0000] {dagbag.py:588} INFO - Filling up the DagBag from /home/airflow/.local/lib/python3.12/site-packages/airflow/example_dags/tutorial.py
[2025-02-03T10:03:50.423+0000] {processor.py:925} INFO - DAG(s) 'tutorial' retrieved from /home/airflow/.local/lib/python3.12/site-packages/airflow/example_dags/tutorial.py
[2025-02-03T10:03:50.438+0000] {logging_mixin.py:190} INFO - [2025-02-03T10:03:50.438+0000] {dag.py:3239} INFO - Sync 1 DAGs
[2025-02-03T10:03:50.455+0000] {logging_mixin.py:190} INFO - [2025-02-03T10:03:50.455+0000] {dag.py:4180} INFO - Setting next_dagrun for tutorial to 2025-02-02 00:00:00+00:00, run_after=2025-02-03 00:00:00+00:00
[2025-02-03T10:03:50.473+0000] {processor.py:208} INFO - Processing /home/airflow/.local/lib/python3.12/site-packages/airflow/example_dags/tutorial.py took 0.067 seconds
[2025-02-03T10:04:22.758+0000] {processor.py:186} INFO - Started process (PID=1156) to work on /home/airflow/.local/lib/python3.12/site-packages/airflow/example_dags/tutorial.py
[2025-02-03T10:04:22.760+0000] {processor.py:914} INFO - Processing file /home/airflow/.local/lib/python3.12/site-packages/airflow/example_dags/tutorial.py for tasks to queue
[2025-02-03T10:04:22.762+0000] {logging_mixin.py:190} INFO - [2025-02-03T10:04:22.762+0000] {dagbag.py:588} INFO - Filling up the DagBag from /home/airflow/.local/lib/python3.12/site-packages/airflow/example_dags/tutorial.py
[2025-02-03T10:04:22.769+0000] {processor.py:925} INFO - DAG(s) 'tutorial' retrieved from /home/airflow/.local/lib/python3.12/site-packages/airflow/example_dags/tutorial.py
[2025-02-03T10:04:22.790+0000] {logging_mixin.py:190} INFO - [2025-02-03T10:04:22.790+0000] {dag.py:3239} INFO - Sync 1 DAGs
[2025-02-03T10:04:22.821+0000] {logging_mixin.py:190} INFO - [2025-02-03T10:04:22.821+0000] {dag.py:4180} INFO - Setting next_dagrun for tutorial to 2025-02-02 00:00:00+00:00, run_after=2025-02-03 00:00:00+00:00
[2025-02-03T10:04:22.841+0000] {processor.py:208} INFO - Processing /home/airflow/.local/lib/python3.12/site-packages/airflow/example_dags/tutorial.py took 0.088 seconds
[2025-02-03T10:04:53.609+0000] {processor.py:186} INFO - Started process (PID=1220) to work on /home/airflow/.local/lib/python3.12/site-packages/airflow/example_dags/tutorial.py
[2025-02-03T10:04:53.611+0000] {processor.py:914} INFO - Processing file /home/airflow/.local/lib/python3.12/site-packages/airflow/example_dags/tutorial.py for tasks to queue
[2025-02-03T10:04:53.614+0000] {logging_mixin.py:190} INFO - [2025-02-03T10:04:53.613+0000] {dagbag.py:588} INFO - Filling up the DagBag from /home/airflow/.local/lib/python3.12/site-packages/airflow/example_dags/tutorial.py
[2025-02-03T10:04:53.623+0000] {processor.py:925} INFO - DAG(s) 'tutorial' retrieved from /home/airflow/.local/lib/python3.12/site-packages/airflow/example_dags/tutorial.py
[2025-02-03T10:04:53.642+0000] {logging_mixin.py:190} INFO - [2025-02-03T10:04:53.642+0000] {dag.py:3239} INFO - Sync 1 DAGs
[2025-02-03T10:04:53.668+0000] {logging_mixin.py:190} INFO - [2025-02-03T10:04:53.667+0000] {dag.py:4180} INFO - Setting next_dagrun for tutorial to 2025-02-02 00:00:00+00:00, run_after=2025-02-03 00:00:00+00:00
[2025-02-03T10:04:53.687+0000] {processor.py:208} INFO - Processing /home/airflow/.local/lib/python3.12/site-packages/airflow/example_dags/tutorial.py took 0.083 seconds
[2025-02-03T10:05:25.217+0000] {processor.py:186} INFO - Started process (PID=1285) to work on /home/airflow/.local/lib/python3.12/site-packages/airflow/example_dags/tutorial.py
[2025-02-03T10:05:25.218+0000] {processor.py:914} INFO - Processing file /home/airflow/.local/lib/python3.12/site-packages/airflow/example_dags/tutorial.py for tasks to queue
[2025-02-03T10:05:25.222+0000] {logging_mixin.py:190} INFO - [2025-02-03T10:05:25.221+0000] {dagbag.py:588} INFO - Filling up the DagBag from /home/airflow/.local/lib/python3.12/site-packages/airflow/example_dags/tutorial.py
[2025-02-03T10:05:25.231+0000] {processor.py:925} INFO - DAG(s) 'tutorial' retrieved from /home/airflow/.local/lib/python3.12/site-packages/airflow/example_dags/tutorial.py
[2025-02-03T10:05:25.248+0000] {logging_mixin.py:190} INFO - [2025-02-03T10:05:25.248+0000] {dag.py:3239} INFO - Sync 1 DAGs
[2025-02-03T10:05:25.273+0000] {logging_mixin.py:190} INFO - [2025-02-03T10:05:25.273+0000] {dag.py:4180} INFO - Setting next_dagrun for tutorial to 2025-02-02 00:00:00+00:00, run_after=2025-02-03 00:00:00+00:00
[2025-02-03T10:05:25.290+0000] {processor.py:208} INFO - Processing /home/airflow/.local/lib/python3.12/site-packages/airflow/example_dags/tutorial.py took 0.079 seconds
[2025-02-03T10:05:55.952+0000] {processor.py:186} INFO - Started process (PID=1349) to work on /home/airflow/.local/lib/python3.12/site-packages/airflow/example_dags/tutorial.py
[2025-02-03T10:05:55.953+0000] {processor.py:914} INFO - Processing file /home/airflow/.local/lib/python3.12/site-packages/airflow/example_dags/tutorial.py for tasks to queue
[2025-02-03T10:05:55.956+0000] {logging_mixin.py:190} INFO - [2025-02-03T10:05:55.955+0000] {dagbag.py:588} INFO - Filling up the DagBag from /home/airflow/.local/lib/python3.12/site-packages/airflow/example_dags/tutorial.py
[2025-02-03T10:05:55.965+0000] {processor.py:925} INFO - DAG(s) 'tutorial' retrieved from /home/airflow/.local/lib/python3.12/site-packages/airflow/example_dags/tutorial.py
[2025-02-03T10:05:55.984+0000] {logging_mixin.py:190} INFO - [2025-02-03T10:05:55.983+0000] {dag.py:3239} INFO - Sync 1 DAGs
[2025-02-03T10:05:56.008+0000] {logging_mixin.py:190} INFO - [2025-02-03T10:05:56.008+0000] {dag.py:4180} INFO - Setting next_dagrun for tutorial to 2025-02-02 00:00:00+00:00, run_after=2025-02-03 00:00:00+00:00
[2025-02-03T10:05:56.032+0000] {processor.py:208} INFO - Processing /home/airflow/.local/lib/python3.12/site-packages/airflow/example_dags/tutorial.py took 0.086 seconds
[2025-02-03T10:06:27.194+0000] {processor.py:186} INFO - Started process (PID=1413) to work on /home/airflow/.local/lib/python3.12/site-packages/airflow/example_dags/tutorial.py
[2025-02-03T10:06:27.195+0000] {processor.py:914} INFO - Processing file /home/airflow/.local/lib/python3.12/site-packages/airflow/example_dags/tutorial.py for tasks to queue
[2025-02-03T10:06:27.198+0000] {logging_mixin.py:190} INFO - [2025-02-03T10:06:27.197+0000] {dagbag.py:588} INFO - Filling up the DagBag from /home/airflow/.local/lib/python3.12/site-packages/airflow/example_dags/tutorial.py
[2025-02-03T10:06:27.207+0000] {processor.py:925} INFO - DAG(s) 'tutorial' retrieved from /home/airflow/.local/lib/python3.12/site-packages/airflow/example_dags/tutorial.py
[2025-02-03T10:06:27.227+0000] {logging_mixin.py:190} INFO - [2025-02-03T10:06:27.227+0000] {dag.py:3239} INFO - Sync 1 DAGs
[2025-02-03T10:06:27.253+0000] {logging_mixin.py:190} INFO - [2025-02-03T10:06:27.253+0000] {dag.py:4180} INFO - Setting next_dagrun for tutorial to 2025-02-02 00:00:00+00:00, run_after=2025-02-03 00:00:00+00:00
[2025-02-03T10:06:27.273+0000] {processor.py:208} INFO - Processing /home/airflow/.local/lib/python3.12/site-packages/airflow/example_dags/tutorial.py took 0.085 seconds
[2025-02-03T10:13:05.743+0000] {processor.py:186} INFO - Started process (PID=65) to work on /home/airflow/.local/lib/python3.12/site-packages/airflow/example_dags/tutorial.py
[2025-02-03T10:13:05.745+0000] {processor.py:914} INFO - Processing file /home/airflow/.local/lib/python3.12/site-packages/airflow/example_dags/tutorial.py for tasks to queue
[2025-02-03T10:13:05.747+0000] {logging_mixin.py:190} INFO - [2025-02-03T10:13:05.747+0000] {dagbag.py:588} INFO - Filling up the DagBag from /home/airflow/.local/lib/python3.12/site-packages/airflow/example_dags/tutorial.py
[2025-02-03T10:13:05.757+0000] {processor.py:925} INFO - DAG(s) 'tutorial' retrieved from /home/airflow/.local/lib/python3.12/site-packages/airflow/example_dags/tutorial.py
[2025-02-03T10:13:05.799+0000] {logging_mixin.py:190} INFO - [2025-02-03T10:13:05.799+0000] {dag.py:3239} INFO - Sync 1 DAGs
[2025-02-03T10:13:05.817+0000] {logging_mixin.py:190} INFO - [2025-02-03T10:13:05.817+0000] {dag.py:4180} INFO - Setting next_dagrun for tutorial to 2025-02-02 00:00:00+00:00, run_after=2025-02-03 00:00:00+00:00
[2025-02-03T10:13:05.832+0000] {processor.py:208} INFO - Processing /home/airflow/.local/lib/python3.12/site-packages/airflow/example_dags/tutorial.py took 0.093 seconds
[2025-02-03T10:13:37.353+0000] {processor.py:186} INFO - Started process (PID=129) to work on /home/airflow/.local/lib/python3.12/site-packages/airflow/example_dags/tutorial.py
[2025-02-03T10:13:37.356+0000] {processor.py:914} INFO - Processing file /home/airflow/.local/lib/python3.12/site-packages/airflow/example_dags/tutorial.py for tasks to queue
[2025-02-03T10:13:37.361+0000] {logging_mixin.py:190} INFO - [2025-02-03T10:13:37.361+0000] {dagbag.py:588} INFO - Filling up the DagBag from /home/airflow/.local/lib/python3.12/site-packages/airflow/example_dags/tutorial.py
[2025-02-03T10:13:37.375+0000] {processor.py:925} INFO - DAG(s) 'tutorial' retrieved from /home/airflow/.local/lib/python3.12/site-packages/airflow/example_dags/tutorial.py
[2025-02-03T10:13:37.409+0000] {logging_mixin.py:190} INFO - [2025-02-03T10:13:37.408+0000] {dag.py:3239} INFO - Sync 1 DAGs
[2025-02-03T10:13:37.463+0000] {logging_mixin.py:190} INFO - [2025-02-03T10:13:37.463+0000] {dag.py:4180} INFO - Setting next_dagrun for tutorial to 2025-02-02 00:00:00+00:00, run_after=2025-02-03 00:00:00+00:00
[2025-02-03T10:13:37.537+0000] {processor.py:208} INFO - Processing /home/airflow/.local/lib/python3.12/site-packages/airflow/example_dags/tutorial.py took 0.211 seconds
[2025-02-03T10:14:09.589+0000] {processor.py:186} INFO - Started process (PID=193) to work on /home/airflow/.local/lib/python3.12/site-packages/airflow/example_dags/tutorial.py
[2025-02-03T10:14:09.595+0000] {processor.py:914} INFO - Processing file /home/airflow/.local/lib/python3.12/site-packages/airflow/example_dags/tutorial.py for tasks to queue
[2025-02-03T10:14:09.602+0000] {logging_mixin.py:190} INFO - [2025-02-03T10:14:09.602+0000] {dagbag.py:588} INFO - Filling up the DagBag from /home/airflow/.local/lib/python3.12/site-packages/airflow/example_dags/tutorial.py
[2025-02-03T10:14:09.620+0000] {processor.py:925} INFO - DAG(s) 'tutorial' retrieved from /home/airflow/.local/lib/python3.12/site-packages/airflow/example_dags/tutorial.py
[2025-02-03T10:14:09.661+0000] {logging_mixin.py:190} INFO - [2025-02-03T10:14:09.661+0000] {dag.py:3239} INFO - Sync 1 DAGs
[2025-02-03T10:14:09.698+0000] {logging_mixin.py:190} INFO - [2025-02-03T10:14:09.697+0000] {dag.py:4180} INFO - Setting next_dagrun for tutorial to 2025-02-02 00:00:00+00:00, run_after=2025-02-03 00:00:00+00:00
[2025-02-03T10:14:09.737+0000] {processor.py:208} INFO - Processing /home/airflow/.local/lib/python3.12/site-packages/airflow/example_dags/tutorial.py took 0.168 seconds
[2025-02-03T10:14:40.438+0000] {processor.py:186} INFO - Started process (PID=257) to work on /home/airflow/.local/lib/python3.12/site-packages/airflow/example_dags/tutorial.py
[2025-02-03T10:14:40.439+0000] {processor.py:914} INFO - Processing file /home/airflow/.local/lib/python3.12/site-packages/airflow/example_dags/tutorial.py for tasks to queue
[2025-02-03T10:14:40.442+0000] {logging_mixin.py:190} INFO - [2025-02-03T10:14:40.441+0000] {dagbag.py:588} INFO - Filling up the DagBag from /home/airflow/.local/lib/python3.12/site-packages/airflow/example_dags/tutorial.py
[2025-02-03T10:14:40.449+0000] {processor.py:925} INFO - DAG(s) 'tutorial' retrieved from /home/airflow/.local/lib/python3.12/site-packages/airflow/example_dags/tutorial.py
[2025-02-03T10:14:40.469+0000] {logging_mixin.py:190} INFO - [2025-02-03T10:14:40.468+0000] {dag.py:3239} INFO - Sync 1 DAGs
[2025-02-03T10:14:40.487+0000] {logging_mixin.py:190} INFO - [2025-02-03T10:14:40.486+0000] {dag.py:4180} INFO - Setting next_dagrun for tutorial to 2025-02-02 00:00:00+00:00, run_after=2025-02-03 00:00:00+00:00
[2025-02-03T10:14:40.505+0000] {processor.py:208} INFO - Processing /home/airflow/.local/lib/python3.12/site-packages/airflow/example_dags/tutorial.py took 0.072 seconds
[2025-02-03T10:15:10.753+0000] {processor.py:186} INFO - Started process (PID=321) to work on /home/airflow/.local/lib/python3.12/site-packages/airflow/example_dags/tutorial.py
[2025-02-03T10:15:10.754+0000] {processor.py:914} INFO - Processing file /home/airflow/.local/lib/python3.12/site-packages/airflow/example_dags/tutorial.py for tasks to queue
[2025-02-03T10:15:10.756+0000] {logging_mixin.py:190} INFO - [2025-02-03T10:15:10.756+0000] {dagbag.py:588} INFO - Filling up the DagBag from /home/airflow/.local/lib/python3.12/site-packages/airflow/example_dags/tutorial.py
[2025-02-03T10:15:10.763+0000] {processor.py:925} INFO - DAG(s) 'tutorial' retrieved from /home/airflow/.local/lib/python3.12/site-packages/airflow/example_dags/tutorial.py
[2025-02-03T10:15:10.778+0000] {logging_mixin.py:190} INFO - [2025-02-03T10:15:10.778+0000] {dag.py:3239} INFO - Sync 1 DAGs
[2025-02-03T10:15:10.796+0000] {logging_mixin.py:190} INFO - [2025-02-03T10:15:10.796+0000] {dag.py:4180} INFO - Setting next_dagrun for tutorial to 2025-02-02 00:00:00+00:00, run_after=2025-02-03 00:00:00+00:00
[2025-02-03T10:15:10.812+0000] {processor.py:208} INFO - Processing /home/airflow/.local/lib/python3.12/site-packages/airflow/example_dags/tutorial.py took 0.063 seconds
[2025-02-03T10:15:40.922+0000] {processor.py:186} INFO - Started process (PID=385) to work on /home/airflow/.local/lib/python3.12/site-packages/airflow/example_dags/tutorial.py
[2025-02-03T10:15:40.923+0000] {processor.py:914} INFO - Processing file /home/airflow/.local/lib/python3.12/site-packages/airflow/example_dags/tutorial.py for tasks to queue
[2025-02-03T10:15:40.926+0000] {logging_mixin.py:190} INFO - [2025-02-03T10:15:40.925+0000] {dagbag.py:588} INFO - Filling up the DagBag from /home/airflow/.local/lib/python3.12/site-packages/airflow/example_dags/tutorial.py
[2025-02-03T10:15:40.932+0000] {processor.py:925} INFO - DAG(s) 'tutorial' retrieved from /home/airflow/.local/lib/python3.12/site-packages/airflow/example_dags/tutorial.py
[2025-02-03T10:15:40.949+0000] {logging_mixin.py:190} INFO - [2025-02-03T10:15:40.949+0000] {dag.py:3239} INFO - Sync 1 DAGs
[2025-02-03T10:15:40.967+0000] {logging_mixin.py:190} INFO - [2025-02-03T10:15:40.967+0000] {dag.py:4180} INFO - Setting next_dagrun for tutorial to 2025-02-02 00:00:00+00:00, run_after=2025-02-03 00:00:00+00:00
[2025-02-03T10:15:40.988+0000] {processor.py:208} INFO - Processing /home/airflow/.local/lib/python3.12/site-packages/airflow/example_dags/tutorial.py took 0.070 seconds
[2025-02-03T10:16:12.861+0000] {processor.py:186} INFO - Started process (PID=449) to work on /home/airflow/.local/lib/python3.12/site-packages/airflow/example_dags/tutorial.py
[2025-02-03T10:16:12.869+0000] {processor.py:914} INFO - Processing file /home/airflow/.local/lib/python3.12/site-packages/airflow/example_dags/tutorial.py for tasks to queue
[2025-02-03T10:16:12.874+0000] {logging_mixin.py:190} INFO - [2025-02-03T10:16:12.874+0000] {dagbag.py:588} INFO - Filling up the DagBag from /home/airflow/.local/lib/python3.12/site-packages/airflow/example_dags/tutorial.py
[2025-02-03T10:16:12.884+0000] {processor.py:925} INFO - DAG(s) 'tutorial' retrieved from /home/airflow/.local/lib/python3.12/site-packages/airflow/example_dags/tutorial.py
[2025-02-03T10:16:12.909+0000] {logging_mixin.py:190} INFO - [2025-02-03T10:16:12.909+0000] {dag.py:3239} INFO - Sync 1 DAGs
[2025-02-03T10:16:12.928+0000] {logging_mixin.py:190} INFO - [2025-02-03T10:16:12.928+0000] {dag.py:4180} INFO - Setting next_dagrun for tutorial to 2025-02-02 00:00:00+00:00, run_after=2025-02-03 00:00:00+00:00
[2025-02-03T10:16:12.944+0000] {processor.py:208} INFO - Processing /home/airflow/.local/lib/python3.12/site-packages/airflow/example_dags/tutorial.py took 0.088 seconds
[2025-02-03T10:16:44.244+0000] {processor.py:186} INFO - Started process (PID=514) to work on /home/airflow/.local/lib/python3.12/site-packages/airflow/example_dags/tutorial.py
[2025-02-03T10:16:44.249+0000] {processor.py:914} INFO - Processing file /home/airflow/.local/lib/python3.12/site-packages/airflow/example_dags/tutorial.py for tasks to queue
[2025-02-03T10:16:44.261+0000] {logging_mixin.py:190} INFO - [2025-02-03T10:16:44.255+0000] {dagbag.py:588} INFO - Filling up the DagBag from /home/airflow/.local/lib/python3.12/site-packages/airflow/example_dags/tutorial.py
[2025-02-03T10:16:44.268+0000] {processor.py:925} INFO - DAG(s) 'tutorial' retrieved from /home/airflow/.local/lib/python3.12/site-packages/airflow/example_dags/tutorial.py
[2025-02-03T10:16:44.313+0000] {logging_mixin.py:190} INFO - [2025-02-03T10:16:44.299+0000] {dag.py:3239} INFO - Sync 1 DAGs
[2025-02-03T10:16:44.365+0000] {logging_mixin.py:190} INFO - [2025-02-03T10:16:44.365+0000] {dag.py:4180} INFO - Setting next_dagrun for tutorial to 2025-02-02 00:00:00+00:00, run_after=2025-02-03 00:00:00+00:00
[2025-02-03T10:16:44.422+0000] {processor.py:208} INFO - Processing /home/airflow/.local/lib/python3.12/site-packages/airflow/example_dags/tutorial.py took 0.183 seconds
[2025-02-03T10:17:15.839+0000] {processor.py:186} INFO - Started process (PID=578) to work on /home/airflow/.local/lib/python3.12/site-packages/airflow/example_dags/tutorial.py
[2025-02-03T10:17:15.841+0000] {processor.py:914} INFO - Processing file /home/airflow/.local/lib/python3.12/site-packages/airflow/example_dags/tutorial.py for tasks to queue
[2025-02-03T10:17:15.847+0000] {logging_mixin.py:190} INFO - [2025-02-03T10:17:15.847+0000] {dagbag.py:588} INFO - Filling up the DagBag from /home/airflow/.local/lib/python3.12/site-packages/airflow/example_dags/tutorial.py
[2025-02-03T10:17:15.861+0000] {processor.py:925} INFO - DAG(s) 'tutorial' retrieved from /home/airflow/.local/lib/python3.12/site-packages/airflow/example_dags/tutorial.py
[2025-02-03T10:17:15.897+0000] {logging_mixin.py:190} INFO - [2025-02-03T10:17:15.897+0000] {dag.py:3239} INFO - Sync 1 DAGs
[2025-02-03T10:17:15.940+0000] {logging_mixin.py:190} INFO - [2025-02-03T10:17:15.940+0000] {dag.py:4180} INFO - Setting next_dagrun for tutorial to 2025-02-02 00:00:00+00:00, run_after=2025-02-03 00:00:00+00:00
[2025-02-03T10:17:15.982+0000] {processor.py:208} INFO - Processing /home/airflow/.local/lib/python3.12/site-packages/airflow/example_dags/tutorial.py took 0.153 seconds
[2025-02-03T10:17:46.611+0000] {processor.py:186} INFO - Started process (PID=643) to work on /home/airflow/.local/lib/python3.12/site-packages/airflow/example_dags/tutorial.py
[2025-02-03T10:17:46.612+0000] {processor.py:914} INFO - Processing file /home/airflow/.local/lib/python3.12/site-packages/airflow/example_dags/tutorial.py for tasks to queue
[2025-02-03T10:17:46.614+0000] {logging_mixin.py:190} INFO - [2025-02-03T10:17:46.614+0000] {dagbag.py:588} INFO - Filling up the DagBag from /home/airflow/.local/lib/python3.12/site-packages/airflow/example_dags/tutorial.py
[2025-02-03T10:17:46.621+0000] {processor.py:925} INFO - DAG(s) 'tutorial' retrieved from /home/airflow/.local/lib/python3.12/site-packages/airflow/example_dags/tutorial.py
[2025-02-03T10:17:46.639+0000] {logging_mixin.py:190} INFO - [2025-02-03T10:17:46.639+0000] {dag.py:3239} INFO - Sync 1 DAGs
[2025-02-03T10:17:46.657+0000] {logging_mixin.py:190} INFO - [2025-02-03T10:17:46.657+0000] {dag.py:4180} INFO - Setting next_dagrun for tutorial to 2025-02-02 00:00:00+00:00, run_after=2025-02-03 00:00:00+00:00
[2025-02-03T10:17:46.674+0000] {processor.py:208} INFO - Processing /home/airflow/.local/lib/python3.12/site-packages/airflow/example_dags/tutorial.py took 0.069 seconds
[2025-02-03T10:18:17.319+0000] {processor.py:186} INFO - Started process (PID=708) to work on /home/airflow/.local/lib/python3.12/site-packages/airflow/example_dags/tutorial.py
[2025-02-03T10:18:17.321+0000] {processor.py:914} INFO - Processing file /home/airflow/.local/lib/python3.12/site-packages/airflow/example_dags/tutorial.py for tasks to queue
[2025-02-03T10:18:17.323+0000] {logging_mixin.py:190} INFO - [2025-02-03T10:18:17.323+0000] {dagbag.py:588} INFO - Filling up the DagBag from /home/airflow/.local/lib/python3.12/site-packages/airflow/example_dags/tutorial.py
[2025-02-03T10:18:17.331+0000] {processor.py:925} INFO - DAG(s) 'tutorial' retrieved from /home/airflow/.local/lib/python3.12/site-packages/airflow/example_dags/tutorial.py
[2025-02-03T10:18:17.350+0000] {logging_mixin.py:190} INFO - [2025-02-03T10:18:17.350+0000] {dag.py:3239} INFO - Sync 1 DAGs
[2025-02-03T10:18:17.370+0000] {logging_mixin.py:190} INFO - [2025-02-03T10:18:17.370+0000] {dag.py:4180} INFO - Setting next_dagrun for tutorial to 2025-02-02 00:00:00+00:00, run_after=2025-02-03 00:00:00+00:00
[2025-02-03T10:18:17.392+0000] {processor.py:208} INFO - Processing /home/airflow/.local/lib/python3.12/site-packages/airflow/example_dags/tutorial.py took 0.078 seconds
[2025-02-03T10:18:48.761+0000] {processor.py:186} INFO - Started process (PID=772) to work on /home/airflow/.local/lib/python3.12/site-packages/airflow/example_dags/tutorial.py
[2025-02-03T10:18:48.762+0000] {processor.py:914} INFO - Processing file /home/airflow/.local/lib/python3.12/site-packages/airflow/example_dags/tutorial.py for tasks to queue
[2025-02-03T10:18:48.765+0000] {logging_mixin.py:190} INFO - [2025-02-03T10:18:48.764+0000] {dagbag.py:588} INFO - Filling up the DagBag from /home/airflow/.local/lib/python3.12/site-packages/airflow/example_dags/tutorial.py
[2025-02-03T10:18:48.771+0000] {processor.py:925} INFO - DAG(s) 'tutorial' retrieved from /home/airflow/.local/lib/python3.12/site-packages/airflow/example_dags/tutorial.py
[2025-02-03T10:18:48.786+0000] {logging_mixin.py:190} INFO - [2025-02-03T10:18:48.786+0000] {dag.py:3239} INFO - Sync 1 DAGs
[2025-02-03T10:18:48.804+0000] {logging_mixin.py:190} INFO - [2025-02-03T10:18:48.804+0000] {dag.py:4180} INFO - Setting next_dagrun for tutorial to 2025-02-02 00:00:00+00:00, run_after=2025-02-03 00:00:00+00:00
[2025-02-03T10:18:48.819+0000] {processor.py:208} INFO - Processing /home/airflow/.local/lib/python3.12/site-packages/airflow/example_dags/tutorial.py took 0.062 seconds
[2025-02-03T10:19:21.356+0000] {processor.py:186} INFO - Started process (PID=837) to work on /home/airflow/.local/lib/python3.12/site-packages/airflow/example_dags/tutorial.py
[2025-02-03T10:19:21.357+0000] {processor.py:914} INFO - Processing file /home/airflow/.local/lib/python3.12/site-packages/airflow/example_dags/tutorial.py for tasks to queue
[2025-02-03T10:19:21.360+0000] {logging_mixin.py:190} INFO - [2025-02-03T10:19:21.360+0000] {dagbag.py:588} INFO - Filling up the DagBag from /home/airflow/.local/lib/python3.12/site-packages/airflow/example_dags/tutorial.py
[2025-02-03T10:19:21.368+0000] {processor.py:925} INFO - DAG(s) 'tutorial' retrieved from /home/airflow/.local/lib/python3.12/site-packages/airflow/example_dags/tutorial.py
[2025-02-03T10:19:21.384+0000] {logging_mixin.py:190} INFO - [2025-02-03T10:19:21.384+0000] {dag.py:3239} INFO - Sync 1 DAGs
[2025-02-03T10:19:21.409+0000] {logging_mixin.py:190} INFO - [2025-02-03T10:19:21.409+0000] {dag.py:4180} INFO - Setting next_dagrun for tutorial to 2025-02-02 00:00:00+00:00, run_after=2025-02-03 00:00:00+00:00
[2025-02-03T10:19:21.424+0000] {processor.py:208} INFO - Processing /home/airflow/.local/lib/python3.12/site-packages/airflow/example_dags/tutorial.py took 0.076 seconds
[2025-02-03T10:19:51.915+0000] {processor.py:186} INFO - Started process (PID=900) to work on /home/airflow/.local/lib/python3.12/site-packages/airflow/example_dags/tutorial.py
[2025-02-03T10:19:51.916+0000] {processor.py:914} INFO - Processing file /home/airflow/.local/lib/python3.12/site-packages/airflow/example_dags/tutorial.py for tasks to queue
[2025-02-03T10:19:51.920+0000] {logging_mixin.py:190} INFO - [2025-02-03T10:19:51.919+0000] {dagbag.py:588} INFO - Filling up the DagBag from /home/airflow/.local/lib/python3.12/site-packages/airflow/example_dags/tutorial.py
[2025-02-03T10:19:51.928+0000] {processor.py:925} INFO - DAG(s) 'tutorial' retrieved from /home/airflow/.local/lib/python3.12/site-packages/airflow/example_dags/tutorial.py
[2025-02-03T10:19:51.943+0000] {logging_mixin.py:190} INFO - [2025-02-03T10:19:51.943+0000] {dag.py:3239} INFO - Sync 1 DAGs
[2025-02-03T10:19:51.967+0000] {logging_mixin.py:190} INFO - [2025-02-03T10:19:51.967+0000] {dag.py:4180} INFO - Setting next_dagrun for tutorial to 2025-02-02 00:00:00+00:00, run_after=2025-02-03 00:00:00+00:00
[2025-02-03T10:19:51.993+0000] {processor.py:208} INFO - Processing /home/airflow/.local/lib/python3.12/site-packages/airflow/example_dags/tutorial.py took 0.087 seconds
