[2025-02-03T10:00:54.854+0000] {local_task_job_runner.py:123} INFO - ::group::Pre task execution logs
[2025-02-03T10:00:54.865+0000] {taskinstance.py:2613} INFO - Dependencies all met for dep_context=non-requeueable deps ti=<TaskInstance: store_top_scorers.insert_scorers manual__2025-02-03T10:00:07.097901+00:00 [queued]>
[2025-02-03T10:00:54.873+0000] {taskinstance.py:2613} INFO - Dependencies all met for dep_context=requeueable deps ti=<TaskInstance: store_top_scorers.insert_scorers manual__2025-02-03T10:00:07.097901+00:00 [queued]>
[2025-02-03T10:00:54.874+0000] {taskinstance.py:2866} INFO - Starting attempt 1 of 4
[2025-02-03T10:00:54.885+0000] {taskinstance.py:2889} INFO - Executing <Task(PythonOperator): insert_scorers> on 2025-02-03 10:00:07.097901+00:00
[2025-02-03T10:00:54.893+0000] {warnings.py:112} WARNING - /home/***/.local/lib/python3.12/site-packages/***/task/task_runner/standard_task_runner.py:70: DeprecationWarning: This process (pid=138) is multi-threaded, use of fork() may lead to deadlocks in the child.
  pid = os.fork()

[2025-02-03T10:00:54.894+0000] {standard_task_runner.py:72} INFO - Started process 140 to run task
[2025-02-03T10:00:54.895+0000] {standard_task_runner.py:104} INFO - Running: ['***', 'tasks', 'run', 'store_top_scorers', 'insert_scorers', 'manual__2025-02-03T10:00:07.097901+00:00', '--job-id', '10', '--raw', '--subdir', 'DAGS_FOLDER/top_scorer_dag.py', '--cfg-path', '/tmp/tmppgs121wz']
[2025-02-03T10:00:54.896+0000] {standard_task_runner.py:105} INFO - Job 10: Subtask insert_scorers
[2025-02-03T10:00:54.933+0000] {task_command.py:467} INFO - Running <TaskInstance: store_top_scorers.insert_scorers manual__2025-02-03T10:00:07.097901+00:00 [running]> on host 493c27767089
[2025-02-03T10:00:55.000+0000] {taskinstance.py:3132} INFO - Exporting env vars: AIRFLOW_CTX_DAG_OWNER='***' AIRFLOW_CTX_DAG_ID='store_top_scorers' AIRFLOW_CTX_TASK_ID='insert_scorers' AIRFLOW_CTX_EXECUTION_DATE='2025-02-03T10:00:07.097901+00:00' AIRFLOW_CTX_TRY_NUMBER='1' AIRFLOW_CTX_DAG_RUN_ID='manual__2025-02-03T10:00:07.097901+00:00'
[2025-02-03T10:00:55.001+0000] {logging_mixin.py:190} INFO - Task instance is in running state
[2025-02-03T10:00:55.002+0000] {logging_mixin.py:190} INFO -  Previous state of the Task instance: queued
[2025-02-03T10:00:55.003+0000] {logging_mixin.py:190} INFO - Current task name:insert_scorers state:running start_date:2025-02-03 10:00:54.866712+00:00
[2025-02-03T10:00:55.004+0000] {logging_mixin.py:190} INFO - Dag name:store_top_scorers and current dag run status:running
[2025-02-03T10:00:55.005+0000] {taskinstance.py:731} INFO - ::endgroup::
[2025-02-03T10:00:55.020+0000] {base.py:84} INFO - Retrieving connection 'football_stats'
[2025-02-03T10:00:55.023+0000] {sql.py:553} INFO - Running statement: 
    INSERT INTO top_scorers (league, player, club, goals, appearances)
    VALUES (%s, %s, %s, %s, %s)
    , parameters: ('Premier League', 'Mohamed SalahRight Winger', 'Unknown', None, None)
[2025-02-03T10:00:55.025+0000] {sql.py:562} INFO - Rows affected: 1
[2025-02-03T10:00:55.030+0000] {sql.py:553} INFO - Running statement: 
    INSERT INTO top_scorers (league, player, club, goals, appearances)
    VALUES (%s, %s, %s, %s, %s)
    , parameters: ('Premier League', 'Erling HaalandCentre-Forward', 'Unknown', None, None)
[2025-02-03T10:00:55.032+0000] {sql.py:562} INFO - Rows affected: 1
[2025-02-03T10:00:55.036+0000] {sql.py:553} INFO - Running statement: 
    INSERT INTO top_scorers (league, player, club, goals, appearances)
    VALUES (%s, %s, %s, %s, %s)
    , parameters: ('Premier League', 'Alexander IsakCentre-Forward', 'Unknown', None, None)
[2025-02-03T10:00:55.038+0000] {sql.py:562} INFO - Rows affected: 1
[2025-02-03T10:00:55.043+0000] {sql.py:553} INFO - Running statement: 
    INSERT INTO top_scorers (league, player, club, goals, appearances)
    VALUES (%s, %s, %s, %s, %s)
    , parameters: ('Premier League', 'Chris WoodCentre-Forward', 'Unknown', None, None)
[2025-02-03T10:00:55.044+0000] {sql.py:562} INFO - Rows affected: 1
[2025-02-03T10:00:55.048+0000] {sql.py:553} INFO - Running statement: 
    INSERT INTO top_scorers (league, player, club, goals, appearances)
    VALUES (%s, %s, %s, %s, %s)
    , parameters: ('Premier League', 'Cole PalmerAttacking Midfield', 'Unknown', None, None)
[2025-02-03T10:00:55.049+0000] {sql.py:562} INFO - Rows affected: 1
[2025-02-03T10:00:55.053+0000] {sql.py:553} INFO - Running statement: 
    INSERT INTO top_scorers (league, player, club, goals, appearances)
    VALUES (%s, %s, %s, %s, %s)
    , parameters: ('Premier League', 'Bryan MbeumoRight Winger', 'Unknown', None, None)
[2025-02-03T10:00:55.054+0000] {sql.py:562} INFO - Rows affected: 1
[2025-02-03T10:00:55.057+0000] {sql.py:553} INFO - Running statement: 
    INSERT INTO top_scorers (league, player, club, goals, appearances)
    VALUES (%s, %s, %s, %s, %s)
    , parameters: ('Premier League', 'Justin KluivertLeft Winger', 'Unknown', None, None)
[2025-02-03T10:00:55.059+0000] {sql.py:562} INFO - Rows affected: 1
[2025-02-03T10:00:55.074+0000] {sql.py:553} INFO - Running statement: 
    INSERT INTO top_scorers (league, player, club, goals, appearances)
    VALUES (%s, %s, %s, %s, %s)
    , parameters: ('Premier League', 'Matheus CunhaCentre-Forward', 'Unknown', None, None)
[2025-02-03T10:00:55.085+0000] {sql.py:562} INFO - Rows affected: 1
[2025-02-03T10:00:55.090+0000] {sql.py:553} INFO - Running statement: 
    INSERT INTO top_scorers (league, player, club, goals, appearances)
    VALUES (%s, %s, %s, %s, %s)
    , parameters: ('Premier League', 'Yoane WissaCentre-Forward', 'Unknown', None, None)
[2025-02-03T10:00:55.091+0000] {sql.py:562} INFO - Rows affected: 1
[2025-02-03T10:00:55.099+0000] {sql.py:553} INFO - Running statement: 
    INSERT INTO top_scorers (league, player, club, goals, appearances)
    VALUES (%s, %s, %s, %s, %s)
    , parameters: ('Premier League', 'Ollie WatkinsCentre-Forward', 'Unknown', None, None)
[2025-02-03T10:00:55.100+0000] {sql.py:562} INFO - Rows affected: 1
[2025-02-03T10:00:55.104+0000] {sql.py:553} INFO - Running statement: 
    INSERT INTO top_scorers (league, player, club, goals, appearances)
    VALUES (%s, %s, %s, %s, %s)
    , parameters: ('La Liga', 'Robert LewandowskiCentre-Forward', 'Unknown', None, None)
[2025-02-03T10:00:55.105+0000] {sql.py:562} INFO - Rows affected: 1
[2025-02-03T10:00:55.110+0000] {sql.py:553} INFO - Running statement: 
    INSERT INTO top_scorers (league, player, club, goals, appearances)
    VALUES (%s, %s, %s, %s, %s)
    , parameters: ('La Liga', 'Kylian MbappéCentre-Forward', 'Unknown', None, None)
[2025-02-03T10:00:55.111+0000] {sql.py:562} INFO - Rows affected: 1
[2025-02-03T10:00:55.115+0000] {sql.py:553} INFO - Running statement: 
    INSERT INTO top_scorers (league, player, club, goals, appearances)
    VALUES (%s, %s, %s, %s, %s)
    , parameters: ('La Liga', 'RaphinhaLeft Winger', 'Unknown', None, None)
[2025-02-03T10:00:55.116+0000] {sql.py:562} INFO - Rows affected: 1
[2025-02-03T10:00:55.120+0000] {sql.py:553} INFO - Running statement: 
    INSERT INTO top_scorers (league, player, club, goals, appearances)
    VALUES (%s, %s, %s, %s, %s)
    , parameters: ('La Liga', 'Ante BudimirCentre-Forward', 'Unknown', None, None)
[2025-02-03T10:00:55.121+0000] {sql.py:562} INFO - Rows affected: 1
[2025-02-03T10:00:55.125+0000] {sql.py:553} INFO - Running statement: 
    INSERT INTO top_scorers (league, player, club, goals, appearances)
    VALUES (%s, %s, %s, %s, %s)
    , parameters: ('La Liga', 'Dodi LukébakioRight Winger', 'Unknown', None, None)
[2025-02-03T10:00:55.127+0000] {sql.py:562} INFO - Rows affected: 1
[2025-02-03T10:00:55.130+0000] {sql.py:553} INFO - Running statement: 
    INSERT INTO top_scorers (league, player, club, goals, appearances)
    VALUES (%s, %s, %s, %s, %s)
    , parameters: ('La Liga', 'Kike GarcíaCentre-Forward', 'Unknown', None, None)
[2025-02-03T10:00:55.132+0000] {sql.py:562} INFO - Rows affected: 1
[2025-02-03T10:00:55.136+0000] {sql.py:553} INFO - Running statement: 
    INSERT INTO top_scorers (league, player, club, goals, appearances)
    VALUES (%s, %s, %s, %s, %s)
    , parameters: ('La Liga', 'Ayoze PérezCentre-Forward', 'Unknown', None, None)
[2025-02-03T10:00:55.138+0000] {sql.py:562} INFO - Rows affected: 1
[2025-02-03T10:00:55.142+0000] {sql.py:553} INFO - Running statement: 
    INSERT INTO top_scorers (league, player, club, goals, appearances)
    VALUES (%s, %s, %s, %s, %s)
    , parameters: ('La Liga', 'Vinicius JuniorLeft Winger', 'Unknown', None, None)
[2025-02-03T10:00:55.144+0000] {sql.py:562} INFO - Rows affected: 1
[2025-02-03T10:00:55.147+0000] {sql.py:553} INFO - Running statement: 
    INSERT INTO top_scorers (league, player, club, goals, appearances)
    VALUES (%s, %s, %s, %s, %s)
    , parameters: ('La Liga', 'Antoine GriezmannCentre-Forward', 'Unknown', None, None)
[2025-02-03T10:00:55.148+0000] {sql.py:562} INFO - Rows affected: 1
[2025-02-03T10:00:55.152+0000] {sql.py:553} INFO - Running statement: 
    INSERT INTO top_scorers (league, player, club, goals, appearances)
    VALUES (%s, %s, %s, %s, %s)
    , parameters: ('La Liga', 'Thierno BarryCentre-Forward', 'Unknown', None, None)
[2025-02-03T10:00:55.153+0000] {sql.py:562} INFO - Rows affected: 1
[2025-02-03T10:00:55.158+0000] {sql.py:553} INFO - Running statement: 
    INSERT INTO top_scorers (league, player, club, goals, appearances)
    VALUES (%s, %s, %s, %s, %s)
    , parameters: ('Bundesliga', 'Harry KaneCentre-Forward', 'Unknown', None, None)
[2025-02-03T10:00:55.159+0000] {sql.py:562} INFO - Rows affected: 1
[2025-02-03T10:00:55.163+0000] {sql.py:553} INFO - Running statement: 
    INSERT INTO top_scorers (league, player, club, goals, appearances)
    VALUES (%s, %s, %s, %s, %s)
    , parameters: ('Bundesliga', 'Omar MarmoushCentre-Forward', 'Unknown', None, None)
[2025-02-03T10:00:55.164+0000] {sql.py:562} INFO - Rows affected: 1
[2025-02-03T10:00:55.167+0000] {sql.py:553} INFO - Running statement: 
    INSERT INTO top_scorers (league, player, club, goals, appearances)
    VALUES (%s, %s, %s, %s, %s)
    , parameters: ('Bundesliga', 'Patrik SchickCentre-Forward', 'Unknown', None, None)
[2025-02-03T10:00:55.168+0000] {sql.py:562} INFO - Rows affected: 1
[2025-02-03T10:00:55.173+0000] {sql.py:553} INFO - Running statement: 
    INSERT INTO top_scorers (league, player, club, goals, appearances)
    VALUES (%s, %s, %s, %s, %s)
    , parameters: ('Bundesliga', 'Tim KleindienstCentre-Forward', 'Unknown', None, None)
[2025-02-03T10:00:55.175+0000] {sql.py:562} INFO - Rows affected: 1
[2025-02-03T10:00:55.178+0000] {sql.py:553} INFO - Running statement: 
    INSERT INTO top_scorers (league, player, club, goals, appearances)
    VALUES (%s, %s, %s, %s, %s)
    , parameters: ('Bundesliga', 'Jonathan BurkardtCentre-Forward', 'Unknown', None, None)
[2025-02-03T10:00:55.180+0000] {sql.py:562} INFO - Rows affected: 1
[2025-02-03T10:00:55.183+0000] {sql.py:553} INFO - Running statement: 
    INSERT INTO top_scorers (league, player, club, goals, appearances)
    VALUES (%s, %s, %s, %s, %s)
    , parameters: ('Bundesliga', 'Hugo EkitikéCentre-Forward', 'Unknown', None, None)
[2025-02-03T10:00:55.185+0000] {sql.py:562} INFO - Rows affected: 1
[2025-02-03T10:00:55.189+0000] {sql.py:553} INFO - Running statement: 
    INSERT INTO top_scorers (league, player, club, goals, appearances)
    VALUES (%s, %s, %s, %s, %s)
    , parameters: ('Bundesliga', 'Jamal MusialaAttacking Midfield', 'Unknown', None, None)
[2025-02-03T10:00:55.191+0000] {sql.py:562} INFO - Rows affected: 1
[2025-02-03T10:00:55.194+0000] {sql.py:553} INFO - Running statement: 
    INSERT INTO top_scorers (league, player, club, goals, appearances)
    VALUES (%s, %s, %s, %s, %s)
    , parameters: ('Bundesliga', 'Florian WirtzAttacking Midfield', 'Unknown', None, None)
[2025-02-03T10:00:55.196+0000] {sql.py:562} INFO - Rows affected: 1
[2025-02-03T10:00:55.200+0000] {sql.py:553} INFO - Running statement: 
    INSERT INTO top_scorers (league, player, club, goals, appearances)
    VALUES (%s, %s, %s, %s, %s)
    , parameters: ('Bundesliga', 'Serhou GuirassyCentre-Forward', 'Unknown', None, None)
[2025-02-03T10:00:55.201+0000] {sql.py:562} INFO - Rows affected: 1
[2025-02-03T10:00:55.206+0000] {sql.py:553} INFO - Running statement: 
    INSERT INTO top_scorers (league, player, club, goals, appearances)
    VALUES (%s, %s, %s, %s, %s)
    , parameters: ('Bundesliga', 'Mohamed AmouraCentre-Forward', 'Unknown', None, None)
[2025-02-03T10:00:55.208+0000] {sql.py:562} INFO - Rows affected: 1
[2025-02-03T10:00:55.212+0000] {sql.py:553} INFO - Running statement: 
    INSERT INTO top_scorers (league, player, club, goals, appearances)
    VALUES (%s, %s, %s, %s, %s)
    , parameters: ('Serie A', 'Mateo ReteguiCentre-Forward', 'Unknown', None, None)
[2025-02-03T10:00:55.213+0000] {sql.py:562} INFO - Rows affected: 1
[2025-02-03T10:00:55.218+0000] {sql.py:553} INFO - Running statement: 
    INSERT INTO top_scorers (league, player, club, goals, appearances)
    VALUES (%s, %s, %s, %s, %s)
    , parameters: ('Serie A', 'Marcus ThuramCentre-Forward', 'Unknown', None, None)
[2025-02-03T10:00:55.219+0000] {sql.py:562} INFO - Rows affected: 1
[2025-02-03T10:00:55.224+0000] {sql.py:553} INFO - Running statement: 
    INSERT INTO top_scorers (league, player, club, goals, appearances)
    VALUES (%s, %s, %s, %s, %s)
    , parameters: ('Serie A', 'Moise KeanCentre-Forward', 'Unknown', None, None)
[2025-02-03T10:00:55.225+0000] {sql.py:562} INFO - Rows affected: 1
[2025-02-03T10:00:55.229+0000] {sql.py:553} INFO - Running statement: 
    INSERT INTO top_scorers (league, player, club, goals, appearances)
    VALUES (%s, %s, %s, %s, %s)
    , parameters: ('Serie A', 'Ademola LookmanSecond Striker', 'Unknown', None, None)
[2025-02-03T10:00:55.230+0000] {sql.py:562} INFO - Rows affected: 1
[2025-02-03T10:00:55.233+0000] {sql.py:553} INFO - Running statement: 
    INSERT INTO top_scorers (league, player, club, goals, appearances)
    VALUES (%s, %s, %s, %s, %s)
    , parameters: ('Serie A', 'Romelu LukakuCentre-Forward', 'Unknown', None, None)
[2025-02-03T10:00:55.234+0000] {sql.py:562} INFO - Rows affected: 1
[2025-02-03T10:00:55.240+0000] {sql.py:553} INFO - Running statement: 
    INSERT INTO top_scorers (league, player, club, goals, appearances)
    VALUES (%s, %s, %s, %s, %s)
    , parameters: ('Serie A', 'Lautaro MartínezCentre-Forward', 'Unknown', None, None)
[2025-02-03T10:00:55.242+0000] {sql.py:562} INFO - Rows affected: 1
[2025-02-03T10:00:55.247+0000] {sql.py:553} INFO - Running statement: 
    INSERT INTO top_scorers (league, player, club, goals, appearances)
    VALUES (%s, %s, %s, %s, %s)
    , parameters: ('Serie A', 'Lorenzo LuccaCentre-Forward', 'Unknown', None, None)
[2025-02-03T10:00:55.248+0000] {sql.py:562} INFO - Rows affected: 1
[2025-02-03T10:00:55.252+0000] {sql.py:553} INFO - Running statement: 
    INSERT INTO top_scorers (league, player, club, goals, appearances)
    VALUES (%s, %s, %s, %s, %s)
    , parameters: ('Serie A', 'Artem DovbykCentre-Forward', 'Unknown', None, None)
[2025-02-03T10:00:55.254+0000] {sql.py:562} INFO - Rows affected: 1
[2025-02-03T10:00:55.257+0000] {sql.py:553} INFO - Running statement: 
    INSERT INTO top_scorers (league, player, club, goals, appearances)
    VALUES (%s, %s, %s, %s, %s)
    , parameters: ('Serie A', 'Dušan VlahovićCentre-Forward', 'Unknown', None, None)
[2025-02-03T10:00:55.258+0000] {sql.py:562} INFO - Rows affected: 1
[2025-02-03T10:00:55.262+0000] {sql.py:553} INFO - Running statement: 
    INSERT INTO top_scorers (league, player, club, goals, appearances)
    VALUES (%s, %s, %s, %s, %s)
    , parameters: ('Serie A', 'Sebastiano EspositoSecond Striker', 'Unknown', None, None)
[2025-02-03T10:00:55.263+0000] {sql.py:562} INFO - Rows affected: 1
[2025-02-03T10:00:55.267+0000] {sql.py:553} INFO - Running statement: 
    INSERT INTO top_scorers (league, player, club, goals, appearances)
    VALUES (%s, %s, %s, %s, %s)
    , parameters: ('Ligue 1', 'Ousmane DembéléRight Winger', 'Unknown', None, None)
[2025-02-03T10:00:55.269+0000] {sql.py:562} INFO - Rows affected: 1
[2025-02-03T10:00:55.273+0000] {sql.py:553} INFO - Running statement: 
    INSERT INTO top_scorers (league, player, club, goals, appearances)
    VALUES (%s, %s, %s, %s, %s)
    , parameters: ('Ligue 1', 'Mason GreenwoodRight Winger', 'Unknown', None, None)
[2025-02-03T10:00:55.275+0000] {sql.py:562} INFO - Rows affected: 1
[2025-02-03T10:00:55.278+0000] {sql.py:553} INFO - Running statement: 
    INSERT INTO top_scorers (league, player, club, goals, appearances)
    VALUES (%s, %s, %s, %s, %s)
    , parameters: ('Ligue 1', 'Jonathan DavidCentre-Forward', 'Unknown', None, None)
[2025-02-03T10:00:55.279+0000] {sql.py:562} INFO - Rows affected: 1
[2025-02-03T10:00:55.282+0000] {sql.py:553} INFO - Running statement: 
    INSERT INTO top_scorers (league, player, club, goals, appearances)
    VALUES (%s, %s, %s, %s, %s)
    , parameters: ('Ligue 1', 'Bradley BarcolaLeft Winger', 'Unknown', None, None)
[2025-02-03T10:00:55.285+0000] {sql.py:562} INFO - Rows affected: 1
[2025-02-03T10:00:55.288+0000] {sql.py:553} INFO - Running statement: 
    INSERT INTO top_scorers (league, player, club, goals, appearances)
    VALUES (%s, %s, %s, %s, %s)
    , parameters: ('Ligue 1', 'Evann GuessandCentre-Forward', 'Unknown', None, None)
[2025-02-03T10:00:55.289+0000] {sql.py:562} INFO - Rows affected: 1
[2025-02-03T10:00:55.293+0000] {sql.py:553} INFO - Running statement: 
    INSERT INTO top_scorers (league, player, club, goals, appearances)
    VALUES (%s, %s, %s, %s, %s)
    , parameters: ('Ligue 1', 'Ludovic AjorqueCentre-Forward', 'Unknown', None, None)
[2025-02-03T10:00:55.294+0000] {sql.py:562} INFO - Rows affected: 1
[2025-02-03T10:00:55.297+0000] {sql.py:553} INFO - Running statement: 
    INSERT INTO top_scorers (league, player, club, goals, appearances)
    VALUES (%s, %s, %s, %s, %s)
    , parameters: ('Ligue 1', 'Emanuel EmeghaCentre-Forward', 'Unknown', None, None)
[2025-02-03T10:00:55.298+0000] {sql.py:562} INFO - Rows affected: 1
[2025-02-03T10:00:55.302+0000] {sql.py:553} INFO - Running statement: 
    INSERT INTO top_scorers (league, player, club, goals, appearances)
    VALUES (%s, %s, %s, %s, %s)
    , parameters: ('Ligue 1', 'Keito NakamuraLeft Winger', 'Unknown', None, None)
[2025-02-03T10:00:55.304+0000] {sql.py:562} INFO - Rows affected: 1
[2025-02-03T10:00:55.307+0000] {sql.py:553} INFO - Running statement: 
    INSERT INTO top_scorers (league, player, club, goals, appearances)
    VALUES (%s, %s, %s, %s, %s)
    , parameters: ('Ligue 1', 'Arnaud KalimuendoCentre-Forward', 'Unknown', None, None)
[2025-02-03T10:00:55.309+0000] {sql.py:562} INFO - Rows affected: 1
[2025-02-03T10:00:55.312+0000] {sql.py:553} INFO - Running statement: 
    INSERT INTO top_scorers (league, player, club, goals, appearances)
    VALUES (%s, %s, %s, %s, %s)
    , parameters: ('Ligue 1', 'Hamed Junior TraoréAttacking Midfield', 'Unknown', None, None)
[2025-02-03T10:00:55.313+0000] {sql.py:562} INFO - Rows affected: 1
[2025-02-03T10:00:55.315+0000] {python.py:240} INFO - Done. Returned value was: None
[2025-02-03T10:00:55.322+0000] {taskinstance.py:340} INFO - ::group::Post task execution logs
[2025-02-03T10:00:55.323+0000] {taskinstance.py:352} INFO - Marking task as SUCCESS. dag_id=store_top_scorers, task_id=insert_scorers, run_id=manual__2025-02-03T10:00:07.097901+00:00, execution_date=20250203T100007, start_date=20250203T100054, end_date=20250203T100055
[2025-02-03T10:00:55.330+0000] {logging_mixin.py:190} INFO - Task instance in success state
[2025-02-03T10:00:55.330+0000] {logging_mixin.py:190} INFO -  Previous state of the Task instance: running
[2025-02-03T10:00:55.332+0000] {logging_mixin.py:190} INFO - Dag name:store_top_scorers queued_at:2025-02-03 10:00:07.158561+00:00
[2025-02-03T10:00:55.332+0000] {logging_mixin.py:190} INFO - Task hostname:493c27767089 operator:PythonOperator
[2025-02-03T10:00:55.350+0000] {local_task_job_runner.py:266} INFO - Task exited with return code 0
[2025-02-03T10:00:55.362+0000] {taskinstance.py:3895} INFO - 0 downstream tasks scheduled from follow-on schedule check
[2025-02-03T10:00:55.365+0000] {local_task_job_runner.py:245} INFO - ::endgroup::
