[2025-02-03T10:14:47.280+0000] {local_task_job_runner.py:123} INFO - ::group::Pre task execution logs
[2025-02-03T10:14:47.293+0000] {taskinstance.py:2613} INFO - Dependencies all met for dep_context=non-requeueable deps ti=<TaskInstance: store_top_scorers.insert_scorers manual__2025-02-03T10:13:59.901546+00:00 [queued]>
[2025-02-03T10:14:47.299+0000] {taskinstance.py:2613} INFO - Dependencies all met for dep_context=requeueable deps ti=<TaskInstance: store_top_scorers.insert_scorers manual__2025-02-03T10:13:59.901546+00:00 [queued]>
[2025-02-03T10:14:47.300+0000] {taskinstance.py:2866} INFO - Starting attempt 1 of 4
[2025-02-03T10:14:47.310+0000] {taskinstance.py:2889} INFO - Executing <Task(PythonOperator): insert_scorers> on 2025-02-03 10:13:59.901546+00:00
[2025-02-03T10:14:47.317+0000] {warnings.py:112} WARNING - /home/***/.local/lib/python3.12/site-packages/***/task/task_runner/standard_task_runner.py:70: DeprecationWarning: This process (pid=83) is multi-threaded, use of fork() may lead to deadlocks in the child.
  pid = os.fork()

[2025-02-03T10:14:47.318+0000] {standard_task_runner.py:72} INFO - Started process 85 to run task
[2025-02-03T10:14:47.319+0000] {standard_task_runner.py:104} INFO - Running: ['***', 'tasks', 'run', 'store_top_scorers', 'insert_scorers', 'manual__2025-02-03T10:13:59.901546+00:00', '--job-id', '15', '--raw', '--subdir', 'DAGS_FOLDER/top_scorer_dag.py', '--cfg-path', '/tmp/tmpbvp72kgn']
[2025-02-03T10:14:47.320+0000] {standard_task_runner.py:105} INFO - Job 15: Subtask insert_scorers
[2025-02-03T10:14:47.357+0000] {task_command.py:467} INFO - Running <TaskInstance: store_top_scorers.insert_scorers manual__2025-02-03T10:13:59.901546+00:00 [running]> on host 56596f446f27
[2025-02-03T10:14:47.421+0000] {taskinstance.py:3132} INFO - Exporting env vars: AIRFLOW_CTX_DAG_OWNER='***' AIRFLOW_CTX_DAG_ID='store_top_scorers' AIRFLOW_CTX_TASK_ID='insert_scorers' AIRFLOW_CTX_EXECUTION_DATE='2025-02-03T10:13:59.901546+00:00' AIRFLOW_CTX_TRY_NUMBER='1' AIRFLOW_CTX_DAG_RUN_ID='manual__2025-02-03T10:13:59.901546+00:00'
[2025-02-03T10:14:47.423+0000] {logging_mixin.py:190} INFO - Task instance is in running state
[2025-02-03T10:14:47.424+0000] {logging_mixin.py:190} INFO -  Previous state of the Task instance: queued
[2025-02-03T10:14:47.425+0000] {logging_mixin.py:190} INFO - Current task name:insert_scorers state:running start_date:2025-02-03 10:14:47.293996+00:00
[2025-02-03T10:14:47.426+0000] {logging_mixin.py:190} INFO - Dag name:store_top_scorers and current dag run status:running
[2025-02-03T10:14:47.426+0000] {taskinstance.py:731} INFO - ::endgroup::
[2025-02-03T10:14:47.433+0000] {base.py:84} INFO - Retrieving connection 'football_stats'
[2025-02-03T10:14:47.437+0000] {sql.py:553} INFO - Running statement: 
        INSERT INTO top_scorers (league, player, position, club, goals, appearances)
        VALUES (%s, %s, %s, %s, %s, %s)
        , parameters: ['Premier League', 'Mohamed Salah', '', 'Unknown', '0', '0']
[2025-02-03T10:14:47.445+0000] {top_scorer_dag.py:125} ERROR - Failed to insert player Mohamed Salah: column "position" of relation "top_scorers" does not exist
LINE 2:         INSERT INTO top_scorers (league, player, position, c...
                                                         ^

[2025-02-03T10:14:47.449+0000] {sql.py:553} INFO - Running statement: 
        INSERT INTO top_scorers (league, player, position, club, goals, appearances)
        VALUES (%s, %s, %s, %s, %s, %s)
        , parameters: ['Premier League', 'Erling Haaland', '', 'Unknown', '0', '0']
[2025-02-03T10:14:47.452+0000] {top_scorer_dag.py:125} ERROR - Failed to insert player Erling Haaland: column "position" of relation "top_scorers" does not exist
LINE 2:         INSERT INTO top_scorers (league, player, position, c...
                                                         ^

[2025-02-03T10:14:47.455+0000] {sql.py:553} INFO - Running statement: 
        INSERT INTO top_scorers (league, player, position, club, goals, appearances)
        VALUES (%s, %s, %s, %s, %s, %s)
        , parameters: ['Premier League', 'Alexander Isak', '', 'Unknown', '0', '0']
[2025-02-03T10:14:47.456+0000] {top_scorer_dag.py:125} ERROR - Failed to insert player Alexander Isak: column "position" of relation "top_scorers" does not exist
LINE 2:         INSERT INTO top_scorers (league, player, position, c...
                                                         ^

[2025-02-03T10:14:47.459+0000] {sql.py:553} INFO - Running statement: 
        INSERT INTO top_scorers (league, player, position, club, goals, appearances)
        VALUES (%s, %s, %s, %s, %s, %s)
        , parameters: ['Premier League', 'Chris Wood', '', 'Unknown', '0', '0']
[2025-02-03T10:14:47.460+0000] {top_scorer_dag.py:125} ERROR - Failed to insert player Chris Wood: column "position" of relation "top_scorers" does not exist
LINE 2:         INSERT INTO top_scorers (league, player, position, c...
                                                         ^

[2025-02-03T10:14:47.462+0000] {sql.py:553} INFO - Running statement: 
        INSERT INTO top_scorers (league, player, position, club, goals, appearances)
        VALUES (%s, %s, %s, %s, %s, %s)
        , parameters: ['Premier League', 'Cole Palmer', '', 'Unknown', '0', '0']
[2025-02-03T10:14:47.464+0000] {top_scorer_dag.py:125} ERROR - Failed to insert player Cole Palmer: column "position" of relation "top_scorers" does not exist
LINE 2:         INSERT INTO top_scorers (league, player, position, c...
                                                         ^

[2025-02-03T10:14:47.467+0000] {sql.py:553} INFO - Running statement: 
        INSERT INTO top_scorers (league, player, position, club, goals, appearances)
        VALUES (%s, %s, %s, %s, %s, %s)
        , parameters: ['Premier League', 'Bryan Mbeumo', '', 'Unknown', '0', '0']
[2025-02-03T10:14:47.469+0000] {top_scorer_dag.py:125} ERROR - Failed to insert player Bryan Mbeumo: column "position" of relation "top_scorers" does not exist
LINE 2:         INSERT INTO top_scorers (league, player, position, c...
                                                         ^

[2025-02-03T10:14:47.471+0000] {sql.py:553} INFO - Running statement: 
        INSERT INTO top_scorers (league, player, position, club, goals, appearances)
        VALUES (%s, %s, %s, %s, %s, %s)
        , parameters: ['Premier League', 'Justin Kluivert', '', 'Unknown', '0', '0']
[2025-02-03T10:14:47.473+0000] {top_scorer_dag.py:125} ERROR - Failed to insert player Justin Kluivert: column "position" of relation "top_scorers" does not exist
LINE 2:         INSERT INTO top_scorers (league, player, position, c...
                                                         ^

[2025-02-03T10:14:47.475+0000] {sql.py:553} INFO - Running statement: 
        INSERT INTO top_scorers (league, player, position, club, goals, appearances)
        VALUES (%s, %s, %s, %s, %s, %s)
        , parameters: ['Premier League', 'Matheus Cunha', '', 'Unknown', '0', '0']
[2025-02-03T10:14:47.476+0000] {top_scorer_dag.py:125} ERROR - Failed to insert player Matheus Cunha: column "position" of relation "top_scorers" does not exist
LINE 2:         INSERT INTO top_scorers (league, player, position, c...
                                                         ^

[2025-02-03T10:14:47.479+0000] {sql.py:553} INFO - Running statement: 
        INSERT INTO top_scorers (league, player, position, club, goals, appearances)
        VALUES (%s, %s, %s, %s, %s, %s)
        , parameters: ['Premier League', 'Yoane Wissa', '', 'Unknown', '0', '0']
[2025-02-03T10:14:47.480+0000] {top_scorer_dag.py:125} ERROR - Failed to insert player Yoane Wissa: column "position" of relation "top_scorers" does not exist
LINE 2:         INSERT INTO top_scorers (league, player, position, c...
                                                         ^

[2025-02-03T10:14:47.484+0000] {sql.py:553} INFO - Running statement: 
        INSERT INTO top_scorers (league, player, position, club, goals, appearances)
        VALUES (%s, %s, %s, %s, %s, %s)
        , parameters: ['Premier League', 'Ollie Watkins', '', 'Unknown', '0', '0']
[2025-02-03T10:14:47.485+0000] {top_scorer_dag.py:125} ERROR - Failed to insert player Ollie Watkins: column "position" of relation "top_scorers" does not exist
LINE 2:         INSERT INTO top_scorers (league, player, position, c...
                                                         ^

[2025-02-03T10:14:47.488+0000] {sql.py:553} INFO - Running statement: 
        INSERT INTO top_scorers (league, player, position, club, goals, appearances)
        VALUES (%s, %s, %s, %s, %s, %s)
        , parameters: ['La Liga', 'Robert Lewandowski', '', 'Unknown', '0', '0']
[2025-02-03T10:14:47.489+0000] {top_scorer_dag.py:125} ERROR - Failed to insert player Robert Lewandowski: column "position" of relation "top_scorers" does not exist
LINE 2:         INSERT INTO top_scorers (league, player, position, c...
                                                         ^

[2025-02-03T10:14:47.492+0000] {sql.py:553} INFO - Running statement: 
        INSERT INTO top_scorers (league, player, position, club, goals, appearances)
        VALUES (%s, %s, %s, %s, %s, %s)
        , parameters: ['La Liga', 'Kylian Mbappé', '', 'Unknown', '0', '0']
[2025-02-03T10:14:47.493+0000] {top_scorer_dag.py:125} ERROR - Failed to insert player Kylian Mbappé: column "position" of relation "top_scorers" does not exist
LINE 2:         INSERT INTO top_scorers (league, player, position, c...
                                                         ^

[2025-02-03T10:14:47.496+0000] {sql.py:553} INFO - Running statement: 
        INSERT INTO top_scorers (league, player, position, club, goals, appearances)
        VALUES (%s, %s, %s, %s, %s, %s)
        , parameters: ['La Liga', 'Raphinha', '', 'Unknown', '0', '0']
[2025-02-03T10:14:47.498+0000] {top_scorer_dag.py:125} ERROR - Failed to insert player Raphinha: column "position" of relation "top_scorers" does not exist
LINE 2:         INSERT INTO top_scorers (league, player, position, c...
                                                         ^

[2025-02-03T10:14:47.501+0000] {sql.py:553} INFO - Running statement: 
        INSERT INTO top_scorers (league, player, position, club, goals, appearances)
        VALUES (%s, %s, %s, %s, %s, %s)
        , parameters: ['La Liga', 'Ante Budimir', '', 'Unknown', '0', '0']
[2025-02-03T10:14:47.503+0000] {top_scorer_dag.py:125} ERROR - Failed to insert player Ante Budimir: column "position" of relation "top_scorers" does not exist
LINE 2:         INSERT INTO top_scorers (league, player, position, c...
                                                         ^

[2025-02-03T10:14:47.507+0000] {sql.py:553} INFO - Running statement: 
        INSERT INTO top_scorers (league, player, position, club, goals, appearances)
        VALUES (%s, %s, %s, %s, %s, %s)
        , parameters: ['La Liga', 'Dodi Lukébakio', '', 'Unknown', '0', '0']
[2025-02-03T10:14:47.508+0000] {top_scorer_dag.py:125} ERROR - Failed to insert player Dodi Lukébakio: column "position" of relation "top_scorers" does not exist
LINE 2:         INSERT INTO top_scorers (league, player, position, c...
                                                         ^

[2025-02-03T10:14:47.511+0000] {sql.py:553} INFO - Running statement: 
        INSERT INTO top_scorers (league, player, position, club, goals, appearances)
        VALUES (%s, %s, %s, %s, %s, %s)
        , parameters: ['La Liga', 'Kike García', '', 'Unknown', '0', '0']
[2025-02-03T10:14:47.513+0000] {top_scorer_dag.py:125} ERROR - Failed to insert player Kike García: column "position" of relation "top_scorers" does not exist
LINE 2:         INSERT INTO top_scorers (league, player, position, c...
                                                         ^

[2025-02-03T10:14:47.516+0000] {sql.py:553} INFO - Running statement: 
        INSERT INTO top_scorers (league, player, position, club, goals, appearances)
        VALUES (%s, %s, %s, %s, %s, %s)
        , parameters: ['La Liga', 'Ayoze Pérez', '', 'Unknown', '0', '0']
[2025-02-03T10:14:47.517+0000] {top_scorer_dag.py:125} ERROR - Failed to insert player Ayoze Pérez: column "position" of relation "top_scorers" does not exist
LINE 2:         INSERT INTO top_scorers (league, player, position, c...
                                                         ^

[2025-02-03T10:14:47.520+0000] {sql.py:553} INFO - Running statement: 
        INSERT INTO top_scorers (league, player, position, club, goals, appearances)
        VALUES (%s, %s, %s, %s, %s, %s)
        , parameters: ['La Liga', 'Vinicius Junior', '', 'Unknown', '0', '0']
[2025-02-03T10:14:47.522+0000] {top_scorer_dag.py:125} ERROR - Failed to insert player Vinicius Junior: column "position" of relation "top_scorers" does not exist
LINE 2:         INSERT INTO top_scorers (league, player, position, c...
                                                         ^

[2025-02-03T10:14:47.525+0000] {sql.py:553} INFO - Running statement: 
        INSERT INTO top_scorers (league, player, position, club, goals, appearances)
        VALUES (%s, %s, %s, %s, %s, %s)
        , parameters: ['La Liga', 'Antoine Griezmann', '', 'Unknown', '0', '0']
[2025-02-03T10:14:47.526+0000] {top_scorer_dag.py:125} ERROR - Failed to insert player Antoine Griezmann: column "position" of relation "top_scorers" does not exist
LINE 2:         INSERT INTO top_scorers (league, player, position, c...
                                                         ^

[2025-02-03T10:14:47.530+0000] {sql.py:553} INFO - Running statement: 
        INSERT INTO top_scorers (league, player, position, club, goals, appearances)
        VALUES (%s, %s, %s, %s, %s, %s)
        , parameters: ['La Liga', 'Thierno Barry', '', 'Unknown', '0', '0']
[2025-02-03T10:14:47.531+0000] {top_scorer_dag.py:125} ERROR - Failed to insert player Thierno Barry: column "position" of relation "top_scorers" does not exist
LINE 2:         INSERT INTO top_scorers (league, player, position, c...
                                                         ^

[2025-02-03T10:14:47.534+0000] {sql.py:553} INFO - Running statement: 
        INSERT INTO top_scorers (league, player, position, club, goals, appearances)
        VALUES (%s, %s, %s, %s, %s, %s)
        , parameters: ['Bundesliga', 'Harry Kane', '', 'Unknown', '0', '0']
[2025-02-03T10:14:47.535+0000] {top_scorer_dag.py:125} ERROR - Failed to insert player Harry Kane: column "position" of relation "top_scorers" does not exist
LINE 2:         INSERT INTO top_scorers (league, player, position, c...
                                                         ^

[2025-02-03T10:14:47.539+0000] {sql.py:553} INFO - Running statement: 
        INSERT INTO top_scorers (league, player, position, club, goals, appearances)
        VALUES (%s, %s, %s, %s, %s, %s)
        , parameters: ['Bundesliga', 'Omar Marmoush', '', 'Unknown', '0', '0']
[2025-02-03T10:14:47.540+0000] {top_scorer_dag.py:125} ERROR - Failed to insert player Omar Marmoush: column "position" of relation "top_scorers" does not exist
LINE 2:         INSERT INTO top_scorers (league, player, position, c...
                                                         ^

[2025-02-03T10:14:47.544+0000] {sql.py:553} INFO - Running statement: 
        INSERT INTO top_scorers (league, player, position, club, goals, appearances)
        VALUES (%s, %s, %s, %s, %s, %s)
        , parameters: ['Bundesliga', 'Patrik Schick', '', 'Unknown', '0', '0']
[2025-02-03T10:14:47.545+0000] {top_scorer_dag.py:125} ERROR - Failed to insert player Patrik Schick: column "position" of relation "top_scorers" does not exist
LINE 2:         INSERT INTO top_scorers (league, player, position, c...
                                                         ^

[2025-02-03T10:14:47.548+0000] {sql.py:553} INFO - Running statement: 
        INSERT INTO top_scorers (league, player, position, club, goals, appearances)
        VALUES (%s, %s, %s, %s, %s, %s)
        , parameters: ['Bundesliga', 'Tim Kleindienst', '', 'Unknown', '0', '0']
[2025-02-03T10:14:47.549+0000] {top_scorer_dag.py:125} ERROR - Failed to insert player Tim Kleindienst: column "position" of relation "top_scorers" does not exist
LINE 2:         INSERT INTO top_scorers (league, player, position, c...
                                                         ^

[2025-02-03T10:14:47.552+0000] {sql.py:553} INFO - Running statement: 
        INSERT INTO top_scorers (league, player, position, club, goals, appearances)
        VALUES (%s, %s, %s, %s, %s, %s)
        , parameters: ['Bundesliga', 'Jonathan Burkardt', '', 'Unknown', '0', '0']
[2025-02-03T10:14:47.554+0000] {top_scorer_dag.py:125} ERROR - Failed to insert player Jonathan Burkardt: column "position" of relation "top_scorers" does not exist
LINE 2:         INSERT INTO top_scorers (league, player, position, c...
                                                         ^

[2025-02-03T10:14:47.556+0000] {sql.py:553} INFO - Running statement: 
        INSERT INTO top_scorers (league, player, position, club, goals, appearances)
        VALUES (%s, %s, %s, %s, %s, %s)
        , parameters: ['Bundesliga', 'Hugo Ekitiké', '', 'Unknown', '0', '0']
[2025-02-03T10:14:47.557+0000] {top_scorer_dag.py:125} ERROR - Failed to insert player Hugo Ekitiké: column "position" of relation "top_scorers" does not exist
LINE 2:         INSERT INTO top_scorers (league, player, position, c...
                                                         ^

[2025-02-03T10:14:47.561+0000] {sql.py:553} INFO - Running statement: 
        INSERT INTO top_scorers (league, player, position, club, goals, appearances)
        VALUES (%s, %s, %s, %s, %s, %s)
        , parameters: ['Bundesliga', 'Jamal Musiala', '', 'Unknown', '0', '0']
[2025-02-03T10:14:47.562+0000] {top_scorer_dag.py:125} ERROR - Failed to insert player Jamal Musiala: column "position" of relation "top_scorers" does not exist
LINE 2:         INSERT INTO top_scorers (league, player, position, c...
                                                         ^

[2025-02-03T10:14:47.565+0000] {sql.py:553} INFO - Running statement: 
        INSERT INTO top_scorers (league, player, position, club, goals, appearances)
        VALUES (%s, %s, %s, %s, %s, %s)
        , parameters: ['Bundesliga', 'Florian Wirtz', '', 'Unknown', '0', '0']
[2025-02-03T10:14:47.566+0000] {top_scorer_dag.py:125} ERROR - Failed to insert player Florian Wirtz: column "position" of relation "top_scorers" does not exist
LINE 2:         INSERT INTO top_scorers (league, player, position, c...
                                                         ^

[2025-02-03T10:14:47.569+0000] {sql.py:553} INFO - Running statement: 
        INSERT INTO top_scorers (league, player, position, club, goals, appearances)
        VALUES (%s, %s, %s, %s, %s, %s)
        , parameters: ['Bundesliga', 'Serhou Guirassy', '', 'Unknown', '0', '0']
[2025-02-03T10:14:47.570+0000] {top_scorer_dag.py:125} ERROR - Failed to insert player Serhou Guirassy: column "position" of relation "top_scorers" does not exist
LINE 2:         INSERT INTO top_scorers (league, player, position, c...
                                                         ^

[2025-02-03T10:14:47.573+0000] {sql.py:553} INFO - Running statement: 
        INSERT INTO top_scorers (league, player, position, club, goals, appearances)
        VALUES (%s, %s, %s, %s, %s, %s)
        , parameters: ['Bundesliga', 'Mohamed Amoura', '', 'Unknown', '0', '0']
[2025-02-03T10:14:47.574+0000] {top_scorer_dag.py:125} ERROR - Failed to insert player Mohamed Amoura: column "position" of relation "top_scorers" does not exist
LINE 2:         INSERT INTO top_scorers (league, player, position, c...
                                                         ^

[2025-02-03T10:14:47.578+0000] {sql.py:553} INFO - Running statement: 
        INSERT INTO top_scorers (league, player, position, club, goals, appearances)
        VALUES (%s, %s, %s, %s, %s, %s)
        , parameters: ['Serie A', 'Mateo Retegui', '', 'Unknown', '0', '0']
[2025-02-03T10:14:47.579+0000] {top_scorer_dag.py:125} ERROR - Failed to insert player Mateo Retegui: column "position" of relation "top_scorers" does not exist
LINE 2:         INSERT INTO top_scorers (league, player, position, c...
                                                         ^

[2025-02-03T10:14:47.582+0000] {sql.py:553} INFO - Running statement: 
        INSERT INTO top_scorers (league, player, position, club, goals, appearances)
        VALUES (%s, %s, %s, %s, %s, %s)
        , parameters: ['Serie A', 'Marcus Thuram', '', 'Unknown', '0', '0']
[2025-02-03T10:14:47.583+0000] {top_scorer_dag.py:125} ERROR - Failed to insert player Marcus Thuram: column "position" of relation "top_scorers" does not exist
LINE 2:         INSERT INTO top_scorers (league, player, position, c...
                                                         ^

[2025-02-03T10:14:47.586+0000] {sql.py:553} INFO - Running statement: 
        INSERT INTO top_scorers (league, player, position, club, goals, appearances)
        VALUES (%s, %s, %s, %s, %s, %s)
        , parameters: ['Serie A', 'Moise Kean', '', 'Unknown', '0', '0']
[2025-02-03T10:14:47.587+0000] {top_scorer_dag.py:125} ERROR - Failed to insert player Moise Kean: column "position" of relation "top_scorers" does not exist
LINE 2:         INSERT INTO top_scorers (league, player, position, c...
                                                         ^

[2025-02-03T10:14:47.590+0000] {sql.py:553} INFO - Running statement: 
        INSERT INTO top_scorers (league, player, position, club, goals, appearances)
        VALUES (%s, %s, %s, %s, %s, %s)
        , parameters: ['Serie A', 'Ademola Lookman', '', 'Unknown', '0', '0']
[2025-02-03T10:14:47.591+0000] {top_scorer_dag.py:125} ERROR - Failed to insert player Ademola Lookman: column "position" of relation "top_scorers" does not exist
LINE 2:         INSERT INTO top_scorers (league, player, position, c...
                                                         ^

[2025-02-03T10:14:47.595+0000] {sql.py:553} INFO - Running statement: 
        INSERT INTO top_scorers (league, player, position, club, goals, appearances)
        VALUES (%s, %s, %s, %s, %s, %s)
        , parameters: ['Serie A', 'Romelu Lukaku', '', 'Unknown', '0', '0']
[2025-02-03T10:14:47.596+0000] {top_scorer_dag.py:125} ERROR - Failed to insert player Romelu Lukaku: column "position" of relation "top_scorers" does not exist
LINE 2:         INSERT INTO top_scorers (league, player, position, c...
                                                         ^

[2025-02-03T10:14:47.599+0000] {sql.py:553} INFO - Running statement: 
        INSERT INTO top_scorers (league, player, position, club, goals, appearances)
        VALUES (%s, %s, %s, %s, %s, %s)
        , parameters: ['Serie A', 'Lautaro Martínez', '', 'Unknown', '0', '0']
[2025-02-03T10:14:47.600+0000] {top_scorer_dag.py:125} ERROR - Failed to insert player Lautaro Martínez: column "position" of relation "top_scorers" does not exist
LINE 2:         INSERT INTO top_scorers (league, player, position, c...
                                                         ^

[2025-02-03T10:14:47.603+0000] {sql.py:553} INFO - Running statement: 
        INSERT INTO top_scorers (league, player, position, club, goals, appearances)
        VALUES (%s, %s, %s, %s, %s, %s)
        , parameters: ['Serie A', 'Lorenzo Lucca', '', 'Unknown', '0', '0']
[2025-02-03T10:14:47.604+0000] {top_scorer_dag.py:125} ERROR - Failed to insert player Lorenzo Lucca: column "position" of relation "top_scorers" does not exist
LINE 2:         INSERT INTO top_scorers (league, player, position, c...
                                                         ^

[2025-02-03T10:14:47.607+0000] {sql.py:553} INFO - Running statement: 
        INSERT INTO top_scorers (league, player, position, club, goals, appearances)
        VALUES (%s, %s, %s, %s, %s, %s)
        , parameters: ['Serie A', 'Artem Dovbyk', '', 'Unknown', '0', '0']
[2025-02-03T10:14:47.609+0000] {top_scorer_dag.py:125} ERROR - Failed to insert player Artem Dovbyk: column "position" of relation "top_scorers" does not exist
LINE 2:         INSERT INTO top_scorers (league, player, position, c...
                                                         ^

[2025-02-03T10:14:47.613+0000] {sql.py:553} INFO - Running statement: 
        INSERT INTO top_scorers (league, player, position, club, goals, appearances)
        VALUES (%s, %s, %s, %s, %s, %s)
        , parameters: ['Serie A', 'Dušan Vlahović', '', 'Unknown', '0', '0']
[2025-02-03T10:14:47.614+0000] {top_scorer_dag.py:125} ERROR - Failed to insert player Dušan Vlahović: column "position" of relation "top_scorers" does not exist
LINE 2:         INSERT INTO top_scorers (league, player, position, c...
                                                         ^

[2025-02-03T10:14:47.619+0000] {sql.py:553} INFO - Running statement: 
        INSERT INTO top_scorers (league, player, position, club, goals, appearances)
        VALUES (%s, %s, %s, %s, %s, %s)
        , parameters: ['Serie A', 'Sebastiano Esposito', '', 'Unknown', '0', '0']
[2025-02-03T10:14:47.620+0000] {top_scorer_dag.py:125} ERROR - Failed to insert player Sebastiano Esposito: column "position" of relation "top_scorers" does not exist
LINE 2:         INSERT INTO top_scorers (league, player, position, c...
                                                         ^

[2025-02-03T10:14:47.625+0000] {sql.py:553} INFO - Running statement: 
        INSERT INTO top_scorers (league, player, position, club, goals, appearances)
        VALUES (%s, %s, %s, %s, %s, %s)
        , parameters: ['Ligue 1', 'Ousmane Dembélé', '', 'Unknown', '0', '0']
[2025-02-03T10:14:47.627+0000] {top_scorer_dag.py:125} ERROR - Failed to insert player Ousmane Dembélé: column "position" of relation "top_scorers" does not exist
LINE 2:         INSERT INTO top_scorers (league, player, position, c...
                                                         ^

[2025-02-03T10:14:47.631+0000] {sql.py:553} INFO - Running statement: 
        INSERT INTO top_scorers (league, player, position, club, goals, appearances)
        VALUES (%s, %s, %s, %s, %s, %s)
        , parameters: ['Ligue 1', 'Mason Greenwood', '', 'Unknown', '0', '0']
[2025-02-03T10:14:47.633+0000] {top_scorer_dag.py:125} ERROR - Failed to insert player Mason Greenwood: column "position" of relation "top_scorers" does not exist
LINE 2:         INSERT INTO top_scorers (league, player, position, c...
                                                         ^

[2025-02-03T10:14:47.636+0000] {sql.py:553} INFO - Running statement: 
        INSERT INTO top_scorers (league, player, position, club, goals, appearances)
        VALUES (%s, %s, %s, %s, %s, %s)
        , parameters: ['Ligue 1', 'Jonathan David', '', 'Unknown', '0', '0']
[2025-02-03T10:14:47.638+0000] {top_scorer_dag.py:125} ERROR - Failed to insert player Jonathan David: column "position" of relation "top_scorers" does not exist
LINE 2:         INSERT INTO top_scorers (league, player, position, c...
                                                         ^

[2025-02-03T10:14:47.643+0000] {sql.py:553} INFO - Running statement: 
        INSERT INTO top_scorers (league, player, position, club, goals, appearances)
        VALUES (%s, %s, %s, %s, %s, %s)
        , parameters: ['Ligue 1', 'Bradley Barcola', '', 'Unknown', '0', '0']
[2025-02-03T10:14:47.645+0000] {top_scorer_dag.py:125} ERROR - Failed to insert player Bradley Barcola: column "position" of relation "top_scorers" does not exist
LINE 2:         INSERT INTO top_scorers (league, player, position, c...
                                                         ^

[2025-02-03T10:14:47.649+0000] {sql.py:553} INFO - Running statement: 
        INSERT INTO top_scorers (league, player, position, club, goals, appearances)
        VALUES (%s, %s, %s, %s, %s, %s)
        , parameters: ['Ligue 1', 'Evann Guessand', '', 'Unknown', '0', '0']
[2025-02-03T10:14:47.652+0000] {top_scorer_dag.py:125} ERROR - Failed to insert player Evann Guessand: column "position" of relation "top_scorers" does not exist
LINE 2:         INSERT INTO top_scorers (league, player, position, c...
                                                         ^

[2025-02-03T10:14:47.664+0000] {sql.py:553} INFO - Running statement: 
        INSERT INTO top_scorers (league, player, position, club, goals, appearances)
        VALUES (%s, %s, %s, %s, %s, %s)
        , parameters: ['Ligue 1', 'Ludovic Ajorque', '', 'Unknown', '0', '0']
[2025-02-03T10:14:47.667+0000] {top_scorer_dag.py:125} ERROR - Failed to insert player Ludovic Ajorque: column "position" of relation "top_scorers" does not exist
LINE 2:         INSERT INTO top_scorers (league, player, position, c...
                                                         ^

[2025-02-03T10:14:47.677+0000] {sql.py:553} INFO - Running statement: 
        INSERT INTO top_scorers (league, player, position, club, goals, appearances)
        VALUES (%s, %s, %s, %s, %s, %s)
        , parameters: ['Ligue 1', 'Emanuel Emegha', '', 'Unknown', '0', '0']
[2025-02-03T10:14:47.679+0000] {top_scorer_dag.py:125} ERROR - Failed to insert player Emanuel Emegha: column "position" of relation "top_scorers" does not exist
LINE 2:         INSERT INTO top_scorers (league, player, position, c...
                                                         ^

[2025-02-03T10:14:47.682+0000] {sql.py:553} INFO - Running statement: 
        INSERT INTO top_scorers (league, player, position, club, goals, appearances)
        VALUES (%s, %s, %s, %s, %s, %s)
        , parameters: ['Ligue 1', 'Keito Nakamura', '', 'Unknown', '0', '0']
[2025-02-03T10:14:47.683+0000] {top_scorer_dag.py:125} ERROR - Failed to insert player Keito Nakamura: column "position" of relation "top_scorers" does not exist
LINE 2:         INSERT INTO top_scorers (league, player, position, c...
                                                         ^

[2025-02-03T10:14:47.688+0000] {sql.py:553} INFO - Running statement: 
        INSERT INTO top_scorers (league, player, position, club, goals, appearances)
        VALUES (%s, %s, %s, %s, %s, %s)
        , parameters: ['Ligue 1', 'Arnaud Kalimuendo', '', 'Unknown', '0', '0']
[2025-02-03T10:14:47.689+0000] {top_scorer_dag.py:125} ERROR - Failed to insert player Arnaud Kalimuendo: column "position" of relation "top_scorers" does not exist
LINE 2:         INSERT INTO top_scorers (league, player, position, c...
                                                         ^

[2025-02-03T10:14:47.693+0000] {sql.py:553} INFO - Running statement: 
        INSERT INTO top_scorers (league, player, position, club, goals, appearances)
        VALUES (%s, %s, %s, %s, %s, %s)
        , parameters: ['Ligue 1', 'Hamed Junior Traoré', '', 'Unknown', '0', '0']
[2025-02-03T10:14:47.694+0000] {top_scorer_dag.py:125} ERROR - Failed to insert player Hamed Junior Traoré: column "position" of relation "top_scorers" does not exist
LINE 2:         INSERT INTO top_scorers (league, player, position, c...
                                                         ^

[2025-02-03T10:14:47.695+0000] {top_scorer_dag.py:127} INFO - Data successfully inserted into PostgreSQL.
[2025-02-03T10:14:47.696+0000] {python.py:240} INFO - Done. Returned value was: None
[2025-02-03T10:14:47.705+0000] {taskinstance.py:340} INFO - ::group::Post task execution logs
[2025-02-03T10:14:47.706+0000] {taskinstance.py:352} INFO - Marking task as SUCCESS. dag_id=store_top_scorers, task_id=insert_scorers, run_id=manual__2025-02-03T10:13:59.901546+00:00, execution_date=20250203T101359, start_date=20250203T101447, end_date=20250203T101447
[2025-02-03T10:14:47.720+0000] {logging_mixin.py:190} INFO - Task instance in success state
[2025-02-03T10:14:47.721+0000] {logging_mixin.py:190} INFO -  Previous state of the Task instance: running
[2025-02-03T10:14:47.722+0000] {logging_mixin.py:190} INFO - Dag name:store_top_scorers queued_at:2025-02-03 10:13:59.937019+00:00
[2025-02-03T10:14:47.722+0000] {logging_mixin.py:190} INFO - Task hostname:56596f446f27 operator:PythonOperator
[2025-02-03T10:14:47.735+0000] {local_task_job_runner.py:266} INFO - Task exited with return code 0
[2025-02-03T10:14:47.750+0000] {taskinstance.py:3895} INFO - 0 downstream tasks scheduled from follow-on schedule check
[2025-02-03T10:14:47.753+0000] {local_task_job_runner.py:245} INFO - ::endgroup::
