[2025-02-03T10:00:50.171+0000] {local_task_job_runner.py:123} INFO - ::group::Pre task execution logs
[2025-02-03T10:00:50.184+0000] {taskinstance.py:2613} INFO - Dependencies all met for dep_context=non-requeueable deps ti=<TaskInstance: store_top_scorers.create_table scheduled__2025-02-02T00:00:00+00:00 [queued]>
[2025-02-03T10:00:50.190+0000] {taskinstance.py:2613} INFO - Dependencies all met for dep_context=requeueable deps ti=<TaskInstance: store_top_scorers.create_table scheduled__2025-02-02T00:00:00+00:00 [queued]>
[2025-02-03T10:00:50.191+0000] {taskinstance.py:2866} INFO - Starting attempt 1 of 4
[2025-02-03T10:00:50.204+0000] {taskinstance.py:2889} INFO - Executing <Task(PostgresOperator): create_table> on 2025-02-02 00:00:00+00:00
[2025-02-03T10:00:50.211+0000] {warnings.py:112} WARNING - /home/***/.local/lib/python3.12/site-packages/***/task/task_runner/standard_task_runner.py:70: DeprecationWarning: This process (pid=126) is multi-threaded, use of fork() may lead to deadlocks in the child.
  pid = os.fork()

[2025-02-03T10:00:50.212+0000] {standard_task_runner.py:72} INFO - Started process 128 to run task
[2025-02-03T10:00:50.213+0000] {standard_task_runner.py:104} INFO - Running: ['***', 'tasks', 'run', 'store_top_scorers', 'create_table', 'scheduled__2025-02-02T00:00:00+00:00', '--job-id', '7', '--raw', '--subdir', 'DAGS_FOLDER/top_scorer_dag.py', '--cfg-path', '/tmp/tmp1taqs7hk']
[2025-02-03T10:00:50.214+0000] {standard_task_runner.py:105} INFO - Job 7: Subtask create_table
[2025-02-03T10:00:50.250+0000] {task_command.py:467} INFO - Running <TaskInstance: store_top_scorers.create_table scheduled__2025-02-02T00:00:00+00:00 [running]> on host 493c27767089
[2025-02-03T10:00:50.307+0000] {taskinstance.py:3132} INFO - Exporting env vars: AIRFLOW_CTX_DAG_OWNER='***' AIRFLOW_CTX_DAG_ID='store_top_scorers' AIRFLOW_CTX_TASK_ID='create_table' AIRFLOW_CTX_EXECUTION_DATE='2025-02-02T00:00:00+00:00' AIRFLOW_CTX_TRY_NUMBER='1' AIRFLOW_CTX_DAG_RUN_ID='scheduled__2025-02-02T00:00:00+00:00'
[2025-02-03T10:00:50.308+0000] {logging_mixin.py:190} INFO - Task instance is in running state
[2025-02-03T10:00:50.309+0000] {logging_mixin.py:190} INFO -  Previous state of the Task instance: queued
[2025-02-03T10:00:50.309+0000] {logging_mixin.py:190} INFO - Current task name:create_table state:running start_date:2025-02-03 10:00:50.185216+00:00
[2025-02-03T10:00:50.310+0000] {logging_mixin.py:190} INFO - Dag name:store_top_scorers and current dag run status:running
[2025-02-03T10:00:50.310+0000] {taskinstance.py:731} INFO - ::endgroup::
[2025-02-03T10:00:50.310+0000] {sql.py:278} INFO - Executing: 
    CREATE TABLE IF NOT EXISTS top_scorers (
        id SERIAL PRIMARY KEY,
        league TEXT NOT NULL,
        player TEXT NOT NULL,
        club TEXT,
        goals INTEGER,
        appearances INTEGER
    );
    
[2025-02-03T10:00:50.317+0000] {base.py:84} INFO - Retrieving connection 'football_stats'
[2025-02-03T10:00:50.323+0000] {base.py:84} INFO - Retrieving connection 'football_stats'
[2025-02-03T10:00:50.325+0000] {sql.py:553} INFO - Running statement: 
    CREATE TABLE IF NOT EXISTS top_scorers (
        id SERIAL PRIMARY KEY,
        league TEXT NOT NULL,
        player TEXT NOT NULL,
        club TEXT,
        goals INTEGER,
        appearances INTEGER
    );
    , parameters: None
[2025-02-03T10:00:50.379+0000] {taskinstance.py:340} INFO - ::group::Post task execution logs
[2025-02-03T10:00:50.380+0000] {taskinstance.py:352} INFO - Marking task as SUCCESS. dag_id=store_top_scorers, task_id=create_table, run_id=scheduled__2025-02-02T00:00:00+00:00, execution_date=20250202T000000, start_date=20250203T100050, end_date=20250203T100050
[2025-02-03T10:00:50.387+0000] {logging_mixin.py:190} INFO - Task instance in success state
[2025-02-03T10:00:50.387+0000] {logging_mixin.py:190} INFO -  Previous state of the Task instance: running
[2025-02-03T10:00:50.388+0000] {logging_mixin.py:190} INFO - Dag name:store_top_scorers queued_at:2025-02-03 10:00:07.307440+00:00
[2025-02-03T10:00:50.388+0000] {logging_mixin.py:190} INFO - Task hostname:493c27767089 operator:PostgresOperator
[2025-02-03T10:00:50.429+0000] {local_task_job_runner.py:266} INFO - Task exited with return code 0
[2025-02-03T10:00:50.445+0000] {taskinstance.py:3895} INFO - 1 downstream tasks scheduled from follow-on schedule check
[2025-02-03T10:00:50.447+0000] {local_task_job_runner.py:245} INFO - ::endgroup::
