[2025-02-03T10:00:19.751+0000] {local_task_job_runner.py:123} INFO - ::group::Pre task execution logs
[2025-02-03T10:00:19.768+0000] {taskinstance.py:2613} INFO - Dependencies all met for dep_context=non-requeueable deps ti=<TaskInstance: store_top_scorers.fetch_top_scorers scheduled__2025-02-02T00:00:00+00:00 [queued]>
[2025-02-03T10:00:19.774+0000] {taskinstance.py:2613} INFO - Dependencies all met for dep_context=requeueable deps ti=<TaskInstance: store_top_scorers.fetch_top_scorers scheduled__2025-02-02T00:00:00+00:00 [queued]>
[2025-02-03T10:00:19.775+0000] {taskinstance.py:2866} INFO - Starting attempt 1 of 4
[2025-02-03T10:00:19.792+0000] {taskinstance.py:2889} INFO - Executing <Task(PythonOperator): fetch_top_scorers> on 2025-02-02 00:00:00+00:00
[2025-02-03T10:00:19.807+0000] {warnings.py:112} WARNING - /home/***/.local/lib/python3.12/site-packages/***/task/task_runner/standard_task_runner.py:70: DeprecationWarning: This process (pid=112) is multi-threaded, use of fork() may lead to deadlocks in the child.
  pid = os.fork()

[2025-02-03T10:00:19.809+0000] {standard_task_runner.py:72} INFO - Started process 115 to run task
[2025-02-03T10:00:19.823+0000] {standard_task_runner.py:104} INFO - Running: ['***', 'tasks', 'run', 'store_top_scorers', 'fetch_top_scorers', 'scheduled__2025-02-02T00:00:00+00:00', '--job-id', '6', '--raw', '--subdir', 'DAGS_FOLDER/top_scorer_dag.py', '--cfg-path', '/tmp/tmpprl61tyf']
[2025-02-03T10:00:19.832+0000] {standard_task_runner.py:105} INFO - Job 6: Subtask fetch_top_scorers
[2025-02-03T10:00:19.989+0000] {task_command.py:467} INFO - Running <TaskInstance: store_top_scorers.fetch_top_scorers scheduled__2025-02-02T00:00:00+00:00 [running]> on host 493c27767089
[2025-02-03T10:00:20.142+0000] {taskinstance.py:3132} INFO - Exporting env vars: AIRFLOW_CTX_DAG_OWNER='***' AIRFLOW_CTX_DAG_ID='store_top_scorers' AIRFLOW_CTX_TASK_ID='fetch_top_scorers' AIRFLOW_CTX_EXECUTION_DATE='2025-02-02T00:00:00+00:00' AIRFLOW_CTX_TRY_NUMBER='1' AIRFLOW_CTX_DAG_RUN_ID='scheduled__2025-02-02T00:00:00+00:00'
[2025-02-03T10:00:20.149+0000] {logging_mixin.py:190} INFO - Task instance is in running state
[2025-02-03T10:00:20.149+0000] {logging_mixin.py:190} INFO -  Previous state of the Task instance: queued
[2025-02-03T10:00:20.150+0000] {logging_mixin.py:190} INFO - Current task name:fetch_top_scorers state:running start_date:2025-02-03 10:00:19.769537+00:00
[2025-02-03T10:00:20.151+0000] {logging_mixin.py:190} INFO - Dag name:store_top_scorers and current dag run status:running
[2025-02-03T10:00:20.151+0000] {taskinstance.py:731} INFO - ::endgroup::
[2025-02-03T10:00:47.651+0000] {logging_mixin.py:190} INFO - Extracted data: [{'League': 'Premier League', 'Player': 'Mohamed SalahRight Winger', 'Club': 'Unknown', 'Goals': None, 'Appearances': None}, {'League': 'Premier League', 'Player': 'Erling HaalandCentre-Forward', 'Club': 'Unknown', 'Goals': None, 'Appearances': None}, {'League': 'Premier League', 'Player': 'Alexander IsakCentre-Forward', 'Club': 'Unknown', 'Goals': None, 'Appearances': None}, {'League': 'Premier League', 'Player': 'Chris WoodCentre-Forward', 'Club': 'Unknown', 'Goals': None, 'Appearances': None}, {'League': 'Premier League', 'Player': 'Cole PalmerAttacking Midfield', 'Club': 'Unknown', 'Goals': None, 'Appearances': None}]
[2025-02-03T10:00:47.666+0000] {python.py:240} INFO - Done. Returned value was: None
[2025-02-03T10:00:47.674+0000] {taskinstance.py:340} INFO - ::group::Post task execution logs
[2025-02-03T10:00:47.675+0000] {taskinstance.py:352} INFO - Marking task as SUCCESS. dag_id=store_top_scorers, task_id=fetch_top_scorers, run_id=scheduled__2025-02-02T00:00:00+00:00, execution_date=20250202T000000, start_date=20250203T100019, end_date=20250203T100047
[2025-02-03T10:00:47.687+0000] {logging_mixin.py:190} INFO - Task instance in success state
[2025-02-03T10:00:47.687+0000] {logging_mixin.py:190} INFO -  Previous state of the Task instance: running
[2025-02-03T10:00:47.688+0000] {logging_mixin.py:190} INFO - Dag name:store_top_scorers queued_at:2025-02-03 10:00:07.307440+00:00
[2025-02-03T10:00:47.689+0000] {logging_mixin.py:190} INFO - Task hostname:493c27767089 operator:PythonOperator
[2025-02-03T10:00:47.727+0000] {local_task_job_runner.py:266} INFO - Task exited with return code 0
[2025-02-03T10:00:47.753+0000] {taskinstance.py:3895} INFO - 1 downstream tasks scheduled from follow-on schedule check
[2025-02-03T10:00:47.757+0000] {local_task_job_runner.py:245} INFO - ::endgroup::
