[2025-02-03T10:14:45.112+0000] {local_task_job_runner.py:123} INFO - ::group::Pre task execution logs
[2025-02-03T10:14:45.125+0000] {taskinstance.py:2613} INFO - Dependencies all met for dep_context=non-requeueable deps ti=<TaskInstance: store_top_scorers.create_table manual__2025-02-03T10:13:59.901546+00:00 [queued]>
[2025-02-03T10:14:45.131+0000] {taskinstance.py:2613} INFO - Dependencies all met for dep_context=requeueable deps ti=<TaskInstance: store_top_scorers.create_table manual__2025-02-03T10:13:59.901546+00:00 [queued]>
[2025-02-03T10:14:45.132+0000] {taskinstance.py:2866} INFO - Starting attempt 1 of 4
[2025-02-03T10:14:45.144+0000] {taskinstance.py:2889} INFO - Executing <Task(PostgresOperator): create_table> on 2025-02-03 10:13:59.901546+00:00
[2025-02-03T10:14:45.151+0000] {warnings.py:112} WARNING - /home/***/.local/lib/python3.12/site-packages/***/task/task_runner/standard_task_runner.py:70: DeprecationWarning: This process (pid=79) is multi-threaded, use of fork() may lead to deadlocks in the child.
  pid = os.fork()

[2025-02-03T10:14:45.152+0000] {standard_task_runner.py:72} INFO - Started process 81 to run task
[2025-02-03T10:14:45.156+0000] {standard_task_runner.py:104} INFO - Running: ['***', 'tasks', 'run', 'store_top_scorers', 'create_table', 'manual__2025-02-03T10:13:59.901546+00:00', '--job-id', '14', '--raw', '--subdir', 'DAGS_FOLDER/top_scorer_dag.py', '--cfg-path', '/tmp/tmpoxfm9ka6']
[2025-02-03T10:14:45.158+0000] {standard_task_runner.py:105} INFO - Job 14: Subtask create_table
[2025-02-03T10:14:45.199+0000] {task_command.py:467} INFO - Running <TaskInstance: store_top_scorers.create_table manual__2025-02-03T10:13:59.901546+00:00 [running]> on host 56596f446f27
[2025-02-03T10:14:45.274+0000] {taskinstance.py:3132} INFO - Exporting env vars: AIRFLOW_CTX_DAG_OWNER='***' AIRFLOW_CTX_DAG_ID='store_top_scorers' AIRFLOW_CTX_TASK_ID='create_table' AIRFLOW_CTX_EXECUTION_DATE='2025-02-03T10:13:59.901546+00:00' AIRFLOW_CTX_TRY_NUMBER='1' AIRFLOW_CTX_DAG_RUN_ID='manual__2025-02-03T10:13:59.901546+00:00'
[2025-02-03T10:14:45.276+0000] {logging_mixin.py:190} INFO - Task instance is in running state
[2025-02-03T10:14:45.276+0000] {logging_mixin.py:190} INFO -  Previous state of the Task instance: queued
[2025-02-03T10:14:45.277+0000] {logging_mixin.py:190} INFO - Current task name:create_table state:running start_date:2025-02-03 10:14:45.126138+00:00
[2025-02-03T10:14:45.278+0000] {logging_mixin.py:190} INFO - Dag name:store_top_scorers and current dag run status:running
[2025-02-03T10:14:45.278+0000] {taskinstance.py:731} INFO - ::endgroup::
[2025-02-03T10:14:45.279+0000] {sql.py:278} INFO - Executing: 
    CREATE TABLE IF NOT EXISTS top_scorers (
        id SERIAL PRIMARY KEY,
        league TEXT NOT NULL,
        player TEXT NOT NULL,
        position TEXT,
        club TEXT,
        goals INTEGER,
        appearances INTEGER
    );
    
[2025-02-03T10:14:45.287+0000] {base.py:84} INFO - Retrieving connection 'football_stats'
[2025-02-03T10:14:45.293+0000] {base.py:84} INFO - Retrieving connection 'football_stats'
[2025-02-03T10:14:45.296+0000] {sql.py:553} INFO - Running statement: 
    CREATE TABLE IF NOT EXISTS top_scorers (
        id SERIAL PRIMARY KEY,
        league TEXT NOT NULL,
        player TEXT NOT NULL,
        position TEXT,
        club TEXT,
        goals INTEGER,
        appearances INTEGER
    );
    , parameters: None
[2025-02-03T10:14:45.313+0000] {taskinstance.py:340} INFO - ::group::Post task execution logs
[2025-02-03T10:14:45.314+0000] {taskinstance.py:352} INFO - Marking task as SUCCESS. dag_id=store_top_scorers, task_id=create_table, run_id=manual__2025-02-03T10:13:59.901546+00:00, execution_date=20250203T101359, start_date=20250203T101445, end_date=20250203T101445
[2025-02-03T10:14:45.322+0000] {logging_mixin.py:190} INFO - Task instance in success state
[2025-02-03T10:14:45.322+0000] {logging_mixin.py:190} INFO -  Previous state of the Task instance: running
[2025-02-03T10:14:45.323+0000] {logging_mixin.py:190} INFO - Dag name:store_top_scorers queued_at:2025-02-03 10:13:59.937019+00:00
[2025-02-03T10:14:45.324+0000] {logging_mixin.py:190} INFO - Task hostname:56596f446f27 operator:PostgresOperator
[2025-02-03T10:14:45.370+0000] {local_task_job_runner.py:266} INFO - Task exited with return code 0
[2025-02-03T10:14:45.386+0000] {taskinstance.py:3895} INFO - 1 downstream tasks scheduled from follow-on schedule check
[2025-02-03T10:14:45.388+0000] {local_task_job_runner.py:245} INFO - ::endgroup::
