[2025-02-03T10:14:08.827+0000] {local_task_job_runner.py:123} INFO - ::group::Pre task execution logs
[2025-02-03T10:14:08.850+0000] {taskinstance.py:2613} INFO - Dependencies all met for dep_context=non-requeueable deps ti=<TaskInstance: store_top_scorers.fetch_top_scorers manual__2025-02-03T10:13:59.901546+00:00 [queued]>
[2025-02-03T10:14:08.867+0000] {taskinstance.py:2613} INFO - Dependencies all met for dep_context=requeueable deps ti=<TaskInstance: store_top_scorers.fetch_top_scorers manual__2025-02-03T10:13:59.901546+00:00 [queued]>
[2025-02-03T10:14:08.868+0000] {taskinstance.py:2866} INFO - Starting attempt 1 of 4
[2025-02-03T10:14:08.897+0000] {taskinstance.py:2889} INFO - Executing <Task(PythonOperator): fetch_top_scorers> on 2025-02-03 10:13:59.901546+00:00
[2025-02-03T10:14:08.910+0000] {warnings.py:112} WARNING - /home/***/.local/lib/python3.12/site-packages/***/task/task_runner/standard_task_runner.py:70: DeprecationWarning: This process (pid=67) is multi-threaded, use of fork() may lead to deadlocks in the child.
  pid = os.fork()

[2025-02-03T10:14:08.916+0000] {standard_task_runner.py:104} INFO - Running: ['***', 'tasks', 'run', 'store_top_scorers', 'fetch_top_scorers', 'manual__2025-02-03T10:13:59.901546+00:00', '--job-id', '13', '--raw', '--subdir', 'DAGS_FOLDER/top_scorer_dag.py', '--cfg-path', '/tmp/tmp8qk_41tz']
[2025-02-03T10:14:08.921+0000] {standard_task_runner.py:105} INFO - Job 13: Subtask fetch_top_scorers
[2025-02-03T10:14:08.920+0000] {standard_task_runner.py:72} INFO - Started process 69 to run task
[2025-02-03T10:14:09.014+0000] {task_command.py:467} INFO - Running <TaskInstance: store_top_scorers.fetch_top_scorers manual__2025-02-03T10:13:59.901546+00:00 [running]> on host 56596f446f27
[2025-02-03T10:14:09.199+0000] {taskinstance.py:3132} INFO - Exporting env vars: AIRFLOW_CTX_DAG_OWNER='***' AIRFLOW_CTX_DAG_ID='store_top_scorers' AIRFLOW_CTX_TASK_ID='fetch_top_scorers' AIRFLOW_CTX_EXECUTION_DATE='2025-02-03T10:13:59.901546+00:00' AIRFLOW_CTX_TRY_NUMBER='1' AIRFLOW_CTX_DAG_RUN_ID='manual__2025-02-03T10:13:59.901546+00:00'
[2025-02-03T10:14:09.204+0000] {logging_mixin.py:190} INFO - Task instance is in running state
[2025-02-03T10:14:09.206+0000] {logging_mixin.py:190} INFO -  Previous state of the Task instance: queued
[2025-02-03T10:14:09.207+0000] {logging_mixin.py:190} INFO - Current task name:fetch_top_scorers state:running start_date:2025-02-03 10:14:08.851029+00:00
[2025-02-03T10:14:09.209+0000] {logging_mixin.py:190} INFO - Dag name:store_top_scorers and current dag run status:running
[2025-02-03T10:14:09.212+0000] {taskinstance.py:731} INFO - ::endgroup::
[2025-02-03T10:14:42.658+0000] {top_scorer_dag.py:101} INFO - Data successfully saved to /tmp/top_scorers.csv
[2025-02-03T10:14:42.661+0000] {python.py:240} INFO - Done. Returned value was: None
[2025-02-03T10:14:42.672+0000] {taskinstance.py:340} INFO - ::group::Post task execution logs
[2025-02-03T10:14:42.673+0000] {taskinstance.py:352} INFO - Marking task as SUCCESS. dag_id=store_top_scorers, task_id=fetch_top_scorers, run_id=manual__2025-02-03T10:13:59.901546+00:00, execution_date=20250203T101359, start_date=20250203T101408, end_date=20250203T101442
[2025-02-03T10:14:42.687+0000] {logging_mixin.py:190} INFO - Task instance in success state
[2025-02-03T10:14:42.687+0000] {logging_mixin.py:190} INFO -  Previous state of the Task instance: running
[2025-02-03T10:14:42.688+0000] {logging_mixin.py:190} INFO - Dag name:store_top_scorers queued_at:2025-02-03 10:13:59.937019+00:00
[2025-02-03T10:14:42.688+0000] {logging_mixin.py:190} INFO - Task hostname:56596f446f27 operator:PythonOperator
[2025-02-03T10:14:42.724+0000] {local_task_job_runner.py:266} INFO - Task exited with return code 0
[2025-02-03T10:14:42.743+0000] {taskinstance.py:3895} INFO - 1 downstream tasks scheduled from follow-on schedule check
[2025-02-03T10:14:42.746+0000] {local_task_job_runner.py:245} INFO - ::endgroup::
